[2023-04-22T13:01:45.935-0400] {logging_mixin.py:137} WARNING - /Users/admin/opt/anaconda3/envs/python-airflow-venv/lib/python3.10/site-packages/airflow/settings.py:337 DeprecationWarning: The sql_alchemy_pool_enabled option in [core] has been moved to the sql_alchemy_pool_enabled option in [database] - the old setting has been used, but please update your config.
[2023-04-22T13:01:45.942-0400] {logging_mixin.py:137} WARNING - /Users/admin/opt/anaconda3/envs/python-airflow-venv/lib/python3.10/site-packages/airflow/settings.py:400 DeprecationWarning: The sql_engine_encoding option in [core] has been moved to the sql_engine_encoding option in [database] - the old setting has been used, but please update your config.
[2023-04-22T13:01:45.943-0400] {processor.py:153} INFO - Started process (PID=2772) to work on /Users/admin/opt/anaconda3/envs/python-airflow-venv/lib/python3.10/site-packages/airflow/example_dags/example_branch_datetime_operator.py
[2023-04-22T13:01:45.943-0400] {processor.py:743} INFO - Processing file /Users/admin/opt/anaconda3/envs/python-airflow-venv/lib/python3.10/site-packages/airflow/example_dags/example_branch_datetime_operator.py for tasks to queue
[2023-04-22T13:01:45.944-0400] {logging_mixin.py:137} INFO - [2023-04-22T13:01:45.944-0400] {dagbag.py:538} INFO - Filling up the DagBag from /Users/admin/opt/anaconda3/envs/python-airflow-venv/lib/python3.10/site-packages/airflow/example_dags/example_branch_datetime_operator.py
[2023-04-22T13:01:46.000-0400] {processor.py:753} INFO - DAG(s) dict_keys(['example_branch_datetime_operator_3', 'example_branch_datetime_operator_2', 'example_branch_datetime_operator']) retrieved from /Users/admin/opt/anaconda3/envs/python-airflow-venv/lib/python3.10/site-packages/airflow/example_dags/example_branch_datetime_operator.py
[2023-04-22T13:01:46.085-0400] {logging_mixin.py:137} WARNING - /Users/admin/opt/anaconda3/envs/python-airflow-venv/lib/python3.10/site-packages/airflow/jobs/scheduler_job.py:124 DeprecationWarning: The processor_poll_interval option in [scheduler] has been renamed to scheduler_idle_sleep_time - the old setting has been used, but please update your config.
[2023-04-22T13:01:46.764-0400] {logging_mixin.py:137} INFO - [2023-04-22T13:01:46.764-0400] {dag.py:2690} INFO - Sync 3 DAGs
[2023-04-22T13:01:46.781-0400] {logging_mixin.py:137} INFO - [2023-04-22T13:01:46.780-0400] {dag.py:3437} INFO - Setting next_dagrun for example_branch_datetime_operator to 2023-04-21T00:00:00+00:00, run_after=2023-04-22T00:00:00+00:00
[2023-04-22T13:01:46.784-0400] {logging_mixin.py:137} INFO - [2023-04-22T13:01:46.784-0400] {dag.py:3437} INFO - Setting next_dagrun for example_branch_datetime_operator_2 to 2023-04-21T00:00:00+00:00, run_after=2023-04-22T00:00:00+00:00
[2023-04-22T13:01:46.786-0400] {logging_mixin.py:137} INFO - [2023-04-22T13:01:46.786-0400] {dag.py:3437} INFO - Setting next_dagrun for example_branch_datetime_operator_3 to 2023-04-21T00:00:00+00:00, run_after=2023-04-22T00:00:00+00:00
[2023-04-22T13:01:46.802-0400] {processor.py:175} INFO - Processing /Users/admin/opt/anaconda3/envs/python-airflow-venv/lib/python3.10/site-packages/airflow/example_dags/example_branch_datetime_operator.py took 0.868 seconds
[2023-04-22T13:04:36.647-0400] {logging_mixin.py:137} WARNING - /Users/admin/opt/anaconda3/envs/python-airflow-venv/lib/python3.10/site-packages/airflow/settings.py:337 DeprecationWarning: The sql_alchemy_pool_enabled option in [core] has been moved to the sql_alchemy_pool_enabled option in [database] - the old setting has been used, but please update your config.
[2023-04-22T13:04:36.652-0400] {logging_mixin.py:137} WARNING - /Users/admin/opt/anaconda3/envs/python-airflow-venv/lib/python3.10/site-packages/airflow/settings.py:400 DeprecationWarning: The sql_engine_encoding option in [core] has been moved to the sql_engine_encoding option in [database] - the old setting has been used, but please update your config.
[2023-04-22T13:04:36.653-0400] {processor.py:153} INFO - Started process (PID=3022) to work on /Users/admin/opt/anaconda3/envs/python-airflow-venv/lib/python3.10/site-packages/airflow/example_dags/example_branch_datetime_operator.py
[2023-04-22T13:04:36.653-0400] {processor.py:743} INFO - Processing file /Users/admin/opt/anaconda3/envs/python-airflow-venv/lib/python3.10/site-packages/airflow/example_dags/example_branch_datetime_operator.py for tasks to queue
[2023-04-22T13:04:36.653-0400] {logging_mixin.py:137} INFO - [2023-04-22T13:04:36.653-0400] {dagbag.py:538} INFO - Filling up the DagBag from /Users/admin/opt/anaconda3/envs/python-airflow-venv/lib/python3.10/site-packages/airflow/example_dags/example_branch_datetime_operator.py
[2023-04-22T13:04:36.700-0400] {processor.py:753} INFO - DAG(s) dict_keys(['example_branch_datetime_operator_2', 'example_branch_datetime_operator', 'example_branch_datetime_operator_3']) retrieved from /Users/admin/opt/anaconda3/envs/python-airflow-venv/lib/python3.10/site-packages/airflow/example_dags/example_branch_datetime_operator.py
[2023-04-22T13:04:36.762-0400] {logging_mixin.py:137} WARNING - /Users/admin/opt/anaconda3/envs/python-airflow-venv/lib/python3.10/site-packages/airflow/jobs/scheduler_job.py:124 DeprecationWarning: The processor_poll_interval option in [scheduler] has been renamed to scheduler_idle_sleep_time - the old setting has been used, but please update your config.
[2023-04-22T13:04:37.445-0400] {logging_mixin.py:137} INFO - [2023-04-22T13:04:37.444-0400] {dag.py:2690} INFO - Sync 3 DAGs
[2023-04-22T13:04:37.465-0400] {logging_mixin.py:137} INFO - [2023-04-22T13:04:37.465-0400] {dag.py:3437} INFO - Setting next_dagrun for example_branch_datetime_operator to 2023-04-21T00:00:00+00:00, run_after=2023-04-22T00:00:00+00:00
[2023-04-22T13:04:37.469-0400] {logging_mixin.py:137} INFO - [2023-04-22T13:04:37.469-0400] {dag.py:3437} INFO - Setting next_dagrun for example_branch_datetime_operator_2 to 2023-04-21T00:00:00+00:00, run_after=2023-04-22T00:00:00+00:00
[2023-04-22T13:04:37.472-0400] {logging_mixin.py:137} INFO - [2023-04-22T13:04:37.472-0400] {dag.py:3437} INFO - Setting next_dagrun for example_branch_datetime_operator_3 to 2023-04-21T00:00:00+00:00, run_after=2023-04-22T00:00:00+00:00
[2023-04-22T13:04:37.491-0400] {processor.py:175} INFO - Processing /Users/admin/opt/anaconda3/envs/python-airflow-venv/lib/python3.10/site-packages/airflow/example_dags/example_branch_datetime_operator.py took 0.845 seconds
[2023-04-22T13:08:51.652-0400] {logging_mixin.py:137} WARNING - /Users/admin/opt/anaconda3/envs/python-airflow-venv/lib/python3.10/site-packages/airflow/settings.py:337 DeprecationWarning: The sql_alchemy_pool_enabled option in [core] has been moved to the sql_alchemy_pool_enabled option in [database] - the old setting has been used, but please update your config.
[2023-04-22T13:08:51.658-0400] {logging_mixin.py:137} WARNING - /Users/admin/opt/anaconda3/envs/python-airflow-venv/lib/python3.10/site-packages/airflow/settings.py:400 DeprecationWarning: The sql_engine_encoding option in [core] has been moved to the sql_engine_encoding option in [database] - the old setting has been used, but please update your config.
[2023-04-22T13:08:51.658-0400] {processor.py:153} INFO - Started process (PID=3205) to work on /Users/admin/opt/anaconda3/envs/python-airflow-venv/lib/python3.10/site-packages/airflow/example_dags/example_branch_datetime_operator.py
[2023-04-22T13:08:51.658-0400] {processor.py:743} INFO - Processing file /Users/admin/opt/anaconda3/envs/python-airflow-venv/lib/python3.10/site-packages/airflow/example_dags/example_branch_datetime_operator.py for tasks to queue
[2023-04-22T13:08:51.659-0400] {logging_mixin.py:137} INFO - [2023-04-22T13:08:51.659-0400] {dagbag.py:538} INFO - Filling up the DagBag from /Users/admin/opt/anaconda3/envs/python-airflow-venv/lib/python3.10/site-packages/airflow/example_dags/example_branch_datetime_operator.py
[2023-04-22T13:08:51.718-0400] {processor.py:753} INFO - DAG(s) dict_keys(['example_branch_datetime_operator', 'example_branch_datetime_operator_2', 'example_branch_datetime_operator_3']) retrieved from /Users/admin/opt/anaconda3/envs/python-airflow-venv/lib/python3.10/site-packages/airflow/example_dags/example_branch_datetime_operator.py
[2023-04-22T13:08:51.772-0400] {logging_mixin.py:137} WARNING - /Users/admin/opt/anaconda3/envs/python-airflow-venv/lib/python3.10/site-packages/airflow/jobs/scheduler_job.py:124 DeprecationWarning: The processor_poll_interval option in [scheduler] has been renamed to scheduler_idle_sleep_time - the old setting has been used, but please update your config.
[2023-04-22T13:08:52.350-0400] {logging_mixin.py:137} INFO - [2023-04-22T13:08:52.350-0400] {dag.py:2690} INFO - Sync 3 DAGs
[2023-04-22T13:08:52.365-0400] {logging_mixin.py:137} INFO - [2023-04-22T13:08:52.365-0400] {dag.py:3437} INFO - Setting next_dagrun for example_branch_datetime_operator to 2023-04-21T00:00:00+00:00, run_after=2023-04-22T00:00:00+00:00
[2023-04-22T13:08:52.368-0400] {logging_mixin.py:137} INFO - [2023-04-22T13:08:52.368-0400] {dag.py:3437} INFO - Setting next_dagrun for example_branch_datetime_operator_2 to 2023-04-21T00:00:00+00:00, run_after=2023-04-22T00:00:00+00:00
[2023-04-22T13:08:52.370-0400] {logging_mixin.py:137} INFO - [2023-04-22T13:08:52.370-0400] {dag.py:3437} INFO - Setting next_dagrun for example_branch_datetime_operator_3 to 2023-04-21T00:00:00+00:00, run_after=2023-04-22T00:00:00+00:00
[2023-04-22T13:08:52.384-0400] {processor.py:175} INFO - Processing /Users/admin/opt/anaconda3/envs/python-airflow-venv/lib/python3.10/site-packages/airflow/example_dags/example_branch_datetime_operator.py took 0.733 seconds
[2023-04-22T13:10:53.528-0400] {logging_mixin.py:137} WARNING - /Users/admin/opt/anaconda3/envs/python-airflow-venv/lib/python3.10/site-packages/airflow/settings.py:337 DeprecationWarning: The sql_alchemy_pool_enabled option in [core] has been moved to the sql_alchemy_pool_enabled option in [database] - the old setting has been used, but please update your config.
[2023-04-22T13:10:53.534-0400] {logging_mixin.py:137} WARNING - /Users/admin/opt/anaconda3/envs/python-airflow-venv/lib/python3.10/site-packages/airflow/settings.py:400 DeprecationWarning: The sql_engine_encoding option in [core] has been moved to the sql_engine_encoding option in [database] - the old setting has been used, but please update your config.
[2023-04-22T13:10:53.534-0400] {processor.py:153} INFO - Started process (PID=3263) to work on /Users/admin/opt/anaconda3/envs/python-airflow-venv/lib/python3.10/site-packages/airflow/example_dags/example_branch_datetime_operator.py
[2023-04-22T13:10:53.535-0400] {processor.py:743} INFO - Processing file /Users/admin/opt/anaconda3/envs/python-airflow-venv/lib/python3.10/site-packages/airflow/example_dags/example_branch_datetime_operator.py for tasks to queue
[2023-04-22T13:10:53.535-0400] {logging_mixin.py:137} INFO - [2023-04-22T13:10:53.535-0400] {dagbag.py:538} INFO - Filling up the DagBag from /Users/admin/opt/anaconda3/envs/python-airflow-venv/lib/python3.10/site-packages/airflow/example_dags/example_branch_datetime_operator.py
[2023-04-22T13:10:53.586-0400] {processor.py:753} INFO - DAG(s) dict_keys(['example_branch_datetime_operator', 'example_branch_datetime_operator_3', 'example_branch_datetime_operator_2']) retrieved from /Users/admin/opt/anaconda3/envs/python-airflow-venv/lib/python3.10/site-packages/airflow/example_dags/example_branch_datetime_operator.py
[2023-04-22T13:10:53.644-0400] {logging_mixin.py:137} WARNING - /Users/admin/opt/anaconda3/envs/python-airflow-venv/lib/python3.10/site-packages/airflow/jobs/scheduler_job.py:124 DeprecationWarning: The processor_poll_interval option in [scheduler] has been renamed to scheduler_idle_sleep_time - the old setting has been used, but please update your config.
[2023-04-22T13:10:54.290-0400] {logging_mixin.py:137} INFO - [2023-04-22T13:10:54.290-0400] {dag.py:2690} INFO - Sync 3 DAGs
[2023-04-22T13:10:54.312-0400] {logging_mixin.py:137} INFO - [2023-04-22T13:10:54.312-0400] {dag.py:3437} INFO - Setting next_dagrun for example_branch_datetime_operator to 2023-04-21T00:00:00+00:00, run_after=2023-04-22T00:00:00+00:00
[2023-04-22T13:10:54.316-0400] {logging_mixin.py:137} INFO - [2023-04-22T13:10:54.315-0400] {dag.py:3437} INFO - Setting next_dagrun for example_branch_datetime_operator_2 to 2023-04-21T00:00:00+00:00, run_after=2023-04-22T00:00:00+00:00
[2023-04-22T13:10:54.319-0400] {logging_mixin.py:137} INFO - [2023-04-22T13:10:54.319-0400] {dag.py:3437} INFO - Setting next_dagrun for example_branch_datetime_operator_3 to 2023-04-21T00:00:00+00:00, run_after=2023-04-22T00:00:00+00:00
[2023-04-22T13:10:54.335-0400] {processor.py:175} INFO - Processing /Users/admin/opt/anaconda3/envs/python-airflow-venv/lib/python3.10/site-packages/airflow/example_dags/example_branch_datetime_operator.py took 0.808 seconds
[2023-04-22T13:12:50.338-0400] {logging_mixin.py:137} WARNING - /Users/admin/opt/anaconda3/envs/python-airflow-venv/lib/python3.10/site-packages/airflow/settings.py:337 DeprecationWarning: The sql_alchemy_pool_enabled option in [core] has been moved to the sql_alchemy_pool_enabled option in [database] - the old setting has been used, but please update your config.
[2023-04-22T13:12:50.342-0400] {logging_mixin.py:137} WARNING - /Users/admin/opt/anaconda3/envs/python-airflow-venv/lib/python3.10/site-packages/airflow/settings.py:400 DeprecationWarning: The sql_engine_encoding option in [core] has been moved to the sql_engine_encoding option in [database] - the old setting has been used, but please update your config.
[2023-04-22T13:12:50.343-0400] {processor.py:153} INFO - Started process (PID=3317) to work on /Users/admin/opt/anaconda3/envs/python-airflow-venv/lib/python3.10/site-packages/airflow/example_dags/example_branch_datetime_operator.py
[2023-04-22T13:12:50.343-0400] {processor.py:743} INFO - Processing file /Users/admin/opt/anaconda3/envs/python-airflow-venv/lib/python3.10/site-packages/airflow/example_dags/example_branch_datetime_operator.py for tasks to queue
[2023-04-22T13:12:50.343-0400] {logging_mixin.py:137} INFO - [2023-04-22T13:12:50.343-0400] {dagbag.py:538} INFO - Filling up the DagBag from /Users/admin/opt/anaconda3/envs/python-airflow-venv/lib/python3.10/site-packages/airflow/example_dags/example_branch_datetime_operator.py
[2023-04-22T13:12:50.394-0400] {processor.py:753} INFO - DAG(s) dict_keys(['example_branch_datetime_operator_2', 'example_branch_datetime_operator_3', 'example_branch_datetime_operator']) retrieved from /Users/admin/opt/anaconda3/envs/python-airflow-venv/lib/python3.10/site-packages/airflow/example_dags/example_branch_datetime_operator.py
[2023-04-22T13:12:50.447-0400] {logging_mixin.py:137} WARNING - /Users/admin/opt/anaconda3/envs/python-airflow-venv/lib/python3.10/site-packages/airflow/jobs/scheduler_job.py:124 DeprecationWarning: The processor_poll_interval option in [scheduler] has been renamed to scheduler_idle_sleep_time - the old setting has been used, but please update your config.
[2023-04-22T13:12:51.018-0400] {logging_mixin.py:137} INFO - [2023-04-22T13:12:51.018-0400] {dag.py:2690} INFO - Sync 3 DAGs
[2023-04-22T13:12:51.033-0400] {logging_mixin.py:137} INFO - [2023-04-22T13:12:51.033-0400] {dag.py:3437} INFO - Setting next_dagrun for example_branch_datetime_operator to 2023-04-21T00:00:00+00:00, run_after=2023-04-22T00:00:00+00:00
[2023-04-22T13:12:51.037-0400] {logging_mixin.py:137} INFO - [2023-04-22T13:12:51.036-0400] {dag.py:3437} INFO - Setting next_dagrun for example_branch_datetime_operator_2 to 2023-04-21T00:00:00+00:00, run_after=2023-04-22T00:00:00+00:00
[2023-04-22T13:12:51.038-0400] {logging_mixin.py:137} INFO - [2023-04-22T13:12:51.038-0400] {dag.py:3437} INFO - Setting next_dagrun for example_branch_datetime_operator_3 to 2023-04-21T00:00:00+00:00, run_after=2023-04-22T00:00:00+00:00
[2023-04-22T13:12:51.054-0400] {processor.py:175} INFO - Processing /Users/admin/opt/anaconda3/envs/python-airflow-venv/lib/python3.10/site-packages/airflow/example_dags/example_branch_datetime_operator.py took 0.717 seconds
[2023-04-22T13:14:47.030-0400] {logging_mixin.py:137} WARNING - /Users/admin/opt/anaconda3/envs/python-airflow-venv/lib/python3.10/site-packages/airflow/settings.py:337 DeprecationWarning: The sql_alchemy_pool_enabled option in [core] has been moved to the sql_alchemy_pool_enabled option in [database] - the old setting has been used, but please update your config.
[2023-04-22T13:14:47.034-0400] {logging_mixin.py:137} WARNING - /Users/admin/opt/anaconda3/envs/python-airflow-venv/lib/python3.10/site-packages/airflow/settings.py:400 DeprecationWarning: The sql_engine_encoding option in [core] has been moved to the sql_engine_encoding option in [database] - the old setting has been used, but please update your config.
[2023-04-22T13:14:47.035-0400] {processor.py:153} INFO - Started process (PID=3372) to work on /Users/admin/opt/anaconda3/envs/python-airflow-venv/lib/python3.10/site-packages/airflow/example_dags/example_branch_datetime_operator.py
[2023-04-22T13:14:47.035-0400] {processor.py:743} INFO - Processing file /Users/admin/opt/anaconda3/envs/python-airflow-venv/lib/python3.10/site-packages/airflow/example_dags/example_branch_datetime_operator.py for tasks to queue
[2023-04-22T13:14:47.035-0400] {logging_mixin.py:137} INFO - [2023-04-22T13:14:47.035-0400] {dagbag.py:538} INFO - Filling up the DagBag from /Users/admin/opt/anaconda3/envs/python-airflow-venv/lib/python3.10/site-packages/airflow/example_dags/example_branch_datetime_operator.py
[2023-04-22T13:14:47.086-0400] {processor.py:753} INFO - DAG(s) dict_keys(['example_branch_datetime_operator_3', 'example_branch_datetime_operator_2', 'example_branch_datetime_operator']) retrieved from /Users/admin/opt/anaconda3/envs/python-airflow-venv/lib/python3.10/site-packages/airflow/example_dags/example_branch_datetime_operator.py
[2023-04-22T13:14:47.140-0400] {logging_mixin.py:137} WARNING - /Users/admin/opt/anaconda3/envs/python-airflow-venv/lib/python3.10/site-packages/airflow/jobs/scheduler_job.py:124 DeprecationWarning: The processor_poll_interval option in [scheduler] has been renamed to scheduler_idle_sleep_time - the old setting has been used, but please update your config.
[2023-04-22T13:14:47.716-0400] {logging_mixin.py:137} INFO - [2023-04-22T13:14:47.716-0400] {dag.py:2690} INFO - Sync 3 DAGs
[2023-04-22T13:14:47.731-0400] {logging_mixin.py:137} INFO - [2023-04-22T13:14:47.731-0400] {dag.py:3437} INFO - Setting next_dagrun for example_branch_datetime_operator to 2023-04-21T00:00:00+00:00, run_after=2023-04-22T00:00:00+00:00
[2023-04-22T13:14:47.735-0400] {logging_mixin.py:137} INFO - [2023-04-22T13:14:47.735-0400] {dag.py:3437} INFO - Setting next_dagrun for example_branch_datetime_operator_2 to 2023-04-21T00:00:00+00:00, run_after=2023-04-22T00:00:00+00:00
[2023-04-22T13:14:47.737-0400] {logging_mixin.py:137} INFO - [2023-04-22T13:14:47.737-0400] {dag.py:3437} INFO - Setting next_dagrun for example_branch_datetime_operator_3 to 2023-04-21T00:00:00+00:00, run_after=2023-04-22T00:00:00+00:00
[2023-04-22T13:14:47.757-0400] {processor.py:175} INFO - Processing /Users/admin/opt/anaconda3/envs/python-airflow-venv/lib/python3.10/site-packages/airflow/example_dags/example_branch_datetime_operator.py took 0.728 seconds
[2023-04-22T13:16:43.859-0400] {logging_mixin.py:137} WARNING - /Users/admin/opt/anaconda3/envs/python-airflow-venv/lib/python3.10/site-packages/airflow/settings.py:337 DeprecationWarning: The sql_alchemy_pool_enabled option in [core] has been moved to the sql_alchemy_pool_enabled option in [database] - the old setting has been used, but please update your config.
[2023-04-22T13:16:43.867-0400] {logging_mixin.py:137} WARNING - /Users/admin/opt/anaconda3/envs/python-airflow-venv/lib/python3.10/site-packages/airflow/settings.py:400 DeprecationWarning: The sql_engine_encoding option in [core] has been moved to the sql_engine_encoding option in [database] - the old setting has been used, but please update your config.
[2023-04-22T13:16:43.867-0400] {processor.py:153} INFO - Started process (PID=3426) to work on /Users/admin/opt/anaconda3/envs/python-airflow-venv/lib/python3.10/site-packages/airflow/example_dags/example_branch_datetime_operator.py
[2023-04-22T13:16:43.868-0400] {processor.py:743} INFO - Processing file /Users/admin/opt/anaconda3/envs/python-airflow-venv/lib/python3.10/site-packages/airflow/example_dags/example_branch_datetime_operator.py for tasks to queue
[2023-04-22T13:16:43.868-0400] {logging_mixin.py:137} INFO - [2023-04-22T13:16:43.868-0400] {dagbag.py:538} INFO - Filling up the DagBag from /Users/admin/opt/anaconda3/envs/python-airflow-venv/lib/python3.10/site-packages/airflow/example_dags/example_branch_datetime_operator.py
[2023-04-22T13:16:43.920-0400] {processor.py:753} INFO - DAG(s) dict_keys(['example_branch_datetime_operator', 'example_branch_datetime_operator_3', 'example_branch_datetime_operator_2']) retrieved from /Users/admin/opt/anaconda3/envs/python-airflow-venv/lib/python3.10/site-packages/airflow/example_dags/example_branch_datetime_operator.py
[2023-04-22T13:16:43.974-0400] {logging_mixin.py:137} WARNING - /Users/admin/opt/anaconda3/envs/python-airflow-venv/lib/python3.10/site-packages/airflow/jobs/scheduler_job.py:124 DeprecationWarning: The processor_poll_interval option in [scheduler] has been renamed to scheduler_idle_sleep_time - the old setting has been used, but please update your config.
[2023-04-22T13:16:44.549-0400] {logging_mixin.py:137} INFO - [2023-04-22T13:16:44.549-0400] {dag.py:2690} INFO - Sync 3 DAGs
[2023-04-22T13:16:44.564-0400] {logging_mixin.py:137} INFO - [2023-04-22T13:16:44.564-0400] {dag.py:3437} INFO - Setting next_dagrun for example_branch_datetime_operator to 2023-04-21T00:00:00+00:00, run_after=2023-04-22T00:00:00+00:00
[2023-04-22T13:16:44.567-0400] {logging_mixin.py:137} INFO - [2023-04-22T13:16:44.567-0400] {dag.py:3437} INFO - Setting next_dagrun for example_branch_datetime_operator_2 to 2023-04-21T00:00:00+00:00, run_after=2023-04-22T00:00:00+00:00
[2023-04-22T13:16:44.569-0400] {logging_mixin.py:137} INFO - [2023-04-22T13:16:44.569-0400] {dag.py:3437} INFO - Setting next_dagrun for example_branch_datetime_operator_3 to 2023-04-21T00:00:00+00:00, run_after=2023-04-22T00:00:00+00:00
[2023-04-22T13:16:44.585-0400] {processor.py:175} INFO - Processing /Users/admin/opt/anaconda3/envs/python-airflow-venv/lib/python3.10/site-packages/airflow/example_dags/example_branch_datetime_operator.py took 0.727 seconds
[2023-04-22T13:18:40.646-0400] {logging_mixin.py:137} WARNING - /Users/admin/opt/anaconda3/envs/python-airflow-venv/lib/python3.10/site-packages/airflow/settings.py:337 DeprecationWarning: The sql_alchemy_pool_enabled option in [core] has been moved to the sql_alchemy_pool_enabled option in [database] - the old setting has been used, but please update your config.
[2023-04-22T13:18:40.650-0400] {logging_mixin.py:137} WARNING - /Users/admin/opt/anaconda3/envs/python-airflow-venv/lib/python3.10/site-packages/airflow/settings.py:400 DeprecationWarning: The sql_engine_encoding option in [core] has been moved to the sql_engine_encoding option in [database] - the old setting has been used, but please update your config.
[2023-04-22T13:18:40.651-0400] {processor.py:153} INFO - Started process (PID=3478) to work on /Users/admin/opt/anaconda3/envs/python-airflow-venv/lib/python3.10/site-packages/airflow/example_dags/example_branch_datetime_operator.py
[2023-04-22T13:18:40.651-0400] {processor.py:743} INFO - Processing file /Users/admin/opt/anaconda3/envs/python-airflow-venv/lib/python3.10/site-packages/airflow/example_dags/example_branch_datetime_operator.py for tasks to queue
[2023-04-22T13:18:40.651-0400] {logging_mixin.py:137} INFO - [2023-04-22T13:18:40.651-0400] {dagbag.py:538} INFO - Filling up the DagBag from /Users/admin/opt/anaconda3/envs/python-airflow-venv/lib/python3.10/site-packages/airflow/example_dags/example_branch_datetime_operator.py
[2023-04-22T13:18:40.706-0400] {processor.py:753} INFO - DAG(s) dict_keys(['example_branch_datetime_operator_3', 'example_branch_datetime_operator_2', 'example_branch_datetime_operator']) retrieved from /Users/admin/opt/anaconda3/envs/python-airflow-venv/lib/python3.10/site-packages/airflow/example_dags/example_branch_datetime_operator.py
[2023-04-22T13:18:40.760-0400] {logging_mixin.py:137} WARNING - /Users/admin/opt/anaconda3/envs/python-airflow-venv/lib/python3.10/site-packages/airflow/jobs/scheduler_job.py:124 DeprecationWarning: The processor_poll_interval option in [scheduler] has been renamed to scheduler_idle_sleep_time - the old setting has been used, but please update your config.
[2023-04-22T13:18:41.437-0400] {logging_mixin.py:137} INFO - [2023-04-22T13:18:41.437-0400] {dag.py:2690} INFO - Sync 3 DAGs
[2023-04-22T13:18:41.455-0400] {logging_mixin.py:137} INFO - [2023-04-22T13:18:41.455-0400] {dag.py:3437} INFO - Setting next_dagrun for example_branch_datetime_operator to 2023-04-21T00:00:00+00:00, run_after=2023-04-22T00:00:00+00:00
[2023-04-22T13:18:41.459-0400] {logging_mixin.py:137} INFO - [2023-04-22T13:18:41.459-0400] {dag.py:3437} INFO - Setting next_dagrun for example_branch_datetime_operator_2 to 2023-04-21T00:00:00+00:00, run_after=2023-04-22T00:00:00+00:00
[2023-04-22T13:18:41.461-0400] {logging_mixin.py:137} INFO - [2023-04-22T13:18:41.461-0400] {dag.py:3437} INFO - Setting next_dagrun for example_branch_datetime_operator_3 to 2023-04-21T00:00:00+00:00, run_after=2023-04-22T00:00:00+00:00
[2023-04-22T13:18:41.478-0400] {processor.py:175} INFO - Processing /Users/admin/opt/anaconda3/envs/python-airflow-venv/lib/python3.10/site-packages/airflow/example_dags/example_branch_datetime_operator.py took 0.833 seconds
[2023-04-22T13:20:37.485-0400] {logging_mixin.py:137} WARNING - /Users/admin/opt/anaconda3/envs/python-airflow-venv/lib/python3.10/site-packages/airflow/settings.py:337 DeprecationWarning: The sql_alchemy_pool_enabled option in [core] has been moved to the sql_alchemy_pool_enabled option in [database] - the old setting has been used, but please update your config.
[2023-04-22T13:20:37.489-0400] {logging_mixin.py:137} WARNING - /Users/admin/opt/anaconda3/envs/python-airflow-venv/lib/python3.10/site-packages/airflow/settings.py:400 DeprecationWarning: The sql_engine_encoding option in [core] has been moved to the sql_engine_encoding option in [database] - the old setting has been used, but please update your config.
[2023-04-22T13:20:37.490-0400] {processor.py:153} INFO - Started process (PID=3534) to work on /Users/admin/opt/anaconda3/envs/python-airflow-venv/lib/python3.10/site-packages/airflow/example_dags/example_branch_datetime_operator.py
[2023-04-22T13:20:37.490-0400] {processor.py:743} INFO - Processing file /Users/admin/opt/anaconda3/envs/python-airflow-venv/lib/python3.10/site-packages/airflow/example_dags/example_branch_datetime_operator.py for tasks to queue
[2023-04-22T13:20:37.490-0400] {logging_mixin.py:137} INFO - [2023-04-22T13:20:37.490-0400] {dagbag.py:538} INFO - Filling up the DagBag from /Users/admin/opt/anaconda3/envs/python-airflow-venv/lib/python3.10/site-packages/airflow/example_dags/example_branch_datetime_operator.py
[2023-04-22T13:20:37.540-0400] {processor.py:753} INFO - DAG(s) dict_keys(['example_branch_datetime_operator_2', 'example_branch_datetime_operator_3', 'example_branch_datetime_operator']) retrieved from /Users/admin/opt/anaconda3/envs/python-airflow-venv/lib/python3.10/site-packages/airflow/example_dags/example_branch_datetime_operator.py
[2023-04-22T13:20:37.594-0400] {logging_mixin.py:137} WARNING - /Users/admin/opt/anaconda3/envs/python-airflow-venv/lib/python3.10/site-packages/airflow/jobs/scheduler_job.py:124 DeprecationWarning: The processor_poll_interval option in [scheduler] has been renamed to scheduler_idle_sleep_time - the old setting has been used, but please update your config.
[2023-04-22T13:20:38.171-0400] {logging_mixin.py:137} INFO - [2023-04-22T13:20:38.171-0400] {dag.py:2690} INFO - Sync 3 DAGs
[2023-04-22T13:20:38.188-0400] {logging_mixin.py:137} INFO - [2023-04-22T13:20:38.188-0400] {dag.py:3437} INFO - Setting next_dagrun for example_branch_datetime_operator to 2023-04-21T00:00:00+00:00, run_after=2023-04-22T00:00:00+00:00
[2023-04-22T13:20:38.192-0400] {logging_mixin.py:137} INFO - [2023-04-22T13:20:38.192-0400] {dag.py:3437} INFO - Setting next_dagrun for example_branch_datetime_operator_2 to 2023-04-21T00:00:00+00:00, run_after=2023-04-22T00:00:00+00:00
[2023-04-22T13:20:38.194-0400] {logging_mixin.py:137} INFO - [2023-04-22T13:20:38.194-0400] {dag.py:3437} INFO - Setting next_dagrun for example_branch_datetime_operator_3 to 2023-04-21T00:00:00+00:00, run_after=2023-04-22T00:00:00+00:00
[2023-04-22T13:20:38.212-0400] {processor.py:175} INFO - Processing /Users/admin/opt/anaconda3/envs/python-airflow-venv/lib/python3.10/site-packages/airflow/example_dags/example_branch_datetime_operator.py took 0.728 seconds
[2023-04-22T13:22:34.061-0400] {logging_mixin.py:137} WARNING - /Users/admin/opt/anaconda3/envs/python-airflow-venv/lib/python3.10/site-packages/airflow/settings.py:337 DeprecationWarning: The sql_alchemy_pool_enabled option in [core] has been moved to the sql_alchemy_pool_enabled option in [database] - the old setting has been used, but please update your config.
[2023-04-22T13:22:34.065-0400] {logging_mixin.py:137} WARNING - /Users/admin/opt/anaconda3/envs/python-airflow-venv/lib/python3.10/site-packages/airflow/settings.py:400 DeprecationWarning: The sql_engine_encoding option in [core] has been moved to the sql_engine_encoding option in [database] - the old setting has been used, but please update your config.
[2023-04-22T13:22:34.066-0400] {processor.py:153} INFO - Started process (PID=3588) to work on /Users/admin/opt/anaconda3/envs/python-airflow-venv/lib/python3.10/site-packages/airflow/example_dags/example_branch_datetime_operator.py
[2023-04-22T13:22:34.066-0400] {processor.py:743} INFO - Processing file /Users/admin/opt/anaconda3/envs/python-airflow-venv/lib/python3.10/site-packages/airflow/example_dags/example_branch_datetime_operator.py for tasks to queue
[2023-04-22T13:22:34.066-0400] {logging_mixin.py:137} INFO - [2023-04-22T13:22:34.066-0400] {dagbag.py:538} INFO - Filling up the DagBag from /Users/admin/opt/anaconda3/envs/python-airflow-venv/lib/python3.10/site-packages/airflow/example_dags/example_branch_datetime_operator.py
[2023-04-22T13:22:34.117-0400] {processor.py:753} INFO - DAG(s) dict_keys(['example_branch_datetime_operator', 'example_branch_datetime_operator_2', 'example_branch_datetime_operator_3']) retrieved from /Users/admin/opt/anaconda3/envs/python-airflow-venv/lib/python3.10/site-packages/airflow/example_dags/example_branch_datetime_operator.py
[2023-04-22T13:22:34.170-0400] {logging_mixin.py:137} WARNING - /Users/admin/opt/anaconda3/envs/python-airflow-venv/lib/python3.10/site-packages/airflow/jobs/scheduler_job.py:124 DeprecationWarning: The processor_poll_interval option in [scheduler] has been renamed to scheduler_idle_sleep_time - the old setting has been used, but please update your config.
[2023-04-22T13:22:34.743-0400] {logging_mixin.py:137} INFO - [2023-04-22T13:22:34.743-0400] {dag.py:2690} INFO - Sync 3 DAGs
[2023-04-22T13:22:34.759-0400] {logging_mixin.py:137} INFO - [2023-04-22T13:22:34.758-0400] {dag.py:3437} INFO - Setting next_dagrun for example_branch_datetime_operator to 2023-04-21T00:00:00+00:00, run_after=2023-04-22T00:00:00+00:00
[2023-04-22T13:22:34.762-0400] {logging_mixin.py:137} INFO - [2023-04-22T13:22:34.762-0400] {dag.py:3437} INFO - Setting next_dagrun for example_branch_datetime_operator_2 to 2023-04-21T00:00:00+00:00, run_after=2023-04-22T00:00:00+00:00
[2023-04-22T13:22:34.764-0400] {logging_mixin.py:137} INFO - [2023-04-22T13:22:34.764-0400] {dag.py:3437} INFO - Setting next_dagrun for example_branch_datetime_operator_3 to 2023-04-21T00:00:00+00:00, run_after=2023-04-22T00:00:00+00:00
[2023-04-22T13:22:34.779-0400] {processor.py:175} INFO - Processing /Users/admin/opt/anaconda3/envs/python-airflow-venv/lib/python3.10/site-packages/airflow/example_dags/example_branch_datetime_operator.py took 0.719 seconds
[2023-04-22T13:24:30.896-0400] {logging_mixin.py:137} WARNING - /Users/admin/opt/anaconda3/envs/python-airflow-venv/lib/python3.10/site-packages/airflow/settings.py:337 DeprecationWarning: The sql_alchemy_pool_enabled option in [core] has been moved to the sql_alchemy_pool_enabled option in [database] - the old setting has been used, but please update your config.
[2023-04-22T13:24:30.901-0400] {logging_mixin.py:137} WARNING - /Users/admin/opt/anaconda3/envs/python-airflow-venv/lib/python3.10/site-packages/airflow/settings.py:400 DeprecationWarning: The sql_engine_encoding option in [core] has been moved to the sql_engine_encoding option in [database] - the old setting has been used, but please update your config.
[2023-04-22T13:24:30.901-0400] {processor.py:153} INFO - Started process (PID=3641) to work on /Users/admin/opt/anaconda3/envs/python-airflow-venv/lib/python3.10/site-packages/airflow/example_dags/example_branch_datetime_operator.py
[2023-04-22T13:24:30.902-0400] {processor.py:743} INFO - Processing file /Users/admin/opt/anaconda3/envs/python-airflow-venv/lib/python3.10/site-packages/airflow/example_dags/example_branch_datetime_operator.py for tasks to queue
[2023-04-22T13:24:30.902-0400] {logging_mixin.py:137} INFO - [2023-04-22T13:24:30.902-0400] {dagbag.py:538} INFO - Filling up the DagBag from /Users/admin/opt/anaconda3/envs/python-airflow-venv/lib/python3.10/site-packages/airflow/example_dags/example_branch_datetime_operator.py
[2023-04-22T13:24:30.956-0400] {processor.py:753} INFO - DAG(s) dict_keys(['example_branch_datetime_operator', 'example_branch_datetime_operator_2', 'example_branch_datetime_operator_3']) retrieved from /Users/admin/opt/anaconda3/envs/python-airflow-venv/lib/python3.10/site-packages/airflow/example_dags/example_branch_datetime_operator.py
[2023-04-22T13:24:31.010-0400] {logging_mixin.py:137} WARNING - /Users/admin/opt/anaconda3/envs/python-airflow-venv/lib/python3.10/site-packages/airflow/jobs/scheduler_job.py:124 DeprecationWarning: The processor_poll_interval option in [scheduler] has been renamed to scheduler_idle_sleep_time - the old setting has been used, but please update your config.
[2023-04-22T13:24:31.584-0400] {logging_mixin.py:137} INFO - [2023-04-22T13:24:31.584-0400] {dag.py:2690} INFO - Sync 3 DAGs
[2023-04-22T13:24:31.599-0400] {logging_mixin.py:137} INFO - [2023-04-22T13:24:31.599-0400] {dag.py:3437} INFO - Setting next_dagrun for example_branch_datetime_operator to 2023-04-21T00:00:00+00:00, run_after=2023-04-22T00:00:00+00:00
[2023-04-22T13:24:31.603-0400] {logging_mixin.py:137} INFO - [2023-04-22T13:24:31.602-0400] {dag.py:3437} INFO - Setting next_dagrun for example_branch_datetime_operator_2 to 2023-04-21T00:00:00+00:00, run_after=2023-04-22T00:00:00+00:00
[2023-04-22T13:24:31.604-0400] {logging_mixin.py:137} INFO - [2023-04-22T13:24:31.604-0400] {dag.py:3437} INFO - Setting next_dagrun for example_branch_datetime_operator_3 to 2023-04-21T00:00:00+00:00, run_after=2023-04-22T00:00:00+00:00
[2023-04-22T13:24:31.623-0400] {processor.py:175} INFO - Processing /Users/admin/opt/anaconda3/envs/python-airflow-venv/lib/python3.10/site-packages/airflow/example_dags/example_branch_datetime_operator.py took 0.728 seconds
[2023-04-22T13:26:28.455-0400] {logging_mixin.py:137} WARNING - /Users/admin/opt/anaconda3/envs/python-airflow-venv/lib/python3.10/site-packages/airflow/settings.py:337 DeprecationWarning: The sql_alchemy_pool_enabled option in [core] has been moved to the sql_alchemy_pool_enabled option in [database] - the old setting has been used, but please update your config.
[2023-04-22T13:26:28.460-0400] {logging_mixin.py:137} WARNING - /Users/admin/opt/anaconda3/envs/python-airflow-venv/lib/python3.10/site-packages/airflow/settings.py:400 DeprecationWarning: The sql_engine_encoding option in [core] has been moved to the sql_engine_encoding option in [database] - the old setting has been used, but please update your config.
[2023-04-22T13:26:28.460-0400] {processor.py:153} INFO - Started process (PID=3697) to work on /Users/admin/opt/anaconda3/envs/python-airflow-venv/lib/python3.10/site-packages/airflow/example_dags/example_branch_datetime_operator.py
[2023-04-22T13:26:28.460-0400] {processor.py:743} INFO - Processing file /Users/admin/opt/anaconda3/envs/python-airflow-venv/lib/python3.10/site-packages/airflow/example_dags/example_branch_datetime_operator.py for tasks to queue
[2023-04-22T13:26:28.461-0400] {logging_mixin.py:137} INFO - [2023-04-22T13:26:28.461-0400] {dagbag.py:538} INFO - Filling up the DagBag from /Users/admin/opt/anaconda3/envs/python-airflow-venv/lib/python3.10/site-packages/airflow/example_dags/example_branch_datetime_operator.py
[2023-04-22T13:26:28.523-0400] {processor.py:753} INFO - DAG(s) dict_keys(['example_branch_datetime_operator_3', 'example_branch_datetime_operator', 'example_branch_datetime_operator_2']) retrieved from /Users/admin/opt/anaconda3/envs/python-airflow-venv/lib/python3.10/site-packages/airflow/example_dags/example_branch_datetime_operator.py
[2023-04-22T13:26:28.577-0400] {logging_mixin.py:137} WARNING - /Users/admin/opt/anaconda3/envs/python-airflow-venv/lib/python3.10/site-packages/airflow/jobs/scheduler_job.py:124 DeprecationWarning: The processor_poll_interval option in [scheduler] has been renamed to scheduler_idle_sleep_time - the old setting has been used, but please update your config.
[2023-04-22T13:26:29.228-0400] {logging_mixin.py:137} INFO - [2023-04-22T13:26:29.228-0400] {dag.py:2690} INFO - Sync 3 DAGs
[2023-04-22T13:26:29.243-0400] {logging_mixin.py:137} INFO - [2023-04-22T13:26:29.243-0400] {dag.py:3437} INFO - Setting next_dagrun for example_branch_datetime_operator to 2023-04-21T00:00:00+00:00, run_after=2023-04-22T00:00:00+00:00
[2023-04-22T13:26:29.247-0400] {logging_mixin.py:137} INFO - [2023-04-22T13:26:29.247-0400] {dag.py:3437} INFO - Setting next_dagrun for example_branch_datetime_operator_2 to 2023-04-21T00:00:00+00:00, run_after=2023-04-22T00:00:00+00:00
[2023-04-22T13:26:29.249-0400] {logging_mixin.py:137} INFO - [2023-04-22T13:26:29.248-0400] {dag.py:3437} INFO - Setting next_dagrun for example_branch_datetime_operator_3 to 2023-04-21T00:00:00+00:00, run_after=2023-04-22T00:00:00+00:00
[2023-04-22T13:26:29.263-0400] {processor.py:175} INFO - Processing /Users/admin/opt/anaconda3/envs/python-airflow-venv/lib/python3.10/site-packages/airflow/example_dags/example_branch_datetime_operator.py took 0.809 seconds
[2023-04-22T14:29:06.972-0400] {logging_mixin.py:137} WARNING - /Users/admin/opt/anaconda3/envs/python-airflow-venv/lib/python3.10/site-packages/airflow/settings.py:337 DeprecationWarning: The sql_alchemy_pool_enabled option in [core] has been moved to the sql_alchemy_pool_enabled option in [database] - the old setting has been used, but please update your config.
[2023-04-22T14:29:06.976-0400] {logging_mixin.py:137} WARNING - /Users/admin/opt/anaconda3/envs/python-airflow-venv/lib/python3.10/site-packages/airflow/settings.py:400 DeprecationWarning: The sql_engine_encoding option in [core] has been moved to the sql_engine_encoding option in [database] - the old setting has been used, but please update your config.
[2023-04-22T14:29:06.977-0400] {processor.py:153} INFO - Started process (PID=3784) to work on /Users/admin/opt/anaconda3/envs/python-airflow-venv/lib/python3.10/site-packages/airflow/example_dags/example_branch_datetime_operator.py
[2023-04-22T14:29:06.977-0400] {processor.py:743} INFO - Processing file /Users/admin/opt/anaconda3/envs/python-airflow-venv/lib/python3.10/site-packages/airflow/example_dags/example_branch_datetime_operator.py for tasks to queue
[2023-04-22T14:29:06.977-0400] {logging_mixin.py:137} INFO - [2023-04-22T14:29:06.977-0400] {dagbag.py:538} INFO - Filling up the DagBag from /Users/admin/opt/anaconda3/envs/python-airflow-venv/lib/python3.10/site-packages/airflow/example_dags/example_branch_datetime_operator.py
[2023-04-22T14:29:07.028-0400] {processor.py:753} INFO - DAG(s) dict_keys(['example_branch_datetime_operator', 'example_branch_datetime_operator_3', 'example_branch_datetime_operator_2']) retrieved from /Users/admin/opt/anaconda3/envs/python-airflow-venv/lib/python3.10/site-packages/airflow/example_dags/example_branch_datetime_operator.py
[2023-04-22T14:29:07.081-0400] {logging_mixin.py:137} WARNING - /Users/admin/opt/anaconda3/envs/python-airflow-venv/lib/python3.10/site-packages/airflow/jobs/scheduler_job.py:124 DeprecationWarning: The processor_poll_interval option in [scheduler] has been renamed to scheduler_idle_sleep_time - the old setting has been used, but please update your config.
[2023-04-22T14:29:07.654-0400] {logging_mixin.py:137} INFO - [2023-04-22T14:29:07.654-0400] {dag.py:2690} INFO - Sync 3 DAGs
[2023-04-22T14:29:07.669-0400] {logging_mixin.py:137} INFO - [2023-04-22T14:29:07.669-0400] {dag.py:3437} INFO - Setting next_dagrun for example_branch_datetime_operator to 2023-04-21T00:00:00+00:00, run_after=2023-04-22T00:00:00+00:00
[2023-04-22T14:29:07.673-0400] {logging_mixin.py:137} INFO - [2023-04-22T14:29:07.672-0400] {dag.py:3437} INFO - Setting next_dagrun for example_branch_datetime_operator_2 to 2023-04-21T00:00:00+00:00, run_after=2023-04-22T00:00:00+00:00
[2023-04-22T14:29:07.674-0400] {logging_mixin.py:137} INFO - [2023-04-22T14:29:07.674-0400] {dag.py:3437} INFO - Setting next_dagrun for example_branch_datetime_operator_3 to 2023-04-21T00:00:00+00:00, run_after=2023-04-22T00:00:00+00:00
[2023-04-22T14:29:07.694-0400] {processor.py:175} INFO - Processing /Users/admin/opt/anaconda3/envs/python-airflow-venv/lib/python3.10/site-packages/airflow/example_dags/example_branch_datetime_operator.py took 0.723 seconds
[2023-04-22T14:31:03.345-0400] {logging_mixin.py:137} WARNING - /Users/admin/opt/anaconda3/envs/python-airflow-venv/lib/python3.10/site-packages/airflow/settings.py:337 DeprecationWarning: The sql_alchemy_pool_enabled option in [core] has been moved to the sql_alchemy_pool_enabled option in [database] - the old setting has been used, but please update your config.
[2023-04-22T14:31:03.349-0400] {logging_mixin.py:137} WARNING - /Users/admin/opt/anaconda3/envs/python-airflow-venv/lib/python3.10/site-packages/airflow/settings.py:400 DeprecationWarning: The sql_engine_encoding option in [core] has been moved to the sql_engine_encoding option in [database] - the old setting has been used, but please update your config.
[2023-04-22T14:31:03.350-0400] {processor.py:153} INFO - Started process (PID=3839) to work on /Users/admin/opt/anaconda3/envs/python-airflow-venv/lib/python3.10/site-packages/airflow/example_dags/example_branch_datetime_operator.py
[2023-04-22T14:31:03.350-0400] {processor.py:743} INFO - Processing file /Users/admin/opt/anaconda3/envs/python-airflow-venv/lib/python3.10/site-packages/airflow/example_dags/example_branch_datetime_operator.py for tasks to queue
[2023-04-22T14:31:03.351-0400] {logging_mixin.py:137} INFO - [2023-04-22T14:31:03.350-0400] {dagbag.py:538} INFO - Filling up the DagBag from /Users/admin/opt/anaconda3/envs/python-airflow-venv/lib/python3.10/site-packages/airflow/example_dags/example_branch_datetime_operator.py
[2023-04-22T14:31:03.403-0400] {processor.py:753} INFO - DAG(s) dict_keys(['example_branch_datetime_operator_2', 'example_branch_datetime_operator', 'example_branch_datetime_operator_3']) retrieved from /Users/admin/opt/anaconda3/envs/python-airflow-venv/lib/python3.10/site-packages/airflow/example_dags/example_branch_datetime_operator.py
[2023-04-22T14:31:03.457-0400] {logging_mixin.py:137} WARNING - /Users/admin/opt/anaconda3/envs/python-airflow-venv/lib/python3.10/site-packages/airflow/jobs/scheduler_job.py:124 DeprecationWarning: The processor_poll_interval option in [scheduler] has been renamed to scheduler_idle_sleep_time - the old setting has been used, but please update your config.
[2023-04-22T14:31:04.033-0400] {logging_mixin.py:137} INFO - [2023-04-22T14:31:04.032-0400] {dag.py:2690} INFO - Sync 3 DAGs
[2023-04-22T14:31:04.048-0400] {logging_mixin.py:137} INFO - [2023-04-22T14:31:04.048-0400] {dag.py:3437} INFO - Setting next_dagrun for example_branch_datetime_operator to 2023-04-21T00:00:00+00:00, run_after=2023-04-22T00:00:00+00:00
[2023-04-22T14:31:04.052-0400] {logging_mixin.py:137} INFO - [2023-04-22T14:31:04.052-0400] {dag.py:3437} INFO - Setting next_dagrun for example_branch_datetime_operator_2 to 2023-04-21T00:00:00+00:00, run_after=2023-04-22T00:00:00+00:00
[2023-04-22T14:31:04.054-0400] {logging_mixin.py:137} INFO - [2023-04-22T14:31:04.053-0400] {dag.py:3437} INFO - Setting next_dagrun for example_branch_datetime_operator_3 to 2023-04-21T00:00:00+00:00, run_after=2023-04-22T00:00:00+00:00
[2023-04-22T14:31:04.069-0400] {processor.py:175} INFO - Processing /Users/admin/opt/anaconda3/envs/python-airflow-venv/lib/python3.10/site-packages/airflow/example_dags/example_branch_datetime_operator.py took 0.726 seconds
[2023-04-22T14:33:02.409-0400] {logging_mixin.py:137} WARNING - /Users/admin/opt/anaconda3/envs/python-airflow-venv/lib/python3.10/site-packages/airflow/settings.py:337 DeprecationWarning: The sql_alchemy_pool_enabled option in [core] has been moved to the sql_alchemy_pool_enabled option in [database] - the old setting has been used, but please update your config.
[2023-04-22T14:33:02.414-0400] {logging_mixin.py:137} WARNING - /Users/admin/opt/anaconda3/envs/python-airflow-venv/lib/python3.10/site-packages/airflow/settings.py:400 DeprecationWarning: The sql_engine_encoding option in [core] has been moved to the sql_engine_encoding option in [database] - the old setting has been used, but please update your config.
[2023-04-22T14:33:02.414-0400] {processor.py:153} INFO - Started process (PID=3930) to work on /Users/admin/opt/anaconda3/envs/python-airflow-venv/lib/python3.10/site-packages/airflow/example_dags/example_branch_datetime_operator.py
[2023-04-22T14:33:02.415-0400] {processor.py:743} INFO - Processing file /Users/admin/opt/anaconda3/envs/python-airflow-venv/lib/python3.10/site-packages/airflow/example_dags/example_branch_datetime_operator.py for tasks to queue
[2023-04-22T14:33:02.415-0400] {logging_mixin.py:137} INFO - [2023-04-22T14:33:02.415-0400] {dagbag.py:538} INFO - Filling up the DagBag from /Users/admin/opt/anaconda3/envs/python-airflow-venv/lib/python3.10/site-packages/airflow/example_dags/example_branch_datetime_operator.py
[2023-04-22T14:33:02.468-0400] {processor.py:753} INFO - DAG(s) dict_keys(['example_branch_datetime_operator_2', 'example_branch_datetime_operator_3', 'example_branch_datetime_operator']) retrieved from /Users/admin/opt/anaconda3/envs/python-airflow-venv/lib/python3.10/site-packages/airflow/example_dags/example_branch_datetime_operator.py
[2023-04-22T14:33:02.525-0400] {logging_mixin.py:137} WARNING - /Users/admin/opt/anaconda3/envs/python-airflow-venv/lib/python3.10/site-packages/airflow/jobs/scheduler_job.py:124 DeprecationWarning: The processor_poll_interval option in [scheduler] has been renamed to scheduler_idle_sleep_time - the old setting has been used, but please update your config.
[2023-04-22T14:33:03.319-0400] {logging_mixin.py:137} INFO - [2023-04-22T14:33:03.319-0400] {dag.py:2690} INFO - Sync 3 DAGs
[2023-04-22T14:33:03.341-0400] {logging_mixin.py:137} INFO - [2023-04-22T14:33:03.340-0400] {dag.py:3437} INFO - Setting next_dagrun for example_branch_datetime_operator to 2023-04-21T00:00:00+00:00, run_after=2023-04-22T00:00:00+00:00
[2023-04-22T14:33:03.346-0400] {logging_mixin.py:137} INFO - [2023-04-22T14:33:03.345-0400] {dag.py:3437} INFO - Setting next_dagrun for example_branch_datetime_operator_2 to 2023-04-21T00:00:00+00:00, run_after=2023-04-22T00:00:00+00:00
[2023-04-22T14:33:03.349-0400] {logging_mixin.py:137} INFO - [2023-04-22T14:33:03.349-0400] {dag.py:3437} INFO - Setting next_dagrun for example_branch_datetime_operator_3 to 2023-04-21T00:00:00+00:00, run_after=2023-04-22T00:00:00+00:00
[2023-04-22T14:33:03.367-0400] {processor.py:175} INFO - Processing /Users/admin/opt/anaconda3/envs/python-airflow-venv/lib/python3.10/site-packages/airflow/example_dags/example_branch_datetime_operator.py took 0.959 seconds
[2023-04-22T14:35:00.653-0400] {logging_mixin.py:137} WARNING - /Users/admin/opt/anaconda3/envs/python-airflow-venv/lib/python3.10/site-packages/airflow/settings.py:337 DeprecationWarning: The sql_alchemy_pool_enabled option in [core] has been moved to the sql_alchemy_pool_enabled option in [database] - the old setting has been used, but please update your config.
[2023-04-22T14:35:00.658-0400] {logging_mixin.py:137} WARNING - /Users/admin/opt/anaconda3/envs/python-airflow-venv/lib/python3.10/site-packages/airflow/settings.py:400 DeprecationWarning: The sql_engine_encoding option in [core] has been moved to the sql_engine_encoding option in [database] - the old setting has been used, but please update your config.
[2023-04-22T14:35:00.658-0400] {processor.py:153} INFO - Started process (PID=4019) to work on /Users/admin/opt/anaconda3/envs/python-airflow-venv/lib/python3.10/site-packages/airflow/example_dags/example_branch_datetime_operator.py
[2023-04-22T14:35:00.658-0400] {processor.py:743} INFO - Processing file /Users/admin/opt/anaconda3/envs/python-airflow-venv/lib/python3.10/site-packages/airflow/example_dags/example_branch_datetime_operator.py for tasks to queue
[2023-04-22T14:35:00.659-0400] {logging_mixin.py:137} INFO - [2023-04-22T14:35:00.659-0400] {dagbag.py:538} INFO - Filling up the DagBag from /Users/admin/opt/anaconda3/envs/python-airflow-venv/lib/python3.10/site-packages/airflow/example_dags/example_branch_datetime_operator.py
[2023-04-22T14:35:00.711-0400] {processor.py:753} INFO - DAG(s) dict_keys(['example_branch_datetime_operator', 'example_branch_datetime_operator_2', 'example_branch_datetime_operator_3']) retrieved from /Users/admin/opt/anaconda3/envs/python-airflow-venv/lib/python3.10/site-packages/airflow/example_dags/example_branch_datetime_operator.py
[2023-04-22T14:35:00.769-0400] {logging_mixin.py:137} WARNING - /Users/admin/opt/anaconda3/envs/python-airflow-venv/lib/python3.10/site-packages/airflow/jobs/scheduler_job.py:124 DeprecationWarning: The processor_poll_interval option in [scheduler] has been renamed to scheduler_idle_sleep_time - the old setting has been used, but please update your config.
[2023-04-22T14:35:01.420-0400] {logging_mixin.py:137} INFO - [2023-04-22T14:35:01.419-0400] {dag.py:2690} INFO - Sync 3 DAGs
[2023-04-22T14:35:01.436-0400] {logging_mixin.py:137} INFO - [2023-04-22T14:35:01.436-0400] {dag.py:3437} INFO - Setting next_dagrun for example_branch_datetime_operator to 2023-04-21T00:00:00+00:00, run_after=2023-04-22T00:00:00+00:00
[2023-04-22T14:35:01.439-0400] {logging_mixin.py:137} INFO - [2023-04-22T14:35:01.439-0400] {dag.py:3437} INFO - Setting next_dagrun for example_branch_datetime_operator_2 to 2023-04-21T00:00:00+00:00, run_after=2023-04-22T00:00:00+00:00
[2023-04-22T14:35:01.441-0400] {logging_mixin.py:137} INFO - [2023-04-22T14:35:01.441-0400] {dag.py:3437} INFO - Setting next_dagrun for example_branch_datetime_operator_3 to 2023-04-21T00:00:00+00:00, run_after=2023-04-22T00:00:00+00:00
[2023-04-22T14:35:01.460-0400] {processor.py:175} INFO - Processing /Users/admin/opt/anaconda3/envs/python-airflow-venv/lib/python3.10/site-packages/airflow/example_dags/example_branch_datetime_operator.py took 0.808 seconds
[2023-04-22T14:36:56.957-0400] {logging_mixin.py:137} WARNING - /Users/admin/opt/anaconda3/envs/python-airflow-venv/lib/python3.10/site-packages/airflow/settings.py:337 DeprecationWarning: The sql_alchemy_pool_enabled option in [core] has been moved to the sql_alchemy_pool_enabled option in [database] - the old setting has been used, but please update your config.
[2023-04-22T14:36:56.961-0400] {logging_mixin.py:137} WARNING - /Users/admin/opt/anaconda3/envs/python-airflow-venv/lib/python3.10/site-packages/airflow/settings.py:400 DeprecationWarning: The sql_engine_encoding option in [core] has been moved to the sql_engine_encoding option in [database] - the old setting has been used, but please update your config.
[2023-04-22T14:36:56.962-0400] {processor.py:153} INFO - Started process (PID=4083) to work on /Users/admin/opt/anaconda3/envs/python-airflow-venv/lib/python3.10/site-packages/airflow/example_dags/example_branch_datetime_operator.py
[2023-04-22T14:36:56.962-0400] {processor.py:743} INFO - Processing file /Users/admin/opt/anaconda3/envs/python-airflow-venv/lib/python3.10/site-packages/airflow/example_dags/example_branch_datetime_operator.py for tasks to queue
[2023-04-22T14:36:56.962-0400] {logging_mixin.py:137} INFO - [2023-04-22T14:36:56.962-0400] {dagbag.py:538} INFO - Filling up the DagBag from /Users/admin/opt/anaconda3/envs/python-airflow-venv/lib/python3.10/site-packages/airflow/example_dags/example_branch_datetime_operator.py
[2023-04-22T14:36:57.012-0400] {processor.py:753} INFO - DAG(s) dict_keys(['example_branch_datetime_operator_3', 'example_branch_datetime_operator_2', 'example_branch_datetime_operator']) retrieved from /Users/admin/opt/anaconda3/envs/python-airflow-venv/lib/python3.10/site-packages/airflow/example_dags/example_branch_datetime_operator.py
[2023-04-22T14:36:57.071-0400] {logging_mixin.py:137} WARNING - /Users/admin/opt/anaconda3/envs/python-airflow-venv/lib/python3.10/site-packages/airflow/jobs/scheduler_job.py:124 DeprecationWarning: The processor_poll_interval option in [scheduler] has been renamed to scheduler_idle_sleep_time - the old setting has been used, but please update your config.
[2023-04-22T14:36:57.644-0400] {logging_mixin.py:137} INFO - [2023-04-22T14:36:57.644-0400] {dag.py:2690} INFO - Sync 3 DAGs
[2023-04-22T14:36:57.659-0400] {logging_mixin.py:137} INFO - [2023-04-22T14:36:57.659-0400] {dag.py:3437} INFO - Setting next_dagrun for example_branch_datetime_operator to 2023-04-21T00:00:00+00:00, run_after=2023-04-22T00:00:00+00:00
[2023-04-22T14:36:57.662-0400] {logging_mixin.py:137} INFO - [2023-04-22T14:36:57.662-0400] {dag.py:3437} INFO - Setting next_dagrun for example_branch_datetime_operator_2 to 2023-04-21T00:00:00+00:00, run_after=2023-04-22T00:00:00+00:00
[2023-04-22T14:36:57.664-0400] {logging_mixin.py:137} INFO - [2023-04-22T14:36:57.664-0400] {dag.py:3437} INFO - Setting next_dagrun for example_branch_datetime_operator_3 to 2023-04-21T00:00:00+00:00, run_after=2023-04-22T00:00:00+00:00
[2023-04-22T14:36:57.679-0400] {processor.py:175} INFO - Processing /Users/admin/opt/anaconda3/envs/python-airflow-venv/lib/python3.10/site-packages/airflow/example_dags/example_branch_datetime_operator.py took 0.724 seconds
