[2023-04-22T13:00:12.235-0400] {logging_mixin.py:137} WARNING - /Users/admin/opt/anaconda3/envs/python-airflow-venv/lib/python3.10/site-packages/airflow/settings.py:337 DeprecationWarning: The sql_alchemy_pool_enabled option in [core] has been moved to the sql_alchemy_pool_enabled option in [database] - the old setting has been used, but please update your config.
[2023-04-22T13:00:12.240-0400] {logging_mixin.py:137} WARNING - /Users/admin/opt/anaconda3/envs/python-airflow-venv/lib/python3.10/site-packages/airflow/settings.py:400 DeprecationWarning: The sql_engine_encoding option in [core] has been moved to the sql_engine_encoding option in [database] - the old setting has been used, but please update your config.
[2023-04-22T13:00:12.240-0400] {processor.py:153} INFO - Started process (PID=2610) to work on /Users/admin/opt/anaconda3/envs/python-airflow-venv/lib/python3.10/site-packages/airflow/example_dags/example_xcom.py
[2023-04-22T13:00:12.240-0400] {processor.py:743} INFO - Processing file /Users/admin/opt/anaconda3/envs/python-airflow-venv/lib/python3.10/site-packages/airflow/example_dags/example_xcom.py for tasks to queue
[2023-04-22T13:00:12.241-0400] {logging_mixin.py:137} INFO - [2023-04-22T13:00:12.241-0400] {dagbag.py:538} INFO - Filling up the DagBag from /Users/admin/opt/anaconda3/envs/python-airflow-venv/lib/python3.10/site-packages/airflow/example_dags/example_xcom.py
[2023-04-22T13:00:12.324-0400] {processor.py:753} INFO - DAG(s) dict_keys(['example_xcom']) retrieved from /Users/admin/opt/anaconda3/envs/python-airflow-venv/lib/python3.10/site-packages/airflow/example_dags/example_xcom.py
[2023-04-22T13:00:12.379-0400] {logging_mixin.py:137} WARNING - /Users/admin/opt/anaconda3/envs/python-airflow-venv/lib/python3.10/site-packages/airflow/jobs/scheduler_job.py:124 DeprecationWarning: The processor_poll_interval option in [scheduler] has been renamed to scheduler_idle_sleep_time - the old setting has been used, but please update your config.
[2023-04-22T13:00:13.043-0400] {logging_mixin.py:137} INFO - [2023-04-22T13:00:13.043-0400] {dag.py:2690} INFO - Sync 1 DAGs
[2023-04-22T13:00:13.057-0400] {logging_mixin.py:137} INFO - [2023-04-22T13:00:13.057-0400] {dag.py:3437} INFO - Setting next_dagrun for example_xcom to 2021-01-01T00:00:00+00:00, run_after=2021-01-01T00:00:00+00:00
[2023-04-22T13:00:13.071-0400] {processor.py:175} INFO - Processing /Users/admin/opt/anaconda3/envs/python-airflow-venv/lib/python3.10/site-packages/airflow/example_dags/example_xcom.py took 0.837 seconds
[2023-04-22T13:02:22.374-0400] {logging_mixin.py:137} WARNING - /Users/admin/opt/anaconda3/envs/python-airflow-venv/lib/python3.10/site-packages/airflow/settings.py:337 DeprecationWarning: The sql_alchemy_pool_enabled option in [core] has been moved to the sql_alchemy_pool_enabled option in [database] - the old setting has been used, but please update your config.
[2023-04-22T13:02:22.379-0400] {logging_mixin.py:137} WARNING - /Users/admin/opt/anaconda3/envs/python-airflow-venv/lib/python3.10/site-packages/airflow/settings.py:400 DeprecationWarning: The sql_engine_encoding option in [core] has been moved to the sql_engine_encoding option in [database] - the old setting has been used, but please update your config.
[2023-04-22T13:02:22.379-0400] {processor.py:153} INFO - Started process (PID=2794) to work on /Users/admin/opt/anaconda3/envs/python-airflow-venv/lib/python3.10/site-packages/airflow/example_dags/example_xcom.py
[2023-04-22T13:02:22.379-0400] {processor.py:743} INFO - Processing file /Users/admin/opt/anaconda3/envs/python-airflow-venv/lib/python3.10/site-packages/airflow/example_dags/example_xcom.py for tasks to queue
[2023-04-22T13:02:22.380-0400] {logging_mixin.py:137} INFO - [2023-04-22T13:02:22.380-0400] {dagbag.py:538} INFO - Filling up the DagBag from /Users/admin/opt/anaconda3/envs/python-airflow-venv/lib/python3.10/site-packages/airflow/example_dags/example_xcom.py
[2023-04-22T13:02:22.450-0400] {processor.py:753} INFO - DAG(s) dict_keys(['example_xcom']) retrieved from /Users/admin/opt/anaconda3/envs/python-airflow-venv/lib/python3.10/site-packages/airflow/example_dags/example_xcom.py
[2023-04-22T13:02:22.495-0400] {logging_mixin.py:137} WARNING - /Users/admin/opt/anaconda3/envs/python-airflow-venv/lib/python3.10/site-packages/airflow/jobs/scheduler_job.py:124 DeprecationWarning: The processor_poll_interval option in [scheduler] has been renamed to scheduler_idle_sleep_time - the old setting has been used, but please update your config.
[2023-04-22T13:02:23.122-0400] {logging_mixin.py:137} INFO - [2023-04-22T13:02:23.122-0400] {dag.py:2690} INFO - Sync 1 DAGs
[2023-04-22T13:02:23.137-0400] {logging_mixin.py:137} INFO - [2023-04-22T13:02:23.137-0400] {dag.py:3437} INFO - Setting next_dagrun for example_xcom to 2021-01-01T00:00:00+00:00, run_after=2021-01-01T00:00:00+00:00
[2023-04-22T13:02:23.155-0400] {processor.py:175} INFO - Processing /Users/admin/opt/anaconda3/envs/python-airflow-venv/lib/python3.10/site-packages/airflow/example_dags/example_xcom.py took 0.782 seconds
[2023-04-22T13:05:11.718-0400] {logging_mixin.py:137} WARNING - /Users/admin/opt/anaconda3/envs/python-airflow-venv/lib/python3.10/site-packages/airflow/settings.py:337 DeprecationWarning: The sql_alchemy_pool_enabled option in [core] has been moved to the sql_alchemy_pool_enabled option in [database] - the old setting has been used, but please update your config.
[2023-04-22T13:05:11.724-0400] {logging_mixin.py:137} WARNING - /Users/admin/opt/anaconda3/envs/python-airflow-venv/lib/python3.10/site-packages/airflow/settings.py:400 DeprecationWarning: The sql_engine_encoding option in [core] has been moved to the sql_engine_encoding option in [database] - the old setting has been used, but please update your config.
[2023-04-22T13:05:11.726-0400] {processor.py:153} INFO - Started process (PID=3065) to work on /Users/admin/opt/anaconda3/envs/python-airflow-venv/lib/python3.10/site-packages/airflow/example_dags/example_xcom.py
[2023-04-22T13:05:11.726-0400] {processor.py:743} INFO - Processing file /Users/admin/opt/anaconda3/envs/python-airflow-venv/lib/python3.10/site-packages/airflow/example_dags/example_xcom.py for tasks to queue
[2023-04-22T13:05:11.727-0400] {logging_mixin.py:137} INFO - [2023-04-22T13:05:11.727-0400] {dagbag.py:538} INFO - Filling up the DagBag from /Users/admin/opt/anaconda3/envs/python-airflow-venv/lib/python3.10/site-packages/airflow/example_dags/example_xcom.py
[2023-04-22T13:05:11.823-0400] {processor.py:753} INFO - DAG(s) dict_keys(['example_xcom']) retrieved from /Users/admin/opt/anaconda3/envs/python-airflow-venv/lib/python3.10/site-packages/airflow/example_dags/example_xcom.py
[2023-04-22T13:05:11.889-0400] {logging_mixin.py:137} WARNING - /Users/admin/opt/anaconda3/envs/python-airflow-venv/lib/python3.10/site-packages/airflow/jobs/scheduler_job.py:124 DeprecationWarning: The processor_poll_interval option in [scheduler] has been renamed to scheduler_idle_sleep_time - the old setting has been used, but please update your config.
[2023-04-22T13:05:12.732-0400] {logging_mixin.py:137} INFO - [2023-04-22T13:05:12.731-0400] {dag.py:2690} INFO - Sync 1 DAGs
[2023-04-22T13:05:12.746-0400] {logging_mixin.py:137} INFO - [2023-04-22T13:05:12.745-0400] {dag.py:3437} INFO - Setting next_dagrun for example_xcom to 2021-01-01T00:00:00+00:00, run_after=2021-01-01T00:00:00+00:00
[2023-04-22T13:05:12.762-0400] {processor.py:175} INFO - Processing /Users/admin/opt/anaconda3/envs/python-airflow-venv/lib/python3.10/site-packages/airflow/example_dags/example_xcom.py took 1.045 seconds
[2023-04-22T13:06:44.994-0400] {logging_mixin.py:137} WARNING - /Users/admin/opt/anaconda3/envs/python-airflow-venv/lib/python3.10/site-packages/airflow/settings.py:337 DeprecationWarning: The sql_alchemy_pool_enabled option in [core] has been moved to the sql_alchemy_pool_enabled option in [database] - the old setting has been used, but please update your config.
[2023-04-22T13:06:45.001-0400] {logging_mixin.py:137} WARNING - /Users/admin/opt/anaconda3/envs/python-airflow-venv/lib/python3.10/site-packages/airflow/settings.py:400 DeprecationWarning: The sql_engine_encoding option in [core] has been moved to the sql_engine_encoding option in [database] - the old setting has been used, but please update your config.
[2023-04-22T13:06:45.002-0400] {processor.py:153} INFO - Started process (PID=3142) to work on /Users/admin/opt/anaconda3/envs/python-airflow-venv/lib/python3.10/site-packages/airflow/example_dags/example_xcom.py
[2023-04-22T13:06:45.003-0400] {processor.py:743} INFO - Processing file /Users/admin/opt/anaconda3/envs/python-airflow-venv/lib/python3.10/site-packages/airflow/example_dags/example_xcom.py for tasks to queue
[2023-04-22T13:06:45.003-0400] {logging_mixin.py:137} INFO - [2023-04-22T13:06:45.003-0400] {dagbag.py:538} INFO - Filling up the DagBag from /Users/admin/opt/anaconda3/envs/python-airflow-venv/lib/python3.10/site-packages/airflow/example_dags/example_xcom.py
[2023-04-22T13:06:45.098-0400] {processor.py:753} INFO - DAG(s) dict_keys(['example_xcom']) retrieved from /Users/admin/opt/anaconda3/envs/python-airflow-venv/lib/python3.10/site-packages/airflow/example_dags/example_xcom.py
[2023-04-22T13:06:45.150-0400] {logging_mixin.py:137} WARNING - /Users/admin/opt/anaconda3/envs/python-airflow-venv/lib/python3.10/site-packages/airflow/jobs/scheduler_job.py:124 DeprecationWarning: The processor_poll_interval option in [scheduler] has been renamed to scheduler_idle_sleep_time - the old setting has been used, but please update your config.
[2023-04-22T13:06:46.014-0400] {logging_mixin.py:137} INFO - [2023-04-22T13:06:46.013-0400] {dag.py:2690} INFO - Sync 1 DAGs
[2023-04-22T13:06:46.030-0400] {logging_mixin.py:137} INFO - [2023-04-22T13:06:46.030-0400] {dag.py:3437} INFO - Setting next_dagrun for example_xcom to 2021-01-01T00:00:00+00:00, run_after=2021-01-01T00:00:00+00:00
[2023-04-22T13:06:46.049-0400] {processor.py:175} INFO - Processing /Users/admin/opt/anaconda3/envs/python-airflow-venv/lib/python3.10/site-packages/airflow/example_dags/example_xcom.py took 1.057 seconds
[2023-04-22T13:09:25.953-0400] {logging_mixin.py:137} WARNING - /Users/admin/opt/anaconda3/envs/python-airflow-venv/lib/python3.10/site-packages/airflow/settings.py:337 DeprecationWarning: The sql_alchemy_pool_enabled option in [core] has been moved to the sql_alchemy_pool_enabled option in [database] - the old setting has been used, but please update your config.
[2023-04-22T13:09:25.960-0400] {logging_mixin.py:137} WARNING - /Users/admin/opt/anaconda3/envs/python-airflow-venv/lib/python3.10/site-packages/airflow/settings.py:400 DeprecationWarning: The sql_engine_encoding option in [core] has been moved to the sql_engine_encoding option in [database] - the old setting has been used, but please update your config.
[2023-04-22T13:09:25.961-0400] {processor.py:153} INFO - Started process (PID=3223) to work on /Users/admin/opt/anaconda3/envs/python-airflow-venv/lib/python3.10/site-packages/airflow/example_dags/example_xcom.py
[2023-04-22T13:09:25.961-0400] {processor.py:743} INFO - Processing file /Users/admin/opt/anaconda3/envs/python-airflow-venv/lib/python3.10/site-packages/airflow/example_dags/example_xcom.py for tasks to queue
[2023-04-22T13:09:25.962-0400] {logging_mixin.py:137} INFO - [2023-04-22T13:09:25.962-0400] {dagbag.py:538} INFO - Filling up the DagBag from /Users/admin/opt/anaconda3/envs/python-airflow-venv/lib/python3.10/site-packages/airflow/example_dags/example_xcom.py
[2023-04-22T13:09:26.034-0400] {processor.py:753} INFO - DAG(s) dict_keys(['example_xcom']) retrieved from /Users/admin/opt/anaconda3/envs/python-airflow-venv/lib/python3.10/site-packages/airflow/example_dags/example_xcom.py
[2023-04-22T13:09:26.077-0400] {logging_mixin.py:137} WARNING - /Users/admin/opt/anaconda3/envs/python-airflow-venv/lib/python3.10/site-packages/airflow/jobs/scheduler_job.py:124 DeprecationWarning: The processor_poll_interval option in [scheduler] has been renamed to scheduler_idle_sleep_time - the old setting has been used, but please update your config.
[2023-04-22T13:09:26.813-0400] {logging_mixin.py:137} INFO - [2023-04-22T13:09:26.813-0400] {dag.py:2690} INFO - Sync 1 DAGs
[2023-04-22T13:09:26.832-0400] {logging_mixin.py:137} INFO - [2023-04-22T13:09:26.832-0400] {dag.py:3437} INFO - Setting next_dagrun for example_xcom to 2021-01-01T00:00:00+00:00, run_after=2021-01-01T00:00:00+00:00
[2023-04-22T13:09:26.854-0400] {processor.py:175} INFO - Processing /Users/admin/opt/anaconda3/envs/python-airflow-venv/lib/python3.10/site-packages/airflow/example_dags/example_xcom.py took 0.902 seconds
[2023-04-22T13:11:26.912-0400] {logging_mixin.py:137} WARNING - /Users/admin/opt/anaconda3/envs/python-airflow-venv/lib/python3.10/site-packages/airflow/settings.py:337 DeprecationWarning: The sql_alchemy_pool_enabled option in [core] has been moved to the sql_alchemy_pool_enabled option in [database] - the old setting has been used, but please update your config.
[2023-04-22T13:11:26.917-0400] {logging_mixin.py:137} WARNING - /Users/admin/opt/anaconda3/envs/python-airflow-venv/lib/python3.10/site-packages/airflow/settings.py:400 DeprecationWarning: The sql_engine_encoding option in [core] has been moved to the sql_engine_encoding option in [database] - the old setting has been used, but please update your config.
[2023-04-22T13:11:26.917-0400] {processor.py:153} INFO - Started process (PID=3279) to work on /Users/admin/opt/anaconda3/envs/python-airflow-venv/lib/python3.10/site-packages/airflow/example_dags/example_xcom.py
[2023-04-22T13:11:26.918-0400] {processor.py:743} INFO - Processing file /Users/admin/opt/anaconda3/envs/python-airflow-venv/lib/python3.10/site-packages/airflow/example_dags/example_xcom.py for tasks to queue
[2023-04-22T13:11:26.918-0400] {logging_mixin.py:137} INFO - [2023-04-22T13:11:26.918-0400] {dagbag.py:538} INFO - Filling up the DagBag from /Users/admin/opt/anaconda3/envs/python-airflow-venv/lib/python3.10/site-packages/airflow/example_dags/example_xcom.py
[2023-04-22T13:11:26.989-0400] {processor.py:753} INFO - DAG(s) dict_keys(['example_xcom']) retrieved from /Users/admin/opt/anaconda3/envs/python-airflow-venv/lib/python3.10/site-packages/airflow/example_dags/example_xcom.py
[2023-04-22T13:11:27.032-0400] {logging_mixin.py:137} WARNING - /Users/admin/opt/anaconda3/envs/python-airflow-venv/lib/python3.10/site-packages/airflow/jobs/scheduler_job.py:124 DeprecationWarning: The processor_poll_interval option in [scheduler] has been renamed to scheduler_idle_sleep_time - the old setting has been used, but please update your config.
[2023-04-22T13:11:27.607-0400] {logging_mixin.py:137} INFO - [2023-04-22T13:11:27.607-0400] {dag.py:2690} INFO - Sync 1 DAGs
[2023-04-22T13:11:27.621-0400] {logging_mixin.py:137} INFO - [2023-04-22T13:11:27.621-0400] {dag.py:3437} INFO - Setting next_dagrun for example_xcom to 2021-01-01T00:00:00+00:00, run_after=2021-01-01T00:00:00+00:00
[2023-04-22T13:11:27.638-0400] {processor.py:175} INFO - Processing /Users/admin/opt/anaconda3/envs/python-airflow-venv/lib/python3.10/site-packages/airflow/example_dags/example_xcom.py took 0.726 seconds
[2023-04-22T13:13:23.438-0400] {logging_mixin.py:137} WARNING - /Users/admin/opt/anaconda3/envs/python-airflow-venv/lib/python3.10/site-packages/airflow/settings.py:337 DeprecationWarning: The sql_alchemy_pool_enabled option in [core] has been moved to the sql_alchemy_pool_enabled option in [database] - the old setting has been used, but please update your config.
[2023-04-22T13:13:23.442-0400] {logging_mixin.py:137} WARNING - /Users/admin/opt/anaconda3/envs/python-airflow-venv/lib/python3.10/site-packages/airflow/settings.py:400 DeprecationWarning: The sql_engine_encoding option in [core] has been moved to the sql_engine_encoding option in [database] - the old setting has been used, but please update your config.
[2023-04-22T13:13:23.443-0400] {processor.py:153} INFO - Started process (PID=3333) to work on /Users/admin/opt/anaconda3/envs/python-airflow-venv/lib/python3.10/site-packages/airflow/example_dags/example_xcom.py
[2023-04-22T13:13:23.443-0400] {processor.py:743} INFO - Processing file /Users/admin/opt/anaconda3/envs/python-airflow-venv/lib/python3.10/site-packages/airflow/example_dags/example_xcom.py for tasks to queue
[2023-04-22T13:13:23.444-0400] {logging_mixin.py:137} INFO - [2023-04-22T13:13:23.443-0400] {dagbag.py:538} INFO - Filling up the DagBag from /Users/admin/opt/anaconda3/envs/python-airflow-venv/lib/python3.10/site-packages/airflow/example_dags/example_xcom.py
[2023-04-22T13:13:23.511-0400] {processor.py:753} INFO - DAG(s) dict_keys(['example_xcom']) retrieved from /Users/admin/opt/anaconda3/envs/python-airflow-venv/lib/python3.10/site-packages/airflow/example_dags/example_xcom.py
[2023-04-22T13:13:23.553-0400] {logging_mixin.py:137} WARNING - /Users/admin/opt/anaconda3/envs/python-airflow-venv/lib/python3.10/site-packages/airflow/jobs/scheduler_job.py:124 DeprecationWarning: The processor_poll_interval option in [scheduler] has been renamed to scheduler_idle_sleep_time - the old setting has been used, but please update your config.
[2023-04-22T13:13:24.124-0400] {logging_mixin.py:137} INFO - [2023-04-22T13:13:24.123-0400] {dag.py:2690} INFO - Sync 1 DAGs
[2023-04-22T13:13:24.137-0400] {logging_mixin.py:137} INFO - [2023-04-22T13:13:24.137-0400] {dag.py:3437} INFO - Setting next_dagrun for example_xcom to 2021-01-01T00:00:00+00:00, run_after=2021-01-01T00:00:00+00:00
[2023-04-22T13:13:24.158-0400] {processor.py:175} INFO - Processing /Users/admin/opt/anaconda3/envs/python-airflow-venv/lib/python3.10/site-packages/airflow/example_dags/example_xcom.py took 0.721 seconds
[2023-04-22T13:15:20.157-0400] {logging_mixin.py:137} WARNING - /Users/admin/opt/anaconda3/envs/python-airflow-venv/lib/python3.10/site-packages/airflow/settings.py:337 DeprecationWarning: The sql_alchemy_pool_enabled option in [core] has been moved to the sql_alchemy_pool_enabled option in [database] - the old setting has been used, but please update your config.
[2023-04-22T13:15:20.162-0400] {logging_mixin.py:137} WARNING - /Users/admin/opt/anaconda3/envs/python-airflow-venv/lib/python3.10/site-packages/airflow/settings.py:400 DeprecationWarning: The sql_engine_encoding option in [core] has been moved to the sql_engine_encoding option in [database] - the old setting has been used, but please update your config.
[2023-04-22T13:15:20.162-0400] {processor.py:153} INFO - Started process (PID=3386) to work on /Users/admin/opt/anaconda3/envs/python-airflow-venv/lib/python3.10/site-packages/airflow/example_dags/example_xcom.py
[2023-04-22T13:15:20.163-0400] {processor.py:743} INFO - Processing file /Users/admin/opt/anaconda3/envs/python-airflow-venv/lib/python3.10/site-packages/airflow/example_dags/example_xcom.py for tasks to queue
[2023-04-22T13:15:20.163-0400] {logging_mixin.py:137} INFO - [2023-04-22T13:15:20.163-0400] {dagbag.py:538} INFO - Filling up the DagBag from /Users/admin/opt/anaconda3/envs/python-airflow-venv/lib/python3.10/site-packages/airflow/example_dags/example_xcom.py
[2023-04-22T13:15:20.233-0400] {processor.py:753} INFO - DAG(s) dict_keys(['example_xcom']) retrieved from /Users/admin/opt/anaconda3/envs/python-airflow-venv/lib/python3.10/site-packages/airflow/example_dags/example_xcom.py
[2023-04-22T13:15:20.276-0400] {logging_mixin.py:137} WARNING - /Users/admin/opt/anaconda3/envs/python-airflow-venv/lib/python3.10/site-packages/airflow/jobs/scheduler_job.py:124 DeprecationWarning: The processor_poll_interval option in [scheduler] has been renamed to scheduler_idle_sleep_time - the old setting has been used, but please update your config.
[2023-04-22T13:15:20.843-0400] {logging_mixin.py:137} INFO - [2023-04-22T13:15:20.843-0400] {dag.py:2690} INFO - Sync 1 DAGs
[2023-04-22T13:15:20.856-0400] {logging_mixin.py:137} INFO - [2023-04-22T13:15:20.856-0400] {dag.py:3437} INFO - Setting next_dagrun for example_xcom to 2021-01-01T00:00:00+00:00, run_after=2021-01-01T00:00:00+00:00
[2023-04-22T13:15:20.877-0400] {processor.py:175} INFO - Processing /Users/admin/opt/anaconda3/envs/python-airflow-venv/lib/python3.10/site-packages/airflow/example_dags/example_xcom.py took 0.720 seconds
[2023-04-22T13:17:17.000-0400] {logging_mixin.py:137} WARNING - /Users/admin/opt/anaconda3/envs/python-airflow-venv/lib/python3.10/site-packages/airflow/settings.py:337 DeprecationWarning: The sql_alchemy_pool_enabled option in [core] has been moved to the sql_alchemy_pool_enabled option in [database] - the old setting has been used, but please update your config.
[2023-04-22T13:17:17.004-0400] {logging_mixin.py:137} WARNING - /Users/admin/opt/anaconda3/envs/python-airflow-venv/lib/python3.10/site-packages/airflow/settings.py:400 DeprecationWarning: The sql_engine_encoding option in [core] has been moved to the sql_engine_encoding option in [database] - the old setting has been used, but please update your config.
[2023-04-22T13:17:17.005-0400] {processor.py:153} INFO - Started process (PID=3440) to work on /Users/admin/opt/anaconda3/envs/python-airflow-venv/lib/python3.10/site-packages/airflow/example_dags/example_xcom.py
[2023-04-22T13:17:17.005-0400] {processor.py:743} INFO - Processing file /Users/admin/opt/anaconda3/envs/python-airflow-venv/lib/python3.10/site-packages/airflow/example_dags/example_xcom.py for tasks to queue
[2023-04-22T13:17:17.006-0400] {logging_mixin.py:137} INFO - [2023-04-22T13:17:17.006-0400] {dagbag.py:538} INFO - Filling up the DagBag from /Users/admin/opt/anaconda3/envs/python-airflow-venv/lib/python3.10/site-packages/airflow/example_dags/example_xcom.py
[2023-04-22T13:17:17.075-0400] {processor.py:753} INFO - DAG(s) dict_keys(['example_xcom']) retrieved from /Users/admin/opt/anaconda3/envs/python-airflow-venv/lib/python3.10/site-packages/airflow/example_dags/example_xcom.py
[2023-04-22T13:17:17.118-0400] {logging_mixin.py:137} WARNING - /Users/admin/opt/anaconda3/envs/python-airflow-venv/lib/python3.10/site-packages/airflow/jobs/scheduler_job.py:124 DeprecationWarning: The processor_poll_interval option in [scheduler] has been renamed to scheduler_idle_sleep_time - the old setting has been used, but please update your config.
[2023-04-22T13:17:17.729-0400] {logging_mixin.py:137} INFO - [2023-04-22T13:17:17.729-0400] {dag.py:2690} INFO - Sync 1 DAGs
[2023-04-22T13:17:17.743-0400] {logging_mixin.py:137} INFO - [2023-04-22T13:17:17.742-0400] {dag.py:3437} INFO - Setting next_dagrun for example_xcom to 2021-01-01T00:00:00+00:00, run_after=2021-01-01T00:00:00+00:00
[2023-04-22T13:17:17.759-0400] {processor.py:175} INFO - Processing /Users/admin/opt/anaconda3/envs/python-airflow-venv/lib/python3.10/site-packages/airflow/example_dags/example_xcom.py took 0.760 seconds
[2023-04-22T13:19:13.870-0400] {logging_mixin.py:137} WARNING - /Users/admin/opt/anaconda3/envs/python-airflow-venv/lib/python3.10/site-packages/airflow/settings.py:337 DeprecationWarning: The sql_alchemy_pool_enabled option in [core] has been moved to the sql_alchemy_pool_enabled option in [database] - the old setting has been used, but please update your config.
[2023-04-22T13:19:13.874-0400] {logging_mixin.py:137} WARNING - /Users/admin/opt/anaconda3/envs/python-airflow-venv/lib/python3.10/site-packages/airflow/settings.py:400 DeprecationWarning: The sql_engine_encoding option in [core] has been moved to the sql_engine_encoding option in [database] - the old setting has been used, but please update your config.
[2023-04-22T13:19:13.875-0400] {processor.py:153} INFO - Started process (PID=3493) to work on /Users/admin/opt/anaconda3/envs/python-airflow-venv/lib/python3.10/site-packages/airflow/example_dags/example_xcom.py
[2023-04-22T13:19:13.875-0400] {processor.py:743} INFO - Processing file /Users/admin/opt/anaconda3/envs/python-airflow-venv/lib/python3.10/site-packages/airflow/example_dags/example_xcom.py for tasks to queue
[2023-04-22T13:19:13.875-0400] {logging_mixin.py:137} INFO - [2023-04-22T13:19:13.875-0400] {dagbag.py:538} INFO - Filling up the DagBag from /Users/admin/opt/anaconda3/envs/python-airflow-venv/lib/python3.10/site-packages/airflow/example_dags/example_xcom.py
[2023-04-22T13:19:13.945-0400] {processor.py:753} INFO - DAG(s) dict_keys(['example_xcom']) retrieved from /Users/admin/opt/anaconda3/envs/python-airflow-venv/lib/python3.10/site-packages/airflow/example_dags/example_xcom.py
[2023-04-22T13:19:13.987-0400] {logging_mixin.py:137} WARNING - /Users/admin/opt/anaconda3/envs/python-airflow-venv/lib/python3.10/site-packages/airflow/jobs/scheduler_job.py:124 DeprecationWarning: The processor_poll_interval option in [scheduler] has been renamed to scheduler_idle_sleep_time - the old setting has been used, but please update your config.
[2023-04-22T13:19:14.557-0400] {logging_mixin.py:137} INFO - [2023-04-22T13:19:14.557-0400] {dag.py:2690} INFO - Sync 1 DAGs
[2023-04-22T13:19:14.571-0400] {logging_mixin.py:137} INFO - [2023-04-22T13:19:14.571-0400] {dag.py:3437} INFO - Setting next_dagrun for example_xcom to 2021-01-01T00:00:00+00:00, run_after=2021-01-01T00:00:00+00:00
[2023-04-22T13:19:14.590-0400] {processor.py:175} INFO - Processing /Users/admin/opt/anaconda3/envs/python-airflow-venv/lib/python3.10/site-packages/airflow/example_dags/example_xcom.py took 0.721 seconds
[2023-04-22T13:21:10.467-0400] {logging_mixin.py:137} WARNING - /Users/admin/opt/anaconda3/envs/python-airflow-venv/lib/python3.10/site-packages/airflow/settings.py:337 DeprecationWarning: The sql_alchemy_pool_enabled option in [core] has been moved to the sql_alchemy_pool_enabled option in [database] - the old setting has been used, but please update your config.
[2023-04-22T13:21:10.471-0400] {logging_mixin.py:137} WARNING - /Users/admin/opt/anaconda3/envs/python-airflow-venv/lib/python3.10/site-packages/airflow/settings.py:400 DeprecationWarning: The sql_engine_encoding option in [core] has been moved to the sql_engine_encoding option in [database] - the old setting has been used, but please update your config.
[2023-04-22T13:21:10.472-0400] {processor.py:153} INFO - Started process (PID=3550) to work on /Users/admin/opt/anaconda3/envs/python-airflow-venv/lib/python3.10/site-packages/airflow/example_dags/example_xcom.py
[2023-04-22T13:21:10.472-0400] {processor.py:743} INFO - Processing file /Users/admin/opt/anaconda3/envs/python-airflow-venv/lib/python3.10/site-packages/airflow/example_dags/example_xcom.py for tasks to queue
[2023-04-22T13:21:10.473-0400] {logging_mixin.py:137} INFO - [2023-04-22T13:21:10.472-0400] {dagbag.py:538} INFO - Filling up the DagBag from /Users/admin/opt/anaconda3/envs/python-airflow-venv/lib/python3.10/site-packages/airflow/example_dags/example_xcom.py
[2023-04-22T13:21:10.544-0400] {processor.py:753} INFO - DAG(s) dict_keys(['example_xcom']) retrieved from /Users/admin/opt/anaconda3/envs/python-airflow-venv/lib/python3.10/site-packages/airflow/example_dags/example_xcom.py
[2023-04-22T13:21:10.587-0400] {logging_mixin.py:137} WARNING - /Users/admin/opt/anaconda3/envs/python-airflow-venv/lib/python3.10/site-packages/airflow/jobs/scheduler_job.py:124 DeprecationWarning: The processor_poll_interval option in [scheduler] has been renamed to scheduler_idle_sleep_time - the old setting has been used, but please update your config.
[2023-04-22T13:21:11.156-0400] {logging_mixin.py:137} INFO - [2023-04-22T13:21:11.156-0400] {dag.py:2690} INFO - Sync 1 DAGs
[2023-04-22T13:21:11.170-0400] {logging_mixin.py:137} INFO - [2023-04-22T13:21:11.170-0400] {dag.py:3437} INFO - Setting next_dagrun for example_xcom to 2021-01-01T00:00:00+00:00, run_after=2021-01-01T00:00:00+00:00
[2023-04-22T13:21:11.186-0400] {processor.py:175} INFO - Processing /Users/admin/opt/anaconda3/envs/python-airflow-venv/lib/python3.10/site-packages/airflow/example_dags/example_xcom.py took 0.720 seconds
[2023-04-22T13:23:07.109-0400] {logging_mixin.py:137} WARNING - /Users/admin/opt/anaconda3/envs/python-airflow-venv/lib/python3.10/site-packages/airflow/settings.py:337 DeprecationWarning: The sql_alchemy_pool_enabled option in [core] has been moved to the sql_alchemy_pool_enabled option in [database] - the old setting has been used, but please update your config.
[2023-04-22T13:23:07.114-0400] {logging_mixin.py:137} WARNING - /Users/admin/opt/anaconda3/envs/python-airflow-venv/lib/python3.10/site-packages/airflow/settings.py:400 DeprecationWarning: The sql_engine_encoding option in [core] has been moved to the sql_engine_encoding option in [database] - the old setting has been used, but please update your config.
[2023-04-22T13:23:07.114-0400] {processor.py:153} INFO - Started process (PID=3603) to work on /Users/admin/opt/anaconda3/envs/python-airflow-venv/lib/python3.10/site-packages/airflow/example_dags/example_xcom.py
[2023-04-22T13:23:07.115-0400] {processor.py:743} INFO - Processing file /Users/admin/opt/anaconda3/envs/python-airflow-venv/lib/python3.10/site-packages/airflow/example_dags/example_xcom.py for tasks to queue
[2023-04-22T13:23:07.115-0400] {logging_mixin.py:137} INFO - [2023-04-22T13:23:07.115-0400] {dagbag.py:538} INFO - Filling up the DagBag from /Users/admin/opt/anaconda3/envs/python-airflow-venv/lib/python3.10/site-packages/airflow/example_dags/example_xcom.py
[2023-04-22T13:23:07.186-0400] {processor.py:753} INFO - DAG(s) dict_keys(['example_xcom']) retrieved from /Users/admin/opt/anaconda3/envs/python-airflow-venv/lib/python3.10/site-packages/airflow/example_dags/example_xcom.py
[2023-04-22T13:23:07.228-0400] {logging_mixin.py:137} WARNING - /Users/admin/opt/anaconda3/envs/python-airflow-venv/lib/python3.10/site-packages/airflow/jobs/scheduler_job.py:124 DeprecationWarning: The processor_poll_interval option in [scheduler] has been renamed to scheduler_idle_sleep_time - the old setting has been used, but please update your config.
[2023-04-22T13:23:07.798-0400] {logging_mixin.py:137} INFO - [2023-04-22T13:23:07.797-0400] {dag.py:2690} INFO - Sync 1 DAGs
[2023-04-22T13:23:07.811-0400] {logging_mixin.py:137} INFO - [2023-04-22T13:23:07.811-0400] {dag.py:3437} INFO - Setting next_dagrun for example_xcom to 2021-01-01T00:00:00+00:00, run_after=2021-01-01T00:00:00+00:00
[2023-04-22T13:23:07.832-0400] {processor.py:175} INFO - Processing /Users/admin/opt/anaconda3/envs/python-airflow-venv/lib/python3.10/site-packages/airflow/example_dags/example_xcom.py took 0.724 seconds
[2023-04-22T13:25:04.054-0400] {logging_mixin.py:137} WARNING - /Users/admin/opt/anaconda3/envs/python-airflow-venv/lib/python3.10/site-packages/airflow/settings.py:337 DeprecationWarning: The sql_alchemy_pool_enabled option in [core] has been moved to the sql_alchemy_pool_enabled option in [database] - the old setting has been used, but please update your config.
[2023-04-22T13:25:04.058-0400] {logging_mixin.py:137} WARNING - /Users/admin/opt/anaconda3/envs/python-airflow-venv/lib/python3.10/site-packages/airflow/settings.py:400 DeprecationWarning: The sql_engine_encoding option in [core] has been moved to the sql_engine_encoding option in [database] - the old setting has been used, but please update your config.
[2023-04-22T13:25:04.059-0400] {processor.py:153} INFO - Started process (PID=3656) to work on /Users/admin/opt/anaconda3/envs/python-airflow-venv/lib/python3.10/site-packages/airflow/example_dags/example_xcom.py
[2023-04-22T13:25:04.059-0400] {processor.py:743} INFO - Processing file /Users/admin/opt/anaconda3/envs/python-airflow-venv/lib/python3.10/site-packages/airflow/example_dags/example_xcom.py for tasks to queue
[2023-04-22T13:25:04.059-0400] {logging_mixin.py:137} INFO - [2023-04-22T13:25:04.059-0400] {dagbag.py:538} INFO - Filling up the DagBag from /Users/admin/opt/anaconda3/envs/python-airflow-venv/lib/python3.10/site-packages/airflow/example_dags/example_xcom.py
[2023-04-22T13:25:04.129-0400] {processor.py:753} INFO - DAG(s) dict_keys(['example_xcom']) retrieved from /Users/admin/opt/anaconda3/envs/python-airflow-venv/lib/python3.10/site-packages/airflow/example_dags/example_xcom.py
[2023-04-22T13:25:04.172-0400] {logging_mixin.py:137} WARNING - /Users/admin/opt/anaconda3/envs/python-airflow-venv/lib/python3.10/site-packages/airflow/jobs/scheduler_job.py:124 DeprecationWarning: The processor_poll_interval option in [scheduler] has been renamed to scheduler_idle_sleep_time - the old setting has been used, but please update your config.
[2023-04-22T13:25:04.741-0400] {logging_mixin.py:137} INFO - [2023-04-22T13:25:04.741-0400] {dag.py:2690} INFO - Sync 1 DAGs
[2023-04-22T13:25:04.755-0400] {logging_mixin.py:137} INFO - [2023-04-22T13:25:04.755-0400] {dag.py:3437} INFO - Setting next_dagrun for example_xcom to 2021-01-01T00:00:00+00:00, run_after=2021-01-01T00:00:00+00:00
[2023-04-22T13:25:04.775-0400] {processor.py:175} INFO - Processing /Users/admin/opt/anaconda3/envs/python-airflow-venv/lib/python3.10/site-packages/airflow/example_dags/example_xcom.py took 0.722 seconds
[2023-04-22T13:53:54.880-0400] {logging_mixin.py:137} WARNING - /Users/admin/opt/anaconda3/envs/python-airflow-venv/lib/python3.10/site-packages/airflow/settings.py:337 DeprecationWarning: The sql_alchemy_pool_enabled option in [core] has been moved to the sql_alchemy_pool_enabled option in [database] - the old setting has been used, but please update your config.
[2023-04-22T13:53:54.884-0400] {logging_mixin.py:137} WARNING - /Users/admin/opt/anaconda3/envs/python-airflow-venv/lib/python3.10/site-packages/airflow/settings.py:400 DeprecationWarning: The sql_engine_encoding option in [core] has been moved to the sql_engine_encoding option in [database] - the old setting has been used, but please update your config.
[2023-04-22T13:53:54.885-0400] {processor.py:153} INFO - Started process (PID=3722) to work on /Users/admin/opt/anaconda3/envs/python-airflow-venv/lib/python3.10/site-packages/airflow/example_dags/example_xcom.py
[2023-04-22T13:53:54.885-0400] {processor.py:743} INFO - Processing file /Users/admin/opt/anaconda3/envs/python-airflow-venv/lib/python3.10/site-packages/airflow/example_dags/example_xcom.py for tasks to queue
[2023-04-22T13:53:54.886-0400] {logging_mixin.py:137} INFO - [2023-04-22T13:53:54.886-0400] {dagbag.py:538} INFO - Filling up the DagBag from /Users/admin/opt/anaconda3/envs/python-airflow-venv/lib/python3.10/site-packages/airflow/example_dags/example_xcom.py
[2023-04-22T13:53:54.950-0400] {processor.py:753} INFO - DAG(s) dict_keys(['example_xcom']) retrieved from /Users/admin/opt/anaconda3/envs/python-airflow-venv/lib/python3.10/site-packages/airflow/example_dags/example_xcom.py
[2023-04-22T13:53:54.992-0400] {logging_mixin.py:137} WARNING - /Users/admin/opt/anaconda3/envs/python-airflow-venv/lib/python3.10/site-packages/airflow/jobs/scheduler_job.py:124 DeprecationWarning: The processor_poll_interval option in [scheduler] has been renamed to scheduler_idle_sleep_time - the old setting has been used, but please update your config.
[2023-04-22T13:53:55.560-0400] {logging_mixin.py:137} INFO - [2023-04-22T13:53:55.560-0400] {dag.py:2690} INFO - Sync 1 DAGs
[2023-04-22T13:53:55.574-0400] {logging_mixin.py:137} INFO - [2023-04-22T13:53:55.574-0400] {dag.py:3437} INFO - Setting next_dagrun for example_xcom to 2021-01-01T00:00:00+00:00, run_after=2021-01-01T00:00:00+00:00
[2023-04-22T13:53:55.594-0400] {processor.py:175} INFO - Processing /Users/admin/opt/anaconda3/envs/python-airflow-venv/lib/python3.10/site-packages/airflow/example_dags/example_xcom.py took 0.715 seconds
[2023-04-22T14:29:40.074-0400] {logging_mixin.py:137} WARNING - /Users/admin/opt/anaconda3/envs/python-airflow-venv/lib/python3.10/site-packages/airflow/settings.py:337 DeprecationWarning: The sql_alchemy_pool_enabled option in [core] has been moved to the sql_alchemy_pool_enabled option in [database] - the old setting has been used, but please update your config.
[2023-04-22T14:29:40.078-0400] {logging_mixin.py:137} WARNING - /Users/admin/opt/anaconda3/envs/python-airflow-venv/lib/python3.10/site-packages/airflow/settings.py:400 DeprecationWarning: The sql_engine_encoding option in [core] has been moved to the sql_engine_encoding option in [database] - the old setting has been used, but please update your config.
[2023-04-22T14:29:40.079-0400] {processor.py:153} INFO - Started process (PID=3798) to work on /Users/admin/opt/anaconda3/envs/python-airflow-venv/lib/python3.10/site-packages/airflow/example_dags/example_xcom.py
[2023-04-22T14:29:40.079-0400] {processor.py:743} INFO - Processing file /Users/admin/opt/anaconda3/envs/python-airflow-venv/lib/python3.10/site-packages/airflow/example_dags/example_xcom.py for tasks to queue
[2023-04-22T14:29:40.079-0400] {logging_mixin.py:137} INFO - [2023-04-22T14:29:40.079-0400] {dagbag.py:538} INFO - Filling up the DagBag from /Users/admin/opt/anaconda3/envs/python-airflow-venv/lib/python3.10/site-packages/airflow/example_dags/example_xcom.py
[2023-04-22T14:29:40.149-0400] {processor.py:753} INFO - DAG(s) dict_keys(['example_xcom']) retrieved from /Users/admin/opt/anaconda3/envs/python-airflow-venv/lib/python3.10/site-packages/airflow/example_dags/example_xcom.py
[2023-04-22T14:29:40.191-0400] {logging_mixin.py:137} WARNING - /Users/admin/opt/anaconda3/envs/python-airflow-venv/lib/python3.10/site-packages/airflow/jobs/scheduler_job.py:124 DeprecationWarning: The processor_poll_interval option in [scheduler] has been renamed to scheduler_idle_sleep_time - the old setting has been used, but please update your config.
[2023-04-22T14:29:40.783-0400] {logging_mixin.py:137} INFO - [2023-04-22T14:29:40.783-0400] {dag.py:2690} INFO - Sync 1 DAGs
[2023-04-22T14:29:40.797-0400] {logging_mixin.py:137} INFO - [2023-04-22T14:29:40.797-0400] {dag.py:3437} INFO - Setting next_dagrun for example_xcom to 2021-01-01T00:00:00+00:00, run_after=2021-01-01T00:00:00+00:00
[2023-04-22T14:29:40.814-0400] {processor.py:175} INFO - Processing /Users/admin/opt/anaconda3/envs/python-airflow-venv/lib/python3.10/site-packages/airflow/example_dags/example_xcom.py took 0.741 seconds
[2023-04-22T14:31:36.318-0400] {logging_mixin.py:137} WARNING - /Users/admin/opt/anaconda3/envs/python-airflow-venv/lib/python3.10/site-packages/airflow/settings.py:337 DeprecationWarning: The sql_alchemy_pool_enabled option in [core] has been moved to the sql_alchemy_pool_enabled option in [database] - the old setting has been used, but please update your config.
[2023-04-22T14:31:36.323-0400] {logging_mixin.py:137} WARNING - /Users/admin/opt/anaconda3/envs/python-airflow-venv/lib/python3.10/site-packages/airflow/settings.py:400 DeprecationWarning: The sql_engine_encoding option in [core] has been moved to the sql_engine_encoding option in [database] - the old setting has been used, but please update your config.
[2023-04-22T14:31:36.323-0400] {processor.py:153} INFO - Started process (PID=3854) to work on /Users/admin/opt/anaconda3/envs/python-airflow-venv/lib/python3.10/site-packages/airflow/example_dags/example_xcom.py
[2023-04-22T14:31:36.323-0400] {processor.py:743} INFO - Processing file /Users/admin/opt/anaconda3/envs/python-airflow-venv/lib/python3.10/site-packages/airflow/example_dags/example_xcom.py for tasks to queue
[2023-04-22T14:31:36.324-0400] {logging_mixin.py:137} INFO - [2023-04-22T14:31:36.324-0400] {dagbag.py:538} INFO - Filling up the DagBag from /Users/admin/opt/anaconda3/envs/python-airflow-venv/lib/python3.10/site-packages/airflow/example_dags/example_xcom.py
[2023-04-22T14:31:36.394-0400] {processor.py:753} INFO - DAG(s) dict_keys(['example_xcom']) retrieved from /Users/admin/opt/anaconda3/envs/python-airflow-venv/lib/python3.10/site-packages/airflow/example_dags/example_xcom.py
[2023-04-22T14:31:36.437-0400] {logging_mixin.py:137} WARNING - /Users/admin/opt/anaconda3/envs/python-airflow-venv/lib/python3.10/site-packages/airflow/jobs/scheduler_job.py:124 DeprecationWarning: The processor_poll_interval option in [scheduler] has been renamed to scheduler_idle_sleep_time - the old setting has been used, but please update your config.
[2023-04-22T14:31:37.008-0400] {logging_mixin.py:137} INFO - [2023-04-22T14:31:37.008-0400] {dag.py:2690} INFO - Sync 1 DAGs
[2023-04-22T14:31:37.022-0400] {logging_mixin.py:137} INFO - [2023-04-22T14:31:37.022-0400] {dag.py:3437} INFO - Setting next_dagrun for example_xcom to 2021-01-01T00:00:00+00:00, run_after=2021-01-01T00:00:00+00:00
[2023-04-22T14:31:37.039-0400] {processor.py:175} INFO - Processing /Users/admin/opt/anaconda3/envs/python-airflow-venv/lib/python3.10/site-packages/airflow/example_dags/example_xcom.py took 0.721 seconds
[2023-04-22T14:33:35.512-0400] {logging_mixin.py:137} WARNING - /Users/admin/opt/anaconda3/envs/python-airflow-venv/lib/python3.10/site-packages/airflow/settings.py:337 DeprecationWarning: The sql_alchemy_pool_enabled option in [core] has been moved to the sql_alchemy_pool_enabled option in [database] - the old setting has been used, but please update your config.
[2023-04-22T14:33:35.516-0400] {logging_mixin.py:137} WARNING - /Users/admin/opt/anaconda3/envs/python-airflow-venv/lib/python3.10/site-packages/airflow/settings.py:400 DeprecationWarning: The sql_engine_encoding option in [core] has been moved to the sql_engine_encoding option in [database] - the old setting has been used, but please update your config.
[2023-04-22T14:33:35.517-0400] {processor.py:153} INFO - Started process (PID=3956) to work on /Users/admin/opt/anaconda3/envs/python-airflow-venv/lib/python3.10/site-packages/airflow/example_dags/example_xcom.py
[2023-04-22T14:33:35.517-0400] {processor.py:743} INFO - Processing file /Users/admin/opt/anaconda3/envs/python-airflow-venv/lib/python3.10/site-packages/airflow/example_dags/example_xcom.py for tasks to queue
[2023-04-22T14:33:35.517-0400] {logging_mixin.py:137} INFO - [2023-04-22T14:33:35.517-0400] {dagbag.py:538} INFO - Filling up the DagBag from /Users/admin/opt/anaconda3/envs/python-airflow-venv/lib/python3.10/site-packages/airflow/example_dags/example_xcom.py
[2023-04-22T14:33:35.586-0400] {processor.py:753} INFO - DAG(s) dict_keys(['example_xcom']) retrieved from /Users/admin/opt/anaconda3/envs/python-airflow-venv/lib/python3.10/site-packages/airflow/example_dags/example_xcom.py
[2023-04-22T14:33:35.631-0400] {logging_mixin.py:137} WARNING - /Users/admin/opt/anaconda3/envs/python-airflow-venv/lib/python3.10/site-packages/airflow/jobs/scheduler_job.py:124 DeprecationWarning: The processor_poll_interval option in [scheduler] has been renamed to scheduler_idle_sleep_time - the old setting has been used, but please update your config.
[2023-04-22T14:33:36.201-0400] {logging_mixin.py:137} INFO - [2023-04-22T14:33:36.200-0400] {dag.py:2690} INFO - Sync 1 DAGs
[2023-04-22T14:33:36.215-0400] {logging_mixin.py:137} INFO - [2023-04-22T14:33:36.214-0400] {dag.py:3437} INFO - Setting next_dagrun for example_xcom to 2021-01-01T00:00:00+00:00, run_after=2021-01-01T00:00:00+00:00
[2023-04-22T14:33:36.235-0400] {processor.py:175} INFO - Processing /Users/admin/opt/anaconda3/envs/python-airflow-venv/lib/python3.10/site-packages/airflow/example_dags/example_xcom.py took 0.724 seconds
[2023-04-22T14:35:32.991-0400] {logging_mixin.py:137} WARNING - /Users/admin/opt/anaconda3/envs/python-airflow-venv/lib/python3.10/site-packages/airflow/settings.py:337 DeprecationWarning: The sql_alchemy_pool_enabled option in [core] has been moved to the sql_alchemy_pool_enabled option in [database] - the old setting has been used, but please update your config.
[2023-04-22T14:35:32.995-0400] {logging_mixin.py:137} WARNING - /Users/admin/opt/anaconda3/envs/python-airflow-venv/lib/python3.10/site-packages/airflow/settings.py:400 DeprecationWarning: The sql_engine_encoding option in [core] has been moved to the sql_engine_encoding option in [database] - the old setting has been used, but please update your config.
[2023-04-22T14:35:32.996-0400] {processor.py:153} INFO - Started process (PID=4037) to work on /Users/admin/opt/anaconda3/envs/python-airflow-venv/lib/python3.10/site-packages/airflow/example_dags/example_xcom.py
[2023-04-22T14:35:32.996-0400] {processor.py:743} INFO - Processing file /Users/admin/opt/anaconda3/envs/python-airflow-venv/lib/python3.10/site-packages/airflow/example_dags/example_xcom.py for tasks to queue
[2023-04-22T14:35:32.996-0400] {logging_mixin.py:137} INFO - [2023-04-22T14:35:32.996-0400] {dagbag.py:538} INFO - Filling up the DagBag from /Users/admin/opt/anaconda3/envs/python-airflow-venv/lib/python3.10/site-packages/airflow/example_dags/example_xcom.py
[2023-04-22T14:35:33.063-0400] {processor.py:753} INFO - DAG(s) dict_keys(['example_xcom']) retrieved from /Users/admin/opt/anaconda3/envs/python-airflow-venv/lib/python3.10/site-packages/airflow/example_dags/example_xcom.py
[2023-04-22T14:35:33.106-0400] {logging_mixin.py:137} WARNING - /Users/admin/opt/anaconda3/envs/python-airflow-venv/lib/python3.10/site-packages/airflow/jobs/scheduler_job.py:124 DeprecationWarning: The processor_poll_interval option in [scheduler] has been renamed to scheduler_idle_sleep_time - the old setting has been used, but please update your config.
[2023-04-22T14:35:33.673-0400] {logging_mixin.py:137} INFO - [2023-04-22T14:35:33.673-0400] {dag.py:2690} INFO - Sync 1 DAGs
[2023-04-22T14:35:33.687-0400] {logging_mixin.py:137} INFO - [2023-04-22T14:35:33.687-0400] {dag.py:3437} INFO - Setting next_dagrun for example_xcom to 2021-01-01T00:00:00+00:00, run_after=2021-01-01T00:00:00+00:00
[2023-04-22T14:35:33.704-0400] {processor.py:175} INFO - Processing /Users/admin/opt/anaconda3/envs/python-airflow-venv/lib/python3.10/site-packages/airflow/example_dags/example_xcom.py took 0.714 seconds
[2023-04-22T14:37:30.124-0400] {logging_mixin.py:137} WARNING - /Users/admin/opt/anaconda3/envs/python-airflow-venv/lib/python3.10/site-packages/airflow/settings.py:337 DeprecationWarning: The sql_alchemy_pool_enabled option in [core] has been moved to the sql_alchemy_pool_enabled option in [database] - the old setting has been used, but please update your config.
[2023-04-22T14:37:30.129-0400] {logging_mixin.py:137} WARNING - /Users/admin/opt/anaconda3/envs/python-airflow-venv/lib/python3.10/site-packages/airflow/settings.py:400 DeprecationWarning: The sql_engine_encoding option in [core] has been moved to the sql_engine_encoding option in [database] - the old setting has been used, but please update your config.
[2023-04-22T14:37:30.129-0400] {processor.py:153} INFO - Started process (PID=4099) to work on /Users/admin/opt/anaconda3/envs/python-airflow-venv/lib/python3.10/site-packages/airflow/example_dags/example_xcom.py
[2023-04-22T14:37:30.129-0400] {processor.py:743} INFO - Processing file /Users/admin/opt/anaconda3/envs/python-airflow-venv/lib/python3.10/site-packages/airflow/example_dags/example_xcom.py for tasks to queue
[2023-04-22T14:37:30.130-0400] {logging_mixin.py:137} INFO - [2023-04-22T14:37:30.130-0400] {dagbag.py:538} INFO - Filling up the DagBag from /Users/admin/opt/anaconda3/envs/python-airflow-venv/lib/python3.10/site-packages/airflow/example_dags/example_xcom.py
[2023-04-22T14:37:30.196-0400] {processor.py:753} INFO - DAG(s) dict_keys(['example_xcom']) retrieved from /Users/admin/opt/anaconda3/envs/python-airflow-venv/lib/python3.10/site-packages/airflow/example_dags/example_xcom.py
[2023-04-22T14:37:30.239-0400] {logging_mixin.py:137} WARNING - /Users/admin/opt/anaconda3/envs/python-airflow-venv/lib/python3.10/site-packages/airflow/jobs/scheduler_job.py:124 DeprecationWarning: The processor_poll_interval option in [scheduler] has been renamed to scheduler_idle_sleep_time - the old setting has been used, but please update your config.
[2023-04-22T14:37:30.811-0400] {logging_mixin.py:137} INFO - [2023-04-22T14:37:30.811-0400] {dag.py:2690} INFO - Sync 1 DAGs
[2023-04-22T14:37:30.825-0400] {logging_mixin.py:137} INFO - [2023-04-22T14:37:30.824-0400] {dag.py:3437} INFO - Setting next_dagrun for example_xcom to 2021-01-01T00:00:00+00:00, run_after=2021-01-01T00:00:00+00:00
[2023-04-22T14:37:30.841-0400] {processor.py:175} INFO - Processing /Users/admin/opt/anaconda3/envs/python-airflow-venv/lib/python3.10/site-packages/airflow/example_dags/example_xcom.py took 0.718 seconds
