[2023-04-22T13:01:04.343-0400] {logging_mixin.py:137} WARNING - /Users/admin/opt/anaconda3/envs/python-airflow-venv/lib/python3.10/site-packages/airflow/settings.py:337 DeprecationWarning: The sql_alchemy_pool_enabled option in [core] has been moved to the sql_alchemy_pool_enabled option in [database] - the old setting has been used, but please update your config.
[2023-04-22T13:01:04.347-0400] {logging_mixin.py:137} WARNING - /Users/admin/opt/anaconda3/envs/python-airflow-venv/lib/python3.10/site-packages/airflow/settings.py:400 DeprecationWarning: The sql_engine_encoding option in [core] has been moved to the sql_engine_encoding option in [database] - the old setting has been used, but please update your config.
[2023-04-22T13:01:04.348-0400] {processor.py:153} INFO - Started process (PID=2638) to work on /Users/admin/opt/anaconda3/envs/python-airflow-venv/lib/python3.10/site-packages/airflow/example_dags/example_latest_only_with_trigger.py
[2023-04-22T13:01:04.348-0400] {processor.py:743} INFO - Processing file /Users/admin/opt/anaconda3/envs/python-airflow-venv/lib/python3.10/site-packages/airflow/example_dags/example_latest_only_with_trigger.py for tasks to queue
[2023-04-22T13:01:04.349-0400] {logging_mixin.py:137} INFO - [2023-04-22T13:01:04.349-0400] {dagbag.py:538} INFO - Filling up the DagBag from /Users/admin/opt/anaconda3/envs/python-airflow-venv/lib/python3.10/site-packages/airflow/example_dags/example_latest_only_with_trigger.py
[2023-04-22T13:01:04.400-0400] {processor.py:753} INFO - DAG(s) dict_keys(['latest_only_with_trigger']) retrieved from /Users/admin/opt/anaconda3/envs/python-airflow-venv/lib/python3.10/site-packages/airflow/example_dags/example_latest_only_with_trigger.py
[2023-04-22T13:01:04.457-0400] {logging_mixin.py:137} WARNING - /Users/admin/opt/anaconda3/envs/python-airflow-venv/lib/python3.10/site-packages/airflow/jobs/scheduler_job.py:124 DeprecationWarning: The processor_poll_interval option in [scheduler] has been renamed to scheduler_idle_sleep_time - the old setting has been used, but please update your config.
[2023-04-22T13:01:05.128-0400] {logging_mixin.py:137} INFO - [2023-04-22T13:01:05.127-0400] {dag.py:2690} INFO - Sync 1 DAGs
[2023-04-22T13:01:05.151-0400] {logging_mixin.py:137} INFO - [2023-04-22T13:01:05.151-0400] {dag.py:3437} INFO - Setting next_dagrun for latest_only_with_trigger to 2023-04-22T13:01:05.151063+00:00, run_after=2023-04-22T17:01:05.151063+00:00
[2023-04-22T13:01:05.165-0400] {processor.py:175} INFO - Processing /Users/admin/opt/anaconda3/envs/python-airflow-venv/lib/python3.10/site-packages/airflow/example_dags/example_latest_only_with_trigger.py took 0.823 seconds
[2023-04-22T13:03:18.174-0400] {logging_mixin.py:137} WARNING - /Users/admin/opt/anaconda3/envs/python-airflow-venv/lib/python3.10/site-packages/airflow/settings.py:337 DeprecationWarning: The sql_alchemy_pool_enabled option in [core] has been moved to the sql_alchemy_pool_enabled option in [database] - the old setting has been used, but please update your config.
[2023-04-22T13:03:18.178-0400] {logging_mixin.py:137} WARNING - /Users/admin/opt/anaconda3/envs/python-airflow-venv/lib/python3.10/site-packages/airflow/settings.py:400 DeprecationWarning: The sql_engine_encoding option in [core] has been moved to the sql_engine_encoding option in [database] - the old setting has been used, but please update your config.
[2023-04-22T13:03:18.179-0400] {processor.py:153} INFO - Started process (PID=2952) to work on /Users/admin/opt/anaconda3/envs/python-airflow-venv/lib/python3.10/site-packages/airflow/example_dags/example_latest_only_with_trigger.py
[2023-04-22T13:03:18.179-0400] {processor.py:743} INFO - Processing file /Users/admin/opt/anaconda3/envs/python-airflow-venv/lib/python3.10/site-packages/airflow/example_dags/example_latest_only_with_trigger.py for tasks to queue
[2023-04-22T13:03:18.180-0400] {logging_mixin.py:137} INFO - [2023-04-22T13:03:18.179-0400] {dagbag.py:538} INFO - Filling up the DagBag from /Users/admin/opt/anaconda3/envs/python-airflow-venv/lib/python3.10/site-packages/airflow/example_dags/example_latest_only_with_trigger.py
[2023-04-22T13:03:18.228-0400] {processor.py:753} INFO - DAG(s) dict_keys(['latest_only_with_trigger']) retrieved from /Users/admin/opt/anaconda3/envs/python-airflow-venv/lib/python3.10/site-packages/airflow/example_dags/example_latest_only_with_trigger.py
[2023-04-22T13:03:18.281-0400] {logging_mixin.py:137} WARNING - /Users/admin/opt/anaconda3/envs/python-airflow-venv/lib/python3.10/site-packages/airflow/jobs/scheduler_job.py:124 DeprecationWarning: The processor_poll_interval option in [scheduler] has been renamed to scheduler_idle_sleep_time - the old setting has been used, but please update your config.
[2023-04-22T13:03:18.861-0400] {logging_mixin.py:137} INFO - [2023-04-22T13:03:18.861-0400] {dag.py:2690} INFO - Sync 1 DAGs
[2023-04-22T13:03:18.875-0400] {logging_mixin.py:137} INFO - [2023-04-22T13:03:18.875-0400] {dag.py:3437} INFO - Setting next_dagrun for latest_only_with_trigger to 2023-04-22T13:03:18.875704+00:00, run_after=2023-04-22T17:03:18.875704+00:00
[2023-04-22T13:03:18.904-0400] {processor.py:175} INFO - Processing /Users/admin/opt/anaconda3/envs/python-airflow-venv/lib/python3.10/site-packages/airflow/example_dags/example_latest_only_with_trigger.py took 0.731 seconds
[2023-04-22T13:08:15.400-0400] {logging_mixin.py:137} WARNING - /Users/admin/opt/anaconda3/envs/python-airflow-venv/lib/python3.10/site-packages/airflow/settings.py:337 DeprecationWarning: The sql_alchemy_pool_enabled option in [core] has been moved to the sql_alchemy_pool_enabled option in [database] - the old setting has been used, but please update your config.
[2023-04-22T13:08:15.406-0400] {logging_mixin.py:137} WARNING - /Users/admin/opt/anaconda3/envs/python-airflow-venv/lib/python3.10/site-packages/airflow/settings.py:400 DeprecationWarning: The sql_engine_encoding option in [core] has been moved to the sql_engine_encoding option in [database] - the old setting has been used, but please update your config.
[2023-04-22T13:08:15.407-0400] {processor.py:153} INFO - Started process (PID=3189) to work on /Users/admin/opt/anaconda3/envs/python-airflow-venv/lib/python3.10/site-packages/airflow/example_dags/example_latest_only_with_trigger.py
[2023-04-22T13:08:15.407-0400] {processor.py:743} INFO - Processing file /Users/admin/opt/anaconda3/envs/python-airflow-venv/lib/python3.10/site-packages/airflow/example_dags/example_latest_only_with_trigger.py for tasks to queue
[2023-04-22T13:08:15.407-0400] {logging_mixin.py:137} INFO - [2023-04-22T13:08:15.407-0400] {dagbag.py:538} INFO - Filling up the DagBag from /Users/admin/opt/anaconda3/envs/python-airflow-venv/lib/python3.10/site-packages/airflow/example_dags/example_latest_only_with_trigger.py
[2023-04-22T13:08:15.455-0400] {processor.py:753} INFO - DAG(s) dict_keys(['latest_only_with_trigger']) retrieved from /Users/admin/opt/anaconda3/envs/python-airflow-venv/lib/python3.10/site-packages/airflow/example_dags/example_latest_only_with_trigger.py
[2023-04-22T13:08:15.510-0400] {logging_mixin.py:137} WARNING - /Users/admin/opt/anaconda3/envs/python-airflow-venv/lib/python3.10/site-packages/airflow/jobs/scheduler_job.py:124 DeprecationWarning: The processor_poll_interval option in [scheduler] has been renamed to scheduler_idle_sleep_time - the old setting has been used, but please update your config.
[2023-04-22T13:08:16.086-0400] {logging_mixin.py:137} INFO - [2023-04-22T13:08:16.086-0400] {dag.py:2690} INFO - Sync 1 DAGs
[2023-04-22T13:08:16.100-0400] {logging_mixin.py:137} INFO - [2023-04-22T13:08:16.100-0400] {dag.py:3437} INFO - Setting next_dagrun for latest_only_with_trigger to 2023-04-22T13:08:16.100027+00:00, run_after=2023-04-22T17:08:16.100027+00:00
[2023-04-22T13:08:16.121-0400] {processor.py:175} INFO - Processing /Users/admin/opt/anaconda3/envs/python-airflow-venv/lib/python3.10/site-packages/airflow/example_dags/example_latest_only_with_trigger.py took 0.722 seconds
[2023-04-22T13:10:16.961-0400] {logging_mixin.py:137} WARNING - /Users/admin/opt/anaconda3/envs/python-airflow-venv/lib/python3.10/site-packages/airflow/settings.py:337 DeprecationWarning: The sql_alchemy_pool_enabled option in [core] has been moved to the sql_alchemy_pool_enabled option in [database] - the old setting has been used, but please update your config.
[2023-04-22T13:10:16.966-0400] {logging_mixin.py:137} WARNING - /Users/admin/opt/anaconda3/envs/python-airflow-venv/lib/python3.10/site-packages/airflow/settings.py:400 DeprecationWarning: The sql_engine_encoding option in [core] has been moved to the sql_engine_encoding option in [database] - the old setting has been used, but please update your config.
[2023-04-22T13:10:16.966-0400] {processor.py:153} INFO - Started process (PID=3248) to work on /Users/admin/opt/anaconda3/envs/python-airflow-venv/lib/python3.10/site-packages/airflow/example_dags/example_latest_only_with_trigger.py
[2023-04-22T13:10:16.967-0400] {processor.py:743} INFO - Processing file /Users/admin/opt/anaconda3/envs/python-airflow-venv/lib/python3.10/site-packages/airflow/example_dags/example_latest_only_with_trigger.py for tasks to queue
[2023-04-22T13:10:16.967-0400] {logging_mixin.py:137} INFO - [2023-04-22T13:10:16.967-0400] {dagbag.py:538} INFO - Filling up the DagBag from /Users/admin/opt/anaconda3/envs/python-airflow-venv/lib/python3.10/site-packages/airflow/example_dags/example_latest_only_with_trigger.py
[2023-04-22T13:10:17.014-0400] {processor.py:753} INFO - DAG(s) dict_keys(['latest_only_with_trigger']) retrieved from /Users/admin/opt/anaconda3/envs/python-airflow-venv/lib/python3.10/site-packages/airflow/example_dags/example_latest_only_with_trigger.py
[2023-04-22T13:10:17.068-0400] {logging_mixin.py:137} WARNING - /Users/admin/opt/anaconda3/envs/python-airflow-venv/lib/python3.10/site-packages/airflow/jobs/scheduler_job.py:124 DeprecationWarning: The processor_poll_interval option in [scheduler] has been renamed to scheduler_idle_sleep_time - the old setting has been used, but please update your config.
[2023-04-22T13:10:17.641-0400] {logging_mixin.py:137} INFO - [2023-04-22T13:10:17.641-0400] {dag.py:2690} INFO - Sync 1 DAGs
[2023-04-22T13:10:17.655-0400] {logging_mixin.py:137} INFO - [2023-04-22T13:10:17.655-0400] {dag.py:3437} INFO - Setting next_dagrun for latest_only_with_trigger to 2023-04-22T13:10:17.655101+00:00, run_after=2023-04-22T17:10:17.655101+00:00
[2023-04-22T13:10:17.673-0400] {processor.py:175} INFO - Processing /Users/admin/opt/anaconda3/envs/python-airflow-venv/lib/python3.10/site-packages/airflow/example_dags/example_latest_only_with_trigger.py took 0.713 seconds
[2023-04-22T13:12:14.137-0400] {logging_mixin.py:137} WARNING - /Users/admin/opt/anaconda3/envs/python-airflow-venv/lib/python3.10/site-packages/airflow/settings.py:337 DeprecationWarning: The sql_alchemy_pool_enabled option in [core] has been moved to the sql_alchemy_pool_enabled option in [database] - the old setting has been used, but please update your config.
[2023-04-22T13:12:14.141-0400] {logging_mixin.py:137} WARNING - /Users/admin/opt/anaconda3/envs/python-airflow-venv/lib/python3.10/site-packages/airflow/settings.py:400 DeprecationWarning: The sql_engine_encoding option in [core] has been moved to the sql_engine_encoding option in [database] - the old setting has been used, but please update your config.
[2023-04-22T13:12:14.142-0400] {processor.py:153} INFO - Started process (PID=3302) to work on /Users/admin/opt/anaconda3/envs/python-airflow-venv/lib/python3.10/site-packages/airflow/example_dags/example_latest_only_with_trigger.py
[2023-04-22T13:12:14.142-0400] {processor.py:743} INFO - Processing file /Users/admin/opt/anaconda3/envs/python-airflow-venv/lib/python3.10/site-packages/airflow/example_dags/example_latest_only_with_trigger.py for tasks to queue
[2023-04-22T13:12:14.143-0400] {logging_mixin.py:137} INFO - [2023-04-22T13:12:14.142-0400] {dagbag.py:538} INFO - Filling up the DagBag from /Users/admin/opt/anaconda3/envs/python-airflow-venv/lib/python3.10/site-packages/airflow/example_dags/example_latest_only_with_trigger.py
[2023-04-22T13:12:14.191-0400] {processor.py:753} INFO - DAG(s) dict_keys(['latest_only_with_trigger']) retrieved from /Users/admin/opt/anaconda3/envs/python-airflow-venv/lib/python3.10/site-packages/airflow/example_dags/example_latest_only_with_trigger.py
[2023-04-22T13:12:14.245-0400] {logging_mixin.py:137} WARNING - /Users/admin/opt/anaconda3/envs/python-airflow-venv/lib/python3.10/site-packages/airflow/jobs/scheduler_job.py:124 DeprecationWarning: The processor_poll_interval option in [scheduler] has been renamed to scheduler_idle_sleep_time - the old setting has been used, but please update your config.
[2023-04-22T13:12:14.816-0400] {logging_mixin.py:137} INFO - [2023-04-22T13:12:14.816-0400] {dag.py:2690} INFO - Sync 1 DAGs
[2023-04-22T13:12:14.830-0400] {logging_mixin.py:137} INFO - [2023-04-22T13:12:14.830-0400] {dag.py:3437} INFO - Setting next_dagrun for latest_only_with_trigger to 2023-04-22T13:12:14.830420+00:00, run_after=2023-04-22T17:12:14.830420+00:00
[2023-04-22T13:12:14.850-0400] {processor.py:175} INFO - Processing /Users/admin/opt/anaconda3/envs/python-airflow-venv/lib/python3.10/site-packages/airflow/example_dags/example_latest_only_with_trigger.py took 0.714 seconds
[2023-04-22T13:14:10.869-0400] {logging_mixin.py:137} WARNING - /Users/admin/opt/anaconda3/envs/python-airflow-venv/lib/python3.10/site-packages/airflow/settings.py:337 DeprecationWarning: The sql_alchemy_pool_enabled option in [core] has been moved to the sql_alchemy_pool_enabled option in [database] - the old setting has been used, but please update your config.
[2023-04-22T13:14:10.873-0400] {logging_mixin.py:137} WARNING - /Users/admin/opt/anaconda3/envs/python-airflow-venv/lib/python3.10/site-packages/airflow/settings.py:400 DeprecationWarning: The sql_engine_encoding option in [core] has been moved to the sql_engine_encoding option in [database] - the old setting has been used, but please update your config.
[2023-04-22T13:14:10.874-0400] {processor.py:153} INFO - Started process (PID=3355) to work on /Users/admin/opt/anaconda3/envs/python-airflow-venv/lib/python3.10/site-packages/airflow/example_dags/example_latest_only_with_trigger.py
[2023-04-22T13:14:10.874-0400] {processor.py:743} INFO - Processing file /Users/admin/opt/anaconda3/envs/python-airflow-venv/lib/python3.10/site-packages/airflow/example_dags/example_latest_only_with_trigger.py for tasks to queue
[2023-04-22T13:14:10.874-0400] {logging_mixin.py:137} INFO - [2023-04-22T13:14:10.874-0400] {dagbag.py:538} INFO - Filling up the DagBag from /Users/admin/opt/anaconda3/envs/python-airflow-venv/lib/python3.10/site-packages/airflow/example_dags/example_latest_only_with_trigger.py
[2023-04-22T13:14:10.924-0400] {processor.py:753} INFO - DAG(s) dict_keys(['latest_only_with_trigger']) retrieved from /Users/admin/opt/anaconda3/envs/python-airflow-venv/lib/python3.10/site-packages/airflow/example_dags/example_latest_only_with_trigger.py
[2023-04-22T13:14:10.977-0400] {logging_mixin.py:137} WARNING - /Users/admin/opt/anaconda3/envs/python-airflow-venv/lib/python3.10/site-packages/airflow/jobs/scheduler_job.py:124 DeprecationWarning: The processor_poll_interval option in [scheduler] has been renamed to scheduler_idle_sleep_time - the old setting has been used, but please update your config.
[2023-04-22T13:14:11.552-0400] {logging_mixin.py:137} INFO - [2023-04-22T13:14:11.552-0400] {dag.py:2690} INFO - Sync 1 DAGs
[2023-04-22T13:14:11.566-0400] {logging_mixin.py:137} INFO - [2023-04-22T13:14:11.566-0400] {dag.py:3437} INFO - Setting next_dagrun for latest_only_with_trigger to 2023-04-22T13:14:11.566753+00:00, run_after=2023-04-22T17:14:11.566753+00:00
[2023-04-22T13:14:11.583-0400] {processor.py:175} INFO - Processing /Users/admin/opt/anaconda3/envs/python-airflow-venv/lib/python3.10/site-packages/airflow/example_dags/example_latest_only_with_trigger.py took 0.715 seconds
[2023-04-22T13:16:07.571-0400] {logging_mixin.py:137} WARNING - /Users/admin/opt/anaconda3/envs/python-airflow-venv/lib/python3.10/site-packages/airflow/settings.py:337 DeprecationWarning: The sql_alchemy_pool_enabled option in [core] has been moved to the sql_alchemy_pool_enabled option in [database] - the old setting has been used, but please update your config.
[2023-04-22T13:16:07.578-0400] {logging_mixin.py:137} WARNING - /Users/admin/opt/anaconda3/envs/python-airflow-venv/lib/python3.10/site-packages/airflow/settings.py:400 DeprecationWarning: The sql_engine_encoding option in [core] has been moved to the sql_engine_encoding option in [database] - the old setting has been used, but please update your config.
[2023-04-22T13:16:07.579-0400] {processor.py:153} INFO - Started process (PID=3408) to work on /Users/admin/opt/anaconda3/envs/python-airflow-venv/lib/python3.10/site-packages/airflow/example_dags/example_latest_only_with_trigger.py
[2023-04-22T13:16:07.579-0400] {processor.py:743} INFO - Processing file /Users/admin/opt/anaconda3/envs/python-airflow-venv/lib/python3.10/site-packages/airflow/example_dags/example_latest_only_with_trigger.py for tasks to queue
[2023-04-22T13:16:07.579-0400] {logging_mixin.py:137} INFO - [2023-04-22T13:16:07.579-0400] {dagbag.py:538} INFO - Filling up the DagBag from /Users/admin/opt/anaconda3/envs/python-airflow-venv/lib/python3.10/site-packages/airflow/example_dags/example_latest_only_with_trigger.py
[2023-04-22T13:16:07.636-0400] {processor.py:753} INFO - DAG(s) dict_keys(['latest_only_with_trigger']) retrieved from /Users/admin/opt/anaconda3/envs/python-airflow-venv/lib/python3.10/site-packages/airflow/example_dags/example_latest_only_with_trigger.py
[2023-04-22T13:16:07.696-0400] {logging_mixin.py:137} WARNING - /Users/admin/opt/anaconda3/envs/python-airflow-venv/lib/python3.10/site-packages/airflow/jobs/scheduler_job.py:124 DeprecationWarning: The processor_poll_interval option in [scheduler] has been renamed to scheduler_idle_sleep_time - the old setting has been used, but please update your config.
[2023-04-22T13:16:08.306-0400] {logging_mixin.py:137} INFO - [2023-04-22T13:16:08.306-0400] {dag.py:2690} INFO - Sync 1 DAGs
[2023-04-22T13:16:08.320-0400] {logging_mixin.py:137} INFO - [2023-04-22T13:16:08.320-0400] {dag.py:3437} INFO - Setting next_dagrun for latest_only_with_trigger to 2023-04-22T13:16:08.320234+00:00, run_after=2023-04-22T17:16:08.320234+00:00
[2023-04-22T13:16:08.338-0400] {processor.py:175} INFO - Processing /Users/admin/opt/anaconda3/envs/python-airflow-venv/lib/python3.10/site-packages/airflow/example_dags/example_latest_only_with_trigger.py took 0.768 seconds
[2023-04-22T13:18:04.476-0400] {logging_mixin.py:137} WARNING - /Users/admin/opt/anaconda3/envs/python-airflow-venv/lib/python3.10/site-packages/airflow/settings.py:337 DeprecationWarning: The sql_alchemy_pool_enabled option in [core] has been moved to the sql_alchemy_pool_enabled option in [database] - the old setting has been used, but please update your config.
[2023-04-22T13:18:04.480-0400] {logging_mixin.py:137} WARNING - /Users/admin/opt/anaconda3/envs/python-airflow-venv/lib/python3.10/site-packages/airflow/settings.py:400 DeprecationWarning: The sql_engine_encoding option in [core] has been moved to the sql_engine_encoding option in [database] - the old setting has been used, but please update your config.
[2023-04-22T13:18:04.481-0400] {processor.py:153} INFO - Started process (PID=3461) to work on /Users/admin/opt/anaconda3/envs/python-airflow-venv/lib/python3.10/site-packages/airflow/example_dags/example_latest_only_with_trigger.py
[2023-04-22T13:18:04.481-0400] {processor.py:743} INFO - Processing file /Users/admin/opt/anaconda3/envs/python-airflow-venv/lib/python3.10/site-packages/airflow/example_dags/example_latest_only_with_trigger.py for tasks to queue
[2023-04-22T13:18:04.481-0400] {logging_mixin.py:137} INFO - [2023-04-22T13:18:04.481-0400] {dagbag.py:538} INFO - Filling up the DagBag from /Users/admin/opt/anaconda3/envs/python-airflow-venv/lib/python3.10/site-packages/airflow/example_dags/example_latest_only_with_trigger.py
[2023-04-22T13:18:04.526-0400] {processor.py:753} INFO - DAG(s) dict_keys(['latest_only_with_trigger']) retrieved from /Users/admin/opt/anaconda3/envs/python-airflow-venv/lib/python3.10/site-packages/airflow/example_dags/example_latest_only_with_trigger.py
[2023-04-22T13:18:04.580-0400] {logging_mixin.py:137} WARNING - /Users/admin/opt/anaconda3/envs/python-airflow-venv/lib/python3.10/site-packages/airflow/jobs/scheduler_job.py:124 DeprecationWarning: The processor_poll_interval option in [scheduler] has been renamed to scheduler_idle_sleep_time - the old setting has been used, but please update your config.
[2023-04-22T13:18:05.187-0400] {logging_mixin.py:137} INFO - [2023-04-22T13:18:05.187-0400] {dag.py:2690} INFO - Sync 1 DAGs
[2023-04-22T13:18:05.201-0400] {logging_mixin.py:137} INFO - [2023-04-22T13:18:05.201-0400] {dag.py:3437} INFO - Setting next_dagrun for latest_only_with_trigger to 2023-04-22T13:18:05.201250+00:00, run_after=2023-04-22T17:18:05.201250+00:00
[2023-04-22T13:18:05.221-0400] {processor.py:175} INFO - Processing /Users/admin/opt/anaconda3/envs/python-airflow-venv/lib/python3.10/site-packages/airflow/example_dags/example_latest_only_with_trigger.py took 0.746 seconds
[2023-04-22T13:20:01.328-0400] {logging_mixin.py:137} WARNING - /Users/admin/opt/anaconda3/envs/python-airflow-venv/lib/python3.10/site-packages/airflow/settings.py:337 DeprecationWarning: The sql_alchemy_pool_enabled option in [core] has been moved to the sql_alchemy_pool_enabled option in [database] - the old setting has been used, but please update your config.
[2023-04-22T13:20:01.333-0400] {logging_mixin.py:137} WARNING - /Users/admin/opt/anaconda3/envs/python-airflow-venv/lib/python3.10/site-packages/airflow/settings.py:400 DeprecationWarning: The sql_engine_encoding option in [core] has been moved to the sql_engine_encoding option in [database] - the old setting has been used, but please update your config.
[2023-04-22T13:20:01.333-0400] {processor.py:153} INFO - Started process (PID=3515) to work on /Users/admin/opt/anaconda3/envs/python-airflow-venv/lib/python3.10/site-packages/airflow/example_dags/example_latest_only_with_trigger.py
[2023-04-22T13:20:01.334-0400] {processor.py:743} INFO - Processing file /Users/admin/opt/anaconda3/envs/python-airflow-venv/lib/python3.10/site-packages/airflow/example_dags/example_latest_only_with_trigger.py for tasks to queue
[2023-04-22T13:20:01.334-0400] {logging_mixin.py:137} INFO - [2023-04-22T13:20:01.334-0400] {dagbag.py:538} INFO - Filling up the DagBag from /Users/admin/opt/anaconda3/envs/python-airflow-venv/lib/python3.10/site-packages/airflow/example_dags/example_latest_only_with_trigger.py
[2023-04-22T13:20:01.382-0400] {processor.py:753} INFO - DAG(s) dict_keys(['latest_only_with_trigger']) retrieved from /Users/admin/opt/anaconda3/envs/python-airflow-venv/lib/python3.10/site-packages/airflow/example_dags/example_latest_only_with_trigger.py
[2023-04-22T13:20:01.435-0400] {logging_mixin.py:137} WARNING - /Users/admin/opt/anaconda3/envs/python-airflow-venv/lib/python3.10/site-packages/airflow/jobs/scheduler_job.py:124 DeprecationWarning: The processor_poll_interval option in [scheduler] has been renamed to scheduler_idle_sleep_time - the old setting has been used, but please update your config.
[2023-04-22T13:20:02.004-0400] {logging_mixin.py:137} INFO - [2023-04-22T13:20:02.004-0400] {dag.py:2690} INFO - Sync 1 DAGs
[2023-04-22T13:20:02.018-0400] {logging_mixin.py:137} INFO - [2023-04-22T13:20:02.018-0400] {dag.py:3437} INFO - Setting next_dagrun for latest_only_with_trigger to 2023-04-22T13:20:02.018411+00:00, run_after=2023-04-22T17:20:02.018411+00:00
[2023-04-22T13:20:02.038-0400] {processor.py:175} INFO - Processing /Users/admin/opt/anaconda3/envs/python-airflow-venv/lib/python3.10/site-packages/airflow/example_dags/example_latest_only_with_trigger.py took 0.710 seconds
[2023-04-22T13:21:57.918-0400] {logging_mixin.py:137} WARNING - /Users/admin/opt/anaconda3/envs/python-airflow-venv/lib/python3.10/site-packages/airflow/settings.py:337 DeprecationWarning: The sql_alchemy_pool_enabled option in [core] has been moved to the sql_alchemy_pool_enabled option in [database] - the old setting has been used, but please update your config.
[2023-04-22T13:21:57.922-0400] {logging_mixin.py:137} WARNING - /Users/admin/opt/anaconda3/envs/python-airflow-venv/lib/python3.10/site-packages/airflow/settings.py:400 DeprecationWarning: The sql_engine_encoding option in [core] has been moved to the sql_engine_encoding option in [database] - the old setting has been used, but please update your config.
[2023-04-22T13:21:57.923-0400] {processor.py:153} INFO - Started process (PID=3573) to work on /Users/admin/opt/anaconda3/envs/python-airflow-venv/lib/python3.10/site-packages/airflow/example_dags/example_latest_only_with_trigger.py
[2023-04-22T13:21:57.923-0400] {processor.py:743} INFO - Processing file /Users/admin/opt/anaconda3/envs/python-airflow-venv/lib/python3.10/site-packages/airflow/example_dags/example_latest_only_with_trigger.py for tasks to queue
[2023-04-22T13:21:57.923-0400] {logging_mixin.py:137} INFO - [2023-04-22T13:21:57.923-0400] {dagbag.py:538} INFO - Filling up the DagBag from /Users/admin/opt/anaconda3/envs/python-airflow-venv/lib/python3.10/site-packages/airflow/example_dags/example_latest_only_with_trigger.py
[2023-04-22T13:21:57.970-0400] {processor.py:753} INFO - DAG(s) dict_keys(['latest_only_with_trigger']) retrieved from /Users/admin/opt/anaconda3/envs/python-airflow-venv/lib/python3.10/site-packages/airflow/example_dags/example_latest_only_with_trigger.py
[2023-04-22T13:21:58.024-0400] {logging_mixin.py:137} WARNING - /Users/admin/opt/anaconda3/envs/python-airflow-venv/lib/python3.10/site-packages/airflow/jobs/scheduler_job.py:124 DeprecationWarning: The processor_poll_interval option in [scheduler] has been renamed to scheduler_idle_sleep_time - the old setting has been used, but please update your config.
[2023-04-22T13:21:58.599-0400] {logging_mixin.py:137} INFO - [2023-04-22T13:21:58.599-0400] {dag.py:2690} INFO - Sync 1 DAGs
[2023-04-22T13:21:58.613-0400] {logging_mixin.py:137} INFO - [2023-04-22T13:21:58.613-0400] {dag.py:3437} INFO - Setting next_dagrun for latest_only_with_trigger to 2023-04-22T13:21:58.612987+00:00, run_after=2023-04-22T17:21:58.612987+00:00
[2023-04-22T13:21:58.630-0400] {processor.py:175} INFO - Processing /Users/admin/opt/anaconda3/envs/python-airflow-venv/lib/python3.10/site-packages/airflow/example_dags/example_latest_only_with_trigger.py took 0.713 seconds
[2023-04-22T13:23:54.719-0400] {logging_mixin.py:137} WARNING - /Users/admin/opt/anaconda3/envs/python-airflow-venv/lib/python3.10/site-packages/airflow/settings.py:337 DeprecationWarning: The sql_alchemy_pool_enabled option in [core] has been moved to the sql_alchemy_pool_enabled option in [database] - the old setting has been used, but please update your config.
[2023-04-22T13:23:54.723-0400] {logging_mixin.py:137} WARNING - /Users/admin/opt/anaconda3/envs/python-airflow-venv/lib/python3.10/site-packages/airflow/settings.py:400 DeprecationWarning: The sql_engine_encoding option in [core] has been moved to the sql_engine_encoding option in [database] - the old setting has been used, but please update your config.
[2023-04-22T13:23:54.724-0400] {processor.py:153} INFO - Started process (PID=3623) to work on /Users/admin/opt/anaconda3/envs/python-airflow-venv/lib/python3.10/site-packages/airflow/example_dags/example_latest_only_with_trigger.py
[2023-04-22T13:23:54.724-0400] {processor.py:743} INFO - Processing file /Users/admin/opt/anaconda3/envs/python-airflow-venv/lib/python3.10/site-packages/airflow/example_dags/example_latest_only_with_trigger.py for tasks to queue
[2023-04-22T13:23:54.724-0400] {logging_mixin.py:137} INFO - [2023-04-22T13:23:54.724-0400] {dagbag.py:538} INFO - Filling up the DagBag from /Users/admin/opt/anaconda3/envs/python-airflow-venv/lib/python3.10/site-packages/airflow/example_dags/example_latest_only_with_trigger.py
[2023-04-22T13:23:54.772-0400] {processor.py:753} INFO - DAG(s) dict_keys(['latest_only_with_trigger']) retrieved from /Users/admin/opt/anaconda3/envs/python-airflow-venv/lib/python3.10/site-packages/airflow/example_dags/example_latest_only_with_trigger.py
[2023-04-22T13:23:54.825-0400] {logging_mixin.py:137} WARNING - /Users/admin/opt/anaconda3/envs/python-airflow-venv/lib/python3.10/site-packages/airflow/jobs/scheduler_job.py:124 DeprecationWarning: The processor_poll_interval option in [scheduler] has been renamed to scheduler_idle_sleep_time - the old setting has been used, but please update your config.
[2023-04-22T13:23:55.399-0400] {logging_mixin.py:137} INFO - [2023-04-22T13:23:55.399-0400] {dag.py:2690} INFO - Sync 1 DAGs
[2023-04-22T13:23:55.413-0400] {logging_mixin.py:137} INFO - [2023-04-22T13:23:55.413-0400] {dag.py:3437} INFO - Setting next_dagrun for latest_only_with_trigger to 2023-04-22T13:23:55.413548+00:00, run_after=2023-04-22T17:23:55.413548+00:00
[2023-04-22T13:23:55.430-0400] {processor.py:175} INFO - Processing /Users/admin/opt/anaconda3/envs/python-airflow-venv/lib/python3.10/site-packages/airflow/example_dags/example_latest_only_with_trigger.py took 0.712 seconds
[2023-04-22T13:25:51.488-0400] {logging_mixin.py:137} WARNING - /Users/admin/opt/anaconda3/envs/python-airflow-venv/lib/python3.10/site-packages/airflow/settings.py:337 DeprecationWarning: The sql_alchemy_pool_enabled option in [core] has been moved to the sql_alchemy_pool_enabled option in [database] - the old setting has been used, but please update your config.
[2023-04-22T13:25:51.492-0400] {logging_mixin.py:137} WARNING - /Users/admin/opt/anaconda3/envs/python-airflow-venv/lib/python3.10/site-packages/airflow/settings.py:400 DeprecationWarning: The sql_engine_encoding option in [core] has been moved to the sql_engine_encoding option in [database] - the old setting has been used, but please update your config.
[2023-04-22T13:25:51.493-0400] {processor.py:153} INFO - Started process (PID=3677) to work on /Users/admin/opt/anaconda3/envs/python-airflow-venv/lib/python3.10/site-packages/airflow/example_dags/example_latest_only_with_trigger.py
[2023-04-22T13:25:51.493-0400] {processor.py:743} INFO - Processing file /Users/admin/opt/anaconda3/envs/python-airflow-venv/lib/python3.10/site-packages/airflow/example_dags/example_latest_only_with_trigger.py for tasks to queue
[2023-04-22T13:25:51.493-0400] {logging_mixin.py:137} INFO - [2023-04-22T13:25:51.493-0400] {dagbag.py:538} INFO - Filling up the DagBag from /Users/admin/opt/anaconda3/envs/python-airflow-venv/lib/python3.10/site-packages/airflow/example_dags/example_latest_only_with_trigger.py
[2023-04-22T13:25:51.545-0400] {processor.py:753} INFO - DAG(s) dict_keys(['latest_only_with_trigger']) retrieved from /Users/admin/opt/anaconda3/envs/python-airflow-venv/lib/python3.10/site-packages/airflow/example_dags/example_latest_only_with_trigger.py
[2023-04-22T13:25:51.604-0400] {logging_mixin.py:137} WARNING - /Users/admin/opt/anaconda3/envs/python-airflow-venv/lib/python3.10/site-packages/airflow/jobs/scheduler_job.py:124 DeprecationWarning: The processor_poll_interval option in [scheduler] has been renamed to scheduler_idle_sleep_time - the old setting has been used, but please update your config.
[2023-04-22T13:25:52.282-0400] {logging_mixin.py:137} INFO - [2023-04-22T13:25:52.281-0400] {dag.py:2690} INFO - Sync 1 DAGs
[2023-04-22T13:25:52.297-0400] {logging_mixin.py:137} INFO - [2023-04-22T13:25:52.297-0400] {dag.py:3437} INFO - Setting next_dagrun for latest_only_with_trigger to 2023-04-22T13:25:52.297097+00:00, run_after=2023-04-22T17:25:52.297097+00:00
[2023-04-22T13:25:52.312-0400] {processor.py:175} INFO - Processing /Users/admin/opt/anaconda3/envs/python-airflow-venv/lib/python3.10/site-packages/airflow/example_dags/example_latest_only_with_trigger.py took 0.824 seconds
[2023-04-22T14:28:30.689-0400] {logging_mixin.py:137} WARNING - /Users/admin/opt/anaconda3/envs/python-airflow-venv/lib/python3.10/site-packages/airflow/settings.py:337 DeprecationWarning: The sql_alchemy_pool_enabled option in [core] has been moved to the sql_alchemy_pool_enabled option in [database] - the old setting has been used, but please update your config.
[2023-04-22T14:28:30.694-0400] {logging_mixin.py:137} WARNING - /Users/admin/opt/anaconda3/envs/python-airflow-venv/lib/python3.10/site-packages/airflow/settings.py:400 DeprecationWarning: The sql_engine_encoding option in [core] has been moved to the sql_engine_encoding option in [database] - the old setting has been used, but please update your config.
[2023-04-22T14:28:30.694-0400] {processor.py:153} INFO - Started process (PID=3767) to work on /Users/admin/opt/anaconda3/envs/python-airflow-venv/lib/python3.10/site-packages/airflow/example_dags/example_latest_only_with_trigger.py
[2023-04-22T14:28:30.695-0400] {processor.py:743} INFO - Processing file /Users/admin/opt/anaconda3/envs/python-airflow-venv/lib/python3.10/site-packages/airflow/example_dags/example_latest_only_with_trigger.py for tasks to queue
[2023-04-22T14:28:30.695-0400] {logging_mixin.py:137} INFO - [2023-04-22T14:28:30.695-0400] {dagbag.py:538} INFO - Filling up the DagBag from /Users/admin/opt/anaconda3/envs/python-airflow-venv/lib/python3.10/site-packages/airflow/example_dags/example_latest_only_with_trigger.py
[2023-04-22T14:28:30.748-0400] {processor.py:753} INFO - DAG(s) dict_keys(['latest_only_with_trigger']) retrieved from /Users/admin/opt/anaconda3/envs/python-airflow-venv/lib/python3.10/site-packages/airflow/example_dags/example_latest_only_with_trigger.py
[2023-04-22T14:28:30.805-0400] {logging_mixin.py:137} WARNING - /Users/admin/opt/anaconda3/envs/python-airflow-venv/lib/python3.10/site-packages/airflow/jobs/scheduler_job.py:124 DeprecationWarning: The processor_poll_interval option in [scheduler] has been renamed to scheduler_idle_sleep_time - the old setting has been used, but please update your config.
[2023-04-22T14:28:31.398-0400] {logging_mixin.py:137} INFO - [2023-04-22T14:28:31.398-0400] {dag.py:2690} INFO - Sync 1 DAGs
[2023-04-22T14:28:31.412-0400] {logging_mixin.py:137} INFO - [2023-04-22T14:28:31.412-0400] {dag.py:3437} INFO - Setting next_dagrun for latest_only_with_trigger to 2023-04-22T14:28:31.412739+00:00, run_after=2023-04-22T18:28:31.412739+00:00
[2023-04-22T14:28:31.434-0400] {processor.py:175} INFO - Processing /Users/admin/opt/anaconda3/envs/python-airflow-venv/lib/python3.10/site-packages/airflow/example_dags/example_latest_only_with_trigger.py took 0.746 seconds
[2023-04-22T14:30:27.350-0400] {logging_mixin.py:137} WARNING - /Users/admin/opt/anaconda3/envs/python-airflow-venv/lib/python3.10/site-packages/airflow/settings.py:337 DeprecationWarning: The sql_alchemy_pool_enabled option in [core] has been moved to the sql_alchemy_pool_enabled option in [database] - the old setting has been used, but please update your config.
[2023-04-22T14:30:27.354-0400] {logging_mixin.py:137} WARNING - /Users/admin/opt/anaconda3/envs/python-airflow-venv/lib/python3.10/site-packages/airflow/settings.py:400 DeprecationWarning: The sql_engine_encoding option in [core] has been moved to the sql_engine_encoding option in [database] - the old setting has been used, but please update your config.
[2023-04-22T14:30:27.355-0400] {processor.py:153} INFO - Started process (PID=3821) to work on /Users/admin/opt/anaconda3/envs/python-airflow-venv/lib/python3.10/site-packages/airflow/example_dags/example_latest_only_with_trigger.py
[2023-04-22T14:30:27.355-0400] {processor.py:743} INFO - Processing file /Users/admin/opt/anaconda3/envs/python-airflow-venv/lib/python3.10/site-packages/airflow/example_dags/example_latest_only_with_trigger.py for tasks to queue
[2023-04-22T14:30:27.355-0400] {logging_mixin.py:137} INFO - [2023-04-22T14:30:27.355-0400] {dagbag.py:538} INFO - Filling up the DagBag from /Users/admin/opt/anaconda3/envs/python-airflow-venv/lib/python3.10/site-packages/airflow/example_dags/example_latest_only_with_trigger.py
[2023-04-22T14:30:27.404-0400] {processor.py:753} INFO - DAG(s) dict_keys(['latest_only_with_trigger']) retrieved from /Users/admin/opt/anaconda3/envs/python-airflow-venv/lib/python3.10/site-packages/airflow/example_dags/example_latest_only_with_trigger.py
[2023-04-22T14:30:27.457-0400] {logging_mixin.py:137} WARNING - /Users/admin/opt/anaconda3/envs/python-airflow-venv/lib/python3.10/site-packages/airflow/jobs/scheduler_job.py:124 DeprecationWarning: The processor_poll_interval option in [scheduler] has been renamed to scheduler_idle_sleep_time - the old setting has been used, but please update your config.
[2023-04-22T14:30:28.025-0400] {logging_mixin.py:137} INFO - [2023-04-22T14:30:28.025-0400] {dag.py:2690} INFO - Sync 1 DAGs
[2023-04-22T14:30:28.039-0400] {logging_mixin.py:137} INFO - [2023-04-22T14:30:28.039-0400] {dag.py:3437} INFO - Setting next_dagrun for latest_only_with_trigger to 2023-04-22T14:30:28.039345+00:00, run_after=2023-04-22T18:30:28.039345+00:00
[2023-04-22T14:30:28.055-0400] {processor.py:175} INFO - Processing /Users/admin/opt/anaconda3/envs/python-airflow-venv/lib/python3.10/site-packages/airflow/example_dags/example_latest_only_with_trigger.py took 0.706 seconds
[2023-04-22T14:32:24.357-0400] {logging_mixin.py:137} WARNING - /Users/admin/opt/anaconda3/envs/python-airflow-venv/lib/python3.10/site-packages/airflow/settings.py:337 DeprecationWarning: The sql_alchemy_pool_enabled option in [core] has been moved to the sql_alchemy_pool_enabled option in [database] - the old setting has been used, but please update your config.
[2023-04-22T14:32:24.362-0400] {logging_mixin.py:137} WARNING - /Users/admin/opt/anaconda3/envs/python-airflow-venv/lib/python3.10/site-packages/airflow/settings.py:400 DeprecationWarning: The sql_engine_encoding option in [core] has been moved to the sql_engine_encoding option in [database] - the old setting has been used, but please update your config.
[2023-04-22T14:32:24.363-0400] {processor.py:153} INFO - Started process (PID=3879) to work on /Users/admin/opt/anaconda3/envs/python-airflow-venv/lib/python3.10/site-packages/airflow/example_dags/example_latest_only_with_trigger.py
[2023-04-22T14:32:24.363-0400] {processor.py:743} INFO - Processing file /Users/admin/opt/anaconda3/envs/python-airflow-venv/lib/python3.10/site-packages/airflow/example_dags/example_latest_only_with_trigger.py for tasks to queue
[2023-04-22T14:32:24.363-0400] {logging_mixin.py:137} INFO - [2023-04-22T14:32:24.363-0400] {dagbag.py:538} INFO - Filling up the DagBag from /Users/admin/opt/anaconda3/envs/python-airflow-venv/lib/python3.10/site-packages/airflow/example_dags/example_latest_only_with_trigger.py
[2023-04-22T14:32:24.411-0400] {processor.py:753} INFO - DAG(s) dict_keys(['latest_only_with_trigger']) retrieved from /Users/admin/opt/anaconda3/envs/python-airflow-venv/lib/python3.10/site-packages/airflow/example_dags/example_latest_only_with_trigger.py
[2023-04-22T14:32:24.465-0400] {logging_mixin.py:137} WARNING - /Users/admin/opt/anaconda3/envs/python-airflow-venv/lib/python3.10/site-packages/airflow/jobs/scheduler_job.py:124 DeprecationWarning: The processor_poll_interval option in [scheduler] has been renamed to scheduler_idle_sleep_time - the old setting has been used, but please update your config.
[2023-04-22T14:32:25.099-0400] {logging_mixin.py:137} INFO - [2023-04-22T14:32:25.099-0400] {dag.py:2690} INFO - Sync 1 DAGs
[2023-04-22T14:32:25.116-0400] {logging_mixin.py:137} INFO - [2023-04-22T14:32:25.116-0400] {dag.py:3437} INFO - Setting next_dagrun for latest_only_with_trigger to 2023-04-22T14:32:25.116528+00:00, run_after=2023-04-22T18:32:25.116528+00:00
[2023-04-22T14:32:25.133-0400] {processor.py:175} INFO - Processing /Users/admin/opt/anaconda3/envs/python-airflow-venv/lib/python3.10/site-packages/airflow/example_dags/example_latest_only_with_trigger.py took 0.777 seconds
[2023-04-22T14:34:22.778-0400] {logging_mixin.py:137} WARNING - /Users/admin/opt/anaconda3/envs/python-airflow-venv/lib/python3.10/site-packages/airflow/settings.py:337 DeprecationWarning: The sql_alchemy_pool_enabled option in [core] has been moved to the sql_alchemy_pool_enabled option in [database] - the old setting has been used, but please update your config.
[2023-04-22T14:34:22.782-0400] {logging_mixin.py:137} WARNING - /Users/admin/opt/anaconda3/envs/python-airflow-venv/lib/python3.10/site-packages/airflow/settings.py:400 DeprecationWarning: The sql_engine_encoding option in [core] has been moved to the sql_engine_encoding option in [database] - the old setting has been used, but please update your config.
[2023-04-22T14:34:22.783-0400] {processor.py:153} INFO - Started process (PID=3989) to work on /Users/admin/opt/anaconda3/envs/python-airflow-venv/lib/python3.10/site-packages/airflow/example_dags/example_latest_only_with_trigger.py
[2023-04-22T14:34:22.783-0400] {processor.py:743} INFO - Processing file /Users/admin/opt/anaconda3/envs/python-airflow-venv/lib/python3.10/site-packages/airflow/example_dags/example_latest_only_with_trigger.py for tasks to queue
[2023-04-22T14:34:22.783-0400] {logging_mixin.py:137} INFO - [2023-04-22T14:34:22.783-0400] {dagbag.py:538} INFO - Filling up the DagBag from /Users/admin/opt/anaconda3/envs/python-airflow-venv/lib/python3.10/site-packages/airflow/example_dags/example_latest_only_with_trigger.py
[2023-04-22T14:34:22.833-0400] {processor.py:753} INFO - DAG(s) dict_keys(['latest_only_with_trigger']) retrieved from /Users/admin/opt/anaconda3/envs/python-airflow-venv/lib/python3.10/site-packages/airflow/example_dags/example_latest_only_with_trigger.py
[2023-04-22T14:34:22.887-0400] {logging_mixin.py:137} WARNING - /Users/admin/opt/anaconda3/envs/python-airflow-venv/lib/python3.10/site-packages/airflow/jobs/scheduler_job.py:124 DeprecationWarning: The processor_poll_interval option in [scheduler] has been renamed to scheduler_idle_sleep_time - the old setting has been used, but please update your config.
[2023-04-22T14:34:23.456-0400] {logging_mixin.py:137} INFO - [2023-04-22T14:34:23.456-0400] {dag.py:2690} INFO - Sync 1 DAGs
[2023-04-22T14:34:23.470-0400] {logging_mixin.py:137} INFO - [2023-04-22T14:34:23.470-0400] {dag.py:3437} INFO - Setting next_dagrun for latest_only_with_trigger to 2023-04-22T14:34:23.470522+00:00, run_after=2023-04-22T18:34:23.470522+00:00
[2023-04-22T14:34:23.491-0400] {processor.py:175} INFO - Processing /Users/admin/opt/anaconda3/envs/python-airflow-venv/lib/python3.10/site-packages/airflow/example_dags/example_latest_only_with_trigger.py took 0.715 seconds
[2023-04-22T14:36:20.778-0400] {logging_mixin.py:137} WARNING - /Users/admin/opt/anaconda3/envs/python-airflow-venv/lib/python3.10/site-packages/airflow/settings.py:337 DeprecationWarning: The sql_alchemy_pool_enabled option in [core] has been moved to the sql_alchemy_pool_enabled option in [database] - the old setting has been used, but please update your config.
[2023-04-22T14:36:20.783-0400] {logging_mixin.py:137} WARNING - /Users/admin/opt/anaconda3/envs/python-airflow-venv/lib/python3.10/site-packages/airflow/settings.py:400 DeprecationWarning: The sql_engine_encoding option in [core] has been moved to the sql_engine_encoding option in [database] - the old setting has been used, but please update your config.
[2023-04-22T14:36:20.784-0400] {processor.py:153} INFO - Started process (PID=4063) to work on /Users/admin/opt/anaconda3/envs/python-airflow-venv/lib/python3.10/site-packages/airflow/example_dags/example_latest_only_with_trigger.py
[2023-04-22T14:36:20.784-0400] {processor.py:743} INFO - Processing file /Users/admin/opt/anaconda3/envs/python-airflow-venv/lib/python3.10/site-packages/airflow/example_dags/example_latest_only_with_trigger.py for tasks to queue
[2023-04-22T14:36:20.784-0400] {logging_mixin.py:137} INFO - [2023-04-22T14:36:20.784-0400] {dagbag.py:538} INFO - Filling up the DagBag from /Users/admin/opt/anaconda3/envs/python-airflow-venv/lib/python3.10/site-packages/airflow/example_dags/example_latest_only_with_trigger.py
[2023-04-22T14:36:20.831-0400] {processor.py:753} INFO - DAG(s) dict_keys(['latest_only_with_trigger']) retrieved from /Users/admin/opt/anaconda3/envs/python-airflow-venv/lib/python3.10/site-packages/airflow/example_dags/example_latest_only_with_trigger.py
[2023-04-22T14:36:20.885-0400] {logging_mixin.py:137} WARNING - /Users/admin/opt/anaconda3/envs/python-airflow-venv/lib/python3.10/site-packages/airflow/jobs/scheduler_job.py:124 DeprecationWarning: The processor_poll_interval option in [scheduler] has been renamed to scheduler_idle_sleep_time - the old setting has been used, but please update your config.
[2023-04-22T14:36:21.455-0400] {logging_mixin.py:137} INFO - [2023-04-22T14:36:21.455-0400] {dag.py:2690} INFO - Sync 1 DAGs
[2023-04-22T14:36:21.469-0400] {logging_mixin.py:137} INFO - [2023-04-22T14:36:21.469-0400] {dag.py:3437} INFO - Setting next_dagrun for latest_only_with_trigger to 2023-04-22T14:36:21.469265+00:00, run_after=2023-04-22T18:36:21.469265+00:00
[2023-04-22T14:36:21.490-0400] {processor.py:175} INFO - Processing /Users/admin/opt/anaconda3/envs/python-airflow-venv/lib/python3.10/site-packages/airflow/example_dags/example_latest_only_with_trigger.py took 0.713 seconds
