[2023-04-22T13:00:24.277-0400] {logging_mixin.py:137} WARNING - /Users/admin/opt/anaconda3/envs/python-airflow-venv/lib/python3.10/site-packages/airflow/settings.py:337 DeprecationWarning: The sql_alchemy_pool_enabled option in [core] has been moved to the sql_alchemy_pool_enabled option in [database] - the old setting has been used, but please update your config.
[2023-04-22T13:00:24.305-0400] {logging_mixin.py:137} WARNING - /Users/admin/opt/anaconda3/envs/python-airflow-venv/lib/python3.10/site-packages/airflow/settings.py:400 DeprecationWarning: The sql_engine_encoding option in [core] has been moved to the sql_engine_encoding option in [database] - the old setting has been used, but please update your config.
[2023-04-22T13:00:24.306-0400] {processor.py:153} INFO - Started process (PID=2614) to work on /Users/admin/opt/anaconda3/envs/python-airflow-venv/lib/python3.10/site-packages/airflow/example_dags/example_task_group_decorator.py
[2023-04-22T13:00:24.306-0400] {processor.py:743} INFO - Processing file /Users/admin/opt/anaconda3/envs/python-airflow-venv/lib/python3.10/site-packages/airflow/example_dags/example_task_group_decorator.py for tasks to queue
[2023-04-22T13:00:24.307-0400] {logging_mixin.py:137} INFO - [2023-04-22T13:00:24.307-0400] {dagbag.py:538} INFO - Filling up the DagBag from /Users/admin/opt/anaconda3/envs/python-airflow-venv/lib/python3.10/site-packages/airflow/example_dags/example_task_group_decorator.py
[2023-04-22T13:00:24.543-0400] {processor.py:753} INFO - DAG(s) dict_keys(['example_task_group_decorator']) retrieved from /Users/admin/opt/anaconda3/envs/python-airflow-venv/lib/python3.10/site-packages/airflow/example_dags/example_task_group_decorator.py
[2023-04-22T13:00:24.623-0400] {logging_mixin.py:137} WARNING - /Users/admin/opt/anaconda3/envs/python-airflow-venv/lib/python3.10/site-packages/airflow/jobs/scheduler_job.py:124 DeprecationWarning: The processor_poll_interval option in [scheduler] has been renamed to scheduler_idle_sleep_time - the old setting has been used, but please update your config.
[2023-04-22T13:00:25.679-0400] {logging_mixin.py:137} INFO - [2023-04-22T13:00:25.677-0400] {dag.py:2690} INFO - Sync 1 DAGs
[2023-04-22T13:00:25.704-0400] {logging_mixin.py:137} INFO - [2023-04-22T13:00:25.704-0400] {dag.py:3437} INFO - Setting next_dagrun for example_task_group_decorator to 2023-04-21T17:00:25.704126+00:00, run_after=2023-04-22T17:00:25.704126+00:00
[2023-04-22T13:00:25.728-0400] {processor.py:175} INFO - Processing /Users/admin/opt/anaconda3/envs/python-airflow-venv/lib/python3.10/site-packages/airflow/example_dags/example_task_group_decorator.py took 1.457 seconds
[2023-04-22T13:02:39.329-0400] {logging_mixin.py:137} WARNING - /Users/admin/opt/anaconda3/envs/python-airflow-venv/lib/python3.10/site-packages/airflow/settings.py:337 DeprecationWarning: The sql_alchemy_pool_enabled option in [core] has been moved to the sql_alchemy_pool_enabled option in [database] - the old setting has been used, but please update your config.
[2023-04-22T13:02:39.335-0400] {logging_mixin.py:137} WARNING - /Users/admin/opt/anaconda3/envs/python-airflow-venv/lib/python3.10/site-packages/airflow/settings.py:400 DeprecationWarning: The sql_engine_encoding option in [core] has been moved to the sql_engine_encoding option in [database] - the old setting has been used, but please update your config.
[2023-04-22T13:02:39.335-0400] {processor.py:153} INFO - Started process (PID=2831) to work on /Users/admin/opt/anaconda3/envs/python-airflow-venv/lib/python3.10/site-packages/airflow/example_dags/example_task_group_decorator.py
[2023-04-22T13:02:39.336-0400] {processor.py:743} INFO - Processing file /Users/admin/opt/anaconda3/envs/python-airflow-venv/lib/python3.10/site-packages/airflow/example_dags/example_task_group_decorator.py for tasks to queue
[2023-04-22T13:02:39.336-0400] {logging_mixin.py:137} INFO - [2023-04-22T13:02:39.336-0400] {dagbag.py:538} INFO - Filling up the DagBag from /Users/admin/opt/anaconda3/envs/python-airflow-venv/lib/python3.10/site-packages/airflow/example_dags/example_task_group_decorator.py
[2023-04-22T13:02:39.423-0400] {processor.py:753} INFO - DAG(s) dict_keys(['example_task_group_decorator']) retrieved from /Users/admin/opt/anaconda3/envs/python-airflow-venv/lib/python3.10/site-packages/airflow/example_dags/example_task_group_decorator.py
[2023-04-22T13:02:39.477-0400] {logging_mixin.py:137} WARNING - /Users/admin/opt/anaconda3/envs/python-airflow-venv/lib/python3.10/site-packages/airflow/jobs/scheduler_job.py:124 DeprecationWarning: The processor_poll_interval option in [scheduler] has been renamed to scheduler_idle_sleep_time - the old setting has been used, but please update your config.
[2023-04-22T13:02:40.142-0400] {logging_mixin.py:137} INFO - [2023-04-22T13:02:40.141-0400] {dag.py:2690} INFO - Sync 1 DAGs
[2023-04-22T13:02:40.157-0400] {logging_mixin.py:137} INFO - [2023-04-22T13:02:40.157-0400] {dag.py:3437} INFO - Setting next_dagrun for example_task_group_decorator to 2023-04-21T17:02:40.157124+00:00, run_after=2023-04-22T17:02:40.157124+00:00
[2023-04-22T13:02:40.172-0400] {processor.py:175} INFO - Processing /Users/admin/opt/anaconda3/envs/python-airflow-venv/lib/python3.10/site-packages/airflow/example_dags/example_task_group_decorator.py took 0.843 seconds
[2023-04-22T13:05:23.750-0400] {logging_mixin.py:137} WARNING - /Users/admin/opt/anaconda3/envs/python-airflow-venv/lib/python3.10/site-packages/airflow/settings.py:337 DeprecationWarning: The sql_alchemy_pool_enabled option in [core] has been moved to the sql_alchemy_pool_enabled option in [database] - the old setting has been used, but please update your config.
[2023-04-22T13:05:23.756-0400] {logging_mixin.py:137} WARNING - /Users/admin/opt/anaconda3/envs/python-airflow-venv/lib/python3.10/site-packages/airflow/settings.py:400 DeprecationWarning: The sql_engine_encoding option in [core] has been moved to the sql_engine_encoding option in [database] - the old setting has been used, but please update your config.
[2023-04-22T13:05:23.757-0400] {processor.py:153} INFO - Started process (PID=3071) to work on /Users/admin/opt/anaconda3/envs/python-airflow-venv/lib/python3.10/site-packages/airflow/example_dags/example_task_group_decorator.py
[2023-04-22T13:05:23.757-0400] {processor.py:743} INFO - Processing file /Users/admin/opt/anaconda3/envs/python-airflow-venv/lib/python3.10/site-packages/airflow/example_dags/example_task_group_decorator.py for tasks to queue
[2023-04-22T13:05:23.757-0400] {logging_mixin.py:137} INFO - [2023-04-22T13:05:23.757-0400] {dagbag.py:538} INFO - Filling up the DagBag from /Users/admin/opt/anaconda3/envs/python-airflow-venv/lib/python3.10/site-packages/airflow/example_dags/example_task_group_decorator.py
[2023-04-22T13:05:23.827-0400] {processor.py:753} INFO - DAG(s) dict_keys(['example_task_group_decorator']) retrieved from /Users/admin/opt/anaconda3/envs/python-airflow-venv/lib/python3.10/site-packages/airflow/example_dags/example_task_group_decorator.py
[2023-04-22T13:05:23.869-0400] {logging_mixin.py:137} WARNING - /Users/admin/opt/anaconda3/envs/python-airflow-venv/lib/python3.10/site-packages/airflow/jobs/scheduler_job.py:124 DeprecationWarning: The processor_poll_interval option in [scheduler] has been renamed to scheduler_idle_sleep_time - the old setting has been used, but please update your config.
[2023-04-22T13:05:24.452-0400] {logging_mixin.py:137} INFO - [2023-04-22T13:05:24.452-0400] {dag.py:2690} INFO - Sync 1 DAGs
[2023-04-22T13:05:24.467-0400] {logging_mixin.py:137} INFO - [2023-04-22T13:05:24.466-0400] {dag.py:3437} INFO - Setting next_dagrun for example_task_group_decorator to 2023-04-21T17:05:24.466793+00:00, run_after=2023-04-22T17:05:24.466793+00:00
[2023-04-22T13:05:24.487-0400] {processor.py:175} INFO - Processing /Users/admin/opt/anaconda3/envs/python-airflow-venv/lib/python3.10/site-packages/airflow/example_dags/example_task_group_decorator.py took 0.738 seconds
[2023-04-22T13:07:39.498-0400] {logging_mixin.py:137} WARNING - /Users/admin/opt/anaconda3/envs/python-airflow-venv/lib/python3.10/site-packages/airflow/settings.py:337 DeprecationWarning: The sql_alchemy_pool_enabled option in [core] has been moved to the sql_alchemy_pool_enabled option in [database] - the old setting has been used, but please update your config.
[2023-04-22T13:07:39.504-0400] {logging_mixin.py:137} WARNING - /Users/admin/opt/anaconda3/envs/python-airflow-venv/lib/python3.10/site-packages/airflow/settings.py:400 DeprecationWarning: The sql_engine_encoding option in [core] has been moved to the sql_engine_encoding option in [database] - the old setting has been used, but please update your config.
[2023-04-22T13:07:39.504-0400] {processor.py:153} INFO - Started process (PID=3166) to work on /Users/admin/opt/anaconda3/envs/python-airflow-venv/lib/python3.10/site-packages/airflow/example_dags/example_task_group_decorator.py
[2023-04-22T13:07:39.504-0400] {processor.py:743} INFO - Processing file /Users/admin/opt/anaconda3/envs/python-airflow-venv/lib/python3.10/site-packages/airflow/example_dags/example_task_group_decorator.py for tasks to queue
[2023-04-22T13:07:39.505-0400] {logging_mixin.py:137} INFO - [2023-04-22T13:07:39.505-0400] {dagbag.py:538} INFO - Filling up the DagBag from /Users/admin/opt/anaconda3/envs/python-airflow-venv/lib/python3.10/site-packages/airflow/example_dags/example_task_group_decorator.py
[2023-04-22T13:07:39.596-0400] {processor.py:753} INFO - DAG(s) dict_keys(['example_task_group_decorator']) retrieved from /Users/admin/opt/anaconda3/envs/python-airflow-venv/lib/python3.10/site-packages/airflow/example_dags/example_task_group_decorator.py
[2023-04-22T13:07:39.640-0400] {logging_mixin.py:137} WARNING - /Users/admin/opt/anaconda3/envs/python-airflow-venv/lib/python3.10/site-packages/airflow/jobs/scheduler_job.py:124 DeprecationWarning: The processor_poll_interval option in [scheduler] has been renamed to scheduler_idle_sleep_time - the old setting has been used, but please update your config.
[2023-04-22T13:07:40.231-0400] {logging_mixin.py:137} INFO - [2023-04-22T13:07:40.231-0400] {dag.py:2690} INFO - Sync 1 DAGs
[2023-04-22T13:07:40.245-0400] {logging_mixin.py:137} INFO - [2023-04-22T13:07:40.245-0400] {dag.py:3437} INFO - Setting next_dagrun for example_task_group_decorator to 2023-04-21T17:07:40.245007+00:00, run_after=2023-04-22T17:07:40.245007+00:00
[2023-04-22T13:07:40.265-0400] {processor.py:175} INFO - Processing /Users/admin/opt/anaconda3/envs/python-airflow-venv/lib/python3.10/site-packages/airflow/example_dags/example_task_group_decorator.py took 0.768 seconds
[2023-04-22T13:09:36.969-0400] {logging_mixin.py:137} WARNING - /Users/admin/opt/anaconda3/envs/python-airflow-venv/lib/python3.10/site-packages/airflow/settings.py:337 DeprecationWarning: The sql_alchemy_pool_enabled option in [core] has been moved to the sql_alchemy_pool_enabled option in [database] - the old setting has been used, but please update your config.
[2023-04-22T13:09:36.975-0400] {logging_mixin.py:137} WARNING - /Users/admin/opt/anaconda3/envs/python-airflow-venv/lib/python3.10/site-packages/airflow/settings.py:400 DeprecationWarning: The sql_engine_encoding option in [core] has been moved to the sql_engine_encoding option in [database] - the old setting has been used, but please update your config.
[2023-04-22T13:09:36.976-0400] {processor.py:153} INFO - Started process (PID=3230) to work on /Users/admin/opt/anaconda3/envs/python-airflow-venv/lib/python3.10/site-packages/airflow/example_dags/example_task_group_decorator.py
[2023-04-22T13:09:36.976-0400] {processor.py:743} INFO - Processing file /Users/admin/opt/anaconda3/envs/python-airflow-venv/lib/python3.10/site-packages/airflow/example_dags/example_task_group_decorator.py for tasks to queue
[2023-04-22T13:09:36.976-0400] {logging_mixin.py:137} INFO - [2023-04-22T13:09:36.976-0400] {dagbag.py:538} INFO - Filling up the DagBag from /Users/admin/opt/anaconda3/envs/python-airflow-venv/lib/python3.10/site-packages/airflow/example_dags/example_task_group_decorator.py
[2023-04-22T13:09:37.055-0400] {processor.py:753} INFO - DAG(s) dict_keys(['example_task_group_decorator']) retrieved from /Users/admin/opt/anaconda3/envs/python-airflow-venv/lib/python3.10/site-packages/airflow/example_dags/example_task_group_decorator.py
[2023-04-22T13:09:37.097-0400] {logging_mixin.py:137} WARNING - /Users/admin/opt/anaconda3/envs/python-airflow-venv/lib/python3.10/site-packages/airflow/jobs/scheduler_job.py:124 DeprecationWarning: The processor_poll_interval option in [scheduler] has been renamed to scheduler_idle_sleep_time - the old setting has been used, but please update your config.
[2023-04-22T13:09:37.742-0400] {logging_mixin.py:137} INFO - [2023-04-22T13:09:37.742-0400] {dag.py:2690} INFO - Sync 1 DAGs
[2023-04-22T13:09:37.756-0400] {logging_mixin.py:137} INFO - [2023-04-22T13:09:37.756-0400] {dag.py:3437} INFO - Setting next_dagrun for example_task_group_decorator to 2023-04-21T17:09:37.756128+00:00, run_after=2023-04-22T17:09:37.756128+00:00
[2023-04-22T13:09:37.773-0400] {processor.py:175} INFO - Processing /Users/admin/opt/anaconda3/envs/python-airflow-venv/lib/python3.10/site-packages/airflow/example_dags/example_task_group_decorator.py took 0.804 seconds
[2023-04-22T13:11:38.066-0400] {logging_mixin.py:137} WARNING - /Users/admin/opt/anaconda3/envs/python-airflow-venv/lib/python3.10/site-packages/airflow/settings.py:337 DeprecationWarning: The sql_alchemy_pool_enabled option in [core] has been moved to the sql_alchemy_pool_enabled option in [database] - the old setting has been used, but please update your config.
[2023-04-22T13:11:38.070-0400] {logging_mixin.py:137} WARNING - /Users/admin/opt/anaconda3/envs/python-airflow-venv/lib/python3.10/site-packages/airflow/settings.py:400 DeprecationWarning: The sql_engine_encoding option in [core] has been moved to the sql_engine_encoding option in [database] - the old setting has been used, but please update your config.
[2023-04-22T13:11:38.070-0400] {processor.py:153} INFO - Started process (PID=3285) to work on /Users/admin/opt/anaconda3/envs/python-airflow-venv/lib/python3.10/site-packages/airflow/example_dags/example_task_group_decorator.py
[2023-04-22T13:11:38.071-0400] {processor.py:743} INFO - Processing file /Users/admin/opt/anaconda3/envs/python-airflow-venv/lib/python3.10/site-packages/airflow/example_dags/example_task_group_decorator.py for tasks to queue
[2023-04-22T13:11:38.071-0400] {logging_mixin.py:137} INFO - [2023-04-22T13:11:38.071-0400] {dagbag.py:538} INFO - Filling up the DagBag from /Users/admin/opt/anaconda3/envs/python-airflow-venv/lib/python3.10/site-packages/airflow/example_dags/example_task_group_decorator.py
[2023-04-22T13:11:38.144-0400] {processor.py:753} INFO - DAG(s) dict_keys(['example_task_group_decorator']) retrieved from /Users/admin/opt/anaconda3/envs/python-airflow-venv/lib/python3.10/site-packages/airflow/example_dags/example_task_group_decorator.py
[2023-04-22T13:11:38.186-0400] {logging_mixin.py:137} WARNING - /Users/admin/opt/anaconda3/envs/python-airflow-venv/lib/python3.10/site-packages/airflow/jobs/scheduler_job.py:124 DeprecationWarning: The processor_poll_interval option in [scheduler] has been renamed to scheduler_idle_sleep_time - the old setting has been used, but please update your config.
[2023-04-22T13:11:38.761-0400] {logging_mixin.py:137} INFO - [2023-04-22T13:11:38.761-0400] {dag.py:2690} INFO - Sync 1 DAGs
[2023-04-22T13:11:38.775-0400] {logging_mixin.py:137} INFO - [2023-04-22T13:11:38.775-0400] {dag.py:3437} INFO - Setting next_dagrun for example_task_group_decorator to 2023-04-21T17:11:38.775483+00:00, run_after=2023-04-22T17:11:38.775483+00:00
[2023-04-22T13:11:38.790-0400] {processor.py:175} INFO - Processing /Users/admin/opt/anaconda3/envs/python-airflow-venv/lib/python3.10/site-packages/airflow/example_dags/example_task_group_decorator.py took 0.725 seconds
[2023-04-22T13:13:34.646-0400] {logging_mixin.py:137} WARNING - /Users/admin/opt/anaconda3/envs/python-airflow-venv/lib/python3.10/site-packages/airflow/settings.py:337 DeprecationWarning: The sql_alchemy_pool_enabled option in [core] has been moved to the sql_alchemy_pool_enabled option in [database] - the old setting has been used, but please update your config.
[2023-04-22T13:13:34.650-0400] {logging_mixin.py:137} WARNING - /Users/admin/opt/anaconda3/envs/python-airflow-venv/lib/python3.10/site-packages/airflow/settings.py:400 DeprecationWarning: The sql_engine_encoding option in [core] has been moved to the sql_engine_encoding option in [database] - the old setting has been used, but please update your config.
[2023-04-22T13:13:34.651-0400] {processor.py:153} INFO - Started process (PID=3340) to work on /Users/admin/opt/anaconda3/envs/python-airflow-venv/lib/python3.10/site-packages/airflow/example_dags/example_task_group_decorator.py
[2023-04-22T13:13:34.651-0400] {processor.py:743} INFO - Processing file /Users/admin/opt/anaconda3/envs/python-airflow-venv/lib/python3.10/site-packages/airflow/example_dags/example_task_group_decorator.py for tasks to queue
[2023-04-22T13:13:34.651-0400] {logging_mixin.py:137} INFO - [2023-04-22T13:13:34.651-0400] {dagbag.py:538} INFO - Filling up the DagBag from /Users/admin/opt/anaconda3/envs/python-airflow-venv/lib/python3.10/site-packages/airflow/example_dags/example_task_group_decorator.py
[2023-04-22T13:13:34.724-0400] {processor.py:753} INFO - DAG(s) dict_keys(['example_task_group_decorator']) retrieved from /Users/admin/opt/anaconda3/envs/python-airflow-venv/lib/python3.10/site-packages/airflow/example_dags/example_task_group_decorator.py
[2023-04-22T13:13:34.766-0400] {logging_mixin.py:137} WARNING - /Users/admin/opt/anaconda3/envs/python-airflow-venv/lib/python3.10/site-packages/airflow/jobs/scheduler_job.py:124 DeprecationWarning: The processor_poll_interval option in [scheduler] has been renamed to scheduler_idle_sleep_time - the old setting has been used, but please update your config.
[2023-04-22T13:13:35.337-0400] {logging_mixin.py:137} INFO - [2023-04-22T13:13:35.337-0400] {dag.py:2690} INFO - Sync 1 DAGs
[2023-04-22T13:13:35.351-0400] {logging_mixin.py:137} INFO - [2023-04-22T13:13:35.351-0400] {dag.py:3437} INFO - Setting next_dagrun for example_task_group_decorator to 2023-04-21T17:13:35.351396+00:00, run_after=2023-04-22T17:13:35.351396+00:00
[2023-04-22T13:13:35.368-0400] {processor.py:175} INFO - Processing /Users/admin/opt/anaconda3/envs/python-airflow-venv/lib/python3.10/site-packages/airflow/example_dags/example_task_group_decorator.py took 0.724 seconds
[2023-04-22T13:15:31.252-0400] {logging_mixin.py:137} WARNING - /Users/admin/opt/anaconda3/envs/python-airflow-venv/lib/python3.10/site-packages/airflow/settings.py:337 DeprecationWarning: The sql_alchemy_pool_enabled option in [core] has been moved to the sql_alchemy_pool_enabled option in [database] - the old setting has been used, but please update your config.
[2023-04-22T13:15:31.257-0400] {logging_mixin.py:137} WARNING - /Users/admin/opt/anaconda3/envs/python-airflow-venv/lib/python3.10/site-packages/airflow/settings.py:400 DeprecationWarning: The sql_engine_encoding option in [core] has been moved to the sql_engine_encoding option in [database] - the old setting has been used, but please update your config.
[2023-04-22T13:15:31.257-0400] {processor.py:153} INFO - Started process (PID=3392) to work on /Users/admin/opt/anaconda3/envs/python-airflow-venv/lib/python3.10/site-packages/airflow/example_dags/example_task_group_decorator.py
[2023-04-22T13:15:31.257-0400] {processor.py:743} INFO - Processing file /Users/admin/opt/anaconda3/envs/python-airflow-venv/lib/python3.10/site-packages/airflow/example_dags/example_task_group_decorator.py for tasks to queue
[2023-04-22T13:15:31.258-0400] {logging_mixin.py:137} INFO - [2023-04-22T13:15:31.258-0400] {dagbag.py:538} INFO - Filling up the DagBag from /Users/admin/opt/anaconda3/envs/python-airflow-venv/lib/python3.10/site-packages/airflow/example_dags/example_task_group_decorator.py
[2023-04-22T13:15:31.330-0400] {processor.py:753} INFO - DAG(s) dict_keys(['example_task_group_decorator']) retrieved from /Users/admin/opt/anaconda3/envs/python-airflow-venv/lib/python3.10/site-packages/airflow/example_dags/example_task_group_decorator.py
[2023-04-22T13:15:31.373-0400] {logging_mixin.py:137} WARNING - /Users/admin/opt/anaconda3/envs/python-airflow-venv/lib/python3.10/site-packages/airflow/jobs/scheduler_job.py:124 DeprecationWarning: The processor_poll_interval option in [scheduler] has been renamed to scheduler_idle_sleep_time - the old setting has been used, but please update your config.
[2023-04-22T13:15:31.947-0400] {logging_mixin.py:137} INFO - [2023-04-22T13:15:31.947-0400] {dag.py:2690} INFO - Sync 1 DAGs
[2023-04-22T13:15:31.961-0400] {logging_mixin.py:137} INFO - [2023-04-22T13:15:31.961-0400] {dag.py:3437} INFO - Setting next_dagrun for example_task_group_decorator to 2023-04-21T17:15:31.961095+00:00, run_after=2023-04-22T17:15:31.961095+00:00
[2023-04-22T13:15:31.978-0400] {processor.py:175} INFO - Processing /Users/admin/opt/anaconda3/envs/python-airflow-venv/lib/python3.10/site-packages/airflow/example_dags/example_task_group_decorator.py took 0.726 seconds
[2023-04-22T13:17:28.195-0400] {logging_mixin.py:137} WARNING - /Users/admin/opt/anaconda3/envs/python-airflow-venv/lib/python3.10/site-packages/airflow/settings.py:337 DeprecationWarning: The sql_alchemy_pool_enabled option in [core] has been moved to the sql_alchemy_pool_enabled option in [database] - the old setting has been used, but please update your config.
[2023-04-22T13:17:28.200-0400] {logging_mixin.py:137} WARNING - /Users/admin/opt/anaconda3/envs/python-airflow-venv/lib/python3.10/site-packages/airflow/settings.py:400 DeprecationWarning: The sql_engine_encoding option in [core] has been moved to the sql_engine_encoding option in [database] - the old setting has been used, but please update your config.
[2023-04-22T13:17:28.200-0400] {processor.py:153} INFO - Started process (PID=3445) to work on /Users/admin/opt/anaconda3/envs/python-airflow-venv/lib/python3.10/site-packages/airflow/example_dags/example_task_group_decorator.py
[2023-04-22T13:17:28.201-0400] {processor.py:743} INFO - Processing file /Users/admin/opt/anaconda3/envs/python-airflow-venv/lib/python3.10/site-packages/airflow/example_dags/example_task_group_decorator.py for tasks to queue
[2023-04-22T13:17:28.201-0400] {logging_mixin.py:137} INFO - [2023-04-22T13:17:28.201-0400] {dagbag.py:538} INFO - Filling up the DagBag from /Users/admin/opt/anaconda3/envs/python-airflow-venv/lib/python3.10/site-packages/airflow/example_dags/example_task_group_decorator.py
[2023-04-22T13:17:28.272-0400] {processor.py:753} INFO - DAG(s) dict_keys(['example_task_group_decorator']) retrieved from /Users/admin/opt/anaconda3/envs/python-airflow-venv/lib/python3.10/site-packages/airflow/example_dags/example_task_group_decorator.py
[2023-04-22T13:17:28.315-0400] {logging_mixin.py:137} WARNING - /Users/admin/opt/anaconda3/envs/python-airflow-venv/lib/python3.10/site-packages/airflow/jobs/scheduler_job.py:124 DeprecationWarning: The processor_poll_interval option in [scheduler] has been renamed to scheduler_idle_sleep_time - the old setting has been used, but please update your config.
[2023-04-22T13:17:28.887-0400] {logging_mixin.py:137} INFO - [2023-04-22T13:17:28.887-0400] {dag.py:2690} INFO - Sync 1 DAGs
[2023-04-22T13:17:28.901-0400] {logging_mixin.py:137} INFO - [2023-04-22T13:17:28.901-0400] {dag.py:3437} INFO - Setting next_dagrun for example_task_group_decorator to 2023-04-21T17:17:28.901555+00:00, run_after=2023-04-22T17:17:28.901555+00:00
[2023-04-22T13:17:28.917-0400] {processor.py:175} INFO - Processing /Users/admin/opt/anaconda3/envs/python-airflow-venv/lib/python3.10/site-packages/airflow/example_dags/example_task_group_decorator.py took 0.722 seconds
[2023-04-22T13:19:25.018-0400] {logging_mixin.py:137} WARNING - /Users/admin/opt/anaconda3/envs/python-airflow-venv/lib/python3.10/site-packages/airflow/settings.py:337 DeprecationWarning: The sql_alchemy_pool_enabled option in [core] has been moved to the sql_alchemy_pool_enabled option in [database] - the old setting has been used, but please update your config.
[2023-04-22T13:19:25.023-0400] {logging_mixin.py:137} WARNING - /Users/admin/opt/anaconda3/envs/python-airflow-venv/lib/python3.10/site-packages/airflow/settings.py:400 DeprecationWarning: The sql_engine_encoding option in [core] has been moved to the sql_engine_encoding option in [database] - the old setting has been used, but please update your config.
[2023-04-22T13:19:25.023-0400] {processor.py:153} INFO - Started process (PID=3497) to work on /Users/admin/opt/anaconda3/envs/python-airflow-venv/lib/python3.10/site-packages/airflow/example_dags/example_task_group_decorator.py
[2023-04-22T13:19:25.024-0400] {processor.py:743} INFO - Processing file /Users/admin/opt/anaconda3/envs/python-airflow-venv/lib/python3.10/site-packages/airflow/example_dags/example_task_group_decorator.py for tasks to queue
[2023-04-22T13:19:25.024-0400] {logging_mixin.py:137} INFO - [2023-04-22T13:19:25.024-0400] {dagbag.py:538} INFO - Filling up the DagBag from /Users/admin/opt/anaconda3/envs/python-airflow-venv/lib/python3.10/site-packages/airflow/example_dags/example_task_group_decorator.py
[2023-04-22T13:19:25.095-0400] {processor.py:753} INFO - DAG(s) dict_keys(['example_task_group_decorator']) retrieved from /Users/admin/opt/anaconda3/envs/python-airflow-venv/lib/python3.10/site-packages/airflow/example_dags/example_task_group_decorator.py
[2023-04-22T13:19:25.138-0400] {logging_mixin.py:137} WARNING - /Users/admin/opt/anaconda3/envs/python-airflow-venv/lib/python3.10/site-packages/airflow/jobs/scheduler_job.py:124 DeprecationWarning: The processor_poll_interval option in [scheduler] has been renamed to scheduler_idle_sleep_time - the old setting has been used, but please update your config.
[2023-04-22T13:19:25.709-0400] {logging_mixin.py:137} INFO - [2023-04-22T13:19:25.709-0400] {dag.py:2690} INFO - Sync 1 DAGs
[2023-04-22T13:19:25.723-0400] {logging_mixin.py:137} INFO - [2023-04-22T13:19:25.723-0400] {dag.py:3437} INFO - Setting next_dagrun for example_task_group_decorator to 2023-04-21T17:19:25.723590+00:00, run_after=2023-04-22T17:19:25.723590+00:00
[2023-04-22T13:19:25.744-0400] {processor.py:175} INFO - Processing /Users/admin/opt/anaconda3/envs/python-airflow-venv/lib/python3.10/site-packages/airflow/example_dags/example_task_group_decorator.py took 0.726 seconds
[2023-04-22T13:21:21.685-0400] {logging_mixin.py:137} WARNING - /Users/admin/opt/anaconda3/envs/python-airflow-venv/lib/python3.10/site-packages/airflow/settings.py:337 DeprecationWarning: The sql_alchemy_pool_enabled option in [core] has been moved to the sql_alchemy_pool_enabled option in [database] - the old setting has been used, but please update your config.
[2023-04-22T13:21:21.689-0400] {logging_mixin.py:137} WARNING - /Users/admin/opt/anaconda3/envs/python-airflow-venv/lib/python3.10/site-packages/airflow/settings.py:400 DeprecationWarning: The sql_engine_encoding option in [core] has been moved to the sql_engine_encoding option in [database] - the old setting has been used, but please update your config.
[2023-04-22T13:21:21.689-0400] {processor.py:153} INFO - Started process (PID=3555) to work on /Users/admin/opt/anaconda3/envs/python-airflow-venv/lib/python3.10/site-packages/airflow/example_dags/example_task_group_decorator.py
[2023-04-22T13:21:21.690-0400] {processor.py:743} INFO - Processing file /Users/admin/opt/anaconda3/envs/python-airflow-venv/lib/python3.10/site-packages/airflow/example_dags/example_task_group_decorator.py for tasks to queue
[2023-04-22T13:21:21.690-0400] {logging_mixin.py:137} INFO - [2023-04-22T13:21:21.690-0400] {dagbag.py:538} INFO - Filling up the DagBag from /Users/admin/opt/anaconda3/envs/python-airflow-venv/lib/python3.10/site-packages/airflow/example_dags/example_task_group_decorator.py
[2023-04-22T13:21:21.765-0400] {processor.py:753} INFO - DAG(s) dict_keys(['example_task_group_decorator']) retrieved from /Users/admin/opt/anaconda3/envs/python-airflow-venv/lib/python3.10/site-packages/airflow/example_dags/example_task_group_decorator.py
[2023-04-22T13:21:21.808-0400] {logging_mixin.py:137} WARNING - /Users/admin/opt/anaconda3/envs/python-airflow-venv/lib/python3.10/site-packages/airflow/jobs/scheduler_job.py:124 DeprecationWarning: The processor_poll_interval option in [scheduler] has been renamed to scheduler_idle_sleep_time - the old setting has been used, but please update your config.
[2023-04-22T13:21:22.385-0400] {logging_mixin.py:137} INFO - [2023-04-22T13:21:22.384-0400] {dag.py:2690} INFO - Sync 1 DAGs
[2023-04-22T13:21:22.399-0400] {logging_mixin.py:137} INFO - [2023-04-22T13:21:22.398-0400] {dag.py:3437} INFO - Setting next_dagrun for example_task_group_decorator to 2023-04-21T17:21:22.398877+00:00, run_after=2023-04-22T17:21:22.398877+00:00
[2023-04-22T13:21:22.412-0400] {processor.py:175} INFO - Processing /Users/admin/opt/anaconda3/envs/python-airflow-venv/lib/python3.10/site-packages/airflow/example_dags/example_task_group_decorator.py took 0.728 seconds
[2023-04-22T13:23:18.320-0400] {logging_mixin.py:137} WARNING - /Users/admin/opt/anaconda3/envs/python-airflow-venv/lib/python3.10/site-packages/airflow/settings.py:337 DeprecationWarning: The sql_alchemy_pool_enabled option in [core] has been moved to the sql_alchemy_pool_enabled option in [database] - the old setting has been used, but please update your config.
[2023-04-22T13:23:18.327-0400] {logging_mixin.py:137} WARNING - /Users/admin/opt/anaconda3/envs/python-airflow-venv/lib/python3.10/site-packages/airflow/settings.py:400 DeprecationWarning: The sql_engine_encoding option in [core] has been moved to the sql_engine_encoding option in [database] - the old setting has been used, but please update your config.
[2023-04-22T13:23:18.328-0400] {processor.py:153} INFO - Started process (PID=3608) to work on /Users/admin/opt/anaconda3/envs/python-airflow-venv/lib/python3.10/site-packages/airflow/example_dags/example_task_group_decorator.py
[2023-04-22T13:23:18.328-0400] {processor.py:743} INFO - Processing file /Users/admin/opt/anaconda3/envs/python-airflow-venv/lib/python3.10/site-packages/airflow/example_dags/example_task_group_decorator.py for tasks to queue
[2023-04-22T13:23:18.328-0400] {logging_mixin.py:137} INFO - [2023-04-22T13:23:18.328-0400] {dagbag.py:538} INFO - Filling up the DagBag from /Users/admin/opt/anaconda3/envs/python-airflow-venv/lib/python3.10/site-packages/airflow/example_dags/example_task_group_decorator.py
[2023-04-22T13:23:18.413-0400] {processor.py:753} INFO - DAG(s) dict_keys(['example_task_group_decorator']) retrieved from /Users/admin/opt/anaconda3/envs/python-airflow-venv/lib/python3.10/site-packages/airflow/example_dags/example_task_group_decorator.py
[2023-04-22T13:23:18.462-0400] {logging_mixin.py:137} WARNING - /Users/admin/opt/anaconda3/envs/python-airflow-venv/lib/python3.10/site-packages/airflow/jobs/scheduler_job.py:124 DeprecationWarning: The processor_poll_interval option in [scheduler] has been renamed to scheduler_idle_sleep_time - the old setting has been used, but please update your config.
[2023-04-22T13:23:19.043-0400] {logging_mixin.py:137} INFO - [2023-04-22T13:23:19.043-0400] {dag.py:2690} INFO - Sync 1 DAGs
[2023-04-22T13:23:19.057-0400] {logging_mixin.py:137} INFO - [2023-04-22T13:23:19.057-0400] {dag.py:3437} INFO - Setting next_dagrun for example_task_group_decorator to 2023-04-21T17:23:19.057215+00:00, run_after=2023-04-22T17:23:19.057215+00:00
[2023-04-22T13:23:19.074-0400] {processor.py:175} INFO - Processing /Users/admin/opt/anaconda3/envs/python-airflow-venv/lib/python3.10/site-packages/airflow/example_dags/example_task_group_decorator.py took 0.755 seconds
[2023-04-22T13:25:15.187-0400] {logging_mixin.py:137} WARNING - /Users/admin/opt/anaconda3/envs/python-airflow-venv/lib/python3.10/site-packages/airflow/settings.py:337 DeprecationWarning: The sql_alchemy_pool_enabled option in [core] has been moved to the sql_alchemy_pool_enabled option in [database] - the old setting has been used, but please update your config.
[2023-04-22T13:25:15.191-0400] {logging_mixin.py:137} WARNING - /Users/admin/opt/anaconda3/envs/python-airflow-venv/lib/python3.10/site-packages/airflow/settings.py:400 DeprecationWarning: The sql_engine_encoding option in [core] has been moved to the sql_engine_encoding option in [database] - the old setting has been used, but please update your config.
[2023-04-22T13:25:15.192-0400] {processor.py:153} INFO - Started process (PID=3660) to work on /Users/admin/opt/anaconda3/envs/python-airflow-venv/lib/python3.10/site-packages/airflow/example_dags/example_task_group_decorator.py
[2023-04-22T13:25:15.192-0400] {processor.py:743} INFO - Processing file /Users/admin/opt/anaconda3/envs/python-airflow-venv/lib/python3.10/site-packages/airflow/example_dags/example_task_group_decorator.py for tasks to queue
[2023-04-22T13:25:15.192-0400] {logging_mixin.py:137} INFO - [2023-04-22T13:25:15.192-0400] {dagbag.py:538} INFO - Filling up the DagBag from /Users/admin/opt/anaconda3/envs/python-airflow-venv/lib/python3.10/site-packages/airflow/example_dags/example_task_group_decorator.py
[2023-04-22T13:25:15.262-0400] {processor.py:753} INFO - DAG(s) dict_keys(['example_task_group_decorator']) retrieved from /Users/admin/opt/anaconda3/envs/python-airflow-venv/lib/python3.10/site-packages/airflow/example_dags/example_task_group_decorator.py
[2023-04-22T13:25:15.305-0400] {logging_mixin.py:137} WARNING - /Users/admin/opt/anaconda3/envs/python-airflow-venv/lib/python3.10/site-packages/airflow/jobs/scheduler_job.py:124 DeprecationWarning: The processor_poll_interval option in [scheduler] has been renamed to scheduler_idle_sleep_time - the old setting has been used, but please update your config.
[2023-04-22T13:25:15.876-0400] {logging_mixin.py:137} INFO - [2023-04-22T13:25:15.876-0400] {dag.py:2690} INFO - Sync 1 DAGs
[2023-04-22T13:25:15.890-0400] {logging_mixin.py:137} INFO - [2023-04-22T13:25:15.890-0400] {dag.py:3437} INFO - Setting next_dagrun for example_task_group_decorator to 2023-04-21T17:25:15.890305+00:00, run_after=2023-04-22T17:25:15.890305+00:00
[2023-04-22T13:25:15.910-0400] {processor.py:175} INFO - Processing /Users/admin/opt/anaconda3/envs/python-airflow-venv/lib/python3.10/site-packages/airflow/example_dags/example_task_group_decorator.py took 0.724 seconds
[2023-04-22T14:27:51.266-0400] {logging_mixin.py:137} WARNING - /Users/admin/opt/anaconda3/envs/python-airflow-venv/lib/python3.10/site-packages/airflow/settings.py:337 DeprecationWarning: The sql_alchemy_pool_enabled option in [core] has been moved to the sql_alchemy_pool_enabled option in [database] - the old setting has been used, but please update your config.
[2023-04-22T14:27:51.271-0400] {logging_mixin.py:137} WARNING - /Users/admin/opt/anaconda3/envs/python-airflow-venv/lib/python3.10/site-packages/airflow/settings.py:400 DeprecationWarning: The sql_engine_encoding option in [core] has been moved to the sql_engine_encoding option in [database] - the old setting has been used, but please update your config.
[2023-04-22T14:27:51.271-0400] {processor.py:153} INFO - Started process (PID=3736) to work on /Users/admin/opt/anaconda3/envs/python-airflow-venv/lib/python3.10/site-packages/airflow/example_dags/example_task_group_decorator.py
[2023-04-22T14:27:51.271-0400] {processor.py:743} INFO - Processing file /Users/admin/opt/anaconda3/envs/python-airflow-venv/lib/python3.10/site-packages/airflow/example_dags/example_task_group_decorator.py for tasks to queue
[2023-04-22T14:27:51.272-0400] {logging_mixin.py:137} INFO - [2023-04-22T14:27:51.272-0400] {dagbag.py:538} INFO - Filling up the DagBag from /Users/admin/opt/anaconda3/envs/python-airflow-venv/lib/python3.10/site-packages/airflow/example_dags/example_task_group_decorator.py
[2023-04-22T14:27:51.342-0400] {processor.py:753} INFO - DAG(s) dict_keys(['example_task_group_decorator']) retrieved from /Users/admin/opt/anaconda3/envs/python-airflow-venv/lib/python3.10/site-packages/airflow/example_dags/example_task_group_decorator.py
[2023-04-22T14:27:51.386-0400] {logging_mixin.py:137} WARNING - /Users/admin/opt/anaconda3/envs/python-airflow-venv/lib/python3.10/site-packages/airflow/jobs/scheduler_job.py:124 DeprecationWarning: The processor_poll_interval option in [scheduler] has been renamed to scheduler_idle_sleep_time - the old setting has been used, but please update your config.
[2023-04-22T14:27:51.991-0400] {logging_mixin.py:137} INFO - [2023-04-22T14:27:51.991-0400] {dag.py:2690} INFO - Sync 1 DAGs
[2023-04-22T14:27:52.007-0400] {logging_mixin.py:137} INFO - [2023-04-22T14:27:52.007-0400] {dag.py:3437} INFO - Setting next_dagrun for example_task_group_decorator to 2023-04-21T18:27:52.007447+00:00, run_after=2023-04-22T18:27:52.007447+00:00
[2023-04-22T14:27:52.022-0400] {processor.py:175} INFO - Processing /Users/admin/opt/anaconda3/envs/python-airflow-venv/lib/python3.10/site-packages/airflow/example_dags/example_task_group_decorator.py took 0.757 seconds
[2023-04-22T14:29:51.228-0400] {logging_mixin.py:137} WARNING - /Users/admin/opt/anaconda3/envs/python-airflow-venv/lib/python3.10/site-packages/airflow/settings.py:337 DeprecationWarning: The sql_alchemy_pool_enabled option in [core] has been moved to the sql_alchemy_pool_enabled option in [database] - the old setting has been used, but please update your config.
[2023-04-22T14:29:51.233-0400] {logging_mixin.py:137} WARNING - /Users/admin/opt/anaconda3/envs/python-airflow-venv/lib/python3.10/site-packages/airflow/settings.py:400 DeprecationWarning: The sql_engine_encoding option in [core] has been moved to the sql_engine_encoding option in [database] - the old setting has been used, but please update your config.
[2023-04-22T14:29:51.233-0400] {processor.py:153} INFO - Started process (PID=3803) to work on /Users/admin/opt/anaconda3/envs/python-airflow-venv/lib/python3.10/site-packages/airflow/example_dags/example_task_group_decorator.py
[2023-04-22T14:29:51.233-0400] {processor.py:743} INFO - Processing file /Users/admin/opt/anaconda3/envs/python-airflow-venv/lib/python3.10/site-packages/airflow/example_dags/example_task_group_decorator.py for tasks to queue
[2023-04-22T14:29:51.234-0400] {logging_mixin.py:137} INFO - [2023-04-22T14:29:51.234-0400] {dagbag.py:538} INFO - Filling up the DagBag from /Users/admin/opt/anaconda3/envs/python-airflow-venv/lib/python3.10/site-packages/airflow/example_dags/example_task_group_decorator.py
[2023-04-22T14:29:51.308-0400] {processor.py:753} INFO - DAG(s) dict_keys(['example_task_group_decorator']) retrieved from /Users/admin/opt/anaconda3/envs/python-airflow-venv/lib/python3.10/site-packages/airflow/example_dags/example_task_group_decorator.py
[2023-04-22T14:29:51.350-0400] {logging_mixin.py:137} WARNING - /Users/admin/opt/anaconda3/envs/python-airflow-venv/lib/python3.10/site-packages/airflow/jobs/scheduler_job.py:124 DeprecationWarning: The processor_poll_interval option in [scheduler] has been renamed to scheduler_idle_sleep_time - the old setting has been used, but please update your config.
[2023-04-22T14:29:51.921-0400] {logging_mixin.py:137} INFO - [2023-04-22T14:29:51.921-0400] {dag.py:2690} INFO - Sync 1 DAGs
[2023-04-22T14:29:51.935-0400] {logging_mixin.py:137} INFO - [2023-04-22T14:29:51.935-0400] {dag.py:3437} INFO - Setting next_dagrun for example_task_group_decorator to 2023-04-21T18:29:51.935018+00:00, run_after=2023-04-22T18:29:51.935018+00:00
[2023-04-22T14:29:51.952-0400] {processor.py:175} INFO - Processing /Users/admin/opt/anaconda3/envs/python-airflow-venv/lib/python3.10/site-packages/airflow/example_dags/example_task_group_decorator.py took 0.724 seconds
[2023-04-22T14:31:47.429-0400] {logging_mixin.py:137} WARNING - /Users/admin/opt/anaconda3/envs/python-airflow-venv/lib/python3.10/site-packages/airflow/settings.py:337 DeprecationWarning: The sql_alchemy_pool_enabled option in [core] has been moved to the sql_alchemy_pool_enabled option in [database] - the old setting has been used, but please update your config.
[2023-04-22T14:31:47.433-0400] {logging_mixin.py:137} WARNING - /Users/admin/opt/anaconda3/envs/python-airflow-venv/lib/python3.10/site-packages/airflow/settings.py:400 DeprecationWarning: The sql_engine_encoding option in [core] has been moved to the sql_engine_encoding option in [database] - the old setting has been used, but please update your config.
[2023-04-22T14:31:47.433-0400] {processor.py:153} INFO - Started process (PID=3858) to work on /Users/admin/opt/anaconda3/envs/python-airflow-venv/lib/python3.10/site-packages/airflow/example_dags/example_task_group_decorator.py
[2023-04-22T14:31:47.434-0400] {processor.py:743} INFO - Processing file /Users/admin/opt/anaconda3/envs/python-airflow-venv/lib/python3.10/site-packages/airflow/example_dags/example_task_group_decorator.py for tasks to queue
[2023-04-22T14:31:47.434-0400] {logging_mixin.py:137} INFO - [2023-04-22T14:31:47.434-0400] {dagbag.py:538} INFO - Filling up the DagBag from /Users/admin/opt/anaconda3/envs/python-airflow-venv/lib/python3.10/site-packages/airflow/example_dags/example_task_group_decorator.py
[2023-04-22T14:31:47.507-0400] {processor.py:753} INFO - DAG(s) dict_keys(['example_task_group_decorator']) retrieved from /Users/admin/opt/anaconda3/envs/python-airflow-venv/lib/python3.10/site-packages/airflow/example_dags/example_task_group_decorator.py
[2023-04-22T14:31:47.550-0400] {logging_mixin.py:137} WARNING - /Users/admin/opt/anaconda3/envs/python-airflow-venv/lib/python3.10/site-packages/airflow/jobs/scheduler_job.py:124 DeprecationWarning: The processor_poll_interval option in [scheduler] has been renamed to scheduler_idle_sleep_time - the old setting has been used, but please update your config.
[2023-04-22T14:31:48.125-0400] {logging_mixin.py:137} INFO - [2023-04-22T14:31:48.124-0400] {dag.py:2690} INFO - Sync 1 DAGs
[2023-04-22T14:31:48.139-0400] {logging_mixin.py:137} INFO - [2023-04-22T14:31:48.138-0400] {dag.py:3437} INFO - Setting next_dagrun for example_task_group_decorator to 2023-04-21T18:31:48.138862+00:00, run_after=2023-04-22T18:31:48.138862+00:00
[2023-04-22T14:31:48.155-0400] {processor.py:175} INFO - Processing /Users/admin/opt/anaconda3/envs/python-airflow-venv/lib/python3.10/site-packages/airflow/example_dags/example_task_group_decorator.py took 0.727 seconds
[2023-04-22T14:33:46.603-0400] {logging_mixin.py:137} WARNING - /Users/admin/opt/anaconda3/envs/python-airflow-venv/lib/python3.10/site-packages/airflow/settings.py:337 DeprecationWarning: The sql_alchemy_pool_enabled option in [core] has been moved to the sql_alchemy_pool_enabled option in [database] - the old setting has been used, but please update your config.
[2023-04-22T14:33:46.607-0400] {logging_mixin.py:137} WARNING - /Users/admin/opt/anaconda3/envs/python-airflow-venv/lib/python3.10/site-packages/airflow/settings.py:400 DeprecationWarning: The sql_engine_encoding option in [core] has been moved to the sql_engine_encoding option in [database] - the old setting has been used, but please update your config.
[2023-04-22T14:33:46.607-0400] {processor.py:153} INFO - Started process (PID=3962) to work on /Users/admin/opt/anaconda3/envs/python-airflow-venv/lib/python3.10/site-packages/airflow/example_dags/example_task_group_decorator.py
[2023-04-22T14:33:46.608-0400] {processor.py:743} INFO - Processing file /Users/admin/opt/anaconda3/envs/python-airflow-venv/lib/python3.10/site-packages/airflow/example_dags/example_task_group_decorator.py for tasks to queue
[2023-04-22T14:33:46.608-0400] {logging_mixin.py:137} INFO - [2023-04-22T14:33:46.608-0400] {dagbag.py:538} INFO - Filling up the DagBag from /Users/admin/opt/anaconda3/envs/python-airflow-venv/lib/python3.10/site-packages/airflow/example_dags/example_task_group_decorator.py
[2023-04-22T14:33:46.680-0400] {processor.py:753} INFO - DAG(s) dict_keys(['example_task_group_decorator']) retrieved from /Users/admin/opt/anaconda3/envs/python-airflow-venv/lib/python3.10/site-packages/airflow/example_dags/example_task_group_decorator.py
[2023-04-22T14:33:46.723-0400] {logging_mixin.py:137} WARNING - /Users/admin/opt/anaconda3/envs/python-airflow-venv/lib/python3.10/site-packages/airflow/jobs/scheduler_job.py:124 DeprecationWarning: The processor_poll_interval option in [scheduler] has been renamed to scheduler_idle_sleep_time - the old setting has been used, but please update your config.
[2023-04-22T14:33:47.290-0400] {logging_mixin.py:137} INFO - [2023-04-22T14:33:47.290-0400] {dag.py:2690} INFO - Sync 1 DAGs
[2023-04-22T14:33:47.304-0400] {logging_mixin.py:137} INFO - [2023-04-22T14:33:47.303-0400] {dag.py:3437} INFO - Setting next_dagrun for example_task_group_decorator to 2023-04-21T18:33:47.303821+00:00, run_after=2023-04-22T18:33:47.303821+00:00
[2023-04-22T14:33:47.322-0400] {processor.py:175} INFO - Processing /Users/admin/opt/anaconda3/envs/python-airflow-venv/lib/python3.10/site-packages/airflow/example_dags/example_task_group_decorator.py took 0.720 seconds
[2023-04-22T14:35:44.116-0400] {logging_mixin.py:137} WARNING - /Users/admin/opt/anaconda3/envs/python-airflow-venv/lib/python3.10/site-packages/airflow/settings.py:337 DeprecationWarning: The sql_alchemy_pool_enabled option in [core] has been moved to the sql_alchemy_pool_enabled option in [database] - the old setting has been used, but please update your config.
[2023-04-22T14:35:44.120-0400] {logging_mixin.py:137} WARNING - /Users/admin/opt/anaconda3/envs/python-airflow-venv/lib/python3.10/site-packages/airflow/settings.py:400 DeprecationWarning: The sql_engine_encoding option in [core] has been moved to the sql_engine_encoding option in [database] - the old setting has been used, but please update your config.
[2023-04-22T14:35:44.121-0400] {processor.py:153} INFO - Started process (PID=4041) to work on /Users/admin/opt/anaconda3/envs/python-airflow-venv/lib/python3.10/site-packages/airflow/example_dags/example_task_group_decorator.py
[2023-04-22T14:35:44.121-0400] {processor.py:743} INFO - Processing file /Users/admin/opt/anaconda3/envs/python-airflow-venv/lib/python3.10/site-packages/airflow/example_dags/example_task_group_decorator.py for tasks to queue
[2023-04-22T14:35:44.122-0400] {logging_mixin.py:137} INFO - [2023-04-22T14:35:44.122-0400] {dagbag.py:538} INFO - Filling up the DagBag from /Users/admin/opt/anaconda3/envs/python-airflow-venv/lib/python3.10/site-packages/airflow/example_dags/example_task_group_decorator.py
[2023-04-22T14:35:44.195-0400] {processor.py:753} INFO - DAG(s) dict_keys(['example_task_group_decorator']) retrieved from /Users/admin/opt/anaconda3/envs/python-airflow-venv/lib/python3.10/site-packages/airflow/example_dags/example_task_group_decorator.py
[2023-04-22T14:35:44.237-0400] {logging_mixin.py:137} WARNING - /Users/admin/opt/anaconda3/envs/python-airflow-venv/lib/python3.10/site-packages/airflow/jobs/scheduler_job.py:124 DeprecationWarning: The processor_poll_interval option in [scheduler] has been renamed to scheduler_idle_sleep_time - the old setting has been used, but please update your config.
[2023-04-22T14:35:44.810-0400] {logging_mixin.py:137} INFO - [2023-04-22T14:35:44.810-0400] {dag.py:2690} INFO - Sync 1 DAGs
[2023-04-22T14:35:44.824-0400] {logging_mixin.py:137} INFO - [2023-04-22T14:35:44.824-0400] {dag.py:3437} INFO - Setting next_dagrun for example_task_group_decorator to 2023-04-21T18:35:44.824033+00:00, run_after=2023-04-22T18:35:44.824033+00:00
[2023-04-22T14:35:44.842-0400] {processor.py:175} INFO - Processing /Users/admin/opt/anaconda3/envs/python-airflow-venv/lib/python3.10/site-packages/airflow/example_dags/example_task_group_decorator.py took 0.726 seconds
[2023-04-22T14:37:41.289-0400] {logging_mixin.py:137} WARNING - /Users/admin/opt/anaconda3/envs/python-airflow-venv/lib/python3.10/site-packages/airflow/settings.py:337 DeprecationWarning: The sql_alchemy_pool_enabled option in [core] has been moved to the sql_alchemy_pool_enabled option in [database] - the old setting has been used, but please update your config.
[2023-04-22T14:37:41.294-0400] {logging_mixin.py:137} WARNING - /Users/admin/opt/anaconda3/envs/python-airflow-venv/lib/python3.10/site-packages/airflow/settings.py:400 DeprecationWarning: The sql_engine_encoding option in [core] has been moved to the sql_engine_encoding option in [database] - the old setting has been used, but please update your config.
[2023-04-22T14:37:41.294-0400] {processor.py:153} INFO - Started process (PID=4104) to work on /Users/admin/opt/anaconda3/envs/python-airflow-venv/lib/python3.10/site-packages/airflow/example_dags/example_task_group_decorator.py
[2023-04-22T14:37:41.294-0400] {processor.py:743} INFO - Processing file /Users/admin/opt/anaconda3/envs/python-airflow-venv/lib/python3.10/site-packages/airflow/example_dags/example_task_group_decorator.py for tasks to queue
[2023-04-22T14:37:41.295-0400] {logging_mixin.py:137} INFO - [2023-04-22T14:37:41.295-0400] {dagbag.py:538} INFO - Filling up the DagBag from /Users/admin/opt/anaconda3/envs/python-airflow-venv/lib/python3.10/site-packages/airflow/example_dags/example_task_group_decorator.py
[2023-04-22T14:37:41.364-0400] {processor.py:753} INFO - DAG(s) dict_keys(['example_task_group_decorator']) retrieved from /Users/admin/opt/anaconda3/envs/python-airflow-venv/lib/python3.10/site-packages/airflow/example_dags/example_task_group_decorator.py
[2023-04-22T14:37:41.407-0400] {logging_mixin.py:137} WARNING - /Users/admin/opt/anaconda3/envs/python-airflow-venv/lib/python3.10/site-packages/airflow/jobs/scheduler_job.py:124 DeprecationWarning: The processor_poll_interval option in [scheduler] has been renamed to scheduler_idle_sleep_time - the old setting has been used, but please update your config.
[2023-04-22T14:37:41.981-0400] {logging_mixin.py:137} INFO - [2023-04-22T14:37:41.980-0400] {dag.py:2690} INFO - Sync 1 DAGs
[2023-04-22T14:37:41.995-0400] {logging_mixin.py:137} INFO - [2023-04-22T14:37:41.994-0400] {dag.py:3437} INFO - Setting next_dagrun for example_task_group_decorator to 2023-04-21T18:37:41.994773+00:00, run_after=2023-04-22T18:37:41.994773+00:00
[2023-04-22T14:37:42.010-0400] {processor.py:175} INFO - Processing /Users/admin/opt/anaconda3/envs/python-airflow-venv/lib/python3.10/site-packages/airflow/example_dags/example_task_group_decorator.py took 0.721 seconds
