[2023-04-22T13:00:43.617-0400] {logging_mixin.py:137} WARNING - /Users/admin/opt/anaconda3/envs/python-airflow-venv/lib/python3.10/site-packages/airflow/settings.py:337 DeprecationWarning: The sql_alchemy_pool_enabled option in [core] has been moved to the sql_alchemy_pool_enabled option in [database] - the old setting has been used, but please update your config.
[2023-04-22T13:00:43.622-0400] {logging_mixin.py:137} WARNING - /Users/admin/opt/anaconda3/envs/python-airflow-venv/lib/python3.10/site-packages/airflow/settings.py:400 DeprecationWarning: The sql_engine_encoding option in [core] has been moved to the sql_engine_encoding option in [database] - the old setting has been used, but please update your config.
[2023-04-22T13:00:43.622-0400] {processor.py:153} INFO - Started process (PID=2624) to work on /Users/admin/opt/anaconda3/envs/python-airflow-venv/lib/python3.10/site-packages/airflow/example_dags/example_short_circuit_decorator.py
[2023-04-22T13:00:43.623-0400] {processor.py:743} INFO - Processing file /Users/admin/opt/anaconda3/envs/python-airflow-venv/lib/python3.10/site-packages/airflow/example_dags/example_short_circuit_decorator.py for tasks to queue
[2023-04-22T13:00:43.623-0400] {logging_mixin.py:137} INFO - [2023-04-22T13:00:43.623-0400] {dagbag.py:538} INFO - Filling up the DagBag from /Users/admin/opt/anaconda3/envs/python-airflow-venv/lib/python3.10/site-packages/airflow/example_dags/example_short_circuit_decorator.py
[2023-04-22T13:00:43.692-0400] {processor.py:753} INFO - DAG(s) dict_keys(['example_short_circuit_decorator']) retrieved from /Users/admin/opt/anaconda3/envs/python-airflow-venv/lib/python3.10/site-packages/airflow/example_dags/example_short_circuit_decorator.py
[2023-04-22T13:00:43.735-0400] {logging_mixin.py:137} WARNING - /Users/admin/opt/anaconda3/envs/python-airflow-venv/lib/python3.10/site-packages/airflow/jobs/scheduler_job.py:124 DeprecationWarning: The processor_poll_interval option in [scheduler] has been renamed to scheduler_idle_sleep_time - the old setting has been used, but please update your config.
[2023-04-22T13:00:44.315-0400] {logging_mixin.py:137} INFO - [2023-04-22T13:00:44.314-0400] {dag.py:2690} INFO - Sync 1 DAGs
[2023-04-22T13:00:44.328-0400] {logging_mixin.py:137} INFO - [2023-04-22T13:00:44.328-0400] {dag.py:3437} INFO - Setting next_dagrun for example_short_circuit_decorator to 2023-04-21T17:00:44.328523+00:00, run_after=2023-04-22T17:00:44.328523+00:00
[2023-04-22T13:00:44.348-0400] {processor.py:175} INFO - Processing /Users/admin/opt/anaconda3/envs/python-airflow-venv/lib/python3.10/site-packages/airflow/example_dags/example_short_circuit_decorator.py took 0.732 seconds
[2023-04-22T13:02:57.195-0400] {logging_mixin.py:137} WARNING - /Users/admin/opt/anaconda3/envs/python-airflow-venv/lib/python3.10/site-packages/airflow/settings.py:337 DeprecationWarning: The sql_alchemy_pool_enabled option in [core] has been moved to the sql_alchemy_pool_enabled option in [database] - the old setting has been used, but please update your config.
[2023-04-22T13:02:57.199-0400] {logging_mixin.py:137} WARNING - /Users/admin/opt/anaconda3/envs/python-airflow-venv/lib/python3.10/site-packages/airflow/settings.py:400 DeprecationWarning: The sql_engine_encoding option in [core] has been moved to the sql_engine_encoding option in [database] - the old setting has been used, but please update your config.
[2023-04-22T13:02:57.200-0400] {processor.py:153} INFO - Started process (PID=2914) to work on /Users/admin/opt/anaconda3/envs/python-airflow-venv/lib/python3.10/site-packages/airflow/example_dags/example_short_circuit_decorator.py
[2023-04-22T13:02:57.200-0400] {processor.py:743} INFO - Processing file /Users/admin/opt/anaconda3/envs/python-airflow-venv/lib/python3.10/site-packages/airflow/example_dags/example_short_circuit_decorator.py for tasks to queue
[2023-04-22T13:02:57.200-0400] {logging_mixin.py:137} INFO - [2023-04-22T13:02:57.200-0400] {dagbag.py:538} INFO - Filling up the DagBag from /Users/admin/opt/anaconda3/envs/python-airflow-venv/lib/python3.10/site-packages/airflow/example_dags/example_short_circuit_decorator.py
[2023-04-22T13:02:57.270-0400] {processor.py:753} INFO - DAG(s) dict_keys(['example_short_circuit_decorator']) retrieved from /Users/admin/opt/anaconda3/envs/python-airflow-venv/lib/python3.10/site-packages/airflow/example_dags/example_short_circuit_decorator.py
[2023-04-22T13:02:57.315-0400] {logging_mixin.py:137} WARNING - /Users/admin/opt/anaconda3/envs/python-airflow-venv/lib/python3.10/site-packages/airflow/jobs/scheduler_job.py:124 DeprecationWarning: The processor_poll_interval option in [scheduler] has been renamed to scheduler_idle_sleep_time - the old setting has been used, but please update your config.
[2023-04-22T13:02:57.953-0400] {logging_mixin.py:137} INFO - [2023-04-22T13:02:57.953-0400] {dag.py:2690} INFO - Sync 1 DAGs
[2023-04-22T13:02:57.967-0400] {logging_mixin.py:137} INFO - [2023-04-22T13:02:57.967-0400] {dag.py:3437} INFO - Setting next_dagrun for example_short_circuit_decorator to 2023-04-21T17:02:57.966968+00:00, run_after=2023-04-22T17:02:57.966968+00:00
[2023-04-22T13:02:57.982-0400] {processor.py:175} INFO - Processing /Users/admin/opt/anaconda3/envs/python-airflow-venv/lib/python3.10/site-packages/airflow/example_dags/example_short_circuit_decorator.py took 0.789 seconds
[2023-04-22T13:05:42.808-0400] {logging_mixin.py:137} WARNING - /Users/admin/opt/anaconda3/envs/python-airflow-venv/lib/python3.10/site-packages/airflow/settings.py:337 DeprecationWarning: The sql_alchemy_pool_enabled option in [core] has been moved to the sql_alchemy_pool_enabled option in [database] - the old setting has been used, but please update your config.
[2023-04-22T13:05:42.813-0400] {logging_mixin.py:137} WARNING - /Users/admin/opt/anaconda3/envs/python-airflow-venv/lib/python3.10/site-packages/airflow/settings.py:400 DeprecationWarning: The sql_engine_encoding option in [core] has been moved to the sql_engine_encoding option in [database] - the old setting has been used, but please update your config.
[2023-04-22T13:05:42.814-0400] {processor.py:153} INFO - Started process (PID=3087) to work on /Users/admin/opt/anaconda3/envs/python-airflow-venv/lib/python3.10/site-packages/airflow/example_dags/example_short_circuit_decorator.py
[2023-04-22T13:05:42.814-0400] {processor.py:743} INFO - Processing file /Users/admin/opt/anaconda3/envs/python-airflow-venv/lib/python3.10/site-packages/airflow/example_dags/example_short_circuit_decorator.py for tasks to queue
[2023-04-22T13:05:42.814-0400] {logging_mixin.py:137} INFO - [2023-04-22T13:05:42.814-0400] {dagbag.py:538} INFO - Filling up the DagBag from /Users/admin/opt/anaconda3/envs/python-airflow-venv/lib/python3.10/site-packages/airflow/example_dags/example_short_circuit_decorator.py
[2023-04-22T13:05:42.880-0400] {processor.py:753} INFO - DAG(s) dict_keys(['example_short_circuit_decorator']) retrieved from /Users/admin/opt/anaconda3/envs/python-airflow-venv/lib/python3.10/site-packages/airflow/example_dags/example_short_circuit_decorator.py
[2023-04-22T13:05:42.924-0400] {logging_mixin.py:137} WARNING - /Users/admin/opt/anaconda3/envs/python-airflow-venv/lib/python3.10/site-packages/airflow/jobs/scheduler_job.py:124 DeprecationWarning: The processor_poll_interval option in [scheduler] has been renamed to scheduler_idle_sleep_time - the old setting has been used, but please update your config.
[2023-04-22T13:05:43.512-0400] {logging_mixin.py:137} INFO - [2023-04-22T13:05:43.511-0400] {dag.py:2690} INFO - Sync 1 DAGs
[2023-04-22T13:05:43.526-0400] {logging_mixin.py:137} INFO - [2023-04-22T13:05:43.526-0400] {dag.py:3437} INFO - Setting next_dagrun for example_short_circuit_decorator to 2023-04-21T17:05:43.525957+00:00, run_after=2023-04-22T17:05:43.525957+00:00
[2023-04-22T13:05:43.546-0400] {processor.py:175} INFO - Processing /Users/admin/opt/anaconda3/envs/python-airflow-venv/lib/python3.10/site-packages/airflow/example_dags/example_short_circuit_decorator.py took 0.739 seconds
[2023-04-22T13:07:55.949-0400] {logging_mixin.py:137} WARNING - /Users/admin/opt/anaconda3/envs/python-airflow-venv/lib/python3.10/site-packages/airflow/settings.py:337 DeprecationWarning: The sql_alchemy_pool_enabled option in [core] has been moved to the sql_alchemy_pool_enabled option in [database] - the old setting has been used, but please update your config.
[2023-04-22T13:07:55.955-0400] {logging_mixin.py:137} WARNING - /Users/admin/opt/anaconda3/envs/python-airflow-venv/lib/python3.10/site-packages/airflow/settings.py:400 DeprecationWarning: The sql_engine_encoding option in [core] has been moved to the sql_engine_encoding option in [database] - the old setting has been used, but please update your config.
[2023-04-22T13:07:55.956-0400] {processor.py:153} INFO - Started process (PID=3177) to work on /Users/admin/opt/anaconda3/envs/python-airflow-venv/lib/python3.10/site-packages/airflow/example_dags/example_short_circuit_decorator.py
[2023-04-22T13:07:55.957-0400] {processor.py:743} INFO - Processing file /Users/admin/opt/anaconda3/envs/python-airflow-venv/lib/python3.10/site-packages/airflow/example_dags/example_short_circuit_decorator.py for tasks to queue
[2023-04-22T13:07:55.957-0400] {logging_mixin.py:137} INFO - [2023-04-22T13:07:55.957-0400] {dagbag.py:538} INFO - Filling up the DagBag from /Users/admin/opt/anaconda3/envs/python-airflow-venv/lib/python3.10/site-packages/airflow/example_dags/example_short_circuit_decorator.py
[2023-04-22T13:07:56.044-0400] {processor.py:753} INFO - DAG(s) dict_keys(['example_short_circuit_decorator']) retrieved from /Users/admin/opt/anaconda3/envs/python-airflow-venv/lib/python3.10/site-packages/airflow/example_dags/example_short_circuit_decorator.py
[2023-04-22T13:07:56.094-0400] {logging_mixin.py:137} WARNING - /Users/admin/opt/anaconda3/envs/python-airflow-venv/lib/python3.10/site-packages/airflow/jobs/scheduler_job.py:124 DeprecationWarning: The processor_poll_interval option in [scheduler] has been renamed to scheduler_idle_sleep_time - the old setting has been used, but please update your config.
[2023-04-22T13:07:56.701-0400] {logging_mixin.py:137} INFO - [2023-04-22T13:07:56.701-0400] {dag.py:2690} INFO - Sync 1 DAGs
[2023-04-22T13:07:56.715-0400] {logging_mixin.py:137} INFO - [2023-04-22T13:07:56.715-0400] {dag.py:3437} INFO - Setting next_dagrun for example_short_circuit_decorator to 2023-04-21T17:07:56.715112+00:00, run_after=2023-04-22T17:07:56.715112+00:00
[2023-04-22T13:07:56.736-0400] {processor.py:175} INFO - Processing /Users/admin/opt/anaconda3/envs/python-airflow-venv/lib/python3.10/site-packages/airflow/example_dags/example_short_circuit_decorator.py took 0.788 seconds
[2023-04-22T13:09:54.650-0400] {logging_mixin.py:137} WARNING - /Users/admin/opt/anaconda3/envs/python-airflow-venv/lib/python3.10/site-packages/airflow/settings.py:337 DeprecationWarning: The sql_alchemy_pool_enabled option in [core] has been moved to the sql_alchemy_pool_enabled option in [database] - the old setting has been used, but please update your config.
[2023-04-22T13:09:54.657-0400] {logging_mixin.py:137} WARNING - /Users/admin/opt/anaconda3/envs/python-airflow-venv/lib/python3.10/site-packages/airflow/settings.py:400 DeprecationWarning: The sql_engine_encoding option in [core] has been moved to the sql_engine_encoding option in [database] - the old setting has been used, but please update your config.
[2023-04-22T13:09:54.657-0400] {processor.py:153} INFO - Started process (PID=3237) to work on /Users/admin/opt/anaconda3/envs/python-airflow-venv/lib/python3.10/site-packages/airflow/example_dags/example_short_circuit_decorator.py
[2023-04-22T13:09:54.657-0400] {processor.py:743} INFO - Processing file /Users/admin/opt/anaconda3/envs/python-airflow-venv/lib/python3.10/site-packages/airflow/example_dags/example_short_circuit_decorator.py for tasks to queue
[2023-04-22T13:09:54.658-0400] {logging_mixin.py:137} INFO - [2023-04-22T13:09:54.658-0400] {dagbag.py:538} INFO - Filling up the DagBag from /Users/admin/opt/anaconda3/envs/python-airflow-venv/lib/python3.10/site-packages/airflow/example_dags/example_short_circuit_decorator.py
[2023-04-22T13:09:54.728-0400] {processor.py:753} INFO - DAG(s) dict_keys(['example_short_circuit_decorator']) retrieved from /Users/admin/opt/anaconda3/envs/python-airflow-venv/lib/python3.10/site-packages/airflow/example_dags/example_short_circuit_decorator.py
[2023-04-22T13:09:54.771-0400] {logging_mixin.py:137} WARNING - /Users/admin/opt/anaconda3/envs/python-airflow-venv/lib/python3.10/site-packages/airflow/jobs/scheduler_job.py:124 DeprecationWarning: The processor_poll_interval option in [scheduler] has been renamed to scheduler_idle_sleep_time - the old setting has been used, but please update your config.
[2023-04-22T13:09:55.400-0400] {logging_mixin.py:137} INFO - [2023-04-22T13:09:55.400-0400] {dag.py:2690} INFO - Sync 1 DAGs
[2023-04-22T13:09:55.416-0400] {logging_mixin.py:137} INFO - [2023-04-22T13:09:55.416-0400] {dag.py:3437} INFO - Setting next_dagrun for example_short_circuit_decorator to 2023-04-21T17:09:55.416430+00:00, run_after=2023-04-22T17:09:55.416430+00:00
[2023-04-22T13:09:55.438-0400] {processor.py:175} INFO - Processing /Users/admin/opt/anaconda3/envs/python-airflow-venv/lib/python3.10/site-packages/airflow/example_dags/example_short_circuit_decorator.py took 0.788 seconds
[2023-04-22T13:11:54.629-0400] {logging_mixin.py:137} WARNING - /Users/admin/opt/anaconda3/envs/python-airflow-venv/lib/python3.10/site-packages/airflow/settings.py:337 DeprecationWarning: The sql_alchemy_pool_enabled option in [core] has been moved to the sql_alchemy_pool_enabled option in [database] - the old setting has been used, but please update your config.
[2023-04-22T13:11:54.633-0400] {logging_mixin.py:137} WARNING - /Users/admin/opt/anaconda3/envs/python-airflow-venv/lib/python3.10/site-packages/airflow/settings.py:400 DeprecationWarning: The sql_engine_encoding option in [core] has been moved to the sql_engine_encoding option in [database] - the old setting has been used, but please update your config.
[2023-04-22T13:11:54.634-0400] {processor.py:153} INFO - Started process (PID=3292) to work on /Users/admin/opt/anaconda3/envs/python-airflow-venv/lib/python3.10/site-packages/airflow/example_dags/example_short_circuit_decorator.py
[2023-04-22T13:11:54.634-0400] {processor.py:743} INFO - Processing file /Users/admin/opt/anaconda3/envs/python-airflow-venv/lib/python3.10/site-packages/airflow/example_dags/example_short_circuit_decorator.py for tasks to queue
[2023-04-22T13:11:54.635-0400] {logging_mixin.py:137} INFO - [2023-04-22T13:11:54.635-0400] {dagbag.py:538} INFO - Filling up the DagBag from /Users/admin/opt/anaconda3/envs/python-airflow-venv/lib/python3.10/site-packages/airflow/example_dags/example_short_circuit_decorator.py
[2023-04-22T13:11:54.703-0400] {processor.py:753} INFO - DAG(s) dict_keys(['example_short_circuit_decorator']) retrieved from /Users/admin/opt/anaconda3/envs/python-airflow-venv/lib/python3.10/site-packages/airflow/example_dags/example_short_circuit_decorator.py
[2023-04-22T13:11:54.745-0400] {logging_mixin.py:137} WARNING - /Users/admin/opt/anaconda3/envs/python-airflow-venv/lib/python3.10/site-packages/airflow/jobs/scheduler_job.py:124 DeprecationWarning: The processor_poll_interval option in [scheduler] has been renamed to scheduler_idle_sleep_time - the old setting has been used, but please update your config.
[2023-04-22T13:11:55.318-0400] {logging_mixin.py:137} INFO - [2023-04-22T13:11:55.318-0400] {dag.py:2690} INFO - Sync 1 DAGs
[2023-04-22T13:11:55.332-0400] {logging_mixin.py:137} INFO - [2023-04-22T13:11:55.332-0400] {dag.py:3437} INFO - Setting next_dagrun for example_short_circuit_decorator to 2023-04-21T17:11:55.332369+00:00, run_after=2023-04-22T17:11:55.332369+00:00
[2023-04-22T13:11:55.349-0400] {processor.py:175} INFO - Processing /Users/admin/opt/anaconda3/envs/python-airflow-venv/lib/python3.10/site-packages/airflow/example_dags/example_short_circuit_decorator.py took 0.721 seconds
[2023-04-22T13:13:51.316-0400] {logging_mixin.py:137} WARNING - /Users/admin/opt/anaconda3/envs/python-airflow-venv/lib/python3.10/site-packages/airflow/settings.py:337 DeprecationWarning: The sql_alchemy_pool_enabled option in [core] has been moved to the sql_alchemy_pool_enabled option in [database] - the old setting has been used, but please update your config.
[2023-04-22T13:13:51.320-0400] {logging_mixin.py:137} WARNING - /Users/admin/opt/anaconda3/envs/python-airflow-venv/lib/python3.10/site-packages/airflow/settings.py:400 DeprecationWarning: The sql_engine_encoding option in [core] has been moved to the sql_engine_encoding option in [database] - the old setting has been used, but please update your config.
[2023-04-22T13:13:51.321-0400] {processor.py:153} INFO - Started process (PID=3346) to work on /Users/admin/opt/anaconda3/envs/python-airflow-venv/lib/python3.10/site-packages/airflow/example_dags/example_short_circuit_decorator.py
[2023-04-22T13:13:51.321-0400] {processor.py:743} INFO - Processing file /Users/admin/opt/anaconda3/envs/python-airflow-venv/lib/python3.10/site-packages/airflow/example_dags/example_short_circuit_decorator.py for tasks to queue
[2023-04-22T13:13:51.321-0400] {logging_mixin.py:137} INFO - [2023-04-22T13:13:51.321-0400] {dagbag.py:538} INFO - Filling up the DagBag from /Users/admin/opt/anaconda3/envs/python-airflow-venv/lib/python3.10/site-packages/airflow/example_dags/example_short_circuit_decorator.py
[2023-04-22T13:13:51.390-0400] {processor.py:753} INFO - DAG(s) dict_keys(['example_short_circuit_decorator']) retrieved from /Users/admin/opt/anaconda3/envs/python-airflow-venv/lib/python3.10/site-packages/airflow/example_dags/example_short_circuit_decorator.py
[2023-04-22T13:13:51.433-0400] {logging_mixin.py:137} WARNING - /Users/admin/opt/anaconda3/envs/python-airflow-venv/lib/python3.10/site-packages/airflow/jobs/scheduler_job.py:124 DeprecationWarning: The processor_poll_interval option in [scheduler] has been renamed to scheduler_idle_sleep_time - the old setting has been used, but please update your config.
[2023-04-22T13:13:52.005-0400] {logging_mixin.py:137} INFO - [2023-04-22T13:13:52.005-0400] {dag.py:2690} INFO - Sync 1 DAGs
[2023-04-22T13:13:52.019-0400] {logging_mixin.py:137} INFO - [2023-04-22T13:13:52.019-0400] {dag.py:3437} INFO - Setting next_dagrun for example_short_circuit_decorator to 2023-04-21T17:13:52.018952+00:00, run_after=2023-04-22T17:13:52.018952+00:00
[2023-04-22T13:13:52.036-0400] {processor.py:175} INFO - Processing /Users/admin/opt/anaconda3/envs/python-airflow-venv/lib/python3.10/site-packages/airflow/example_dags/example_short_circuit_decorator.py took 0.721 seconds
[2023-04-22T13:15:48.047-0400] {logging_mixin.py:137} WARNING - /Users/admin/opt/anaconda3/envs/python-airflow-venv/lib/python3.10/site-packages/airflow/settings.py:337 DeprecationWarning: The sql_alchemy_pool_enabled option in [core] has been moved to the sql_alchemy_pool_enabled option in [database] - the old setting has been used, but please update your config.
[2023-04-22T13:15:48.051-0400] {logging_mixin.py:137} WARNING - /Users/admin/opt/anaconda3/envs/python-airflow-venv/lib/python3.10/site-packages/airflow/settings.py:400 DeprecationWarning: The sql_engine_encoding option in [core] has been moved to the sql_engine_encoding option in [database] - the old setting has been used, but please update your config.
[2023-04-22T13:15:48.052-0400] {processor.py:153} INFO - Started process (PID=3399) to work on /Users/admin/opt/anaconda3/envs/python-airflow-venv/lib/python3.10/site-packages/airflow/example_dags/example_short_circuit_decorator.py
[2023-04-22T13:15:48.052-0400] {processor.py:743} INFO - Processing file /Users/admin/opt/anaconda3/envs/python-airflow-venv/lib/python3.10/site-packages/airflow/example_dags/example_short_circuit_decorator.py for tasks to queue
[2023-04-22T13:15:48.053-0400] {logging_mixin.py:137} INFO - [2023-04-22T13:15:48.053-0400] {dagbag.py:538} INFO - Filling up the DagBag from /Users/admin/opt/anaconda3/envs/python-airflow-venv/lib/python3.10/site-packages/airflow/example_dags/example_short_circuit_decorator.py
[2023-04-22T13:15:48.121-0400] {processor.py:753} INFO - DAG(s) dict_keys(['example_short_circuit_decorator']) retrieved from /Users/admin/opt/anaconda3/envs/python-airflow-venv/lib/python3.10/site-packages/airflow/example_dags/example_short_circuit_decorator.py
[2023-04-22T13:15:48.164-0400] {logging_mixin.py:137} WARNING - /Users/admin/opt/anaconda3/envs/python-airflow-venv/lib/python3.10/site-packages/airflow/jobs/scheduler_job.py:124 DeprecationWarning: The processor_poll_interval option in [scheduler] has been renamed to scheduler_idle_sleep_time - the old setting has been used, but please update your config.
[2023-04-22T13:15:48.737-0400] {logging_mixin.py:137} INFO - [2023-04-22T13:15:48.737-0400] {dag.py:2690} INFO - Sync 1 DAGs
[2023-04-22T13:15:48.751-0400] {logging_mixin.py:137} INFO - [2023-04-22T13:15:48.751-0400] {dag.py:3437} INFO - Setting next_dagrun for example_short_circuit_decorator to 2023-04-21T17:15:48.751196+00:00, run_after=2023-04-22T17:15:48.751196+00:00
[2023-04-22T13:15:48.772-0400] {processor.py:175} INFO - Processing /Users/admin/opt/anaconda3/envs/python-airflow-venv/lib/python3.10/site-packages/airflow/example_dags/example_short_circuit_decorator.py took 0.726 seconds
[2023-04-22T13:17:44.983-0400] {logging_mixin.py:137} WARNING - /Users/admin/opt/anaconda3/envs/python-airflow-venv/lib/python3.10/site-packages/airflow/settings.py:337 DeprecationWarning: The sql_alchemy_pool_enabled option in [core] has been moved to the sql_alchemy_pool_enabled option in [database] - the old setting has been used, but please update your config.
[2023-04-22T13:17:44.987-0400] {logging_mixin.py:137} WARNING - /Users/admin/opt/anaconda3/envs/python-airflow-venv/lib/python3.10/site-packages/airflow/settings.py:400 DeprecationWarning: The sql_engine_encoding option in [core] has been moved to the sql_engine_encoding option in [database] - the old setting has been used, but please update your config.
[2023-04-22T13:17:44.988-0400] {processor.py:153} INFO - Started process (PID=3453) to work on /Users/admin/opt/anaconda3/envs/python-airflow-venv/lib/python3.10/site-packages/airflow/example_dags/example_short_circuit_decorator.py
[2023-04-22T13:17:44.988-0400] {processor.py:743} INFO - Processing file /Users/admin/opt/anaconda3/envs/python-airflow-venv/lib/python3.10/site-packages/airflow/example_dags/example_short_circuit_decorator.py for tasks to queue
[2023-04-22T13:17:44.988-0400] {logging_mixin.py:137} INFO - [2023-04-22T13:17:44.988-0400] {dagbag.py:538} INFO - Filling up the DagBag from /Users/admin/opt/anaconda3/envs/python-airflow-venv/lib/python3.10/site-packages/airflow/example_dags/example_short_circuit_decorator.py
[2023-04-22T13:17:45.060-0400] {processor.py:753} INFO - DAG(s) dict_keys(['example_short_circuit_decorator']) retrieved from /Users/admin/opt/anaconda3/envs/python-airflow-venv/lib/python3.10/site-packages/airflow/example_dags/example_short_circuit_decorator.py
[2023-04-22T13:17:45.102-0400] {logging_mixin.py:137} WARNING - /Users/admin/opt/anaconda3/envs/python-airflow-venv/lib/python3.10/site-packages/airflow/jobs/scheduler_job.py:124 DeprecationWarning: The processor_poll_interval option in [scheduler] has been renamed to scheduler_idle_sleep_time - the old setting has been used, but please update your config.
[2023-04-22T13:17:45.670-0400] {logging_mixin.py:137} INFO - [2023-04-22T13:17:45.670-0400] {dag.py:2690} INFO - Sync 1 DAGs
[2023-04-22T13:17:45.684-0400] {logging_mixin.py:137} INFO - [2023-04-22T13:17:45.684-0400] {dag.py:3437} INFO - Setting next_dagrun for example_short_circuit_decorator to 2023-04-21T17:17:45.684157+00:00, run_after=2023-04-22T17:17:45.684157+00:00
[2023-04-22T13:17:45.702-0400] {processor.py:175} INFO - Processing /Users/admin/opt/anaconda3/envs/python-airflow-venv/lib/python3.10/site-packages/airflow/example_dags/example_short_circuit_decorator.py took 0.720 seconds
[2023-04-22T13:19:41.714-0400] {logging_mixin.py:137} WARNING - /Users/admin/opt/anaconda3/envs/python-airflow-venv/lib/python3.10/site-packages/airflow/settings.py:337 DeprecationWarning: The sql_alchemy_pool_enabled option in [core] has been moved to the sql_alchemy_pool_enabled option in [database] - the old setting has been used, but please update your config.
[2023-04-22T13:19:41.719-0400] {logging_mixin.py:137} WARNING - /Users/admin/opt/anaconda3/envs/python-airflow-venv/lib/python3.10/site-packages/airflow/settings.py:400 DeprecationWarning: The sql_engine_encoding option in [core] has been moved to the sql_engine_encoding option in [database] - the old setting has been used, but please update your config.
[2023-04-22T13:19:41.719-0400] {processor.py:153} INFO - Started process (PID=3504) to work on /Users/admin/opt/anaconda3/envs/python-airflow-venv/lib/python3.10/site-packages/airflow/example_dags/example_short_circuit_decorator.py
[2023-04-22T13:19:41.720-0400] {processor.py:743} INFO - Processing file /Users/admin/opt/anaconda3/envs/python-airflow-venv/lib/python3.10/site-packages/airflow/example_dags/example_short_circuit_decorator.py for tasks to queue
[2023-04-22T13:19:41.720-0400] {logging_mixin.py:137} INFO - [2023-04-22T13:19:41.720-0400] {dagbag.py:538} INFO - Filling up the DagBag from /Users/admin/opt/anaconda3/envs/python-airflow-venv/lib/python3.10/site-packages/airflow/example_dags/example_short_circuit_decorator.py
[2023-04-22T13:19:41.790-0400] {processor.py:753} INFO - DAG(s) dict_keys(['example_short_circuit_decorator']) retrieved from /Users/admin/opt/anaconda3/envs/python-airflow-venv/lib/python3.10/site-packages/airflow/example_dags/example_short_circuit_decorator.py
[2023-04-22T13:19:41.833-0400] {logging_mixin.py:137} WARNING - /Users/admin/opt/anaconda3/envs/python-airflow-venv/lib/python3.10/site-packages/airflow/jobs/scheduler_job.py:124 DeprecationWarning: The processor_poll_interval option in [scheduler] has been renamed to scheduler_idle_sleep_time - the old setting has been used, but please update your config.
[2023-04-22T13:19:42.401-0400] {logging_mixin.py:137} INFO - [2023-04-22T13:19:42.400-0400] {dag.py:2690} INFO - Sync 1 DAGs
[2023-04-22T13:19:42.415-0400] {logging_mixin.py:137} INFO - [2023-04-22T13:19:42.415-0400] {dag.py:3437} INFO - Setting next_dagrun for example_short_circuit_decorator to 2023-04-21T17:19:42.414954+00:00, run_after=2023-04-22T17:19:42.414954+00:00
[2023-04-22T13:19:42.433-0400] {processor.py:175} INFO - Processing /Users/admin/opt/anaconda3/envs/python-airflow-venv/lib/python3.10/site-packages/airflow/example_dags/example_short_circuit_decorator.py took 0.719 seconds
[2023-04-22T13:21:38.393-0400] {logging_mixin.py:137} WARNING - /Users/admin/opt/anaconda3/envs/python-airflow-venv/lib/python3.10/site-packages/airflow/settings.py:337 DeprecationWarning: The sql_alchemy_pool_enabled option in [core] has been moved to the sql_alchemy_pool_enabled option in [database] - the old setting has been used, but please update your config.
[2023-04-22T13:21:38.398-0400] {logging_mixin.py:137} WARNING - /Users/admin/opt/anaconda3/envs/python-airflow-venv/lib/python3.10/site-packages/airflow/settings.py:400 DeprecationWarning: The sql_engine_encoding option in [core] has been moved to the sql_engine_encoding option in [database] - the old setting has been used, but please update your config.
[2023-04-22T13:21:38.399-0400] {processor.py:153} INFO - Started process (PID=3563) to work on /Users/admin/opt/anaconda3/envs/python-airflow-venv/lib/python3.10/site-packages/airflow/example_dags/example_short_circuit_decorator.py
[2023-04-22T13:21:38.399-0400] {processor.py:743} INFO - Processing file /Users/admin/opt/anaconda3/envs/python-airflow-venv/lib/python3.10/site-packages/airflow/example_dags/example_short_circuit_decorator.py for tasks to queue
[2023-04-22T13:21:38.399-0400] {logging_mixin.py:137} INFO - [2023-04-22T13:21:38.399-0400] {dagbag.py:538} INFO - Filling up the DagBag from /Users/admin/opt/anaconda3/envs/python-airflow-venv/lib/python3.10/site-packages/airflow/example_dags/example_short_circuit_decorator.py
[2023-04-22T13:21:38.474-0400] {processor.py:753} INFO - DAG(s) dict_keys(['example_short_circuit_decorator']) retrieved from /Users/admin/opt/anaconda3/envs/python-airflow-venv/lib/python3.10/site-packages/airflow/example_dags/example_short_circuit_decorator.py
[2023-04-22T13:21:38.519-0400] {logging_mixin.py:137} WARNING - /Users/admin/opt/anaconda3/envs/python-airflow-venv/lib/python3.10/site-packages/airflow/jobs/scheduler_job.py:124 DeprecationWarning: The processor_poll_interval option in [scheduler] has been renamed to scheduler_idle_sleep_time - the old setting has been used, but please update your config.
[2023-04-22T13:21:39.091-0400] {logging_mixin.py:137} INFO - [2023-04-22T13:21:39.091-0400] {dag.py:2690} INFO - Sync 1 DAGs
[2023-04-22T13:21:39.105-0400] {logging_mixin.py:137} INFO - [2023-04-22T13:21:39.105-0400] {dag.py:3437} INFO - Setting next_dagrun for example_short_circuit_decorator to 2023-04-21T17:21:39.105190+00:00, run_after=2023-04-22T17:21:39.105190+00:00
[2023-04-22T13:21:39.124-0400] {processor.py:175} INFO - Processing /Users/admin/opt/anaconda3/envs/python-airflow-venv/lib/python3.10/site-packages/airflow/example_dags/example_short_circuit_decorator.py took 0.732 seconds
[2023-04-22T13:23:35.029-0400] {logging_mixin.py:137} WARNING - /Users/admin/opt/anaconda3/envs/python-airflow-venv/lib/python3.10/site-packages/airflow/settings.py:337 DeprecationWarning: The sql_alchemy_pool_enabled option in [core] has been moved to the sql_alchemy_pool_enabled option in [database] - the old setting has been used, but please update your config.
[2023-04-22T13:23:35.033-0400] {logging_mixin.py:137} WARNING - /Users/admin/opt/anaconda3/envs/python-airflow-venv/lib/python3.10/site-packages/airflow/settings.py:400 DeprecationWarning: The sql_engine_encoding option in [core] has been moved to the sql_engine_encoding option in [database] - the old setting has been used, but please update your config.
[2023-04-22T13:23:35.034-0400] {processor.py:153} INFO - Started process (PID=3615) to work on /Users/admin/opt/anaconda3/envs/python-airflow-venv/lib/python3.10/site-packages/airflow/example_dags/example_short_circuit_decorator.py
[2023-04-22T13:23:35.034-0400] {processor.py:743} INFO - Processing file /Users/admin/opt/anaconda3/envs/python-airflow-venv/lib/python3.10/site-packages/airflow/example_dags/example_short_circuit_decorator.py for tasks to queue
[2023-04-22T13:23:35.034-0400] {logging_mixin.py:137} INFO - [2023-04-22T13:23:35.034-0400] {dagbag.py:538} INFO - Filling up the DagBag from /Users/admin/opt/anaconda3/envs/python-airflow-venv/lib/python3.10/site-packages/airflow/example_dags/example_short_circuit_decorator.py
[2023-04-22T13:23:35.101-0400] {processor.py:753} INFO - DAG(s) dict_keys(['example_short_circuit_decorator']) retrieved from /Users/admin/opt/anaconda3/envs/python-airflow-venv/lib/python3.10/site-packages/airflow/example_dags/example_short_circuit_decorator.py
[2023-04-22T13:23:35.144-0400] {logging_mixin.py:137} WARNING - /Users/admin/opt/anaconda3/envs/python-airflow-venv/lib/python3.10/site-packages/airflow/jobs/scheduler_job.py:124 DeprecationWarning: The processor_poll_interval option in [scheduler] has been renamed to scheduler_idle_sleep_time - the old setting has been used, but please update your config.
[2023-04-22T13:23:35.715-0400] {logging_mixin.py:137} INFO - [2023-04-22T13:23:35.715-0400] {dag.py:2690} INFO - Sync 1 DAGs
[2023-04-22T13:23:35.729-0400] {logging_mixin.py:137} INFO - [2023-04-22T13:23:35.729-0400] {dag.py:3437} INFO - Setting next_dagrun for example_short_circuit_decorator to 2023-04-21T17:23:35.729288+00:00, run_after=2023-04-22T17:23:35.729288+00:00
[2023-04-22T13:23:35.744-0400] {processor.py:175} INFO - Processing /Users/admin/opt/anaconda3/envs/python-airflow-venv/lib/python3.10/site-packages/airflow/example_dags/example_short_circuit_decorator.py took 0.716 seconds
[2023-04-22T13:25:32.010-0400] {logging_mixin.py:137} WARNING - /Users/admin/opt/anaconda3/envs/python-airflow-venv/lib/python3.10/site-packages/airflow/settings.py:337 DeprecationWarning: The sql_alchemy_pool_enabled option in [core] has been moved to the sql_alchemy_pool_enabled option in [database] - the old setting has been used, but please update your config.
[2023-04-22T13:25:32.015-0400] {logging_mixin.py:137} WARNING - /Users/admin/opt/anaconda3/envs/python-airflow-venv/lib/python3.10/site-packages/airflow/settings.py:400 DeprecationWarning: The sql_engine_encoding option in [core] has been moved to the sql_engine_encoding option in [database] - the old setting has been used, but please update your config.
[2023-04-22T13:25:32.015-0400] {processor.py:153} INFO - Started process (PID=3669) to work on /Users/admin/opt/anaconda3/envs/python-airflow-venv/lib/python3.10/site-packages/airflow/example_dags/example_short_circuit_decorator.py
[2023-04-22T13:25:32.016-0400] {processor.py:743} INFO - Processing file /Users/admin/opt/anaconda3/envs/python-airflow-venv/lib/python3.10/site-packages/airflow/example_dags/example_short_circuit_decorator.py for tasks to queue
[2023-04-22T13:25:32.016-0400] {logging_mixin.py:137} INFO - [2023-04-22T13:25:32.016-0400] {dagbag.py:538} INFO - Filling up the DagBag from /Users/admin/opt/anaconda3/envs/python-airflow-venv/lib/python3.10/site-packages/airflow/example_dags/example_short_circuit_decorator.py
[2023-04-22T13:25:32.088-0400] {processor.py:753} INFO - DAG(s) dict_keys(['example_short_circuit_decorator']) retrieved from /Users/admin/opt/anaconda3/envs/python-airflow-venv/lib/python3.10/site-packages/airflow/example_dags/example_short_circuit_decorator.py
[2023-04-22T13:25:32.131-0400] {logging_mixin.py:137} WARNING - /Users/admin/opt/anaconda3/envs/python-airflow-venv/lib/python3.10/site-packages/airflow/jobs/scheduler_job.py:124 DeprecationWarning: The processor_poll_interval option in [scheduler] has been renamed to scheduler_idle_sleep_time - the old setting has been used, but please update your config.
[2023-04-22T13:25:32.702-0400] {logging_mixin.py:137} INFO - [2023-04-22T13:25:32.702-0400] {dag.py:2690} INFO - Sync 1 DAGs
[2023-04-22T13:25:32.716-0400] {logging_mixin.py:137} INFO - [2023-04-22T13:25:32.716-0400] {dag.py:3437} INFO - Setting next_dagrun for example_short_circuit_decorator to 2023-04-21T17:25:32.715962+00:00, run_after=2023-04-22T17:25:32.715962+00:00
[2023-04-22T13:25:32.735-0400] {processor.py:175} INFO - Processing /Users/admin/opt/anaconda3/envs/python-airflow-venv/lib/python3.10/site-packages/airflow/example_dags/example_short_circuit_decorator.py took 0.726 seconds
[2023-04-22T14:28:09.690-0400] {logging_mixin.py:137} WARNING - /Users/admin/opt/anaconda3/envs/python-airflow-venv/lib/python3.10/site-packages/airflow/settings.py:337 DeprecationWarning: The sql_alchemy_pool_enabled option in [core] has been moved to the sql_alchemy_pool_enabled option in [database] - the old setting has been used, but please update your config.
[2023-04-22T14:28:09.695-0400] {logging_mixin.py:137} WARNING - /Users/admin/opt/anaconda3/envs/python-airflow-venv/lib/python3.10/site-packages/airflow/settings.py:400 DeprecationWarning: The sql_engine_encoding option in [core] has been moved to the sql_engine_encoding option in [database] - the old setting has been used, but please update your config.
[2023-04-22T14:28:09.696-0400] {processor.py:153} INFO - Started process (PID=3756) to work on /Users/admin/opt/anaconda3/envs/python-airflow-venv/lib/python3.10/site-packages/airflow/example_dags/example_short_circuit_decorator.py
[2023-04-22T14:28:09.696-0400] {processor.py:743} INFO - Processing file /Users/admin/opt/anaconda3/envs/python-airflow-venv/lib/python3.10/site-packages/airflow/example_dags/example_short_circuit_decorator.py for tasks to queue
[2023-04-22T14:28:09.696-0400] {logging_mixin.py:137} INFO - [2023-04-22T14:28:09.696-0400] {dagbag.py:538} INFO - Filling up the DagBag from /Users/admin/opt/anaconda3/envs/python-airflow-venv/lib/python3.10/site-packages/airflow/example_dags/example_short_circuit_decorator.py
[2023-04-22T14:28:09.782-0400] {processor.py:753} INFO - DAG(s) dict_keys(['example_short_circuit_decorator']) retrieved from /Users/admin/opt/anaconda3/envs/python-airflow-venv/lib/python3.10/site-packages/airflow/example_dags/example_short_circuit_decorator.py
[2023-04-22T14:28:09.843-0400] {logging_mixin.py:137} WARNING - /Users/admin/opt/anaconda3/envs/python-airflow-venv/lib/python3.10/site-packages/airflow/jobs/scheduler_job.py:124 DeprecationWarning: The processor_poll_interval option in [scheduler] has been renamed to scheduler_idle_sleep_time - the old setting has been used, but please update your config.
[2023-04-22T14:28:10.560-0400] {logging_mixin.py:137} INFO - [2023-04-22T14:28:10.559-0400] {dag.py:2690} INFO - Sync 1 DAGs
[2023-04-22T14:28:10.582-0400] {logging_mixin.py:137} INFO - [2023-04-22T14:28:10.582-0400] {dag.py:3437} INFO - Setting next_dagrun for example_short_circuit_decorator to 2023-04-21T18:28:10.582571+00:00, run_after=2023-04-22T18:28:10.582571+00:00
[2023-04-22T14:28:10.600-0400] {processor.py:175} INFO - Processing /Users/admin/opt/anaconda3/envs/python-airflow-venv/lib/python3.10/site-packages/airflow/example_dags/example_short_circuit_decorator.py took 0.911 seconds
[2023-04-22T14:30:07.888-0400] {logging_mixin.py:137} WARNING - /Users/admin/opt/anaconda3/envs/python-airflow-venv/lib/python3.10/site-packages/airflow/settings.py:337 DeprecationWarning: The sql_alchemy_pool_enabled option in [core] has been moved to the sql_alchemy_pool_enabled option in [database] - the old setting has been used, but please update your config.
[2023-04-22T14:30:07.893-0400] {logging_mixin.py:137} WARNING - /Users/admin/opt/anaconda3/envs/python-airflow-venv/lib/python3.10/site-packages/airflow/settings.py:400 DeprecationWarning: The sql_engine_encoding option in [core] has been moved to the sql_engine_encoding option in [database] - the old setting has been used, but please update your config.
[2023-04-22T14:30:07.893-0400] {processor.py:153} INFO - Started process (PID=3812) to work on /Users/admin/opt/anaconda3/envs/python-airflow-venv/lib/python3.10/site-packages/airflow/example_dags/example_short_circuit_decorator.py
[2023-04-22T14:30:07.893-0400] {processor.py:743} INFO - Processing file /Users/admin/opt/anaconda3/envs/python-airflow-venv/lib/python3.10/site-packages/airflow/example_dags/example_short_circuit_decorator.py for tasks to queue
[2023-04-22T14:30:07.894-0400] {logging_mixin.py:137} INFO - [2023-04-22T14:30:07.894-0400] {dagbag.py:538} INFO - Filling up the DagBag from /Users/admin/opt/anaconda3/envs/python-airflow-venv/lib/python3.10/site-packages/airflow/example_dags/example_short_circuit_decorator.py
[2023-04-22T14:30:07.962-0400] {processor.py:753} INFO - DAG(s) dict_keys(['example_short_circuit_decorator']) retrieved from /Users/admin/opt/anaconda3/envs/python-airflow-venv/lib/python3.10/site-packages/airflow/example_dags/example_short_circuit_decorator.py
[2023-04-22T14:30:08.005-0400] {logging_mixin.py:137} WARNING - /Users/admin/opt/anaconda3/envs/python-airflow-venv/lib/python3.10/site-packages/airflow/jobs/scheduler_job.py:124 DeprecationWarning: The processor_poll_interval option in [scheduler] has been renamed to scheduler_idle_sleep_time - the old setting has been used, but please update your config.
[2023-04-22T14:30:08.576-0400] {logging_mixin.py:137} INFO - [2023-04-22T14:30:08.576-0400] {dag.py:2690} INFO - Sync 1 DAGs
[2023-04-22T14:30:08.590-0400] {logging_mixin.py:137} INFO - [2023-04-22T14:30:08.590-0400] {dag.py:3437} INFO - Setting next_dagrun for example_short_circuit_decorator to 2023-04-21T18:30:08.590206+00:00, run_after=2023-04-22T18:30:08.590206+00:00
[2023-04-22T14:30:08.607-0400] {processor.py:175} INFO - Processing /Users/admin/opt/anaconda3/envs/python-airflow-venv/lib/python3.10/site-packages/airflow/example_dags/example_short_circuit_decorator.py took 0.719 seconds
[2023-04-22T14:32:04.116-0400] {logging_mixin.py:137} WARNING - /Users/admin/opt/anaconda3/envs/python-airflow-venv/lib/python3.10/site-packages/airflow/settings.py:337 DeprecationWarning: The sql_alchemy_pool_enabled option in [core] has been moved to the sql_alchemy_pool_enabled option in [database] - the old setting has been used, but please update your config.
[2023-04-22T14:32:04.120-0400] {logging_mixin.py:137} WARNING - /Users/admin/opt/anaconda3/envs/python-airflow-venv/lib/python3.10/site-packages/airflow/settings.py:400 DeprecationWarning: The sql_engine_encoding option in [core] has been moved to the sql_engine_encoding option in [database] - the old setting has been used, but please update your config.
[2023-04-22T14:32:04.121-0400] {processor.py:153} INFO - Started process (PID=3869) to work on /Users/admin/opt/anaconda3/envs/python-airflow-venv/lib/python3.10/site-packages/airflow/example_dags/example_short_circuit_decorator.py
[2023-04-22T14:32:04.121-0400] {processor.py:743} INFO - Processing file /Users/admin/opt/anaconda3/envs/python-airflow-venv/lib/python3.10/site-packages/airflow/example_dags/example_short_circuit_decorator.py for tasks to queue
[2023-04-22T14:32:04.121-0400] {logging_mixin.py:137} INFO - [2023-04-22T14:32:04.121-0400] {dagbag.py:538} INFO - Filling up the DagBag from /Users/admin/opt/anaconda3/envs/python-airflow-venv/lib/python3.10/site-packages/airflow/example_dags/example_short_circuit_decorator.py
[2023-04-22T14:32:04.189-0400] {processor.py:753} INFO - DAG(s) dict_keys(['example_short_circuit_decorator']) retrieved from /Users/admin/opt/anaconda3/envs/python-airflow-venv/lib/python3.10/site-packages/airflow/example_dags/example_short_circuit_decorator.py
[2023-04-22T14:32:04.232-0400] {logging_mixin.py:137} WARNING - /Users/admin/opt/anaconda3/envs/python-airflow-venv/lib/python3.10/site-packages/airflow/jobs/scheduler_job.py:124 DeprecationWarning: The processor_poll_interval option in [scheduler] has been renamed to scheduler_idle_sleep_time - the old setting has been used, but please update your config.
[2023-04-22T14:32:04.803-0400] {logging_mixin.py:137} INFO - [2023-04-22T14:32:04.803-0400] {dag.py:2690} INFO - Sync 1 DAGs
[2023-04-22T14:32:04.817-0400] {logging_mixin.py:137} INFO - [2023-04-22T14:32:04.817-0400] {dag.py:3437} INFO - Setting next_dagrun for example_short_circuit_decorator to 2023-04-21T18:32:04.817005+00:00, run_after=2023-04-22T18:32:04.817005+00:00
[2023-04-22T14:32:04.833-0400] {processor.py:175} INFO - Processing /Users/admin/opt/anaconda3/envs/python-airflow-venv/lib/python3.10/site-packages/airflow/example_dags/example_short_circuit_decorator.py took 0.718 seconds
[2023-04-22T14:34:03.475-0400] {logging_mixin.py:137} WARNING - /Users/admin/opt/anaconda3/envs/python-airflow-venv/lib/python3.10/site-packages/airflow/settings.py:337 DeprecationWarning: The sql_alchemy_pool_enabled option in [core] has been moved to the sql_alchemy_pool_enabled option in [database] - the old setting has been used, but please update your config.
[2023-04-22T14:34:03.479-0400] {logging_mixin.py:137} WARNING - /Users/admin/opt/anaconda3/envs/python-airflow-venv/lib/python3.10/site-packages/airflow/settings.py:400 DeprecationWarning: The sql_engine_encoding option in [core] has been moved to the sql_engine_encoding option in [database] - the old setting has been used, but please update your config.
[2023-04-22T14:34:03.480-0400] {processor.py:153} INFO - Started process (PID=3977) to work on /Users/admin/opt/anaconda3/envs/python-airflow-venv/lib/python3.10/site-packages/airflow/example_dags/example_short_circuit_decorator.py
[2023-04-22T14:34:03.480-0400] {processor.py:743} INFO - Processing file /Users/admin/opt/anaconda3/envs/python-airflow-venv/lib/python3.10/site-packages/airflow/example_dags/example_short_circuit_decorator.py for tasks to queue
[2023-04-22T14:34:03.480-0400] {logging_mixin.py:137} INFO - [2023-04-22T14:34:03.480-0400] {dagbag.py:538} INFO - Filling up the DagBag from /Users/admin/opt/anaconda3/envs/python-airflow-venv/lib/python3.10/site-packages/airflow/example_dags/example_short_circuit_decorator.py
[2023-04-22T14:34:03.550-0400] {processor.py:753} INFO - DAG(s) dict_keys(['example_short_circuit_decorator']) retrieved from /Users/admin/opt/anaconda3/envs/python-airflow-venv/lib/python3.10/site-packages/airflow/example_dags/example_short_circuit_decorator.py
[2023-04-22T14:34:03.592-0400] {logging_mixin.py:137} WARNING - /Users/admin/opt/anaconda3/envs/python-airflow-venv/lib/python3.10/site-packages/airflow/jobs/scheduler_job.py:124 DeprecationWarning: The processor_poll_interval option in [scheduler] has been renamed to scheduler_idle_sleep_time - the old setting has been used, but please update your config.
[2023-04-22T14:34:04.163-0400] {logging_mixin.py:137} INFO - [2023-04-22T14:34:04.163-0400] {dag.py:2690} INFO - Sync 1 DAGs
[2023-04-22T14:34:04.177-0400] {logging_mixin.py:137} INFO - [2023-04-22T14:34:04.177-0400] {dag.py:3437} INFO - Setting next_dagrun for example_short_circuit_decorator to 2023-04-21T18:34:04.177154+00:00, run_after=2023-04-22T18:34:04.177154+00:00
[2023-04-22T14:34:04.197-0400] {processor.py:175} INFO - Processing /Users/admin/opt/anaconda3/envs/python-airflow-venv/lib/python3.10/site-packages/airflow/example_dags/example_short_circuit_decorator.py took 0.723 seconds
[2023-04-22T14:36:01.249-0400] {logging_mixin.py:137} WARNING - /Users/admin/opt/anaconda3/envs/python-airflow-venv/lib/python3.10/site-packages/airflow/settings.py:337 DeprecationWarning: The sql_alchemy_pool_enabled option in [core] has been moved to the sql_alchemy_pool_enabled option in [database] - the old setting has been used, but please update your config.
[2023-04-22T14:36:01.254-0400] {logging_mixin.py:137} WARNING - /Users/admin/opt/anaconda3/envs/python-airflow-venv/lib/python3.10/site-packages/airflow/settings.py:400 DeprecationWarning: The sql_engine_encoding option in [core] has been moved to the sql_engine_encoding option in [database] - the old setting has been used, but please update your config.
[2023-04-22T14:36:01.254-0400] {processor.py:153} INFO - Started process (PID=4054) to work on /Users/admin/opt/anaconda3/envs/python-airflow-venv/lib/python3.10/site-packages/airflow/example_dags/example_short_circuit_decorator.py
[2023-04-22T14:36:01.254-0400] {processor.py:743} INFO - Processing file /Users/admin/opt/anaconda3/envs/python-airflow-venv/lib/python3.10/site-packages/airflow/example_dags/example_short_circuit_decorator.py for tasks to queue
[2023-04-22T14:36:01.255-0400] {logging_mixin.py:137} INFO - [2023-04-22T14:36:01.255-0400] {dagbag.py:538} INFO - Filling up the DagBag from /Users/admin/opt/anaconda3/envs/python-airflow-venv/lib/python3.10/site-packages/airflow/example_dags/example_short_circuit_decorator.py
[2023-04-22T14:36:01.326-0400] {processor.py:753} INFO - DAG(s) dict_keys(['example_short_circuit_decorator']) retrieved from /Users/admin/opt/anaconda3/envs/python-airflow-venv/lib/python3.10/site-packages/airflow/example_dags/example_short_circuit_decorator.py
[2023-04-22T14:36:01.368-0400] {logging_mixin.py:137} WARNING - /Users/admin/opt/anaconda3/envs/python-airflow-venv/lib/python3.10/site-packages/airflow/jobs/scheduler_job.py:124 DeprecationWarning: The processor_poll_interval option in [scheduler] has been renamed to scheduler_idle_sleep_time - the old setting has been used, but please update your config.
[2023-04-22T14:36:02.008-0400] {logging_mixin.py:137} INFO - [2023-04-22T14:36:02.008-0400] {dag.py:2690} INFO - Sync 1 DAGs
[2023-04-22T14:36:02.024-0400] {logging_mixin.py:137} INFO - [2023-04-22T14:36:02.024-0400] {dag.py:3437} INFO - Setting next_dagrun for example_short_circuit_decorator to 2023-04-21T18:36:02.024295+00:00, run_after=2023-04-22T18:36:02.024295+00:00
[2023-04-22T14:36:02.042-0400] {processor.py:175} INFO - Processing /Users/admin/opt/anaconda3/envs/python-airflow-venv/lib/python3.10/site-packages/airflow/example_dags/example_short_circuit_decorator.py took 0.793 seconds
[2023-04-22T14:37:57.995-0400] {logging_mixin.py:137} WARNING - /Users/admin/opt/anaconda3/envs/python-airflow-venv/lib/python3.10/site-packages/airflow/settings.py:337 DeprecationWarning: The sql_alchemy_pool_enabled option in [core] has been moved to the sql_alchemy_pool_enabled option in [database] - the old setting has been used, but please update your config.
[2023-04-22T14:37:57.999-0400] {logging_mixin.py:137} WARNING - /Users/admin/opt/anaconda3/envs/python-airflow-venv/lib/python3.10/site-packages/airflow/settings.py:400 DeprecationWarning: The sql_engine_encoding option in [core] has been moved to the sql_engine_encoding option in [database] - the old setting has been used, but please update your config.
[2023-04-22T14:37:58.000-0400] {processor.py:153} INFO - Started process (PID=4111) to work on /Users/admin/opt/anaconda3/envs/python-airflow-venv/lib/python3.10/site-packages/airflow/example_dags/example_short_circuit_decorator.py
[2023-04-22T14:37:58.000-0400] {processor.py:743} INFO - Processing file /Users/admin/opt/anaconda3/envs/python-airflow-venv/lib/python3.10/site-packages/airflow/example_dags/example_short_circuit_decorator.py for tasks to queue
[2023-04-22T14:37:58.000-0400] {logging_mixin.py:137} INFO - [2023-04-22T14:37:58.000-0400] {dagbag.py:538} INFO - Filling up the DagBag from /Users/admin/opt/anaconda3/envs/python-airflow-venv/lib/python3.10/site-packages/airflow/example_dags/example_short_circuit_decorator.py
[2023-04-22T14:37:58.070-0400] {processor.py:753} INFO - DAG(s) dict_keys(['example_short_circuit_decorator']) retrieved from /Users/admin/opt/anaconda3/envs/python-airflow-venv/lib/python3.10/site-packages/airflow/example_dags/example_short_circuit_decorator.py
[2023-04-22T14:37:58.113-0400] {logging_mixin.py:137} WARNING - /Users/admin/opt/anaconda3/envs/python-airflow-venv/lib/python3.10/site-packages/airflow/jobs/scheduler_job.py:124 DeprecationWarning: The processor_poll_interval option in [scheduler] has been renamed to scheduler_idle_sleep_time - the old setting has been used, but please update your config.
[2023-04-22T14:37:58.684-0400] {logging_mixin.py:137} INFO - [2023-04-22T14:37:58.684-0400] {dag.py:2690} INFO - Sync 1 DAGs
[2023-04-22T14:37:58.698-0400] {logging_mixin.py:137} INFO - [2023-04-22T14:37:58.697-0400] {dag.py:3437} INFO - Setting next_dagrun for example_short_circuit_decorator to 2023-04-21T18:37:58.697777+00:00, run_after=2023-04-22T18:37:58.697777+00:00
[2023-04-22T14:37:58.718-0400] {processor.py:175} INFO - Processing /Users/admin/opt/anaconda3/envs/python-airflow-venv/lib/python3.10/site-packages/airflow/example_dags/example_short_circuit_decorator.py took 0.724 seconds
