[2023-04-22T13:00:31.125-0400] {logging_mixin.py:137} WARNING - /Users/admin/opt/anaconda3/envs/python-airflow-venv/lib/python3.10/site-packages/airflow/settings.py:337 DeprecationWarning: The sql_alchemy_pool_enabled option in [core] has been moved to the sql_alchemy_pool_enabled option in [database] - the old setting has been used, but please update your config.
[2023-04-22T13:00:31.143-0400] {logging_mixin.py:137} WARNING - /Users/admin/opt/anaconda3/envs/python-airflow-venv/lib/python3.10/site-packages/airflow/settings.py:400 DeprecationWarning: The sql_engine_encoding option in [core] has been moved to the sql_engine_encoding option in [database] - the old setting has been used, but please update your config.
[2023-04-22T13:00:31.144-0400] {processor.py:153} INFO - Started process (PID=2617) to work on /Users/admin/opt/anaconda3/envs/python-airflow-venv/lib/python3.10/site-packages/airflow/example_dags/example_subdag_operator.py
[2023-04-22T13:00:31.144-0400] {processor.py:743} INFO - Processing file /Users/admin/opt/anaconda3/envs/python-airflow-venv/lib/python3.10/site-packages/airflow/example_dags/example_subdag_operator.py for tasks to queue
[2023-04-22T13:00:31.145-0400] {logging_mixin.py:137} INFO - [2023-04-22T13:00:31.145-0400] {dagbag.py:538} INFO - Filling up the DagBag from /Users/admin/opt/anaconda3/envs/python-airflow-venv/lib/python3.10/site-packages/airflow/example_dags/example_subdag_operator.py
[2023-04-22T13:00:31.461-0400] {logging_mixin.py:137} WARNING - /Users/admin/opt/anaconda3/envs/python-airflow-venv/lib/python3.10/site-packages/airflow/jobs/scheduler_job.py:124 DeprecationWarning: The processor_poll_interval option in [scheduler] has been renamed to scheduler_idle_sleep_time - the old setting has been used, but please update your config.
[2023-04-22T13:00:32.404-0400] {processor.py:753} INFO - DAG(s) dict_keys(['example_subdag_operator.section-1', 'example_subdag_operator.section-2', 'example_subdag_operator']) retrieved from /Users/admin/opt/anaconda3/envs/python-airflow-venv/lib/python3.10/site-packages/airflow/example_dags/example_subdag_operator.py
[2023-04-22T13:00:32.505-0400] {logging_mixin.py:137} INFO - [2023-04-22T13:00:32.505-0400] {dag.py:2690} INFO - Sync 3 DAGs
[2023-04-22T13:00:32.518-0400] {logging_mixin.py:137} INFO - [2023-04-22T13:00:32.518-0400] {dag.py:3437} INFO - Setting next_dagrun for example_subdag_operator to 2022-01-01T00:00:00+00:00, run_after=2022-01-01T00:00:00+00:00
[2023-04-22T13:00:32.520-0400] {logging_mixin.py:137} INFO - [2023-04-22T13:00:32.520-0400] {dag.py:3437} INFO - Setting next_dagrun for example_subdag_operator.section-1 to None, run_after=None
[2023-04-22T13:00:32.521-0400] {logging_mixin.py:137} INFO - [2023-04-22T13:00:32.521-0400] {dag.py:3437} INFO - Setting next_dagrun for example_subdag_operator.section-2 to None, run_after=None
[2023-04-22T13:00:32.525-0400] {logging_mixin.py:137} INFO - [2023-04-22T13:00:32.525-0400] {dag.py:2690} INFO - Sync 2 DAGs
[2023-04-22T13:00:32.528-0400] {logging_mixin.py:137} INFO - [2023-04-22T13:00:32.528-0400] {dag.py:3437} INFO - Setting next_dagrun for example_subdag_operator.section-1 to None, run_after=None
[2023-04-22T13:00:32.528-0400] {logging_mixin.py:137} INFO - [2023-04-22T13:00:32.528-0400] {dag.py:3437} INFO - Setting next_dagrun for example_subdag_operator.section-2 to None, run_after=None
[2023-04-22T13:00:32.540-0400] {processor.py:175} INFO - Processing /Users/admin/opt/anaconda3/envs/python-airflow-venv/lib/python3.10/site-packages/airflow/example_dags/example_subdag_operator.py took 1.417 seconds
[2023-04-22T13:02:44.885-0400] {logging_mixin.py:137} WARNING - /Users/admin/opt/anaconda3/envs/python-airflow-venv/lib/python3.10/site-packages/airflow/settings.py:337 DeprecationWarning: The sql_alchemy_pool_enabled option in [core] has been moved to the sql_alchemy_pool_enabled option in [database] - the old setting has been used, but please update your config.
[2023-04-22T13:02:44.890-0400] {logging_mixin.py:137} WARNING - /Users/admin/opt/anaconda3/envs/python-airflow-venv/lib/python3.10/site-packages/airflow/settings.py:400 DeprecationWarning: The sql_engine_encoding option in [core] has been moved to the sql_engine_encoding option in [database] - the old setting has been used, but please update your config.
[2023-04-22T13:02:44.891-0400] {processor.py:153} INFO - Started process (PID=2877) to work on /Users/admin/opt/anaconda3/envs/python-airflow-venv/lib/python3.10/site-packages/airflow/example_dags/example_subdag_operator.py
[2023-04-22T13:02:44.892-0400] {processor.py:743} INFO - Processing file /Users/admin/opt/anaconda3/envs/python-airflow-venv/lib/python3.10/site-packages/airflow/example_dags/example_subdag_operator.py for tasks to queue
[2023-04-22T13:02:44.892-0400] {logging_mixin.py:137} INFO - [2023-04-22T13:02:44.892-0400] {dagbag.py:538} INFO - Filling up the DagBag from /Users/admin/opt/anaconda3/envs/python-airflow-venv/lib/python3.10/site-packages/airflow/example_dags/example_subdag_operator.py
[2023-04-22T13:02:44.992-0400] {logging_mixin.py:137} WARNING - /Users/admin/opt/anaconda3/envs/python-airflow-venv/lib/python3.10/site-packages/airflow/jobs/scheduler_job.py:124 DeprecationWarning: The processor_poll_interval option in [scheduler] has been renamed to scheduler_idle_sleep_time - the old setting has been used, but please update your config.
[2023-04-22T13:02:45.642-0400] {processor.py:753} INFO - DAG(s) dict_keys(['example_subdag_operator.section-1', 'example_subdag_operator.section-2', 'example_subdag_operator']) retrieved from /Users/admin/opt/anaconda3/envs/python-airflow-venv/lib/python3.10/site-packages/airflow/example_dags/example_subdag_operator.py
[2023-04-22T13:02:45.748-0400] {logging_mixin.py:137} INFO - [2023-04-22T13:02:45.748-0400] {dag.py:2690} INFO - Sync 3 DAGs
[2023-04-22T13:02:45.761-0400] {logging_mixin.py:137} INFO - [2023-04-22T13:02:45.761-0400] {dag.py:3437} INFO - Setting next_dagrun for example_subdag_operator to 2022-01-01T00:00:00+00:00, run_after=2022-01-01T00:00:00+00:00
[2023-04-22T13:02:45.763-0400] {logging_mixin.py:137} INFO - [2023-04-22T13:02:45.763-0400] {dag.py:3437} INFO - Setting next_dagrun for example_subdag_operator.section-1 to None, run_after=None
[2023-04-22T13:02:45.764-0400] {logging_mixin.py:137} INFO - [2023-04-22T13:02:45.764-0400] {dag.py:3437} INFO - Setting next_dagrun for example_subdag_operator.section-2 to None, run_after=None
[2023-04-22T13:02:45.768-0400] {logging_mixin.py:137} INFO - [2023-04-22T13:02:45.768-0400] {dag.py:2690} INFO - Sync 2 DAGs
[2023-04-22T13:02:45.771-0400] {logging_mixin.py:137} INFO - [2023-04-22T13:02:45.771-0400] {dag.py:3437} INFO - Setting next_dagrun for example_subdag_operator.section-1 to None, run_after=None
[2023-04-22T13:02:45.771-0400] {logging_mixin.py:137} INFO - [2023-04-22T13:02:45.771-0400] {dag.py:3437} INFO - Setting next_dagrun for example_subdag_operator.section-2 to None, run_after=None
[2023-04-22T13:02:45.783-0400] {processor.py:175} INFO - Processing /Users/admin/opt/anaconda3/envs/python-airflow-venv/lib/python3.10/site-packages/airflow/example_dags/example_subdag_operator.py took 0.899 seconds
[2023-04-22T13:05:30.418-0400] {logging_mixin.py:137} WARNING - /Users/admin/opt/anaconda3/envs/python-airflow-venv/lib/python3.10/site-packages/airflow/settings.py:337 DeprecationWarning: The sql_alchemy_pool_enabled option in [core] has been moved to the sql_alchemy_pool_enabled option in [database] - the old setting has been used, but please update your config.
[2023-04-22T13:05:30.425-0400] {logging_mixin.py:137} WARNING - /Users/admin/opt/anaconda3/envs/python-airflow-venv/lib/python3.10/site-packages/airflow/settings.py:400 DeprecationWarning: The sql_engine_encoding option in [core] has been moved to the sql_engine_encoding option in [database] - the old setting has been used, but please update your config.
[2023-04-22T13:05:30.426-0400] {processor.py:153} INFO - Started process (PID=3076) to work on /Users/admin/opt/anaconda3/envs/python-airflow-venv/lib/python3.10/site-packages/airflow/example_dags/example_subdag_operator.py
[2023-04-22T13:05:30.426-0400] {processor.py:743} INFO - Processing file /Users/admin/opt/anaconda3/envs/python-airflow-venv/lib/python3.10/site-packages/airflow/example_dags/example_subdag_operator.py for tasks to queue
[2023-04-22T13:05:30.427-0400] {logging_mixin.py:137} INFO - [2023-04-22T13:05:30.427-0400] {dagbag.py:538} INFO - Filling up the DagBag from /Users/admin/opt/anaconda3/envs/python-airflow-venv/lib/python3.10/site-packages/airflow/example_dags/example_subdag_operator.py
[2023-04-22T13:05:30.522-0400] {logging_mixin.py:137} WARNING - /Users/admin/opt/anaconda3/envs/python-airflow-venv/lib/python3.10/site-packages/airflow/jobs/scheduler_job.py:124 DeprecationWarning: The processor_poll_interval option in [scheduler] has been renamed to scheduler_idle_sleep_time - the old setting has been used, but please update your config.
[2023-04-22T13:05:31.204-0400] {processor.py:753} INFO - DAG(s) dict_keys(['example_subdag_operator.section-1', 'example_subdag_operator.section-2', 'example_subdag_operator']) retrieved from /Users/admin/opt/anaconda3/envs/python-airflow-venv/lib/python3.10/site-packages/airflow/example_dags/example_subdag_operator.py
[2023-04-22T13:05:31.322-0400] {logging_mixin.py:137} INFO - [2023-04-22T13:05:31.322-0400] {dag.py:2690} INFO - Sync 3 DAGs
[2023-04-22T13:05:31.339-0400] {logging_mixin.py:137} INFO - [2023-04-22T13:05:31.338-0400] {dag.py:3437} INFO - Setting next_dagrun for example_subdag_operator to 2022-01-01T00:00:00+00:00, run_after=2022-01-01T00:00:00+00:00
[2023-04-22T13:05:31.342-0400] {logging_mixin.py:137} INFO - [2023-04-22T13:05:31.341-0400] {dag.py:3437} INFO - Setting next_dagrun for example_subdag_operator.section-1 to None, run_after=None
[2023-04-22T13:05:31.343-0400] {logging_mixin.py:137} INFO - [2023-04-22T13:05:31.342-0400] {dag.py:3437} INFO - Setting next_dagrun for example_subdag_operator.section-2 to None, run_after=None
[2023-04-22T13:05:31.347-0400] {logging_mixin.py:137} INFO - [2023-04-22T13:05:31.347-0400] {dag.py:2690} INFO - Sync 2 DAGs
[2023-04-22T13:05:31.350-0400] {logging_mixin.py:137} INFO - [2023-04-22T13:05:31.350-0400] {dag.py:3437} INFO - Setting next_dagrun for example_subdag_operator.section-1 to None, run_after=None
[2023-04-22T13:05:31.351-0400] {logging_mixin.py:137} INFO - [2023-04-22T13:05:31.351-0400] {dag.py:3437} INFO - Setting next_dagrun for example_subdag_operator.section-2 to None, run_after=None
[2023-04-22T13:05:31.364-0400] {processor.py:175} INFO - Processing /Users/admin/opt/anaconda3/envs/python-airflow-venv/lib/python3.10/site-packages/airflow/example_dags/example_subdag_operator.py took 0.947 seconds
[2023-04-22T13:07:45.100-0400] {logging_mixin.py:137} WARNING - /Users/admin/opt/anaconda3/envs/python-airflow-venv/lib/python3.10/site-packages/airflow/settings.py:337 DeprecationWarning: The sql_alchemy_pool_enabled option in [core] has been moved to the sql_alchemy_pool_enabled option in [database] - the old setting has been used, but please update your config.
[2023-04-22T13:07:45.106-0400] {logging_mixin.py:137} WARNING - /Users/admin/opt/anaconda3/envs/python-airflow-venv/lib/python3.10/site-packages/airflow/settings.py:400 DeprecationWarning: The sql_engine_encoding option in [core] has been moved to the sql_engine_encoding option in [database] - the old setting has been used, but please update your config.
[2023-04-22T13:07:45.106-0400] {processor.py:153} INFO - Started process (PID=3169) to work on /Users/admin/opt/anaconda3/envs/python-airflow-venv/lib/python3.10/site-packages/airflow/example_dags/example_subdag_operator.py
[2023-04-22T13:07:45.107-0400] {processor.py:743} INFO - Processing file /Users/admin/opt/anaconda3/envs/python-airflow-venv/lib/python3.10/site-packages/airflow/example_dags/example_subdag_operator.py for tasks to queue
[2023-04-22T13:07:45.107-0400] {logging_mixin.py:137} INFO - [2023-04-22T13:07:45.107-0400] {dagbag.py:538} INFO - Filling up the DagBag from /Users/admin/opt/anaconda3/envs/python-airflow-venv/lib/python3.10/site-packages/airflow/example_dags/example_subdag_operator.py
[2023-04-22T13:07:45.208-0400] {logging_mixin.py:137} WARNING - /Users/admin/opt/anaconda3/envs/python-airflow-venv/lib/python3.10/site-packages/airflow/jobs/scheduler_job.py:124 DeprecationWarning: The processor_poll_interval option in [scheduler] has been renamed to scheduler_idle_sleep_time - the old setting has been used, but please update your config.
[2023-04-22T13:07:45.786-0400] {processor.py:753} INFO - DAG(s) dict_keys(['example_subdag_operator.section-1', 'example_subdag_operator.section-2', 'example_subdag_operator']) retrieved from /Users/admin/opt/anaconda3/envs/python-airflow-venv/lib/python3.10/site-packages/airflow/example_dags/example_subdag_operator.py
[2023-04-22T13:07:45.885-0400] {logging_mixin.py:137} INFO - [2023-04-22T13:07:45.885-0400] {dag.py:2690} INFO - Sync 3 DAGs
[2023-04-22T13:07:45.897-0400] {logging_mixin.py:137} INFO - [2023-04-22T13:07:45.897-0400] {dag.py:3437} INFO - Setting next_dagrun for example_subdag_operator to 2022-01-01T00:00:00+00:00, run_after=2022-01-01T00:00:00+00:00
[2023-04-22T13:07:45.900-0400] {logging_mixin.py:137} INFO - [2023-04-22T13:07:45.899-0400] {dag.py:3437} INFO - Setting next_dagrun for example_subdag_operator.section-1 to None, run_after=None
[2023-04-22T13:07:45.900-0400] {logging_mixin.py:137} INFO - [2023-04-22T13:07:45.900-0400] {dag.py:3437} INFO - Setting next_dagrun for example_subdag_operator.section-2 to None, run_after=None
[2023-04-22T13:07:45.904-0400] {logging_mixin.py:137} INFO - [2023-04-22T13:07:45.904-0400] {dag.py:2690} INFO - Sync 2 DAGs
[2023-04-22T13:07:45.907-0400] {logging_mixin.py:137} INFO - [2023-04-22T13:07:45.907-0400] {dag.py:3437} INFO - Setting next_dagrun for example_subdag_operator.section-1 to None, run_after=None
[2023-04-22T13:07:45.907-0400] {logging_mixin.py:137} INFO - [2023-04-22T13:07:45.907-0400] {dag.py:3437} INFO - Setting next_dagrun for example_subdag_operator.section-2 to None, run_after=None
[2023-04-22T13:07:45.922-0400] {processor.py:175} INFO - Processing /Users/admin/opt/anaconda3/envs/python-airflow-venv/lib/python3.10/site-packages/airflow/example_dags/example_subdag_operator.py took 0.823 seconds
[2023-04-22T13:09:42.811-0400] {logging_mixin.py:137} WARNING - /Users/admin/opt/anaconda3/envs/python-airflow-venv/lib/python3.10/site-packages/airflow/settings.py:337 DeprecationWarning: The sql_alchemy_pool_enabled option in [core] has been moved to the sql_alchemy_pool_enabled option in [database] - the old setting has been used, but please update your config.
[2023-04-22T13:09:42.816-0400] {logging_mixin.py:137} WARNING - /Users/admin/opt/anaconda3/envs/python-airflow-venv/lib/python3.10/site-packages/airflow/settings.py:400 DeprecationWarning: The sql_engine_encoding option in [core] has been moved to the sql_engine_encoding option in [database] - the old setting has been used, but please update your config.
[2023-04-22T13:09:42.816-0400] {processor.py:153} INFO - Started process (PID=3233) to work on /Users/admin/opt/anaconda3/envs/python-airflow-venv/lib/python3.10/site-packages/airflow/example_dags/example_subdag_operator.py
[2023-04-22T13:09:42.817-0400] {processor.py:743} INFO - Processing file /Users/admin/opt/anaconda3/envs/python-airflow-venv/lib/python3.10/site-packages/airflow/example_dags/example_subdag_operator.py for tasks to queue
[2023-04-22T13:09:42.817-0400] {logging_mixin.py:137} INFO - [2023-04-22T13:09:42.817-0400] {dagbag.py:538} INFO - Filling up the DagBag from /Users/admin/opt/anaconda3/envs/python-airflow-venv/lib/python3.10/site-packages/airflow/example_dags/example_subdag_operator.py
[2023-04-22T13:09:42.910-0400] {logging_mixin.py:137} WARNING - /Users/admin/opt/anaconda3/envs/python-airflow-venv/lib/python3.10/site-packages/airflow/jobs/scheduler_job.py:124 DeprecationWarning: The processor_poll_interval option in [scheduler] has been renamed to scheduler_idle_sleep_time - the old setting has been used, but please update your config.
[2023-04-22T13:09:43.518-0400] {processor.py:753} INFO - DAG(s) dict_keys(['example_subdag_operator.section-1', 'example_subdag_operator.section-2', 'example_subdag_operator']) retrieved from /Users/admin/opt/anaconda3/envs/python-airflow-venv/lib/python3.10/site-packages/airflow/example_dags/example_subdag_operator.py
[2023-04-22T13:09:43.636-0400] {logging_mixin.py:137} INFO - [2023-04-22T13:09:43.636-0400] {dag.py:2690} INFO - Sync 3 DAGs
[2023-04-22T13:09:43.649-0400] {logging_mixin.py:137} INFO - [2023-04-22T13:09:43.649-0400] {dag.py:3437} INFO - Setting next_dagrun for example_subdag_operator to 2022-01-01T00:00:00+00:00, run_after=2022-01-01T00:00:00+00:00
[2023-04-22T13:09:43.651-0400] {logging_mixin.py:137} INFO - [2023-04-22T13:09:43.651-0400] {dag.py:3437} INFO - Setting next_dagrun for example_subdag_operator.section-1 to None, run_after=None
[2023-04-22T13:09:43.652-0400] {logging_mixin.py:137} INFO - [2023-04-22T13:09:43.652-0400] {dag.py:3437} INFO - Setting next_dagrun for example_subdag_operator.section-2 to None, run_after=None
[2023-04-22T13:09:43.656-0400] {logging_mixin.py:137} INFO - [2023-04-22T13:09:43.656-0400] {dag.py:2690} INFO - Sync 2 DAGs
[2023-04-22T13:09:43.659-0400] {logging_mixin.py:137} INFO - [2023-04-22T13:09:43.659-0400] {dag.py:3437} INFO - Setting next_dagrun for example_subdag_operator.section-1 to None, run_after=None
[2023-04-22T13:09:43.659-0400] {logging_mixin.py:137} INFO - [2023-04-22T13:09:43.659-0400] {dag.py:3437} INFO - Setting next_dagrun for example_subdag_operator.section-2 to None, run_after=None
[2023-04-22T13:09:43.672-0400] {processor.py:175} INFO - Processing /Users/admin/opt/anaconda3/envs/python-airflow-venv/lib/python3.10/site-packages/airflow/example_dags/example_subdag_operator.py took 0.862 seconds
[2023-04-22T13:11:43.458-0400] {logging_mixin.py:137} WARNING - /Users/admin/opt/anaconda3/envs/python-airflow-venv/lib/python3.10/site-packages/airflow/settings.py:337 DeprecationWarning: The sql_alchemy_pool_enabled option in [core] has been moved to the sql_alchemy_pool_enabled option in [database] - the old setting has been used, but please update your config.
[2023-04-22T13:11:43.462-0400] {logging_mixin.py:137} WARNING - /Users/admin/opt/anaconda3/envs/python-airflow-venv/lib/python3.10/site-packages/airflow/settings.py:400 DeprecationWarning: The sql_engine_encoding option in [core] has been moved to the sql_engine_encoding option in [database] - the old setting has been used, but please update your config.
[2023-04-22T13:11:43.463-0400] {processor.py:153} INFO - Started process (PID=3287) to work on /Users/admin/opt/anaconda3/envs/python-airflow-venv/lib/python3.10/site-packages/airflow/example_dags/example_subdag_operator.py
[2023-04-22T13:11:43.463-0400] {processor.py:743} INFO - Processing file /Users/admin/opt/anaconda3/envs/python-airflow-venv/lib/python3.10/site-packages/airflow/example_dags/example_subdag_operator.py for tasks to queue
[2023-04-22T13:11:43.463-0400] {logging_mixin.py:137} INFO - [2023-04-22T13:11:43.463-0400] {dagbag.py:538} INFO - Filling up the DagBag from /Users/admin/opt/anaconda3/envs/python-airflow-venv/lib/python3.10/site-packages/airflow/example_dags/example_subdag_operator.py
[2023-04-22T13:11:43.556-0400] {logging_mixin.py:137} WARNING - /Users/admin/opt/anaconda3/envs/python-airflow-venv/lib/python3.10/site-packages/airflow/jobs/scheduler_job.py:124 DeprecationWarning: The processor_poll_interval option in [scheduler] has been renamed to scheduler_idle_sleep_time - the old setting has been used, but please update your config.
[2023-04-22T13:11:44.127-0400] {processor.py:753} INFO - DAG(s) dict_keys(['example_subdag_operator.section-1', 'example_subdag_operator.section-2', 'example_subdag_operator']) retrieved from /Users/admin/opt/anaconda3/envs/python-airflow-venv/lib/python3.10/site-packages/airflow/example_dags/example_subdag_operator.py
[2023-04-22T13:11:44.225-0400] {logging_mixin.py:137} INFO - [2023-04-22T13:11:44.225-0400] {dag.py:2690} INFO - Sync 3 DAGs
[2023-04-22T13:11:44.238-0400] {logging_mixin.py:137} INFO - [2023-04-22T13:11:44.238-0400] {dag.py:3437} INFO - Setting next_dagrun for example_subdag_operator to 2022-01-01T00:00:00+00:00, run_after=2022-01-01T00:00:00+00:00
[2023-04-22T13:11:44.240-0400] {logging_mixin.py:137} INFO - [2023-04-22T13:11:44.240-0400] {dag.py:3437} INFO - Setting next_dagrun for example_subdag_operator.section-1 to None, run_after=None
[2023-04-22T13:11:44.241-0400] {logging_mixin.py:137} INFO - [2023-04-22T13:11:44.241-0400] {dag.py:3437} INFO - Setting next_dagrun for example_subdag_operator.section-2 to None, run_after=None
[2023-04-22T13:11:44.245-0400] {logging_mixin.py:137} INFO - [2023-04-22T13:11:44.245-0400] {dag.py:2690} INFO - Sync 2 DAGs
[2023-04-22T13:11:44.248-0400] {logging_mixin.py:137} INFO - [2023-04-22T13:11:44.248-0400] {dag.py:3437} INFO - Setting next_dagrun for example_subdag_operator.section-1 to None, run_after=None
[2023-04-22T13:11:44.248-0400] {logging_mixin.py:137} INFO - [2023-04-22T13:11:44.248-0400] {dag.py:3437} INFO - Setting next_dagrun for example_subdag_operator.section-2 to None, run_after=None
[2023-04-22T13:11:44.263-0400] {processor.py:175} INFO - Processing /Users/admin/opt/anaconda3/envs/python-airflow-venv/lib/python3.10/site-packages/airflow/example_dags/example_subdag_operator.py took 0.806 seconds
[2023-04-22T13:13:40.168-0400] {logging_mixin.py:137} WARNING - /Users/admin/opt/anaconda3/envs/python-airflow-venv/lib/python3.10/site-packages/airflow/settings.py:337 DeprecationWarning: The sql_alchemy_pool_enabled option in [core] has been moved to the sql_alchemy_pool_enabled option in [database] - the old setting has been used, but please update your config.
[2023-04-22T13:13:40.172-0400] {logging_mixin.py:137} WARNING - /Users/admin/opt/anaconda3/envs/python-airflow-venv/lib/python3.10/site-packages/airflow/settings.py:400 DeprecationWarning: The sql_engine_encoding option in [core] has been moved to the sql_engine_encoding option in [database] - the old setting has been used, but please update your config.
[2023-04-22T13:13:40.172-0400] {processor.py:153} INFO - Started process (PID=3342) to work on /Users/admin/opt/anaconda3/envs/python-airflow-venv/lib/python3.10/site-packages/airflow/example_dags/example_subdag_operator.py
[2023-04-22T13:13:40.173-0400] {processor.py:743} INFO - Processing file /Users/admin/opt/anaconda3/envs/python-airflow-venv/lib/python3.10/site-packages/airflow/example_dags/example_subdag_operator.py for tasks to queue
[2023-04-22T13:13:40.173-0400] {logging_mixin.py:137} INFO - [2023-04-22T13:13:40.173-0400] {dagbag.py:538} INFO - Filling up the DagBag from /Users/admin/opt/anaconda3/envs/python-airflow-venv/lib/python3.10/site-packages/airflow/example_dags/example_subdag_operator.py
[2023-04-22T13:13:40.264-0400] {logging_mixin.py:137} WARNING - /Users/admin/opt/anaconda3/envs/python-airflow-venv/lib/python3.10/site-packages/airflow/jobs/scheduler_job.py:124 DeprecationWarning: The processor_poll_interval option in [scheduler] has been renamed to scheduler_idle_sleep_time - the old setting has been used, but please update your config.
[2023-04-22T13:13:40.838-0400] {processor.py:753} INFO - DAG(s) dict_keys(['example_subdag_operator.section-1', 'example_subdag_operator.section-2', 'example_subdag_operator']) retrieved from /Users/admin/opt/anaconda3/envs/python-airflow-venv/lib/python3.10/site-packages/airflow/example_dags/example_subdag_operator.py
[2023-04-22T13:13:40.936-0400] {logging_mixin.py:137} INFO - [2023-04-22T13:13:40.935-0400] {dag.py:2690} INFO - Sync 3 DAGs
[2023-04-22T13:13:40.949-0400] {logging_mixin.py:137} INFO - [2023-04-22T13:13:40.949-0400] {dag.py:3437} INFO - Setting next_dagrun for example_subdag_operator to 2022-01-01T00:00:00+00:00, run_after=2022-01-01T00:00:00+00:00
[2023-04-22T13:13:40.951-0400] {logging_mixin.py:137} INFO - [2023-04-22T13:13:40.951-0400] {dag.py:3437} INFO - Setting next_dagrun for example_subdag_operator.section-1 to None, run_after=None
[2023-04-22T13:13:40.951-0400] {logging_mixin.py:137} INFO - [2023-04-22T13:13:40.951-0400] {dag.py:3437} INFO - Setting next_dagrun for example_subdag_operator.section-2 to None, run_after=None
[2023-04-22T13:13:40.955-0400] {logging_mixin.py:137} INFO - [2023-04-22T13:13:40.955-0400] {dag.py:2690} INFO - Sync 2 DAGs
[2023-04-22T13:13:40.958-0400] {logging_mixin.py:137} INFO - [2023-04-22T13:13:40.958-0400] {dag.py:3437} INFO - Setting next_dagrun for example_subdag_operator.section-1 to None, run_after=None
[2023-04-22T13:13:40.959-0400] {logging_mixin.py:137} INFO - [2023-04-22T13:13:40.959-0400] {dag.py:3437} INFO - Setting next_dagrun for example_subdag_operator.section-2 to None, run_after=None
[2023-04-22T13:13:40.974-0400] {processor.py:175} INFO - Processing /Users/admin/opt/anaconda3/envs/python-airflow-venv/lib/python3.10/site-packages/airflow/example_dags/example_subdag_operator.py took 0.808 seconds
[2023-04-22T13:15:36.843-0400] {logging_mixin.py:137} WARNING - /Users/admin/opt/anaconda3/envs/python-airflow-venv/lib/python3.10/site-packages/airflow/settings.py:337 DeprecationWarning: The sql_alchemy_pool_enabled option in [core] has been moved to the sql_alchemy_pool_enabled option in [database] - the old setting has been used, but please update your config.
[2023-04-22T13:15:36.848-0400] {logging_mixin.py:137} WARNING - /Users/admin/opt/anaconda3/envs/python-airflow-venv/lib/python3.10/site-packages/airflow/settings.py:400 DeprecationWarning: The sql_engine_encoding option in [core] has been moved to the sql_engine_encoding option in [database] - the old setting has been used, but please update your config.
[2023-04-22T13:15:36.849-0400] {processor.py:153} INFO - Started process (PID=3395) to work on /Users/admin/opt/anaconda3/envs/python-airflow-venv/lib/python3.10/site-packages/airflow/example_dags/example_subdag_operator.py
[2023-04-22T13:15:36.849-0400] {processor.py:743} INFO - Processing file /Users/admin/opt/anaconda3/envs/python-airflow-venv/lib/python3.10/site-packages/airflow/example_dags/example_subdag_operator.py for tasks to queue
[2023-04-22T13:15:36.849-0400] {logging_mixin.py:137} INFO - [2023-04-22T13:15:36.849-0400] {dagbag.py:538} INFO - Filling up the DagBag from /Users/admin/opt/anaconda3/envs/python-airflow-venv/lib/python3.10/site-packages/airflow/example_dags/example_subdag_operator.py
[2023-04-22T13:15:36.969-0400] {logging_mixin.py:137} WARNING - /Users/admin/opt/anaconda3/envs/python-airflow-venv/lib/python3.10/site-packages/airflow/jobs/scheduler_job.py:124 DeprecationWarning: The processor_poll_interval option in [scheduler] has been renamed to scheduler_idle_sleep_time - the old setting has been used, but please update your config.
[2023-04-22T13:15:37.599-0400] {processor.py:753} INFO - DAG(s) dict_keys(['example_subdag_operator.section-1', 'example_subdag_operator.section-2', 'example_subdag_operator']) retrieved from /Users/admin/opt/anaconda3/envs/python-airflow-venv/lib/python3.10/site-packages/airflow/example_dags/example_subdag_operator.py
[2023-04-22T13:15:37.696-0400] {logging_mixin.py:137} INFO - [2023-04-22T13:15:37.695-0400] {dag.py:2690} INFO - Sync 3 DAGs
[2023-04-22T13:15:37.708-0400] {logging_mixin.py:137} INFO - [2023-04-22T13:15:37.708-0400] {dag.py:3437} INFO - Setting next_dagrun for example_subdag_operator to 2022-01-01T00:00:00+00:00, run_after=2022-01-01T00:00:00+00:00
[2023-04-22T13:15:37.711-0400] {logging_mixin.py:137} INFO - [2023-04-22T13:15:37.710-0400] {dag.py:3437} INFO - Setting next_dagrun for example_subdag_operator.section-1 to None, run_after=None
[2023-04-22T13:15:37.711-0400] {logging_mixin.py:137} INFO - [2023-04-22T13:15:37.711-0400] {dag.py:3437} INFO - Setting next_dagrun for example_subdag_operator.section-2 to None, run_after=None
[2023-04-22T13:15:37.715-0400] {logging_mixin.py:137} INFO - [2023-04-22T13:15:37.715-0400] {dag.py:2690} INFO - Sync 2 DAGs
[2023-04-22T13:15:37.718-0400] {logging_mixin.py:137} INFO - [2023-04-22T13:15:37.718-0400] {dag.py:3437} INFO - Setting next_dagrun for example_subdag_operator.section-1 to None, run_after=None
[2023-04-22T13:15:37.718-0400] {logging_mixin.py:137} INFO - [2023-04-22T13:15:37.718-0400] {dag.py:3437} INFO - Setting next_dagrun for example_subdag_operator.section-2 to None, run_after=None
[2023-04-22T13:15:37.733-0400] {processor.py:175} INFO - Processing /Users/admin/opt/anaconda3/envs/python-airflow-venv/lib/python3.10/site-packages/airflow/example_dags/example_subdag_operator.py took 0.891 seconds
[2023-04-22T13:17:33.713-0400] {logging_mixin.py:137} WARNING - /Users/admin/opt/anaconda3/envs/python-airflow-venv/lib/python3.10/site-packages/airflow/settings.py:337 DeprecationWarning: The sql_alchemy_pool_enabled option in [core] has been moved to the sql_alchemy_pool_enabled option in [database] - the old setting has been used, but please update your config.
[2023-04-22T13:17:33.718-0400] {logging_mixin.py:137} WARNING - /Users/admin/opt/anaconda3/envs/python-airflow-venv/lib/python3.10/site-packages/airflow/settings.py:400 DeprecationWarning: The sql_engine_encoding option in [core] has been moved to the sql_engine_encoding option in [database] - the old setting has been used, but please update your config.
[2023-04-22T13:17:33.719-0400] {processor.py:153} INFO - Started process (PID=3447) to work on /Users/admin/opt/anaconda3/envs/python-airflow-venv/lib/python3.10/site-packages/airflow/example_dags/example_subdag_operator.py
[2023-04-22T13:17:33.719-0400] {processor.py:743} INFO - Processing file /Users/admin/opt/anaconda3/envs/python-airflow-venv/lib/python3.10/site-packages/airflow/example_dags/example_subdag_operator.py for tasks to queue
[2023-04-22T13:17:33.719-0400] {logging_mixin.py:137} INFO - [2023-04-22T13:17:33.719-0400] {dagbag.py:538} INFO - Filling up the DagBag from /Users/admin/opt/anaconda3/envs/python-airflow-venv/lib/python3.10/site-packages/airflow/example_dags/example_subdag_operator.py
[2023-04-22T13:17:33.815-0400] {logging_mixin.py:137} WARNING - /Users/admin/opt/anaconda3/envs/python-airflow-venv/lib/python3.10/site-packages/airflow/jobs/scheduler_job.py:124 DeprecationWarning: The processor_poll_interval option in [scheduler] has been renamed to scheduler_idle_sleep_time - the old setting has been used, but please update your config.
[2023-04-22T13:17:34.388-0400] {processor.py:753} INFO - DAG(s) dict_keys(['example_subdag_operator.section-1', 'example_subdag_operator.section-2', 'example_subdag_operator']) retrieved from /Users/admin/opt/anaconda3/envs/python-airflow-venv/lib/python3.10/site-packages/airflow/example_dags/example_subdag_operator.py
[2023-04-22T13:17:34.486-0400] {logging_mixin.py:137} INFO - [2023-04-22T13:17:34.486-0400] {dag.py:2690} INFO - Sync 3 DAGs
[2023-04-22T13:17:34.499-0400] {logging_mixin.py:137} INFO - [2023-04-22T13:17:34.499-0400] {dag.py:3437} INFO - Setting next_dagrun for example_subdag_operator to 2022-01-01T00:00:00+00:00, run_after=2022-01-01T00:00:00+00:00
[2023-04-22T13:17:34.501-0400] {logging_mixin.py:137} INFO - [2023-04-22T13:17:34.501-0400] {dag.py:3437} INFO - Setting next_dagrun for example_subdag_operator.section-1 to None, run_after=None
[2023-04-22T13:17:34.501-0400] {logging_mixin.py:137} INFO - [2023-04-22T13:17:34.501-0400] {dag.py:3437} INFO - Setting next_dagrun for example_subdag_operator.section-2 to None, run_after=None
[2023-04-22T13:17:34.506-0400] {logging_mixin.py:137} INFO - [2023-04-22T13:17:34.505-0400] {dag.py:2690} INFO - Sync 2 DAGs
[2023-04-22T13:17:34.508-0400] {logging_mixin.py:137} INFO - [2023-04-22T13:17:34.508-0400] {dag.py:3437} INFO - Setting next_dagrun for example_subdag_operator.section-1 to None, run_after=None
[2023-04-22T13:17:34.509-0400] {logging_mixin.py:137} INFO - [2023-04-22T13:17:34.509-0400] {dag.py:3437} INFO - Setting next_dagrun for example_subdag_operator.section-2 to None, run_after=None
[2023-04-22T13:17:34.522-0400] {processor.py:175} INFO - Processing /Users/admin/opt/anaconda3/envs/python-airflow-venv/lib/python3.10/site-packages/airflow/example_dags/example_subdag_operator.py took 0.810 seconds
[2023-04-22T13:19:30.554-0400] {logging_mixin.py:137} WARNING - /Users/admin/opt/anaconda3/envs/python-airflow-venv/lib/python3.10/site-packages/airflow/settings.py:337 DeprecationWarning: The sql_alchemy_pool_enabled option in [core] has been moved to the sql_alchemy_pool_enabled option in [database] - the old setting has been used, but please update your config.
[2023-04-22T13:19:30.558-0400] {logging_mixin.py:137} WARNING - /Users/admin/opt/anaconda3/envs/python-airflow-venv/lib/python3.10/site-packages/airflow/settings.py:400 DeprecationWarning: The sql_engine_encoding option in [core] has been moved to the sql_engine_encoding option in [database] - the old setting has been used, but please update your config.
[2023-04-22T13:19:30.559-0400] {processor.py:153} INFO - Started process (PID=3500) to work on /Users/admin/opt/anaconda3/envs/python-airflow-venv/lib/python3.10/site-packages/airflow/example_dags/example_subdag_operator.py
[2023-04-22T13:19:30.559-0400] {processor.py:743} INFO - Processing file /Users/admin/opt/anaconda3/envs/python-airflow-venv/lib/python3.10/site-packages/airflow/example_dags/example_subdag_operator.py for tasks to queue
[2023-04-22T13:19:30.559-0400] {logging_mixin.py:137} INFO - [2023-04-22T13:19:30.559-0400] {dagbag.py:538} INFO - Filling up the DagBag from /Users/admin/opt/anaconda3/envs/python-airflow-venv/lib/python3.10/site-packages/airflow/example_dags/example_subdag_operator.py
[2023-04-22T13:19:30.653-0400] {logging_mixin.py:137} WARNING - /Users/admin/opt/anaconda3/envs/python-airflow-venv/lib/python3.10/site-packages/airflow/jobs/scheduler_job.py:124 DeprecationWarning: The processor_poll_interval option in [scheduler] has been renamed to scheduler_idle_sleep_time - the old setting has been used, but please update your config.
[2023-04-22T13:19:31.224-0400] {processor.py:753} INFO - DAG(s) dict_keys(['example_subdag_operator.section-1', 'example_subdag_operator.section-2', 'example_subdag_operator']) retrieved from /Users/admin/opt/anaconda3/envs/python-airflow-venv/lib/python3.10/site-packages/airflow/example_dags/example_subdag_operator.py
[2023-04-22T13:19:31.322-0400] {logging_mixin.py:137} INFO - [2023-04-22T13:19:31.322-0400] {dag.py:2690} INFO - Sync 3 DAGs
[2023-04-22T13:19:31.335-0400] {logging_mixin.py:137} INFO - [2023-04-22T13:19:31.335-0400] {dag.py:3437} INFO - Setting next_dagrun for example_subdag_operator to 2022-01-01T00:00:00+00:00, run_after=2022-01-01T00:00:00+00:00
[2023-04-22T13:19:31.337-0400] {logging_mixin.py:137} INFO - [2023-04-22T13:19:31.337-0400] {dag.py:3437} INFO - Setting next_dagrun for example_subdag_operator.section-1 to None, run_after=None
[2023-04-22T13:19:31.338-0400] {logging_mixin.py:137} INFO - [2023-04-22T13:19:31.338-0400] {dag.py:3437} INFO - Setting next_dagrun for example_subdag_operator.section-2 to None, run_after=None
[2023-04-22T13:19:31.342-0400] {logging_mixin.py:137} INFO - [2023-04-22T13:19:31.342-0400] {dag.py:2690} INFO - Sync 2 DAGs
[2023-04-22T13:19:31.345-0400] {logging_mixin.py:137} INFO - [2023-04-22T13:19:31.345-0400] {dag.py:3437} INFO - Setting next_dagrun for example_subdag_operator.section-1 to None, run_after=None
[2023-04-22T13:19:31.345-0400] {logging_mixin.py:137} INFO - [2023-04-22T13:19:31.345-0400] {dag.py:3437} INFO - Setting next_dagrun for example_subdag_operator.section-2 to None, run_after=None
[2023-04-22T13:19:31.358-0400] {processor.py:175} INFO - Processing /Users/admin/opt/anaconda3/envs/python-airflow-venv/lib/python3.10/site-packages/airflow/example_dags/example_subdag_operator.py took 0.805 seconds
[2023-04-22T13:21:27.225-0400] {logging_mixin.py:137} WARNING - /Users/admin/opt/anaconda3/envs/python-airflow-venv/lib/python3.10/site-packages/airflow/settings.py:337 DeprecationWarning: The sql_alchemy_pool_enabled option in [core] has been moved to the sql_alchemy_pool_enabled option in [database] - the old setting has been used, but please update your config.
[2023-04-22T13:21:27.229-0400] {logging_mixin.py:137} WARNING - /Users/admin/opt/anaconda3/envs/python-airflow-venv/lib/python3.10/site-packages/airflow/settings.py:400 DeprecationWarning: The sql_engine_encoding option in [core] has been moved to the sql_engine_encoding option in [database] - the old setting has been used, but please update your config.
[2023-04-22T13:21:27.230-0400] {processor.py:153} INFO - Started process (PID=3557) to work on /Users/admin/opt/anaconda3/envs/python-airflow-venv/lib/python3.10/site-packages/airflow/example_dags/example_subdag_operator.py
[2023-04-22T13:21:27.230-0400] {processor.py:743} INFO - Processing file /Users/admin/opt/anaconda3/envs/python-airflow-venv/lib/python3.10/site-packages/airflow/example_dags/example_subdag_operator.py for tasks to queue
[2023-04-22T13:21:27.230-0400] {logging_mixin.py:137} INFO - [2023-04-22T13:21:27.230-0400] {dagbag.py:538} INFO - Filling up the DagBag from /Users/admin/opt/anaconda3/envs/python-airflow-venv/lib/python3.10/site-packages/airflow/example_dags/example_subdag_operator.py
[2023-04-22T13:21:27.324-0400] {logging_mixin.py:137} WARNING - /Users/admin/opt/anaconda3/envs/python-airflow-venv/lib/python3.10/site-packages/airflow/jobs/scheduler_job.py:124 DeprecationWarning: The processor_poll_interval option in [scheduler] has been renamed to scheduler_idle_sleep_time - the old setting has been used, but please update your config.
[2023-04-22T13:21:27.895-0400] {processor.py:753} INFO - DAG(s) dict_keys(['example_subdag_operator.section-1', 'example_subdag_operator.section-2', 'example_subdag_operator']) retrieved from /Users/admin/opt/anaconda3/envs/python-airflow-venv/lib/python3.10/site-packages/airflow/example_dags/example_subdag_operator.py
[2023-04-22T13:21:27.993-0400] {logging_mixin.py:137} INFO - [2023-04-22T13:21:27.993-0400] {dag.py:2690} INFO - Sync 3 DAGs
[2023-04-22T13:21:28.006-0400] {logging_mixin.py:137} INFO - [2023-04-22T13:21:28.006-0400] {dag.py:3437} INFO - Setting next_dagrun for example_subdag_operator to 2022-01-01T00:00:00+00:00, run_after=2022-01-01T00:00:00+00:00
[2023-04-22T13:21:28.008-0400] {logging_mixin.py:137} INFO - [2023-04-22T13:21:28.008-0400] {dag.py:3437} INFO - Setting next_dagrun for example_subdag_operator.section-1 to None, run_after=None
[2023-04-22T13:21:28.008-0400] {logging_mixin.py:137} INFO - [2023-04-22T13:21:28.008-0400] {dag.py:3437} INFO - Setting next_dagrun for example_subdag_operator.section-2 to None, run_after=None
[2023-04-22T13:21:28.013-0400] {logging_mixin.py:137} INFO - [2023-04-22T13:21:28.012-0400] {dag.py:2690} INFO - Sync 2 DAGs
[2023-04-22T13:21:28.015-0400] {logging_mixin.py:137} INFO - [2023-04-22T13:21:28.015-0400] {dag.py:3437} INFO - Setting next_dagrun for example_subdag_operator.section-1 to None, run_after=None
[2023-04-22T13:21:28.016-0400] {logging_mixin.py:137} INFO - [2023-04-22T13:21:28.016-0400] {dag.py:3437} INFO - Setting next_dagrun for example_subdag_operator.section-2 to None, run_after=None
[2023-04-22T13:21:28.032-0400] {processor.py:175} INFO - Processing /Users/admin/opt/anaconda3/envs/python-airflow-venv/lib/python3.10/site-packages/airflow/example_dags/example_subdag_operator.py took 0.808 seconds
[2023-04-22T13:23:23.879-0400] {logging_mixin.py:137} WARNING - /Users/admin/opt/anaconda3/envs/python-airflow-venv/lib/python3.10/site-packages/airflow/settings.py:337 DeprecationWarning: The sql_alchemy_pool_enabled option in [core] has been moved to the sql_alchemy_pool_enabled option in [database] - the old setting has been used, but please update your config.
[2023-04-22T13:23:23.883-0400] {logging_mixin.py:137} WARNING - /Users/admin/opt/anaconda3/envs/python-airflow-venv/lib/python3.10/site-packages/airflow/settings.py:400 DeprecationWarning: The sql_engine_encoding option in [core] has been moved to the sql_engine_encoding option in [database] - the old setting has been used, but please update your config.
[2023-04-22T13:23:23.884-0400] {processor.py:153} INFO - Started process (PID=3610) to work on /Users/admin/opt/anaconda3/envs/python-airflow-venv/lib/python3.10/site-packages/airflow/example_dags/example_subdag_operator.py
[2023-04-22T13:23:23.884-0400] {processor.py:743} INFO - Processing file /Users/admin/opt/anaconda3/envs/python-airflow-venv/lib/python3.10/site-packages/airflow/example_dags/example_subdag_operator.py for tasks to queue
[2023-04-22T13:23:23.884-0400] {logging_mixin.py:137} INFO - [2023-04-22T13:23:23.884-0400] {dagbag.py:538} INFO - Filling up the DagBag from /Users/admin/opt/anaconda3/envs/python-airflow-venv/lib/python3.10/site-packages/airflow/example_dags/example_subdag_operator.py
[2023-04-22T13:23:23.978-0400] {logging_mixin.py:137} WARNING - /Users/admin/opt/anaconda3/envs/python-airflow-venv/lib/python3.10/site-packages/airflow/jobs/scheduler_job.py:124 DeprecationWarning: The processor_poll_interval option in [scheduler] has been renamed to scheduler_idle_sleep_time - the old setting has been used, but please update your config.
[2023-04-22T13:23:24.550-0400] {processor.py:753} INFO - DAG(s) dict_keys(['example_subdag_operator.section-1', 'example_subdag_operator.section-2', 'example_subdag_operator']) retrieved from /Users/admin/opt/anaconda3/envs/python-airflow-venv/lib/python3.10/site-packages/airflow/example_dags/example_subdag_operator.py
[2023-04-22T13:23:24.648-0400] {logging_mixin.py:137} INFO - [2023-04-22T13:23:24.648-0400] {dag.py:2690} INFO - Sync 3 DAGs
[2023-04-22T13:23:24.661-0400] {logging_mixin.py:137} INFO - [2023-04-22T13:23:24.661-0400] {dag.py:3437} INFO - Setting next_dagrun for example_subdag_operator to 2022-01-01T00:00:00+00:00, run_after=2022-01-01T00:00:00+00:00
[2023-04-22T13:23:24.663-0400] {logging_mixin.py:137} INFO - [2023-04-22T13:23:24.663-0400] {dag.py:3437} INFO - Setting next_dagrun for example_subdag_operator.section-1 to None, run_after=None
[2023-04-22T13:23:24.664-0400] {logging_mixin.py:137} INFO - [2023-04-22T13:23:24.664-0400] {dag.py:3437} INFO - Setting next_dagrun for example_subdag_operator.section-2 to None, run_after=None
[2023-04-22T13:23:24.668-0400] {logging_mixin.py:137} INFO - [2023-04-22T13:23:24.668-0400] {dag.py:2690} INFO - Sync 2 DAGs
[2023-04-22T13:23:24.671-0400] {logging_mixin.py:137} INFO - [2023-04-22T13:23:24.671-0400] {dag.py:3437} INFO - Setting next_dagrun for example_subdag_operator.section-1 to None, run_after=None
[2023-04-22T13:23:24.671-0400] {logging_mixin.py:137} INFO - [2023-04-22T13:23:24.671-0400] {dag.py:3437} INFO - Setting next_dagrun for example_subdag_operator.section-2 to None, run_after=None
[2023-04-22T13:23:24.691-0400] {processor.py:175} INFO - Processing /Users/admin/opt/anaconda3/envs/python-airflow-venv/lib/python3.10/site-packages/airflow/example_dags/example_subdag_operator.py took 0.813 seconds
[2023-04-22T13:25:20.710-0400] {logging_mixin.py:137} WARNING - /Users/admin/opt/anaconda3/envs/python-airflow-venv/lib/python3.10/site-packages/airflow/settings.py:337 DeprecationWarning: The sql_alchemy_pool_enabled option in [core] has been moved to the sql_alchemy_pool_enabled option in [database] - the old setting has been used, but please update your config.
[2023-04-22T13:25:20.714-0400] {logging_mixin.py:137} WARNING - /Users/admin/opt/anaconda3/envs/python-airflow-venv/lib/python3.10/site-packages/airflow/settings.py:400 DeprecationWarning: The sql_engine_encoding option in [core] has been moved to the sql_engine_encoding option in [database] - the old setting has been used, but please update your config.
[2023-04-22T13:25:20.715-0400] {processor.py:153} INFO - Started process (PID=3664) to work on /Users/admin/opt/anaconda3/envs/python-airflow-venv/lib/python3.10/site-packages/airflow/example_dags/example_subdag_operator.py
[2023-04-22T13:25:20.715-0400] {processor.py:743} INFO - Processing file /Users/admin/opt/anaconda3/envs/python-airflow-venv/lib/python3.10/site-packages/airflow/example_dags/example_subdag_operator.py for tasks to queue
[2023-04-22T13:25:20.715-0400] {logging_mixin.py:137} INFO - [2023-04-22T13:25:20.715-0400] {dagbag.py:538} INFO - Filling up the DagBag from /Users/admin/opt/anaconda3/envs/python-airflow-venv/lib/python3.10/site-packages/airflow/example_dags/example_subdag_operator.py
[2023-04-22T13:25:20.826-0400] {logging_mixin.py:137} WARNING - /Users/admin/opt/anaconda3/envs/python-airflow-venv/lib/python3.10/site-packages/airflow/jobs/scheduler_job.py:124 DeprecationWarning: The processor_poll_interval option in [scheduler] has been renamed to scheduler_idle_sleep_time - the old setting has been used, but please update your config.
[2023-04-22T13:25:21.485-0400] {processor.py:753} INFO - DAG(s) dict_keys(['example_subdag_operator.section-1', 'example_subdag_operator.section-2', 'example_subdag_operator']) retrieved from /Users/admin/opt/anaconda3/envs/python-airflow-venv/lib/python3.10/site-packages/airflow/example_dags/example_subdag_operator.py
[2023-04-22T13:25:21.591-0400] {logging_mixin.py:137} INFO - [2023-04-22T13:25:21.591-0400] {dag.py:2690} INFO - Sync 3 DAGs
[2023-04-22T13:25:21.605-0400] {logging_mixin.py:137} INFO - [2023-04-22T13:25:21.605-0400] {dag.py:3437} INFO - Setting next_dagrun for example_subdag_operator to 2022-01-01T00:00:00+00:00, run_after=2022-01-01T00:00:00+00:00
[2023-04-22T13:25:21.607-0400] {logging_mixin.py:137} INFO - [2023-04-22T13:25:21.607-0400] {dag.py:3437} INFO - Setting next_dagrun for example_subdag_operator.section-1 to None, run_after=None
[2023-04-22T13:25:21.608-0400] {logging_mixin.py:137} INFO - [2023-04-22T13:25:21.608-0400] {dag.py:3437} INFO - Setting next_dagrun for example_subdag_operator.section-2 to None, run_after=None
[2023-04-22T13:25:21.612-0400] {logging_mixin.py:137} INFO - [2023-04-22T13:25:21.612-0400] {dag.py:2690} INFO - Sync 2 DAGs
[2023-04-22T13:25:21.615-0400] {logging_mixin.py:137} INFO - [2023-04-22T13:25:21.615-0400] {dag.py:3437} INFO - Setting next_dagrun for example_subdag_operator.section-1 to None, run_after=None
[2023-04-22T13:25:21.616-0400] {logging_mixin.py:137} INFO - [2023-04-22T13:25:21.615-0400] {dag.py:3437} INFO - Setting next_dagrun for example_subdag_operator.section-2 to None, run_after=None
[2023-04-22T13:25:21.628-0400] {processor.py:175} INFO - Processing /Users/admin/opt/anaconda3/envs/python-airflow-venv/lib/python3.10/site-packages/airflow/example_dags/example_subdag_operator.py took 0.919 seconds
[2023-04-22T14:27:57.110-0400] {logging_mixin.py:137} WARNING - /Users/admin/opt/anaconda3/envs/python-airflow-venv/lib/python3.10/site-packages/airflow/settings.py:337 DeprecationWarning: The sql_alchemy_pool_enabled option in [core] has been moved to the sql_alchemy_pool_enabled option in [database] - the old setting has been used, but please update your config.
[2023-04-22T14:27:57.116-0400] {logging_mixin.py:137} WARNING - /Users/admin/opt/anaconda3/envs/python-airflow-venv/lib/python3.10/site-packages/airflow/settings.py:400 DeprecationWarning: The sql_engine_encoding option in [core] has been moved to the sql_engine_encoding option in [database] - the old setting has been used, but please update your config.
[2023-04-22T14:27:57.117-0400] {processor.py:153} INFO - Started process (PID=3739) to work on /Users/admin/opt/anaconda3/envs/python-airflow-venv/lib/python3.10/site-packages/airflow/example_dags/example_subdag_operator.py
[2023-04-22T14:27:57.117-0400] {processor.py:743} INFO - Processing file /Users/admin/opt/anaconda3/envs/python-airflow-venv/lib/python3.10/site-packages/airflow/example_dags/example_subdag_operator.py for tasks to queue
[2023-04-22T14:27:57.117-0400] {logging_mixin.py:137} INFO - [2023-04-22T14:27:57.117-0400] {dagbag.py:538} INFO - Filling up the DagBag from /Users/admin/opt/anaconda3/envs/python-airflow-venv/lib/python3.10/site-packages/airflow/example_dags/example_subdag_operator.py
[2023-04-22T14:27:57.255-0400] {logging_mixin.py:137} WARNING - /Users/admin/opt/anaconda3/envs/python-airflow-venv/lib/python3.10/site-packages/airflow/jobs/scheduler_job.py:124 DeprecationWarning: The processor_poll_interval option in [scheduler] has been renamed to scheduler_idle_sleep_time - the old setting has been used, but please update your config.
[2023-04-22T14:27:57.868-0400] {processor.py:753} INFO - DAG(s) dict_keys(['example_subdag_operator.section-1', 'example_subdag_operator.section-2', 'example_subdag_operator']) retrieved from /Users/admin/opt/anaconda3/envs/python-airflow-venv/lib/python3.10/site-packages/airflow/example_dags/example_subdag_operator.py
[2023-04-22T14:27:57.967-0400] {logging_mixin.py:137} INFO - [2023-04-22T14:27:57.966-0400] {dag.py:2690} INFO - Sync 3 DAGs
[2023-04-22T14:27:57.980-0400] {logging_mixin.py:137} INFO - [2023-04-22T14:27:57.979-0400] {dag.py:3437} INFO - Setting next_dagrun for example_subdag_operator to 2022-01-01T00:00:00+00:00, run_after=2022-01-01T00:00:00+00:00
[2023-04-22T14:27:57.982-0400] {logging_mixin.py:137} INFO - [2023-04-22T14:27:57.982-0400] {dag.py:3437} INFO - Setting next_dagrun for example_subdag_operator.section-1 to None, run_after=None
[2023-04-22T14:27:57.982-0400] {logging_mixin.py:137} INFO - [2023-04-22T14:27:57.982-0400] {dag.py:3437} INFO - Setting next_dagrun for example_subdag_operator.section-2 to None, run_after=None
[2023-04-22T14:27:57.986-0400] {logging_mixin.py:137} INFO - [2023-04-22T14:27:57.986-0400] {dag.py:2690} INFO - Sync 2 DAGs
[2023-04-22T14:27:57.989-0400] {logging_mixin.py:137} INFO - [2023-04-22T14:27:57.989-0400] {dag.py:3437} INFO - Setting next_dagrun for example_subdag_operator.section-1 to None, run_after=None
[2023-04-22T14:27:57.989-0400] {logging_mixin.py:137} INFO - [2023-04-22T14:27:57.989-0400] {dag.py:3437} INFO - Setting next_dagrun for example_subdag_operator.section-2 to None, run_after=None
[2023-04-22T14:27:58.006-0400] {processor.py:175} INFO - Processing /Users/admin/opt/anaconda3/envs/python-airflow-venv/lib/python3.10/site-packages/airflow/example_dags/example_subdag_operator.py took 0.897 seconds
[2023-04-22T14:29:56.739-0400] {logging_mixin.py:137} WARNING - /Users/admin/opt/anaconda3/envs/python-airflow-venv/lib/python3.10/site-packages/airflow/settings.py:337 DeprecationWarning: The sql_alchemy_pool_enabled option in [core] has been moved to the sql_alchemy_pool_enabled option in [database] - the old setting has been used, but please update your config.
[2023-04-22T14:29:56.743-0400] {logging_mixin.py:137} WARNING - /Users/admin/opt/anaconda3/envs/python-airflow-venv/lib/python3.10/site-packages/airflow/settings.py:400 DeprecationWarning: The sql_engine_encoding option in [core] has been moved to the sql_engine_encoding option in [database] - the old setting has been used, but please update your config.
[2023-04-22T14:29:56.744-0400] {processor.py:153} INFO - Started process (PID=3807) to work on /Users/admin/opt/anaconda3/envs/python-airflow-venv/lib/python3.10/site-packages/airflow/example_dags/example_subdag_operator.py
[2023-04-22T14:29:56.744-0400] {processor.py:743} INFO - Processing file /Users/admin/opt/anaconda3/envs/python-airflow-venv/lib/python3.10/site-packages/airflow/example_dags/example_subdag_operator.py for tasks to queue
[2023-04-22T14:29:56.744-0400] {logging_mixin.py:137} INFO - [2023-04-22T14:29:56.744-0400] {dagbag.py:538} INFO - Filling up the DagBag from /Users/admin/opt/anaconda3/envs/python-airflow-venv/lib/python3.10/site-packages/airflow/example_dags/example_subdag_operator.py
[2023-04-22T14:29:56.837-0400] {logging_mixin.py:137} WARNING - /Users/admin/opt/anaconda3/envs/python-airflow-venv/lib/python3.10/site-packages/airflow/jobs/scheduler_job.py:124 DeprecationWarning: The processor_poll_interval option in [scheduler] has been renamed to scheduler_idle_sleep_time - the old setting has been used, but please update your config.
[2023-04-22T14:29:57.411-0400] {processor.py:753} INFO - DAG(s) dict_keys(['example_subdag_operator.section-1', 'example_subdag_operator.section-2', 'example_subdag_operator']) retrieved from /Users/admin/opt/anaconda3/envs/python-airflow-venv/lib/python3.10/site-packages/airflow/example_dags/example_subdag_operator.py
[2023-04-22T14:29:57.510-0400] {logging_mixin.py:137} INFO - [2023-04-22T14:29:57.510-0400] {dag.py:2690} INFO - Sync 3 DAGs
[2023-04-22T14:29:57.522-0400] {logging_mixin.py:137} INFO - [2023-04-22T14:29:57.522-0400] {dag.py:3437} INFO - Setting next_dagrun for example_subdag_operator to 2022-01-01T00:00:00+00:00, run_after=2022-01-01T00:00:00+00:00
[2023-04-22T14:29:57.525-0400] {logging_mixin.py:137} INFO - [2023-04-22T14:29:57.524-0400] {dag.py:3437} INFO - Setting next_dagrun for example_subdag_operator.section-1 to None, run_after=None
[2023-04-22T14:29:57.525-0400] {logging_mixin.py:137} INFO - [2023-04-22T14:29:57.525-0400] {dag.py:3437} INFO - Setting next_dagrun for example_subdag_operator.section-2 to None, run_after=None
[2023-04-22T14:29:57.529-0400] {logging_mixin.py:137} INFO - [2023-04-22T14:29:57.529-0400] {dag.py:2690} INFO - Sync 2 DAGs
[2023-04-22T14:29:57.532-0400] {logging_mixin.py:137} INFO - [2023-04-22T14:29:57.532-0400] {dag.py:3437} INFO - Setting next_dagrun for example_subdag_operator.section-1 to None, run_after=None
[2023-04-22T14:29:57.532-0400] {logging_mixin.py:137} INFO - [2023-04-22T14:29:57.532-0400] {dag.py:3437} INFO - Setting next_dagrun for example_subdag_operator.section-2 to None, run_after=None
[2023-04-22T14:29:57.546-0400] {processor.py:175} INFO - Processing /Users/admin/opt/anaconda3/envs/python-airflow-venv/lib/python3.10/site-packages/airflow/example_dags/example_subdag_operator.py took 0.808 seconds
[2023-04-22T14:31:52.939-0400] {logging_mixin.py:137} WARNING - /Users/admin/opt/anaconda3/envs/python-airflow-venv/lib/python3.10/site-packages/airflow/settings.py:337 DeprecationWarning: The sql_alchemy_pool_enabled option in [core] has been moved to the sql_alchemy_pool_enabled option in [database] - the old setting has been used, but please update your config.
[2023-04-22T14:31:52.943-0400] {logging_mixin.py:137} WARNING - /Users/admin/opt/anaconda3/envs/python-airflow-venv/lib/python3.10/site-packages/airflow/settings.py:400 DeprecationWarning: The sql_engine_encoding option in [core] has been moved to the sql_engine_encoding option in [database] - the old setting has been used, but please update your config.
[2023-04-22T14:31:52.944-0400] {processor.py:153} INFO - Started process (PID=3862) to work on /Users/admin/opt/anaconda3/envs/python-airflow-venv/lib/python3.10/site-packages/airflow/example_dags/example_subdag_operator.py
[2023-04-22T14:31:52.944-0400] {processor.py:743} INFO - Processing file /Users/admin/opt/anaconda3/envs/python-airflow-venv/lib/python3.10/site-packages/airflow/example_dags/example_subdag_operator.py for tasks to queue
[2023-04-22T14:31:52.944-0400] {logging_mixin.py:137} INFO - [2023-04-22T14:31:52.944-0400] {dagbag.py:538} INFO - Filling up the DagBag from /Users/admin/opt/anaconda3/envs/python-airflow-venv/lib/python3.10/site-packages/airflow/example_dags/example_subdag_operator.py
[2023-04-22T14:31:53.038-0400] {logging_mixin.py:137} WARNING - /Users/admin/opt/anaconda3/envs/python-airflow-venv/lib/python3.10/site-packages/airflow/jobs/scheduler_job.py:124 DeprecationWarning: The processor_poll_interval option in [scheduler] has been renamed to scheduler_idle_sleep_time - the old setting has been used, but please update your config.
[2023-04-22T14:31:53.609-0400] {processor.py:753} INFO - DAG(s) dict_keys(['example_subdag_operator.section-1', 'example_subdag_operator.section-2', 'example_subdag_operator']) retrieved from /Users/admin/opt/anaconda3/envs/python-airflow-venv/lib/python3.10/site-packages/airflow/example_dags/example_subdag_operator.py
[2023-04-22T14:31:53.707-0400] {logging_mixin.py:137} INFO - [2023-04-22T14:31:53.707-0400] {dag.py:2690} INFO - Sync 3 DAGs
[2023-04-22T14:31:53.720-0400] {logging_mixin.py:137} INFO - [2023-04-22T14:31:53.720-0400] {dag.py:3437} INFO - Setting next_dagrun for example_subdag_operator to 2022-01-01T00:00:00+00:00, run_after=2022-01-01T00:00:00+00:00
[2023-04-22T14:31:53.723-0400] {logging_mixin.py:137} INFO - [2023-04-22T14:31:53.722-0400] {dag.py:3437} INFO - Setting next_dagrun for example_subdag_operator.section-1 to None, run_after=None
[2023-04-22T14:31:53.723-0400] {logging_mixin.py:137} INFO - [2023-04-22T14:31:53.723-0400] {dag.py:3437} INFO - Setting next_dagrun for example_subdag_operator.section-2 to None, run_after=None
[2023-04-22T14:31:53.728-0400] {logging_mixin.py:137} INFO - [2023-04-22T14:31:53.727-0400] {dag.py:2690} INFO - Sync 2 DAGs
[2023-04-22T14:31:53.730-0400] {logging_mixin.py:137} INFO - [2023-04-22T14:31:53.730-0400] {dag.py:3437} INFO - Setting next_dagrun for example_subdag_operator.section-1 to None, run_after=None
[2023-04-22T14:31:53.731-0400] {logging_mixin.py:137} INFO - [2023-04-22T14:31:53.731-0400] {dag.py:3437} INFO - Setting next_dagrun for example_subdag_operator.section-2 to None, run_after=None
[2023-04-22T14:31:53.746-0400] {processor.py:175} INFO - Processing /Users/admin/opt/anaconda3/envs/python-airflow-venv/lib/python3.10/site-packages/airflow/example_dags/example_subdag_operator.py took 0.808 seconds
[2023-04-22T14:33:52.123-0400] {logging_mixin.py:137} WARNING - /Users/admin/opt/anaconda3/envs/python-airflow-venv/lib/python3.10/site-packages/airflow/settings.py:337 DeprecationWarning: The sql_alchemy_pool_enabled option in [core] has been moved to the sql_alchemy_pool_enabled option in [database] - the old setting has been used, but please update your config.
[2023-04-22T14:33:52.127-0400] {logging_mixin.py:137} WARNING - /Users/admin/opt/anaconda3/envs/python-airflow-venv/lib/python3.10/site-packages/airflow/settings.py:400 DeprecationWarning: The sql_engine_encoding option in [core] has been moved to the sql_engine_encoding option in [database] - the old setting has been used, but please update your config.
[2023-04-22T14:33:52.128-0400] {processor.py:153} INFO - Started process (PID=3965) to work on /Users/admin/opt/anaconda3/envs/python-airflow-venv/lib/python3.10/site-packages/airflow/example_dags/example_subdag_operator.py
[2023-04-22T14:33:52.128-0400] {processor.py:743} INFO - Processing file /Users/admin/opt/anaconda3/envs/python-airflow-venv/lib/python3.10/site-packages/airflow/example_dags/example_subdag_operator.py for tasks to queue
[2023-04-22T14:33:52.128-0400] {logging_mixin.py:137} INFO - [2023-04-22T14:33:52.128-0400] {dagbag.py:538} INFO - Filling up the DagBag from /Users/admin/opt/anaconda3/envs/python-airflow-venv/lib/python3.10/site-packages/airflow/example_dags/example_subdag_operator.py
[2023-04-22T14:33:52.219-0400] {logging_mixin.py:137} WARNING - /Users/admin/opt/anaconda3/envs/python-airflow-venv/lib/python3.10/site-packages/airflow/jobs/scheduler_job.py:124 DeprecationWarning: The processor_poll_interval option in [scheduler] has been renamed to scheduler_idle_sleep_time - the old setting has been used, but please update your config.
[2023-04-22T14:33:52.788-0400] {processor.py:753} INFO - DAG(s) dict_keys(['example_subdag_operator.section-1', 'example_subdag_operator.section-2', 'example_subdag_operator']) retrieved from /Users/admin/opt/anaconda3/envs/python-airflow-venv/lib/python3.10/site-packages/airflow/example_dags/example_subdag_operator.py
[2023-04-22T14:33:52.886-0400] {logging_mixin.py:137} INFO - [2023-04-22T14:33:52.886-0400] {dag.py:2690} INFO - Sync 3 DAGs
[2023-04-22T14:33:52.899-0400] {logging_mixin.py:137} INFO - [2023-04-22T14:33:52.899-0400] {dag.py:3437} INFO - Setting next_dagrun for example_subdag_operator to 2022-01-01T00:00:00+00:00, run_after=2022-01-01T00:00:00+00:00
[2023-04-22T14:33:52.901-0400] {logging_mixin.py:137} INFO - [2023-04-22T14:33:52.901-0400] {dag.py:3437} INFO - Setting next_dagrun for example_subdag_operator.section-1 to None, run_after=None
[2023-04-22T14:33:52.902-0400] {logging_mixin.py:137} INFO - [2023-04-22T14:33:52.902-0400] {dag.py:3437} INFO - Setting next_dagrun for example_subdag_operator.section-2 to None, run_after=None
[2023-04-22T14:33:52.906-0400] {logging_mixin.py:137} INFO - [2023-04-22T14:33:52.906-0400] {dag.py:2690} INFO - Sync 2 DAGs
[2023-04-22T14:33:52.909-0400] {logging_mixin.py:137} INFO - [2023-04-22T14:33:52.909-0400] {dag.py:3437} INFO - Setting next_dagrun for example_subdag_operator.section-1 to None, run_after=None
[2023-04-22T14:33:52.909-0400] {logging_mixin.py:137} INFO - [2023-04-22T14:33:52.909-0400] {dag.py:3437} INFO - Setting next_dagrun for example_subdag_operator.section-2 to None, run_after=None
[2023-04-22T14:33:52.922-0400] {processor.py:175} INFO - Processing /Users/admin/opt/anaconda3/envs/python-airflow-venv/lib/python3.10/site-packages/airflow/example_dags/example_subdag_operator.py took 0.801 seconds
[2023-04-22T14:35:49.840-0400] {logging_mixin.py:137} WARNING - /Users/admin/opt/anaconda3/envs/python-airflow-venv/lib/python3.10/site-packages/airflow/settings.py:337 DeprecationWarning: The sql_alchemy_pool_enabled option in [core] has been moved to the sql_alchemy_pool_enabled option in [database] - the old setting has been used, but please update your config.
[2023-04-22T14:35:49.845-0400] {logging_mixin.py:137} WARNING - /Users/admin/opt/anaconda3/envs/python-airflow-venv/lib/python3.10/site-packages/airflow/settings.py:400 DeprecationWarning: The sql_engine_encoding option in [core] has been moved to the sql_engine_encoding option in [database] - the old setting has been used, but please update your config.
[2023-04-22T14:35:49.845-0400] {processor.py:153} INFO - Started process (PID=4047) to work on /Users/admin/opt/anaconda3/envs/python-airflow-venv/lib/python3.10/site-packages/airflow/example_dags/example_subdag_operator.py
[2023-04-22T14:35:49.846-0400] {processor.py:743} INFO - Processing file /Users/admin/opt/anaconda3/envs/python-airflow-venv/lib/python3.10/site-packages/airflow/example_dags/example_subdag_operator.py for tasks to queue
[2023-04-22T14:35:49.846-0400] {logging_mixin.py:137} INFO - [2023-04-22T14:35:49.846-0400] {dagbag.py:538} INFO - Filling up the DagBag from /Users/admin/opt/anaconda3/envs/python-airflow-venv/lib/python3.10/site-packages/airflow/example_dags/example_subdag_operator.py
[2023-04-22T14:35:49.955-0400] {logging_mixin.py:137} WARNING - /Users/admin/opt/anaconda3/envs/python-airflow-venv/lib/python3.10/site-packages/airflow/jobs/scheduler_job.py:124 DeprecationWarning: The processor_poll_interval option in [scheduler] has been renamed to scheduler_idle_sleep_time - the old setting has been used, but please update your config.
[2023-04-22T14:35:50.640-0400] {processor.py:753} INFO - DAG(s) dict_keys(['example_subdag_operator.section-1', 'example_subdag_operator.section-2', 'example_subdag_operator']) retrieved from /Users/admin/opt/anaconda3/envs/python-airflow-venv/lib/python3.10/site-packages/airflow/example_dags/example_subdag_operator.py
[2023-04-22T14:35:50.752-0400] {logging_mixin.py:137} INFO - [2023-04-22T14:35:50.752-0400] {dag.py:2690} INFO - Sync 3 DAGs
[2023-04-22T14:35:50.767-0400] {logging_mixin.py:137} INFO - [2023-04-22T14:35:50.767-0400] {dag.py:3437} INFO - Setting next_dagrun for example_subdag_operator to 2022-01-01T00:00:00+00:00, run_after=2022-01-01T00:00:00+00:00
[2023-04-22T14:35:50.769-0400] {logging_mixin.py:137} INFO - [2023-04-22T14:35:50.769-0400] {dag.py:3437} INFO - Setting next_dagrun for example_subdag_operator.section-1 to None, run_after=None
[2023-04-22T14:35:50.770-0400] {logging_mixin.py:137} INFO - [2023-04-22T14:35:50.770-0400] {dag.py:3437} INFO - Setting next_dagrun for example_subdag_operator.section-2 to None, run_after=None
[2023-04-22T14:35:50.775-0400] {logging_mixin.py:137} INFO - [2023-04-22T14:35:50.775-0400] {dag.py:2690} INFO - Sync 2 DAGs
[2023-04-22T14:35:50.779-0400] {logging_mixin.py:137} INFO - [2023-04-22T14:35:50.779-0400] {dag.py:3437} INFO - Setting next_dagrun for example_subdag_operator.section-1 to None, run_after=None
[2023-04-22T14:35:50.779-0400] {logging_mixin.py:137} INFO - [2023-04-22T14:35:50.779-0400] {dag.py:3437} INFO - Setting next_dagrun for example_subdag_operator.section-2 to None, run_after=None
[2023-04-22T14:35:50.796-0400] {processor.py:175} INFO - Processing /Users/admin/opt/anaconda3/envs/python-airflow-venv/lib/python3.10/site-packages/airflow/example_dags/example_subdag_operator.py took 0.957 seconds
[2023-04-22T14:37:46.831-0400] {logging_mixin.py:137} WARNING - /Users/admin/opt/anaconda3/envs/python-airflow-venv/lib/python3.10/site-packages/airflow/settings.py:337 DeprecationWarning: The sql_alchemy_pool_enabled option in [core] has been moved to the sql_alchemy_pool_enabled option in [database] - the old setting has been used, but please update your config.
[2023-04-22T14:37:46.836-0400] {logging_mixin.py:137} WARNING - /Users/admin/opt/anaconda3/envs/python-airflow-venv/lib/python3.10/site-packages/airflow/settings.py:400 DeprecationWarning: The sql_engine_encoding option in [core] has been moved to the sql_engine_encoding option in [database] - the old setting has been used, but please update your config.
[2023-04-22T14:37:46.836-0400] {processor.py:153} INFO - Started process (PID=4106) to work on /Users/admin/opt/anaconda3/envs/python-airflow-venv/lib/python3.10/site-packages/airflow/example_dags/example_subdag_operator.py
[2023-04-22T14:37:46.836-0400] {processor.py:743} INFO - Processing file /Users/admin/opt/anaconda3/envs/python-airflow-venv/lib/python3.10/site-packages/airflow/example_dags/example_subdag_operator.py for tasks to queue
[2023-04-22T14:37:46.837-0400] {logging_mixin.py:137} INFO - [2023-04-22T14:37:46.837-0400] {dagbag.py:538} INFO - Filling up the DagBag from /Users/admin/opt/anaconda3/envs/python-airflow-venv/lib/python3.10/site-packages/airflow/example_dags/example_subdag_operator.py
[2023-04-22T14:37:46.930-0400] {logging_mixin.py:137} WARNING - /Users/admin/opt/anaconda3/envs/python-airflow-venv/lib/python3.10/site-packages/airflow/jobs/scheduler_job.py:124 DeprecationWarning: The processor_poll_interval option in [scheduler] has been renamed to scheduler_idle_sleep_time - the old setting has been used, but please update your config.
[2023-04-22T14:37:47.504-0400] {processor.py:753} INFO - DAG(s) dict_keys(['example_subdag_operator.section-1', 'example_subdag_operator.section-2', 'example_subdag_operator']) retrieved from /Users/admin/opt/anaconda3/envs/python-airflow-venv/lib/python3.10/site-packages/airflow/example_dags/example_subdag_operator.py
[2023-04-22T14:37:47.601-0400] {logging_mixin.py:137} INFO - [2023-04-22T14:37:47.601-0400] {dag.py:2690} INFO - Sync 3 DAGs
[2023-04-22T14:37:47.614-0400] {logging_mixin.py:137} INFO - [2023-04-22T14:37:47.614-0400] {dag.py:3437} INFO - Setting next_dagrun for example_subdag_operator to 2022-01-01T00:00:00+00:00, run_after=2022-01-01T00:00:00+00:00
[2023-04-22T14:37:47.616-0400] {logging_mixin.py:137} INFO - [2023-04-22T14:37:47.616-0400] {dag.py:3437} INFO - Setting next_dagrun for example_subdag_operator.section-1 to None, run_after=None
[2023-04-22T14:37:47.617-0400] {logging_mixin.py:137} INFO - [2023-04-22T14:37:47.617-0400] {dag.py:3437} INFO - Setting next_dagrun for example_subdag_operator.section-2 to None, run_after=None
[2023-04-22T14:37:47.621-0400] {logging_mixin.py:137} INFO - [2023-04-22T14:37:47.621-0400] {dag.py:2690} INFO - Sync 2 DAGs
[2023-04-22T14:37:47.624-0400] {logging_mixin.py:137} INFO - [2023-04-22T14:37:47.624-0400] {dag.py:3437} INFO - Setting next_dagrun for example_subdag_operator.section-1 to None, run_after=None
[2023-04-22T14:37:47.624-0400] {logging_mixin.py:137} INFO - [2023-04-22T14:37:47.624-0400] {dag.py:3437} INFO - Setting next_dagrun for example_subdag_operator.section-2 to None, run_after=None
[2023-04-22T14:37:47.638-0400] {processor.py:175} INFO - Processing /Users/admin/opt/anaconda3/envs/python-airflow-venv/lib/python3.10/site-packages/airflow/example_dags/example_subdag_operator.py took 0.807 seconds
