[2023-04-22T13:00:37.285-0400] {logging_mixin.py:137} WARNING - /Users/admin/opt/anaconda3/envs/python-airflow-venv/lib/python3.10/site-packages/airflow/settings.py:337 DeprecationWarning: The sql_alchemy_pool_enabled option in [core] has been moved to the sql_alchemy_pool_enabled option in [database] - the old setting has been used, but please update your config.
[2023-04-22T13:00:37.290-0400] {logging_mixin.py:137} WARNING - /Users/admin/opt/anaconda3/envs/python-airflow-venv/lib/python3.10/site-packages/airflow/settings.py:400 DeprecationWarning: The sql_engine_encoding option in [core] has been moved to the sql_engine_encoding option in [database] - the old setting has been used, but please update your config.
[2023-04-22T13:00:37.291-0400] {processor.py:153} INFO - Started process (PID=2622) to work on /Users/admin/opt/anaconda3/envs/python-airflow-venv/lib/python3.10/site-packages/airflow/example_dags/example_skip_dag.py
[2023-04-22T13:00:37.291-0400] {processor.py:743} INFO - Processing file /Users/admin/opt/anaconda3/envs/python-airflow-venv/lib/python3.10/site-packages/airflow/example_dags/example_skip_dag.py for tasks to queue
[2023-04-22T13:00:37.292-0400] {logging_mixin.py:137} INFO - [2023-04-22T13:00:37.292-0400] {dagbag.py:538} INFO - Filling up the DagBag from /Users/admin/opt/anaconda3/envs/python-airflow-venv/lib/python3.10/site-packages/airflow/example_dags/example_skip_dag.py
[2023-04-22T13:00:37.360-0400] {processor.py:753} INFO - DAG(s) dict_keys(['example_skip_dag']) retrieved from /Users/admin/opt/anaconda3/envs/python-airflow-venv/lib/python3.10/site-packages/airflow/example_dags/example_skip_dag.py
[2023-04-22T13:00:37.422-0400] {logging_mixin.py:137} WARNING - /Users/admin/opt/anaconda3/envs/python-airflow-venv/lib/python3.10/site-packages/airflow/jobs/scheduler_job.py:124 DeprecationWarning: The processor_poll_interval option in [scheduler] has been renamed to scheduler_idle_sleep_time - the old setting has been used, but please update your config.
[2023-04-22T13:00:38.014-0400] {logging_mixin.py:137} INFO - [2023-04-22T13:00:38.013-0400] {dag.py:2690} INFO - Sync 1 DAGs
[2023-04-22T13:00:38.028-0400] {logging_mixin.py:137} INFO - [2023-04-22T13:00:38.028-0400] {dag.py:3437} INFO - Setting next_dagrun for example_skip_dag to 2023-04-21T17:00:38.028344+00:00, run_after=2023-04-22T17:00:38.028344+00:00
[2023-04-22T13:00:38.046-0400] {processor.py:175} INFO - Processing /Users/admin/opt/anaconda3/envs/python-airflow-venv/lib/python3.10/site-packages/airflow/example_dags/example_skip_dag.py took 0.761 seconds
[2023-04-22T13:02:50.921-0400] {logging_mixin.py:137} WARNING - /Users/admin/opt/anaconda3/envs/python-airflow-venv/lib/python3.10/site-packages/airflow/settings.py:337 DeprecationWarning: The sql_alchemy_pool_enabled option in [core] has been moved to the sql_alchemy_pool_enabled option in [database] - the old setting has been used, but please update your config.
[2023-04-22T13:02:50.928-0400] {logging_mixin.py:137} WARNING - /Users/admin/opt/anaconda3/envs/python-airflow-venv/lib/python3.10/site-packages/airflow/settings.py:400 DeprecationWarning: The sql_engine_encoding option in [core] has been moved to the sql_engine_encoding option in [database] - the old setting has been used, but please update your config.
[2023-04-22T13:02:50.928-0400] {processor.py:153} INFO - Started process (PID=2880) to work on /Users/admin/opt/anaconda3/envs/python-airflow-venv/lib/python3.10/site-packages/airflow/example_dags/example_skip_dag.py
[2023-04-22T13:02:50.929-0400] {processor.py:743} INFO - Processing file /Users/admin/opt/anaconda3/envs/python-airflow-venv/lib/python3.10/site-packages/airflow/example_dags/example_skip_dag.py for tasks to queue
[2023-04-22T13:02:50.929-0400] {logging_mixin.py:137} INFO - [2023-04-22T13:02:50.929-0400] {dagbag.py:538} INFO - Filling up the DagBag from /Users/admin/opt/anaconda3/envs/python-airflow-venv/lib/python3.10/site-packages/airflow/example_dags/example_skip_dag.py
[2023-04-22T13:02:50.982-0400] {processor.py:753} INFO - DAG(s) dict_keys(['example_skip_dag']) retrieved from /Users/admin/opt/anaconda3/envs/python-airflow-venv/lib/python3.10/site-packages/airflow/example_dags/example_skip_dag.py
[2023-04-22T13:02:51.046-0400] {logging_mixin.py:137} WARNING - /Users/admin/opt/anaconda3/envs/python-airflow-venv/lib/python3.10/site-packages/airflow/jobs/scheduler_job.py:124 DeprecationWarning: The processor_poll_interval option in [scheduler] has been renamed to scheduler_idle_sleep_time - the old setting has been used, but please update your config.
[2023-04-22T13:02:51.849-0400] {logging_mixin.py:137} INFO - [2023-04-22T13:02:51.849-0400] {dag.py:2690} INFO - Sync 1 DAGs
[2023-04-22T13:02:51.873-0400] {logging_mixin.py:137} INFO - [2023-04-22T13:02:51.872-0400] {dag.py:3437} INFO - Setting next_dagrun for example_skip_dag to 2023-04-21T17:02:51.872679+00:00, run_after=2023-04-22T17:02:51.872679+00:00
[2023-04-22T13:02:51.898-0400] {processor.py:175} INFO - Processing /Users/admin/opt/anaconda3/envs/python-airflow-venv/lib/python3.10/site-packages/airflow/example_dags/example_skip_dag.py took 0.978 seconds
[2023-04-22T13:05:36.691-0400] {logging_mixin.py:137} WARNING - /Users/admin/opt/anaconda3/envs/python-airflow-venv/lib/python3.10/site-packages/airflow/settings.py:337 DeprecationWarning: The sql_alchemy_pool_enabled option in [core] has been moved to the sql_alchemy_pool_enabled option in [database] - the old setting has been used, but please update your config.
[2023-04-22T13:05:36.698-0400] {logging_mixin.py:137} WARNING - /Users/admin/opt/anaconda3/envs/python-airflow-venv/lib/python3.10/site-packages/airflow/settings.py:400 DeprecationWarning: The sql_engine_encoding option in [core] has been moved to the sql_engine_encoding option in [database] - the old setting has been used, but please update your config.
[2023-04-22T13:05:36.699-0400] {processor.py:153} INFO - Started process (PID=3082) to work on /Users/admin/opt/anaconda3/envs/python-airflow-venv/lib/python3.10/site-packages/airflow/example_dags/example_skip_dag.py
[2023-04-22T13:05:36.699-0400] {processor.py:743} INFO - Processing file /Users/admin/opt/anaconda3/envs/python-airflow-venv/lib/python3.10/site-packages/airflow/example_dags/example_skip_dag.py for tasks to queue
[2023-04-22T13:05:36.699-0400] {logging_mixin.py:137} INFO - [2023-04-22T13:05:36.699-0400] {dagbag.py:538} INFO - Filling up the DagBag from /Users/admin/opt/anaconda3/envs/python-airflow-venv/lib/python3.10/site-packages/airflow/example_dags/example_skip_dag.py
[2023-04-22T13:05:36.749-0400] {processor.py:753} INFO - DAG(s) dict_keys(['example_skip_dag']) retrieved from /Users/admin/opt/anaconda3/envs/python-airflow-venv/lib/python3.10/site-packages/airflow/example_dags/example_skip_dag.py
[2023-04-22T13:05:36.813-0400] {logging_mixin.py:137} WARNING - /Users/admin/opt/anaconda3/envs/python-airflow-venv/lib/python3.10/site-packages/airflow/jobs/scheduler_job.py:124 DeprecationWarning: The processor_poll_interval option in [scheduler] has been renamed to scheduler_idle_sleep_time - the old setting has been used, but please update your config.
[2023-04-22T13:05:37.535-0400] {logging_mixin.py:137} INFO - [2023-04-22T13:05:37.534-0400] {dag.py:2690} INFO - Sync 1 DAGs
[2023-04-22T13:05:37.549-0400] {logging_mixin.py:137} INFO - [2023-04-22T13:05:37.549-0400] {dag.py:3437} INFO - Setting next_dagrun for example_skip_dag to 2023-04-21T17:05:37.549078+00:00, run_after=2023-04-22T17:05:37.549078+00:00
[2023-04-22T13:05:37.569-0400] {processor.py:175} INFO - Processing /Users/admin/opt/anaconda3/envs/python-airflow-venv/lib/python3.10/site-packages/airflow/example_dags/example_skip_dag.py took 0.879 seconds
[2023-04-22T13:07:50.280-0400] {logging_mixin.py:137} WARNING - /Users/admin/opt/anaconda3/envs/python-airflow-venv/lib/python3.10/site-packages/airflow/settings.py:337 DeprecationWarning: The sql_alchemy_pool_enabled option in [core] has been moved to the sql_alchemy_pool_enabled option in [database] - the old setting has been used, but please update your config.
[2023-04-22T13:07:50.286-0400] {logging_mixin.py:137} WARNING - /Users/admin/opt/anaconda3/envs/python-airflow-venv/lib/python3.10/site-packages/airflow/settings.py:400 DeprecationWarning: The sql_engine_encoding option in [core] has been moved to the sql_engine_encoding option in [database] - the old setting has been used, but please update your config.
[2023-04-22T13:07:50.286-0400] {processor.py:153} INFO - Started process (PID=3173) to work on /Users/admin/opt/anaconda3/envs/python-airflow-venv/lib/python3.10/site-packages/airflow/example_dags/example_skip_dag.py
[2023-04-22T13:07:50.287-0400] {processor.py:743} INFO - Processing file /Users/admin/opt/anaconda3/envs/python-airflow-venv/lib/python3.10/site-packages/airflow/example_dags/example_skip_dag.py for tasks to queue
[2023-04-22T13:07:50.287-0400] {logging_mixin.py:137} INFO - [2023-04-22T13:07:50.287-0400] {dagbag.py:538} INFO - Filling up the DagBag from /Users/admin/opt/anaconda3/envs/python-airflow-venv/lib/python3.10/site-packages/airflow/example_dags/example_skip_dag.py
[2023-04-22T13:07:50.333-0400] {processor.py:753} INFO - DAG(s) dict_keys(['example_skip_dag']) retrieved from /Users/admin/opt/anaconda3/envs/python-airflow-venv/lib/python3.10/site-packages/airflow/example_dags/example_skip_dag.py
[2023-04-22T13:07:50.391-0400] {logging_mixin.py:137} WARNING - /Users/admin/opt/anaconda3/envs/python-airflow-venv/lib/python3.10/site-packages/airflow/jobs/scheduler_job.py:124 DeprecationWarning: The processor_poll_interval option in [scheduler] has been renamed to scheduler_idle_sleep_time - the old setting has been used, but please update your config.
[2023-04-22T13:07:50.989-0400] {logging_mixin.py:137} INFO - [2023-04-22T13:07:50.989-0400] {dag.py:2690} INFO - Sync 1 DAGs
[2023-04-22T13:07:51.003-0400] {logging_mixin.py:137} INFO - [2023-04-22T13:07:51.003-0400] {dag.py:3437} INFO - Setting next_dagrun for example_skip_dag to 2023-04-21T17:07:51.003536+00:00, run_after=2023-04-22T17:07:51.003536+00:00
[2023-04-22T13:07:51.024-0400] {processor.py:175} INFO - Processing /Users/admin/opt/anaconda3/envs/python-airflow-venv/lib/python3.10/site-packages/airflow/example_dags/example_skip_dag.py took 0.745 seconds
[2023-04-22T13:09:48.822-0400] {logging_mixin.py:137} WARNING - /Users/admin/opt/anaconda3/envs/python-airflow-venv/lib/python3.10/site-packages/airflow/settings.py:337 DeprecationWarning: The sql_alchemy_pool_enabled option in [core] has been moved to the sql_alchemy_pool_enabled option in [database] - the old setting has been used, but please update your config.
[2023-04-22T13:09:48.827-0400] {logging_mixin.py:137} WARNING - /Users/admin/opt/anaconda3/envs/python-airflow-venv/lib/python3.10/site-packages/airflow/settings.py:400 DeprecationWarning: The sql_engine_encoding option in [core] has been moved to the sql_engine_encoding option in [database] - the old setting has been used, but please update your config.
[2023-04-22T13:09:48.828-0400] {processor.py:153} INFO - Started process (PID=3235) to work on /Users/admin/opt/anaconda3/envs/python-airflow-venv/lib/python3.10/site-packages/airflow/example_dags/example_skip_dag.py
[2023-04-22T13:09:48.828-0400] {processor.py:743} INFO - Processing file /Users/admin/opt/anaconda3/envs/python-airflow-venv/lib/python3.10/site-packages/airflow/example_dags/example_skip_dag.py for tasks to queue
[2023-04-22T13:09:48.828-0400] {logging_mixin.py:137} INFO - [2023-04-22T13:09:48.828-0400] {dagbag.py:538} INFO - Filling up the DagBag from /Users/admin/opt/anaconda3/envs/python-airflow-venv/lib/python3.10/site-packages/airflow/example_dags/example_skip_dag.py
[2023-04-22T13:09:48.879-0400] {processor.py:753} INFO - DAG(s) dict_keys(['example_skip_dag']) retrieved from /Users/admin/opt/anaconda3/envs/python-airflow-venv/lib/python3.10/site-packages/airflow/example_dags/example_skip_dag.py
[2023-04-22T13:09:48.934-0400] {logging_mixin.py:137} WARNING - /Users/admin/opt/anaconda3/envs/python-airflow-venv/lib/python3.10/site-packages/airflow/jobs/scheduler_job.py:124 DeprecationWarning: The processor_poll_interval option in [scheduler] has been renamed to scheduler_idle_sleep_time - the old setting has been used, but please update your config.
[2023-04-22T13:09:49.611-0400] {logging_mixin.py:137} INFO - [2023-04-22T13:09:49.611-0400] {dag.py:2690} INFO - Sync 1 DAGs
[2023-04-22T13:09:49.625-0400] {logging_mixin.py:137} INFO - [2023-04-22T13:09:49.625-0400] {dag.py:3437} INFO - Setting next_dagrun for example_skip_dag to 2023-04-21T17:09:49.625376+00:00, run_after=2023-04-22T17:09:49.625376+00:00
[2023-04-22T13:09:49.639-0400] {processor.py:175} INFO - Processing /Users/admin/opt/anaconda3/envs/python-airflow-venv/lib/python3.10/site-packages/airflow/example_dags/example_skip_dag.py took 0.819 seconds
[2023-04-22T13:11:49.101-0400] {logging_mixin.py:137} WARNING - /Users/admin/opt/anaconda3/envs/python-airflow-venv/lib/python3.10/site-packages/airflow/settings.py:337 DeprecationWarning: The sql_alchemy_pool_enabled option in [core] has been moved to the sql_alchemy_pool_enabled option in [database] - the old setting has been used, but please update your config.
[2023-04-22T13:11:49.105-0400] {logging_mixin.py:137} WARNING - /Users/admin/opt/anaconda3/envs/python-airflow-venv/lib/python3.10/site-packages/airflow/settings.py:400 DeprecationWarning: The sql_engine_encoding option in [core] has been moved to the sql_engine_encoding option in [database] - the old setting has been used, but please update your config.
[2023-04-22T13:11:49.106-0400] {processor.py:153} INFO - Started process (PID=3290) to work on /Users/admin/opt/anaconda3/envs/python-airflow-venv/lib/python3.10/site-packages/airflow/example_dags/example_skip_dag.py
[2023-04-22T13:11:49.106-0400] {processor.py:743} INFO - Processing file /Users/admin/opt/anaconda3/envs/python-airflow-venv/lib/python3.10/site-packages/airflow/example_dags/example_skip_dag.py for tasks to queue
[2023-04-22T13:11:49.106-0400] {logging_mixin.py:137} INFO - [2023-04-22T13:11:49.106-0400] {dagbag.py:538} INFO - Filling up the DagBag from /Users/admin/opt/anaconda3/envs/python-airflow-venv/lib/python3.10/site-packages/airflow/example_dags/example_skip_dag.py
[2023-04-22T13:11:49.154-0400] {processor.py:753} INFO - DAG(s) dict_keys(['example_skip_dag']) retrieved from /Users/admin/opt/anaconda3/envs/python-airflow-venv/lib/python3.10/site-packages/airflow/example_dags/example_skip_dag.py
[2023-04-22T13:11:49.207-0400] {logging_mixin.py:137} WARNING - /Users/admin/opt/anaconda3/envs/python-airflow-venv/lib/python3.10/site-packages/airflow/jobs/scheduler_job.py:124 DeprecationWarning: The processor_poll_interval option in [scheduler] has been renamed to scheduler_idle_sleep_time - the old setting has been used, but please update your config.
[2023-04-22T13:11:49.782-0400] {logging_mixin.py:137} INFO - [2023-04-22T13:11:49.781-0400] {dag.py:2690} INFO - Sync 1 DAGs
[2023-04-22T13:11:49.796-0400] {logging_mixin.py:137} INFO - [2023-04-22T13:11:49.795-0400] {dag.py:3437} INFO - Setting next_dagrun for example_skip_dag to 2023-04-21T17:11:49.795795+00:00, run_after=2023-04-22T17:11:49.795795+00:00
[2023-04-22T13:11:49.812-0400] {processor.py:175} INFO - Processing /Users/admin/opt/anaconda3/envs/python-airflow-venv/lib/python3.10/site-packages/airflow/example_dags/example_skip_dag.py took 0.712 seconds
[2023-04-22T13:13:45.807-0400] {logging_mixin.py:137} WARNING - /Users/admin/opt/anaconda3/envs/python-airflow-venv/lib/python3.10/site-packages/airflow/settings.py:337 DeprecationWarning: The sql_alchemy_pool_enabled option in [core] has been moved to the sql_alchemy_pool_enabled option in [database] - the old setting has been used, but please update your config.
[2023-04-22T13:13:45.811-0400] {logging_mixin.py:137} WARNING - /Users/admin/opt/anaconda3/envs/python-airflow-venv/lib/python3.10/site-packages/airflow/settings.py:400 DeprecationWarning: The sql_engine_encoding option in [core] has been moved to the sql_engine_encoding option in [database] - the old setting has been used, but please update your config.
[2023-04-22T13:13:45.812-0400] {processor.py:153} INFO - Started process (PID=3344) to work on /Users/admin/opt/anaconda3/envs/python-airflow-venv/lib/python3.10/site-packages/airflow/example_dags/example_skip_dag.py
[2023-04-22T13:13:45.812-0400] {processor.py:743} INFO - Processing file /Users/admin/opt/anaconda3/envs/python-airflow-venv/lib/python3.10/site-packages/airflow/example_dags/example_skip_dag.py for tasks to queue
[2023-04-22T13:13:45.813-0400] {logging_mixin.py:137} INFO - [2023-04-22T13:13:45.813-0400] {dagbag.py:538} INFO - Filling up the DagBag from /Users/admin/opt/anaconda3/envs/python-airflow-venv/lib/python3.10/site-packages/airflow/example_dags/example_skip_dag.py
[2023-04-22T13:13:45.862-0400] {processor.py:753} INFO - DAG(s) dict_keys(['example_skip_dag']) retrieved from /Users/admin/opt/anaconda3/envs/python-airflow-venv/lib/python3.10/site-packages/airflow/example_dags/example_skip_dag.py
[2023-04-22T13:13:45.915-0400] {logging_mixin.py:137} WARNING - /Users/admin/opt/anaconda3/envs/python-airflow-venv/lib/python3.10/site-packages/airflow/jobs/scheduler_job.py:124 DeprecationWarning: The processor_poll_interval option in [scheduler] has been renamed to scheduler_idle_sleep_time - the old setting has been used, but please update your config.
[2023-04-22T13:13:46.486-0400] {logging_mixin.py:137} INFO - [2023-04-22T13:13:46.486-0400] {dag.py:2690} INFO - Sync 1 DAGs
[2023-04-22T13:13:46.500-0400] {logging_mixin.py:137} INFO - [2023-04-22T13:13:46.500-0400] {dag.py:3437} INFO - Setting next_dagrun for example_skip_dag to 2023-04-21T17:13:46.500682+00:00, run_after=2023-04-22T17:13:46.500682+00:00
[2023-04-22T13:13:46.517-0400] {processor.py:175} INFO - Processing /Users/admin/opt/anaconda3/envs/python-airflow-venv/lib/python3.10/site-packages/airflow/example_dags/example_skip_dag.py took 0.711 seconds
[2023-04-22T13:15:42.546-0400] {logging_mixin.py:137} WARNING - /Users/admin/opt/anaconda3/envs/python-airflow-venv/lib/python3.10/site-packages/airflow/settings.py:337 DeprecationWarning: The sql_alchemy_pool_enabled option in [core] has been moved to the sql_alchemy_pool_enabled option in [database] - the old setting has been used, but please update your config.
[2023-04-22T13:15:42.550-0400] {logging_mixin.py:137} WARNING - /Users/admin/opt/anaconda3/envs/python-airflow-venv/lib/python3.10/site-packages/airflow/settings.py:400 DeprecationWarning: The sql_engine_encoding option in [core] has been moved to the sql_engine_encoding option in [database] - the old setting has been used, but please update your config.
[2023-04-22T13:15:42.551-0400] {processor.py:153} INFO - Started process (PID=3397) to work on /Users/admin/opt/anaconda3/envs/python-airflow-venv/lib/python3.10/site-packages/airflow/example_dags/example_skip_dag.py
[2023-04-22T13:15:42.551-0400] {processor.py:743} INFO - Processing file /Users/admin/opt/anaconda3/envs/python-airflow-venv/lib/python3.10/site-packages/airflow/example_dags/example_skip_dag.py for tasks to queue
[2023-04-22T13:15:42.551-0400] {logging_mixin.py:137} INFO - [2023-04-22T13:15:42.551-0400] {dagbag.py:538} INFO - Filling up the DagBag from /Users/admin/opt/anaconda3/envs/python-airflow-venv/lib/python3.10/site-packages/airflow/example_dags/example_skip_dag.py
[2023-04-22T13:15:42.597-0400] {processor.py:753} INFO - DAG(s) dict_keys(['example_skip_dag']) retrieved from /Users/admin/opt/anaconda3/envs/python-airflow-venv/lib/python3.10/site-packages/airflow/example_dags/example_skip_dag.py
[2023-04-22T13:15:42.650-0400] {logging_mixin.py:137} WARNING - /Users/admin/opt/anaconda3/envs/python-airflow-venv/lib/python3.10/site-packages/airflow/jobs/scheduler_job.py:124 DeprecationWarning: The processor_poll_interval option in [scheduler] has been renamed to scheduler_idle_sleep_time - the old setting has been used, but please update your config.
[2023-04-22T13:15:43.220-0400] {logging_mixin.py:137} INFO - [2023-04-22T13:15:43.220-0400] {dag.py:2690} INFO - Sync 1 DAGs
[2023-04-22T13:15:43.234-0400] {logging_mixin.py:137} INFO - [2023-04-22T13:15:43.234-0400] {dag.py:3437} INFO - Setting next_dagrun for example_skip_dag to 2023-04-21T17:15:43.233904+00:00, run_after=2023-04-22T17:15:43.233904+00:00
[2023-04-22T13:15:43.254-0400] {processor.py:175} INFO - Processing /Users/admin/opt/anaconda3/envs/python-airflow-venv/lib/python3.10/site-packages/airflow/example_dags/example_skip_dag.py took 0.710 seconds
[2023-04-22T13:17:39.356-0400] {logging_mixin.py:137} WARNING - /Users/admin/opt/anaconda3/envs/python-airflow-venv/lib/python3.10/site-packages/airflow/settings.py:337 DeprecationWarning: The sql_alchemy_pool_enabled option in [core] has been moved to the sql_alchemy_pool_enabled option in [database] - the old setting has been used, but please update your config.
[2023-04-22T13:17:39.361-0400] {logging_mixin.py:137} WARNING - /Users/admin/opt/anaconda3/envs/python-airflow-venv/lib/python3.10/site-packages/airflow/settings.py:400 DeprecationWarning: The sql_engine_encoding option in [core] has been moved to the sql_engine_encoding option in [database] - the old setting has been used, but please update your config.
[2023-04-22T13:17:39.362-0400] {processor.py:153} INFO - Started process (PID=3451) to work on /Users/admin/opt/anaconda3/envs/python-airflow-venv/lib/python3.10/site-packages/airflow/example_dags/example_skip_dag.py
[2023-04-22T13:17:39.362-0400] {processor.py:743} INFO - Processing file /Users/admin/opt/anaconda3/envs/python-airflow-venv/lib/python3.10/site-packages/airflow/example_dags/example_skip_dag.py for tasks to queue
[2023-04-22T13:17:39.362-0400] {logging_mixin.py:137} INFO - [2023-04-22T13:17:39.362-0400] {dagbag.py:538} INFO - Filling up the DagBag from /Users/admin/opt/anaconda3/envs/python-airflow-venv/lib/python3.10/site-packages/airflow/example_dags/example_skip_dag.py
[2023-04-22T13:17:39.425-0400] {processor.py:753} INFO - DAG(s) dict_keys(['example_skip_dag']) retrieved from /Users/admin/opt/anaconda3/envs/python-airflow-venv/lib/python3.10/site-packages/airflow/example_dags/example_skip_dag.py
[2023-04-22T13:17:39.486-0400] {logging_mixin.py:137} WARNING - /Users/admin/opt/anaconda3/envs/python-airflow-venv/lib/python3.10/site-packages/airflow/jobs/scheduler_job.py:124 DeprecationWarning: The processor_poll_interval option in [scheduler] has been renamed to scheduler_idle_sleep_time - the old setting has been used, but please update your config.
[2023-04-22T13:17:40.141-0400] {logging_mixin.py:137} INFO - [2023-04-22T13:17:40.141-0400] {dag.py:2690} INFO - Sync 1 DAGs
[2023-04-22T13:17:40.158-0400] {logging_mixin.py:137} INFO - [2023-04-22T13:17:40.158-0400] {dag.py:3437} INFO - Setting next_dagrun for example_skip_dag to 2023-04-21T17:17:40.157938+00:00, run_after=2023-04-22T17:17:40.157938+00:00
[2023-04-22T13:17:40.174-0400] {processor.py:175} INFO - Processing /Users/admin/opt/anaconda3/envs/python-airflow-venv/lib/python3.10/site-packages/airflow/example_dags/example_skip_dag.py took 0.820 seconds
[2023-04-22T13:19:36.194-0400] {logging_mixin.py:137} WARNING - /Users/admin/opt/anaconda3/envs/python-airflow-venv/lib/python3.10/site-packages/airflow/settings.py:337 DeprecationWarning: The sql_alchemy_pool_enabled option in [core] has been moved to the sql_alchemy_pool_enabled option in [database] - the old setting has been used, but please update your config.
[2023-04-22T13:19:36.199-0400] {logging_mixin.py:137} WARNING - /Users/admin/opt/anaconda3/envs/python-airflow-venv/lib/python3.10/site-packages/airflow/settings.py:400 DeprecationWarning: The sql_engine_encoding option in [core] has been moved to the sql_engine_encoding option in [database] - the old setting has been used, but please update your config.
[2023-04-22T13:19:36.199-0400] {processor.py:153} INFO - Started process (PID=3502) to work on /Users/admin/opt/anaconda3/envs/python-airflow-venv/lib/python3.10/site-packages/airflow/example_dags/example_skip_dag.py
[2023-04-22T13:19:36.200-0400] {processor.py:743} INFO - Processing file /Users/admin/opt/anaconda3/envs/python-airflow-venv/lib/python3.10/site-packages/airflow/example_dags/example_skip_dag.py for tasks to queue
[2023-04-22T13:19:36.200-0400] {logging_mixin.py:137} INFO - [2023-04-22T13:19:36.200-0400] {dagbag.py:538} INFO - Filling up the DagBag from /Users/admin/opt/anaconda3/envs/python-airflow-venv/lib/python3.10/site-packages/airflow/example_dags/example_skip_dag.py
[2023-04-22T13:19:36.244-0400] {processor.py:753} INFO - DAG(s) dict_keys(['example_skip_dag']) retrieved from /Users/admin/opt/anaconda3/envs/python-airflow-venv/lib/python3.10/site-packages/airflow/example_dags/example_skip_dag.py
[2023-04-22T13:19:36.297-0400] {logging_mixin.py:137} WARNING - /Users/admin/opt/anaconda3/envs/python-airflow-venv/lib/python3.10/site-packages/airflow/jobs/scheduler_job.py:124 DeprecationWarning: The processor_poll_interval option in [scheduler] has been renamed to scheduler_idle_sleep_time - the old setting has been used, but please update your config.
[2023-04-22T13:19:36.868-0400] {logging_mixin.py:137} INFO - [2023-04-22T13:19:36.868-0400] {dag.py:2690} INFO - Sync 1 DAGs
[2023-04-22T13:19:36.882-0400] {logging_mixin.py:137} INFO - [2023-04-22T13:19:36.882-0400] {dag.py:3437} INFO - Setting next_dagrun for example_skip_dag to 2023-04-21T17:19:36.882173+00:00, run_after=2023-04-22T17:19:36.882173+00:00
[2023-04-22T13:19:36.902-0400] {processor.py:175} INFO - Processing /Users/admin/opt/anaconda3/envs/python-airflow-venv/lib/python3.10/site-packages/airflow/example_dags/example_skip_dag.py took 0.709 seconds
[2023-04-22T13:21:32.860-0400] {logging_mixin.py:137} WARNING - /Users/admin/opt/anaconda3/envs/python-airflow-venv/lib/python3.10/site-packages/airflow/settings.py:337 DeprecationWarning: The sql_alchemy_pool_enabled option in [core] has been moved to the sql_alchemy_pool_enabled option in [database] - the old setting has been used, but please update your config.
[2023-04-22T13:21:32.864-0400] {logging_mixin.py:137} WARNING - /Users/admin/opt/anaconda3/envs/python-airflow-venv/lib/python3.10/site-packages/airflow/settings.py:400 DeprecationWarning: The sql_engine_encoding option in [core] has been moved to the sql_engine_encoding option in [database] - the old setting has been used, but please update your config.
[2023-04-22T13:21:32.865-0400] {processor.py:153} INFO - Started process (PID=3560) to work on /Users/admin/opt/anaconda3/envs/python-airflow-venv/lib/python3.10/site-packages/airflow/example_dags/example_skip_dag.py
[2023-04-22T13:21:32.865-0400] {processor.py:743} INFO - Processing file /Users/admin/opt/anaconda3/envs/python-airflow-venv/lib/python3.10/site-packages/airflow/example_dags/example_skip_dag.py for tasks to queue
[2023-04-22T13:21:32.865-0400] {logging_mixin.py:137} INFO - [2023-04-22T13:21:32.865-0400] {dagbag.py:538} INFO - Filling up the DagBag from /Users/admin/opt/anaconda3/envs/python-airflow-venv/lib/python3.10/site-packages/airflow/example_dags/example_skip_dag.py
[2023-04-22T13:21:32.912-0400] {processor.py:753} INFO - DAG(s) dict_keys(['example_skip_dag']) retrieved from /Users/admin/opt/anaconda3/envs/python-airflow-venv/lib/python3.10/site-packages/airflow/example_dags/example_skip_dag.py
[2023-04-22T13:21:32.965-0400] {logging_mixin.py:137} WARNING - /Users/admin/opt/anaconda3/envs/python-airflow-venv/lib/python3.10/site-packages/airflow/jobs/scheduler_job.py:124 DeprecationWarning: The processor_poll_interval option in [scheduler] has been renamed to scheduler_idle_sleep_time - the old setting has been used, but please update your config.
[2023-04-22T13:21:33.537-0400] {logging_mixin.py:137} INFO - [2023-04-22T13:21:33.536-0400] {dag.py:2690} INFO - Sync 1 DAGs
[2023-04-22T13:21:33.551-0400] {logging_mixin.py:137} INFO - [2023-04-22T13:21:33.550-0400] {dag.py:3437} INFO - Setting next_dagrun for example_skip_dag to 2023-04-21T17:21:33.550849+00:00, run_after=2023-04-22T17:21:33.550849+00:00
[2023-04-22T13:21:33.570-0400] {processor.py:175} INFO - Processing /Users/admin/opt/anaconda3/envs/python-airflow-venv/lib/python3.10/site-packages/airflow/example_dags/example_skip_dag.py took 0.712 seconds
[2023-04-22T13:23:29.512-0400] {logging_mixin.py:137} WARNING - /Users/admin/opt/anaconda3/envs/python-airflow-venv/lib/python3.10/site-packages/airflow/settings.py:337 DeprecationWarning: The sql_alchemy_pool_enabled option in [core] has been moved to the sql_alchemy_pool_enabled option in [database] - the old setting has been used, but please update your config.
[2023-04-22T13:23:29.516-0400] {logging_mixin.py:137} WARNING - /Users/admin/opt/anaconda3/envs/python-airflow-venv/lib/python3.10/site-packages/airflow/settings.py:400 DeprecationWarning: The sql_engine_encoding option in [core] has been moved to the sql_engine_encoding option in [database] - the old setting has been used, but please update your config.
[2023-04-22T13:23:29.517-0400] {processor.py:153} INFO - Started process (PID=3613) to work on /Users/admin/opt/anaconda3/envs/python-airflow-venv/lib/python3.10/site-packages/airflow/example_dags/example_skip_dag.py
[2023-04-22T13:23:29.517-0400] {processor.py:743} INFO - Processing file /Users/admin/opt/anaconda3/envs/python-airflow-venv/lib/python3.10/site-packages/airflow/example_dags/example_skip_dag.py for tasks to queue
[2023-04-22T13:23:29.517-0400] {logging_mixin.py:137} INFO - [2023-04-22T13:23:29.517-0400] {dagbag.py:538} INFO - Filling up the DagBag from /Users/admin/opt/anaconda3/envs/python-airflow-venv/lib/python3.10/site-packages/airflow/example_dags/example_skip_dag.py
[2023-04-22T13:23:29.563-0400] {processor.py:753} INFO - DAG(s) dict_keys(['example_skip_dag']) retrieved from /Users/admin/opt/anaconda3/envs/python-airflow-venv/lib/python3.10/site-packages/airflow/example_dags/example_skip_dag.py
[2023-04-22T13:23:29.617-0400] {logging_mixin.py:137} WARNING - /Users/admin/opt/anaconda3/envs/python-airflow-venv/lib/python3.10/site-packages/airflow/jobs/scheduler_job.py:124 DeprecationWarning: The processor_poll_interval option in [scheduler] has been renamed to scheduler_idle_sleep_time - the old setting has been used, but please update your config.
[2023-04-22T13:23:30.189-0400] {logging_mixin.py:137} INFO - [2023-04-22T13:23:30.189-0400] {dag.py:2690} INFO - Sync 1 DAGs
[2023-04-22T13:23:30.203-0400] {logging_mixin.py:137} INFO - [2023-04-22T13:23:30.203-0400] {dag.py:3437} INFO - Setting next_dagrun for example_skip_dag to 2023-04-21T17:23:30.203299+00:00, run_after=2023-04-22T17:23:30.203299+00:00
[2023-04-22T13:23:30.224-0400] {processor.py:175} INFO - Processing /Users/admin/opt/anaconda3/envs/python-airflow-venv/lib/python3.10/site-packages/airflow/example_dags/example_skip_dag.py took 0.713 seconds
[2023-04-22T13:25:26.459-0400] {logging_mixin.py:137} WARNING - /Users/admin/opt/anaconda3/envs/python-airflow-venv/lib/python3.10/site-packages/airflow/settings.py:337 DeprecationWarning: The sql_alchemy_pool_enabled option in [core] has been moved to the sql_alchemy_pool_enabled option in [database] - the old setting has been used, but please update your config.
[2023-04-22T13:25:26.463-0400] {logging_mixin.py:137} WARNING - /Users/admin/opt/anaconda3/envs/python-airflow-venv/lib/python3.10/site-packages/airflow/settings.py:400 DeprecationWarning: The sql_engine_encoding option in [core] has been moved to the sql_engine_encoding option in [database] - the old setting has been used, but please update your config.
[2023-04-22T13:25:26.463-0400] {processor.py:153} INFO - Started process (PID=3666) to work on /Users/admin/opt/anaconda3/envs/python-airflow-venv/lib/python3.10/site-packages/airflow/example_dags/example_skip_dag.py
[2023-04-22T13:25:26.464-0400] {processor.py:743} INFO - Processing file /Users/admin/opt/anaconda3/envs/python-airflow-venv/lib/python3.10/site-packages/airflow/example_dags/example_skip_dag.py for tasks to queue
[2023-04-22T13:25:26.464-0400] {logging_mixin.py:137} INFO - [2023-04-22T13:25:26.464-0400] {dagbag.py:538} INFO - Filling up the DagBag from /Users/admin/opt/anaconda3/envs/python-airflow-venv/lib/python3.10/site-packages/airflow/example_dags/example_skip_dag.py
[2023-04-22T13:25:26.514-0400] {processor.py:753} INFO - DAG(s) dict_keys(['example_skip_dag']) retrieved from /Users/admin/opt/anaconda3/envs/python-airflow-venv/lib/python3.10/site-packages/airflow/example_dags/example_skip_dag.py
[2023-04-22T13:25:26.568-0400] {logging_mixin.py:137} WARNING - /Users/admin/opt/anaconda3/envs/python-airflow-venv/lib/python3.10/site-packages/airflow/jobs/scheduler_job.py:124 DeprecationWarning: The processor_poll_interval option in [scheduler] has been renamed to scheduler_idle_sleep_time - the old setting has been used, but please update your config.
[2023-04-22T13:25:27.141-0400] {logging_mixin.py:137} INFO - [2023-04-22T13:25:27.141-0400] {dag.py:2690} INFO - Sync 1 DAGs
[2023-04-22T13:25:27.155-0400] {logging_mixin.py:137} INFO - [2023-04-22T13:25:27.155-0400] {dag.py:3437} INFO - Setting next_dagrun for example_skip_dag to 2023-04-21T17:25:27.155229+00:00, run_after=2023-04-22T17:25:27.155229+00:00
[2023-04-22T13:25:27.172-0400] {processor.py:175} INFO - Processing /Users/admin/opt/anaconda3/envs/python-airflow-venv/lib/python3.10/site-packages/airflow/example_dags/example_skip_dag.py took 0.714 seconds
[2023-04-22T14:28:03.064-0400] {logging_mixin.py:137} WARNING - /Users/admin/opt/anaconda3/envs/python-airflow-venv/lib/python3.10/site-packages/airflow/settings.py:337 DeprecationWarning: The sql_alchemy_pool_enabled option in [core] has been moved to the sql_alchemy_pool_enabled option in [database] - the old setting has been used, but please update your config.
[2023-04-22T14:28:03.068-0400] {logging_mixin.py:137} WARNING - /Users/admin/opt/anaconda3/envs/python-airflow-venv/lib/python3.10/site-packages/airflow/settings.py:400 DeprecationWarning: The sql_engine_encoding option in [core] has been moved to the sql_engine_encoding option in [database] - the old setting has been used, but please update your config.
[2023-04-22T14:28:03.069-0400] {processor.py:153} INFO - Started process (PID=3745) to work on /Users/admin/opt/anaconda3/envs/python-airflow-venv/lib/python3.10/site-packages/airflow/example_dags/example_skip_dag.py
[2023-04-22T14:28:03.069-0400] {processor.py:743} INFO - Processing file /Users/admin/opt/anaconda3/envs/python-airflow-venv/lib/python3.10/site-packages/airflow/example_dags/example_skip_dag.py for tasks to queue
[2023-04-22T14:28:03.069-0400] {logging_mixin.py:137} INFO - [2023-04-22T14:28:03.069-0400] {dagbag.py:538} INFO - Filling up the DagBag from /Users/admin/opt/anaconda3/envs/python-airflow-venv/lib/python3.10/site-packages/airflow/example_dags/example_skip_dag.py
[2023-04-22T14:28:03.114-0400] {processor.py:753} INFO - DAG(s) dict_keys(['example_skip_dag']) retrieved from /Users/admin/opt/anaconda3/envs/python-airflow-venv/lib/python3.10/site-packages/airflow/example_dags/example_skip_dag.py
[2023-04-22T14:28:03.168-0400] {logging_mixin.py:137} WARNING - /Users/admin/opt/anaconda3/envs/python-airflow-venv/lib/python3.10/site-packages/airflow/jobs/scheduler_job.py:124 DeprecationWarning: The processor_poll_interval option in [scheduler] has been renamed to scheduler_idle_sleep_time - the old setting has been used, but please update your config.
[2023-04-22T14:28:03.740-0400] {logging_mixin.py:137} INFO - [2023-04-22T14:28:03.740-0400] {dag.py:2690} INFO - Sync 1 DAGs
[2023-04-22T14:28:03.754-0400] {logging_mixin.py:137} INFO - [2023-04-22T14:28:03.754-0400] {dag.py:3437} INFO - Setting next_dagrun for example_skip_dag to 2023-04-21T18:28:03.754311+00:00, run_after=2023-04-22T18:28:03.754311+00:00
[2023-04-22T14:28:03.771-0400] {processor.py:175} INFO - Processing /Users/admin/opt/anaconda3/envs/python-airflow-venv/lib/python3.10/site-packages/airflow/example_dags/example_skip_dag.py took 0.708 seconds
[2023-04-22T14:30:02.382-0400] {logging_mixin.py:137} WARNING - /Users/admin/opt/anaconda3/envs/python-airflow-venv/lib/python3.10/site-packages/airflow/settings.py:337 DeprecationWarning: The sql_alchemy_pool_enabled option in [core] has been moved to the sql_alchemy_pool_enabled option in [database] - the old setting has been used, but please update your config.
[2023-04-22T14:30:02.387-0400] {logging_mixin.py:137} WARNING - /Users/admin/opt/anaconda3/envs/python-airflow-venv/lib/python3.10/site-packages/airflow/settings.py:400 DeprecationWarning: The sql_engine_encoding option in [core] has been moved to the sql_engine_encoding option in [database] - the old setting has been used, but please update your config.
[2023-04-22T14:30:02.387-0400] {processor.py:153} INFO - Started process (PID=3810) to work on /Users/admin/opt/anaconda3/envs/python-airflow-venv/lib/python3.10/site-packages/airflow/example_dags/example_skip_dag.py
[2023-04-22T14:30:02.387-0400] {processor.py:743} INFO - Processing file /Users/admin/opt/anaconda3/envs/python-airflow-venv/lib/python3.10/site-packages/airflow/example_dags/example_skip_dag.py for tasks to queue
[2023-04-22T14:30:02.388-0400] {logging_mixin.py:137} INFO - [2023-04-22T14:30:02.388-0400] {dagbag.py:538} INFO - Filling up the DagBag from /Users/admin/opt/anaconda3/envs/python-airflow-venv/lib/python3.10/site-packages/airflow/example_dags/example_skip_dag.py
[2023-04-22T14:30:02.432-0400] {processor.py:753} INFO - DAG(s) dict_keys(['example_skip_dag']) retrieved from /Users/admin/opt/anaconda3/envs/python-airflow-venv/lib/python3.10/site-packages/airflow/example_dags/example_skip_dag.py
[2023-04-22T14:30:02.485-0400] {logging_mixin.py:137} WARNING - /Users/admin/opt/anaconda3/envs/python-airflow-venv/lib/python3.10/site-packages/airflow/jobs/scheduler_job.py:124 DeprecationWarning: The processor_poll_interval option in [scheduler] has been renamed to scheduler_idle_sleep_time - the old setting has been used, but please update your config.
[2023-04-22T14:30:03.058-0400] {logging_mixin.py:137} INFO - [2023-04-22T14:30:03.058-0400] {dag.py:2690} INFO - Sync 1 DAGs
[2023-04-22T14:30:03.072-0400] {logging_mixin.py:137} INFO - [2023-04-22T14:30:03.072-0400] {dag.py:3437} INFO - Setting next_dagrun for example_skip_dag to 2023-04-21T18:30:03.071954+00:00, run_after=2023-04-22T18:30:03.071954+00:00
[2023-04-22T14:30:03.093-0400] {processor.py:175} INFO - Processing /Users/admin/opt/anaconda3/envs/python-airflow-venv/lib/python3.10/site-packages/airflow/example_dags/example_skip_dag.py took 0.711 seconds
[2023-04-22T14:31:58.591-0400] {logging_mixin.py:137} WARNING - /Users/admin/opt/anaconda3/envs/python-airflow-venv/lib/python3.10/site-packages/airflow/settings.py:337 DeprecationWarning: The sql_alchemy_pool_enabled option in [core] has been moved to the sql_alchemy_pool_enabled option in [database] - the old setting has been used, but please update your config.
[2023-04-22T14:31:58.595-0400] {logging_mixin.py:137} WARNING - /Users/admin/opt/anaconda3/envs/python-airflow-venv/lib/python3.10/site-packages/airflow/settings.py:400 DeprecationWarning: The sql_engine_encoding option in [core] has been moved to the sql_engine_encoding option in [database] - the old setting has been used, but please update your config.
[2023-04-22T14:31:58.596-0400] {processor.py:153} INFO - Started process (PID=3865) to work on /Users/admin/opt/anaconda3/envs/python-airflow-venv/lib/python3.10/site-packages/airflow/example_dags/example_skip_dag.py
[2023-04-22T14:31:58.596-0400] {processor.py:743} INFO - Processing file /Users/admin/opt/anaconda3/envs/python-airflow-venv/lib/python3.10/site-packages/airflow/example_dags/example_skip_dag.py for tasks to queue
[2023-04-22T14:31:58.596-0400] {logging_mixin.py:137} INFO - [2023-04-22T14:31:58.596-0400] {dagbag.py:538} INFO - Filling up the DagBag from /Users/admin/opt/anaconda3/envs/python-airflow-venv/lib/python3.10/site-packages/airflow/example_dags/example_skip_dag.py
[2023-04-22T14:31:58.642-0400] {processor.py:753} INFO - DAG(s) dict_keys(['example_skip_dag']) retrieved from /Users/admin/opt/anaconda3/envs/python-airflow-venv/lib/python3.10/site-packages/airflow/example_dags/example_skip_dag.py
[2023-04-22T14:31:58.696-0400] {logging_mixin.py:137} WARNING - /Users/admin/opt/anaconda3/envs/python-airflow-venv/lib/python3.10/site-packages/airflow/jobs/scheduler_job.py:124 DeprecationWarning: The processor_poll_interval option in [scheduler] has been renamed to scheduler_idle_sleep_time - the old setting has been used, but please update your config.
[2023-04-22T14:31:59.273-0400] {logging_mixin.py:137} INFO - [2023-04-22T14:31:59.273-0400] {dag.py:2690} INFO - Sync 1 DAGs
[2023-04-22T14:31:59.287-0400] {logging_mixin.py:137} INFO - [2023-04-22T14:31:59.287-0400] {dag.py:3437} INFO - Setting next_dagrun for example_skip_dag to 2023-04-21T18:31:59.287378+00:00, run_after=2023-04-22T18:31:59.287378+00:00
[2023-04-22T14:31:59.304-0400] {processor.py:175} INFO - Processing /Users/admin/opt/anaconda3/envs/python-airflow-venv/lib/python3.10/site-packages/airflow/example_dags/example_skip_dag.py took 0.714 seconds
[2023-04-22T14:33:57.756-0400] {logging_mixin.py:137} WARNING - /Users/admin/opt/anaconda3/envs/python-airflow-venv/lib/python3.10/site-packages/airflow/settings.py:337 DeprecationWarning: The sql_alchemy_pool_enabled option in [core] has been moved to the sql_alchemy_pool_enabled option in [database] - the old setting has been used, but please update your config.
[2023-04-22T14:33:57.760-0400] {logging_mixin.py:137} WARNING - /Users/admin/opt/anaconda3/envs/python-airflow-venv/lib/python3.10/site-packages/airflow/settings.py:400 DeprecationWarning: The sql_engine_encoding option in [core] has been moved to the sql_engine_encoding option in [database] - the old setting has been used, but please update your config.
[2023-04-22T14:33:57.761-0400] {processor.py:153} INFO - Started process (PID=3971) to work on /Users/admin/opt/anaconda3/envs/python-airflow-venv/lib/python3.10/site-packages/airflow/example_dags/example_skip_dag.py
[2023-04-22T14:33:57.761-0400] {processor.py:743} INFO - Processing file /Users/admin/opt/anaconda3/envs/python-airflow-venv/lib/python3.10/site-packages/airflow/example_dags/example_skip_dag.py for tasks to queue
[2023-04-22T14:33:57.761-0400] {logging_mixin.py:137} INFO - [2023-04-22T14:33:57.761-0400] {dagbag.py:538} INFO - Filling up the DagBag from /Users/admin/opt/anaconda3/envs/python-airflow-venv/lib/python3.10/site-packages/airflow/example_dags/example_skip_dag.py
[2023-04-22T14:33:57.809-0400] {processor.py:753} INFO - DAG(s) dict_keys(['example_skip_dag']) retrieved from /Users/admin/opt/anaconda3/envs/python-airflow-venv/lib/python3.10/site-packages/airflow/example_dags/example_skip_dag.py
[2023-04-22T14:33:57.862-0400] {logging_mixin.py:137} WARNING - /Users/admin/opt/anaconda3/envs/python-airflow-venv/lib/python3.10/site-packages/airflow/jobs/scheduler_job.py:124 DeprecationWarning: The processor_poll_interval option in [scheduler] has been renamed to scheduler_idle_sleep_time - the old setting has been used, but please update your config.
[2023-04-22T14:33:58.498-0400] {logging_mixin.py:137} INFO - [2023-04-22T14:33:58.498-0400] {dag.py:2690} INFO - Sync 1 DAGs
[2023-04-22T14:33:58.514-0400] {logging_mixin.py:137} INFO - [2023-04-22T14:33:58.514-0400] {dag.py:3437} INFO - Setting next_dagrun for example_skip_dag to 2023-04-21T18:33:58.513940+00:00, run_after=2023-04-22T18:33:58.513940+00:00
[2023-04-22T14:33:58.530-0400] {processor.py:175} INFO - Processing /Users/admin/opt/anaconda3/envs/python-airflow-venv/lib/python3.10/site-packages/airflow/example_dags/example_skip_dag.py took 0.775 seconds
[2023-04-22T14:35:55.731-0400] {logging_mixin.py:137} WARNING - /Users/admin/opt/anaconda3/envs/python-airflow-venv/lib/python3.10/site-packages/airflow/settings.py:337 DeprecationWarning: The sql_alchemy_pool_enabled option in [core] has been moved to the sql_alchemy_pool_enabled option in [database] - the old setting has been used, but please update your config.
[2023-04-22T14:35:55.735-0400] {logging_mixin.py:137} WARNING - /Users/admin/opt/anaconda3/envs/python-airflow-venv/lib/python3.10/site-packages/airflow/settings.py:400 DeprecationWarning: The sql_engine_encoding option in [core] has been moved to the sql_engine_encoding option in [database] - the old setting has been used, but please update your config.
[2023-04-22T14:35:55.736-0400] {processor.py:153} INFO - Started process (PID=4051) to work on /Users/admin/opt/anaconda3/envs/python-airflow-venv/lib/python3.10/site-packages/airflow/example_dags/example_skip_dag.py
[2023-04-22T14:35:55.736-0400] {processor.py:743} INFO - Processing file /Users/admin/opt/anaconda3/envs/python-airflow-venv/lib/python3.10/site-packages/airflow/example_dags/example_skip_dag.py for tasks to queue
[2023-04-22T14:35:55.736-0400] {logging_mixin.py:137} INFO - [2023-04-22T14:35:55.736-0400] {dagbag.py:538} INFO - Filling up the DagBag from /Users/admin/opt/anaconda3/envs/python-airflow-venv/lib/python3.10/site-packages/airflow/example_dags/example_skip_dag.py
[2023-04-22T14:35:55.783-0400] {processor.py:753} INFO - DAG(s) dict_keys(['example_skip_dag']) retrieved from /Users/admin/opt/anaconda3/envs/python-airflow-venv/lib/python3.10/site-packages/airflow/example_dags/example_skip_dag.py
[2023-04-22T14:35:55.837-0400] {logging_mixin.py:137} WARNING - /Users/admin/opt/anaconda3/envs/python-airflow-venv/lib/python3.10/site-packages/airflow/jobs/scheduler_job.py:124 DeprecationWarning: The processor_poll_interval option in [scheduler] has been renamed to scheduler_idle_sleep_time - the old setting has been used, but please update your config.
[2023-04-22T14:35:56.408-0400] {logging_mixin.py:137} INFO - [2023-04-22T14:35:56.408-0400] {dag.py:2690} INFO - Sync 1 DAGs
[2023-04-22T14:35:56.422-0400] {logging_mixin.py:137} INFO - [2023-04-22T14:35:56.422-0400] {dag.py:3437} INFO - Setting next_dagrun for example_skip_dag to 2023-04-21T18:35:56.422297+00:00, run_after=2023-04-22T18:35:56.422297+00:00
[2023-04-22T14:35:56.439-0400] {processor.py:175} INFO - Processing /Users/admin/opt/anaconda3/envs/python-airflow-venv/lib/python3.10/site-packages/airflow/example_dags/example_skip_dag.py took 0.709 seconds
[2023-04-22T14:37:52.484-0400] {logging_mixin.py:137} WARNING - /Users/admin/opt/anaconda3/envs/python-airflow-venv/lib/python3.10/site-packages/airflow/settings.py:337 DeprecationWarning: The sql_alchemy_pool_enabled option in [core] has been moved to the sql_alchemy_pool_enabled option in [database] - the old setting has been used, but please update your config.
[2023-04-22T14:37:52.488-0400] {logging_mixin.py:137} WARNING - /Users/admin/opt/anaconda3/envs/python-airflow-venv/lib/python3.10/site-packages/airflow/settings.py:400 DeprecationWarning: The sql_engine_encoding option in [core] has been moved to the sql_engine_encoding option in [database] - the old setting has been used, but please update your config.
[2023-04-22T14:37:52.489-0400] {processor.py:153} INFO - Started process (PID=4109) to work on /Users/admin/opt/anaconda3/envs/python-airflow-venv/lib/python3.10/site-packages/airflow/example_dags/example_skip_dag.py
[2023-04-22T14:37:52.489-0400] {processor.py:743} INFO - Processing file /Users/admin/opt/anaconda3/envs/python-airflow-venv/lib/python3.10/site-packages/airflow/example_dags/example_skip_dag.py for tasks to queue
[2023-04-22T14:37:52.489-0400] {logging_mixin.py:137} INFO - [2023-04-22T14:37:52.489-0400] {dagbag.py:538} INFO - Filling up the DagBag from /Users/admin/opt/anaconda3/envs/python-airflow-venv/lib/python3.10/site-packages/airflow/example_dags/example_skip_dag.py
[2023-04-22T14:37:52.537-0400] {processor.py:753} INFO - DAG(s) dict_keys(['example_skip_dag']) retrieved from /Users/admin/opt/anaconda3/envs/python-airflow-venv/lib/python3.10/site-packages/airflow/example_dags/example_skip_dag.py
[2023-04-22T14:37:52.591-0400] {logging_mixin.py:137} WARNING - /Users/admin/opt/anaconda3/envs/python-airflow-venv/lib/python3.10/site-packages/airflow/jobs/scheduler_job.py:124 DeprecationWarning: The processor_poll_interval option in [scheduler] has been renamed to scheduler_idle_sleep_time - the old setting has been used, but please update your config.
[2023-04-22T14:37:53.159-0400] {logging_mixin.py:137} INFO - [2023-04-22T14:37:53.159-0400] {dag.py:2690} INFO - Sync 1 DAGs
[2023-04-22T14:37:53.173-0400] {logging_mixin.py:137} INFO - [2023-04-22T14:37:53.173-0400] {dag.py:3437} INFO - Setting next_dagrun for example_skip_dag to 2023-04-21T18:37:53.172995+00:00, run_after=2023-04-22T18:37:53.172995+00:00
[2023-04-22T14:37:53.193-0400] {processor.py:175} INFO - Processing /Users/admin/opt/anaconda3/envs/python-airflow-venv/lib/python3.10/site-packages/airflow/example_dags/example_skip_dag.py took 0.710 seconds
