[2023-04-22T13:00:06.628-0400] {logging_mixin.py:137} WARNING - /Users/admin/opt/anaconda3/envs/python-airflow-venv/lib/python3.10/site-packages/airflow/settings.py:337 DeprecationWarning: The sql_alchemy_pool_enabled option in [core] has been moved to the sql_alchemy_pool_enabled option in [database] - the old setting has been used, but please update your config.
[2023-04-22T13:00:06.637-0400] {logging_mixin.py:137} WARNING - /Users/admin/opt/anaconda3/envs/python-airflow-venv/lib/python3.10/site-packages/airflow/settings.py:400 DeprecationWarning: The sql_engine_encoding option in [core] has been moved to the sql_engine_encoding option in [database] - the old setting has been used, but please update your config.
[2023-04-22T13:00:06.638-0400] {processor.py:153} INFO - Started process (PID=2608) to work on /Users/admin/opt/anaconda3/envs/python-airflow-venv/lib/python3.10/site-packages/airflow/example_dags/tutorial.py
[2023-04-22T13:00:06.638-0400] {processor.py:743} INFO - Processing file /Users/admin/opt/anaconda3/envs/python-airflow-venv/lib/python3.10/site-packages/airflow/example_dags/tutorial.py for tasks to queue
[2023-04-22T13:00:06.638-0400] {logging_mixin.py:137} INFO - [2023-04-22T13:00:06.638-0400] {dagbag.py:538} INFO - Filling up the DagBag from /Users/admin/opt/anaconda3/envs/python-airflow-venv/lib/python3.10/site-packages/airflow/example_dags/tutorial.py
[2023-04-22T13:00:06.708-0400] {processor.py:753} INFO - DAG(s) dict_keys(['tutorial']) retrieved from /Users/admin/opt/anaconda3/envs/python-airflow-venv/lib/python3.10/site-packages/airflow/example_dags/tutorial.py
[2023-04-22T13:00:06.780-0400] {logging_mixin.py:137} WARNING - /Users/admin/opt/anaconda3/envs/python-airflow-venv/lib/python3.10/site-packages/airflow/jobs/scheduler_job.py:124 DeprecationWarning: The processor_poll_interval option in [scheduler] has been renamed to scheduler_idle_sleep_time - the old setting has been used, but please update your config.
[2023-04-22T13:00:07.564-0400] {logging_mixin.py:137} INFO - [2023-04-22T13:00:07.564-0400] {dag.py:2690} INFO - Sync 1 DAGs
[2023-04-22T13:00:07.592-0400] {logging_mixin.py:137} INFO - [2023-04-22T13:00:07.591-0400] {dag.py:3437} INFO - Setting next_dagrun for tutorial to 2023-04-21T17:00:07.591703+00:00, run_after=2023-04-22T17:00:07.591703+00:00
[2023-04-22T13:00:07.617-0400] {processor.py:175} INFO - Processing /Users/admin/opt/anaconda3/envs/python-airflow-venv/lib/python3.10/site-packages/airflow/example_dags/tutorial.py took 0.990 seconds
[2023-04-22T13:02:16.535-0400] {logging_mixin.py:137} WARNING - /Users/admin/opt/anaconda3/envs/python-airflow-venv/lib/python3.10/site-packages/airflow/settings.py:337 DeprecationWarning: The sql_alchemy_pool_enabled option in [core] has been moved to the sql_alchemy_pool_enabled option in [database] - the old setting has been used, but please update your config.
[2023-04-22T13:02:16.542-0400] {logging_mixin.py:137} WARNING - /Users/admin/opt/anaconda3/envs/python-airflow-venv/lib/python3.10/site-packages/airflow/settings.py:400 DeprecationWarning: The sql_engine_encoding option in [core] has been moved to the sql_engine_encoding option in [database] - the old setting has been used, but please update your config.
[2023-04-22T13:02:16.543-0400] {processor.py:153} INFO - Started process (PID=2791) to work on /Users/admin/opt/anaconda3/envs/python-airflow-venv/lib/python3.10/site-packages/airflow/example_dags/tutorial.py
[2023-04-22T13:02:16.543-0400] {processor.py:743} INFO - Processing file /Users/admin/opt/anaconda3/envs/python-airflow-venv/lib/python3.10/site-packages/airflow/example_dags/tutorial.py for tasks to queue
[2023-04-22T13:02:16.544-0400] {logging_mixin.py:137} INFO - [2023-04-22T13:02:16.544-0400] {dagbag.py:538} INFO - Filling up the DagBag from /Users/admin/opt/anaconda3/envs/python-airflow-venv/lib/python3.10/site-packages/airflow/example_dags/tutorial.py
[2023-04-22T13:02:16.598-0400] {processor.py:753} INFO - DAG(s) dict_keys(['tutorial']) retrieved from /Users/admin/opt/anaconda3/envs/python-airflow-venv/lib/python3.10/site-packages/airflow/example_dags/tutorial.py
[2023-04-22T13:02:16.660-0400] {logging_mixin.py:137} WARNING - /Users/admin/opt/anaconda3/envs/python-airflow-venv/lib/python3.10/site-packages/airflow/jobs/scheduler_job.py:124 DeprecationWarning: The processor_poll_interval option in [scheduler] has been renamed to scheduler_idle_sleep_time - the old setting has been used, but please update your config.
[2023-04-22T13:02:17.304-0400] {logging_mixin.py:137} INFO - [2023-04-22T13:02:17.304-0400] {dag.py:2690} INFO - Sync 1 DAGs
[2023-04-22T13:02:17.318-0400] {logging_mixin.py:137} INFO - [2023-04-22T13:02:17.318-0400] {dag.py:3437} INFO - Setting next_dagrun for tutorial to 2023-04-21T17:02:17.318501+00:00, run_after=2023-04-22T17:02:17.318501+00:00
[2023-04-22T13:02:17.335-0400] {processor.py:175} INFO - Processing /Users/admin/opt/anaconda3/envs/python-airflow-venv/lib/python3.10/site-packages/airflow/example_dags/tutorial.py took 0.801 seconds
[2023-04-22T13:05:05.870-0400] {logging_mixin.py:137} WARNING - /Users/admin/opt/anaconda3/envs/python-airflow-venv/lib/python3.10/site-packages/airflow/settings.py:337 DeprecationWarning: The sql_alchemy_pool_enabled option in [core] has been moved to the sql_alchemy_pool_enabled option in [database] - the old setting has been used, but please update your config.
[2023-04-22T13:05:05.876-0400] {logging_mixin.py:137} WARNING - /Users/admin/opt/anaconda3/envs/python-airflow-venv/lib/python3.10/site-packages/airflow/settings.py:400 DeprecationWarning: The sql_engine_encoding option in [core] has been moved to the sql_engine_encoding option in [database] - the old setting has been used, but please update your config.
[2023-04-22T13:05:05.877-0400] {processor.py:153} INFO - Started process (PID=3060) to work on /Users/admin/opt/anaconda3/envs/python-airflow-venv/lib/python3.10/site-packages/airflow/example_dags/tutorial.py
[2023-04-22T13:05:05.877-0400] {processor.py:743} INFO - Processing file /Users/admin/opt/anaconda3/envs/python-airflow-venv/lib/python3.10/site-packages/airflow/example_dags/tutorial.py for tasks to queue
[2023-04-22T13:05:05.877-0400] {logging_mixin.py:137} INFO - [2023-04-22T13:05:05.877-0400] {dagbag.py:538} INFO - Filling up the DagBag from /Users/admin/opt/anaconda3/envs/python-airflow-venv/lib/python3.10/site-packages/airflow/example_dags/tutorial.py
[2023-04-22T13:05:05.920-0400] {processor.py:753} INFO - DAG(s) dict_keys(['tutorial']) retrieved from /Users/admin/opt/anaconda3/envs/python-airflow-venv/lib/python3.10/site-packages/airflow/example_dags/tutorial.py
[2023-04-22T13:05:05.973-0400] {logging_mixin.py:137} WARNING - /Users/admin/opt/anaconda3/envs/python-airflow-venv/lib/python3.10/site-packages/airflow/jobs/scheduler_job.py:124 DeprecationWarning: The processor_poll_interval option in [scheduler] has been renamed to scheduler_idle_sleep_time - the old setting has been used, but please update your config.
[2023-04-22T13:05:06.549-0400] {logging_mixin.py:137} INFO - [2023-04-22T13:05:06.549-0400] {dag.py:2690} INFO - Sync 1 DAGs
[2023-04-22T13:05:06.563-0400] {logging_mixin.py:137} INFO - [2023-04-22T13:05:06.563-0400] {dag.py:3437} INFO - Setting next_dagrun for tutorial to 2023-04-21T17:05:06.563104+00:00, run_after=2023-04-22T17:05:06.563104+00:00
[2023-04-22T13:05:06.583-0400] {processor.py:175} INFO - Processing /Users/admin/opt/anaconda3/envs/python-airflow-venv/lib/python3.10/site-packages/airflow/example_dags/tutorial.py took 0.714 seconds
[2023-04-22T13:06:36.512-0400] {logging_mixin.py:137} WARNING - /Users/admin/opt/anaconda3/envs/python-airflow-venv/lib/python3.10/site-packages/airflow/settings.py:337 DeprecationWarning: The sql_alchemy_pool_enabled option in [core] has been moved to the sql_alchemy_pool_enabled option in [database] - the old setting has been used, but please update your config.
[2023-04-22T13:06:36.519-0400] {logging_mixin.py:137} WARNING - /Users/admin/opt/anaconda3/envs/python-airflow-venv/lib/python3.10/site-packages/airflow/settings.py:400 DeprecationWarning: The sql_engine_encoding option in [core] has been moved to the sql_engine_encoding option in [database] - the old setting has been used, but please update your config.
[2023-04-22T13:06:36.520-0400] {processor.py:153} INFO - Started process (PID=3134) to work on /Users/admin/opt/anaconda3/envs/python-airflow-venv/lib/python3.10/site-packages/airflow/example_dags/tutorial.py
[2023-04-22T13:06:36.520-0400] {processor.py:743} INFO - Processing file /Users/admin/opt/anaconda3/envs/python-airflow-venv/lib/python3.10/site-packages/airflow/example_dags/tutorial.py for tasks to queue
[2023-04-22T13:06:36.521-0400] {logging_mixin.py:137} INFO - [2023-04-22T13:06:36.521-0400] {dagbag.py:538} INFO - Filling up the DagBag from /Users/admin/opt/anaconda3/envs/python-airflow-venv/lib/python3.10/site-packages/airflow/example_dags/tutorial.py
[2023-04-22T13:06:36.615-0400] {processor.py:753} INFO - DAG(s) dict_keys(['tutorial']) retrieved from /Users/admin/opt/anaconda3/envs/python-airflow-venv/lib/python3.10/site-packages/airflow/example_dags/tutorial.py
[2023-04-22T13:06:36.701-0400] {logging_mixin.py:137} WARNING - /Users/admin/opt/anaconda3/envs/python-airflow-venv/lib/python3.10/site-packages/airflow/jobs/scheduler_job.py:124 DeprecationWarning: The processor_poll_interval option in [scheduler] has been renamed to scheduler_idle_sleep_time - the old setting has been used, but please update your config.
[2023-04-22T13:06:37.390-0400] {logging_mixin.py:137} INFO - [2023-04-22T13:06:37.389-0400] {dag.py:2690} INFO - Sync 1 DAGs
[2023-04-22T13:06:37.406-0400] {logging_mixin.py:137} INFO - [2023-04-22T13:06:37.406-0400] {dag.py:3437} INFO - Setting next_dagrun for tutorial to 2023-04-21T17:06:37.406011+00:00, run_after=2023-04-22T17:06:37.406011+00:00
[2023-04-22T13:06:37.424-0400] {processor.py:175} INFO - Processing /Users/admin/opt/anaconda3/envs/python-airflow-venv/lib/python3.10/site-packages/airflow/example_dags/tutorial.py took 0.913 seconds
[2023-04-22T13:09:20.351-0400] {logging_mixin.py:137} WARNING - /Users/admin/opt/anaconda3/envs/python-airflow-venv/lib/python3.10/site-packages/airflow/settings.py:337 DeprecationWarning: The sql_alchemy_pool_enabled option in [core] has been moved to the sql_alchemy_pool_enabled option in [database] - the old setting has been used, but please update your config.
[2023-04-22T13:09:20.357-0400] {logging_mixin.py:137} WARNING - /Users/admin/opt/anaconda3/envs/python-airflow-venv/lib/python3.10/site-packages/airflow/settings.py:400 DeprecationWarning: The sql_engine_encoding option in [core] has been moved to the sql_engine_encoding option in [database] - the old setting has been used, but please update your config.
[2023-04-22T13:09:20.358-0400] {processor.py:153} INFO - Started process (PID=3219) to work on /Users/admin/opt/anaconda3/envs/python-airflow-venv/lib/python3.10/site-packages/airflow/example_dags/tutorial.py
[2023-04-22T13:09:20.358-0400] {processor.py:743} INFO - Processing file /Users/admin/opt/anaconda3/envs/python-airflow-venv/lib/python3.10/site-packages/airflow/example_dags/tutorial.py for tasks to queue
[2023-04-22T13:09:20.359-0400] {logging_mixin.py:137} INFO - [2023-04-22T13:09:20.358-0400] {dagbag.py:538} INFO - Filling up the DagBag from /Users/admin/opt/anaconda3/envs/python-airflow-venv/lib/python3.10/site-packages/airflow/example_dags/tutorial.py
[2023-04-22T13:09:20.409-0400] {processor.py:753} INFO - DAG(s) dict_keys(['tutorial']) retrieved from /Users/admin/opt/anaconda3/envs/python-airflow-venv/lib/python3.10/site-packages/airflow/example_dags/tutorial.py
[2023-04-22T13:09:20.464-0400] {logging_mixin.py:137} WARNING - /Users/admin/opt/anaconda3/envs/python-airflow-venv/lib/python3.10/site-packages/airflow/jobs/scheduler_job.py:124 DeprecationWarning: The processor_poll_interval option in [scheduler] has been renamed to scheduler_idle_sleep_time - the old setting has been used, but please update your config.
[2023-04-22T13:09:21.042-0400] {logging_mixin.py:137} INFO - [2023-04-22T13:09:21.041-0400] {dag.py:2690} INFO - Sync 1 DAGs
[2023-04-22T13:09:21.056-0400] {logging_mixin.py:137} INFO - [2023-04-22T13:09:21.056-0400] {dag.py:3437} INFO - Setting next_dagrun for tutorial to 2023-04-21T17:09:21.056095+00:00, run_after=2023-04-22T17:09:21.056095+00:00
[2023-04-22T13:09:21.072-0400] {processor.py:175} INFO - Processing /Users/admin/opt/anaconda3/envs/python-airflow-venv/lib/python3.10/site-packages/airflow/example_dags/tutorial.py took 0.721 seconds
[2023-04-22T13:11:21.369-0400] {logging_mixin.py:137} WARNING - /Users/admin/opt/anaconda3/envs/python-airflow-venv/lib/python3.10/site-packages/airflow/settings.py:337 DeprecationWarning: The sql_alchemy_pool_enabled option in [core] has been moved to the sql_alchemy_pool_enabled option in [database] - the old setting has been used, but please update your config.
[2023-04-22T13:11:21.373-0400] {logging_mixin.py:137} WARNING - /Users/admin/opt/anaconda3/envs/python-airflow-venv/lib/python3.10/site-packages/airflow/settings.py:400 DeprecationWarning: The sql_engine_encoding option in [core] has been moved to the sql_engine_encoding option in [database] - the old setting has been used, but please update your config.
[2023-04-22T13:11:21.374-0400] {processor.py:153} INFO - Started process (PID=3277) to work on /Users/admin/opt/anaconda3/envs/python-airflow-venv/lib/python3.10/site-packages/airflow/example_dags/tutorial.py
[2023-04-22T13:11:21.374-0400] {processor.py:743} INFO - Processing file /Users/admin/opt/anaconda3/envs/python-airflow-venv/lib/python3.10/site-packages/airflow/example_dags/tutorial.py for tasks to queue
[2023-04-22T13:11:21.374-0400] {logging_mixin.py:137} INFO - [2023-04-22T13:11:21.374-0400] {dagbag.py:538} INFO - Filling up the DagBag from /Users/admin/opt/anaconda3/envs/python-airflow-venv/lib/python3.10/site-packages/airflow/example_dags/tutorial.py
[2023-04-22T13:11:21.419-0400] {processor.py:753} INFO - DAG(s) dict_keys(['tutorial']) retrieved from /Users/admin/opt/anaconda3/envs/python-airflow-venv/lib/python3.10/site-packages/airflow/example_dags/tutorial.py
[2023-04-22T13:11:21.472-0400] {logging_mixin.py:137} WARNING - /Users/admin/opt/anaconda3/envs/python-airflow-venv/lib/python3.10/site-packages/airflow/jobs/scheduler_job.py:124 DeprecationWarning: The processor_poll_interval option in [scheduler] has been renamed to scheduler_idle_sleep_time - the old setting has been used, but please update your config.
[2023-04-22T13:11:22.051-0400] {logging_mixin.py:137} INFO - [2023-04-22T13:11:22.050-0400] {dag.py:2690} INFO - Sync 1 DAGs
[2023-04-22T13:11:22.065-0400] {logging_mixin.py:137} INFO - [2023-04-22T13:11:22.065-0400] {dag.py:3437} INFO - Setting next_dagrun for tutorial to 2023-04-21T17:11:22.065114+00:00, run_after=2023-04-22T17:11:22.065114+00:00
[2023-04-22T13:11:22.083-0400] {processor.py:175} INFO - Processing /Users/admin/opt/anaconda3/envs/python-airflow-venv/lib/python3.10/site-packages/airflow/example_dags/tutorial.py took 0.716 seconds
[2023-04-22T13:13:17.820-0400] {logging_mixin.py:137} WARNING - /Users/admin/opt/anaconda3/envs/python-airflow-venv/lib/python3.10/site-packages/airflow/settings.py:337 DeprecationWarning: The sql_alchemy_pool_enabled option in [core] has been moved to the sql_alchemy_pool_enabled option in [database] - the old setting has been used, but please update your config.
[2023-04-22T13:13:17.824-0400] {logging_mixin.py:137} WARNING - /Users/admin/opt/anaconda3/envs/python-airflow-venv/lib/python3.10/site-packages/airflow/settings.py:400 DeprecationWarning: The sql_engine_encoding option in [core] has been moved to the sql_engine_encoding option in [database] - the old setting has been used, but please update your config.
[2023-04-22T13:13:17.824-0400] {processor.py:153} INFO - Started process (PID=3331) to work on /Users/admin/opt/anaconda3/envs/python-airflow-venv/lib/python3.10/site-packages/airflow/example_dags/tutorial.py
[2023-04-22T13:13:17.825-0400] {processor.py:743} INFO - Processing file /Users/admin/opt/anaconda3/envs/python-airflow-venv/lib/python3.10/site-packages/airflow/example_dags/tutorial.py for tasks to queue
[2023-04-22T13:13:17.825-0400] {logging_mixin.py:137} INFO - [2023-04-22T13:13:17.825-0400] {dagbag.py:538} INFO - Filling up the DagBag from /Users/admin/opt/anaconda3/envs/python-airflow-venv/lib/python3.10/site-packages/airflow/example_dags/tutorial.py
[2023-04-22T13:13:17.872-0400] {processor.py:753} INFO - DAG(s) dict_keys(['tutorial']) retrieved from /Users/admin/opt/anaconda3/envs/python-airflow-venv/lib/python3.10/site-packages/airflow/example_dags/tutorial.py
[2023-04-22T13:13:17.925-0400] {logging_mixin.py:137} WARNING - /Users/admin/opt/anaconda3/envs/python-airflow-venv/lib/python3.10/site-packages/airflow/jobs/scheduler_job.py:124 DeprecationWarning: The processor_poll_interval option in [scheduler] has been renamed to scheduler_idle_sleep_time - the old setting has been used, but please update your config.
[2023-04-22T13:13:18.496-0400] {logging_mixin.py:137} INFO - [2023-04-22T13:13:18.496-0400] {dag.py:2690} INFO - Sync 1 DAGs
[2023-04-22T13:13:18.510-0400] {logging_mixin.py:137} INFO - [2023-04-22T13:13:18.510-0400] {dag.py:3437} INFO - Setting next_dagrun for tutorial to 2023-04-21T17:13:18.510473+00:00, run_after=2023-04-22T17:13:18.510473+00:00
[2023-04-22T13:13:18.530-0400] {processor.py:175} INFO - Processing /Users/admin/opt/anaconda3/envs/python-airflow-venv/lib/python3.10/site-packages/airflow/example_dags/tutorial.py took 0.712 seconds
[2023-04-22T13:15:14.638-0400] {logging_mixin.py:137} WARNING - /Users/admin/opt/anaconda3/envs/python-airflow-venv/lib/python3.10/site-packages/airflow/settings.py:337 DeprecationWarning: The sql_alchemy_pool_enabled option in [core] has been moved to the sql_alchemy_pool_enabled option in [database] - the old setting has been used, but please update your config.
[2023-04-22T13:15:14.642-0400] {logging_mixin.py:137} WARNING - /Users/admin/opt/anaconda3/envs/python-airflow-venv/lib/python3.10/site-packages/airflow/settings.py:400 DeprecationWarning: The sql_engine_encoding option in [core] has been moved to the sql_engine_encoding option in [database] - the old setting has been used, but please update your config.
[2023-04-22T13:15:14.643-0400] {processor.py:153} INFO - Started process (PID=3384) to work on /Users/admin/opt/anaconda3/envs/python-airflow-venv/lib/python3.10/site-packages/airflow/example_dags/tutorial.py
[2023-04-22T13:15:14.643-0400] {processor.py:743} INFO - Processing file /Users/admin/opt/anaconda3/envs/python-airflow-venv/lib/python3.10/site-packages/airflow/example_dags/tutorial.py for tasks to queue
[2023-04-22T13:15:14.643-0400] {logging_mixin.py:137} INFO - [2023-04-22T13:15:14.643-0400] {dagbag.py:538} INFO - Filling up the DagBag from /Users/admin/opt/anaconda3/envs/python-airflow-venv/lib/python3.10/site-packages/airflow/example_dags/tutorial.py
[2023-04-22T13:15:14.691-0400] {processor.py:753} INFO - DAG(s) dict_keys(['tutorial']) retrieved from /Users/admin/opt/anaconda3/envs/python-airflow-venv/lib/python3.10/site-packages/airflow/example_dags/tutorial.py
[2023-04-22T13:15:14.744-0400] {logging_mixin.py:137} WARNING - /Users/admin/opt/anaconda3/envs/python-airflow-venv/lib/python3.10/site-packages/airflow/jobs/scheduler_job.py:124 DeprecationWarning: The processor_poll_interval option in [scheduler] has been renamed to scheduler_idle_sleep_time - the old setting has been used, but please update your config.
[2023-04-22T13:15:15.316-0400] {logging_mixin.py:137} INFO - [2023-04-22T13:15:15.316-0400] {dag.py:2690} INFO - Sync 1 DAGs
[2023-04-22T13:15:15.330-0400] {logging_mixin.py:137} INFO - [2023-04-22T13:15:15.330-0400] {dag.py:3437} INFO - Setting next_dagrun for tutorial to 2023-04-21T17:15:15.330414+00:00, run_after=2023-04-22T17:15:15.330414+00:00
[2023-04-22T13:15:15.347-0400] {processor.py:175} INFO - Processing /Users/admin/opt/anaconda3/envs/python-airflow-venv/lib/python3.10/site-packages/airflow/example_dags/tutorial.py took 0.710 seconds
[2023-04-22T13:17:11.439-0400] {logging_mixin.py:137} WARNING - /Users/admin/opt/anaconda3/envs/python-airflow-venv/lib/python3.10/site-packages/airflow/settings.py:337 DeprecationWarning: The sql_alchemy_pool_enabled option in [core] has been moved to the sql_alchemy_pool_enabled option in [database] - the old setting has been used, but please update your config.
[2023-04-22T13:17:11.443-0400] {logging_mixin.py:137} WARNING - /Users/admin/opt/anaconda3/envs/python-airflow-venv/lib/python3.10/site-packages/airflow/settings.py:400 DeprecationWarning: The sql_engine_encoding option in [core] has been moved to the sql_engine_encoding option in [database] - the old setting has been used, but please update your config.
[2023-04-22T13:17:11.443-0400] {processor.py:153} INFO - Started process (PID=3438) to work on /Users/admin/opt/anaconda3/envs/python-airflow-venv/lib/python3.10/site-packages/airflow/example_dags/tutorial.py
[2023-04-22T13:17:11.444-0400] {processor.py:743} INFO - Processing file /Users/admin/opt/anaconda3/envs/python-airflow-venv/lib/python3.10/site-packages/airflow/example_dags/tutorial.py for tasks to queue
[2023-04-22T13:17:11.444-0400] {logging_mixin.py:137} INFO - [2023-04-22T13:17:11.444-0400] {dagbag.py:538} INFO - Filling up the DagBag from /Users/admin/opt/anaconda3/envs/python-airflow-venv/lib/python3.10/site-packages/airflow/example_dags/tutorial.py
[2023-04-22T13:17:11.492-0400] {processor.py:753} INFO - DAG(s) dict_keys(['tutorial']) retrieved from /Users/admin/opt/anaconda3/envs/python-airflow-venv/lib/python3.10/site-packages/airflow/example_dags/tutorial.py
[2023-04-22T13:17:11.545-0400] {logging_mixin.py:137} WARNING - /Users/admin/opt/anaconda3/envs/python-airflow-venv/lib/python3.10/site-packages/airflow/jobs/scheduler_job.py:124 DeprecationWarning: The processor_poll_interval option in [scheduler] has been renamed to scheduler_idle_sleep_time - the old setting has been used, but please update your config.
[2023-04-22T13:17:12.115-0400] {logging_mixin.py:137} INFO - [2023-04-22T13:17:12.115-0400] {dag.py:2690} INFO - Sync 1 DAGs
[2023-04-22T13:17:12.129-0400] {logging_mixin.py:137} INFO - [2023-04-22T13:17:12.129-0400] {dag.py:3437} INFO - Setting next_dagrun for tutorial to 2023-04-21T17:17:12.129641+00:00, run_after=2023-04-22T17:17:12.129641+00:00
[2023-04-22T13:17:12.149-0400] {processor.py:175} INFO - Processing /Users/admin/opt/anaconda3/envs/python-airflow-venv/lib/python3.10/site-packages/airflow/example_dags/tutorial.py took 0.711 seconds
[2023-04-22T13:19:08.258-0400] {logging_mixin.py:137} WARNING - /Users/admin/opt/anaconda3/envs/python-airflow-venv/lib/python3.10/site-packages/airflow/settings.py:337 DeprecationWarning: The sql_alchemy_pool_enabled option in [core] has been moved to the sql_alchemy_pool_enabled option in [database] - the old setting has been used, but please update your config.
[2023-04-22T13:19:08.262-0400] {logging_mixin.py:137} WARNING - /Users/admin/opt/anaconda3/envs/python-airflow-venv/lib/python3.10/site-packages/airflow/settings.py:400 DeprecationWarning: The sql_engine_encoding option in [core] has been moved to the sql_engine_encoding option in [database] - the old setting has been used, but please update your config.
[2023-04-22T13:19:08.263-0400] {processor.py:153} INFO - Started process (PID=3490) to work on /Users/admin/opt/anaconda3/envs/python-airflow-venv/lib/python3.10/site-packages/airflow/example_dags/tutorial.py
[2023-04-22T13:19:08.263-0400] {processor.py:743} INFO - Processing file /Users/admin/opt/anaconda3/envs/python-airflow-venv/lib/python3.10/site-packages/airflow/example_dags/tutorial.py for tasks to queue
[2023-04-22T13:19:08.263-0400] {logging_mixin.py:137} INFO - [2023-04-22T13:19:08.263-0400] {dagbag.py:538} INFO - Filling up the DagBag from /Users/admin/opt/anaconda3/envs/python-airflow-venv/lib/python3.10/site-packages/airflow/example_dags/tutorial.py
[2023-04-22T13:19:08.311-0400] {processor.py:753} INFO - DAG(s) dict_keys(['tutorial']) retrieved from /Users/admin/opt/anaconda3/envs/python-airflow-venv/lib/python3.10/site-packages/airflow/example_dags/tutorial.py
[2023-04-22T13:19:08.364-0400] {logging_mixin.py:137} WARNING - /Users/admin/opt/anaconda3/envs/python-airflow-venv/lib/python3.10/site-packages/airflow/jobs/scheduler_job.py:124 DeprecationWarning: The processor_poll_interval option in [scheduler] has been renamed to scheduler_idle_sleep_time - the old setting has been used, but please update your config.
[2023-04-22T13:19:08.935-0400] {logging_mixin.py:137} INFO - [2023-04-22T13:19:08.935-0400] {dag.py:2690} INFO - Sync 1 DAGs
[2023-04-22T13:19:08.949-0400] {logging_mixin.py:137} INFO - [2023-04-22T13:19:08.949-0400] {dag.py:3437} INFO - Setting next_dagrun for tutorial to 2023-04-21T17:19:08.949499+00:00, run_after=2023-04-22T17:19:08.949499+00:00
[2023-04-22T13:19:08.969-0400] {processor.py:175} INFO - Processing /Users/admin/opt/anaconda3/envs/python-airflow-venv/lib/python3.10/site-packages/airflow/example_dags/tutorial.py took 0.711 seconds
[2023-04-22T13:21:04.952-0400] {logging_mixin.py:137} WARNING - /Users/admin/opt/anaconda3/envs/python-airflow-venv/lib/python3.10/site-packages/airflow/settings.py:337 DeprecationWarning: The sql_alchemy_pool_enabled option in [core] has been moved to the sql_alchemy_pool_enabled option in [database] - the old setting has been used, but please update your config.
[2023-04-22T13:21:04.956-0400] {logging_mixin.py:137} WARNING - /Users/admin/opt/anaconda3/envs/python-airflow-venv/lib/python3.10/site-packages/airflow/settings.py:400 DeprecationWarning: The sql_engine_encoding option in [core] has been moved to the sql_engine_encoding option in [database] - the old setting has been used, but please update your config.
[2023-04-22T13:21:04.957-0400] {processor.py:153} INFO - Started process (PID=3548) to work on /Users/admin/opt/anaconda3/envs/python-airflow-venv/lib/python3.10/site-packages/airflow/example_dags/tutorial.py
[2023-04-22T13:21:04.957-0400] {processor.py:743} INFO - Processing file /Users/admin/opt/anaconda3/envs/python-airflow-venv/lib/python3.10/site-packages/airflow/example_dags/tutorial.py for tasks to queue
[2023-04-22T13:21:04.958-0400] {logging_mixin.py:137} INFO - [2023-04-22T13:21:04.957-0400] {dagbag.py:538} INFO - Filling up the DagBag from /Users/admin/opt/anaconda3/envs/python-airflow-venv/lib/python3.10/site-packages/airflow/example_dags/tutorial.py
[2023-04-22T13:21:05.004-0400] {processor.py:753} INFO - DAG(s) dict_keys(['tutorial']) retrieved from /Users/admin/opt/anaconda3/envs/python-airflow-venv/lib/python3.10/site-packages/airflow/example_dags/tutorial.py
[2023-04-22T13:21:05.057-0400] {logging_mixin.py:137} WARNING - /Users/admin/opt/anaconda3/envs/python-airflow-venv/lib/python3.10/site-packages/airflow/jobs/scheduler_job.py:124 DeprecationWarning: The processor_poll_interval option in [scheduler] has been renamed to scheduler_idle_sleep_time - the old setting has been used, but please update your config.
[2023-04-22T13:21:05.627-0400] {logging_mixin.py:137} INFO - [2023-04-22T13:21:05.627-0400] {dag.py:2690} INFO - Sync 1 DAGs
[2023-04-22T13:21:05.641-0400] {logging_mixin.py:137} INFO - [2023-04-22T13:21:05.641-0400] {dag.py:3437} INFO - Setting next_dagrun for tutorial to 2023-04-21T17:21:05.641680+00:00, run_after=2023-04-22T17:21:05.641680+00:00
[2023-04-22T13:21:05.661-0400] {processor.py:175} INFO - Processing /Users/admin/opt/anaconda3/envs/python-airflow-venv/lib/python3.10/site-packages/airflow/example_dags/tutorial.py took 0.710 seconds
[2023-04-22T13:23:01.582-0400] {logging_mixin.py:137} WARNING - /Users/admin/opt/anaconda3/envs/python-airflow-venv/lib/python3.10/site-packages/airflow/settings.py:337 DeprecationWarning: The sql_alchemy_pool_enabled option in [core] has been moved to the sql_alchemy_pool_enabled option in [database] - the old setting has been used, but please update your config.
[2023-04-22T13:23:01.586-0400] {logging_mixin.py:137} WARNING - /Users/admin/opt/anaconda3/envs/python-airflow-venv/lib/python3.10/site-packages/airflow/settings.py:400 DeprecationWarning: The sql_engine_encoding option in [core] has been moved to the sql_engine_encoding option in [database] - the old setting has been used, but please update your config.
[2023-04-22T13:23:01.587-0400] {processor.py:153} INFO - Started process (PID=3600) to work on /Users/admin/opt/anaconda3/envs/python-airflow-venv/lib/python3.10/site-packages/airflow/example_dags/tutorial.py
[2023-04-22T13:23:01.587-0400] {processor.py:743} INFO - Processing file /Users/admin/opt/anaconda3/envs/python-airflow-venv/lib/python3.10/site-packages/airflow/example_dags/tutorial.py for tasks to queue
[2023-04-22T13:23:01.587-0400] {logging_mixin.py:137} INFO - [2023-04-22T13:23:01.587-0400] {dagbag.py:538} INFO - Filling up the DagBag from /Users/admin/opt/anaconda3/envs/python-airflow-venv/lib/python3.10/site-packages/airflow/example_dags/tutorial.py
[2023-04-22T13:23:01.635-0400] {processor.py:753} INFO - DAG(s) dict_keys(['tutorial']) retrieved from /Users/admin/opt/anaconda3/envs/python-airflow-venv/lib/python3.10/site-packages/airflow/example_dags/tutorial.py
[2023-04-22T13:23:01.688-0400] {logging_mixin.py:137} WARNING - /Users/admin/opt/anaconda3/envs/python-airflow-venv/lib/python3.10/site-packages/airflow/jobs/scheduler_job.py:124 DeprecationWarning: The processor_poll_interval option in [scheduler] has been renamed to scheduler_idle_sleep_time - the old setting has been used, but please update your config.
[2023-04-22T13:23:02.261-0400] {logging_mixin.py:137} INFO - [2023-04-22T13:23:02.260-0400] {dag.py:2690} INFO - Sync 1 DAGs
[2023-04-22T13:23:02.275-0400] {logging_mixin.py:137} INFO - [2023-04-22T13:23:02.274-0400] {dag.py:3437} INFO - Setting next_dagrun for tutorial to 2023-04-21T17:23:02.274801+00:00, run_after=2023-04-22T17:23:02.274801+00:00
[2023-04-22T13:23:02.290-0400] {processor.py:175} INFO - Processing /Users/admin/opt/anaconda3/envs/python-airflow-venv/lib/python3.10/site-packages/airflow/example_dags/tutorial.py took 0.709 seconds
[2023-04-22T13:24:58.536-0400] {logging_mixin.py:137} WARNING - /Users/admin/opt/anaconda3/envs/python-airflow-venv/lib/python3.10/site-packages/airflow/settings.py:337 DeprecationWarning: The sql_alchemy_pool_enabled option in [core] has been moved to the sql_alchemy_pool_enabled option in [database] - the old setting has been used, but please update your config.
[2023-04-22T13:24:58.541-0400] {logging_mixin.py:137} WARNING - /Users/admin/opt/anaconda3/envs/python-airflow-venv/lib/python3.10/site-packages/airflow/settings.py:400 DeprecationWarning: The sql_engine_encoding option in [core] has been moved to the sql_engine_encoding option in [database] - the old setting has been used, but please update your config.
[2023-04-22T13:24:58.542-0400] {processor.py:153} INFO - Started process (PID=3654) to work on /Users/admin/opt/anaconda3/envs/python-airflow-venv/lib/python3.10/site-packages/airflow/example_dags/tutorial.py
[2023-04-22T13:24:58.542-0400] {processor.py:743} INFO - Processing file /Users/admin/opt/anaconda3/envs/python-airflow-venv/lib/python3.10/site-packages/airflow/example_dags/tutorial.py for tasks to queue
[2023-04-22T13:24:58.542-0400] {logging_mixin.py:137} INFO - [2023-04-22T13:24:58.542-0400] {dagbag.py:538} INFO - Filling up the DagBag from /Users/admin/opt/anaconda3/envs/python-airflow-venv/lib/python3.10/site-packages/airflow/example_dags/tutorial.py
[2023-04-22T13:24:58.590-0400] {processor.py:753} INFO - DAG(s) dict_keys(['tutorial']) retrieved from /Users/admin/opt/anaconda3/envs/python-airflow-venv/lib/python3.10/site-packages/airflow/example_dags/tutorial.py
[2023-04-22T13:24:58.644-0400] {logging_mixin.py:137} WARNING - /Users/admin/opt/anaconda3/envs/python-airflow-venv/lib/python3.10/site-packages/airflow/jobs/scheduler_job.py:124 DeprecationWarning: The processor_poll_interval option in [scheduler] has been renamed to scheduler_idle_sleep_time - the old setting has been used, but please update your config.
[2023-04-22T13:24:59.213-0400] {logging_mixin.py:137} INFO - [2023-04-22T13:24:59.213-0400] {dag.py:2690} INFO - Sync 1 DAGs
[2023-04-22T13:24:59.227-0400] {logging_mixin.py:137} INFO - [2023-04-22T13:24:59.227-0400] {dag.py:3437} INFO - Setting next_dagrun for tutorial to 2023-04-21T17:24:59.227668+00:00, run_after=2023-04-22T17:24:59.227668+00:00
[2023-04-22T13:24:59.247-0400] {processor.py:175} INFO - Processing /Users/admin/opt/anaconda3/envs/python-airflow-venv/lib/python3.10/site-packages/airflow/example_dags/tutorial.py took 0.712 seconds
[2023-04-22T13:53:49.431-0400] {logging_mixin.py:137} WARNING - /Users/admin/opt/anaconda3/envs/python-airflow-venv/lib/python3.10/site-packages/airflow/settings.py:337 DeprecationWarning: The sql_alchemy_pool_enabled option in [core] has been moved to the sql_alchemy_pool_enabled option in [database] - the old setting has been used, but please update your config.
[2023-04-22T13:53:49.435-0400] {logging_mixin.py:137} WARNING - /Users/admin/opt/anaconda3/envs/python-airflow-venv/lib/python3.10/site-packages/airflow/settings.py:400 DeprecationWarning: The sql_engine_encoding option in [core] has been moved to the sql_engine_encoding option in [database] - the old setting has been used, but please update your config.
[2023-04-22T13:53:49.436-0400] {processor.py:153} INFO - Started process (PID=3720) to work on /Users/admin/opt/anaconda3/envs/python-airflow-venv/lib/python3.10/site-packages/airflow/example_dags/tutorial.py
[2023-04-22T13:53:49.436-0400] {processor.py:743} INFO - Processing file /Users/admin/opt/anaconda3/envs/python-airflow-venv/lib/python3.10/site-packages/airflow/example_dags/tutorial.py for tasks to queue
[2023-04-22T13:53:49.436-0400] {logging_mixin.py:137} INFO - [2023-04-22T13:53:49.436-0400] {dagbag.py:538} INFO - Filling up the DagBag from /Users/admin/opt/anaconda3/envs/python-airflow-venv/lib/python3.10/site-packages/airflow/example_dags/tutorial.py
[2023-04-22T13:53:49.479-0400] {processor.py:753} INFO - DAG(s) dict_keys(['tutorial']) retrieved from /Users/admin/opt/anaconda3/envs/python-airflow-venv/lib/python3.10/site-packages/airflow/example_dags/tutorial.py
[2023-04-22T13:53:49.532-0400] {logging_mixin.py:137} WARNING - /Users/admin/opt/anaconda3/envs/python-airflow-venv/lib/python3.10/site-packages/airflow/jobs/scheduler_job.py:124 DeprecationWarning: The processor_poll_interval option in [scheduler] has been renamed to scheduler_idle_sleep_time - the old setting has been used, but please update your config.
[2023-04-22T13:53:50.101-0400] {logging_mixin.py:137} INFO - [2023-04-22T13:53:50.101-0400] {dag.py:2690} INFO - Sync 1 DAGs
[2023-04-22T13:53:50.115-0400] {logging_mixin.py:137} INFO - [2023-04-22T13:53:50.115-0400] {dag.py:3437} INFO - Setting next_dagrun for tutorial to 2023-04-21T17:53:50.115366+00:00, run_after=2023-04-22T17:53:50.115366+00:00
[2023-04-22T13:53:50.132-0400] {processor.py:175} INFO - Processing /Users/admin/opt/anaconda3/envs/python-airflow-venv/lib/python3.10/site-packages/airflow/example_dags/tutorial.py took 0.702 seconds
[2023-04-22T14:29:34.376-0400] {logging_mixin.py:137} WARNING - /Users/admin/opt/anaconda3/envs/python-airflow-venv/lib/python3.10/site-packages/airflow/settings.py:337 DeprecationWarning: The sql_alchemy_pool_enabled option in [core] has been moved to the sql_alchemy_pool_enabled option in [database] - the old setting has been used, but please update your config.
[2023-04-22T14:29:34.380-0400] {logging_mixin.py:137} WARNING - /Users/admin/opt/anaconda3/envs/python-airflow-venv/lib/python3.10/site-packages/airflow/settings.py:400 DeprecationWarning: The sql_engine_encoding option in [core] has been moved to the sql_engine_encoding option in [database] - the old setting has been used, but please update your config.
[2023-04-22T14:29:34.381-0400] {processor.py:153} INFO - Started process (PID=3796) to work on /Users/admin/opt/anaconda3/envs/python-airflow-venv/lib/python3.10/site-packages/airflow/example_dags/tutorial.py
[2023-04-22T14:29:34.381-0400] {processor.py:743} INFO - Processing file /Users/admin/opt/anaconda3/envs/python-airflow-venv/lib/python3.10/site-packages/airflow/example_dags/tutorial.py for tasks to queue
[2023-04-22T14:29:34.381-0400] {logging_mixin.py:137} INFO - [2023-04-22T14:29:34.381-0400] {dagbag.py:538} INFO - Filling up the DagBag from /Users/admin/opt/anaconda3/envs/python-airflow-venv/lib/python3.10/site-packages/airflow/example_dags/tutorial.py
[2023-04-22T14:29:34.429-0400] {processor.py:753} INFO - DAG(s) dict_keys(['tutorial']) retrieved from /Users/admin/opt/anaconda3/envs/python-airflow-venv/lib/python3.10/site-packages/airflow/example_dags/tutorial.py
[2023-04-22T14:29:34.482-0400] {logging_mixin.py:137} WARNING - /Users/admin/opt/anaconda3/envs/python-airflow-venv/lib/python3.10/site-packages/airflow/jobs/scheduler_job.py:124 DeprecationWarning: The processor_poll_interval option in [scheduler] has been renamed to scheduler_idle_sleep_time - the old setting has been used, but please update your config.
[2023-04-22T14:29:35.050-0400] {logging_mixin.py:137} INFO - [2023-04-22T14:29:35.050-0400] {dag.py:2690} INFO - Sync 1 DAGs
[2023-04-22T14:29:35.064-0400] {logging_mixin.py:137} INFO - [2023-04-22T14:29:35.064-0400] {dag.py:3437} INFO - Setting next_dagrun for tutorial to 2023-04-21T18:29:35.064520+00:00, run_after=2023-04-22T18:29:35.064520+00:00
[2023-04-22T14:29:35.080-0400] {processor.py:175} INFO - Processing /Users/admin/opt/anaconda3/envs/python-airflow-venv/lib/python3.10/site-packages/airflow/example_dags/tutorial.py took 0.705 seconds
[2023-04-22T14:31:30.808-0400] {logging_mixin.py:137} WARNING - /Users/admin/opt/anaconda3/envs/python-airflow-venv/lib/python3.10/site-packages/airflow/settings.py:337 DeprecationWarning: The sql_alchemy_pool_enabled option in [core] has been moved to the sql_alchemy_pool_enabled option in [database] - the old setting has been used, but please update your config.
[2023-04-22T14:31:30.812-0400] {logging_mixin.py:137} WARNING - /Users/admin/opt/anaconda3/envs/python-airflow-venv/lib/python3.10/site-packages/airflow/settings.py:400 DeprecationWarning: The sql_engine_encoding option in [core] has been moved to the sql_engine_encoding option in [database] - the old setting has been used, but please update your config.
[2023-04-22T14:31:30.813-0400] {processor.py:153} INFO - Started process (PID=3852) to work on /Users/admin/opt/anaconda3/envs/python-airflow-venv/lib/python3.10/site-packages/airflow/example_dags/tutorial.py
[2023-04-22T14:31:30.813-0400] {processor.py:743} INFO - Processing file /Users/admin/opt/anaconda3/envs/python-airflow-venv/lib/python3.10/site-packages/airflow/example_dags/tutorial.py for tasks to queue
[2023-04-22T14:31:30.813-0400] {logging_mixin.py:137} INFO - [2023-04-22T14:31:30.813-0400] {dagbag.py:538} INFO - Filling up the DagBag from /Users/admin/opt/anaconda3/envs/python-airflow-venv/lib/python3.10/site-packages/airflow/example_dags/tutorial.py
[2023-04-22T14:31:30.859-0400] {processor.py:753} INFO - DAG(s) dict_keys(['tutorial']) retrieved from /Users/admin/opt/anaconda3/envs/python-airflow-venv/lib/python3.10/site-packages/airflow/example_dags/tutorial.py
[2023-04-22T14:31:30.913-0400] {logging_mixin.py:137} WARNING - /Users/admin/opt/anaconda3/envs/python-airflow-venv/lib/python3.10/site-packages/airflow/jobs/scheduler_job.py:124 DeprecationWarning: The processor_poll_interval option in [scheduler] has been renamed to scheduler_idle_sleep_time - the old setting has been used, but please update your config.
[2023-04-22T14:31:31.482-0400] {logging_mixin.py:137} INFO - [2023-04-22T14:31:31.481-0400] {dag.py:2690} INFO - Sync 1 DAGs
[2023-04-22T14:31:31.495-0400] {logging_mixin.py:137} INFO - [2023-04-22T14:31:31.495-0400] {dag.py:3437} INFO - Setting next_dagrun for tutorial to 2023-04-21T18:31:31.495734+00:00, run_after=2023-04-22T18:31:31.495734+00:00
[2023-04-22T14:31:31.512-0400] {processor.py:175} INFO - Processing /Users/admin/opt/anaconda3/envs/python-airflow-venv/lib/python3.10/site-packages/airflow/example_dags/tutorial.py took 0.706 seconds
[2023-04-22T14:33:30.003-0400] {logging_mixin.py:137} WARNING - /Users/admin/opt/anaconda3/envs/python-airflow-venv/lib/python3.10/site-packages/airflow/settings.py:337 DeprecationWarning: The sql_alchemy_pool_enabled option in [core] has been moved to the sql_alchemy_pool_enabled option in [database] - the old setting has been used, but please update your config.
[2023-04-22T14:33:30.008-0400] {logging_mixin.py:137} WARNING - /Users/admin/opt/anaconda3/envs/python-airflow-venv/lib/python3.10/site-packages/airflow/settings.py:400 DeprecationWarning: The sql_engine_encoding option in [core] has been moved to the sql_engine_encoding option in [database] - the old setting has been used, but please update your config.
[2023-04-22T14:33:30.009-0400] {processor.py:153} INFO - Started process (PID=3953) to work on /Users/admin/opt/anaconda3/envs/python-airflow-venv/lib/python3.10/site-packages/airflow/example_dags/tutorial.py
[2023-04-22T14:33:30.009-0400] {processor.py:743} INFO - Processing file /Users/admin/opt/anaconda3/envs/python-airflow-venv/lib/python3.10/site-packages/airflow/example_dags/tutorial.py for tasks to queue
[2023-04-22T14:33:30.009-0400] {logging_mixin.py:137} INFO - [2023-04-22T14:33:30.009-0400] {dagbag.py:538} INFO - Filling up the DagBag from /Users/admin/opt/anaconda3/envs/python-airflow-venv/lib/python3.10/site-packages/airflow/example_dags/tutorial.py
[2023-04-22T14:33:30.057-0400] {processor.py:753} INFO - DAG(s) dict_keys(['tutorial']) retrieved from /Users/admin/opt/anaconda3/envs/python-airflow-venv/lib/python3.10/site-packages/airflow/example_dags/tutorial.py
[2023-04-22T14:33:30.111-0400] {logging_mixin.py:137} WARNING - /Users/admin/opt/anaconda3/envs/python-airflow-venv/lib/python3.10/site-packages/airflow/jobs/scheduler_job.py:124 DeprecationWarning: The processor_poll_interval option in [scheduler] has been renamed to scheduler_idle_sleep_time - the old setting has been used, but please update your config.
[2023-04-22T14:33:30.679-0400] {logging_mixin.py:137} INFO - [2023-04-22T14:33:30.679-0400] {dag.py:2690} INFO - Sync 1 DAGs
[2023-04-22T14:33:30.693-0400] {logging_mixin.py:137} INFO - [2023-04-22T14:33:30.693-0400] {dag.py:3437} INFO - Setting next_dagrun for tutorial to 2023-04-21T18:33:30.693463+00:00, run_after=2023-04-22T18:33:30.693463+00:00
[2023-04-22T14:33:30.710-0400] {processor.py:175} INFO - Processing /Users/admin/opt/anaconda3/envs/python-airflow-venv/lib/python3.10/site-packages/airflow/example_dags/tutorial.py took 0.708 seconds
[2023-04-22T14:35:27.516-0400] {logging_mixin.py:137} WARNING - /Users/admin/opt/anaconda3/envs/python-airflow-venv/lib/python3.10/site-packages/airflow/settings.py:337 DeprecationWarning: The sql_alchemy_pool_enabled option in [core] has been moved to the sql_alchemy_pool_enabled option in [database] - the old setting has been used, but please update your config.
[2023-04-22T14:35:27.520-0400] {logging_mixin.py:137} WARNING - /Users/admin/opt/anaconda3/envs/python-airflow-venv/lib/python3.10/site-packages/airflow/settings.py:400 DeprecationWarning: The sql_engine_encoding option in [core] has been moved to the sql_engine_encoding option in [database] - the old setting has been used, but please update your config.
[2023-04-22T14:35:27.521-0400] {processor.py:153} INFO - Started process (PID=4034) to work on /Users/admin/opt/anaconda3/envs/python-airflow-venv/lib/python3.10/site-packages/airflow/example_dags/tutorial.py
[2023-04-22T14:35:27.521-0400] {processor.py:743} INFO - Processing file /Users/admin/opt/anaconda3/envs/python-airflow-venv/lib/python3.10/site-packages/airflow/example_dags/tutorial.py for tasks to queue
[2023-04-22T14:35:27.521-0400] {logging_mixin.py:137} INFO - [2023-04-22T14:35:27.521-0400] {dagbag.py:538} INFO - Filling up the DagBag from /Users/admin/opt/anaconda3/envs/python-airflow-venv/lib/python3.10/site-packages/airflow/example_dags/tutorial.py
[2023-04-22T14:35:27.568-0400] {processor.py:753} INFO - DAG(s) dict_keys(['tutorial']) retrieved from /Users/admin/opt/anaconda3/envs/python-airflow-venv/lib/python3.10/site-packages/airflow/example_dags/tutorial.py
[2023-04-22T14:35:27.622-0400] {logging_mixin.py:137} WARNING - /Users/admin/opt/anaconda3/envs/python-airflow-venv/lib/python3.10/site-packages/airflow/jobs/scheduler_job.py:124 DeprecationWarning: The processor_poll_interval option in [scheduler] has been renamed to scheduler_idle_sleep_time - the old setting has been used, but please update your config.
[2023-04-22T14:35:28.198-0400] {logging_mixin.py:137} INFO - [2023-04-22T14:35:28.198-0400] {dag.py:2690} INFO - Sync 1 DAGs
[2023-04-22T14:35:28.212-0400] {logging_mixin.py:137} INFO - [2023-04-22T14:35:28.212-0400] {dag.py:3437} INFO - Setting next_dagrun for tutorial to 2023-04-21T18:35:28.211957+00:00, run_after=2023-04-22T18:35:28.211957+00:00
[2023-04-22T14:35:28.231-0400] {processor.py:175} INFO - Processing /Users/admin/opt/anaconda3/envs/python-airflow-venv/lib/python3.10/site-packages/airflow/example_dags/tutorial.py took 0.716 seconds
[2023-04-22T14:37:24.607-0400] {logging_mixin.py:137} WARNING - /Users/admin/opt/anaconda3/envs/python-airflow-venv/lib/python3.10/site-packages/airflow/settings.py:337 DeprecationWarning: The sql_alchemy_pool_enabled option in [core] has been moved to the sql_alchemy_pool_enabled option in [database] - the old setting has been used, but please update your config.
[2023-04-22T14:37:24.612-0400] {logging_mixin.py:137} WARNING - /Users/admin/opt/anaconda3/envs/python-airflow-venv/lib/python3.10/site-packages/airflow/settings.py:400 DeprecationWarning: The sql_engine_encoding option in [core] has been moved to the sql_engine_encoding option in [database] - the old setting has been used, but please update your config.
[2023-04-22T14:37:24.612-0400] {processor.py:153} INFO - Started process (PID=4097) to work on /Users/admin/opt/anaconda3/envs/python-airflow-venv/lib/python3.10/site-packages/airflow/example_dags/tutorial.py
[2023-04-22T14:37:24.612-0400] {processor.py:743} INFO - Processing file /Users/admin/opt/anaconda3/envs/python-airflow-venv/lib/python3.10/site-packages/airflow/example_dags/tutorial.py for tasks to queue
[2023-04-22T14:37:24.613-0400] {logging_mixin.py:137} INFO - [2023-04-22T14:37:24.613-0400] {dagbag.py:538} INFO - Filling up the DagBag from /Users/admin/opt/anaconda3/envs/python-airflow-venv/lib/python3.10/site-packages/airflow/example_dags/tutorial.py
[2023-04-22T14:37:24.661-0400] {processor.py:753} INFO - DAG(s) dict_keys(['tutorial']) retrieved from /Users/admin/opt/anaconda3/envs/python-airflow-venv/lib/python3.10/site-packages/airflow/example_dags/tutorial.py
[2023-04-22T14:37:24.714-0400] {logging_mixin.py:137} WARNING - /Users/admin/opt/anaconda3/envs/python-airflow-venv/lib/python3.10/site-packages/airflow/jobs/scheduler_job.py:124 DeprecationWarning: The processor_poll_interval option in [scheduler] has been renamed to scheduler_idle_sleep_time - the old setting has been used, but please update your config.
[2023-04-22T14:37:25.283-0400] {logging_mixin.py:137} INFO - [2023-04-22T14:37:25.283-0400] {dag.py:2690} INFO - Sync 1 DAGs
[2023-04-22T14:37:25.298-0400] {logging_mixin.py:137} INFO - [2023-04-22T14:37:25.297-0400] {dag.py:3437} INFO - Setting next_dagrun for tutorial to 2023-04-21T18:37:25.297767+00:00, run_after=2023-04-22T18:37:25.297767+00:00
[2023-04-22T14:37:25.314-0400] {processor.py:175} INFO - Processing /Users/admin/opt/anaconda3/envs/python-airflow-venv/lib/python3.10/site-packages/airflow/example_dags/tutorial.py took 0.707 seconds
