[2023-04-22T13:00:03.367-0400] {logging_mixin.py:137} WARNING - /Users/admin/opt/anaconda3/envs/python-airflow-venv/lib/python3.10/site-packages/airflow/settings.py:337 DeprecationWarning: The sql_alchemy_pool_enabled option in [core] has been moved to the sql_alchemy_pool_enabled option in [database] - the old setting has been used, but please update your config.
[2023-04-22T13:00:03.374-0400] {logging_mixin.py:137} WARNING - /Users/admin/opt/anaconda3/envs/python-airflow-venv/lib/python3.10/site-packages/airflow/settings.py:400 DeprecationWarning: The sql_engine_encoding option in [core] has been moved to the sql_engine_encoding option in [database] - the old setting has been used, but please update your config.
[2023-04-22T13:00:03.375-0400] {processor.py:153} INFO - Started process (PID=2606) to work on /Users/admin/opt/anaconda3/envs/python-airflow-venv/lib/python3.10/site-packages/airflow/example_dags/tutorial_dag.py
[2023-04-22T13:00:03.375-0400] {processor.py:743} INFO - Processing file /Users/admin/opt/anaconda3/envs/python-airflow-venv/lib/python3.10/site-packages/airflow/example_dags/tutorial_dag.py for tasks to queue
[2023-04-22T13:00:03.376-0400] {logging_mixin.py:137} INFO - [2023-04-22T13:00:03.376-0400] {dagbag.py:538} INFO - Filling up the DagBag from /Users/admin/opt/anaconda3/envs/python-airflow-venv/lib/python3.10/site-packages/airflow/example_dags/tutorial_dag.py
[2023-04-22T13:00:03.460-0400] {processor.py:753} INFO - DAG(s) dict_keys(['tutorial_dag']) retrieved from /Users/admin/opt/anaconda3/envs/python-airflow-venv/lib/python3.10/site-packages/airflow/example_dags/tutorial_dag.py
[2023-04-22T13:00:03.510-0400] {logging_mixin.py:137} WARNING - /Users/admin/opt/anaconda3/envs/python-airflow-venv/lib/python3.10/site-packages/airflow/jobs/scheduler_job.py:124 DeprecationWarning: The processor_poll_interval option in [scheduler] has been renamed to scheduler_idle_sleep_time - the old setting has been used, but please update your config.
[2023-04-22T13:00:04.192-0400] {logging_mixin.py:137} INFO - [2023-04-22T13:00:04.192-0400] {dag.py:2690} INFO - Sync 1 DAGs
[2023-04-22T13:00:04.213-0400] {logging_mixin.py:137} INFO - [2023-04-22T13:00:04.213-0400] {dag.py:3437} INFO - Setting next_dagrun for tutorial_dag to None, run_after=None
[2023-04-22T13:00:04.237-0400] {processor.py:175} INFO - Processing /Users/admin/opt/anaconda3/envs/python-airflow-venv/lib/python3.10/site-packages/airflow/example_dags/tutorial_dag.py took 0.871 seconds
[2023-04-22T13:02:12.895-0400] {logging_mixin.py:137} WARNING - /Users/admin/opt/anaconda3/envs/python-airflow-venv/lib/python3.10/site-packages/airflow/settings.py:337 DeprecationWarning: The sql_alchemy_pool_enabled option in [core] has been moved to the sql_alchemy_pool_enabled option in [database] - the old setting has been used, but please update your config.
[2023-04-22T13:02:12.904-0400] {logging_mixin.py:137} WARNING - /Users/admin/opt/anaconda3/envs/python-airflow-venv/lib/python3.10/site-packages/airflow/settings.py:400 DeprecationWarning: The sql_engine_encoding option in [core] has been moved to the sql_engine_encoding option in [database] - the old setting has been used, but please update your config.
[2023-04-22T13:02:12.905-0400] {processor.py:153} INFO - Started process (PID=2787) to work on /Users/admin/opt/anaconda3/envs/python-airflow-venv/lib/python3.10/site-packages/airflow/example_dags/tutorial_dag.py
[2023-04-22T13:02:12.905-0400] {processor.py:743} INFO - Processing file /Users/admin/opt/anaconda3/envs/python-airflow-venv/lib/python3.10/site-packages/airflow/example_dags/tutorial_dag.py for tasks to queue
[2023-04-22T13:02:12.906-0400] {logging_mixin.py:137} INFO - [2023-04-22T13:02:12.906-0400] {dagbag.py:538} INFO - Filling up the DagBag from /Users/admin/opt/anaconda3/envs/python-airflow-venv/lib/python3.10/site-packages/airflow/example_dags/tutorial_dag.py
[2023-04-22T13:02:13.019-0400] {processor.py:753} INFO - DAG(s) dict_keys(['tutorial_dag']) retrieved from /Users/admin/opt/anaconda3/envs/python-airflow-venv/lib/python3.10/site-packages/airflow/example_dags/tutorial_dag.py
[2023-04-22T13:02:13.093-0400] {logging_mixin.py:137} WARNING - /Users/admin/opt/anaconda3/envs/python-airflow-venv/lib/python3.10/site-packages/airflow/jobs/scheduler_job.py:124 DeprecationWarning: The processor_poll_interval option in [scheduler] has been renamed to scheduler_idle_sleep_time - the old setting has been used, but please update your config.
[2023-04-22T13:02:14.236-0400] {logging_mixin.py:137} INFO - [2023-04-22T13:02:14.235-0400] {dag.py:2690} INFO - Sync 1 DAGs
[2023-04-22T13:02:14.260-0400] {logging_mixin.py:137} INFO - [2023-04-22T13:02:14.260-0400] {dag.py:3437} INFO - Setting next_dagrun for tutorial_dag to None, run_after=None
[2023-04-22T13:02:14.285-0400] {processor.py:175} INFO - Processing /Users/admin/opt/anaconda3/envs/python-airflow-venv/lib/python3.10/site-packages/airflow/example_dags/tutorial_dag.py took 1.392 seconds
[2023-04-22T13:05:02.302-0400] {logging_mixin.py:137} WARNING - /Users/admin/opt/anaconda3/envs/python-airflow-venv/lib/python3.10/site-packages/airflow/settings.py:337 DeprecationWarning: The sql_alchemy_pool_enabled option in [core] has been moved to the sql_alchemy_pool_enabled option in [database] - the old setting has been used, but please update your config.
[2023-04-22T13:05:02.308-0400] {logging_mixin.py:137} WARNING - /Users/admin/opt/anaconda3/envs/python-airflow-venv/lib/python3.10/site-packages/airflow/settings.py:400 DeprecationWarning: The sql_engine_encoding option in [core] has been moved to the sql_engine_encoding option in [database] - the old setting has been used, but please update your config.
[2023-04-22T13:05:02.309-0400] {processor.py:153} INFO - Started process (PID=3050) to work on /Users/admin/opt/anaconda3/envs/python-airflow-venv/lib/python3.10/site-packages/airflow/example_dags/tutorial_dag.py
[2023-04-22T13:05:02.309-0400] {processor.py:743} INFO - Processing file /Users/admin/opt/anaconda3/envs/python-airflow-venv/lib/python3.10/site-packages/airflow/example_dags/tutorial_dag.py for tasks to queue
[2023-04-22T13:05:02.309-0400] {logging_mixin.py:137} INFO - [2023-04-22T13:05:02.309-0400] {dagbag.py:538} INFO - Filling up the DagBag from /Users/admin/opt/anaconda3/envs/python-airflow-venv/lib/python3.10/site-packages/airflow/example_dags/tutorial_dag.py
[2023-04-22T13:05:02.362-0400] {processor.py:753} INFO - DAG(s) dict_keys(['tutorial_dag']) retrieved from /Users/admin/opt/anaconda3/envs/python-airflow-venv/lib/python3.10/site-packages/airflow/example_dags/tutorial_dag.py
[2023-04-22T13:05:02.410-0400] {logging_mixin.py:137} WARNING - /Users/admin/opt/anaconda3/envs/python-airflow-venv/lib/python3.10/site-packages/airflow/jobs/scheduler_job.py:124 DeprecationWarning: The processor_poll_interval option in [scheduler] has been renamed to scheduler_idle_sleep_time - the old setting has been used, but please update your config.
[2023-04-22T13:05:03.063-0400] {logging_mixin.py:137} INFO - [2023-04-22T13:05:03.063-0400] {dag.py:2690} INFO - Sync 1 DAGs
[2023-04-22T13:05:03.079-0400] {logging_mixin.py:137} INFO - [2023-04-22T13:05:03.079-0400] {dag.py:3437} INFO - Setting next_dagrun for tutorial_dag to None, run_after=None
[2023-04-22T13:05:03.094-0400] {processor.py:175} INFO - Processing /Users/admin/opt/anaconda3/envs/python-airflow-venv/lib/python3.10/site-packages/airflow/example_dags/tutorial_dag.py took 0.793 seconds
[2023-04-22T13:06:33.922-0400] {logging_mixin.py:137} WARNING - /Users/admin/opt/anaconda3/envs/python-airflow-venv/lib/python3.10/site-packages/airflow/settings.py:337 DeprecationWarning: The sql_alchemy_pool_enabled option in [core] has been moved to the sql_alchemy_pool_enabled option in [database] - the old setting has been used, but please update your config.
[2023-04-22T13:06:33.930-0400] {logging_mixin.py:137} WARNING - /Users/admin/opt/anaconda3/envs/python-airflow-venv/lib/python3.10/site-packages/airflow/settings.py:400 DeprecationWarning: The sql_engine_encoding option in [core] has been moved to the sql_engine_encoding option in [database] - the old setting has been used, but please update your config.
[2023-04-22T13:06:33.930-0400] {processor.py:153} INFO - Started process (PID=3126) to work on /Users/admin/opt/anaconda3/envs/python-airflow-venv/lib/python3.10/site-packages/airflow/example_dags/tutorial_dag.py
[2023-04-22T13:06:33.931-0400] {processor.py:743} INFO - Processing file /Users/admin/opt/anaconda3/envs/python-airflow-venv/lib/python3.10/site-packages/airflow/example_dags/tutorial_dag.py for tasks to queue
[2023-04-22T13:06:33.931-0400] {logging_mixin.py:137} INFO - [2023-04-22T13:06:33.931-0400] {dagbag.py:538} INFO - Filling up the DagBag from /Users/admin/opt/anaconda3/envs/python-airflow-venv/lib/python3.10/site-packages/airflow/example_dags/tutorial_dag.py
[2023-04-22T13:06:33.999-0400] {processor.py:753} INFO - DAG(s) dict_keys(['tutorial_dag']) retrieved from /Users/admin/opt/anaconda3/envs/python-airflow-venv/lib/python3.10/site-packages/airflow/example_dags/tutorial_dag.py
[2023-04-22T13:06:34.055-0400] {logging_mixin.py:137} WARNING - /Users/admin/opt/anaconda3/envs/python-airflow-venv/lib/python3.10/site-packages/airflow/jobs/scheduler_job.py:124 DeprecationWarning: The processor_poll_interval option in [scheduler] has been renamed to scheduler_idle_sleep_time - the old setting has been used, but please update your config.
[2023-04-22T13:06:34.756-0400] {logging_mixin.py:137} INFO - [2023-04-22T13:06:34.755-0400] {dag.py:2690} INFO - Sync 1 DAGs
[2023-04-22T13:06:34.770-0400] {logging_mixin.py:137} INFO - [2023-04-22T13:06:34.770-0400] {dag.py:3437} INFO - Setting next_dagrun for tutorial_dag to None, run_after=None
[2023-04-22T13:06:34.786-0400] {processor.py:175} INFO - Processing /Users/admin/opt/anaconda3/envs/python-airflow-venv/lib/python3.10/site-packages/airflow/example_dags/tutorial_dag.py took 0.866 seconds
[2023-04-22T13:09:17.577-0400] {logging_mixin.py:137} WARNING - /Users/admin/opt/anaconda3/envs/python-airflow-venv/lib/python3.10/site-packages/airflow/settings.py:337 DeprecationWarning: The sql_alchemy_pool_enabled option in [core] has been moved to the sql_alchemy_pool_enabled option in [database] - the old setting has been used, but please update your config.
[2023-04-22T13:09:17.583-0400] {logging_mixin.py:137} WARNING - /Users/admin/opt/anaconda3/envs/python-airflow-venv/lib/python3.10/site-packages/airflow/settings.py:400 DeprecationWarning: The sql_engine_encoding option in [core] has been moved to the sql_engine_encoding option in [database] - the old setting has been used, but please update your config.
[2023-04-22T13:09:17.584-0400] {processor.py:153} INFO - Started process (PID=3218) to work on /Users/admin/opt/anaconda3/envs/python-airflow-venv/lib/python3.10/site-packages/airflow/example_dags/tutorial_dag.py
[2023-04-22T13:09:17.584-0400] {processor.py:743} INFO - Processing file /Users/admin/opt/anaconda3/envs/python-airflow-venv/lib/python3.10/site-packages/airflow/example_dags/tutorial_dag.py for tasks to queue
[2023-04-22T13:09:17.584-0400] {logging_mixin.py:137} INFO - [2023-04-22T13:09:17.584-0400] {dagbag.py:538} INFO - Filling up the DagBag from /Users/admin/opt/anaconda3/envs/python-airflow-venv/lib/python3.10/site-packages/airflow/example_dags/tutorial_dag.py
[2023-04-22T13:09:17.644-0400] {processor.py:753} INFO - DAG(s) dict_keys(['tutorial_dag']) retrieved from /Users/admin/opt/anaconda3/envs/python-airflow-venv/lib/python3.10/site-packages/airflow/example_dags/tutorial_dag.py
[2023-04-22T13:09:17.690-0400] {logging_mixin.py:137} WARNING - /Users/admin/opt/anaconda3/envs/python-airflow-venv/lib/python3.10/site-packages/airflow/jobs/scheduler_job.py:124 DeprecationWarning: The processor_poll_interval option in [scheduler] has been renamed to scheduler_idle_sleep_time - the old setting has been used, but please update your config.
[2023-04-22T13:09:18.265-0400] {logging_mixin.py:137} INFO - [2023-04-22T13:09:18.265-0400] {dag.py:2690} INFO - Sync 1 DAGs
[2023-04-22T13:09:18.279-0400] {logging_mixin.py:137} INFO - [2023-04-22T13:09:18.279-0400] {dag.py:3437} INFO - Setting next_dagrun for tutorial_dag to None, run_after=None
[2023-04-22T13:09:18.300-0400] {processor.py:175} INFO - Processing /Users/admin/opt/anaconda3/envs/python-airflow-venv/lib/python3.10/site-packages/airflow/example_dags/tutorial_dag.py took 0.724 seconds
[2023-04-22T13:11:18.598-0400] {logging_mixin.py:137} WARNING - /Users/admin/opt/anaconda3/envs/python-airflow-venv/lib/python3.10/site-packages/airflow/settings.py:337 DeprecationWarning: The sql_alchemy_pool_enabled option in [core] has been moved to the sql_alchemy_pool_enabled option in [database] - the old setting has been used, but please update your config.
[2023-04-22T13:11:18.602-0400] {logging_mixin.py:137} WARNING - /Users/admin/opt/anaconda3/envs/python-airflow-venv/lib/python3.10/site-packages/airflow/settings.py:400 DeprecationWarning: The sql_engine_encoding option in [core] has been moved to the sql_engine_encoding option in [database] - the old setting has been used, but please update your config.
[2023-04-22T13:11:18.603-0400] {processor.py:153} INFO - Started process (PID=3276) to work on /Users/admin/opt/anaconda3/envs/python-airflow-venv/lib/python3.10/site-packages/airflow/example_dags/tutorial_dag.py
[2023-04-22T13:11:18.603-0400] {processor.py:743} INFO - Processing file /Users/admin/opt/anaconda3/envs/python-airflow-venv/lib/python3.10/site-packages/airflow/example_dags/tutorial_dag.py for tasks to queue
[2023-04-22T13:11:18.603-0400] {logging_mixin.py:137} INFO - [2023-04-22T13:11:18.603-0400] {dagbag.py:538} INFO - Filling up the DagBag from /Users/admin/opt/anaconda3/envs/python-airflow-venv/lib/python3.10/site-packages/airflow/example_dags/tutorial_dag.py
[2023-04-22T13:11:18.658-0400] {processor.py:753} INFO - DAG(s) dict_keys(['tutorial_dag']) retrieved from /Users/admin/opt/anaconda3/envs/python-airflow-venv/lib/python3.10/site-packages/airflow/example_dags/tutorial_dag.py
[2023-04-22T13:11:18.704-0400] {logging_mixin.py:137} WARNING - /Users/admin/opt/anaconda3/envs/python-airflow-venv/lib/python3.10/site-packages/airflow/jobs/scheduler_job.py:124 DeprecationWarning: The processor_poll_interval option in [scheduler] has been renamed to scheduler_idle_sleep_time - the old setting has been used, but please update your config.
[2023-04-22T13:11:19.280-0400] {logging_mixin.py:137} INFO - [2023-04-22T13:11:19.279-0400] {dag.py:2690} INFO - Sync 1 DAGs
[2023-04-22T13:11:19.293-0400] {logging_mixin.py:137} INFO - [2023-04-22T13:11:19.293-0400] {dag.py:3437} INFO - Setting next_dagrun for tutorial_dag to None, run_after=None
[2023-04-22T13:11:19.310-0400] {processor.py:175} INFO - Processing /Users/admin/opt/anaconda3/envs/python-airflow-venv/lib/python3.10/site-packages/airflow/example_dags/tutorial_dag.py took 0.713 seconds
[2023-04-22T13:13:15.054-0400] {logging_mixin.py:137} WARNING - /Users/admin/opt/anaconda3/envs/python-airflow-venv/lib/python3.10/site-packages/airflow/settings.py:337 DeprecationWarning: The sql_alchemy_pool_enabled option in [core] has been moved to the sql_alchemy_pool_enabled option in [database] - the old setting has been used, but please update your config.
[2023-04-22T13:13:15.059-0400] {logging_mixin.py:137} WARNING - /Users/admin/opt/anaconda3/envs/python-airflow-venv/lib/python3.10/site-packages/airflow/settings.py:400 DeprecationWarning: The sql_engine_encoding option in [core] has been moved to the sql_engine_encoding option in [database] - the old setting has been used, but please update your config.
[2023-04-22T13:13:15.060-0400] {processor.py:153} INFO - Started process (PID=3330) to work on /Users/admin/opt/anaconda3/envs/python-airflow-venv/lib/python3.10/site-packages/airflow/example_dags/tutorial_dag.py
[2023-04-22T13:13:15.060-0400] {processor.py:743} INFO - Processing file /Users/admin/opt/anaconda3/envs/python-airflow-venv/lib/python3.10/site-packages/airflow/example_dags/tutorial_dag.py for tasks to queue
[2023-04-22T13:13:15.060-0400] {logging_mixin.py:137} INFO - [2023-04-22T13:13:15.060-0400] {dagbag.py:538} INFO - Filling up the DagBag from /Users/admin/opt/anaconda3/envs/python-airflow-venv/lib/python3.10/site-packages/airflow/example_dags/tutorial_dag.py
[2023-04-22T13:13:15.117-0400] {processor.py:753} INFO - DAG(s) dict_keys(['tutorial_dag']) retrieved from /Users/admin/opt/anaconda3/envs/python-airflow-venv/lib/python3.10/site-packages/airflow/example_dags/tutorial_dag.py
[2023-04-22T13:13:15.163-0400] {logging_mixin.py:137} WARNING - /Users/admin/opt/anaconda3/envs/python-airflow-venv/lib/python3.10/site-packages/airflow/jobs/scheduler_job.py:124 DeprecationWarning: The processor_poll_interval option in [scheduler] has been renamed to scheduler_idle_sleep_time - the old setting has been used, but please update your config.
[2023-04-22T13:13:15.734-0400] {logging_mixin.py:137} INFO - [2023-04-22T13:13:15.734-0400] {dag.py:2690} INFO - Sync 1 DAGs
[2023-04-22T13:13:15.748-0400] {logging_mixin.py:137} INFO - [2023-04-22T13:13:15.748-0400] {dag.py:3437} INFO - Setting next_dagrun for tutorial_dag to None, run_after=None
[2023-04-22T13:13:15.769-0400] {processor.py:175} INFO - Processing /Users/admin/opt/anaconda3/envs/python-airflow-venv/lib/python3.10/site-packages/airflow/example_dags/tutorial_dag.py took 0.716 seconds
[2023-04-22T13:15:11.873-0400] {logging_mixin.py:137} WARNING - /Users/admin/opt/anaconda3/envs/python-airflow-venv/lib/python3.10/site-packages/airflow/settings.py:337 DeprecationWarning: The sql_alchemy_pool_enabled option in [core] has been moved to the sql_alchemy_pool_enabled option in [database] - the old setting has been used, but please update your config.
[2023-04-22T13:15:11.878-0400] {logging_mixin.py:137} WARNING - /Users/admin/opt/anaconda3/envs/python-airflow-venv/lib/python3.10/site-packages/airflow/settings.py:400 DeprecationWarning: The sql_engine_encoding option in [core] has been moved to the sql_engine_encoding option in [database] - the old setting has been used, but please update your config.
[2023-04-22T13:15:11.878-0400] {processor.py:153} INFO - Started process (PID=3383) to work on /Users/admin/opt/anaconda3/envs/python-airflow-venv/lib/python3.10/site-packages/airflow/example_dags/tutorial_dag.py
[2023-04-22T13:15:11.879-0400] {processor.py:743} INFO - Processing file /Users/admin/opt/anaconda3/envs/python-airflow-venv/lib/python3.10/site-packages/airflow/example_dags/tutorial_dag.py for tasks to queue
[2023-04-22T13:15:11.879-0400] {logging_mixin.py:137} INFO - [2023-04-22T13:15:11.879-0400] {dagbag.py:538} INFO - Filling up the DagBag from /Users/admin/opt/anaconda3/envs/python-airflow-venv/lib/python3.10/site-packages/airflow/example_dags/tutorial_dag.py
[2023-04-22T13:15:11.935-0400] {processor.py:753} INFO - DAG(s) dict_keys(['tutorial_dag']) retrieved from /Users/admin/opt/anaconda3/envs/python-airflow-venv/lib/python3.10/site-packages/airflow/example_dags/tutorial_dag.py
[2023-04-22T13:15:11.981-0400] {logging_mixin.py:137} WARNING - /Users/admin/opt/anaconda3/envs/python-airflow-venv/lib/python3.10/site-packages/airflow/jobs/scheduler_job.py:124 DeprecationWarning: The processor_poll_interval option in [scheduler] has been renamed to scheduler_idle_sleep_time - the old setting has been used, but please update your config.
[2023-04-22T13:15:12.553-0400] {logging_mixin.py:137} INFO - [2023-04-22T13:15:12.553-0400] {dag.py:2690} INFO - Sync 1 DAGs
[2023-04-22T13:15:12.567-0400] {logging_mixin.py:137} INFO - [2023-04-22T13:15:12.567-0400] {dag.py:3437} INFO - Setting next_dagrun for tutorial_dag to None, run_after=None
[2023-04-22T13:15:12.584-0400] {processor.py:175} INFO - Processing /Users/admin/opt/anaconda3/envs/python-airflow-venv/lib/python3.10/site-packages/airflow/example_dags/tutorial_dag.py took 0.711 seconds
[2023-04-22T13:17:08.552-0400] {logging_mixin.py:137} WARNING - /Users/admin/opt/anaconda3/envs/python-airflow-venv/lib/python3.10/site-packages/airflow/settings.py:337 DeprecationWarning: The sql_alchemy_pool_enabled option in [core] has been moved to the sql_alchemy_pool_enabled option in [database] - the old setting has been used, but please update your config.
[2023-04-22T13:17:08.556-0400] {logging_mixin.py:137} WARNING - /Users/admin/opt/anaconda3/envs/python-airflow-venv/lib/python3.10/site-packages/airflow/settings.py:400 DeprecationWarning: The sql_engine_encoding option in [core] has been moved to the sql_engine_encoding option in [database] - the old setting has been used, but please update your config.
[2023-04-22T13:17:08.556-0400] {processor.py:153} INFO - Started process (PID=3437) to work on /Users/admin/opt/anaconda3/envs/python-airflow-venv/lib/python3.10/site-packages/airflow/example_dags/tutorial_dag.py
[2023-04-22T13:17:08.557-0400] {processor.py:743} INFO - Processing file /Users/admin/opt/anaconda3/envs/python-airflow-venv/lib/python3.10/site-packages/airflow/example_dags/tutorial_dag.py for tasks to queue
[2023-04-22T13:17:08.557-0400] {logging_mixin.py:137} INFO - [2023-04-22T13:17:08.557-0400] {dagbag.py:538} INFO - Filling up the DagBag from /Users/admin/opt/anaconda3/envs/python-airflow-venv/lib/python3.10/site-packages/airflow/example_dags/tutorial_dag.py
[2023-04-22T13:17:08.615-0400] {processor.py:753} INFO - DAG(s) dict_keys(['tutorial_dag']) retrieved from /Users/admin/opt/anaconda3/envs/python-airflow-venv/lib/python3.10/site-packages/airflow/example_dags/tutorial_dag.py
[2023-04-22T13:17:08.667-0400] {logging_mixin.py:137} WARNING - /Users/admin/opt/anaconda3/envs/python-airflow-venv/lib/python3.10/site-packages/airflow/jobs/scheduler_job.py:124 DeprecationWarning: The processor_poll_interval option in [scheduler] has been renamed to scheduler_idle_sleep_time - the old setting has been used, but please update your config.
[2023-04-22T13:17:09.336-0400] {logging_mixin.py:137} INFO - [2023-04-22T13:17:09.336-0400] {dag.py:2690} INFO - Sync 1 DAGs
[2023-04-22T13:17:09.355-0400] {logging_mixin.py:137} INFO - [2023-04-22T13:17:09.355-0400] {dag.py:3437} INFO - Setting next_dagrun for tutorial_dag to None, run_after=None
[2023-04-22T13:17:09.371-0400] {processor.py:175} INFO - Processing /Users/admin/opt/anaconda3/envs/python-airflow-venv/lib/python3.10/site-packages/airflow/example_dags/tutorial_dag.py took 0.821 seconds
[2023-04-22T13:19:05.493-0400] {logging_mixin.py:137} WARNING - /Users/admin/opt/anaconda3/envs/python-airflow-venv/lib/python3.10/site-packages/airflow/settings.py:337 DeprecationWarning: The sql_alchemy_pool_enabled option in [core] has been moved to the sql_alchemy_pool_enabled option in [database] - the old setting has been used, but please update your config.
[2023-04-22T13:19:05.497-0400] {logging_mixin.py:137} WARNING - /Users/admin/opt/anaconda3/envs/python-airflow-venv/lib/python3.10/site-packages/airflow/settings.py:400 DeprecationWarning: The sql_engine_encoding option in [core] has been moved to the sql_engine_encoding option in [database] - the old setting has been used, but please update your config.
[2023-04-22T13:19:05.497-0400] {processor.py:153} INFO - Started process (PID=3489) to work on /Users/admin/opt/anaconda3/envs/python-airflow-venv/lib/python3.10/site-packages/airflow/example_dags/tutorial_dag.py
[2023-04-22T13:19:05.498-0400] {processor.py:743} INFO - Processing file /Users/admin/opt/anaconda3/envs/python-airflow-venv/lib/python3.10/site-packages/airflow/example_dags/tutorial_dag.py for tasks to queue
[2023-04-22T13:19:05.498-0400] {logging_mixin.py:137} INFO - [2023-04-22T13:19:05.498-0400] {dagbag.py:538} INFO - Filling up the DagBag from /Users/admin/opt/anaconda3/envs/python-airflow-venv/lib/python3.10/site-packages/airflow/example_dags/tutorial_dag.py
[2023-04-22T13:19:05.553-0400] {processor.py:753} INFO - DAG(s) dict_keys(['tutorial_dag']) retrieved from /Users/admin/opt/anaconda3/envs/python-airflow-venv/lib/python3.10/site-packages/airflow/example_dags/tutorial_dag.py
[2023-04-22T13:19:05.599-0400] {logging_mixin.py:137} WARNING - /Users/admin/opt/anaconda3/envs/python-airflow-venv/lib/python3.10/site-packages/airflow/jobs/scheduler_job.py:124 DeprecationWarning: The processor_poll_interval option in [scheduler] has been renamed to scheduler_idle_sleep_time - the old setting has been used, but please update your config.
[2023-04-22T13:19:06.168-0400] {logging_mixin.py:137} INFO - [2023-04-22T13:19:06.167-0400] {dag.py:2690} INFO - Sync 1 DAGs
[2023-04-22T13:19:06.181-0400] {logging_mixin.py:137} INFO - [2023-04-22T13:19:06.181-0400] {dag.py:3437} INFO - Setting next_dagrun for tutorial_dag to None, run_after=None
[2023-04-22T13:19:06.201-0400] {processor.py:175} INFO - Processing /Users/admin/opt/anaconda3/envs/python-airflow-venv/lib/python3.10/site-packages/airflow/example_dags/tutorial_dag.py took 0.710 seconds
[2023-04-22T13:21:02.199-0400] {logging_mixin.py:137} WARNING - /Users/admin/opt/anaconda3/envs/python-airflow-venv/lib/python3.10/site-packages/airflow/settings.py:337 DeprecationWarning: The sql_alchemy_pool_enabled option in [core] has been moved to the sql_alchemy_pool_enabled option in [database] - the old setting has been used, but please update your config.
[2023-04-22T13:21:02.203-0400] {logging_mixin.py:137} WARNING - /Users/admin/opt/anaconda3/envs/python-airflow-venv/lib/python3.10/site-packages/airflow/settings.py:400 DeprecationWarning: The sql_engine_encoding option in [core] has been moved to the sql_engine_encoding option in [database] - the old setting has been used, but please update your config.
[2023-04-22T13:21:02.203-0400] {processor.py:153} INFO - Started process (PID=3547) to work on /Users/admin/opt/anaconda3/envs/python-airflow-venv/lib/python3.10/site-packages/airflow/example_dags/tutorial_dag.py
[2023-04-22T13:21:02.204-0400] {processor.py:743} INFO - Processing file /Users/admin/opt/anaconda3/envs/python-airflow-venv/lib/python3.10/site-packages/airflow/example_dags/tutorial_dag.py for tasks to queue
[2023-04-22T13:21:02.204-0400] {logging_mixin.py:137} INFO - [2023-04-22T13:21:02.204-0400] {dagbag.py:538} INFO - Filling up the DagBag from /Users/admin/opt/anaconda3/envs/python-airflow-venv/lib/python3.10/site-packages/airflow/example_dags/tutorial_dag.py
[2023-04-22T13:21:02.259-0400] {processor.py:753} INFO - DAG(s) dict_keys(['tutorial_dag']) retrieved from /Users/admin/opt/anaconda3/envs/python-airflow-venv/lib/python3.10/site-packages/airflow/example_dags/tutorial_dag.py
[2023-04-22T13:21:02.305-0400] {logging_mixin.py:137} WARNING - /Users/admin/opt/anaconda3/envs/python-airflow-venv/lib/python3.10/site-packages/airflow/jobs/scheduler_job.py:124 DeprecationWarning: The processor_poll_interval option in [scheduler] has been renamed to scheduler_idle_sleep_time - the old setting has been used, but please update your config.
[2023-04-22T13:21:02.875-0400] {logging_mixin.py:137} INFO - [2023-04-22T13:21:02.875-0400] {dag.py:2690} INFO - Sync 1 DAGs
[2023-04-22T13:21:02.889-0400] {logging_mixin.py:137} INFO - [2023-04-22T13:21:02.888-0400] {dag.py:3437} INFO - Setting next_dagrun for tutorial_dag to None, run_after=None
[2023-04-22T13:21:02.905-0400] {processor.py:175} INFO - Processing /Users/admin/opt/anaconda3/envs/python-airflow-venv/lib/python3.10/site-packages/airflow/example_dags/tutorial_dag.py took 0.707 seconds
[2023-04-22T13:22:58.808-0400] {logging_mixin.py:137} WARNING - /Users/admin/opt/anaconda3/envs/python-airflow-venv/lib/python3.10/site-packages/airflow/settings.py:337 DeprecationWarning: The sql_alchemy_pool_enabled option in [core] has been moved to the sql_alchemy_pool_enabled option in [database] - the old setting has been used, but please update your config.
[2023-04-22T13:22:58.812-0400] {logging_mixin.py:137} WARNING - /Users/admin/opt/anaconda3/envs/python-airflow-venv/lib/python3.10/site-packages/airflow/settings.py:400 DeprecationWarning: The sql_engine_encoding option in [core] has been moved to the sql_engine_encoding option in [database] - the old setting has been used, but please update your config.
[2023-04-22T13:22:58.813-0400] {processor.py:153} INFO - Started process (PID=3599) to work on /Users/admin/opt/anaconda3/envs/python-airflow-venv/lib/python3.10/site-packages/airflow/example_dags/tutorial_dag.py
[2023-04-22T13:22:58.813-0400] {processor.py:743} INFO - Processing file /Users/admin/opt/anaconda3/envs/python-airflow-venv/lib/python3.10/site-packages/airflow/example_dags/tutorial_dag.py for tasks to queue
[2023-04-22T13:22:58.813-0400] {logging_mixin.py:137} INFO - [2023-04-22T13:22:58.813-0400] {dagbag.py:538} INFO - Filling up the DagBag from /Users/admin/opt/anaconda3/envs/python-airflow-venv/lib/python3.10/site-packages/airflow/example_dags/tutorial_dag.py
[2023-04-22T13:22:58.868-0400] {processor.py:753} INFO - DAG(s) dict_keys(['tutorial_dag']) retrieved from /Users/admin/opt/anaconda3/envs/python-airflow-venv/lib/python3.10/site-packages/airflow/example_dags/tutorial_dag.py
[2023-04-22T13:22:58.913-0400] {logging_mixin.py:137} WARNING - /Users/admin/opt/anaconda3/envs/python-airflow-venv/lib/python3.10/site-packages/airflow/jobs/scheduler_job.py:124 DeprecationWarning: The processor_poll_interval option in [scheduler] has been renamed to scheduler_idle_sleep_time - the old setting has been used, but please update your config.
[2023-04-22T13:22:59.484-0400] {logging_mixin.py:137} INFO - [2023-04-22T13:22:59.483-0400] {dag.py:2690} INFO - Sync 1 DAGs
[2023-04-22T13:22:59.497-0400] {logging_mixin.py:137} INFO - [2023-04-22T13:22:59.497-0400] {dag.py:3437} INFO - Setting next_dagrun for tutorial_dag to None, run_after=None
[2023-04-22T13:22:59.515-0400] {processor.py:175} INFO - Processing /Users/admin/opt/anaconda3/envs/python-airflow-venv/lib/python3.10/site-packages/airflow/example_dags/tutorial_dag.py took 0.708 seconds
[2023-04-22T13:24:55.753-0400] {logging_mixin.py:137} WARNING - /Users/admin/opt/anaconda3/envs/python-airflow-venv/lib/python3.10/site-packages/airflow/settings.py:337 DeprecationWarning: The sql_alchemy_pool_enabled option in [core] has been moved to the sql_alchemy_pool_enabled option in [database] - the old setting has been used, but please update your config.
[2023-04-22T13:24:55.757-0400] {logging_mixin.py:137} WARNING - /Users/admin/opt/anaconda3/envs/python-airflow-venv/lib/python3.10/site-packages/airflow/settings.py:400 DeprecationWarning: The sql_engine_encoding option in [core] has been moved to the sql_engine_encoding option in [database] - the old setting has been used, but please update your config.
[2023-04-22T13:24:55.758-0400] {processor.py:153} INFO - Started process (PID=3652) to work on /Users/admin/opt/anaconda3/envs/python-airflow-venv/lib/python3.10/site-packages/airflow/example_dags/tutorial_dag.py
[2023-04-22T13:24:55.758-0400] {processor.py:743} INFO - Processing file /Users/admin/opt/anaconda3/envs/python-airflow-venv/lib/python3.10/site-packages/airflow/example_dags/tutorial_dag.py for tasks to queue
[2023-04-22T13:24:55.758-0400] {logging_mixin.py:137} INFO - [2023-04-22T13:24:55.758-0400] {dagbag.py:538} INFO - Filling up the DagBag from /Users/admin/opt/anaconda3/envs/python-airflow-venv/lib/python3.10/site-packages/airflow/example_dags/tutorial_dag.py
[2023-04-22T13:24:55.814-0400] {processor.py:753} INFO - DAG(s) dict_keys(['tutorial_dag']) retrieved from /Users/admin/opt/anaconda3/envs/python-airflow-venv/lib/python3.10/site-packages/airflow/example_dags/tutorial_dag.py
[2023-04-22T13:24:55.860-0400] {logging_mixin.py:137} WARNING - /Users/admin/opt/anaconda3/envs/python-airflow-venv/lib/python3.10/site-packages/airflow/jobs/scheduler_job.py:124 DeprecationWarning: The processor_poll_interval option in [scheduler] has been renamed to scheduler_idle_sleep_time - the old setting has been used, but please update your config.
[2023-04-22T13:24:56.432-0400] {logging_mixin.py:137} INFO - [2023-04-22T13:24:56.432-0400] {dag.py:2690} INFO - Sync 1 DAGs
[2023-04-22T13:24:56.446-0400] {logging_mixin.py:137} INFO - [2023-04-22T13:24:56.446-0400] {dag.py:3437} INFO - Setting next_dagrun for tutorial_dag to None, run_after=None
[2023-04-22T13:24:56.466-0400] {processor.py:175} INFO - Processing /Users/admin/opt/anaconda3/envs/python-airflow-venv/lib/python3.10/site-packages/airflow/example_dags/tutorial_dag.py took 0.714 seconds
[2023-04-22T13:53:46.687-0400] {logging_mixin.py:137} WARNING - /Users/admin/opt/anaconda3/envs/python-airflow-venv/lib/python3.10/site-packages/airflow/settings.py:337 DeprecationWarning: The sql_alchemy_pool_enabled option in [core] has been moved to the sql_alchemy_pool_enabled option in [database] - the old setting has been used, but please update your config.
[2023-04-22T13:53:46.692-0400] {logging_mixin.py:137} WARNING - /Users/admin/opt/anaconda3/envs/python-airflow-venv/lib/python3.10/site-packages/airflow/settings.py:400 DeprecationWarning: The sql_engine_encoding option in [core] has been moved to the sql_engine_encoding option in [database] - the old setting has been used, but please update your config.
[2023-04-22T13:53:46.692-0400] {processor.py:153} INFO - Started process (PID=3719) to work on /Users/admin/opt/anaconda3/envs/python-airflow-venv/lib/python3.10/site-packages/airflow/example_dags/tutorial_dag.py
[2023-04-22T13:53:46.692-0400] {processor.py:743} INFO - Processing file /Users/admin/opt/anaconda3/envs/python-airflow-venv/lib/python3.10/site-packages/airflow/example_dags/tutorial_dag.py for tasks to queue
[2023-04-22T13:53:46.693-0400] {logging_mixin.py:137} INFO - [2023-04-22T13:53:46.693-0400] {dagbag.py:538} INFO - Filling up the DagBag from /Users/admin/opt/anaconda3/envs/python-airflow-venv/lib/python3.10/site-packages/airflow/example_dags/tutorial_dag.py
[2023-04-22T13:53:46.745-0400] {processor.py:753} INFO - DAG(s) dict_keys(['tutorial_dag']) retrieved from /Users/admin/opt/anaconda3/envs/python-airflow-venv/lib/python3.10/site-packages/airflow/example_dags/tutorial_dag.py
[2023-04-22T13:53:46.791-0400] {logging_mixin.py:137} WARNING - /Users/admin/opt/anaconda3/envs/python-airflow-venv/lib/python3.10/site-packages/airflow/jobs/scheduler_job.py:124 DeprecationWarning: The processor_poll_interval option in [scheduler] has been renamed to scheduler_idle_sleep_time - the old setting has been used, but please update your config.
[2023-04-22T13:53:47.372-0400] {logging_mixin.py:137} INFO - [2023-04-22T13:53:47.372-0400] {dag.py:2690} INFO - Sync 1 DAGs
[2023-04-22T13:53:47.386-0400] {logging_mixin.py:137} INFO - [2023-04-22T13:53:47.386-0400] {dag.py:3437} INFO - Setting next_dagrun for tutorial_dag to None, run_after=None
[2023-04-22T13:53:47.408-0400] {processor.py:175} INFO - Processing /Users/admin/opt/anaconda3/envs/python-airflow-venv/lib/python3.10/site-packages/airflow/example_dags/tutorial_dag.py took 0.722 seconds
[2023-04-22T14:29:31.611-0400] {logging_mixin.py:137} WARNING - /Users/admin/opt/anaconda3/envs/python-airflow-venv/lib/python3.10/site-packages/airflow/settings.py:337 DeprecationWarning: The sql_alchemy_pool_enabled option in [core] has been moved to the sql_alchemy_pool_enabled option in [database] - the old setting has been used, but please update your config.
[2023-04-22T14:29:31.615-0400] {logging_mixin.py:137} WARNING - /Users/admin/opt/anaconda3/envs/python-airflow-venv/lib/python3.10/site-packages/airflow/settings.py:400 DeprecationWarning: The sql_engine_encoding option in [core] has been moved to the sql_engine_encoding option in [database] - the old setting has been used, but please update your config.
[2023-04-22T14:29:31.616-0400] {processor.py:153} INFO - Started process (PID=3795) to work on /Users/admin/opt/anaconda3/envs/python-airflow-venv/lib/python3.10/site-packages/airflow/example_dags/tutorial_dag.py
[2023-04-22T14:29:31.616-0400] {processor.py:743} INFO - Processing file /Users/admin/opt/anaconda3/envs/python-airflow-venv/lib/python3.10/site-packages/airflow/example_dags/tutorial_dag.py for tasks to queue
[2023-04-22T14:29:31.616-0400] {logging_mixin.py:137} INFO - [2023-04-22T14:29:31.616-0400] {dagbag.py:538} INFO - Filling up the DagBag from /Users/admin/opt/anaconda3/envs/python-airflow-venv/lib/python3.10/site-packages/airflow/example_dags/tutorial_dag.py
[2023-04-22T14:29:31.672-0400] {processor.py:753} INFO - DAG(s) dict_keys(['tutorial_dag']) retrieved from /Users/admin/opt/anaconda3/envs/python-airflow-venv/lib/python3.10/site-packages/airflow/example_dags/tutorial_dag.py
[2023-04-22T14:29:31.718-0400] {logging_mixin.py:137} WARNING - /Users/admin/opt/anaconda3/envs/python-airflow-venv/lib/python3.10/site-packages/airflow/jobs/scheduler_job.py:124 DeprecationWarning: The processor_poll_interval option in [scheduler] has been renamed to scheduler_idle_sleep_time - the old setting has been used, but please update your config.
[2023-04-22T14:29:32.289-0400] {logging_mixin.py:137} INFO - [2023-04-22T14:29:32.288-0400] {dag.py:2690} INFO - Sync 1 DAGs
[2023-04-22T14:29:32.302-0400] {logging_mixin.py:137} INFO - [2023-04-22T14:29:32.302-0400] {dag.py:3437} INFO - Setting next_dagrun for tutorial_dag to None, run_after=None
[2023-04-22T14:29:32.323-0400] {processor.py:175} INFO - Processing /Users/admin/opt/anaconda3/envs/python-airflow-venv/lib/python3.10/site-packages/airflow/example_dags/tutorial_dag.py took 0.713 seconds
[2023-04-22T14:31:28.051-0400] {logging_mixin.py:137} WARNING - /Users/admin/opt/anaconda3/envs/python-airflow-venv/lib/python3.10/site-packages/airflow/settings.py:337 DeprecationWarning: The sql_alchemy_pool_enabled option in [core] has been moved to the sql_alchemy_pool_enabled option in [database] - the old setting has been used, but please update your config.
[2023-04-22T14:31:28.055-0400] {logging_mixin.py:137} WARNING - /Users/admin/opt/anaconda3/envs/python-airflow-venv/lib/python3.10/site-packages/airflow/settings.py:400 DeprecationWarning: The sql_engine_encoding option in [core] has been moved to the sql_engine_encoding option in [database] - the old setting has been used, but please update your config.
[2023-04-22T14:31:28.056-0400] {processor.py:153} INFO - Started process (PID=3851) to work on /Users/admin/opt/anaconda3/envs/python-airflow-venv/lib/python3.10/site-packages/airflow/example_dags/tutorial_dag.py
[2023-04-22T14:31:28.056-0400] {processor.py:743} INFO - Processing file /Users/admin/opt/anaconda3/envs/python-airflow-venv/lib/python3.10/site-packages/airflow/example_dags/tutorial_dag.py for tasks to queue
[2023-04-22T14:31:28.056-0400] {logging_mixin.py:137} INFO - [2023-04-22T14:31:28.056-0400] {dagbag.py:538} INFO - Filling up the DagBag from /Users/admin/opt/anaconda3/envs/python-airflow-venv/lib/python3.10/site-packages/airflow/example_dags/tutorial_dag.py
[2023-04-22T14:31:28.112-0400] {processor.py:753} INFO - DAG(s) dict_keys(['tutorial_dag']) retrieved from /Users/admin/opt/anaconda3/envs/python-airflow-venv/lib/python3.10/site-packages/airflow/example_dags/tutorial_dag.py
[2023-04-22T14:31:28.158-0400] {logging_mixin.py:137} WARNING - /Users/admin/opt/anaconda3/envs/python-airflow-venv/lib/python3.10/site-packages/airflow/jobs/scheduler_job.py:124 DeprecationWarning: The processor_poll_interval option in [scheduler] has been renamed to scheduler_idle_sleep_time - the old setting has been used, but please update your config.
[2023-04-22T14:31:28.727-0400] {logging_mixin.py:137} INFO - [2023-04-22T14:31:28.727-0400] {dag.py:2690} INFO - Sync 1 DAGs
[2023-04-22T14:31:28.741-0400] {logging_mixin.py:137} INFO - [2023-04-22T14:31:28.740-0400] {dag.py:3437} INFO - Setting next_dagrun for tutorial_dag to None, run_after=None
[2023-04-22T14:31:28.761-0400] {processor.py:175} INFO - Processing /Users/admin/opt/anaconda3/envs/python-airflow-venv/lib/python3.10/site-packages/airflow/example_dags/tutorial_dag.py took 0.711 seconds
[2023-04-22T14:33:27.102-0400] {logging_mixin.py:137} WARNING - /Users/admin/opt/anaconda3/envs/python-airflow-venv/lib/python3.10/site-packages/airflow/settings.py:337 DeprecationWarning: The sql_alchemy_pool_enabled option in [core] has been moved to the sql_alchemy_pool_enabled option in [database] - the old setting has been used, but please update your config.
[2023-04-22T14:33:27.106-0400] {logging_mixin.py:137} WARNING - /Users/admin/opt/anaconda3/envs/python-airflow-venv/lib/python3.10/site-packages/airflow/settings.py:400 DeprecationWarning: The sql_engine_encoding option in [core] has been moved to the sql_engine_encoding option in [database] - the old setting has been used, but please update your config.
[2023-04-22T14:33:27.107-0400] {processor.py:153} INFO - Started process (PID=3952) to work on /Users/admin/opt/anaconda3/envs/python-airflow-venv/lib/python3.10/site-packages/airflow/example_dags/tutorial_dag.py
[2023-04-22T14:33:27.107-0400] {processor.py:743} INFO - Processing file /Users/admin/opt/anaconda3/envs/python-airflow-venv/lib/python3.10/site-packages/airflow/example_dags/tutorial_dag.py for tasks to queue
[2023-04-22T14:33:27.107-0400] {logging_mixin.py:137} INFO - [2023-04-22T14:33:27.107-0400] {dagbag.py:538} INFO - Filling up the DagBag from /Users/admin/opt/anaconda3/envs/python-airflow-venv/lib/python3.10/site-packages/airflow/example_dags/tutorial_dag.py
[2023-04-22T14:33:27.161-0400] {processor.py:753} INFO - DAG(s) dict_keys(['tutorial_dag']) retrieved from /Users/admin/opt/anaconda3/envs/python-airflow-venv/lib/python3.10/site-packages/airflow/example_dags/tutorial_dag.py
[2023-04-22T14:33:27.208-0400] {logging_mixin.py:137} WARNING - /Users/admin/opt/anaconda3/envs/python-airflow-venv/lib/python3.10/site-packages/airflow/jobs/scheduler_job.py:124 DeprecationWarning: The processor_poll_interval option in [scheduler] has been renamed to scheduler_idle_sleep_time - the old setting has been used, but please update your config.
[2023-04-22T14:33:27.863-0400] {logging_mixin.py:137} INFO - [2023-04-22T14:33:27.862-0400] {dag.py:2690} INFO - Sync 1 DAGs
[2023-04-22T14:33:27.879-0400] {logging_mixin.py:137} INFO - [2023-04-22T14:33:27.878-0400] {dag.py:3437} INFO - Setting next_dagrun for tutorial_dag to None, run_after=None
[2023-04-22T14:33:27.896-0400] {processor.py:175} INFO - Processing /Users/admin/opt/anaconda3/envs/python-airflow-venv/lib/python3.10/site-packages/airflow/example_dags/tutorial_dag.py took 0.796 seconds
[2023-04-22T14:35:24.757-0400] {logging_mixin.py:137} WARNING - /Users/admin/opt/anaconda3/envs/python-airflow-venv/lib/python3.10/site-packages/airflow/settings.py:337 DeprecationWarning: The sql_alchemy_pool_enabled option in [core] has been moved to the sql_alchemy_pool_enabled option in [database] - the old setting has been used, but please update your config.
[2023-04-22T14:35:24.762-0400] {logging_mixin.py:137} WARNING - /Users/admin/opt/anaconda3/envs/python-airflow-venv/lib/python3.10/site-packages/airflow/settings.py:400 DeprecationWarning: The sql_engine_encoding option in [core] has been moved to the sql_engine_encoding option in [database] - the old setting has been used, but please update your config.
[2023-04-22T14:35:24.762-0400] {processor.py:153} INFO - Started process (PID=4033) to work on /Users/admin/opt/anaconda3/envs/python-airflow-venv/lib/python3.10/site-packages/airflow/example_dags/tutorial_dag.py
[2023-04-22T14:35:24.763-0400] {processor.py:743} INFO - Processing file /Users/admin/opt/anaconda3/envs/python-airflow-venv/lib/python3.10/site-packages/airflow/example_dags/tutorial_dag.py for tasks to queue
[2023-04-22T14:35:24.763-0400] {logging_mixin.py:137} INFO - [2023-04-22T14:35:24.763-0400] {dagbag.py:538} INFO - Filling up the DagBag from /Users/admin/opt/anaconda3/envs/python-airflow-venv/lib/python3.10/site-packages/airflow/example_dags/tutorial_dag.py
[2023-04-22T14:35:24.821-0400] {processor.py:753} INFO - DAG(s) dict_keys(['tutorial_dag']) retrieved from /Users/admin/opt/anaconda3/envs/python-airflow-venv/lib/python3.10/site-packages/airflow/example_dags/tutorial_dag.py
[2023-04-22T14:35:24.867-0400] {logging_mixin.py:137} WARNING - /Users/admin/opt/anaconda3/envs/python-airflow-venv/lib/python3.10/site-packages/airflow/jobs/scheduler_job.py:124 DeprecationWarning: The processor_poll_interval option in [scheduler] has been renamed to scheduler_idle_sleep_time - the old setting has been used, but please update your config.
[2023-04-22T14:35:25.436-0400] {logging_mixin.py:137} INFO - [2023-04-22T14:35:25.435-0400] {dag.py:2690} INFO - Sync 1 DAGs
[2023-04-22T14:35:25.450-0400] {logging_mixin.py:137} INFO - [2023-04-22T14:35:25.449-0400] {dag.py:3437} INFO - Setting next_dagrun for tutorial_dag to None, run_after=None
[2023-04-22T14:35:25.466-0400] {processor.py:175} INFO - Processing /Users/admin/opt/anaconda3/envs/python-airflow-venv/lib/python3.10/site-packages/airflow/example_dags/tutorial_dag.py took 0.710 seconds
[2023-04-22T14:37:21.852-0400] {logging_mixin.py:137} WARNING - /Users/admin/opt/anaconda3/envs/python-airflow-venv/lib/python3.10/site-packages/airflow/settings.py:337 DeprecationWarning: The sql_alchemy_pool_enabled option in [core] has been moved to the sql_alchemy_pool_enabled option in [database] - the old setting has been used, but please update your config.
[2023-04-22T14:37:21.857-0400] {logging_mixin.py:137} WARNING - /Users/admin/opt/anaconda3/envs/python-airflow-venv/lib/python3.10/site-packages/airflow/settings.py:400 DeprecationWarning: The sql_engine_encoding option in [core] has been moved to the sql_engine_encoding option in [database] - the old setting has been used, but please update your config.
[2023-04-22T14:37:21.857-0400] {processor.py:153} INFO - Started process (PID=4096) to work on /Users/admin/opt/anaconda3/envs/python-airflow-venv/lib/python3.10/site-packages/airflow/example_dags/tutorial_dag.py
[2023-04-22T14:37:21.858-0400] {processor.py:743} INFO - Processing file /Users/admin/opt/anaconda3/envs/python-airflow-venv/lib/python3.10/site-packages/airflow/example_dags/tutorial_dag.py for tasks to queue
[2023-04-22T14:37:21.858-0400] {logging_mixin.py:137} INFO - [2023-04-22T14:37:21.858-0400] {dagbag.py:538} INFO - Filling up the DagBag from /Users/admin/opt/anaconda3/envs/python-airflow-venv/lib/python3.10/site-packages/airflow/example_dags/tutorial_dag.py
[2023-04-22T14:37:21.914-0400] {processor.py:753} INFO - DAG(s) dict_keys(['tutorial_dag']) retrieved from /Users/admin/opt/anaconda3/envs/python-airflow-venv/lib/python3.10/site-packages/airflow/example_dags/tutorial_dag.py
[2023-04-22T14:37:21.960-0400] {logging_mixin.py:137} WARNING - /Users/admin/opt/anaconda3/envs/python-airflow-venv/lib/python3.10/site-packages/airflow/jobs/scheduler_job.py:124 DeprecationWarning: The processor_poll_interval option in [scheduler] has been renamed to scheduler_idle_sleep_time - the old setting has been used, but please update your config.
[2023-04-22T14:37:22.530-0400] {logging_mixin.py:137} INFO - [2023-04-22T14:37:22.530-0400] {dag.py:2690} INFO - Sync 1 DAGs
[2023-04-22T14:37:22.544-0400] {logging_mixin.py:137} INFO - [2023-04-22T14:37:22.544-0400] {dag.py:3437} INFO - Setting next_dagrun for tutorial_dag to None, run_after=None
[2023-04-22T14:37:22.560-0400] {processor.py:175} INFO - Processing /Users/admin/opt/anaconda3/envs/python-airflow-venv/lib/python3.10/site-packages/airflow/example_dags/tutorial_dag.py took 0.708 seconds
