[2023-03-18T18:37:46.533-0400] {logging_mixin.py:137} WARNING - /Users/admin/opt/anaconda3/envs/python-airflow-venv/lib/python3.10/site-packages/airflow/settings.py:337 DeprecationWarning: The sql_alchemy_pool_enabled option in [core] has been moved to the sql_alchemy_pool_enabled option in [database] - the old setting has been used, but please update your config.
[2023-03-18T18:37:46.541-0400] {logging_mixin.py:137} WARNING - /Users/admin/opt/anaconda3/envs/python-airflow-venv/lib/python3.10/site-packages/airflow/settings.py:400 DeprecationWarning: The sql_engine_encoding option in [core] has been moved to the sql_engine_encoding option in [database] - the old setting has been used, but please update your config.
[2023-03-18T18:37:46.542-0400] {processor.py:153} INFO - Started process (PID=20318) to work on /Users/admin/opt/anaconda3/envs/python-airflow-venv/lib/python3.10/site-packages/airflow/example_dags/example_task_group.py
[2023-03-18T18:37:46.543-0400] {processor.py:743} INFO - Processing file /Users/admin/opt/anaconda3/envs/python-airflow-venv/lib/python3.10/site-packages/airflow/example_dags/example_task_group.py for tasks to queue
[2023-03-18T18:37:46.543-0400] {logging_mixin.py:137} INFO - [2023-03-18T18:37:46.543-0400] {dagbag.py:538} INFO - Filling up the DagBag from /Users/admin/opt/anaconda3/envs/python-airflow-venv/lib/python3.10/site-packages/airflow/example_dags/example_task_group.py
[2023-03-18T18:37:46.619-0400] {processor.py:753} INFO - DAG(s) dict_keys(['example_task_group']) retrieved from /Users/admin/opt/anaconda3/envs/python-airflow-venv/lib/python3.10/site-packages/airflow/example_dags/example_task_group.py
[2023-03-18T18:37:46.708-0400] {logging_mixin.py:137} WARNING - /Users/admin/opt/anaconda3/envs/python-airflow-venv/lib/python3.10/site-packages/airflow/jobs/scheduler_job.py:124 DeprecationWarning: The processor_poll_interval option in [scheduler] has been renamed to scheduler_idle_sleep_time - the old setting has been used, but please update your config.
[2023-03-18T18:37:47.646-0400] {logging_mixin.py:137} INFO - [2023-03-18T18:37:47.646-0400] {dag.py:2690} INFO - Sync 1 DAGs
[2023-03-18T18:37:47.667-0400] {logging_mixin.py:137} INFO - [2023-03-18T18:37:47.667-0400] {dag.py:3437} INFO - Setting next_dagrun for example_task_group to 2023-03-17T22:37:47.667442+00:00, run_after=2023-03-18T22:37:47.667442+00:00
[2023-03-18T18:37:47.687-0400] {processor.py:175} INFO - Processing /Users/admin/opt/anaconda3/envs/python-airflow-venv/lib/python3.10/site-packages/airflow/example_dags/example_task_group.py took 1.155 seconds
[2023-03-18T18:39:46.781-0400] {logging_mixin.py:137} WARNING - /Users/admin/opt/anaconda3/envs/python-airflow-venv/lib/python3.10/site-packages/airflow/settings.py:337 DeprecationWarning: The sql_alchemy_pool_enabled option in [core] has been moved to the sql_alchemy_pool_enabled option in [database] - the old setting has been used, but please update your config.
[2023-03-18T18:39:46.786-0400] {logging_mixin.py:137} WARNING - /Users/admin/opt/anaconda3/envs/python-airflow-venv/lib/python3.10/site-packages/airflow/settings.py:400 DeprecationWarning: The sql_engine_encoding option in [core] has been moved to the sql_engine_encoding option in [database] - the old setting has been used, but please update your config.
[2023-03-18T18:39:46.787-0400] {processor.py:153} INFO - Started process (PID=20558) to work on /Users/admin/opt/anaconda3/envs/python-airflow-venv/lib/python3.10/site-packages/airflow/example_dags/example_task_group.py
[2023-03-18T18:39:46.787-0400] {processor.py:743} INFO - Processing file /Users/admin/opt/anaconda3/envs/python-airflow-venv/lib/python3.10/site-packages/airflow/example_dags/example_task_group.py for tasks to queue
[2023-03-18T18:39:46.787-0400] {logging_mixin.py:137} INFO - [2023-03-18T18:39:46.787-0400] {dagbag.py:538} INFO - Filling up the DagBag from /Users/admin/opt/anaconda3/envs/python-airflow-venv/lib/python3.10/site-packages/airflow/example_dags/example_task_group.py
[2023-03-18T18:39:46.841-0400] {processor.py:753} INFO - DAG(s) dict_keys(['example_task_group']) retrieved from /Users/admin/opt/anaconda3/envs/python-airflow-venv/lib/python3.10/site-packages/airflow/example_dags/example_task_group.py
[2023-03-18T18:39:46.901-0400] {logging_mixin.py:137} WARNING - /Users/admin/opt/anaconda3/envs/python-airflow-venv/lib/python3.10/site-packages/airflow/jobs/scheduler_job.py:124 DeprecationWarning: The processor_poll_interval option in [scheduler] has been renamed to scheduler_idle_sleep_time - the old setting has been used, but please update your config.
[2023-03-18T18:39:47.578-0400] {logging_mixin.py:137} INFO - [2023-03-18T18:39:47.578-0400] {dag.py:2690} INFO - Sync 1 DAGs
[2023-03-18T18:39:47.597-0400] {logging_mixin.py:137} INFO - [2023-03-18T18:39:47.597-0400] {dag.py:3437} INFO - Setting next_dagrun for example_task_group to 2023-03-17T22:39:47.597481+00:00, run_after=2023-03-18T22:39:47.597481+00:00
[2023-03-18T18:39:47.617-0400] {processor.py:175} INFO - Processing /Users/admin/opt/anaconda3/envs/python-airflow-venv/lib/python3.10/site-packages/airflow/example_dags/example_task_group.py took 0.837 seconds
[2023-03-18T18:41:43.627-0400] {logging_mixin.py:137} WARNING - /Users/admin/opt/anaconda3/envs/python-airflow-venv/lib/python3.10/site-packages/airflow/settings.py:337 DeprecationWarning: The sql_alchemy_pool_enabled option in [core] has been moved to the sql_alchemy_pool_enabled option in [database] - the old setting has been used, but please update your config.
[2023-03-18T18:41:43.632-0400] {logging_mixin.py:137} WARNING - /Users/admin/opt/anaconda3/envs/python-airflow-venv/lib/python3.10/site-packages/airflow/settings.py:400 DeprecationWarning: The sql_engine_encoding option in [core] has been moved to the sql_engine_encoding option in [database] - the old setting has been used, but please update your config.
[2023-03-18T18:41:43.633-0400] {processor.py:153} INFO - Started process (PID=20621) to work on /Users/admin/opt/anaconda3/envs/python-airflow-venv/lib/python3.10/site-packages/airflow/example_dags/example_task_group.py
[2023-03-18T18:41:43.633-0400] {processor.py:743} INFO - Processing file /Users/admin/opt/anaconda3/envs/python-airflow-venv/lib/python3.10/site-packages/airflow/example_dags/example_task_group.py for tasks to queue
[2023-03-18T18:41:43.633-0400] {logging_mixin.py:137} INFO - [2023-03-18T18:41:43.633-0400] {dagbag.py:538} INFO - Filling up the DagBag from /Users/admin/opt/anaconda3/envs/python-airflow-venv/lib/python3.10/site-packages/airflow/example_dags/example_task_group.py
[2023-03-18T18:41:43.682-0400] {processor.py:753} INFO - DAG(s) dict_keys(['example_task_group']) retrieved from /Users/admin/opt/anaconda3/envs/python-airflow-venv/lib/python3.10/site-packages/airflow/example_dags/example_task_group.py
[2023-03-18T18:41:43.736-0400] {logging_mixin.py:137} WARNING - /Users/admin/opt/anaconda3/envs/python-airflow-venv/lib/python3.10/site-packages/airflow/jobs/scheduler_job.py:124 DeprecationWarning: The processor_poll_interval option in [scheduler] has been renamed to scheduler_idle_sleep_time - the old setting has been used, but please update your config.
[2023-03-18T18:41:44.340-0400] {logging_mixin.py:137} INFO - [2023-03-18T18:41:44.340-0400] {dag.py:2690} INFO - Sync 1 DAGs
[2023-03-18T18:41:44.355-0400] {logging_mixin.py:137} INFO - [2023-03-18T18:41:44.355-0400] {dag.py:3437} INFO - Setting next_dagrun for example_task_group to 2023-03-17T22:41:44.355618+00:00, run_after=2023-03-18T22:41:44.355618+00:00
[2023-03-18T18:41:44.374-0400] {processor.py:175} INFO - Processing /Users/admin/opt/anaconda3/envs/python-airflow-venv/lib/python3.10/site-packages/airflow/example_dags/example_task_group.py took 0.747 seconds
[2023-03-18T18:43:38.855-0400] {logging_mixin.py:137} WARNING - /Users/admin/opt/anaconda3/envs/python-airflow-venv/lib/python3.10/site-packages/airflow/settings.py:337 DeprecationWarning: The sql_alchemy_pool_enabled option in [core] has been moved to the sql_alchemy_pool_enabled option in [database] - the old setting has been used, but please update your config.
[2023-03-18T18:43:38.859-0400] {logging_mixin.py:137} WARNING - /Users/admin/opt/anaconda3/envs/python-airflow-venv/lib/python3.10/site-packages/airflow/settings.py:400 DeprecationWarning: The sql_engine_encoding option in [core] has been moved to the sql_engine_encoding option in [database] - the old setting has been used, but please update your config.
[2023-03-18T18:43:38.860-0400] {processor.py:153} INFO - Started process (PID=20672) to work on /Users/admin/opt/anaconda3/envs/python-airflow-venv/lib/python3.10/site-packages/airflow/example_dags/example_task_group.py
[2023-03-18T18:43:38.860-0400] {processor.py:743} INFO - Processing file /Users/admin/opt/anaconda3/envs/python-airflow-venv/lib/python3.10/site-packages/airflow/example_dags/example_task_group.py for tasks to queue
[2023-03-18T18:43:38.861-0400] {logging_mixin.py:137} INFO - [2023-03-18T18:43:38.860-0400] {dagbag.py:538} INFO - Filling up the DagBag from /Users/admin/opt/anaconda3/envs/python-airflow-venv/lib/python3.10/site-packages/airflow/example_dags/example_task_group.py
[2023-03-18T18:43:38.910-0400] {processor.py:753} INFO - DAG(s) dict_keys(['example_task_group']) retrieved from /Users/admin/opt/anaconda3/envs/python-airflow-venv/lib/python3.10/site-packages/airflow/example_dags/example_task_group.py
[2023-03-18T18:43:38.964-0400] {logging_mixin.py:137} WARNING - /Users/admin/opt/anaconda3/envs/python-airflow-venv/lib/python3.10/site-packages/airflow/jobs/scheduler_job.py:124 DeprecationWarning: The processor_poll_interval option in [scheduler] has been renamed to scheduler_idle_sleep_time - the old setting has been used, but please update your config.
[2023-03-18T18:43:39.614-0400] {logging_mixin.py:137} INFO - [2023-03-18T18:43:39.613-0400] {dag.py:2690} INFO - Sync 1 DAGs
[2023-03-18T18:43:39.630-0400] {logging_mixin.py:137} INFO - [2023-03-18T18:43:39.630-0400] {dag.py:3437} INFO - Setting next_dagrun for example_task_group to 2023-03-17T22:43:39.629928+00:00, run_after=2023-03-18T22:43:39.629928+00:00
[2023-03-18T18:43:39.647-0400] {processor.py:175} INFO - Processing /Users/admin/opt/anaconda3/envs/python-airflow-venv/lib/python3.10/site-packages/airflow/example_dags/example_task_group.py took 0.793 seconds
[2023-03-18T18:45:35.339-0400] {logging_mixin.py:137} WARNING - /Users/admin/opt/anaconda3/envs/python-airflow-venv/lib/python3.10/site-packages/airflow/settings.py:337 DeprecationWarning: The sql_alchemy_pool_enabled option in [core] has been moved to the sql_alchemy_pool_enabled option in [database] - the old setting has been used, but please update your config.
[2023-03-18T18:45:35.343-0400] {logging_mixin.py:137} WARNING - /Users/admin/opt/anaconda3/envs/python-airflow-venv/lib/python3.10/site-packages/airflow/settings.py:400 DeprecationWarning: The sql_engine_encoding option in [core] has been moved to the sql_engine_encoding option in [database] - the old setting has been used, but please update your config.
[2023-03-18T18:45:35.344-0400] {processor.py:153} INFO - Started process (PID=20721) to work on /Users/admin/opt/anaconda3/envs/python-airflow-venv/lib/python3.10/site-packages/airflow/example_dags/example_task_group.py
[2023-03-18T18:45:35.344-0400] {processor.py:743} INFO - Processing file /Users/admin/opt/anaconda3/envs/python-airflow-venv/lib/python3.10/site-packages/airflow/example_dags/example_task_group.py for tasks to queue
[2023-03-18T18:45:35.345-0400] {logging_mixin.py:137} INFO - [2023-03-18T18:45:35.345-0400] {dagbag.py:538} INFO - Filling up the DagBag from /Users/admin/opt/anaconda3/envs/python-airflow-venv/lib/python3.10/site-packages/airflow/example_dags/example_task_group.py
[2023-03-18T18:45:35.392-0400] {processor.py:753} INFO - DAG(s) dict_keys(['example_task_group']) retrieved from /Users/admin/opt/anaconda3/envs/python-airflow-venv/lib/python3.10/site-packages/airflow/example_dags/example_task_group.py
[2023-03-18T18:45:35.448-0400] {logging_mixin.py:137} WARNING - /Users/admin/opt/anaconda3/envs/python-airflow-venv/lib/python3.10/site-packages/airflow/jobs/scheduler_job.py:124 DeprecationWarning: The processor_poll_interval option in [scheduler] has been renamed to scheduler_idle_sleep_time - the old setting has been used, but please update your config.
[2023-03-18T18:45:36.051-0400] {logging_mixin.py:137} INFO - [2023-03-18T18:45:36.051-0400] {dag.py:2690} INFO - Sync 1 DAGs
[2023-03-18T18:45:36.065-0400] {logging_mixin.py:137} INFO - [2023-03-18T18:45:36.065-0400] {dag.py:3437} INFO - Setting next_dagrun for example_task_group to 2023-03-17T22:45:36.065070+00:00, run_after=2023-03-18T22:45:36.065070+00:00
[2023-03-18T18:45:36.084-0400] {processor.py:175} INFO - Processing /Users/admin/opt/anaconda3/envs/python-airflow-venv/lib/python3.10/site-packages/airflow/example_dags/example_task_group.py took 0.746 seconds
[2023-03-18T18:47:38.976-0400] {logging_mixin.py:137} WARNING - /Users/admin/opt/anaconda3/envs/python-airflow-venv/lib/python3.10/site-packages/airflow/settings.py:337 DeprecationWarning: The sql_alchemy_pool_enabled option in [core] has been moved to the sql_alchemy_pool_enabled option in [database] - the old setting has been used, but please update your config.
[2023-03-18T18:47:38.982-0400] {logging_mixin.py:137} WARNING - /Users/admin/opt/anaconda3/envs/python-airflow-venv/lib/python3.10/site-packages/airflow/settings.py:400 DeprecationWarning: The sql_engine_encoding option in [core] has been moved to the sql_engine_encoding option in [database] - the old setting has been used, but please update your config.
[2023-03-18T18:47:38.982-0400] {processor.py:153} INFO - Started process (PID=20772) to work on /Users/admin/opt/anaconda3/envs/python-airflow-venv/lib/python3.10/site-packages/airflow/example_dags/example_task_group.py
[2023-03-18T18:47:38.983-0400] {processor.py:743} INFO - Processing file /Users/admin/opt/anaconda3/envs/python-airflow-venv/lib/python3.10/site-packages/airflow/example_dags/example_task_group.py for tasks to queue
[2023-03-18T18:47:38.983-0400] {logging_mixin.py:137} INFO - [2023-03-18T18:47:38.983-0400] {dagbag.py:538} INFO - Filling up the DagBag from /Users/admin/opt/anaconda3/envs/python-airflow-venv/lib/python3.10/site-packages/airflow/example_dags/example_task_group.py
[2023-03-18T18:47:39.040-0400] {processor.py:753} INFO - DAG(s) dict_keys(['example_task_group']) retrieved from /Users/admin/opt/anaconda3/envs/python-airflow-venv/lib/python3.10/site-packages/airflow/example_dags/example_task_group.py
[2023-03-18T18:47:39.104-0400] {logging_mixin.py:137} WARNING - /Users/admin/opt/anaconda3/envs/python-airflow-venv/lib/python3.10/site-packages/airflow/jobs/scheduler_job.py:124 DeprecationWarning: The processor_poll_interval option in [scheduler] has been renamed to scheduler_idle_sleep_time - the old setting has been used, but please update your config.
[2023-03-18T18:47:39.813-0400] {logging_mixin.py:137} INFO - [2023-03-18T18:47:39.813-0400] {dag.py:2690} INFO - Sync 1 DAGs
[2023-03-18T18:47:39.829-0400] {logging_mixin.py:137} INFO - [2023-03-18T18:47:39.829-0400] {dag.py:3437} INFO - Setting next_dagrun for example_task_group to 2023-03-17T22:47:39.829405+00:00, run_after=2023-03-18T22:47:39.829405+00:00
[2023-03-18T18:47:39.848-0400] {processor.py:175} INFO - Processing /Users/admin/opt/anaconda3/envs/python-airflow-venv/lib/python3.10/site-packages/airflow/example_dags/example_task_group.py took 0.874 seconds
[2023-03-18T18:49:37.974-0400] {logging_mixin.py:137} WARNING - /Users/admin/opt/anaconda3/envs/python-airflow-venv/lib/python3.10/site-packages/airflow/settings.py:337 DeprecationWarning: The sql_alchemy_pool_enabled option in [core] has been moved to the sql_alchemy_pool_enabled option in [database] - the old setting has been used, but please update your config.
[2023-03-18T18:49:37.978-0400] {logging_mixin.py:137} WARNING - /Users/admin/opt/anaconda3/envs/python-airflow-venv/lib/python3.10/site-packages/airflow/settings.py:400 DeprecationWarning: The sql_engine_encoding option in [core] has been moved to the sql_engine_encoding option in [database] - the old setting has been used, but please update your config.
[2023-03-18T18:49:37.979-0400] {processor.py:153} INFO - Started process (PID=20829) to work on /Users/admin/opt/anaconda3/envs/python-airflow-venv/lib/python3.10/site-packages/airflow/example_dags/example_task_group.py
[2023-03-18T18:49:37.979-0400] {processor.py:743} INFO - Processing file /Users/admin/opt/anaconda3/envs/python-airflow-venv/lib/python3.10/site-packages/airflow/example_dags/example_task_group.py for tasks to queue
[2023-03-18T18:49:37.980-0400] {logging_mixin.py:137} INFO - [2023-03-18T18:49:37.980-0400] {dagbag.py:538} INFO - Filling up the DagBag from /Users/admin/opt/anaconda3/envs/python-airflow-venv/lib/python3.10/site-packages/airflow/example_dags/example_task_group.py
[2023-03-18T18:49:38.039-0400] {processor.py:753} INFO - DAG(s) dict_keys(['example_task_group']) retrieved from /Users/admin/opt/anaconda3/envs/python-airflow-venv/lib/python3.10/site-packages/airflow/example_dags/example_task_group.py
[2023-03-18T18:49:38.097-0400] {logging_mixin.py:137} WARNING - /Users/admin/opt/anaconda3/envs/python-airflow-venv/lib/python3.10/site-packages/airflow/jobs/scheduler_job.py:124 DeprecationWarning: The processor_poll_interval option in [scheduler] has been renamed to scheduler_idle_sleep_time - the old setting has been used, but please update your config.
[2023-03-18T18:49:38.694-0400] {logging_mixin.py:137} INFO - [2023-03-18T18:49:38.694-0400] {dag.py:2690} INFO - Sync 1 DAGs
[2023-03-18T18:49:38.709-0400] {logging_mixin.py:137} INFO - [2023-03-18T18:49:38.709-0400] {dag.py:3437} INFO - Setting next_dagrun for example_task_group to 2023-03-17T22:49:38.708885+00:00, run_after=2023-03-18T22:49:38.708885+00:00
[2023-03-18T18:49:38.726-0400] {processor.py:175} INFO - Processing /Users/admin/opt/anaconda3/envs/python-airflow-venv/lib/python3.10/site-packages/airflow/example_dags/example_task_group.py took 0.753 seconds
[2023-03-18T18:51:43.729-0400] {logging_mixin.py:137} WARNING - /Users/admin/opt/anaconda3/envs/python-airflow-venv/lib/python3.10/site-packages/airflow/settings.py:337 DeprecationWarning: The sql_alchemy_pool_enabled option in [core] has been moved to the sql_alchemy_pool_enabled option in [database] - the old setting has been used, but please update your config.
[2023-03-18T18:51:43.734-0400] {logging_mixin.py:137} WARNING - /Users/admin/opt/anaconda3/envs/python-airflow-venv/lib/python3.10/site-packages/airflow/settings.py:400 DeprecationWarning: The sql_engine_encoding option in [core] has been moved to the sql_engine_encoding option in [database] - the old setting has been used, but please update your config.
[2023-03-18T18:51:43.735-0400] {processor.py:153} INFO - Started process (PID=20900) to work on /Users/admin/opt/anaconda3/envs/python-airflow-venv/lib/python3.10/site-packages/airflow/example_dags/example_task_group.py
[2023-03-18T18:51:43.735-0400] {processor.py:743} INFO - Processing file /Users/admin/opt/anaconda3/envs/python-airflow-venv/lib/python3.10/site-packages/airflow/example_dags/example_task_group.py for tasks to queue
[2023-03-18T18:51:43.735-0400] {logging_mixin.py:137} INFO - [2023-03-18T18:51:43.735-0400] {dagbag.py:538} INFO - Filling up the DagBag from /Users/admin/opt/anaconda3/envs/python-airflow-venv/lib/python3.10/site-packages/airflow/example_dags/example_task_group.py
[2023-03-18T18:51:43.786-0400] {processor.py:753} INFO - DAG(s) dict_keys(['example_task_group']) retrieved from /Users/admin/opt/anaconda3/envs/python-airflow-venv/lib/python3.10/site-packages/airflow/example_dags/example_task_group.py
[2023-03-18T18:51:43.840-0400] {logging_mixin.py:137} WARNING - /Users/admin/opt/anaconda3/envs/python-airflow-venv/lib/python3.10/site-packages/airflow/jobs/scheduler_job.py:124 DeprecationWarning: The processor_poll_interval option in [scheduler] has been renamed to scheduler_idle_sleep_time - the old setting has been used, but please update your config.
[2023-03-18T18:51:44.455-0400] {logging_mixin.py:137} INFO - [2023-03-18T18:51:44.455-0400] {dag.py:2690} INFO - Sync 1 DAGs
[2023-03-18T18:51:44.470-0400] {logging_mixin.py:137} INFO - [2023-03-18T18:51:44.470-0400] {dag.py:3437} INFO - Setting next_dagrun for example_task_group to 2023-03-17T22:51:44.470312+00:00, run_after=2023-03-18T22:51:44.470312+00:00
[2023-03-18T18:51:44.491-0400] {processor.py:175} INFO - Processing /Users/admin/opt/anaconda3/envs/python-airflow-venv/lib/python3.10/site-packages/airflow/example_dags/example_task_group.py took 0.763 seconds
[2023-03-18T18:53:38.904-0400] {logging_mixin.py:137} WARNING - /Users/admin/opt/anaconda3/envs/python-airflow-venv/lib/python3.10/site-packages/airflow/settings.py:337 DeprecationWarning: The sql_alchemy_pool_enabled option in [core] has been moved to the sql_alchemy_pool_enabled option in [database] - the old setting has been used, but please update your config.
[2023-03-18T18:53:38.908-0400] {logging_mixin.py:137} WARNING - /Users/admin/opt/anaconda3/envs/python-airflow-venv/lib/python3.10/site-packages/airflow/settings.py:400 DeprecationWarning: The sql_engine_encoding option in [core] has been moved to the sql_engine_encoding option in [database] - the old setting has been used, but please update your config.
[2023-03-18T18:53:38.909-0400] {processor.py:153} INFO - Started process (PID=20952) to work on /Users/admin/opt/anaconda3/envs/python-airflow-venv/lib/python3.10/site-packages/airflow/example_dags/example_task_group.py
[2023-03-18T18:53:38.909-0400] {processor.py:743} INFO - Processing file /Users/admin/opt/anaconda3/envs/python-airflow-venv/lib/python3.10/site-packages/airflow/example_dags/example_task_group.py for tasks to queue
[2023-03-18T18:53:38.909-0400] {logging_mixin.py:137} INFO - [2023-03-18T18:53:38.909-0400] {dagbag.py:538} INFO - Filling up the DagBag from /Users/admin/opt/anaconda3/envs/python-airflow-venv/lib/python3.10/site-packages/airflow/example_dags/example_task_group.py
[2023-03-18T18:53:38.958-0400] {processor.py:753} INFO - DAG(s) dict_keys(['example_task_group']) retrieved from /Users/admin/opt/anaconda3/envs/python-airflow-venv/lib/python3.10/site-packages/airflow/example_dags/example_task_group.py
[2023-03-18T18:53:39.011-0400] {logging_mixin.py:137} WARNING - /Users/admin/opt/anaconda3/envs/python-airflow-venv/lib/python3.10/site-packages/airflow/jobs/scheduler_job.py:124 DeprecationWarning: The processor_poll_interval option in [scheduler] has been renamed to scheduler_idle_sleep_time - the old setting has been used, but please update your config.
[2023-03-18T18:53:39.632-0400] {logging_mixin.py:137} INFO - [2023-03-18T18:53:39.631-0400] {dag.py:2690} INFO - Sync 1 DAGs
[2023-03-18T18:53:39.646-0400] {logging_mixin.py:137} INFO - [2023-03-18T18:53:39.646-0400] {dag.py:3437} INFO - Setting next_dagrun for example_task_group to 2023-03-17T22:53:39.646391+00:00, run_after=2023-03-18T22:53:39.646391+00:00
[2023-03-18T18:53:39.663-0400] {processor.py:175} INFO - Processing /Users/admin/opt/anaconda3/envs/python-airflow-venv/lib/python3.10/site-packages/airflow/example_dags/example_task_group.py took 0.760 seconds
[2023-03-18T18:55:33.975-0400] {logging_mixin.py:137} WARNING - /Users/admin/opt/anaconda3/envs/python-airflow-venv/lib/python3.10/site-packages/airflow/settings.py:337 DeprecationWarning: The sql_alchemy_pool_enabled option in [core] has been moved to the sql_alchemy_pool_enabled option in [database] - the old setting has been used, but please update your config.
[2023-03-18T18:55:33.980-0400] {logging_mixin.py:137} WARNING - /Users/admin/opt/anaconda3/envs/python-airflow-venv/lib/python3.10/site-packages/airflow/settings.py:400 DeprecationWarning: The sql_engine_encoding option in [core] has been moved to the sql_engine_encoding option in [database] - the old setting has been used, but please update your config.
[2023-03-18T18:55:33.980-0400] {processor.py:153} INFO - Started process (PID=21006) to work on /Users/admin/opt/anaconda3/envs/python-airflow-venv/lib/python3.10/site-packages/airflow/example_dags/example_task_group.py
[2023-03-18T18:55:33.981-0400] {processor.py:743} INFO - Processing file /Users/admin/opt/anaconda3/envs/python-airflow-venv/lib/python3.10/site-packages/airflow/example_dags/example_task_group.py for tasks to queue
[2023-03-18T18:55:33.981-0400] {logging_mixin.py:137} INFO - [2023-03-18T18:55:33.981-0400] {dagbag.py:538} INFO - Filling up the DagBag from /Users/admin/opt/anaconda3/envs/python-airflow-venv/lib/python3.10/site-packages/airflow/example_dags/example_task_group.py
[2023-03-18T18:55:34.045-0400] {processor.py:753} INFO - DAG(s) dict_keys(['example_task_group']) retrieved from /Users/admin/opt/anaconda3/envs/python-airflow-venv/lib/python3.10/site-packages/airflow/example_dags/example_task_group.py
[2023-03-18T18:55:34.120-0400] {logging_mixin.py:137} WARNING - /Users/admin/opt/anaconda3/envs/python-airflow-venv/lib/python3.10/site-packages/airflow/jobs/scheduler_job.py:124 DeprecationWarning: The processor_poll_interval option in [scheduler] has been renamed to scheduler_idle_sleep_time - the old setting has been used, but please update your config.
[2023-03-18T18:55:34.851-0400] {logging_mixin.py:137} INFO - [2023-03-18T18:55:34.851-0400] {dag.py:2690} INFO - Sync 1 DAGs
[2023-03-18T18:55:34.868-0400] {logging_mixin.py:137} INFO - [2023-03-18T18:55:34.868-0400] {dag.py:3437} INFO - Setting next_dagrun for example_task_group to 2023-03-17T22:55:34.867920+00:00, run_after=2023-03-18T22:55:34.867920+00:00
[2023-03-18T18:55:34.882-0400] {processor.py:175} INFO - Processing /Users/admin/opt/anaconda3/envs/python-airflow-venv/lib/python3.10/site-packages/airflow/example_dags/example_task_group.py took 0.908 seconds
[2023-03-18T18:57:32.717-0400] {logging_mixin.py:137} WARNING - /Users/admin/opt/anaconda3/envs/python-airflow-venv/lib/python3.10/site-packages/airflow/settings.py:337 DeprecationWarning: The sql_alchemy_pool_enabled option in [core] has been moved to the sql_alchemy_pool_enabled option in [database] - the old setting has been used, but please update your config.
[2023-03-18T18:57:32.723-0400] {logging_mixin.py:137} WARNING - /Users/admin/opt/anaconda3/envs/python-airflow-venv/lib/python3.10/site-packages/airflow/settings.py:400 DeprecationWarning: The sql_engine_encoding option in [core] has been moved to the sql_engine_encoding option in [database] - the old setting has been used, but please update your config.
[2023-03-18T18:57:32.723-0400] {processor.py:153} INFO - Started process (PID=21217) to work on /Users/admin/opt/anaconda3/envs/python-airflow-venv/lib/python3.10/site-packages/airflow/example_dags/example_task_group.py
[2023-03-18T18:57:32.724-0400] {processor.py:743} INFO - Processing file /Users/admin/opt/anaconda3/envs/python-airflow-venv/lib/python3.10/site-packages/airflow/example_dags/example_task_group.py for tasks to queue
[2023-03-18T18:57:32.724-0400] {logging_mixin.py:137} INFO - [2023-03-18T18:57:32.724-0400] {dagbag.py:538} INFO - Filling up the DagBag from /Users/admin/opt/anaconda3/envs/python-airflow-venv/lib/python3.10/site-packages/airflow/example_dags/example_task_group.py
[2023-03-18T18:57:32.777-0400] {processor.py:753} INFO - DAG(s) dict_keys(['example_task_group']) retrieved from /Users/admin/opt/anaconda3/envs/python-airflow-venv/lib/python3.10/site-packages/airflow/example_dags/example_task_group.py
[2023-03-18T18:57:32.833-0400] {logging_mixin.py:137} WARNING - /Users/admin/opt/anaconda3/envs/python-airflow-venv/lib/python3.10/site-packages/airflow/jobs/scheduler_job.py:124 DeprecationWarning: The processor_poll_interval option in [scheduler] has been renamed to scheduler_idle_sleep_time - the old setting has been used, but please update your config.
[2023-03-18T18:57:33.466-0400] {logging_mixin.py:137} INFO - [2023-03-18T18:57:33.466-0400] {dag.py:2690} INFO - Sync 1 DAGs
[2023-03-18T18:57:33.483-0400] {logging_mixin.py:137} INFO - [2023-03-18T18:57:33.483-0400] {dag.py:3437} INFO - Setting next_dagrun for example_task_group to 2023-03-17T22:57:33.482891+00:00, run_after=2023-03-18T22:57:33.482891+00:00
[2023-03-18T18:57:33.500-0400] {processor.py:175} INFO - Processing /Users/admin/opt/anaconda3/envs/python-airflow-venv/lib/python3.10/site-packages/airflow/example_dags/example_task_group.py took 0.783 seconds
[2023-03-18T18:59:29.157-0400] {logging_mixin.py:137} WARNING - /Users/admin/opt/anaconda3/envs/python-airflow-venv/lib/python3.10/site-packages/airflow/settings.py:337 DeprecationWarning: The sql_alchemy_pool_enabled option in [core] has been moved to the sql_alchemy_pool_enabled option in [database] - the old setting has been used, but please update your config.
[2023-03-18T18:59:29.161-0400] {logging_mixin.py:137} WARNING - /Users/admin/opt/anaconda3/envs/python-airflow-venv/lib/python3.10/site-packages/airflow/settings.py:400 DeprecationWarning: The sql_engine_encoding option in [core] has been moved to the sql_engine_encoding option in [database] - the old setting has been used, but please update your config.
[2023-03-18T18:59:29.162-0400] {processor.py:153} INFO - Started process (PID=21279) to work on /Users/admin/opt/anaconda3/envs/python-airflow-venv/lib/python3.10/site-packages/airflow/example_dags/example_task_group.py
[2023-03-18T18:59:29.162-0400] {processor.py:743} INFO - Processing file /Users/admin/opt/anaconda3/envs/python-airflow-venv/lib/python3.10/site-packages/airflow/example_dags/example_task_group.py for tasks to queue
[2023-03-18T18:59:29.162-0400] {logging_mixin.py:137} INFO - [2023-03-18T18:59:29.162-0400] {dagbag.py:538} INFO - Filling up the DagBag from /Users/admin/opt/anaconda3/envs/python-airflow-venv/lib/python3.10/site-packages/airflow/example_dags/example_task_group.py
[2023-03-18T18:59:29.211-0400] {processor.py:753} INFO - DAG(s) dict_keys(['example_task_group']) retrieved from /Users/admin/opt/anaconda3/envs/python-airflow-venv/lib/python3.10/site-packages/airflow/example_dags/example_task_group.py
[2023-03-18T18:59:29.264-0400] {logging_mixin.py:137} WARNING - /Users/admin/opt/anaconda3/envs/python-airflow-venv/lib/python3.10/site-packages/airflow/jobs/scheduler_job.py:124 DeprecationWarning: The processor_poll_interval option in [scheduler] has been renamed to scheduler_idle_sleep_time - the old setting has been used, but please update your config.
[2023-03-18T18:59:29.860-0400] {logging_mixin.py:137} INFO - [2023-03-18T18:59:29.860-0400] {dag.py:2690} INFO - Sync 1 DAGs
[2023-03-18T18:59:29.875-0400] {logging_mixin.py:137} INFO - [2023-03-18T18:59:29.875-0400] {dag.py:3437} INFO - Setting next_dagrun for example_task_group to 2023-03-17T22:59:29.875281+00:00, run_after=2023-03-18T22:59:29.875281+00:00
[2023-03-18T18:59:29.893-0400] {processor.py:175} INFO - Processing /Users/admin/opt/anaconda3/envs/python-airflow-venv/lib/python3.10/site-packages/airflow/example_dags/example_task_group.py took 0.737 seconds
[2023-03-18T19:01:28.344-0400] {logging_mixin.py:137} WARNING - /Users/admin/opt/anaconda3/envs/python-airflow-venv/lib/python3.10/site-packages/airflow/settings.py:337 DeprecationWarning: The sql_alchemy_pool_enabled option in [core] has been moved to the sql_alchemy_pool_enabled option in [database] - the old setting has been used, but please update your config.
[2023-03-18T19:01:28.349-0400] {logging_mixin.py:137} WARNING - /Users/admin/opt/anaconda3/envs/python-airflow-venv/lib/python3.10/site-packages/airflow/settings.py:400 DeprecationWarning: The sql_engine_encoding option in [core] has been moved to the sql_engine_encoding option in [database] - the old setting has been used, but please update your config.
[2023-03-18T19:01:28.349-0400] {processor.py:153} INFO - Started process (PID=21335) to work on /Users/admin/opt/anaconda3/envs/python-airflow-venv/lib/python3.10/site-packages/airflow/example_dags/example_task_group.py
[2023-03-18T19:01:28.349-0400] {processor.py:743} INFO - Processing file /Users/admin/opt/anaconda3/envs/python-airflow-venv/lib/python3.10/site-packages/airflow/example_dags/example_task_group.py for tasks to queue
[2023-03-18T19:01:28.350-0400] {logging_mixin.py:137} INFO - [2023-03-18T19:01:28.350-0400] {dagbag.py:538} INFO - Filling up the DagBag from /Users/admin/opt/anaconda3/envs/python-airflow-venv/lib/python3.10/site-packages/airflow/example_dags/example_task_group.py
[2023-03-18T19:01:28.403-0400] {processor.py:753} INFO - DAG(s) dict_keys(['example_task_group']) retrieved from /Users/admin/opt/anaconda3/envs/python-airflow-venv/lib/python3.10/site-packages/airflow/example_dags/example_task_group.py
[2023-03-18T19:01:28.457-0400] {logging_mixin.py:137} WARNING - /Users/admin/opt/anaconda3/envs/python-airflow-venv/lib/python3.10/site-packages/airflow/jobs/scheduler_job.py:124 DeprecationWarning: The processor_poll_interval option in [scheduler] has been renamed to scheduler_idle_sleep_time - the old setting has been used, but please update your config.
[2023-03-18T19:01:29.045-0400] {logging_mixin.py:137} INFO - [2023-03-18T19:01:29.045-0400] {dag.py:2690} INFO - Sync 1 DAGs
[2023-03-18T19:01:29.059-0400] {logging_mixin.py:137} INFO - [2023-03-18T19:01:29.059-0400] {dag.py:3437} INFO - Setting next_dagrun for example_task_group to 2023-03-17T23:01:29.059414+00:00, run_after=2023-03-18T23:01:29.059414+00:00
[2023-03-18T19:01:29.076-0400] {processor.py:175} INFO - Processing /Users/admin/opt/anaconda3/envs/python-airflow-venv/lib/python3.10/site-packages/airflow/example_dags/example_task_group.py took 0.732 seconds
[2023-03-18T19:03:33.730-0400] {logging_mixin.py:137} WARNING - /Users/admin/opt/anaconda3/envs/python-airflow-venv/lib/python3.10/site-packages/airflow/settings.py:337 DeprecationWarning: The sql_alchemy_pool_enabled option in [core] has been moved to the sql_alchemy_pool_enabled option in [database] - the old setting has been used, but please update your config.
[2023-03-18T19:03:33.734-0400] {logging_mixin.py:137} WARNING - /Users/admin/opt/anaconda3/envs/python-airflow-venv/lib/python3.10/site-packages/airflow/settings.py:400 DeprecationWarning: The sql_engine_encoding option in [core] has been moved to the sql_engine_encoding option in [database] - the old setting has been used, but please update your config.
[2023-03-18T19:03:33.734-0400] {processor.py:153} INFO - Started process (PID=21388) to work on /Users/admin/opt/anaconda3/envs/python-airflow-venv/lib/python3.10/site-packages/airflow/example_dags/example_task_group.py
[2023-03-18T19:03:33.735-0400] {processor.py:743} INFO - Processing file /Users/admin/opt/anaconda3/envs/python-airflow-venv/lib/python3.10/site-packages/airflow/example_dags/example_task_group.py for tasks to queue
[2023-03-18T19:03:33.735-0400] {logging_mixin.py:137} INFO - [2023-03-18T19:03:33.735-0400] {dagbag.py:538} INFO - Filling up the DagBag from /Users/admin/opt/anaconda3/envs/python-airflow-venv/lib/python3.10/site-packages/airflow/example_dags/example_task_group.py
[2023-03-18T19:03:33.792-0400] {processor.py:753} INFO - DAG(s) dict_keys(['example_task_group']) retrieved from /Users/admin/opt/anaconda3/envs/python-airflow-venv/lib/python3.10/site-packages/airflow/example_dags/example_task_group.py
[2023-03-18T19:03:33.847-0400] {logging_mixin.py:137} WARNING - /Users/admin/opt/anaconda3/envs/python-airflow-venv/lib/python3.10/site-packages/airflow/jobs/scheduler_job.py:124 DeprecationWarning: The processor_poll_interval option in [scheduler] has been renamed to scheduler_idle_sleep_time - the old setting has been used, but please update your config.
[2023-03-18T19:03:34.433-0400] {logging_mixin.py:137} INFO - [2023-03-18T19:03:34.433-0400] {dag.py:2690} INFO - Sync 1 DAGs
[2023-03-18T19:03:34.447-0400] {logging_mixin.py:137} INFO - [2023-03-18T19:03:34.447-0400] {dag.py:3437} INFO - Setting next_dagrun for example_task_group to 2023-03-17T23:03:34.447252+00:00, run_after=2023-03-18T23:03:34.447252+00:00
[2023-03-18T19:03:34.464-0400] {processor.py:175} INFO - Processing /Users/admin/opt/anaconda3/envs/python-airflow-venv/lib/python3.10/site-packages/airflow/example_dags/example_task_group.py took 0.735 seconds
[2023-03-18T19:05:38.063-0400] {logging_mixin.py:137} WARNING - /Users/admin/opt/anaconda3/envs/python-airflow-venv/lib/python3.10/site-packages/airflow/settings.py:337 DeprecationWarning: The sql_alchemy_pool_enabled option in [core] has been moved to the sql_alchemy_pool_enabled option in [database] - the old setting has been used, but please update your config.
[2023-03-18T19:05:38.068-0400] {logging_mixin.py:137} WARNING - /Users/admin/opt/anaconda3/envs/python-airflow-venv/lib/python3.10/site-packages/airflow/settings.py:400 DeprecationWarning: The sql_engine_encoding option in [core] has been moved to the sql_engine_encoding option in [database] - the old setting has been used, but please update your config.
[2023-03-18T19:05:38.069-0400] {processor.py:153} INFO - Started process (PID=21439) to work on /Users/admin/opt/anaconda3/envs/python-airflow-venv/lib/python3.10/site-packages/airflow/example_dags/example_task_group.py
[2023-03-18T19:05:38.069-0400] {processor.py:743} INFO - Processing file /Users/admin/opt/anaconda3/envs/python-airflow-venv/lib/python3.10/site-packages/airflow/example_dags/example_task_group.py for tasks to queue
[2023-03-18T19:05:38.070-0400] {logging_mixin.py:137} INFO - [2023-03-18T19:05:38.070-0400] {dagbag.py:538} INFO - Filling up the DagBag from /Users/admin/opt/anaconda3/envs/python-airflow-venv/lib/python3.10/site-packages/airflow/example_dags/example_task_group.py
[2023-03-18T19:05:38.121-0400] {processor.py:753} INFO - DAG(s) dict_keys(['example_task_group']) retrieved from /Users/admin/opt/anaconda3/envs/python-airflow-venv/lib/python3.10/site-packages/airflow/example_dags/example_task_group.py
[2023-03-18T19:05:38.179-0400] {logging_mixin.py:137} WARNING - /Users/admin/opt/anaconda3/envs/python-airflow-venv/lib/python3.10/site-packages/airflow/jobs/scheduler_job.py:124 DeprecationWarning: The processor_poll_interval option in [scheduler] has been renamed to scheduler_idle_sleep_time - the old setting has been used, but please update your config.
[2023-03-18T19:05:38.763-0400] {logging_mixin.py:137} INFO - [2023-03-18T19:05:38.763-0400] {dag.py:2690} INFO - Sync 1 DAGs
[2023-03-18T19:05:38.777-0400] {logging_mixin.py:137} INFO - [2023-03-18T19:05:38.777-0400] {dag.py:3437} INFO - Setting next_dagrun for example_task_group to 2023-03-17T23:05:38.777177+00:00, run_after=2023-03-18T23:05:38.777177+00:00
[2023-03-18T19:05:38.797-0400] {processor.py:175} INFO - Processing /Users/admin/opt/anaconda3/envs/python-airflow-venv/lib/python3.10/site-packages/airflow/example_dags/example_task_group.py took 0.735 seconds
[2023-03-18T19:07:38.143-0400] {logging_mixin.py:137} WARNING - /Users/admin/opt/anaconda3/envs/python-airflow-venv/lib/python3.10/site-packages/airflow/settings.py:337 DeprecationWarning: The sql_alchemy_pool_enabled option in [core] has been moved to the sql_alchemy_pool_enabled option in [database] - the old setting has been used, but please update your config.
[2023-03-18T19:07:38.148-0400] {logging_mixin.py:137} WARNING - /Users/admin/opt/anaconda3/envs/python-airflow-venv/lib/python3.10/site-packages/airflow/settings.py:400 DeprecationWarning: The sql_engine_encoding option in [core] has been moved to the sql_engine_encoding option in [database] - the old setting has been used, but please update your config.
[2023-03-18T19:07:38.149-0400] {processor.py:153} INFO - Started process (PID=21504) to work on /Users/admin/opt/anaconda3/envs/python-airflow-venv/lib/python3.10/site-packages/airflow/example_dags/example_task_group.py
[2023-03-18T19:07:38.149-0400] {processor.py:743} INFO - Processing file /Users/admin/opt/anaconda3/envs/python-airflow-venv/lib/python3.10/site-packages/airflow/example_dags/example_task_group.py for tasks to queue
[2023-03-18T19:07:38.149-0400] {logging_mixin.py:137} INFO - [2023-03-18T19:07:38.149-0400] {dagbag.py:538} INFO - Filling up the DagBag from /Users/admin/opt/anaconda3/envs/python-airflow-venv/lib/python3.10/site-packages/airflow/example_dags/example_task_group.py
[2023-03-18T19:07:38.200-0400] {processor.py:753} INFO - DAG(s) dict_keys(['example_task_group']) retrieved from /Users/admin/opt/anaconda3/envs/python-airflow-venv/lib/python3.10/site-packages/airflow/example_dags/example_task_group.py
[2023-03-18T19:07:38.254-0400] {logging_mixin.py:137} WARNING - /Users/admin/opt/anaconda3/envs/python-airflow-venv/lib/python3.10/site-packages/airflow/jobs/scheduler_job.py:124 DeprecationWarning: The processor_poll_interval option in [scheduler] has been renamed to scheduler_idle_sleep_time - the old setting has been used, but please update your config.
[2023-03-18T19:07:38.857-0400] {logging_mixin.py:137} INFO - [2023-03-18T19:07:38.857-0400] {dag.py:2690} INFO - Sync 1 DAGs
[2023-03-18T19:07:38.872-0400] {logging_mixin.py:137} INFO - [2023-03-18T19:07:38.872-0400] {dag.py:3437} INFO - Setting next_dagrun for example_task_group to 2023-03-17T23:07:38.872265+00:00, run_after=2023-03-18T23:07:38.872265+00:00
[2023-03-18T19:07:38.889-0400] {processor.py:175} INFO - Processing /Users/admin/opt/anaconda3/envs/python-airflow-venv/lib/python3.10/site-packages/airflow/example_dags/example_task_group.py took 0.747 seconds
[2023-03-18T19:09:33.446-0400] {logging_mixin.py:137} WARNING - /Users/admin/opt/anaconda3/envs/python-airflow-venv/lib/python3.10/site-packages/airflow/settings.py:337 DeprecationWarning: The sql_alchemy_pool_enabled option in [core] has been moved to the sql_alchemy_pool_enabled option in [database] - the old setting has been used, but please update your config.
[2023-03-18T19:09:33.450-0400] {logging_mixin.py:137} WARNING - /Users/admin/opt/anaconda3/envs/python-airflow-venv/lib/python3.10/site-packages/airflow/settings.py:400 DeprecationWarning: The sql_engine_encoding option in [core] has been moved to the sql_engine_encoding option in [database] - the old setting has been used, but please update your config.
[2023-03-18T19:09:33.451-0400] {processor.py:153} INFO - Started process (PID=21554) to work on /Users/admin/opt/anaconda3/envs/python-airflow-venv/lib/python3.10/site-packages/airflow/example_dags/example_task_group.py
[2023-03-18T19:09:33.451-0400] {processor.py:743} INFO - Processing file /Users/admin/opt/anaconda3/envs/python-airflow-venv/lib/python3.10/site-packages/airflow/example_dags/example_task_group.py for tasks to queue
[2023-03-18T19:09:33.451-0400] {logging_mixin.py:137} INFO - [2023-03-18T19:09:33.451-0400] {dagbag.py:538} INFO - Filling up the DagBag from /Users/admin/opt/anaconda3/envs/python-airflow-venv/lib/python3.10/site-packages/airflow/example_dags/example_task_group.py
[2023-03-18T19:09:33.501-0400] {processor.py:753} INFO - DAG(s) dict_keys(['example_task_group']) retrieved from /Users/admin/opt/anaconda3/envs/python-airflow-venv/lib/python3.10/site-packages/airflow/example_dags/example_task_group.py
[2023-03-18T19:09:33.557-0400] {logging_mixin.py:137} WARNING - /Users/admin/opt/anaconda3/envs/python-airflow-venv/lib/python3.10/site-packages/airflow/jobs/scheduler_job.py:124 DeprecationWarning: The processor_poll_interval option in [scheduler] has been renamed to scheduler_idle_sleep_time - the old setting has been used, but please update your config.
[2023-03-18T19:09:34.163-0400] {logging_mixin.py:137} INFO - [2023-03-18T19:09:34.163-0400] {dag.py:2690} INFO - Sync 1 DAGs
[2023-03-18T19:09:34.188-0400] {logging_mixin.py:137} INFO - [2023-03-18T19:09:34.188-0400] {dag.py:3437} INFO - Setting next_dagrun for example_task_group to 2023-03-17T23:09:34.188436+00:00, run_after=2023-03-18T23:09:34.188436+00:00
[2023-03-18T19:09:34.215-0400] {processor.py:175} INFO - Processing /Users/admin/opt/anaconda3/envs/python-airflow-venv/lib/python3.10/site-packages/airflow/example_dags/example_task_group.py took 0.769 seconds
[2023-03-18T19:11:28.917-0400] {logging_mixin.py:137} WARNING - /Users/admin/opt/anaconda3/envs/python-airflow-venv/lib/python3.10/site-packages/airflow/settings.py:337 DeprecationWarning: The sql_alchemy_pool_enabled option in [core] has been moved to the sql_alchemy_pool_enabled option in [database] - the old setting has been used, but please update your config.
[2023-03-18T19:11:28.921-0400] {logging_mixin.py:137} WARNING - /Users/admin/opt/anaconda3/envs/python-airflow-venv/lib/python3.10/site-packages/airflow/settings.py:400 DeprecationWarning: The sql_engine_encoding option in [core] has been moved to the sql_engine_encoding option in [database] - the old setting has been used, but please update your config.
[2023-03-18T19:11:28.922-0400] {processor.py:153} INFO - Started process (PID=21606) to work on /Users/admin/opt/anaconda3/envs/python-airflow-venv/lib/python3.10/site-packages/airflow/example_dags/example_task_group.py
[2023-03-18T19:11:28.922-0400] {processor.py:743} INFO - Processing file /Users/admin/opt/anaconda3/envs/python-airflow-venv/lib/python3.10/site-packages/airflow/example_dags/example_task_group.py for tasks to queue
[2023-03-18T19:11:28.922-0400] {logging_mixin.py:137} INFO - [2023-03-18T19:11:28.922-0400] {dagbag.py:538} INFO - Filling up the DagBag from /Users/admin/opt/anaconda3/envs/python-airflow-venv/lib/python3.10/site-packages/airflow/example_dags/example_task_group.py
[2023-03-18T19:11:28.971-0400] {processor.py:753} INFO - DAG(s) dict_keys(['example_task_group']) retrieved from /Users/admin/opt/anaconda3/envs/python-airflow-venv/lib/python3.10/site-packages/airflow/example_dags/example_task_group.py
[2023-03-18T19:11:29.026-0400] {logging_mixin.py:137} WARNING - /Users/admin/opt/anaconda3/envs/python-airflow-venv/lib/python3.10/site-packages/airflow/jobs/scheduler_job.py:124 DeprecationWarning: The processor_poll_interval option in [scheduler] has been renamed to scheduler_idle_sleep_time - the old setting has been used, but please update your config.
[2023-03-18T19:11:29.690-0400] {logging_mixin.py:137} INFO - [2023-03-18T19:11:29.689-0400] {dag.py:2690} INFO - Sync 1 DAGs
[2023-03-18T19:11:29.704-0400] {logging_mixin.py:137} INFO - [2023-03-18T19:11:29.704-0400] {dag.py:3437} INFO - Setting next_dagrun for example_task_group to 2023-03-17T23:11:29.704441+00:00, run_after=2023-03-18T23:11:29.704441+00:00
[2023-03-18T19:11:29.723-0400] {processor.py:175} INFO - Processing /Users/admin/opt/anaconda3/envs/python-airflow-venv/lib/python3.10/site-packages/airflow/example_dags/example_task_group.py took 0.807 seconds
[2023-03-18T19:13:24.303-0400] {logging_mixin.py:137} WARNING - /Users/admin/opt/anaconda3/envs/python-airflow-venv/lib/python3.10/site-packages/airflow/settings.py:337 DeprecationWarning: The sql_alchemy_pool_enabled option in [core] has been moved to the sql_alchemy_pool_enabled option in [database] - the old setting has been used, but please update your config.
[2023-03-18T19:13:24.308-0400] {logging_mixin.py:137} WARNING - /Users/admin/opt/anaconda3/envs/python-airflow-venv/lib/python3.10/site-packages/airflow/settings.py:400 DeprecationWarning: The sql_engine_encoding option in [core] has been moved to the sql_engine_encoding option in [database] - the old setting has been used, but please update your config.
[2023-03-18T19:13:24.308-0400] {processor.py:153} INFO - Started process (PID=21657) to work on /Users/admin/opt/anaconda3/envs/python-airflow-venv/lib/python3.10/site-packages/airflow/example_dags/example_task_group.py
[2023-03-18T19:13:24.308-0400] {processor.py:743} INFO - Processing file /Users/admin/opt/anaconda3/envs/python-airflow-venv/lib/python3.10/site-packages/airflow/example_dags/example_task_group.py for tasks to queue
[2023-03-18T19:13:24.309-0400] {logging_mixin.py:137} INFO - [2023-03-18T19:13:24.309-0400] {dagbag.py:538} INFO - Filling up the DagBag from /Users/admin/opt/anaconda3/envs/python-airflow-venv/lib/python3.10/site-packages/airflow/example_dags/example_task_group.py
[2023-03-18T19:13:24.356-0400] {processor.py:753} INFO - DAG(s) dict_keys(['example_task_group']) retrieved from /Users/admin/opt/anaconda3/envs/python-airflow-venv/lib/python3.10/site-packages/airflow/example_dags/example_task_group.py
[2023-03-18T19:13:24.411-0400] {logging_mixin.py:137} WARNING - /Users/admin/opt/anaconda3/envs/python-airflow-venv/lib/python3.10/site-packages/airflow/jobs/scheduler_job.py:124 DeprecationWarning: The processor_poll_interval option in [scheduler] has been renamed to scheduler_idle_sleep_time - the old setting has been used, but please update your config.
[2023-03-18T19:13:25.006-0400] {logging_mixin.py:137} INFO - [2023-03-18T19:13:25.006-0400] {dag.py:2690} INFO - Sync 1 DAGs
[2023-03-18T19:13:25.021-0400] {logging_mixin.py:137} INFO - [2023-03-18T19:13:25.021-0400] {dag.py:3437} INFO - Setting next_dagrun for example_task_group to 2023-03-17T23:13:25.021027+00:00, run_after=2023-03-18T23:13:25.021027+00:00
[2023-03-18T19:13:25.039-0400] {processor.py:175} INFO - Processing /Users/admin/opt/anaconda3/envs/python-airflow-venv/lib/python3.10/site-packages/airflow/example_dags/example_task_group.py took 0.737 seconds
[2023-03-18T19:15:19.194-0400] {logging_mixin.py:137} WARNING - /Users/admin/opt/anaconda3/envs/python-airflow-venv/lib/python3.10/site-packages/airflow/settings.py:337 DeprecationWarning: The sql_alchemy_pool_enabled option in [core] has been moved to the sql_alchemy_pool_enabled option in [database] - the old setting has been used, but please update your config.
[2023-03-18T19:15:19.198-0400] {logging_mixin.py:137} WARNING - /Users/admin/opt/anaconda3/envs/python-airflow-venv/lib/python3.10/site-packages/airflow/settings.py:400 DeprecationWarning: The sql_engine_encoding option in [core] has been moved to the sql_engine_encoding option in [database] - the old setting has been used, but please update your config.
[2023-03-18T19:15:19.199-0400] {processor.py:153} INFO - Started process (PID=21706) to work on /Users/admin/opt/anaconda3/envs/python-airflow-venv/lib/python3.10/site-packages/airflow/example_dags/example_task_group.py
[2023-03-18T19:15:19.199-0400] {processor.py:743} INFO - Processing file /Users/admin/opt/anaconda3/envs/python-airflow-venv/lib/python3.10/site-packages/airflow/example_dags/example_task_group.py for tasks to queue
[2023-03-18T19:15:19.199-0400] {logging_mixin.py:137} INFO - [2023-03-18T19:15:19.199-0400] {dagbag.py:538} INFO - Filling up the DagBag from /Users/admin/opt/anaconda3/envs/python-airflow-venv/lib/python3.10/site-packages/airflow/example_dags/example_task_group.py
[2023-03-18T19:15:19.248-0400] {processor.py:753} INFO - DAG(s) dict_keys(['example_task_group']) retrieved from /Users/admin/opt/anaconda3/envs/python-airflow-venv/lib/python3.10/site-packages/airflow/example_dags/example_task_group.py
[2023-03-18T19:15:19.302-0400] {logging_mixin.py:137} WARNING - /Users/admin/opt/anaconda3/envs/python-airflow-venv/lib/python3.10/site-packages/airflow/jobs/scheduler_job.py:124 DeprecationWarning: The processor_poll_interval option in [scheduler] has been renamed to scheduler_idle_sleep_time - the old setting has been used, but please update your config.
[2023-03-18T19:15:19.907-0400] {logging_mixin.py:137} INFO - [2023-03-18T19:15:19.907-0400] {dag.py:2690} INFO - Sync 1 DAGs
[2023-03-18T19:15:19.922-0400] {logging_mixin.py:137} INFO - [2023-03-18T19:15:19.922-0400] {dag.py:3437} INFO - Setting next_dagrun for example_task_group to 2023-03-17T23:15:19.922196+00:00, run_after=2023-03-18T23:15:19.922196+00:00
[2023-03-18T19:15:19.940-0400] {processor.py:175} INFO - Processing /Users/admin/opt/anaconda3/envs/python-airflow-venv/lib/python3.10/site-packages/airflow/example_dags/example_task_group.py took 0.747 seconds
[2023-03-18T19:17:14.471-0400] {logging_mixin.py:137} WARNING - /Users/admin/opt/anaconda3/envs/python-airflow-venv/lib/python3.10/site-packages/airflow/settings.py:337 DeprecationWarning: The sql_alchemy_pool_enabled option in [core] has been moved to the sql_alchemy_pool_enabled option in [database] - the old setting has been used, but please update your config.
[2023-03-18T19:17:14.475-0400] {logging_mixin.py:137} WARNING - /Users/admin/opt/anaconda3/envs/python-airflow-venv/lib/python3.10/site-packages/airflow/settings.py:400 DeprecationWarning: The sql_engine_encoding option in [core] has been moved to the sql_engine_encoding option in [database] - the old setting has been used, but please update your config.
[2023-03-18T19:17:14.476-0400] {processor.py:153} INFO - Started process (PID=21756) to work on /Users/admin/opt/anaconda3/envs/python-airflow-venv/lib/python3.10/site-packages/airflow/example_dags/example_task_group.py
[2023-03-18T19:17:14.476-0400] {processor.py:743} INFO - Processing file /Users/admin/opt/anaconda3/envs/python-airflow-venv/lib/python3.10/site-packages/airflow/example_dags/example_task_group.py for tasks to queue
[2023-03-18T19:17:14.477-0400] {logging_mixin.py:137} INFO - [2023-03-18T19:17:14.476-0400] {dagbag.py:538} INFO - Filling up the DagBag from /Users/admin/opt/anaconda3/envs/python-airflow-venv/lib/python3.10/site-packages/airflow/example_dags/example_task_group.py
[2023-03-18T19:17:14.527-0400] {processor.py:753} INFO - DAG(s) dict_keys(['example_task_group']) retrieved from /Users/admin/opt/anaconda3/envs/python-airflow-venv/lib/python3.10/site-packages/airflow/example_dags/example_task_group.py
[2023-03-18T19:17:14.582-0400] {logging_mixin.py:137} WARNING - /Users/admin/opt/anaconda3/envs/python-airflow-venv/lib/python3.10/site-packages/airflow/jobs/scheduler_job.py:124 DeprecationWarning: The processor_poll_interval option in [scheduler] has been renamed to scheduler_idle_sleep_time - the old setting has been used, but please update your config.
[2023-03-18T19:17:15.184-0400] {logging_mixin.py:137} INFO - [2023-03-18T19:17:15.184-0400] {dag.py:2690} INFO - Sync 1 DAGs
[2023-03-18T19:17:15.199-0400] {logging_mixin.py:137} INFO - [2023-03-18T19:17:15.199-0400] {dag.py:3437} INFO - Setting next_dagrun for example_task_group to 2023-03-17T23:17:15.199479+00:00, run_after=2023-03-18T23:17:15.199479+00:00
[2023-03-18T19:17:15.218-0400] {processor.py:175} INFO - Processing /Users/admin/opt/anaconda3/envs/python-airflow-venv/lib/python3.10/site-packages/airflow/example_dags/example_task_group.py took 0.748 seconds
[2023-03-18T19:19:09.943-0400] {logging_mixin.py:137} WARNING - /Users/admin/opt/anaconda3/envs/python-airflow-venv/lib/python3.10/site-packages/airflow/settings.py:337 DeprecationWarning: The sql_alchemy_pool_enabled option in [core] has been moved to the sql_alchemy_pool_enabled option in [database] - the old setting has been used, but please update your config.
[2023-03-18T19:19:09.948-0400] {logging_mixin.py:137} WARNING - /Users/admin/opt/anaconda3/envs/python-airflow-venv/lib/python3.10/site-packages/airflow/settings.py:400 DeprecationWarning: The sql_engine_encoding option in [core] has been moved to the sql_engine_encoding option in [database] - the old setting has been used, but please update your config.
[2023-03-18T19:19:09.948-0400] {processor.py:153} INFO - Started process (PID=21820) to work on /Users/admin/opt/anaconda3/envs/python-airflow-venv/lib/python3.10/site-packages/airflow/example_dags/example_task_group.py
[2023-03-18T19:19:09.948-0400] {processor.py:743} INFO - Processing file /Users/admin/opt/anaconda3/envs/python-airflow-venv/lib/python3.10/site-packages/airflow/example_dags/example_task_group.py for tasks to queue
[2023-03-18T19:19:09.949-0400] {logging_mixin.py:137} INFO - [2023-03-18T19:19:09.949-0400] {dagbag.py:538} INFO - Filling up the DagBag from /Users/admin/opt/anaconda3/envs/python-airflow-venv/lib/python3.10/site-packages/airflow/example_dags/example_task_group.py
[2023-03-18T19:19:10.001-0400] {processor.py:753} INFO - DAG(s) dict_keys(['example_task_group']) retrieved from /Users/admin/opt/anaconda3/envs/python-airflow-venv/lib/python3.10/site-packages/airflow/example_dags/example_task_group.py
[2023-03-18T19:19:10.057-0400] {logging_mixin.py:137} WARNING - /Users/admin/opt/anaconda3/envs/python-airflow-venv/lib/python3.10/site-packages/airflow/jobs/scheduler_job.py:124 DeprecationWarning: The processor_poll_interval option in [scheduler] has been renamed to scheduler_idle_sleep_time - the old setting has been used, but please update your config.
[2023-03-18T19:19:10.659-0400] {logging_mixin.py:137} INFO - [2023-03-18T19:19:10.659-0400] {dag.py:2690} INFO - Sync 1 DAGs
[2023-03-18T19:19:10.673-0400] {logging_mixin.py:137} INFO - [2023-03-18T19:19:10.673-0400] {dag.py:3437} INFO - Setting next_dagrun for example_task_group to 2023-03-17T23:19:10.673628+00:00, run_after=2023-03-18T23:19:10.673628+00:00
[2023-03-18T19:19:10.687-0400] {processor.py:175} INFO - Processing /Users/admin/opt/anaconda3/envs/python-airflow-venv/lib/python3.10/site-packages/airflow/example_dags/example_task_group.py took 0.745 seconds
[2023-03-18T19:21:04.358-0400] {logging_mixin.py:137} WARNING - /Users/admin/opt/anaconda3/envs/python-airflow-venv/lib/python3.10/site-packages/airflow/settings.py:337 DeprecationWarning: The sql_alchemy_pool_enabled option in [core] has been moved to the sql_alchemy_pool_enabled option in [database] - the old setting has been used, but please update your config.
[2023-03-18T19:21:04.363-0400] {logging_mixin.py:137} WARNING - /Users/admin/opt/anaconda3/envs/python-airflow-venv/lib/python3.10/site-packages/airflow/settings.py:400 DeprecationWarning: The sql_engine_encoding option in [core] has been moved to the sql_engine_encoding option in [database] - the old setting has been used, but please update your config.
[2023-03-18T19:21:04.364-0400] {processor.py:153} INFO - Started process (PID=21900) to work on /Users/admin/opt/anaconda3/envs/python-airflow-venv/lib/python3.10/site-packages/airflow/example_dags/example_task_group.py
[2023-03-18T19:21:04.364-0400] {processor.py:743} INFO - Processing file /Users/admin/opt/anaconda3/envs/python-airflow-venv/lib/python3.10/site-packages/airflow/example_dags/example_task_group.py for tasks to queue
[2023-03-18T19:21:04.365-0400] {logging_mixin.py:137} INFO - [2023-03-18T19:21:04.365-0400] {dagbag.py:538} INFO - Filling up the DagBag from /Users/admin/opt/anaconda3/envs/python-airflow-venv/lib/python3.10/site-packages/airflow/example_dags/example_task_group.py
[2023-03-18T19:21:04.420-0400] {processor.py:753} INFO - DAG(s) dict_keys(['example_task_group']) retrieved from /Users/admin/opt/anaconda3/envs/python-airflow-venv/lib/python3.10/site-packages/airflow/example_dags/example_task_group.py
[2023-03-18T19:21:04.482-0400] {logging_mixin.py:137} WARNING - /Users/admin/opt/anaconda3/envs/python-airflow-venv/lib/python3.10/site-packages/airflow/jobs/scheduler_job.py:124 DeprecationWarning: The processor_poll_interval option in [scheduler] has been renamed to scheduler_idle_sleep_time - the old setting has been used, but please update your config.
[2023-03-18T19:21:05.256-0400] {logging_mixin.py:137} INFO - [2023-03-18T19:21:05.255-0400] {dag.py:2690} INFO - Sync 1 DAGs
[2023-03-18T19:21:05.279-0400] {logging_mixin.py:137} INFO - [2023-03-18T19:21:05.279-0400] {dag.py:3437} INFO - Setting next_dagrun for example_task_group to 2023-03-17T23:21:05.279577+00:00, run_after=2023-03-18T23:21:05.279577+00:00
[2023-03-18T19:21:05.303-0400] {processor.py:175} INFO - Processing /Users/admin/opt/anaconda3/envs/python-airflow-venv/lib/python3.10/site-packages/airflow/example_dags/example_task_group.py took 0.946 seconds
