[2023-03-18T18:38:27.262-0400] {logging_mixin.py:137} WARNING - /Users/admin/opt/anaconda3/envs/python-airflow-venv/lib/python3.10/site-packages/airflow/settings.py:337 DeprecationWarning: The sql_alchemy_pool_enabled option in [core] has been moved to the sql_alchemy_pool_enabled option in [database] - the old setting has been used, but please update your config.
[2023-03-18T18:38:27.268-0400] {logging_mixin.py:137} WARNING - /Users/admin/opt/anaconda3/envs/python-airflow-venv/lib/python3.10/site-packages/airflow/settings.py:400 DeprecationWarning: The sql_engine_encoding option in [core] has been moved to the sql_engine_encoding option in [database] - the old setting has been used, but please update your config.
[2023-03-18T18:38:27.269-0400] {processor.py:153} INFO - Started process (PID=20399) to work on /Users/admin/opt/anaconda3/envs/python-airflow-venv/lib/python3.10/site-packages/airflow/example_dags/example_latest_only.py
[2023-03-18T18:38:27.269-0400] {processor.py:743} INFO - Processing file /Users/admin/opt/anaconda3/envs/python-airflow-venv/lib/python3.10/site-packages/airflow/example_dags/example_latest_only.py for tasks to queue
[2023-03-18T18:38:27.270-0400] {logging_mixin.py:137} INFO - [2023-03-18T18:38:27.270-0400] {dagbag.py:538} INFO - Filling up the DagBag from /Users/admin/opt/anaconda3/envs/python-airflow-venv/lib/python3.10/site-packages/airflow/example_dags/example_latest_only.py
[2023-03-18T18:38:27.327-0400] {processor.py:753} INFO - DAG(s) dict_keys(['latest_only']) retrieved from /Users/admin/opt/anaconda3/envs/python-airflow-venv/lib/python3.10/site-packages/airflow/example_dags/example_latest_only.py
[2023-03-18T18:38:27.399-0400] {logging_mixin.py:137} WARNING - /Users/admin/opt/anaconda3/envs/python-airflow-venv/lib/python3.10/site-packages/airflow/jobs/scheduler_job.py:124 DeprecationWarning: The processor_poll_interval option in [scheduler] has been renamed to scheduler_idle_sleep_time - the old setting has been used, but please update your config.
[2023-03-18T18:38:28.070-0400] {logging_mixin.py:137} INFO - [2023-03-18T18:38:28.069-0400] {dag.py:2690} INFO - Sync 1 DAGs
[2023-03-18T18:38:28.084-0400] {logging_mixin.py:137} INFO - [2023-03-18T18:38:28.083-0400] {dag.py:3437} INFO - Setting next_dagrun for latest_only to 2023-03-18T18:38:28.083852+00:00, run_after=2023-03-18T22:38:28.083852+00:00
[2023-03-18T18:38:28.104-0400] {processor.py:175} INFO - Processing /Users/admin/opt/anaconda3/envs/python-airflow-venv/lib/python3.10/site-packages/airflow/example_dags/example_latest_only.py took 0.843 seconds
[2023-03-18T18:40:23.729-0400] {logging_mixin.py:137} WARNING - /Users/admin/opt/anaconda3/envs/python-airflow-venv/lib/python3.10/site-packages/airflow/settings.py:337 DeprecationWarning: The sql_alchemy_pool_enabled option in [core] has been moved to the sql_alchemy_pool_enabled option in [database] - the old setting has been used, but please update your config.
[2023-03-18T18:40:23.734-0400] {logging_mixin.py:137} WARNING - /Users/admin/opt/anaconda3/envs/python-airflow-venv/lib/python3.10/site-packages/airflow/settings.py:400 DeprecationWarning: The sql_engine_encoding option in [core] has been moved to the sql_engine_encoding option in [database] - the old setting has been used, but please update your config.
[2023-03-18T18:40:23.734-0400] {processor.py:153} INFO - Started process (PID=20577) to work on /Users/admin/opt/anaconda3/envs/python-airflow-venv/lib/python3.10/site-packages/airflow/example_dags/example_latest_only.py
[2023-03-18T18:40:23.734-0400] {processor.py:743} INFO - Processing file /Users/admin/opt/anaconda3/envs/python-airflow-venv/lib/python3.10/site-packages/airflow/example_dags/example_latest_only.py for tasks to queue
[2023-03-18T18:40:23.735-0400] {logging_mixin.py:137} INFO - [2023-03-18T18:40:23.735-0400] {dagbag.py:538} INFO - Filling up the DagBag from /Users/admin/opt/anaconda3/envs/python-airflow-venv/lib/python3.10/site-packages/airflow/example_dags/example_latest_only.py
[2023-03-18T18:40:23.783-0400] {processor.py:753} INFO - DAG(s) dict_keys(['latest_only']) retrieved from /Users/admin/opt/anaconda3/envs/python-airflow-venv/lib/python3.10/site-packages/airflow/example_dags/example_latest_only.py
[2023-03-18T18:40:23.838-0400] {logging_mixin.py:137} WARNING - /Users/admin/opt/anaconda3/envs/python-airflow-venv/lib/python3.10/site-packages/airflow/jobs/scheduler_job.py:124 DeprecationWarning: The processor_poll_interval option in [scheduler] has been renamed to scheduler_idle_sleep_time - the old setting has been used, but please update your config.
[2023-03-18T18:40:24.474-0400] {logging_mixin.py:137} INFO - [2023-03-18T18:40:24.473-0400] {dag.py:2690} INFO - Sync 1 DAGs
[2023-03-18T18:40:24.488-0400] {logging_mixin.py:137} INFO - [2023-03-18T18:40:24.488-0400] {dag.py:3437} INFO - Setting next_dagrun for latest_only to 2023-03-18T18:40:24.488226+00:00, run_after=2023-03-18T22:40:24.488226+00:00
[2023-03-18T18:40:24.507-0400] {processor.py:175} INFO - Processing /Users/admin/opt/anaconda3/envs/python-airflow-venv/lib/python3.10/site-packages/airflow/example_dags/example_latest_only.py took 0.779 seconds
[2023-03-18T18:42:20.184-0400] {logging_mixin.py:137} WARNING - /Users/admin/opt/anaconda3/envs/python-airflow-venv/lib/python3.10/site-packages/airflow/settings.py:337 DeprecationWarning: The sql_alchemy_pool_enabled option in [core] has been moved to the sql_alchemy_pool_enabled option in [database] - the old setting has been used, but please update your config.
[2023-03-18T18:42:20.189-0400] {logging_mixin.py:137} WARNING - /Users/admin/opt/anaconda3/envs/python-airflow-venv/lib/python3.10/site-packages/airflow/settings.py:400 DeprecationWarning: The sql_engine_encoding option in [core] has been moved to the sql_engine_encoding option in [database] - the old setting has been used, but please update your config.
[2023-03-18T18:42:20.190-0400] {processor.py:153} INFO - Started process (PID=20636) to work on /Users/admin/opt/anaconda3/envs/python-airflow-venv/lib/python3.10/site-packages/airflow/example_dags/example_latest_only.py
[2023-03-18T18:42:20.190-0400] {processor.py:743} INFO - Processing file /Users/admin/opt/anaconda3/envs/python-airflow-venv/lib/python3.10/site-packages/airflow/example_dags/example_latest_only.py for tasks to queue
[2023-03-18T18:42:20.191-0400] {logging_mixin.py:137} INFO - [2023-03-18T18:42:20.191-0400] {dagbag.py:538} INFO - Filling up the DagBag from /Users/admin/opt/anaconda3/envs/python-airflow-venv/lib/python3.10/site-packages/airflow/example_dags/example_latest_only.py
[2023-03-18T18:42:20.239-0400] {processor.py:753} INFO - DAG(s) dict_keys(['latest_only']) retrieved from /Users/admin/opt/anaconda3/envs/python-airflow-venv/lib/python3.10/site-packages/airflow/example_dags/example_latest_only.py
[2023-03-18T18:42:20.292-0400] {logging_mixin.py:137} WARNING - /Users/admin/opt/anaconda3/envs/python-airflow-venv/lib/python3.10/site-packages/airflow/jobs/scheduler_job.py:124 DeprecationWarning: The processor_poll_interval option in [scheduler] has been renamed to scheduler_idle_sleep_time - the old setting has been used, but please update your config.
[2023-03-18T18:42:20.890-0400] {logging_mixin.py:137} INFO - [2023-03-18T18:42:20.890-0400] {dag.py:2690} INFO - Sync 1 DAGs
[2023-03-18T18:42:20.905-0400] {logging_mixin.py:137} INFO - [2023-03-18T18:42:20.905-0400] {dag.py:3437} INFO - Setting next_dagrun for latest_only to 2023-03-18T18:42:20.905420+00:00, run_after=2023-03-18T22:42:20.905420+00:00
[2023-03-18T18:42:20.924-0400] {processor.py:175} INFO - Processing /Users/admin/opt/anaconda3/envs/python-airflow-venv/lib/python3.10/site-packages/airflow/example_dags/example_latest_only.py took 0.741 seconds
[2023-03-18T18:44:15.550-0400] {logging_mixin.py:137} WARNING - /Users/admin/opt/anaconda3/envs/python-airflow-venv/lib/python3.10/site-packages/airflow/settings.py:337 DeprecationWarning: The sql_alchemy_pool_enabled option in [core] has been moved to the sql_alchemy_pool_enabled option in [database] - the old setting has been used, but please update your config.
[2023-03-18T18:44:15.554-0400] {logging_mixin.py:137} WARNING - /Users/admin/opt/anaconda3/envs/python-airflow-venv/lib/python3.10/site-packages/airflow/settings.py:400 DeprecationWarning: The sql_engine_encoding option in [core] has been moved to the sql_engine_encoding option in [database] - the old setting has been used, but please update your config.
[2023-03-18T18:44:15.555-0400] {processor.py:153} INFO - Started process (PID=20688) to work on /Users/admin/opt/anaconda3/envs/python-airflow-venv/lib/python3.10/site-packages/airflow/example_dags/example_latest_only.py
[2023-03-18T18:44:15.555-0400] {processor.py:743} INFO - Processing file /Users/admin/opt/anaconda3/envs/python-airflow-venv/lib/python3.10/site-packages/airflow/example_dags/example_latest_only.py for tasks to queue
[2023-03-18T18:44:15.556-0400] {logging_mixin.py:137} INFO - [2023-03-18T18:44:15.556-0400] {dagbag.py:538} INFO - Filling up the DagBag from /Users/admin/opt/anaconda3/envs/python-airflow-venv/lib/python3.10/site-packages/airflow/example_dags/example_latest_only.py
[2023-03-18T18:44:15.602-0400] {processor.py:753} INFO - DAG(s) dict_keys(['latest_only']) retrieved from /Users/admin/opt/anaconda3/envs/python-airflow-venv/lib/python3.10/site-packages/airflow/example_dags/example_latest_only.py
[2023-03-18T18:44:15.656-0400] {logging_mixin.py:137} WARNING - /Users/admin/opt/anaconda3/envs/python-airflow-venv/lib/python3.10/site-packages/airflow/jobs/scheduler_job.py:124 DeprecationWarning: The processor_poll_interval option in [scheduler] has been renamed to scheduler_idle_sleep_time - the old setting has been used, but please update your config.
[2023-03-18T18:44:16.251-0400] {logging_mixin.py:137} INFO - [2023-03-18T18:44:16.251-0400] {dag.py:2690} INFO - Sync 1 DAGs
[2023-03-18T18:44:16.265-0400] {logging_mixin.py:137} INFO - [2023-03-18T18:44:16.265-0400] {dag.py:3437} INFO - Setting next_dagrun for latest_only to 2023-03-18T18:44:16.265707+00:00, run_after=2023-03-18T22:44:16.265707+00:00
[2023-03-18T18:44:16.283-0400] {processor.py:175} INFO - Processing /Users/admin/opt/anaconda3/envs/python-airflow-venv/lib/python3.10/site-packages/airflow/example_dags/example_latest_only.py took 0.734 seconds
[2023-03-18T18:46:15.347-0400] {logging_mixin.py:137} WARNING - /Users/admin/opt/anaconda3/envs/python-airflow-venv/lib/python3.10/site-packages/airflow/settings.py:337 DeprecationWarning: The sql_alchemy_pool_enabled option in [core] has been moved to the sql_alchemy_pool_enabled option in [database] - the old setting has been used, but please update your config.
[2023-03-18T18:46:15.353-0400] {logging_mixin.py:137} WARNING - /Users/admin/opt/anaconda3/envs/python-airflow-venv/lib/python3.10/site-packages/airflow/settings.py:400 DeprecationWarning: The sql_engine_encoding option in [core] has been moved to the sql_engine_encoding option in [database] - the old setting has been used, but please update your config.
[2023-03-18T18:46:15.353-0400] {processor.py:153} INFO - Started process (PID=20739) to work on /Users/admin/opt/anaconda3/envs/python-airflow-venv/lib/python3.10/site-packages/airflow/example_dags/example_latest_only.py
[2023-03-18T18:46:15.354-0400] {processor.py:743} INFO - Processing file /Users/admin/opt/anaconda3/envs/python-airflow-venv/lib/python3.10/site-packages/airflow/example_dags/example_latest_only.py for tasks to queue
[2023-03-18T18:46:15.354-0400] {logging_mixin.py:137} INFO - [2023-03-18T18:46:15.354-0400] {dagbag.py:538} INFO - Filling up the DagBag from /Users/admin/opt/anaconda3/envs/python-airflow-venv/lib/python3.10/site-packages/airflow/example_dags/example_latest_only.py
[2023-03-18T18:46:15.404-0400] {processor.py:753} INFO - DAG(s) dict_keys(['latest_only']) retrieved from /Users/admin/opt/anaconda3/envs/python-airflow-venv/lib/python3.10/site-packages/airflow/example_dags/example_latest_only.py
[2023-03-18T18:46:15.465-0400] {logging_mixin.py:137} WARNING - /Users/admin/opt/anaconda3/envs/python-airflow-venv/lib/python3.10/site-packages/airflow/jobs/scheduler_job.py:124 DeprecationWarning: The processor_poll_interval option in [scheduler] has been renamed to scheduler_idle_sleep_time - the old setting has been used, but please update your config.
[2023-03-18T18:46:16.123-0400] {logging_mixin.py:137} INFO - [2023-03-18T18:46:16.123-0400] {dag.py:2690} INFO - Sync 1 DAGs
[2023-03-18T18:46:16.139-0400] {logging_mixin.py:137} INFO - [2023-03-18T18:46:16.139-0400] {dag.py:3437} INFO - Setting next_dagrun for latest_only to 2023-03-18T18:46:16.139611+00:00, run_after=2023-03-18T22:46:16.139611+00:00
[2023-03-18T18:46:16.155-0400] {processor.py:175} INFO - Processing /Users/admin/opt/anaconda3/envs/python-airflow-venv/lib/python3.10/site-packages/airflow/example_dags/example_latest_only.py took 0.810 seconds
[2023-03-18T18:48:18.317-0400] {logging_mixin.py:137} WARNING - /Users/admin/opt/anaconda3/envs/python-airflow-venv/lib/python3.10/site-packages/airflow/settings.py:337 DeprecationWarning: The sql_alchemy_pool_enabled option in [core] has been moved to the sql_alchemy_pool_enabled option in [database] - the old setting has been used, but please update your config.
[2023-03-18T18:48:18.323-0400] {logging_mixin.py:137} WARNING - /Users/admin/opt/anaconda3/envs/python-airflow-venv/lib/python3.10/site-packages/airflow/settings.py:400 DeprecationWarning: The sql_engine_encoding option in [core] has been moved to the sql_engine_encoding option in [database] - the old setting has been used, but please update your config.
[2023-03-18T18:48:18.323-0400] {processor.py:153} INFO - Started process (PID=20789) to work on /Users/admin/opt/anaconda3/envs/python-airflow-venv/lib/python3.10/site-packages/airflow/example_dags/example_latest_only.py
[2023-03-18T18:48:18.323-0400] {processor.py:743} INFO - Processing file /Users/admin/opt/anaconda3/envs/python-airflow-venv/lib/python3.10/site-packages/airflow/example_dags/example_latest_only.py for tasks to queue
[2023-03-18T18:48:18.324-0400] {logging_mixin.py:137} INFO - [2023-03-18T18:48:18.324-0400] {dagbag.py:538} INFO - Filling up the DagBag from /Users/admin/opt/anaconda3/envs/python-airflow-venv/lib/python3.10/site-packages/airflow/example_dags/example_latest_only.py
[2023-03-18T18:48:18.378-0400] {processor.py:753} INFO - DAG(s) dict_keys(['latest_only']) retrieved from /Users/admin/opt/anaconda3/envs/python-airflow-venv/lib/python3.10/site-packages/airflow/example_dags/example_latest_only.py
[2023-03-18T18:48:18.441-0400] {logging_mixin.py:137} WARNING - /Users/admin/opt/anaconda3/envs/python-airflow-venv/lib/python3.10/site-packages/airflow/jobs/scheduler_job.py:124 DeprecationWarning: The processor_poll_interval option in [scheduler] has been renamed to scheduler_idle_sleep_time - the old setting has been used, but please update your config.
[2023-03-18T18:48:19.135-0400] {logging_mixin.py:137} INFO - [2023-03-18T18:48:19.135-0400] {dag.py:2690} INFO - Sync 1 DAGs
[2023-03-18T18:48:19.152-0400] {logging_mixin.py:137} INFO - [2023-03-18T18:48:19.152-0400] {dag.py:3437} INFO - Setting next_dagrun for latest_only to 2023-03-18T18:48:19.152311+00:00, run_after=2023-03-18T22:48:19.152311+00:00
[2023-03-18T18:48:19.171-0400] {processor.py:175} INFO - Processing /Users/admin/opt/anaconda3/envs/python-airflow-venv/lib/python3.10/site-packages/airflow/example_dags/example_latest_only.py took 0.855 seconds
[2023-03-18T18:50:18.869-0400] {logging_mixin.py:137} WARNING - /Users/admin/opt/anaconda3/envs/python-airflow-venv/lib/python3.10/site-packages/airflow/settings.py:337 DeprecationWarning: The sql_alchemy_pool_enabled option in [core] has been moved to the sql_alchemy_pool_enabled option in [database] - the old setting has been used, but please update your config.
[2023-03-18T18:50:18.874-0400] {logging_mixin.py:137} WARNING - /Users/admin/opt/anaconda3/envs/python-airflow-venv/lib/python3.10/site-packages/airflow/settings.py:400 DeprecationWarning: The sql_engine_encoding option in [core] has been moved to the sql_engine_encoding option in [database] - the old setting has been used, but please update your config.
[2023-03-18T18:50:18.874-0400] {processor.py:153} INFO - Started process (PID=20850) to work on /Users/admin/opt/anaconda3/envs/python-airflow-venv/lib/python3.10/site-packages/airflow/example_dags/example_latest_only.py
[2023-03-18T18:50:18.875-0400] {processor.py:743} INFO - Processing file /Users/admin/opt/anaconda3/envs/python-airflow-venv/lib/python3.10/site-packages/airflow/example_dags/example_latest_only.py for tasks to queue
[2023-03-18T18:50:18.875-0400] {logging_mixin.py:137} INFO - [2023-03-18T18:50:18.875-0400] {dagbag.py:538} INFO - Filling up the DagBag from /Users/admin/opt/anaconda3/envs/python-airflow-venv/lib/python3.10/site-packages/airflow/example_dags/example_latest_only.py
[2023-03-18T18:50:18.929-0400] {processor.py:753} INFO - DAG(s) dict_keys(['latest_only']) retrieved from /Users/admin/opt/anaconda3/envs/python-airflow-venv/lib/python3.10/site-packages/airflow/example_dags/example_latest_only.py
[2023-03-18T18:50:18.990-0400] {logging_mixin.py:137} WARNING - /Users/admin/opt/anaconda3/envs/python-airflow-venv/lib/python3.10/site-packages/airflow/jobs/scheduler_job.py:124 DeprecationWarning: The processor_poll_interval option in [scheduler] has been renamed to scheduler_idle_sleep_time - the old setting has been used, but please update your config.
[2023-03-18T18:50:19.839-0400] {logging_mixin.py:137} INFO - [2023-03-18T18:50:19.839-0400] {dag.py:2690} INFO - Sync 1 DAGs
[2023-03-18T18:50:19.859-0400] {logging_mixin.py:137} INFO - [2023-03-18T18:50:19.859-0400] {dag.py:3437} INFO - Setting next_dagrun for latest_only to 2023-03-18T18:50:19.859397+00:00, run_after=2023-03-18T22:50:19.859397+00:00
[2023-03-18T18:50:19.884-0400] {processor.py:175} INFO - Processing /Users/admin/opt/anaconda3/envs/python-airflow-venv/lib/python3.10/site-packages/airflow/example_dags/example_latest_only.py took 1.015 seconds
[2023-03-18T18:52:20.502-0400] {logging_mixin.py:137} WARNING - /Users/admin/opt/anaconda3/envs/python-airflow-venv/lib/python3.10/site-packages/airflow/settings.py:337 DeprecationWarning: The sql_alchemy_pool_enabled option in [core] has been moved to the sql_alchemy_pool_enabled option in [database] - the old setting has been used, but please update your config.
[2023-03-18T18:52:20.508-0400] {logging_mixin.py:137} WARNING - /Users/admin/opt/anaconda3/envs/python-airflow-venv/lib/python3.10/site-packages/airflow/settings.py:400 DeprecationWarning: The sql_engine_encoding option in [core] has been moved to the sql_engine_encoding option in [database] - the old setting has been used, but please update your config.
[2023-03-18T18:52:20.509-0400] {processor.py:153} INFO - Started process (PID=20916) to work on /Users/admin/opt/anaconda3/envs/python-airflow-venv/lib/python3.10/site-packages/airflow/example_dags/example_latest_only.py
[2023-03-18T18:52:20.509-0400] {processor.py:743} INFO - Processing file /Users/admin/opt/anaconda3/envs/python-airflow-venv/lib/python3.10/site-packages/airflow/example_dags/example_latest_only.py for tasks to queue
[2023-03-18T18:52:20.510-0400] {logging_mixin.py:137} INFO - [2023-03-18T18:52:20.509-0400] {dagbag.py:538} INFO - Filling up the DagBag from /Users/admin/opt/anaconda3/envs/python-airflow-venv/lib/python3.10/site-packages/airflow/example_dags/example_latest_only.py
[2023-03-18T18:52:20.565-0400] {processor.py:753} INFO - DAG(s) dict_keys(['latest_only']) retrieved from /Users/admin/opt/anaconda3/envs/python-airflow-venv/lib/python3.10/site-packages/airflow/example_dags/example_latest_only.py
[2023-03-18T18:52:20.631-0400] {logging_mixin.py:137} WARNING - /Users/admin/opt/anaconda3/envs/python-airflow-venv/lib/python3.10/site-packages/airflow/jobs/scheduler_job.py:124 DeprecationWarning: The processor_poll_interval option in [scheduler] has been renamed to scheduler_idle_sleep_time - the old setting has been used, but please update your config.
[2023-03-18T18:52:21.267-0400] {logging_mixin.py:137} INFO - [2023-03-18T18:52:21.267-0400] {dag.py:2690} INFO - Sync 1 DAGs
[2023-03-18T18:52:21.284-0400] {logging_mixin.py:137} INFO - [2023-03-18T18:52:21.284-0400] {dag.py:3437} INFO - Setting next_dagrun for latest_only to 2023-03-18T18:52:21.284599+00:00, run_after=2023-03-18T22:52:21.284599+00:00
[2023-03-18T18:52:21.303-0400] {processor.py:175} INFO - Processing /Users/admin/opt/anaconda3/envs/python-airflow-venv/lib/python3.10/site-packages/airflow/example_dags/example_latest_only.py took 0.801 seconds
[2023-03-18T18:54:15.366-0400] {logging_mixin.py:137} WARNING - /Users/admin/opt/anaconda3/envs/python-airflow-venv/lib/python3.10/site-packages/airflow/settings.py:337 DeprecationWarning: The sql_alchemy_pool_enabled option in [core] has been moved to the sql_alchemy_pool_enabled option in [database] - the old setting has been used, but please update your config.
[2023-03-18T18:54:15.370-0400] {logging_mixin.py:137} WARNING - /Users/admin/opt/anaconda3/envs/python-airflow-venv/lib/python3.10/site-packages/airflow/settings.py:400 DeprecationWarning: The sql_engine_encoding option in [core] has been moved to the sql_engine_encoding option in [database] - the old setting has been used, but please update your config.
[2023-03-18T18:54:15.371-0400] {processor.py:153} INFO - Started process (PID=20967) to work on /Users/admin/opt/anaconda3/envs/python-airflow-venv/lib/python3.10/site-packages/airflow/example_dags/example_latest_only.py
[2023-03-18T18:54:15.371-0400] {processor.py:743} INFO - Processing file /Users/admin/opt/anaconda3/envs/python-airflow-venv/lib/python3.10/site-packages/airflow/example_dags/example_latest_only.py for tasks to queue
[2023-03-18T18:54:15.372-0400] {logging_mixin.py:137} INFO - [2023-03-18T18:54:15.371-0400] {dagbag.py:538} INFO - Filling up the DagBag from /Users/admin/opt/anaconda3/envs/python-airflow-venv/lib/python3.10/site-packages/airflow/example_dags/example_latest_only.py
[2023-03-18T18:54:15.419-0400] {processor.py:753} INFO - DAG(s) dict_keys(['latest_only']) retrieved from /Users/admin/opt/anaconda3/envs/python-airflow-venv/lib/python3.10/site-packages/airflow/example_dags/example_latest_only.py
[2023-03-18T18:54:15.473-0400] {logging_mixin.py:137} WARNING - /Users/admin/opt/anaconda3/envs/python-airflow-venv/lib/python3.10/site-packages/airflow/jobs/scheduler_job.py:124 DeprecationWarning: The processor_poll_interval option in [scheduler] has been renamed to scheduler_idle_sleep_time - the old setting has been used, but please update your config.
[2023-03-18T18:54:16.067-0400] {logging_mixin.py:137} INFO - [2023-03-18T18:54:16.067-0400] {dag.py:2690} INFO - Sync 1 DAGs
[2023-03-18T18:54:16.082-0400] {logging_mixin.py:137} INFO - [2023-03-18T18:54:16.082-0400] {dag.py:3437} INFO - Setting next_dagrun for latest_only to 2023-03-18T18:54:16.082149+00:00, run_after=2023-03-18T22:54:16.082149+00:00
[2023-03-18T18:54:16.103-0400] {processor.py:175} INFO - Processing /Users/admin/opt/anaconda3/envs/python-airflow-venv/lib/python3.10/site-packages/airflow/example_dags/example_latest_only.py took 0.738 seconds
[2023-03-18T18:56:12.615-0400] {logging_mixin.py:137} WARNING - /Users/admin/opt/anaconda3/envs/python-airflow-venv/lib/python3.10/site-packages/airflow/settings.py:337 DeprecationWarning: The sql_alchemy_pool_enabled option in [core] has been moved to the sql_alchemy_pool_enabled option in [database] - the old setting has been used, but please update your config.
[2023-03-18T18:56:12.620-0400] {logging_mixin.py:137} WARNING - /Users/admin/opt/anaconda3/envs/python-airflow-venv/lib/python3.10/site-packages/airflow/settings.py:400 DeprecationWarning: The sql_engine_encoding option in [core] has been moved to the sql_engine_encoding option in [database] - the old setting has been used, but please update your config.
[2023-03-18T18:56:12.621-0400] {processor.py:153} INFO - Started process (PID=21153) to work on /Users/admin/opt/anaconda3/envs/python-airflow-venv/lib/python3.10/site-packages/airflow/example_dags/example_latest_only.py
[2023-03-18T18:56:12.621-0400] {processor.py:743} INFO - Processing file /Users/admin/opt/anaconda3/envs/python-airflow-venv/lib/python3.10/site-packages/airflow/example_dags/example_latest_only.py for tasks to queue
[2023-03-18T18:56:12.621-0400] {logging_mixin.py:137} INFO - [2023-03-18T18:56:12.621-0400] {dagbag.py:538} INFO - Filling up the DagBag from /Users/admin/opt/anaconda3/envs/python-airflow-venv/lib/python3.10/site-packages/airflow/example_dags/example_latest_only.py
[2023-03-18T18:56:12.670-0400] {processor.py:753} INFO - DAG(s) dict_keys(['latest_only']) retrieved from /Users/admin/opt/anaconda3/envs/python-airflow-venv/lib/python3.10/site-packages/airflow/example_dags/example_latest_only.py
[2023-03-18T18:56:12.724-0400] {logging_mixin.py:137} WARNING - /Users/admin/opt/anaconda3/envs/python-airflow-venv/lib/python3.10/site-packages/airflow/jobs/scheduler_job.py:124 DeprecationWarning: The processor_poll_interval option in [scheduler] has been renamed to scheduler_idle_sleep_time - the old setting has been used, but please update your config.
[2023-03-18T18:56:13.318-0400] {logging_mixin.py:137} INFO - [2023-03-18T18:56:13.317-0400] {dag.py:2690} INFO - Sync 1 DAGs
[2023-03-18T18:56:13.333-0400] {logging_mixin.py:137} INFO - [2023-03-18T18:56:13.333-0400] {dag.py:3437} INFO - Setting next_dagrun for latest_only to 2023-03-18T18:56:13.333098+00:00, run_after=2023-03-18T22:56:13.333098+00:00
[2023-03-18T18:56:13.349-0400] {processor.py:175} INFO - Processing /Users/admin/opt/anaconda3/envs/python-airflow-venv/lib/python3.10/site-packages/airflow/example_dags/example_latest_only.py took 0.735 seconds
[2023-03-18T18:58:10.641-0400] {logging_mixin.py:137} WARNING - /Users/admin/opt/anaconda3/envs/python-airflow-venv/lib/python3.10/site-packages/airflow/settings.py:337 DeprecationWarning: The sql_alchemy_pool_enabled option in [core] has been moved to the sql_alchemy_pool_enabled option in [database] - the old setting has been used, but please update your config.
[2023-03-18T18:58:10.646-0400] {logging_mixin.py:137} WARNING - /Users/admin/opt/anaconda3/envs/python-airflow-venv/lib/python3.10/site-packages/airflow/settings.py:400 DeprecationWarning: The sql_engine_encoding option in [core] has been moved to the sql_engine_encoding option in [database] - the old setting has been used, but please update your config.
[2023-03-18T18:58:10.647-0400] {processor.py:153} INFO - Started process (PID=21241) to work on /Users/admin/opt/anaconda3/envs/python-airflow-venv/lib/python3.10/site-packages/airflow/example_dags/example_latest_only.py
[2023-03-18T18:58:10.647-0400] {processor.py:743} INFO - Processing file /Users/admin/opt/anaconda3/envs/python-airflow-venv/lib/python3.10/site-packages/airflow/example_dags/example_latest_only.py for tasks to queue
[2023-03-18T18:58:10.648-0400] {logging_mixin.py:137} INFO - [2023-03-18T18:58:10.648-0400] {dagbag.py:538} INFO - Filling up the DagBag from /Users/admin/opt/anaconda3/envs/python-airflow-venv/lib/python3.10/site-packages/airflow/example_dags/example_latest_only.py
[2023-03-18T18:58:10.696-0400] {processor.py:753} INFO - DAG(s) dict_keys(['latest_only']) retrieved from /Users/admin/opt/anaconda3/envs/python-airflow-venv/lib/python3.10/site-packages/airflow/example_dags/example_latest_only.py
[2023-03-18T18:58:10.751-0400] {logging_mixin.py:137} WARNING - /Users/admin/opt/anaconda3/envs/python-airflow-venv/lib/python3.10/site-packages/airflow/jobs/scheduler_job.py:124 DeprecationWarning: The processor_poll_interval option in [scheduler] has been renamed to scheduler_idle_sleep_time - the old setting has been used, but please update your config.
[2023-03-18T18:58:11.354-0400] {logging_mixin.py:137} INFO - [2023-03-18T18:58:11.354-0400] {dag.py:2690} INFO - Sync 1 DAGs
[2023-03-18T18:58:11.369-0400] {logging_mixin.py:137} INFO - [2023-03-18T18:58:11.369-0400] {dag.py:3437} INFO - Setting next_dagrun for latest_only to 2023-03-18T18:58:11.369673+00:00, run_after=2023-03-18T22:58:11.369673+00:00
[2023-03-18T18:58:11.390-0400] {processor.py:175} INFO - Processing /Users/admin/opt/anaconda3/envs/python-airflow-venv/lib/python3.10/site-packages/airflow/example_dags/example_latest_only.py took 0.750 seconds
[2023-03-18T19:00:06.353-0400] {logging_mixin.py:137} WARNING - /Users/admin/opt/anaconda3/envs/python-airflow-venv/lib/python3.10/site-packages/airflow/settings.py:337 DeprecationWarning: The sql_alchemy_pool_enabled option in [core] has been moved to the sql_alchemy_pool_enabled option in [database] - the old setting has been used, but please update your config.
[2023-03-18T19:00:06.358-0400] {logging_mixin.py:137} WARNING - /Users/admin/opt/anaconda3/envs/python-airflow-venv/lib/python3.10/site-packages/airflow/settings.py:400 DeprecationWarning: The sql_engine_encoding option in [core] has been moved to the sql_engine_encoding option in [database] - the old setting has been used, but please update your config.
[2023-03-18T19:00:06.358-0400] {processor.py:153} INFO - Started process (PID=21296) to work on /Users/admin/opt/anaconda3/envs/python-airflow-venv/lib/python3.10/site-packages/airflow/example_dags/example_latest_only.py
[2023-03-18T19:00:06.359-0400] {processor.py:743} INFO - Processing file /Users/admin/opt/anaconda3/envs/python-airflow-venv/lib/python3.10/site-packages/airflow/example_dags/example_latest_only.py for tasks to queue
[2023-03-18T19:00:06.359-0400] {logging_mixin.py:137} INFO - [2023-03-18T19:00:06.359-0400] {dagbag.py:538} INFO - Filling up the DagBag from /Users/admin/opt/anaconda3/envs/python-airflow-venv/lib/python3.10/site-packages/airflow/example_dags/example_latest_only.py
[2023-03-18T19:00:06.414-0400] {processor.py:753} INFO - DAG(s) dict_keys(['latest_only']) retrieved from /Users/admin/opt/anaconda3/envs/python-airflow-venv/lib/python3.10/site-packages/airflow/example_dags/example_latest_only.py
[2023-03-18T19:00:06.471-0400] {logging_mixin.py:137} WARNING - /Users/admin/opt/anaconda3/envs/python-airflow-venv/lib/python3.10/site-packages/airflow/jobs/scheduler_job.py:124 DeprecationWarning: The processor_poll_interval option in [scheduler] has been renamed to scheduler_idle_sleep_time - the old setting has been used, but please update your config.
[2023-03-18T19:00:07.092-0400] {logging_mixin.py:137} INFO - [2023-03-18T19:00:07.092-0400] {dag.py:2690} INFO - Sync 1 DAGs
[2023-03-18T19:00:07.111-0400] {logging_mixin.py:137} INFO - [2023-03-18T19:00:07.111-0400] {dag.py:3437} INFO - Setting next_dagrun for latest_only to 2023-03-18T19:00:07.111304+00:00, run_after=2023-03-18T23:00:07.111304+00:00
[2023-03-18T19:00:07.133-0400] {processor.py:175} INFO - Processing /Users/admin/opt/anaconda3/envs/python-airflow-venv/lib/python3.10/site-packages/airflow/example_dags/example_latest_only.py took 0.782 seconds
[2023-03-18T19:02:05.609-0400] {logging_mixin.py:137} WARNING - /Users/admin/opt/anaconda3/envs/python-airflow-venv/lib/python3.10/site-packages/airflow/settings.py:337 DeprecationWarning: The sql_alchemy_pool_enabled option in [core] has been moved to the sql_alchemy_pool_enabled option in [database] - the old setting has been used, but please update your config.
[2023-03-18T19:02:05.616-0400] {logging_mixin.py:137} WARNING - /Users/admin/opt/anaconda3/envs/python-airflow-venv/lib/python3.10/site-packages/airflow/settings.py:400 DeprecationWarning: The sql_engine_encoding option in [core] has been moved to the sql_engine_encoding option in [database] - the old setting has been used, but please update your config.
[2023-03-18T19:02:05.617-0400] {processor.py:153} INFO - Started process (PID=21351) to work on /Users/admin/opt/anaconda3/envs/python-airflow-venv/lib/python3.10/site-packages/airflow/example_dags/example_latest_only.py
[2023-03-18T19:02:05.617-0400] {processor.py:743} INFO - Processing file /Users/admin/opt/anaconda3/envs/python-airflow-venv/lib/python3.10/site-packages/airflow/example_dags/example_latest_only.py for tasks to queue
[2023-03-18T19:02:05.617-0400] {logging_mixin.py:137} INFO - [2023-03-18T19:02:05.617-0400] {dagbag.py:538} INFO - Filling up the DagBag from /Users/admin/opt/anaconda3/envs/python-airflow-venv/lib/python3.10/site-packages/airflow/example_dags/example_latest_only.py
[2023-03-18T19:02:05.691-0400] {processor.py:753} INFO - DAG(s) dict_keys(['latest_only']) retrieved from /Users/admin/opt/anaconda3/envs/python-airflow-venv/lib/python3.10/site-packages/airflow/example_dags/example_latest_only.py
[2023-03-18T19:02:05.761-0400] {logging_mixin.py:137} WARNING - /Users/admin/opt/anaconda3/envs/python-airflow-venv/lib/python3.10/site-packages/airflow/jobs/scheduler_job.py:124 DeprecationWarning: The processor_poll_interval option in [scheduler] has been renamed to scheduler_idle_sleep_time - the old setting has been used, but please update your config.
[2023-03-18T19:02:06.648-0400] {logging_mixin.py:137} INFO - [2023-03-18T19:02:06.648-0400] {dag.py:2690} INFO - Sync 1 DAGs
[2023-03-18T19:02:06.685-0400] {logging_mixin.py:137} INFO - [2023-03-18T19:02:06.685-0400] {dag.py:3437} INFO - Setting next_dagrun for latest_only to 2023-03-18T19:02:06.685607+00:00, run_after=2023-03-18T23:02:06.685607+00:00
[2023-03-18T19:02:06.813-0400] {processor.py:175} INFO - Processing /Users/admin/opt/anaconda3/envs/python-airflow-venv/lib/python3.10/site-packages/airflow/example_dags/example_latest_only.py took 1.205 seconds
[2023-03-18T19:04:16.022-0400] {logging_mixin.py:137} WARNING - /Users/admin/opt/anaconda3/envs/python-airflow-venv/lib/python3.10/site-packages/airflow/settings.py:337 DeprecationWarning: The sql_alchemy_pool_enabled option in [core] has been moved to the sql_alchemy_pool_enabled option in [database] - the old setting has been used, but please update your config.
[2023-03-18T19:04:16.029-0400] {logging_mixin.py:137} WARNING - /Users/admin/opt/anaconda3/envs/python-airflow-venv/lib/python3.10/site-packages/airflow/settings.py:400 DeprecationWarning: The sql_engine_encoding option in [core] has been moved to the sql_engine_encoding option in [database] - the old setting has been used, but please update your config.
[2023-03-18T19:04:16.030-0400] {processor.py:153} INFO - Started process (PID=21406) to work on /Users/admin/opt/anaconda3/envs/python-airflow-venv/lib/python3.10/site-packages/airflow/example_dags/example_latest_only.py
[2023-03-18T19:04:16.030-0400] {processor.py:743} INFO - Processing file /Users/admin/opt/anaconda3/envs/python-airflow-venv/lib/python3.10/site-packages/airflow/example_dags/example_latest_only.py for tasks to queue
[2023-03-18T19:04:16.031-0400] {logging_mixin.py:137} INFO - [2023-03-18T19:04:16.031-0400] {dagbag.py:538} INFO - Filling up the DagBag from /Users/admin/opt/anaconda3/envs/python-airflow-venv/lib/python3.10/site-packages/airflow/example_dags/example_latest_only.py
[2023-03-18T19:04:16.085-0400] {processor.py:753} INFO - DAG(s) dict_keys(['latest_only']) retrieved from /Users/admin/opt/anaconda3/envs/python-airflow-venv/lib/python3.10/site-packages/airflow/example_dags/example_latest_only.py
[2023-03-18T19:04:16.151-0400] {logging_mixin.py:137} WARNING - /Users/admin/opt/anaconda3/envs/python-airflow-venv/lib/python3.10/site-packages/airflow/jobs/scheduler_job.py:124 DeprecationWarning: The processor_poll_interval option in [scheduler] has been renamed to scheduler_idle_sleep_time - the old setting has been used, but please update your config.
[2023-03-18T19:04:16.788-0400] {logging_mixin.py:137} INFO - [2023-03-18T19:04:16.788-0400] {dag.py:2690} INFO - Sync 1 DAGs
[2023-03-18T19:04:16.803-0400] {logging_mixin.py:137} INFO - [2023-03-18T19:04:16.803-0400] {dag.py:3437} INFO - Setting next_dagrun for latest_only to 2023-03-18T19:04:16.803260+00:00, run_after=2023-03-18T23:04:16.803260+00:00
[2023-03-18T19:04:16.821-0400] {processor.py:175} INFO - Processing /Users/admin/opt/anaconda3/envs/python-airflow-venv/lib/python3.10/site-packages/airflow/example_dags/example_latest_only.py took 0.800 seconds
[2023-03-18T19:06:17.015-0400] {logging_mixin.py:137} WARNING - /Users/admin/opt/anaconda3/envs/python-airflow-venv/lib/python3.10/site-packages/airflow/settings.py:337 DeprecationWarning: The sql_alchemy_pool_enabled option in [core] has been moved to the sql_alchemy_pool_enabled option in [database] - the old setting has been used, but please update your config.
[2023-03-18T19:06:17.020-0400] {logging_mixin.py:137} WARNING - /Users/admin/opt/anaconda3/envs/python-airflow-venv/lib/python3.10/site-packages/airflow/settings.py:400 DeprecationWarning: The sql_engine_encoding option in [core] has been moved to the sql_engine_encoding option in [database] - the old setting has been used, but please update your config.
[2023-03-18T19:06:17.021-0400] {processor.py:153} INFO - Started process (PID=21457) to work on /Users/admin/opt/anaconda3/envs/python-airflow-venv/lib/python3.10/site-packages/airflow/example_dags/example_latest_only.py
[2023-03-18T19:06:17.021-0400] {processor.py:743} INFO - Processing file /Users/admin/opt/anaconda3/envs/python-airflow-venv/lib/python3.10/site-packages/airflow/example_dags/example_latest_only.py for tasks to queue
[2023-03-18T19:06:17.022-0400] {logging_mixin.py:137} INFO - [2023-03-18T19:06:17.022-0400] {dagbag.py:538} INFO - Filling up the DagBag from /Users/admin/opt/anaconda3/envs/python-airflow-venv/lib/python3.10/site-packages/airflow/example_dags/example_latest_only.py
[2023-03-18T19:06:17.075-0400] {processor.py:753} INFO - DAG(s) dict_keys(['latest_only']) retrieved from /Users/admin/opt/anaconda3/envs/python-airflow-venv/lib/python3.10/site-packages/airflow/example_dags/example_latest_only.py
[2023-03-18T19:06:17.137-0400] {logging_mixin.py:137} WARNING - /Users/admin/opt/anaconda3/envs/python-airflow-venv/lib/python3.10/site-packages/airflow/jobs/scheduler_job.py:124 DeprecationWarning: The processor_poll_interval option in [scheduler] has been renamed to scheduler_idle_sleep_time - the old setting has been used, but please update your config.
[2023-03-18T19:06:18.359-0400] {logging_mixin.py:137} INFO - [2023-03-18T19:06:18.359-0400] {dag.py:2690} INFO - Sync 1 DAGs
[2023-03-18T19:06:18.396-0400] {logging_mixin.py:137} INFO - [2023-03-18T19:06:18.395-0400] {dag.py:3437} INFO - Setting next_dagrun for latest_only to 2023-03-18T19:06:18.395350+00:00, run_after=2023-03-18T23:06:18.395350+00:00
[2023-03-18T19:06:18.416-0400] {processor.py:175} INFO - Processing /Users/admin/opt/anaconda3/envs/python-airflow-venv/lib/python3.10/site-packages/airflow/example_dags/example_latest_only.py took 1.402 seconds
[2023-03-18T19:08:14.606-0400] {logging_mixin.py:137} WARNING - /Users/admin/opt/anaconda3/envs/python-airflow-venv/lib/python3.10/site-packages/airflow/settings.py:337 DeprecationWarning: The sql_alchemy_pool_enabled option in [core] has been moved to the sql_alchemy_pool_enabled option in [database] - the old setting has been used, but please update your config.
[2023-03-18T19:08:14.611-0400] {logging_mixin.py:137} WARNING - /Users/admin/opt/anaconda3/envs/python-airflow-venv/lib/python3.10/site-packages/airflow/settings.py:400 DeprecationWarning: The sql_engine_encoding option in [core] has been moved to the sql_engine_encoding option in [database] - the old setting has been used, but please update your config.
[2023-03-18T19:08:14.612-0400] {processor.py:153} INFO - Started process (PID=21520) to work on /Users/admin/opt/anaconda3/envs/python-airflow-venv/lib/python3.10/site-packages/airflow/example_dags/example_latest_only.py
[2023-03-18T19:08:14.612-0400] {processor.py:743} INFO - Processing file /Users/admin/opt/anaconda3/envs/python-airflow-venv/lib/python3.10/site-packages/airflow/example_dags/example_latest_only.py for tasks to queue
[2023-03-18T19:08:14.612-0400] {logging_mixin.py:137} INFO - [2023-03-18T19:08:14.612-0400] {dagbag.py:538} INFO - Filling up the DagBag from /Users/admin/opt/anaconda3/envs/python-airflow-venv/lib/python3.10/site-packages/airflow/example_dags/example_latest_only.py
[2023-03-18T19:08:14.658-0400] {processor.py:753} INFO - DAG(s) dict_keys(['latest_only']) retrieved from /Users/admin/opt/anaconda3/envs/python-airflow-venv/lib/python3.10/site-packages/airflow/example_dags/example_latest_only.py
[2023-03-18T19:08:14.712-0400] {logging_mixin.py:137} WARNING - /Users/admin/opt/anaconda3/envs/python-airflow-venv/lib/python3.10/site-packages/airflow/jobs/scheduler_job.py:124 DeprecationWarning: The processor_poll_interval option in [scheduler] has been renamed to scheduler_idle_sleep_time - the old setting has been used, but please update your config.
[2023-03-18T19:08:15.323-0400] {logging_mixin.py:137} INFO - [2023-03-18T19:08:15.323-0400] {dag.py:2690} INFO - Sync 1 DAGs
[2023-03-18T19:08:15.338-0400] {logging_mixin.py:137} INFO - [2023-03-18T19:08:15.338-0400] {dag.py:3437} INFO - Setting next_dagrun for latest_only to 2023-03-18T19:08:15.338404+00:00, run_after=2023-03-18T23:08:15.338404+00:00
[2023-03-18T19:08:15.357-0400] {processor.py:175} INFO - Processing /Users/admin/opt/anaconda3/envs/python-airflow-venv/lib/python3.10/site-packages/airflow/example_dags/example_latest_only.py took 0.752 seconds
[2023-03-18T19:10:09.971-0400] {logging_mixin.py:137} WARNING - /Users/admin/opt/anaconda3/envs/python-airflow-venv/lib/python3.10/site-packages/airflow/settings.py:337 DeprecationWarning: The sql_alchemy_pool_enabled option in [core] has been moved to the sql_alchemy_pool_enabled option in [database] - the old setting has been used, but please update your config.
[2023-03-18T19:10:09.975-0400] {logging_mixin.py:137} WARNING - /Users/admin/opt/anaconda3/envs/python-airflow-venv/lib/python3.10/site-packages/airflow/settings.py:400 DeprecationWarning: The sql_engine_encoding option in [core] has been moved to the sql_engine_encoding option in [database] - the old setting has been used, but please update your config.
[2023-03-18T19:10:09.976-0400] {processor.py:153} INFO - Started process (PID=21570) to work on /Users/admin/opt/anaconda3/envs/python-airflow-venv/lib/python3.10/site-packages/airflow/example_dags/example_latest_only.py
[2023-03-18T19:10:09.976-0400] {processor.py:743} INFO - Processing file /Users/admin/opt/anaconda3/envs/python-airflow-venv/lib/python3.10/site-packages/airflow/example_dags/example_latest_only.py for tasks to queue
[2023-03-18T19:10:09.976-0400] {logging_mixin.py:137} INFO - [2023-03-18T19:10:09.976-0400] {dagbag.py:538} INFO - Filling up the DagBag from /Users/admin/opt/anaconda3/envs/python-airflow-venv/lib/python3.10/site-packages/airflow/example_dags/example_latest_only.py
[2023-03-18T19:10:10.024-0400] {processor.py:753} INFO - DAG(s) dict_keys(['latest_only']) retrieved from /Users/admin/opt/anaconda3/envs/python-airflow-venv/lib/python3.10/site-packages/airflow/example_dags/example_latest_only.py
[2023-03-18T19:10:10.079-0400] {logging_mixin.py:137} WARNING - /Users/admin/opt/anaconda3/envs/python-airflow-venv/lib/python3.10/site-packages/airflow/jobs/scheduler_job.py:124 DeprecationWarning: The processor_poll_interval option in [scheduler] has been renamed to scheduler_idle_sleep_time - the old setting has been used, but please update your config.
[2023-03-18T19:10:10.690-0400] {logging_mixin.py:137} INFO - [2023-03-18T19:10:10.690-0400] {dag.py:2690} INFO - Sync 1 DAGs
[2023-03-18T19:10:10.706-0400] {logging_mixin.py:137} INFO - [2023-03-18T19:10:10.706-0400] {dag.py:3437} INFO - Setting next_dagrun for latest_only to 2023-03-18T19:10:10.706080+00:00, run_after=2023-03-18T23:10:10.706080+00:00
[2023-03-18T19:10:10.725-0400] {processor.py:175} INFO - Processing /Users/admin/opt/anaconda3/envs/python-airflow-venv/lib/python3.10/site-packages/airflow/example_dags/example_latest_only.py took 0.755 seconds
[2023-03-18T19:12:05.176-0400] {logging_mixin.py:137} WARNING - /Users/admin/opt/anaconda3/envs/python-airflow-venv/lib/python3.10/site-packages/airflow/settings.py:337 DeprecationWarning: The sql_alchemy_pool_enabled option in [core] has been moved to the sql_alchemy_pool_enabled option in [database] - the old setting has been used, but please update your config.
[2023-03-18T19:12:05.181-0400] {logging_mixin.py:137} WARNING - /Users/admin/opt/anaconda3/envs/python-airflow-venv/lib/python3.10/site-packages/airflow/settings.py:400 DeprecationWarning: The sql_engine_encoding option in [core] has been moved to the sql_engine_encoding option in [database] - the old setting has been used, but please update your config.
[2023-03-18T19:12:05.181-0400] {processor.py:153} INFO - Started process (PID=21622) to work on /Users/admin/opt/anaconda3/envs/python-airflow-venv/lib/python3.10/site-packages/airflow/example_dags/example_latest_only.py
[2023-03-18T19:12:05.182-0400] {processor.py:743} INFO - Processing file /Users/admin/opt/anaconda3/envs/python-airflow-venv/lib/python3.10/site-packages/airflow/example_dags/example_latest_only.py for tasks to queue
[2023-03-18T19:12:05.182-0400] {logging_mixin.py:137} INFO - [2023-03-18T19:12:05.182-0400] {dagbag.py:538} INFO - Filling up the DagBag from /Users/admin/opt/anaconda3/envs/python-airflow-venv/lib/python3.10/site-packages/airflow/example_dags/example_latest_only.py
[2023-03-18T19:12:05.233-0400] {processor.py:753} INFO - DAG(s) dict_keys(['latest_only']) retrieved from /Users/admin/opt/anaconda3/envs/python-airflow-venv/lib/python3.10/site-packages/airflow/example_dags/example_latest_only.py
[2023-03-18T19:12:05.302-0400] {logging_mixin.py:137} WARNING - /Users/admin/opt/anaconda3/envs/python-airflow-venv/lib/python3.10/site-packages/airflow/jobs/scheduler_job.py:124 DeprecationWarning: The processor_poll_interval option in [scheduler] has been renamed to scheduler_idle_sleep_time - the old setting has been used, but please update your config.
[2023-03-18T19:12:05.941-0400] {logging_mixin.py:137} INFO - [2023-03-18T19:12:05.941-0400] {dag.py:2690} INFO - Sync 1 DAGs
[2023-03-18T19:12:05.956-0400] {logging_mixin.py:137} INFO - [2023-03-18T19:12:05.956-0400] {dag.py:3437} INFO - Setting next_dagrun for latest_only to 2023-03-18T19:12:05.956058+00:00, run_after=2023-03-18T23:12:05.956058+00:00
[2023-03-18T19:12:05.973-0400] {processor.py:175} INFO - Processing /Users/admin/opt/anaconda3/envs/python-airflow-venv/lib/python3.10/site-packages/airflow/example_dags/example_latest_only.py took 0.797 seconds
[2023-03-18T19:14:00.779-0400] {logging_mixin.py:137} WARNING - /Users/admin/opt/anaconda3/envs/python-airflow-venv/lib/python3.10/site-packages/airflow/settings.py:337 DeprecationWarning: The sql_alchemy_pool_enabled option in [core] has been moved to the sql_alchemy_pool_enabled option in [database] - the old setting has been used, but please update your config.
[2023-03-18T19:14:00.784-0400] {logging_mixin.py:137} WARNING - /Users/admin/opt/anaconda3/envs/python-airflow-venv/lib/python3.10/site-packages/airflow/settings.py:400 DeprecationWarning: The sql_engine_encoding option in [core] has been moved to the sql_engine_encoding option in [database] - the old setting has been used, but please update your config.
[2023-03-18T19:14:00.784-0400] {processor.py:153} INFO - Started process (PID=21672) to work on /Users/admin/opt/anaconda3/envs/python-airflow-venv/lib/python3.10/site-packages/airflow/example_dags/example_latest_only.py
[2023-03-18T19:14:00.785-0400] {processor.py:743} INFO - Processing file /Users/admin/opt/anaconda3/envs/python-airflow-venv/lib/python3.10/site-packages/airflow/example_dags/example_latest_only.py for tasks to queue
[2023-03-18T19:14:00.785-0400] {logging_mixin.py:137} INFO - [2023-03-18T19:14:00.785-0400] {dagbag.py:538} INFO - Filling up the DagBag from /Users/admin/opt/anaconda3/envs/python-airflow-venv/lib/python3.10/site-packages/airflow/example_dags/example_latest_only.py
[2023-03-18T19:14:00.831-0400] {processor.py:753} INFO - DAG(s) dict_keys(['latest_only']) retrieved from /Users/admin/opt/anaconda3/envs/python-airflow-venv/lib/python3.10/site-packages/airflow/example_dags/example_latest_only.py
[2023-03-18T19:14:00.885-0400] {logging_mixin.py:137} WARNING - /Users/admin/opt/anaconda3/envs/python-airflow-venv/lib/python3.10/site-packages/airflow/jobs/scheduler_job.py:124 DeprecationWarning: The processor_poll_interval option in [scheduler] has been renamed to scheduler_idle_sleep_time - the old setting has been used, but please update your config.
[2023-03-18T19:14:01.488-0400] {logging_mixin.py:137} INFO - [2023-03-18T19:14:01.488-0400] {dag.py:2690} INFO - Sync 1 DAGs
[2023-03-18T19:14:01.503-0400] {logging_mixin.py:137} INFO - [2023-03-18T19:14:01.503-0400] {dag.py:3437} INFO - Setting next_dagrun for latest_only to 2023-03-18T19:14:01.503357+00:00, run_after=2023-03-18T23:14:01.503357+00:00
[2023-03-18T19:14:01.523-0400] {processor.py:175} INFO - Processing /Users/admin/opt/anaconda3/envs/python-airflow-venv/lib/python3.10/site-packages/airflow/example_dags/example_latest_only.py took 0.745 seconds
[2023-03-18T19:15:55.841-0400] {logging_mixin.py:137} WARNING - /Users/admin/opt/anaconda3/envs/python-airflow-venv/lib/python3.10/site-packages/airflow/settings.py:337 DeprecationWarning: The sql_alchemy_pool_enabled option in [core] has been moved to the sql_alchemy_pool_enabled option in [database] - the old setting has been used, but please update your config.
[2023-03-18T19:15:55.846-0400] {logging_mixin.py:137} WARNING - /Users/admin/opt/anaconda3/envs/python-airflow-venv/lib/python3.10/site-packages/airflow/settings.py:400 DeprecationWarning: The sql_engine_encoding option in [core] has been moved to the sql_engine_encoding option in [database] - the old setting has been used, but please update your config.
[2023-03-18T19:15:55.846-0400] {processor.py:153} INFO - Started process (PID=21721) to work on /Users/admin/opt/anaconda3/envs/python-airflow-venv/lib/python3.10/site-packages/airflow/example_dags/example_latest_only.py
[2023-03-18T19:15:55.846-0400] {processor.py:743} INFO - Processing file /Users/admin/opt/anaconda3/envs/python-airflow-venv/lib/python3.10/site-packages/airflow/example_dags/example_latest_only.py for tasks to queue
[2023-03-18T19:15:55.847-0400] {logging_mixin.py:137} INFO - [2023-03-18T19:15:55.847-0400] {dagbag.py:538} INFO - Filling up the DagBag from /Users/admin/opt/anaconda3/envs/python-airflow-venv/lib/python3.10/site-packages/airflow/example_dags/example_latest_only.py
[2023-03-18T19:15:55.894-0400] {processor.py:753} INFO - DAG(s) dict_keys(['latest_only']) retrieved from /Users/admin/opt/anaconda3/envs/python-airflow-venv/lib/python3.10/site-packages/airflow/example_dags/example_latest_only.py
[2023-03-18T19:15:55.948-0400] {logging_mixin.py:137} WARNING - /Users/admin/opt/anaconda3/envs/python-airflow-venv/lib/python3.10/site-packages/airflow/jobs/scheduler_job.py:124 DeprecationWarning: The processor_poll_interval option in [scheduler] has been renamed to scheduler_idle_sleep_time - the old setting has been used, but please update your config.
[2023-03-18T19:15:56.545-0400] {logging_mixin.py:137} INFO - [2023-03-18T19:15:56.545-0400] {dag.py:2690} INFO - Sync 1 DAGs
[2023-03-18T19:15:56.561-0400] {logging_mixin.py:137} INFO - [2023-03-18T19:15:56.560-0400] {dag.py:3437} INFO - Setting next_dagrun for latest_only to 2023-03-18T19:15:56.560798+00:00, run_after=2023-03-18T23:15:56.560798+00:00
[2023-03-18T19:15:56.578-0400] {processor.py:175} INFO - Processing /Users/admin/opt/anaconda3/envs/python-airflow-venv/lib/python3.10/site-packages/airflow/example_dags/example_latest_only.py took 0.738 seconds
[2023-03-18T19:17:52.565-0400] {logging_mixin.py:137} WARNING - /Users/admin/opt/anaconda3/envs/python-airflow-venv/lib/python3.10/site-packages/airflow/settings.py:337 DeprecationWarning: The sql_alchemy_pool_enabled option in [core] has been moved to the sql_alchemy_pool_enabled option in [database] - the old setting has been used, but please update your config.
[2023-03-18T19:17:52.570-0400] {logging_mixin.py:137} WARNING - /Users/admin/opt/anaconda3/envs/python-airflow-venv/lib/python3.10/site-packages/airflow/settings.py:400 DeprecationWarning: The sql_engine_encoding option in [core] has been moved to the sql_engine_encoding option in [database] - the old setting has been used, but please update your config.
[2023-03-18T19:17:52.570-0400] {processor.py:153} INFO - Started process (PID=21778) to work on /Users/admin/opt/anaconda3/envs/python-airflow-venv/lib/python3.10/site-packages/airflow/example_dags/example_latest_only.py
[2023-03-18T19:17:52.570-0400] {processor.py:743} INFO - Processing file /Users/admin/opt/anaconda3/envs/python-airflow-venv/lib/python3.10/site-packages/airflow/example_dags/example_latest_only.py for tasks to queue
[2023-03-18T19:17:52.571-0400] {logging_mixin.py:137} INFO - [2023-03-18T19:17:52.571-0400] {dagbag.py:538} INFO - Filling up the DagBag from /Users/admin/opt/anaconda3/envs/python-airflow-venv/lib/python3.10/site-packages/airflow/example_dags/example_latest_only.py
[2023-03-18T19:17:52.625-0400] {processor.py:753} INFO - DAG(s) dict_keys(['latest_only']) retrieved from /Users/admin/opt/anaconda3/envs/python-airflow-venv/lib/python3.10/site-packages/airflow/example_dags/example_latest_only.py
[2023-03-18T19:17:52.687-0400] {logging_mixin.py:137} WARNING - /Users/admin/opt/anaconda3/envs/python-airflow-venv/lib/python3.10/site-packages/airflow/jobs/scheduler_job.py:124 DeprecationWarning: The processor_poll_interval option in [scheduler] has been renamed to scheduler_idle_sleep_time - the old setting has been used, but please update your config.
[2023-03-18T19:17:53.335-0400] {logging_mixin.py:137} INFO - [2023-03-18T19:17:53.335-0400] {dag.py:2690} INFO - Sync 1 DAGs
[2023-03-18T19:17:53.356-0400] {logging_mixin.py:137} INFO - [2023-03-18T19:17:53.356-0400] {dag.py:3437} INFO - Setting next_dagrun for latest_only to 2023-03-18T19:17:53.356266+00:00, run_after=2023-03-18T23:17:53.356266+00:00
[2023-03-18T19:17:53.374-0400] {processor.py:175} INFO - Processing /Users/admin/opt/anaconda3/envs/python-airflow-venv/lib/python3.10/site-packages/airflow/example_dags/example_latest_only.py took 0.810 seconds
[2023-03-18T19:19:46.165-0400] {logging_mixin.py:137} WARNING - /Users/admin/opt/anaconda3/envs/python-airflow-venv/lib/python3.10/site-packages/airflow/settings.py:337 DeprecationWarning: The sql_alchemy_pool_enabled option in [core] has been moved to the sql_alchemy_pool_enabled option in [database] - the old setting has been used, but please update your config.
[2023-03-18T19:19:46.169-0400] {logging_mixin.py:137} WARNING - /Users/admin/opt/anaconda3/envs/python-airflow-venv/lib/python3.10/site-packages/airflow/settings.py:400 DeprecationWarning: The sql_engine_encoding option in [core] has been moved to the sql_engine_encoding option in [database] - the old setting has been used, but please update your config.
[2023-03-18T19:19:46.170-0400] {processor.py:153} INFO - Started process (PID=21846) to work on /Users/admin/opt/anaconda3/envs/python-airflow-venv/lib/python3.10/site-packages/airflow/example_dags/example_latest_only.py
[2023-03-18T19:19:46.170-0400] {processor.py:743} INFO - Processing file /Users/admin/opt/anaconda3/envs/python-airflow-venv/lib/python3.10/site-packages/airflow/example_dags/example_latest_only.py for tasks to queue
[2023-03-18T19:19:46.170-0400] {logging_mixin.py:137} INFO - [2023-03-18T19:19:46.170-0400] {dagbag.py:538} INFO - Filling up the DagBag from /Users/admin/opt/anaconda3/envs/python-airflow-venv/lib/python3.10/site-packages/airflow/example_dags/example_latest_only.py
[2023-03-18T19:19:46.222-0400] {processor.py:753} INFO - DAG(s) dict_keys(['latest_only']) retrieved from /Users/admin/opt/anaconda3/envs/python-airflow-venv/lib/python3.10/site-packages/airflow/example_dags/example_latest_only.py
[2023-03-18T19:19:46.278-0400] {logging_mixin.py:137} WARNING - /Users/admin/opt/anaconda3/envs/python-airflow-venv/lib/python3.10/site-packages/airflow/jobs/scheduler_job.py:124 DeprecationWarning: The processor_poll_interval option in [scheduler] has been renamed to scheduler_idle_sleep_time - the old setting has been used, but please update your config.
[2023-03-18T19:19:46.882-0400] {logging_mixin.py:137} INFO - [2023-03-18T19:19:46.882-0400] {dag.py:2690} INFO - Sync 1 DAGs
[2023-03-18T19:19:46.897-0400] {logging_mixin.py:137} INFO - [2023-03-18T19:19:46.897-0400] {dag.py:3437} INFO - Setting next_dagrun for latest_only to 2023-03-18T19:19:46.896935+00:00, run_after=2023-03-18T23:19:46.896935+00:00
[2023-03-18T19:19:46.917-0400] {processor.py:175} INFO - Processing /Users/admin/opt/anaconda3/envs/python-airflow-venv/lib/python3.10/site-packages/airflow/example_dags/example_latest_only.py took 0.753 seconds
[2023-03-18T19:21:41.002-0400] {logging_mixin.py:137} WARNING - /Users/admin/opt/anaconda3/envs/python-airflow-venv/lib/python3.10/site-packages/airflow/settings.py:337 DeprecationWarning: The sql_alchemy_pool_enabled option in [core] has been moved to the sql_alchemy_pool_enabled option in [database] - the old setting has been used, but please update your config.
[2023-03-18T19:21:41.006-0400] {logging_mixin.py:137} WARNING - /Users/admin/opt/anaconda3/envs/python-airflow-venv/lib/python3.10/site-packages/airflow/settings.py:400 DeprecationWarning: The sql_engine_encoding option in [core] has been moved to the sql_engine_encoding option in [database] - the old setting has been used, but please update your config.
[2023-03-18T19:21:41.007-0400] {processor.py:153} INFO - Started process (PID=21927) to work on /Users/admin/opt/anaconda3/envs/python-airflow-venv/lib/python3.10/site-packages/airflow/example_dags/example_latest_only.py
[2023-03-18T19:21:41.007-0400] {processor.py:743} INFO - Processing file /Users/admin/opt/anaconda3/envs/python-airflow-venv/lib/python3.10/site-packages/airflow/example_dags/example_latest_only.py for tasks to queue
[2023-03-18T19:21:41.007-0400] {logging_mixin.py:137} INFO - [2023-03-18T19:21:41.007-0400] {dagbag.py:538} INFO - Filling up the DagBag from /Users/admin/opt/anaconda3/envs/python-airflow-venv/lib/python3.10/site-packages/airflow/example_dags/example_latest_only.py
[2023-03-18T19:21:41.056-0400] {processor.py:753} INFO - DAG(s) dict_keys(['latest_only']) retrieved from /Users/admin/opt/anaconda3/envs/python-airflow-venv/lib/python3.10/site-packages/airflow/example_dags/example_latest_only.py
[2023-03-18T19:21:41.111-0400] {logging_mixin.py:137} WARNING - /Users/admin/opt/anaconda3/envs/python-airflow-venv/lib/python3.10/site-packages/airflow/jobs/scheduler_job.py:124 DeprecationWarning: The processor_poll_interval option in [scheduler] has been renamed to scheduler_idle_sleep_time - the old setting has been used, but please update your config.
[2023-03-18T19:21:41.713-0400] {logging_mixin.py:137} INFO - [2023-03-18T19:21:41.713-0400] {dag.py:2690} INFO - Sync 1 DAGs
[2023-03-18T19:21:41.728-0400] {logging_mixin.py:137} INFO - [2023-03-18T19:21:41.728-0400] {dag.py:3437} INFO - Setting next_dagrun for latest_only to 2023-03-18T19:21:41.728298+00:00, run_after=2023-03-18T23:21:41.728298+00:00
[2023-03-18T19:21:41.749-0400] {processor.py:175} INFO - Processing /Users/admin/opt/anaconda3/envs/python-airflow-venv/lib/python3.10/site-packages/airflow/example_dags/example_latest_only.py took 0.748 seconds
