[2023-03-18T18:38:55.618-0400] {logging_mixin.py:137} WARNING - /Users/admin/opt/anaconda3/envs/python-airflow-venv/lib/python3.10/site-packages/airflow/settings.py:337 DeprecationWarning: The sql_alchemy_pool_enabled option in [core] has been moved to the sql_alchemy_pool_enabled option in [database] - the old setting has been used, but please update your config.
[2023-03-18T18:38:55.622-0400] {logging_mixin.py:137} WARNING - /Users/admin/opt/anaconda3/envs/python-airflow-venv/lib/python3.10/site-packages/airflow/settings.py:400 DeprecationWarning: The sql_engine_encoding option in [core] has been moved to the sql_engine_encoding option in [database] - the old setting has been used, but please update your config.
[2023-03-18T18:38:55.623-0400] {processor.py:153} INFO - Started process (PID=20499) to work on /Users/admin/opt/anaconda3/envs/python-airflow-venv/lib/python3.10/site-packages/airflow/example_dags/example_branch_labels.py
[2023-03-18T18:38:55.623-0400] {processor.py:743} INFO - Processing file /Users/admin/opt/anaconda3/envs/python-airflow-venv/lib/python3.10/site-packages/airflow/example_dags/example_branch_labels.py for tasks to queue
[2023-03-18T18:38:55.623-0400] {logging_mixin.py:137} INFO - [2023-03-18T18:38:55.623-0400] {dagbag.py:538} INFO - Filling up the DagBag from /Users/admin/opt/anaconda3/envs/python-airflow-venv/lib/python3.10/site-packages/airflow/example_dags/example_branch_labels.py
[2023-03-18T18:38:55.672-0400] {processor.py:753} INFO - DAG(s) dict_keys(['example_branch_labels']) retrieved from /Users/admin/opt/anaconda3/envs/python-airflow-venv/lib/python3.10/site-packages/airflow/example_dags/example_branch_labels.py
[2023-03-18T18:38:55.726-0400] {logging_mixin.py:137} WARNING - /Users/admin/opt/anaconda3/envs/python-airflow-venv/lib/python3.10/site-packages/airflow/jobs/scheduler_job.py:124 DeprecationWarning: The processor_poll_interval option in [scheduler] has been renamed to scheduler_idle_sleep_time - the old setting has been used, but please update your config.
[2023-03-18T18:38:56.328-0400] {logging_mixin.py:137} INFO - [2023-03-18T18:38:56.328-0400] {dag.py:2690} INFO - Sync 1 DAGs
[2023-03-18T18:38:56.344-0400] {logging_mixin.py:137} INFO - [2023-03-18T18:38:56.344-0400] {dag.py:3437} INFO - Setting next_dagrun for example_branch_labels to 2023-03-17T00:00:00+00:00, run_after=2023-03-18T00:00:00+00:00
[2023-03-18T18:38:56.361-0400] {processor.py:175} INFO - Processing /Users/admin/opt/anaconda3/envs/python-airflow-venv/lib/python3.10/site-packages/airflow/example_dags/example_branch_labels.py took 0.744 seconds
[2023-03-18T18:40:51.946-0400] {logging_mixin.py:137} WARNING - /Users/admin/opt/anaconda3/envs/python-airflow-venv/lib/python3.10/site-packages/airflow/settings.py:337 DeprecationWarning: The sql_alchemy_pool_enabled option in [core] has been moved to the sql_alchemy_pool_enabled option in [database] - the old setting has been used, but please update your config.
[2023-03-18T18:40:51.951-0400] {logging_mixin.py:137} WARNING - /Users/admin/opt/anaconda3/envs/python-airflow-venv/lib/python3.10/site-packages/airflow/settings.py:400 DeprecationWarning: The sql_engine_encoding option in [core] has been moved to the sql_engine_encoding option in [database] - the old setting has been used, but please update your config.
[2023-03-18T18:40:51.951-0400] {processor.py:153} INFO - Started process (PID=20589) to work on /Users/admin/opt/anaconda3/envs/python-airflow-venv/lib/python3.10/site-packages/airflow/example_dags/example_branch_labels.py
[2023-03-18T18:40:51.952-0400] {processor.py:743} INFO - Processing file /Users/admin/opt/anaconda3/envs/python-airflow-venv/lib/python3.10/site-packages/airflow/example_dags/example_branch_labels.py for tasks to queue
[2023-03-18T18:40:51.952-0400] {logging_mixin.py:137} INFO - [2023-03-18T18:40:51.952-0400] {dagbag.py:538} INFO - Filling up the DagBag from /Users/admin/opt/anaconda3/envs/python-airflow-venv/lib/python3.10/site-packages/airflow/example_dags/example_branch_labels.py
[2023-03-18T18:40:52.002-0400] {processor.py:753} INFO - DAG(s) dict_keys(['example_branch_labels']) retrieved from /Users/admin/opt/anaconda3/envs/python-airflow-venv/lib/python3.10/site-packages/airflow/example_dags/example_branch_labels.py
[2023-03-18T18:40:52.058-0400] {logging_mixin.py:137} WARNING - /Users/admin/opt/anaconda3/envs/python-airflow-venv/lib/python3.10/site-packages/airflow/jobs/scheduler_job.py:124 DeprecationWarning: The processor_poll_interval option in [scheduler] has been renamed to scheduler_idle_sleep_time - the old setting has been used, but please update your config.
[2023-03-18T18:40:52.673-0400] {logging_mixin.py:137} INFO - [2023-03-18T18:40:52.673-0400] {dag.py:2690} INFO - Sync 1 DAGs
[2023-03-18T18:40:52.688-0400] {logging_mixin.py:137} INFO - [2023-03-18T18:40:52.688-0400] {dag.py:3437} INFO - Setting next_dagrun for example_branch_labels to 2023-03-17T00:00:00+00:00, run_after=2023-03-18T00:00:00+00:00
[2023-03-18T18:40:52.702-0400] {processor.py:175} INFO - Processing /Users/admin/opt/anaconda3/envs/python-airflow-venv/lib/python3.10/site-packages/airflow/example_dags/example_branch_labels.py took 0.757 seconds
[2023-03-18T18:42:48.321-0400] {logging_mixin.py:137} WARNING - /Users/admin/opt/anaconda3/envs/python-airflow-venv/lib/python3.10/site-packages/airflow/settings.py:337 DeprecationWarning: The sql_alchemy_pool_enabled option in [core] has been moved to the sql_alchemy_pool_enabled option in [database] - the old setting has been used, but please update your config.
[2023-03-18T18:42:48.326-0400] {logging_mixin.py:137} WARNING - /Users/admin/opt/anaconda3/envs/python-airflow-venv/lib/python3.10/site-packages/airflow/settings.py:400 DeprecationWarning: The sql_engine_encoding option in [core] has been moved to the sql_engine_encoding option in [database] - the old setting has been used, but please update your config.
[2023-03-18T18:42:48.326-0400] {processor.py:153} INFO - Started process (PID=20649) to work on /Users/admin/opt/anaconda3/envs/python-airflow-venv/lib/python3.10/site-packages/airflow/example_dags/example_branch_labels.py
[2023-03-18T18:42:48.327-0400] {processor.py:743} INFO - Processing file /Users/admin/opt/anaconda3/envs/python-airflow-venv/lib/python3.10/site-packages/airflow/example_dags/example_branch_labels.py for tasks to queue
[2023-03-18T18:42:48.327-0400] {logging_mixin.py:137} INFO - [2023-03-18T18:42:48.327-0400] {dagbag.py:538} INFO - Filling up the DagBag from /Users/admin/opt/anaconda3/envs/python-airflow-venv/lib/python3.10/site-packages/airflow/example_dags/example_branch_labels.py
[2023-03-18T18:42:48.375-0400] {processor.py:753} INFO - DAG(s) dict_keys(['example_branch_labels']) retrieved from /Users/admin/opt/anaconda3/envs/python-airflow-venv/lib/python3.10/site-packages/airflow/example_dags/example_branch_labels.py
[2023-03-18T18:42:48.429-0400] {logging_mixin.py:137} WARNING - /Users/admin/opt/anaconda3/envs/python-airflow-venv/lib/python3.10/site-packages/airflow/jobs/scheduler_job.py:124 DeprecationWarning: The processor_poll_interval option in [scheduler] has been renamed to scheduler_idle_sleep_time - the old setting has been used, but please update your config.
[2023-03-18T18:42:49.030-0400] {logging_mixin.py:137} INFO - [2023-03-18T18:42:49.030-0400] {dag.py:2690} INFO - Sync 1 DAGs
[2023-03-18T18:42:49.047-0400] {logging_mixin.py:137} INFO - [2023-03-18T18:42:49.046-0400] {dag.py:3437} INFO - Setting next_dagrun for example_branch_labels to 2023-03-17T00:00:00+00:00, run_after=2023-03-18T00:00:00+00:00
[2023-03-18T18:42:49.068-0400] {processor.py:175} INFO - Processing /Users/admin/opt/anaconda3/envs/python-airflow-venv/lib/python3.10/site-packages/airflow/example_dags/example_branch_labels.py took 0.747 seconds
[2023-03-18T18:44:44.723-0400] {logging_mixin.py:137} WARNING - /Users/admin/opt/anaconda3/envs/python-airflow-venv/lib/python3.10/site-packages/airflow/settings.py:337 DeprecationWarning: The sql_alchemy_pool_enabled option in [core] has been moved to the sql_alchemy_pool_enabled option in [database] - the old setting has been used, but please update your config.
[2023-03-18T18:44:44.727-0400] {logging_mixin.py:137} WARNING - /Users/admin/opt/anaconda3/envs/python-airflow-venv/lib/python3.10/site-packages/airflow/settings.py:400 DeprecationWarning: The sql_engine_encoding option in [core] has been moved to the sql_engine_encoding option in [database] - the old setting has been used, but please update your config.
[2023-03-18T18:44:44.728-0400] {processor.py:153} INFO - Started process (PID=20700) to work on /Users/admin/opt/anaconda3/envs/python-airflow-venv/lib/python3.10/site-packages/airflow/example_dags/example_branch_labels.py
[2023-03-18T18:44:44.728-0400] {processor.py:743} INFO - Processing file /Users/admin/opt/anaconda3/envs/python-airflow-venv/lib/python3.10/site-packages/airflow/example_dags/example_branch_labels.py for tasks to queue
[2023-03-18T18:44:44.728-0400] {logging_mixin.py:137} INFO - [2023-03-18T18:44:44.728-0400] {dagbag.py:538} INFO - Filling up the DagBag from /Users/admin/opt/anaconda3/envs/python-airflow-venv/lib/python3.10/site-packages/airflow/example_dags/example_branch_labels.py
[2023-03-18T18:44:44.775-0400] {processor.py:753} INFO - DAG(s) dict_keys(['example_branch_labels']) retrieved from /Users/admin/opt/anaconda3/envs/python-airflow-venv/lib/python3.10/site-packages/airflow/example_dags/example_branch_labels.py
[2023-03-18T18:44:44.830-0400] {logging_mixin.py:137} WARNING - /Users/admin/opt/anaconda3/envs/python-airflow-venv/lib/python3.10/site-packages/airflow/jobs/scheduler_job.py:124 DeprecationWarning: The processor_poll_interval option in [scheduler] has been renamed to scheduler_idle_sleep_time - the old setting has been used, but please update your config.
[2023-03-18T18:44:45.466-0400] {logging_mixin.py:137} INFO - [2023-03-18T18:44:45.466-0400] {dag.py:2690} INFO - Sync 1 DAGs
[2023-03-18T18:44:45.484-0400] {logging_mixin.py:137} INFO - [2023-03-18T18:44:45.484-0400] {dag.py:3437} INFO - Setting next_dagrun for example_branch_labels to 2023-03-17T00:00:00+00:00, run_after=2023-03-18T00:00:00+00:00
[2023-03-18T18:44:45.503-0400] {processor.py:175} INFO - Processing /Users/admin/opt/anaconda3/envs/python-airflow-venv/lib/python3.10/site-packages/airflow/example_dags/example_branch_labels.py took 0.781 seconds
[2023-03-18T18:46:45.413-0400] {logging_mixin.py:137} WARNING - /Users/admin/opt/anaconda3/envs/python-airflow-venv/lib/python3.10/site-packages/airflow/settings.py:337 DeprecationWarning: The sql_alchemy_pool_enabled option in [core] has been moved to the sql_alchemy_pool_enabled option in [database] - the old setting has been used, but please update your config.
[2023-03-18T18:46:45.418-0400] {logging_mixin.py:137} WARNING - /Users/admin/opt/anaconda3/envs/python-airflow-venv/lib/python3.10/site-packages/airflow/settings.py:400 DeprecationWarning: The sql_engine_encoding option in [core] has been moved to the sql_engine_encoding option in [database] - the old setting has been used, but please update your config.
[2023-03-18T18:46:45.419-0400] {processor.py:153} INFO - Started process (PID=20751) to work on /Users/admin/opt/anaconda3/envs/python-airflow-venv/lib/python3.10/site-packages/airflow/example_dags/example_branch_labels.py
[2023-03-18T18:46:45.419-0400] {processor.py:743} INFO - Processing file /Users/admin/opt/anaconda3/envs/python-airflow-venv/lib/python3.10/site-packages/airflow/example_dags/example_branch_labels.py for tasks to queue
[2023-03-18T18:46:45.420-0400] {logging_mixin.py:137} INFO - [2023-03-18T18:46:45.420-0400] {dagbag.py:538} INFO - Filling up the DagBag from /Users/admin/opt/anaconda3/envs/python-airflow-venv/lib/python3.10/site-packages/airflow/example_dags/example_branch_labels.py
[2023-03-18T18:46:45.473-0400] {processor.py:753} INFO - DAG(s) dict_keys(['example_branch_labels']) retrieved from /Users/admin/opt/anaconda3/envs/python-airflow-venv/lib/python3.10/site-packages/airflow/example_dags/example_branch_labels.py
[2023-03-18T18:46:45.536-0400] {logging_mixin.py:137} WARNING - /Users/admin/opt/anaconda3/envs/python-airflow-venv/lib/python3.10/site-packages/airflow/jobs/scheduler_job.py:124 DeprecationWarning: The processor_poll_interval option in [scheduler] has been renamed to scheduler_idle_sleep_time - the old setting has been used, but please update your config.
[2023-03-18T18:46:46.239-0400] {logging_mixin.py:137} INFO - [2023-03-18T18:46:46.239-0400] {dag.py:2690} INFO - Sync 1 DAGs
[2023-03-18T18:46:46.259-0400] {logging_mixin.py:137} INFO - [2023-03-18T18:46:46.259-0400] {dag.py:3437} INFO - Setting next_dagrun for example_branch_labels to 2023-03-17T00:00:00+00:00, run_after=2023-03-18T00:00:00+00:00
[2023-03-18T18:46:46.275-0400] {processor.py:175} INFO - Processing /Users/admin/opt/anaconda3/envs/python-airflow-venv/lib/python3.10/site-packages/airflow/example_dags/example_branch_labels.py took 0.864 seconds
[2023-03-18T18:48:48.195-0400] {logging_mixin.py:137} WARNING - /Users/admin/opt/anaconda3/envs/python-airflow-venv/lib/python3.10/site-packages/airflow/settings.py:337 DeprecationWarning: The sql_alchemy_pool_enabled option in [core] has been moved to the sql_alchemy_pool_enabled option in [database] - the old setting has been used, but please update your config.
[2023-03-18T18:48:48.199-0400] {logging_mixin.py:137} WARNING - /Users/admin/opt/anaconda3/envs/python-airflow-venv/lib/python3.10/site-packages/airflow/settings.py:400 DeprecationWarning: The sql_engine_encoding option in [core] has been moved to the sql_engine_encoding option in [database] - the old setting has been used, but please update your config.
[2023-03-18T18:48:48.200-0400] {processor.py:153} INFO - Started process (PID=20802) to work on /Users/admin/opt/anaconda3/envs/python-airflow-venv/lib/python3.10/site-packages/airflow/example_dags/example_branch_labels.py
[2023-03-18T18:48:48.200-0400] {processor.py:743} INFO - Processing file /Users/admin/opt/anaconda3/envs/python-airflow-venv/lib/python3.10/site-packages/airflow/example_dags/example_branch_labels.py for tasks to queue
[2023-03-18T18:48:48.200-0400] {logging_mixin.py:137} INFO - [2023-03-18T18:48:48.200-0400] {dagbag.py:538} INFO - Filling up the DagBag from /Users/admin/opt/anaconda3/envs/python-airflow-venv/lib/python3.10/site-packages/airflow/example_dags/example_branch_labels.py
[2023-03-18T18:48:48.248-0400] {processor.py:753} INFO - DAG(s) dict_keys(['example_branch_labels']) retrieved from /Users/admin/opt/anaconda3/envs/python-airflow-venv/lib/python3.10/site-packages/airflow/example_dags/example_branch_labels.py
[2023-03-18T18:48:48.302-0400] {logging_mixin.py:137} WARNING - /Users/admin/opt/anaconda3/envs/python-airflow-venv/lib/python3.10/site-packages/airflow/jobs/scheduler_job.py:124 DeprecationWarning: The processor_poll_interval option in [scheduler] has been renamed to scheduler_idle_sleep_time - the old setting has been used, but please update your config.
[2023-03-18T18:48:48.900-0400] {logging_mixin.py:137} INFO - [2023-03-18T18:48:48.900-0400] {dag.py:2690} INFO - Sync 1 DAGs
[2023-03-18T18:48:48.916-0400] {logging_mixin.py:137} INFO - [2023-03-18T18:48:48.916-0400] {dag.py:3437} INFO - Setting next_dagrun for example_branch_labels to 2023-03-17T00:00:00+00:00, run_after=2023-03-18T00:00:00+00:00
[2023-03-18T18:48:48.936-0400] {processor.py:175} INFO - Processing /Users/admin/opt/anaconda3/envs/python-airflow-venv/lib/python3.10/site-packages/airflow/example_dags/example_branch_labels.py took 0.743 seconds
[2023-03-18T18:50:49.519-0400] {logging_mixin.py:137} WARNING - /Users/admin/opt/anaconda3/envs/python-airflow-venv/lib/python3.10/site-packages/airflow/settings.py:337 DeprecationWarning: The sql_alchemy_pool_enabled option in [core] has been moved to the sql_alchemy_pool_enabled option in [database] - the old setting has been used, but please update your config.
[2023-03-18T18:50:49.523-0400] {logging_mixin.py:137} WARNING - /Users/admin/opt/anaconda3/envs/python-airflow-venv/lib/python3.10/site-packages/airflow/settings.py:400 DeprecationWarning: The sql_engine_encoding option in [core] has been moved to the sql_engine_encoding option in [database] - the old setting has been used, but please update your config.
[2023-03-18T18:50:49.524-0400] {processor.py:153} INFO - Started process (PID=20861) to work on /Users/admin/opt/anaconda3/envs/python-airflow-venv/lib/python3.10/site-packages/airflow/example_dags/example_branch_labels.py
[2023-03-18T18:50:49.524-0400] {processor.py:743} INFO - Processing file /Users/admin/opt/anaconda3/envs/python-airflow-venv/lib/python3.10/site-packages/airflow/example_dags/example_branch_labels.py for tasks to queue
[2023-03-18T18:50:49.524-0400] {logging_mixin.py:137} INFO - [2023-03-18T18:50:49.524-0400] {dagbag.py:538} INFO - Filling up the DagBag from /Users/admin/opt/anaconda3/envs/python-airflow-venv/lib/python3.10/site-packages/airflow/example_dags/example_branch_labels.py
[2023-03-18T18:50:49.580-0400] {processor.py:753} INFO - DAG(s) dict_keys(['example_branch_labels']) retrieved from /Users/admin/opt/anaconda3/envs/python-airflow-venv/lib/python3.10/site-packages/airflow/example_dags/example_branch_labels.py
[2023-03-18T18:50:49.641-0400] {logging_mixin.py:137} WARNING - /Users/admin/opt/anaconda3/envs/python-airflow-venv/lib/python3.10/site-packages/airflow/jobs/scheduler_job.py:124 DeprecationWarning: The processor_poll_interval option in [scheduler] has been renamed to scheduler_idle_sleep_time - the old setting has been used, but please update your config.
[2023-03-18T18:50:50.402-0400] {logging_mixin.py:137} INFO - [2023-03-18T18:50:50.402-0400] {dag.py:2690} INFO - Sync 1 DAGs
[2023-03-18T18:50:50.423-0400] {logging_mixin.py:137} INFO - [2023-03-18T18:50:50.422-0400] {dag.py:3437} INFO - Setting next_dagrun for example_branch_labels to 2023-03-17T00:00:00+00:00, run_after=2023-03-18T00:00:00+00:00
[2023-03-18T18:50:50.440-0400] {processor.py:175} INFO - Processing /Users/admin/opt/anaconda3/envs/python-airflow-venv/lib/python3.10/site-packages/airflow/example_dags/example_branch_labels.py took 0.922 seconds
[2023-03-18T18:52:48.355-0400] {logging_mixin.py:137} WARNING - /Users/admin/opt/anaconda3/envs/python-airflow-venv/lib/python3.10/site-packages/airflow/settings.py:337 DeprecationWarning: The sql_alchemy_pool_enabled option in [core] has been moved to the sql_alchemy_pool_enabled option in [database] - the old setting has been used, but please update your config.
[2023-03-18T18:52:48.360-0400] {logging_mixin.py:137} WARNING - /Users/admin/opt/anaconda3/envs/python-airflow-venv/lib/python3.10/site-packages/airflow/settings.py:400 DeprecationWarning: The sql_engine_encoding option in [core] has been moved to the sql_engine_encoding option in [database] - the old setting has been used, but please update your config.
[2023-03-18T18:52:48.360-0400] {processor.py:153} INFO - Started process (PID=20929) to work on /Users/admin/opt/anaconda3/envs/python-airflow-venv/lib/python3.10/site-packages/airflow/example_dags/example_branch_labels.py
[2023-03-18T18:52:48.360-0400] {processor.py:743} INFO - Processing file /Users/admin/opt/anaconda3/envs/python-airflow-venv/lib/python3.10/site-packages/airflow/example_dags/example_branch_labels.py for tasks to queue
[2023-03-18T18:52:48.361-0400] {logging_mixin.py:137} INFO - [2023-03-18T18:52:48.361-0400] {dagbag.py:538} INFO - Filling up the DagBag from /Users/admin/opt/anaconda3/envs/python-airflow-venv/lib/python3.10/site-packages/airflow/example_dags/example_branch_labels.py
[2023-03-18T18:52:48.409-0400] {processor.py:753} INFO - DAG(s) dict_keys(['example_branch_labels']) retrieved from /Users/admin/opt/anaconda3/envs/python-airflow-venv/lib/python3.10/site-packages/airflow/example_dags/example_branch_labels.py
[2023-03-18T18:52:48.462-0400] {logging_mixin.py:137} WARNING - /Users/admin/opt/anaconda3/envs/python-airflow-venv/lib/python3.10/site-packages/airflow/jobs/scheduler_job.py:124 DeprecationWarning: The processor_poll_interval option in [scheduler] has been renamed to scheduler_idle_sleep_time - the old setting has been used, but please update your config.
[2023-03-18T18:52:49.056-0400] {logging_mixin.py:137} INFO - [2023-03-18T18:52:49.056-0400] {dag.py:2690} INFO - Sync 1 DAGs
[2023-03-18T18:52:49.072-0400] {logging_mixin.py:137} INFO - [2023-03-18T18:52:49.072-0400] {dag.py:3437} INFO - Setting next_dagrun for example_branch_labels to 2023-03-17T00:00:00+00:00, run_after=2023-03-18T00:00:00+00:00
[2023-03-18T18:52:49.089-0400] {processor.py:175} INFO - Processing /Users/admin/opt/anaconda3/envs/python-airflow-venv/lib/python3.10/site-packages/airflow/example_dags/example_branch_labels.py took 0.735 seconds
[2023-03-18T18:54:43.434-0400] {logging_mixin.py:137} WARNING - /Users/admin/opt/anaconda3/envs/python-airflow-venv/lib/python3.10/site-packages/airflow/settings.py:337 DeprecationWarning: The sql_alchemy_pool_enabled option in [core] has been moved to the sql_alchemy_pool_enabled option in [database] - the old setting has been used, but please update your config.
[2023-03-18T18:54:43.439-0400] {logging_mixin.py:137} WARNING - /Users/admin/opt/anaconda3/envs/python-airflow-venv/lib/python3.10/site-packages/airflow/settings.py:400 DeprecationWarning: The sql_engine_encoding option in [core] has been moved to the sql_engine_encoding option in [database] - the old setting has been used, but please update your config.
[2023-03-18T18:54:43.440-0400] {processor.py:153} INFO - Started process (PID=20979) to work on /Users/admin/opt/anaconda3/envs/python-airflow-venv/lib/python3.10/site-packages/airflow/example_dags/example_branch_labels.py
[2023-03-18T18:54:43.440-0400] {processor.py:743} INFO - Processing file /Users/admin/opt/anaconda3/envs/python-airflow-venv/lib/python3.10/site-packages/airflow/example_dags/example_branch_labels.py for tasks to queue
[2023-03-18T18:54:43.441-0400] {logging_mixin.py:137} INFO - [2023-03-18T18:54:43.441-0400] {dagbag.py:538} INFO - Filling up the DagBag from /Users/admin/opt/anaconda3/envs/python-airflow-venv/lib/python3.10/site-packages/airflow/example_dags/example_branch_labels.py
[2023-03-18T18:54:43.495-0400] {processor.py:753} INFO - DAG(s) dict_keys(['example_branch_labels']) retrieved from /Users/admin/opt/anaconda3/envs/python-airflow-venv/lib/python3.10/site-packages/airflow/example_dags/example_branch_labels.py
[2023-03-18T18:54:43.549-0400] {logging_mixin.py:137} WARNING - /Users/admin/opt/anaconda3/envs/python-airflow-venv/lib/python3.10/site-packages/airflow/jobs/scheduler_job.py:124 DeprecationWarning: The processor_poll_interval option in [scheduler] has been renamed to scheduler_idle_sleep_time - the old setting has been used, but please update your config.
[2023-03-18T18:54:44.153-0400] {logging_mixin.py:137} INFO - [2023-03-18T18:54:44.153-0400] {dag.py:2690} INFO - Sync 1 DAGs
[2023-03-18T18:54:44.169-0400] {logging_mixin.py:137} INFO - [2023-03-18T18:54:44.169-0400] {dag.py:3437} INFO - Setting next_dagrun for example_branch_labels to 2023-03-17T00:00:00+00:00, run_after=2023-03-18T00:00:00+00:00
[2023-03-18T18:54:44.190-0400] {processor.py:175} INFO - Processing /Users/admin/opt/anaconda3/envs/python-airflow-venv/lib/python3.10/site-packages/airflow/example_dags/example_branch_labels.py took 0.757 seconds
[2023-03-18T18:56:40.662-0400] {logging_mixin.py:137} WARNING - /Users/admin/opt/anaconda3/envs/python-airflow-venv/lib/python3.10/site-packages/airflow/settings.py:337 DeprecationWarning: The sql_alchemy_pool_enabled option in [core] has been moved to the sql_alchemy_pool_enabled option in [database] - the old setting has been used, but please update your config.
[2023-03-18T18:56:40.666-0400] {logging_mixin.py:137} WARNING - /Users/admin/opt/anaconda3/envs/python-airflow-venv/lib/python3.10/site-packages/airflow/settings.py:400 DeprecationWarning: The sql_engine_encoding option in [core] has been moved to the sql_engine_encoding option in [database] - the old setting has been used, but please update your config.
[2023-03-18T18:56:40.667-0400] {processor.py:153} INFO - Started process (PID=21170) to work on /Users/admin/opt/anaconda3/envs/python-airflow-venv/lib/python3.10/site-packages/airflow/example_dags/example_branch_labels.py
[2023-03-18T18:56:40.667-0400] {processor.py:743} INFO - Processing file /Users/admin/opt/anaconda3/envs/python-airflow-venv/lib/python3.10/site-packages/airflow/example_dags/example_branch_labels.py for tasks to queue
[2023-03-18T18:56:40.667-0400] {logging_mixin.py:137} INFO - [2023-03-18T18:56:40.667-0400] {dagbag.py:538} INFO - Filling up the DagBag from /Users/admin/opt/anaconda3/envs/python-airflow-venv/lib/python3.10/site-packages/airflow/example_dags/example_branch_labels.py
[2023-03-18T18:56:40.715-0400] {processor.py:753} INFO - DAG(s) dict_keys(['example_branch_labels']) retrieved from /Users/admin/opt/anaconda3/envs/python-airflow-venv/lib/python3.10/site-packages/airflow/example_dags/example_branch_labels.py
[2023-03-18T18:56:40.768-0400] {logging_mixin.py:137} WARNING - /Users/admin/opt/anaconda3/envs/python-airflow-venv/lib/python3.10/site-packages/airflow/jobs/scheduler_job.py:124 DeprecationWarning: The processor_poll_interval option in [scheduler] has been renamed to scheduler_idle_sleep_time - the old setting has been used, but please update your config.
[2023-03-18T18:56:41.453-0400] {logging_mixin.py:137} INFO - [2023-03-18T18:56:41.453-0400] {dag.py:2690} INFO - Sync 1 DAGs
[2023-03-18T18:56:41.468-0400] {logging_mixin.py:137} INFO - [2023-03-18T18:56:41.468-0400] {dag.py:3437} INFO - Setting next_dagrun for example_branch_labels to 2023-03-17T00:00:00+00:00, run_after=2023-03-18T00:00:00+00:00
[2023-03-18T18:56:41.484-0400] {processor.py:175} INFO - Processing /Users/admin/opt/anaconda3/envs/python-airflow-venv/lib/python3.10/site-packages/airflow/example_dags/example_branch_labels.py took 0.823 seconds
[2023-03-18T18:58:38.580-0400] {logging_mixin.py:137} WARNING - /Users/admin/opt/anaconda3/envs/python-airflow-venv/lib/python3.10/site-packages/airflow/settings.py:337 DeprecationWarning: The sql_alchemy_pool_enabled option in [core] has been moved to the sql_alchemy_pool_enabled option in [database] - the old setting has been used, but please update your config.
[2023-03-18T18:58:38.585-0400] {logging_mixin.py:137} WARNING - /Users/admin/opt/anaconda3/envs/python-airflow-venv/lib/python3.10/site-packages/airflow/settings.py:400 DeprecationWarning: The sql_engine_encoding option in [core] has been moved to the sql_engine_encoding option in [database] - the old setting has been used, but please update your config.
[2023-03-18T18:58:38.586-0400] {processor.py:153} INFO - Started process (PID=21258) to work on /Users/admin/opt/anaconda3/envs/python-airflow-venv/lib/python3.10/site-packages/airflow/example_dags/example_branch_labels.py
[2023-03-18T18:58:38.586-0400] {processor.py:743} INFO - Processing file /Users/admin/opt/anaconda3/envs/python-airflow-venv/lib/python3.10/site-packages/airflow/example_dags/example_branch_labels.py for tasks to queue
[2023-03-18T18:58:38.586-0400] {logging_mixin.py:137} INFO - [2023-03-18T18:58:38.586-0400] {dagbag.py:538} INFO - Filling up the DagBag from /Users/admin/opt/anaconda3/envs/python-airflow-venv/lib/python3.10/site-packages/airflow/example_dags/example_branch_labels.py
[2023-03-18T18:58:38.634-0400] {processor.py:753} INFO - DAG(s) dict_keys(['example_branch_labels']) retrieved from /Users/admin/opt/anaconda3/envs/python-airflow-venv/lib/python3.10/site-packages/airflow/example_dags/example_branch_labels.py
[2023-03-18T18:58:38.692-0400] {logging_mixin.py:137} WARNING - /Users/admin/opt/anaconda3/envs/python-airflow-venv/lib/python3.10/site-packages/airflow/jobs/scheduler_job.py:124 DeprecationWarning: The processor_poll_interval option in [scheduler] has been renamed to scheduler_idle_sleep_time - the old setting has been used, but please update your config.
[2023-03-18T18:58:39.295-0400] {logging_mixin.py:137} INFO - [2023-03-18T18:58:39.295-0400] {dag.py:2690} INFO - Sync 1 DAGs
[2023-03-18T18:58:39.313-0400] {logging_mixin.py:137} INFO - [2023-03-18T18:58:39.313-0400] {dag.py:3437} INFO - Setting next_dagrun for example_branch_labels to 2023-03-17T00:00:00+00:00, run_after=2023-03-18T00:00:00+00:00
[2023-03-18T18:58:39.331-0400] {processor.py:175} INFO - Processing /Users/admin/opt/anaconda3/envs/python-airflow-venv/lib/python3.10/site-packages/airflow/example_dags/example_branch_labels.py took 0.751 seconds
[2023-03-18T19:00:37.792-0400] {logging_mixin.py:137} WARNING - /Users/admin/opt/anaconda3/envs/python-airflow-venv/lib/python3.10/site-packages/airflow/settings.py:337 DeprecationWarning: The sql_alchemy_pool_enabled option in [core] has been moved to the sql_alchemy_pool_enabled option in [database] - the old setting has been used, but please update your config.
[2023-03-18T19:00:37.798-0400] {logging_mixin.py:137} WARNING - /Users/admin/opt/anaconda3/envs/python-airflow-venv/lib/python3.10/site-packages/airflow/settings.py:400 DeprecationWarning: The sql_engine_encoding option in [core] has been moved to the sql_engine_encoding option in [database] - the old setting has been used, but please update your config.
[2023-03-18T19:00:37.798-0400] {processor.py:153} INFO - Started process (PID=21315) to work on /Users/admin/opt/anaconda3/envs/python-airflow-venv/lib/python3.10/site-packages/airflow/example_dags/example_branch_labels.py
[2023-03-18T19:00:37.799-0400] {processor.py:743} INFO - Processing file /Users/admin/opt/anaconda3/envs/python-airflow-venv/lib/python3.10/site-packages/airflow/example_dags/example_branch_labels.py for tasks to queue
[2023-03-18T19:00:37.799-0400] {logging_mixin.py:137} INFO - [2023-03-18T19:00:37.799-0400] {dagbag.py:538} INFO - Filling up the DagBag from /Users/admin/opt/anaconda3/envs/python-airflow-venv/lib/python3.10/site-packages/airflow/example_dags/example_branch_labels.py
[2023-03-18T19:00:37.862-0400] {processor.py:753} INFO - DAG(s) dict_keys(['example_branch_labels']) retrieved from /Users/admin/opt/anaconda3/envs/python-airflow-venv/lib/python3.10/site-packages/airflow/example_dags/example_branch_labels.py
[2023-03-18T19:00:37.926-0400] {logging_mixin.py:137} WARNING - /Users/admin/opt/anaconda3/envs/python-airflow-venv/lib/python3.10/site-packages/airflow/jobs/scheduler_job.py:124 DeprecationWarning: The processor_poll_interval option in [scheduler] has been renamed to scheduler_idle_sleep_time - the old setting has been used, but please update your config.
[2023-03-18T19:00:38.618-0400] {logging_mixin.py:137} INFO - [2023-03-18T19:00:38.618-0400] {dag.py:2690} INFO - Sync 1 DAGs
[2023-03-18T19:00:38.636-0400] {logging_mixin.py:137} INFO - [2023-03-18T19:00:38.636-0400] {dag.py:3437} INFO - Setting next_dagrun for example_branch_labels to 2023-03-17T00:00:00+00:00, run_after=2023-03-18T00:00:00+00:00
[2023-03-18T19:00:38.655-0400] {processor.py:175} INFO - Processing /Users/admin/opt/anaconda3/envs/python-airflow-venv/lib/python3.10/site-packages/airflow/example_dags/example_branch_labels.py took 0.864 seconds
[2023-03-18T19:02:43.555-0400] {logging_mixin.py:137} WARNING - /Users/admin/opt/anaconda3/envs/python-airflow-venv/lib/python3.10/site-packages/airflow/settings.py:337 DeprecationWarning: The sql_alchemy_pool_enabled option in [core] has been moved to the sql_alchemy_pool_enabled option in [database] - the old setting has been used, but please update your config.
[2023-03-18T19:02:43.568-0400] {logging_mixin.py:137} WARNING - /Users/admin/opt/anaconda3/envs/python-airflow-venv/lib/python3.10/site-packages/airflow/settings.py:400 DeprecationWarning: The sql_engine_encoding option in [core] has been moved to the sql_engine_encoding option in [database] - the old setting has been used, but please update your config.
[2023-03-18T19:02:43.569-0400] {processor.py:153} INFO - Started process (PID=21365) to work on /Users/admin/opt/anaconda3/envs/python-airflow-venv/lib/python3.10/site-packages/airflow/example_dags/example_branch_labels.py
[2023-03-18T19:02:43.569-0400] {processor.py:743} INFO - Processing file /Users/admin/opt/anaconda3/envs/python-airflow-venv/lib/python3.10/site-packages/airflow/example_dags/example_branch_labels.py for tasks to queue
[2023-03-18T19:02:43.570-0400] {logging_mixin.py:137} INFO - [2023-03-18T19:02:43.570-0400] {dagbag.py:538} INFO - Filling up the DagBag from /Users/admin/opt/anaconda3/envs/python-airflow-venv/lib/python3.10/site-packages/airflow/example_dags/example_branch_labels.py
[2023-03-18T19:02:43.664-0400] {processor.py:753} INFO - DAG(s) dict_keys(['example_branch_labels']) retrieved from /Users/admin/opt/anaconda3/envs/python-airflow-venv/lib/python3.10/site-packages/airflow/example_dags/example_branch_labels.py
[2023-03-18T19:02:43.738-0400] {logging_mixin.py:137} WARNING - /Users/admin/opt/anaconda3/envs/python-airflow-venv/lib/python3.10/site-packages/airflow/jobs/scheduler_job.py:124 DeprecationWarning: The processor_poll_interval option in [scheduler] has been renamed to scheduler_idle_sleep_time - the old setting has been used, but please update your config.
[2023-03-18T19:02:44.413-0400] {logging_mixin.py:137} INFO - [2023-03-18T19:02:44.412-0400] {dag.py:2690} INFO - Sync 1 DAGs
[2023-03-18T19:02:44.434-0400] {logging_mixin.py:137} INFO - [2023-03-18T19:02:44.434-0400] {dag.py:3437} INFO - Setting next_dagrun for example_branch_labels to 2023-03-17T00:00:00+00:00, run_after=2023-03-18T00:00:00+00:00
[2023-03-18T19:02:44.451-0400] {processor.py:175} INFO - Processing /Users/admin/opt/anaconda3/envs/python-airflow-venv/lib/python3.10/site-packages/airflow/example_dags/example_branch_labels.py took 0.897 seconds
[2023-03-18T19:04:45.283-0400] {logging_mixin.py:137} WARNING - /Users/admin/opt/anaconda3/envs/python-airflow-venv/lib/python3.10/site-packages/airflow/settings.py:337 DeprecationWarning: The sql_alchemy_pool_enabled option in [core] has been moved to the sql_alchemy_pool_enabled option in [database] - the old setting has been used, but please update your config.
[2023-03-18T19:04:45.288-0400] {logging_mixin.py:137} WARNING - /Users/admin/opt/anaconda3/envs/python-airflow-venv/lib/python3.10/site-packages/airflow/settings.py:400 DeprecationWarning: The sql_engine_encoding option in [core] has been moved to the sql_engine_encoding option in [database] - the old setting has been used, but please update your config.
[2023-03-18T19:04:45.288-0400] {processor.py:153} INFO - Started process (PID=21418) to work on /Users/admin/opt/anaconda3/envs/python-airflow-venv/lib/python3.10/site-packages/airflow/example_dags/example_branch_labels.py
[2023-03-18T19:04:45.288-0400] {processor.py:743} INFO - Processing file /Users/admin/opt/anaconda3/envs/python-airflow-venv/lib/python3.10/site-packages/airflow/example_dags/example_branch_labels.py for tasks to queue
[2023-03-18T19:04:45.289-0400] {logging_mixin.py:137} INFO - [2023-03-18T19:04:45.289-0400] {dagbag.py:538} INFO - Filling up the DagBag from /Users/admin/opt/anaconda3/envs/python-airflow-venv/lib/python3.10/site-packages/airflow/example_dags/example_branch_labels.py
[2023-03-18T19:04:45.342-0400] {processor.py:753} INFO - DAG(s) dict_keys(['example_branch_labels']) retrieved from /Users/admin/opt/anaconda3/envs/python-airflow-venv/lib/python3.10/site-packages/airflow/example_dags/example_branch_labels.py
[2023-03-18T19:04:45.398-0400] {logging_mixin.py:137} WARNING - /Users/admin/opt/anaconda3/envs/python-airflow-venv/lib/python3.10/site-packages/airflow/jobs/scheduler_job.py:124 DeprecationWarning: The processor_poll_interval option in [scheduler] has been renamed to scheduler_idle_sleep_time - the old setting has been used, but please update your config.
[2023-03-18T19:04:45.986-0400] {logging_mixin.py:137} INFO - [2023-03-18T19:04:45.986-0400] {dag.py:2690} INFO - Sync 1 DAGs
[2023-03-18T19:04:46.001-0400] {logging_mixin.py:137} INFO - [2023-03-18T19:04:46.001-0400] {dag.py:3437} INFO - Setting next_dagrun for example_branch_labels to 2023-03-17T00:00:00+00:00, run_after=2023-03-18T00:00:00+00:00
[2023-03-18T19:04:46.017-0400] {processor.py:175} INFO - Processing /Users/admin/opt/anaconda3/envs/python-airflow-venv/lib/python3.10/site-packages/airflow/example_dags/example_branch_labels.py took 0.735 seconds
[2023-03-18T19:06:46.927-0400] {logging_mixin.py:137} WARNING - /Users/admin/opt/anaconda3/envs/python-airflow-venv/lib/python3.10/site-packages/airflow/settings.py:337 DeprecationWarning: The sql_alchemy_pool_enabled option in [core] has been moved to the sql_alchemy_pool_enabled option in [database] - the old setting has been used, but please update your config.
[2023-03-18T19:06:46.932-0400] {logging_mixin.py:137} WARNING - /Users/admin/opt/anaconda3/envs/python-airflow-venv/lib/python3.10/site-packages/airflow/settings.py:400 DeprecationWarning: The sql_engine_encoding option in [core] has been moved to the sql_engine_encoding option in [database] - the old setting has been used, but please update your config.
[2023-03-18T19:06:46.933-0400] {processor.py:153} INFO - Started process (PID=21470) to work on /Users/admin/opt/anaconda3/envs/python-airflow-venv/lib/python3.10/site-packages/airflow/example_dags/example_branch_labels.py
[2023-03-18T19:06:46.933-0400] {processor.py:743} INFO - Processing file /Users/admin/opt/anaconda3/envs/python-airflow-venv/lib/python3.10/site-packages/airflow/example_dags/example_branch_labels.py for tasks to queue
[2023-03-18T19:06:46.934-0400] {logging_mixin.py:137} INFO - [2023-03-18T19:06:46.934-0400] {dagbag.py:538} INFO - Filling up the DagBag from /Users/admin/opt/anaconda3/envs/python-airflow-venv/lib/python3.10/site-packages/airflow/example_dags/example_branch_labels.py
[2023-03-18T19:06:46.985-0400] {processor.py:753} INFO - DAG(s) dict_keys(['example_branch_labels']) retrieved from /Users/admin/opt/anaconda3/envs/python-airflow-venv/lib/python3.10/site-packages/airflow/example_dags/example_branch_labels.py
[2023-03-18T19:06:47.039-0400] {logging_mixin.py:137} WARNING - /Users/admin/opt/anaconda3/envs/python-airflow-venv/lib/python3.10/site-packages/airflow/jobs/scheduler_job.py:124 DeprecationWarning: The processor_poll_interval option in [scheduler] has been renamed to scheduler_idle_sleep_time - the old setting has been used, but please update your config.
[2023-03-18T19:06:47.646-0400] {logging_mixin.py:137} INFO - [2023-03-18T19:06:47.646-0400] {dag.py:2690} INFO - Sync 1 DAGs
[2023-03-18T19:06:47.662-0400] {logging_mixin.py:137} INFO - [2023-03-18T19:06:47.662-0400] {dag.py:3437} INFO - Setting next_dagrun for example_branch_labels to 2023-03-17T00:00:00+00:00, run_after=2023-03-18T00:00:00+00:00
[2023-03-18T19:06:47.684-0400] {processor.py:175} INFO - Processing /Users/admin/opt/anaconda3/envs/python-airflow-venv/lib/python3.10/site-packages/airflow/example_dags/example_branch_labels.py took 0.757 seconds
[2023-03-18T19:08:42.739-0400] {logging_mixin.py:137} WARNING - /Users/admin/opt/anaconda3/envs/python-airflow-venv/lib/python3.10/site-packages/airflow/settings.py:337 DeprecationWarning: The sql_alchemy_pool_enabled option in [core] has been moved to the sql_alchemy_pool_enabled option in [database] - the old setting has been used, but please update your config.
[2023-03-18T19:08:42.744-0400] {logging_mixin.py:137} WARNING - /Users/admin/opt/anaconda3/envs/python-airflow-venv/lib/python3.10/site-packages/airflow/settings.py:400 DeprecationWarning: The sql_engine_encoding option in [core] has been moved to the sql_engine_encoding option in [database] - the old setting has been used, but please update your config.
[2023-03-18T19:08:42.744-0400] {processor.py:153} INFO - Started process (PID=21532) to work on /Users/admin/opt/anaconda3/envs/python-airflow-venv/lib/python3.10/site-packages/airflow/example_dags/example_branch_labels.py
[2023-03-18T19:08:42.744-0400] {processor.py:743} INFO - Processing file /Users/admin/opt/anaconda3/envs/python-airflow-venv/lib/python3.10/site-packages/airflow/example_dags/example_branch_labels.py for tasks to queue
[2023-03-18T19:08:42.745-0400] {logging_mixin.py:137} INFO - [2023-03-18T19:08:42.745-0400] {dagbag.py:538} INFO - Filling up the DagBag from /Users/admin/opt/anaconda3/envs/python-airflow-venv/lib/python3.10/site-packages/airflow/example_dags/example_branch_labels.py
[2023-03-18T19:08:42.796-0400] {processor.py:753} INFO - DAG(s) dict_keys(['example_branch_labels']) retrieved from /Users/admin/opt/anaconda3/envs/python-airflow-venv/lib/python3.10/site-packages/airflow/example_dags/example_branch_labels.py
[2023-03-18T19:08:42.851-0400] {logging_mixin.py:137} WARNING - /Users/admin/opt/anaconda3/envs/python-airflow-venv/lib/python3.10/site-packages/airflow/jobs/scheduler_job.py:124 DeprecationWarning: The processor_poll_interval option in [scheduler] has been renamed to scheduler_idle_sleep_time - the old setting has been used, but please update your config.
[2023-03-18T19:08:43.466-0400] {logging_mixin.py:137} INFO - [2023-03-18T19:08:43.466-0400] {dag.py:2690} INFO - Sync 1 DAGs
[2023-03-18T19:08:43.482-0400] {logging_mixin.py:137} INFO - [2023-03-18T19:08:43.481-0400] {dag.py:3437} INFO - Setting next_dagrun for example_branch_labels to 2023-03-17T00:00:00+00:00, run_after=2023-03-18T00:00:00+00:00
[2023-03-18T19:08:43.498-0400] {processor.py:175} INFO - Processing /Users/admin/opt/anaconda3/envs/python-airflow-venv/lib/python3.10/site-packages/airflow/example_dags/example_branch_labels.py took 0.760 seconds
[2023-03-18T19:10:38.319-0400] {logging_mixin.py:137} WARNING - /Users/admin/opt/anaconda3/envs/python-airflow-venv/lib/python3.10/site-packages/airflow/settings.py:337 DeprecationWarning: The sql_alchemy_pool_enabled option in [core] has been moved to the sql_alchemy_pool_enabled option in [database] - the old setting has been used, but please update your config.
[2023-03-18T19:10:38.324-0400] {logging_mixin.py:137} WARNING - /Users/admin/opt/anaconda3/envs/python-airflow-venv/lib/python3.10/site-packages/airflow/settings.py:400 DeprecationWarning: The sql_engine_encoding option in [core] has been moved to the sql_engine_encoding option in [database] - the old setting has been used, but please update your config.
[2023-03-18T19:10:38.325-0400] {processor.py:153} INFO - Started process (PID=21582) to work on /Users/admin/opt/anaconda3/envs/python-airflow-venv/lib/python3.10/site-packages/airflow/example_dags/example_branch_labels.py
[2023-03-18T19:10:38.325-0400] {processor.py:743} INFO - Processing file /Users/admin/opt/anaconda3/envs/python-airflow-venv/lib/python3.10/site-packages/airflow/example_dags/example_branch_labels.py for tasks to queue
[2023-03-18T19:10:38.325-0400] {logging_mixin.py:137} INFO - [2023-03-18T19:10:38.325-0400] {dagbag.py:538} INFO - Filling up the DagBag from /Users/admin/opt/anaconda3/envs/python-airflow-venv/lib/python3.10/site-packages/airflow/example_dags/example_branch_labels.py
[2023-03-18T19:10:38.378-0400] {processor.py:753} INFO - DAG(s) dict_keys(['example_branch_labels']) retrieved from /Users/admin/opt/anaconda3/envs/python-airflow-venv/lib/python3.10/site-packages/airflow/example_dags/example_branch_labels.py
[2023-03-18T19:10:38.440-0400] {logging_mixin.py:137} WARNING - /Users/admin/opt/anaconda3/envs/python-airflow-venv/lib/python3.10/site-packages/airflow/jobs/scheduler_job.py:124 DeprecationWarning: The processor_poll_interval option in [scheduler] has been renamed to scheduler_idle_sleep_time - the old setting has been used, but please update your config.
[2023-03-18T19:10:39.042-0400] {logging_mixin.py:137} INFO - [2023-03-18T19:10:39.042-0400] {dag.py:2690} INFO - Sync 1 DAGs
[2023-03-18T19:10:39.059-0400] {logging_mixin.py:137} INFO - [2023-03-18T19:10:39.059-0400] {dag.py:3437} INFO - Setting next_dagrun for example_branch_labels to 2023-03-17T00:00:00+00:00, run_after=2023-03-18T00:00:00+00:00
[2023-03-18T19:10:39.077-0400] {processor.py:175} INFO - Processing /Users/admin/opt/anaconda3/envs/python-airflow-venv/lib/python3.10/site-packages/airflow/example_dags/example_branch_labels.py took 0.758 seconds
[2023-03-18T19:12:33.664-0400] {logging_mixin.py:137} WARNING - /Users/admin/opt/anaconda3/envs/python-airflow-venv/lib/python3.10/site-packages/airflow/settings.py:337 DeprecationWarning: The sql_alchemy_pool_enabled option in [core] has been moved to the sql_alchemy_pool_enabled option in [database] - the old setting has been used, but please update your config.
[2023-03-18T19:12:33.669-0400] {logging_mixin.py:137} WARNING - /Users/admin/opt/anaconda3/envs/python-airflow-venv/lib/python3.10/site-packages/airflow/settings.py:400 DeprecationWarning: The sql_engine_encoding option in [core] has been moved to the sql_engine_encoding option in [database] - the old setting has been used, but please update your config.
[2023-03-18T19:12:33.670-0400] {processor.py:153} INFO - Started process (PID=21634) to work on /Users/admin/opt/anaconda3/envs/python-airflow-venv/lib/python3.10/site-packages/airflow/example_dags/example_branch_labels.py
[2023-03-18T19:12:33.670-0400] {processor.py:743} INFO - Processing file /Users/admin/opt/anaconda3/envs/python-airflow-venv/lib/python3.10/site-packages/airflow/example_dags/example_branch_labels.py for tasks to queue
[2023-03-18T19:12:33.670-0400] {logging_mixin.py:137} INFO - [2023-03-18T19:12:33.670-0400] {dagbag.py:538} INFO - Filling up the DagBag from /Users/admin/opt/anaconda3/envs/python-airflow-venv/lib/python3.10/site-packages/airflow/example_dags/example_branch_labels.py
[2023-03-18T19:12:33.720-0400] {processor.py:753} INFO - DAG(s) dict_keys(['example_branch_labels']) retrieved from /Users/admin/opt/anaconda3/envs/python-airflow-venv/lib/python3.10/site-packages/airflow/example_dags/example_branch_labels.py
[2023-03-18T19:12:33.775-0400] {logging_mixin.py:137} WARNING - /Users/admin/opt/anaconda3/envs/python-airflow-venv/lib/python3.10/site-packages/airflow/jobs/scheduler_job.py:124 DeprecationWarning: The processor_poll_interval option in [scheduler] has been renamed to scheduler_idle_sleep_time - the old setting has been used, but please update your config.
[2023-03-18T19:12:34.376-0400] {logging_mixin.py:137} INFO - [2023-03-18T19:12:34.376-0400] {dag.py:2690} INFO - Sync 1 DAGs
[2023-03-18T19:12:34.392-0400] {logging_mixin.py:137} INFO - [2023-03-18T19:12:34.392-0400] {dag.py:3437} INFO - Setting next_dagrun for example_branch_labels to 2023-03-17T00:00:00+00:00, run_after=2023-03-18T00:00:00+00:00
[2023-03-18T19:12:34.420-0400] {processor.py:175} INFO - Processing /Users/admin/opt/anaconda3/envs/python-airflow-venv/lib/python3.10/site-packages/airflow/example_dags/example_branch_labels.py took 0.757 seconds
[2023-03-18T19:14:28.670-0400] {logging_mixin.py:137} WARNING - /Users/admin/opt/anaconda3/envs/python-airflow-venv/lib/python3.10/site-packages/airflow/settings.py:337 DeprecationWarning: The sql_alchemy_pool_enabled option in [core] has been moved to the sql_alchemy_pool_enabled option in [database] - the old setting has been used, but please update your config.
[2023-03-18T19:14:28.675-0400] {logging_mixin.py:137} WARNING - /Users/admin/opt/anaconda3/envs/python-airflow-venv/lib/python3.10/site-packages/airflow/settings.py:400 DeprecationWarning: The sql_engine_encoding option in [core] has been moved to the sql_engine_encoding option in [database] - the old setting has been used, but please update your config.
[2023-03-18T19:14:28.675-0400] {processor.py:153} INFO - Started process (PID=21685) to work on /Users/admin/opt/anaconda3/envs/python-airflow-venv/lib/python3.10/site-packages/airflow/example_dags/example_branch_labels.py
[2023-03-18T19:14:28.676-0400] {processor.py:743} INFO - Processing file /Users/admin/opt/anaconda3/envs/python-airflow-venv/lib/python3.10/site-packages/airflow/example_dags/example_branch_labels.py for tasks to queue
[2023-03-18T19:14:28.676-0400] {logging_mixin.py:137} INFO - [2023-03-18T19:14:28.676-0400] {dagbag.py:538} INFO - Filling up the DagBag from /Users/admin/opt/anaconda3/envs/python-airflow-venv/lib/python3.10/site-packages/airflow/example_dags/example_branch_labels.py
[2023-03-18T19:14:28.725-0400] {processor.py:753} INFO - DAG(s) dict_keys(['example_branch_labels']) retrieved from /Users/admin/opt/anaconda3/envs/python-airflow-venv/lib/python3.10/site-packages/airflow/example_dags/example_branch_labels.py
[2023-03-18T19:14:28.779-0400] {logging_mixin.py:137} WARNING - /Users/admin/opt/anaconda3/envs/python-airflow-venv/lib/python3.10/site-packages/airflow/jobs/scheduler_job.py:124 DeprecationWarning: The processor_poll_interval option in [scheduler] has been renamed to scheduler_idle_sleep_time - the old setting has been used, but please update your config.
[2023-03-18T19:14:29.384-0400] {logging_mixin.py:137} INFO - [2023-03-18T19:14:29.383-0400] {dag.py:2690} INFO - Sync 1 DAGs
[2023-03-18T19:14:29.399-0400] {logging_mixin.py:137} INFO - [2023-03-18T19:14:29.399-0400] {dag.py:3437} INFO - Setting next_dagrun for example_branch_labels to 2023-03-17T00:00:00+00:00, run_after=2023-03-18T00:00:00+00:00
[2023-03-18T19:14:29.417-0400] {processor.py:175} INFO - Processing /Users/admin/opt/anaconda3/envs/python-airflow-venv/lib/python3.10/site-packages/airflow/example_dags/example_branch_labels.py took 0.748 seconds
[2023-03-18T19:16:24.006-0400] {logging_mixin.py:137} WARNING - /Users/admin/opt/anaconda3/envs/python-airflow-venv/lib/python3.10/site-packages/airflow/settings.py:337 DeprecationWarning: The sql_alchemy_pool_enabled option in [core] has been moved to the sql_alchemy_pool_enabled option in [database] - the old setting has been used, but please update your config.
[2023-03-18T19:16:24.011-0400] {logging_mixin.py:137} WARNING - /Users/admin/opt/anaconda3/envs/python-airflow-venv/lib/python3.10/site-packages/airflow/settings.py:400 DeprecationWarning: The sql_engine_encoding option in [core] has been moved to the sql_engine_encoding option in [database] - the old setting has been used, but please update your config.
[2023-03-18T19:16:24.011-0400] {processor.py:153} INFO - Started process (PID=21734) to work on /Users/admin/opt/anaconda3/envs/python-airflow-venv/lib/python3.10/site-packages/airflow/example_dags/example_branch_labels.py
[2023-03-18T19:16:24.011-0400] {processor.py:743} INFO - Processing file /Users/admin/opt/anaconda3/envs/python-airflow-venv/lib/python3.10/site-packages/airflow/example_dags/example_branch_labels.py for tasks to queue
[2023-03-18T19:16:24.012-0400] {logging_mixin.py:137} INFO - [2023-03-18T19:16:24.012-0400] {dagbag.py:538} INFO - Filling up the DagBag from /Users/admin/opt/anaconda3/envs/python-airflow-venv/lib/python3.10/site-packages/airflow/example_dags/example_branch_labels.py
[2023-03-18T19:16:24.062-0400] {processor.py:753} INFO - DAG(s) dict_keys(['example_branch_labels']) retrieved from /Users/admin/opt/anaconda3/envs/python-airflow-venv/lib/python3.10/site-packages/airflow/example_dags/example_branch_labels.py
[2023-03-18T19:16:24.116-0400] {logging_mixin.py:137} WARNING - /Users/admin/opt/anaconda3/envs/python-airflow-venv/lib/python3.10/site-packages/airflow/jobs/scheduler_job.py:124 DeprecationWarning: The processor_poll_interval option in [scheduler] has been renamed to scheduler_idle_sleep_time - the old setting has been used, but please update your config.
[2023-03-18T19:16:24.716-0400] {logging_mixin.py:137} INFO - [2023-03-18T19:16:24.716-0400] {dag.py:2690} INFO - Sync 1 DAGs
[2023-03-18T19:16:24.732-0400] {logging_mixin.py:137} INFO - [2023-03-18T19:16:24.732-0400] {dag.py:3437} INFO - Setting next_dagrun for example_branch_labels to 2023-03-17T00:00:00+00:00, run_after=2023-03-18T00:00:00+00:00
[2023-03-18T19:16:24.751-0400] {processor.py:175} INFO - Processing /Users/admin/opt/anaconda3/envs/python-airflow-venv/lib/python3.10/site-packages/airflow/example_dags/example_branch_labels.py took 0.745 seconds
[2023-03-18T19:18:18.273-0400] {logging_mixin.py:137} WARNING - /Users/admin/opt/anaconda3/envs/python-airflow-venv/lib/python3.10/site-packages/airflow/settings.py:337 DeprecationWarning: The sql_alchemy_pool_enabled option in [core] has been moved to the sql_alchemy_pool_enabled option in [database] - the old setting has been used, but please update your config.
[2023-03-18T19:18:18.278-0400] {logging_mixin.py:137} WARNING - /Users/admin/opt/anaconda3/envs/python-airflow-venv/lib/python3.10/site-packages/airflow/settings.py:400 DeprecationWarning: The sql_engine_encoding option in [core] has been moved to the sql_engine_encoding option in [database] - the old setting has been used, but please update your config.
[2023-03-18T19:18:18.279-0400] {processor.py:153} INFO - Started process (PID=21792) to work on /Users/admin/opt/anaconda3/envs/python-airflow-venv/lib/python3.10/site-packages/airflow/example_dags/example_branch_labels.py
[2023-03-18T19:18:18.279-0400] {processor.py:743} INFO - Processing file /Users/admin/opt/anaconda3/envs/python-airflow-venv/lib/python3.10/site-packages/airflow/example_dags/example_branch_labels.py for tasks to queue
[2023-03-18T19:18:18.279-0400] {logging_mixin.py:137} INFO - [2023-03-18T19:18:18.279-0400] {dagbag.py:538} INFO - Filling up the DagBag from /Users/admin/opt/anaconda3/envs/python-airflow-venv/lib/python3.10/site-packages/airflow/example_dags/example_branch_labels.py
[2023-03-18T19:18:18.328-0400] {processor.py:753} INFO - DAG(s) dict_keys(['example_branch_labels']) retrieved from /Users/admin/opt/anaconda3/envs/python-airflow-venv/lib/python3.10/site-packages/airflow/example_dags/example_branch_labels.py
[2023-03-18T19:18:18.382-0400] {logging_mixin.py:137} WARNING - /Users/admin/opt/anaconda3/envs/python-airflow-venv/lib/python3.10/site-packages/airflow/jobs/scheduler_job.py:124 DeprecationWarning: The processor_poll_interval option in [scheduler] has been renamed to scheduler_idle_sleep_time - the old setting has been used, but please update your config.
[2023-03-18T19:18:18.982-0400] {logging_mixin.py:137} INFO - [2023-03-18T19:18:18.982-0400] {dag.py:2690} INFO - Sync 1 DAGs
[2023-03-18T19:18:18.998-0400] {logging_mixin.py:137} INFO - [2023-03-18T19:18:18.998-0400] {dag.py:3437} INFO - Setting next_dagrun for example_branch_labels to 2023-03-17T00:00:00+00:00, run_after=2023-03-18T00:00:00+00:00
[2023-03-18T19:18:19.013-0400] {processor.py:175} INFO - Processing /Users/admin/opt/anaconda3/envs/python-airflow-venv/lib/python3.10/site-packages/airflow/example_dags/example_branch_labels.py took 0.741 seconds
[2023-03-18T19:20:14.589-0400] {logging_mixin.py:137} WARNING - /Users/admin/opt/anaconda3/envs/python-airflow-venv/lib/python3.10/site-packages/airflow/settings.py:337 DeprecationWarning: The sql_alchemy_pool_enabled option in [core] has been moved to the sql_alchemy_pool_enabled option in [database] - the old setting has been used, but please update your config.
[2023-03-18T19:20:14.595-0400] {logging_mixin.py:137} WARNING - /Users/admin/opt/anaconda3/envs/python-airflow-venv/lib/python3.10/site-packages/airflow/settings.py:400 DeprecationWarning: The sql_engine_encoding option in [core] has been moved to the sql_engine_encoding option in [database] - the old setting has been used, but please update your config.
[2023-03-18T19:20:14.595-0400] {processor.py:153} INFO - Started process (PID=21864) to work on /Users/admin/opt/anaconda3/envs/python-airflow-venv/lib/python3.10/site-packages/airflow/example_dags/example_branch_labels.py
[2023-03-18T19:20:14.596-0400] {processor.py:743} INFO - Processing file /Users/admin/opt/anaconda3/envs/python-airflow-venv/lib/python3.10/site-packages/airflow/example_dags/example_branch_labels.py for tasks to queue
[2023-03-18T19:20:14.596-0400] {logging_mixin.py:137} INFO - [2023-03-18T19:20:14.596-0400] {dagbag.py:538} INFO - Filling up the DagBag from /Users/admin/opt/anaconda3/envs/python-airflow-venv/lib/python3.10/site-packages/airflow/example_dags/example_branch_labels.py
[2023-03-18T19:20:14.648-0400] {processor.py:753} INFO - DAG(s) dict_keys(['example_branch_labels']) retrieved from /Users/admin/opt/anaconda3/envs/python-airflow-venv/lib/python3.10/site-packages/airflow/example_dags/example_branch_labels.py
[2023-03-18T19:20:14.704-0400] {logging_mixin.py:137} WARNING - /Users/admin/opt/anaconda3/envs/python-airflow-venv/lib/python3.10/site-packages/airflow/jobs/scheduler_job.py:124 DeprecationWarning: The processor_poll_interval option in [scheduler] has been renamed to scheduler_idle_sleep_time - the old setting has been used, but please update your config.
[2023-03-18T19:20:15.298-0400] {logging_mixin.py:137} INFO - [2023-03-18T19:20:15.297-0400] {dag.py:2690} INFO - Sync 1 DAGs
[2023-03-18T19:20:15.313-0400] {logging_mixin.py:137} INFO - [2023-03-18T19:20:15.313-0400] {dag.py:3437} INFO - Setting next_dagrun for example_branch_labels to 2023-03-17T00:00:00+00:00, run_after=2023-03-18T00:00:00+00:00
[2023-03-18T19:20:15.327-0400] {processor.py:175} INFO - Processing /Users/admin/opt/anaconda3/envs/python-airflow-venv/lib/python3.10/site-packages/airflow/example_dags/example_branch_labels.py took 0.739 seconds
[2023-03-18T19:22:10.435-0400] {logging_mixin.py:137} WARNING - /Users/admin/opt/anaconda3/envs/python-airflow-venv/lib/python3.10/site-packages/airflow/settings.py:337 DeprecationWarning: The sql_alchemy_pool_enabled option in [core] has been moved to the sql_alchemy_pool_enabled option in [database] - the old setting has been used, but please update your config.
[2023-03-18T19:22:10.440-0400] {logging_mixin.py:137} WARNING - /Users/admin/opt/anaconda3/envs/python-airflow-venv/lib/python3.10/site-packages/airflow/settings.py:400 DeprecationWarning: The sql_engine_encoding option in [core] has been moved to the sql_engine_encoding option in [database] - the old setting has been used, but please update your config.
[2023-03-18T19:22:10.441-0400] {processor.py:153} INFO - Started process (PID=21942) to work on /Users/admin/opt/anaconda3/envs/python-airflow-venv/lib/python3.10/site-packages/airflow/example_dags/example_branch_labels.py
[2023-03-18T19:22:10.441-0400] {processor.py:743} INFO - Processing file /Users/admin/opt/anaconda3/envs/python-airflow-venv/lib/python3.10/site-packages/airflow/example_dags/example_branch_labels.py for tasks to queue
[2023-03-18T19:22:10.442-0400] {logging_mixin.py:137} INFO - [2023-03-18T19:22:10.442-0400] {dagbag.py:538} INFO - Filling up the DagBag from /Users/admin/opt/anaconda3/envs/python-airflow-venv/lib/python3.10/site-packages/airflow/example_dags/example_branch_labels.py
[2023-03-18T19:22:10.496-0400] {processor.py:753} INFO - DAG(s) dict_keys(['example_branch_labels']) retrieved from /Users/admin/opt/anaconda3/envs/python-airflow-venv/lib/python3.10/site-packages/airflow/example_dags/example_branch_labels.py
[2023-03-18T19:22:10.559-0400] {logging_mixin.py:137} WARNING - /Users/admin/opt/anaconda3/envs/python-airflow-venv/lib/python3.10/site-packages/airflow/jobs/scheduler_job.py:124 DeprecationWarning: The processor_poll_interval option in [scheduler] has been renamed to scheduler_idle_sleep_time - the old setting has been used, but please update your config.
[2023-03-18T19:22:11.210-0400] {logging_mixin.py:137} INFO - [2023-03-18T19:22:11.210-0400] {dag.py:2690} INFO - Sync 1 DAGs
[2023-03-18T19:22:11.229-0400] {logging_mixin.py:137} INFO - [2023-03-18T19:22:11.229-0400] {dag.py:3437} INFO - Setting next_dagrun for example_branch_labels to 2023-03-17T00:00:00+00:00, run_after=2023-03-18T00:00:00+00:00
[2023-03-18T19:22:11.249-0400] {processor.py:175} INFO - Processing /Users/admin/opt/anaconda3/envs/python-airflow-venv/lib/python3.10/site-packages/airflow/example_dags/example_branch_labels.py took 0.815 seconds
