[2023-03-15T21:23:29.458-0400] {logging_mixin.py:137} WARNING - /Users/admin/opt/anaconda3/envs/python-airflow-venv/lib/python3.10/site-packages/airflow/settings.py:337 DeprecationWarning: The sql_alchemy_pool_enabled option in [core] has been moved to the sql_alchemy_pool_enabled option in [database] - the old setting has been used, but please update your config.
[2023-03-15T21:23:29.462-0400] {logging_mixin.py:137} WARNING - /Users/admin/opt/anaconda3/envs/python-airflow-venv/lib/python3.10/site-packages/airflow/settings.py:400 DeprecationWarning: The sql_engine_encoding option in [core] has been moved to the sql_engine_encoding option in [database] - the old setting has been used, but please update your config.
[2023-03-15T21:23:29.463-0400] {processor.py:153} INFO - Started process (PID=16852) to work on /Users/admin/opt/anaconda3/envs/python-airflow-venv/lib/python3.10/site-packages/airflow/example_dags/example_short_circuit_decorator.py
[2023-03-15T21:23:29.463-0400] {processor.py:743} INFO - Processing file /Users/admin/opt/anaconda3/envs/python-airflow-venv/lib/python3.10/site-packages/airflow/example_dags/example_short_circuit_decorator.py for tasks to queue
[2023-03-15T21:23:29.463-0400] {logging_mixin.py:137} INFO - [2023-03-15T21:23:29.463-0400] {dagbag.py:538} INFO - Filling up the DagBag from /Users/admin/opt/anaconda3/envs/python-airflow-venv/lib/python3.10/site-packages/airflow/example_dags/example_short_circuit_decorator.py
[2023-03-15T21:23:29.546-0400] {processor.py:753} INFO - DAG(s) dict_keys(['example_short_circuit_decorator']) retrieved from /Users/admin/opt/anaconda3/envs/python-airflow-venv/lib/python3.10/site-packages/airflow/example_dags/example_short_circuit_decorator.py
[2023-03-15T21:23:29.592-0400] {logging_mixin.py:137} WARNING - /Users/admin/opt/anaconda3/envs/python-airflow-venv/lib/python3.10/site-packages/airflow/jobs/scheduler_job.py:124 DeprecationWarning: The processor_poll_interval option in [scheduler] has been renamed to scheduler_idle_sleep_time - the old setting has been used, but please update your config.
[2023-03-15T21:23:30.212-0400] {logging_mixin.py:137} INFO - [2023-03-15T21:23:30.212-0400] {dag.py:2690} INFO - Sync 1 DAGs
[2023-03-15T21:23:30.227-0400] {logging_mixin.py:137} INFO - [2023-03-15T21:23:30.226-0400] {dag.py:3437} INFO - Setting next_dagrun for example_short_circuit_decorator to 2023-03-15T01:23:30.226720+00:00, run_after=2023-03-16T01:23:30.226720+00:00
[2023-03-15T21:23:30.247-0400] {processor.py:175} INFO - Processing /Users/admin/opt/anaconda3/envs/python-airflow-venv/lib/python3.10/site-packages/airflow/example_dags/example_short_circuit_decorator.py took 0.791 seconds
[2023-03-15T21:25:29.391-0400] {logging_mixin.py:137} WARNING - /Users/admin/opt/anaconda3/envs/python-airflow-venv/lib/python3.10/site-packages/airflow/settings.py:337 DeprecationWarning: The sql_alchemy_pool_enabled option in [core] has been moved to the sql_alchemy_pool_enabled option in [database] - the old setting has been used, but please update your config.
[2023-03-15T21:25:29.399-0400] {logging_mixin.py:137} WARNING - /Users/admin/opt/anaconda3/envs/python-airflow-venv/lib/python3.10/site-packages/airflow/settings.py:400 DeprecationWarning: The sql_engine_encoding option in [core] has been moved to the sql_engine_encoding option in [database] - the old setting has been used, but please update your config.
[2023-03-15T21:25:29.399-0400] {processor.py:153} INFO - Started process (PID=17002) to work on /Users/admin/opt/anaconda3/envs/python-airflow-venv/lib/python3.10/site-packages/airflow/example_dags/example_short_circuit_decorator.py
[2023-03-15T21:25:29.400-0400] {processor.py:743} INFO - Processing file /Users/admin/opt/anaconda3/envs/python-airflow-venv/lib/python3.10/site-packages/airflow/example_dags/example_short_circuit_decorator.py for tasks to queue
[2023-03-15T21:25:29.400-0400] {logging_mixin.py:137} INFO - [2023-03-15T21:25:29.400-0400] {dagbag.py:538} INFO - Filling up the DagBag from /Users/admin/opt/anaconda3/envs/python-airflow-venv/lib/python3.10/site-packages/airflow/example_dags/example_short_circuit_decorator.py
[2023-03-15T21:25:29.474-0400] {processor.py:753} INFO - DAG(s) dict_keys(['example_short_circuit_decorator']) retrieved from /Users/admin/opt/anaconda3/envs/python-airflow-venv/lib/python3.10/site-packages/airflow/example_dags/example_short_circuit_decorator.py
[2023-03-15T21:25:29.530-0400] {logging_mixin.py:137} WARNING - /Users/admin/opt/anaconda3/envs/python-airflow-venv/lib/python3.10/site-packages/airflow/jobs/scheduler_job.py:124 DeprecationWarning: The processor_poll_interval option in [scheduler] has been renamed to scheduler_idle_sleep_time - the old setting has been used, but please update your config.
[2023-03-15T21:25:30.288-0400] {logging_mixin.py:137} INFO - [2023-03-15T21:25:30.288-0400] {dag.py:2690} INFO - Sync 1 DAGs
[2023-03-15T21:25:30.302-0400] {logging_mixin.py:137} INFO - [2023-03-15T21:25:30.302-0400] {dag.py:3437} INFO - Setting next_dagrun for example_short_circuit_decorator to 2023-03-15T01:25:30.302468+00:00, run_after=2023-03-16T01:25:30.302468+00:00
[2023-03-15T21:25:30.318-0400] {processor.py:175} INFO - Processing /Users/admin/opt/anaconda3/envs/python-airflow-venv/lib/python3.10/site-packages/airflow/example_dags/example_short_circuit_decorator.py took 0.931 seconds
[2023-03-15T21:27:24.999-0400] {logging_mixin.py:137} WARNING - /Users/admin/opt/anaconda3/envs/python-airflow-venv/lib/python3.10/site-packages/airflow/settings.py:337 DeprecationWarning: The sql_alchemy_pool_enabled option in [core] has been moved to the sql_alchemy_pool_enabled option in [database] - the old setting has been used, but please update your config.
[2023-03-15T21:27:25.004-0400] {logging_mixin.py:137} WARNING - /Users/admin/opt/anaconda3/envs/python-airflow-venv/lib/python3.10/site-packages/airflow/settings.py:400 DeprecationWarning: The sql_engine_encoding option in [core] has been moved to the sql_engine_encoding option in [database] - the old setting has been used, but please update your config.
[2023-03-15T21:27:25.005-0400] {processor.py:153} INFO - Started process (PID=17095) to work on /Users/admin/opt/anaconda3/envs/python-airflow-venv/lib/python3.10/site-packages/airflow/example_dags/example_short_circuit_decorator.py
[2023-03-15T21:27:25.005-0400] {processor.py:743} INFO - Processing file /Users/admin/opt/anaconda3/envs/python-airflow-venv/lib/python3.10/site-packages/airflow/example_dags/example_short_circuit_decorator.py for tasks to queue
[2023-03-15T21:27:25.005-0400] {logging_mixin.py:137} INFO - [2023-03-15T21:27:25.005-0400] {dagbag.py:538} INFO - Filling up the DagBag from /Users/admin/opt/anaconda3/envs/python-airflow-venv/lib/python3.10/site-packages/airflow/example_dags/example_short_circuit_decorator.py
[2023-03-15T21:27:25.092-0400] {processor.py:753} INFO - DAG(s) dict_keys(['example_short_circuit_decorator']) retrieved from /Users/admin/opt/anaconda3/envs/python-airflow-venv/lib/python3.10/site-packages/airflow/example_dags/example_short_circuit_decorator.py
[2023-03-15T21:27:25.140-0400] {logging_mixin.py:137} WARNING - /Users/admin/opt/anaconda3/envs/python-airflow-venv/lib/python3.10/site-packages/airflow/jobs/scheduler_job.py:124 DeprecationWarning: The processor_poll_interval option in [scheduler] has been renamed to scheduler_idle_sleep_time - the old setting has been used, but please update your config.
[2023-03-15T21:27:25.732-0400] {logging_mixin.py:137} INFO - [2023-03-15T21:27:25.731-0400] {dag.py:2690} INFO - Sync 1 DAGs
[2023-03-15T21:27:25.746-0400] {logging_mixin.py:137} INFO - [2023-03-15T21:27:25.746-0400] {dag.py:3437} INFO - Setting next_dagrun for example_short_circuit_decorator to 2023-03-15T01:27:25.746295+00:00, run_after=2023-03-16T01:27:25.746295+00:00
[2023-03-15T21:27:25.763-0400] {processor.py:175} INFO - Processing /Users/admin/opt/anaconda3/envs/python-airflow-venv/lib/python3.10/site-packages/airflow/example_dags/example_short_circuit_decorator.py took 0.764 seconds
[2023-03-15T21:29:21.335-0400] {logging_mixin.py:137} WARNING - /Users/admin/opt/anaconda3/envs/python-airflow-venv/lib/python3.10/site-packages/airflow/settings.py:337 DeprecationWarning: The sql_alchemy_pool_enabled option in [core] has been moved to the sql_alchemy_pool_enabled option in [database] - the old setting has been used, but please update your config.
[2023-03-15T21:29:21.340-0400] {logging_mixin.py:137} WARNING - /Users/admin/opt/anaconda3/envs/python-airflow-venv/lib/python3.10/site-packages/airflow/settings.py:400 DeprecationWarning: The sql_engine_encoding option in [core] has been moved to the sql_engine_encoding option in [database] - the old setting has been used, but please update your config.
[2023-03-15T21:29:21.340-0400] {processor.py:153} INFO - Started process (PID=17197) to work on /Users/admin/opt/anaconda3/envs/python-airflow-venv/lib/python3.10/site-packages/airflow/example_dags/example_short_circuit_decorator.py
[2023-03-15T21:29:21.341-0400] {processor.py:743} INFO - Processing file /Users/admin/opt/anaconda3/envs/python-airflow-venv/lib/python3.10/site-packages/airflow/example_dags/example_short_circuit_decorator.py for tasks to queue
[2023-03-15T21:29:21.341-0400] {logging_mixin.py:137} INFO - [2023-03-15T21:29:21.341-0400] {dagbag.py:538} INFO - Filling up the DagBag from /Users/admin/opt/anaconda3/envs/python-airflow-venv/lib/python3.10/site-packages/airflow/example_dags/example_short_circuit_decorator.py
[2023-03-15T21:29:21.417-0400] {processor.py:753} INFO - DAG(s) dict_keys(['example_short_circuit_decorator']) retrieved from /Users/admin/opt/anaconda3/envs/python-airflow-venv/lib/python3.10/site-packages/airflow/example_dags/example_short_circuit_decorator.py
[2023-03-15T21:29:21.461-0400] {logging_mixin.py:137} WARNING - /Users/admin/opt/anaconda3/envs/python-airflow-venv/lib/python3.10/site-packages/airflow/jobs/scheduler_job.py:124 DeprecationWarning: The processor_poll_interval option in [scheduler] has been renamed to scheduler_idle_sleep_time - the old setting has been used, but please update your config.
[2023-03-15T21:29:22.061-0400] {logging_mixin.py:137} INFO - [2023-03-15T21:29:22.061-0400] {dag.py:2690} INFO - Sync 1 DAGs
[2023-03-15T21:29:22.076-0400] {logging_mixin.py:137} INFO - [2023-03-15T21:29:22.076-0400] {dag.py:3437} INFO - Setting next_dagrun for example_short_circuit_decorator to 2023-03-15T01:29:22.076295+00:00, run_after=2023-03-16T01:29:22.076295+00:00
[2023-03-15T21:29:22.096-0400] {processor.py:175} INFO - Processing /Users/admin/opt/anaconda3/envs/python-airflow-venv/lib/python3.10/site-packages/airflow/example_dags/example_short_circuit_decorator.py took 0.761 seconds
[2023-03-15T21:31:12.501-0400] {logging_mixin.py:137} WARNING - /Users/admin/opt/anaconda3/envs/python-airflow-venv/lib/python3.10/site-packages/airflow/settings.py:337 DeprecationWarning: The sql_alchemy_pool_enabled option in [core] has been moved to the sql_alchemy_pool_enabled option in [database] - the old setting has been used, but please update your config.
[2023-03-15T21:31:12.505-0400] {logging_mixin.py:137} WARNING - /Users/admin/opt/anaconda3/envs/python-airflow-venv/lib/python3.10/site-packages/airflow/settings.py:400 DeprecationWarning: The sql_engine_encoding option in [core] has been moved to the sql_engine_encoding option in [database] - the old setting has been used, but please update your config.
[2023-03-15T21:31:12.506-0400] {processor.py:153} INFO - Started process (PID=18966) to work on /Users/admin/opt/anaconda3/envs/python-airflow-venv/lib/python3.10/site-packages/airflow/example_dags/example_short_circuit_decorator.py
[2023-03-15T21:31:12.506-0400] {processor.py:743} INFO - Processing file /Users/admin/opt/anaconda3/envs/python-airflow-venv/lib/python3.10/site-packages/airflow/example_dags/example_short_circuit_decorator.py for tasks to queue
[2023-03-15T21:31:12.507-0400] {logging_mixin.py:137} INFO - [2023-03-15T21:31:12.506-0400] {dagbag.py:538} INFO - Filling up the DagBag from /Users/admin/opt/anaconda3/envs/python-airflow-venv/lib/python3.10/site-packages/airflow/example_dags/example_short_circuit_decorator.py
[2023-03-15T21:31:12.584-0400] {processor.py:753} INFO - DAG(s) dict_keys(['example_short_circuit_decorator']) retrieved from /Users/admin/opt/anaconda3/envs/python-airflow-venv/lib/python3.10/site-packages/airflow/example_dags/example_short_circuit_decorator.py
[2023-03-15T21:31:12.628-0400] {logging_mixin.py:137} WARNING - /Users/admin/opt/anaconda3/envs/python-airflow-venv/lib/python3.10/site-packages/airflow/jobs/scheduler_job.py:124 DeprecationWarning: The processor_poll_interval option in [scheduler] has been renamed to scheduler_idle_sleep_time - the old setting has been used, but please update your config.
[2023-03-15T21:31:13.230-0400] {logging_mixin.py:137} INFO - [2023-03-15T21:31:13.230-0400] {dag.py:2690} INFO - Sync 1 DAGs
[2023-03-15T21:31:13.244-0400] {logging_mixin.py:137} INFO - [2023-03-15T21:31:13.244-0400] {dag.py:3437} INFO - Setting next_dagrun for example_short_circuit_decorator to 2023-03-15T01:31:13.244436+00:00, run_after=2023-03-16T01:31:13.244436+00:00
[2023-03-15T21:31:13.264-0400] {processor.py:175} INFO - Processing /Users/admin/opt/anaconda3/envs/python-airflow-venv/lib/python3.10/site-packages/airflow/example_dags/example_short_circuit_decorator.py took 0.764 seconds
[2023-03-15T21:33:11.075-0400] {logging_mixin.py:137} WARNING - /Users/admin/opt/anaconda3/envs/python-airflow-venv/lib/python3.10/site-packages/airflow/settings.py:337 DeprecationWarning: The sql_alchemy_pool_enabled option in [core] has been moved to the sql_alchemy_pool_enabled option in [database] - the old setting has been used, but please update your config.
[2023-03-15T21:33:11.080-0400] {logging_mixin.py:137} WARNING - /Users/admin/opt/anaconda3/envs/python-airflow-venv/lib/python3.10/site-packages/airflow/settings.py:400 DeprecationWarning: The sql_engine_encoding option in [core] has been moved to the sql_engine_encoding option in [database] - the old setting has been used, but please update your config.
[2023-03-15T21:33:11.080-0400] {processor.py:153} INFO - Started process (PID=19031) to work on /Users/admin/opt/anaconda3/envs/python-airflow-venv/lib/python3.10/site-packages/airflow/example_dags/example_short_circuit_decorator.py
[2023-03-15T21:33:11.080-0400] {processor.py:743} INFO - Processing file /Users/admin/opt/anaconda3/envs/python-airflow-venv/lib/python3.10/site-packages/airflow/example_dags/example_short_circuit_decorator.py for tasks to queue
[2023-03-15T21:33:11.081-0400] {logging_mixin.py:137} INFO - [2023-03-15T21:33:11.081-0400] {dagbag.py:538} INFO - Filling up the DagBag from /Users/admin/opt/anaconda3/envs/python-airflow-venv/lib/python3.10/site-packages/airflow/example_dags/example_short_circuit_decorator.py
[2023-03-15T21:33:11.163-0400] {processor.py:753} INFO - DAG(s) dict_keys(['example_short_circuit_decorator']) retrieved from /Users/admin/opt/anaconda3/envs/python-airflow-venv/lib/python3.10/site-packages/airflow/example_dags/example_short_circuit_decorator.py
[2023-03-15T21:33:11.210-0400] {logging_mixin.py:137} WARNING - /Users/admin/opt/anaconda3/envs/python-airflow-venv/lib/python3.10/site-packages/airflow/jobs/scheduler_job.py:124 DeprecationWarning: The processor_poll_interval option in [scheduler] has been renamed to scheduler_idle_sleep_time - the old setting has been used, but please update your config.
[2023-03-15T21:33:11.836-0400] {logging_mixin.py:137} INFO - [2023-03-15T21:33:11.835-0400] {dag.py:2690} INFO - Sync 1 DAGs
[2023-03-15T21:33:11.850-0400] {logging_mixin.py:137} INFO - [2023-03-15T21:33:11.850-0400] {dag.py:3437} INFO - Setting next_dagrun for example_short_circuit_decorator to 2023-03-15T01:33:11.850603+00:00, run_after=2023-03-16T01:33:11.850603+00:00
[2023-03-15T21:33:11.871-0400] {processor.py:175} INFO - Processing /Users/admin/opt/anaconda3/envs/python-airflow-venv/lib/python3.10/site-packages/airflow/example_dags/example_short_circuit_decorator.py took 0.797 seconds
[2023-03-15T21:35:06.334-0400] {logging_mixin.py:137} WARNING - /Users/admin/opt/anaconda3/envs/python-airflow-venv/lib/python3.10/site-packages/airflow/settings.py:337 DeprecationWarning: The sql_alchemy_pool_enabled option in [core] has been moved to the sql_alchemy_pool_enabled option in [database] - the old setting has been used, but please update your config.
[2023-03-15T21:35:06.338-0400] {logging_mixin.py:137} WARNING - /Users/admin/opt/anaconda3/envs/python-airflow-venv/lib/python3.10/site-packages/airflow/settings.py:400 DeprecationWarning: The sql_engine_encoding option in [core] has been moved to the sql_engine_encoding option in [database] - the old setting has been used, but please update your config.
[2023-03-15T21:35:06.339-0400] {processor.py:153} INFO - Started process (PID=19082) to work on /Users/admin/opt/anaconda3/envs/python-airflow-venv/lib/python3.10/site-packages/airflow/example_dags/example_short_circuit_decorator.py
[2023-03-15T21:35:06.339-0400] {processor.py:743} INFO - Processing file /Users/admin/opt/anaconda3/envs/python-airflow-venv/lib/python3.10/site-packages/airflow/example_dags/example_short_circuit_decorator.py for tasks to queue
[2023-03-15T21:35:06.339-0400] {logging_mixin.py:137} INFO - [2023-03-15T21:35:06.339-0400] {dagbag.py:538} INFO - Filling up the DagBag from /Users/admin/opt/anaconda3/envs/python-airflow-venv/lib/python3.10/site-packages/airflow/example_dags/example_short_circuit_decorator.py
[2023-03-15T21:35:06.409-0400] {processor.py:753} INFO - DAG(s) dict_keys(['example_short_circuit_decorator']) retrieved from /Users/admin/opt/anaconda3/envs/python-airflow-venv/lib/python3.10/site-packages/airflow/example_dags/example_short_circuit_decorator.py
[2023-03-15T21:35:06.451-0400] {logging_mixin.py:137} WARNING - /Users/admin/opt/anaconda3/envs/python-airflow-venv/lib/python3.10/site-packages/airflow/jobs/scheduler_job.py:124 DeprecationWarning: The processor_poll_interval option in [scheduler] has been renamed to scheduler_idle_sleep_time - the old setting has been used, but please update your config.
[2023-03-15T21:35:07.049-0400] {logging_mixin.py:137} INFO - [2023-03-15T21:35:07.049-0400] {dag.py:2690} INFO - Sync 1 DAGs
[2023-03-15T21:35:07.064-0400] {logging_mixin.py:137} INFO - [2023-03-15T21:35:07.063-0400] {dag.py:3437} INFO - Setting next_dagrun for example_short_circuit_decorator to 2023-03-15T01:35:07.063794+00:00, run_after=2023-03-16T01:35:07.063794+00:00
[2023-03-15T21:35:07.082-0400] {processor.py:175} INFO - Processing /Users/admin/opt/anaconda3/envs/python-airflow-venv/lib/python3.10/site-packages/airflow/example_dags/example_short_circuit_decorator.py took 0.749 seconds
[2023-03-15T21:37:10.402-0400] {logging_mixin.py:137} WARNING - /Users/admin/opt/anaconda3/envs/python-airflow-venv/lib/python3.10/site-packages/airflow/settings.py:337 DeprecationWarning: The sql_alchemy_pool_enabled option in [core] has been moved to the sql_alchemy_pool_enabled option in [database] - the old setting has been used, but please update your config.
[2023-03-15T21:37:10.407-0400] {logging_mixin.py:137} WARNING - /Users/admin/opt/anaconda3/envs/python-airflow-venv/lib/python3.10/site-packages/airflow/settings.py:400 DeprecationWarning: The sql_engine_encoding option in [core] has been moved to the sql_engine_encoding option in [database] - the old setting has been used, but please update your config.
[2023-03-15T21:37:10.408-0400] {processor.py:153} INFO - Started process (PID=19187) to work on /Users/admin/opt/anaconda3/envs/python-airflow-venv/lib/python3.10/site-packages/airflow/example_dags/example_short_circuit_decorator.py
[2023-03-15T21:37:10.408-0400] {processor.py:743} INFO - Processing file /Users/admin/opt/anaconda3/envs/python-airflow-venv/lib/python3.10/site-packages/airflow/example_dags/example_short_circuit_decorator.py for tasks to queue
[2023-03-15T21:37:10.408-0400] {logging_mixin.py:137} INFO - [2023-03-15T21:37:10.408-0400] {dagbag.py:538} INFO - Filling up the DagBag from /Users/admin/opt/anaconda3/envs/python-airflow-venv/lib/python3.10/site-packages/airflow/example_dags/example_short_circuit_decorator.py
[2023-03-15T21:37:10.495-0400] {processor.py:753} INFO - DAG(s) dict_keys(['example_short_circuit_decorator']) retrieved from /Users/admin/opt/anaconda3/envs/python-airflow-venv/lib/python3.10/site-packages/airflow/example_dags/example_short_circuit_decorator.py
[2023-03-15T21:37:11.027-0400] {logging_mixin.py:137} WARNING - /Users/admin/opt/anaconda3/envs/python-airflow-venv/lib/python3.10/site-packages/airflow/jobs/scheduler_job.py:124 DeprecationWarning: The processor_poll_interval option in [scheduler] has been renamed to scheduler_idle_sleep_time - the old setting has been used, but please update your config.
[2023-03-15T21:37:13.317-0400] {logging_mixin.py:137} INFO - [2023-03-15T21:37:13.317-0400] {dag.py:2690} INFO - Sync 1 DAGs
[2023-03-15T21:37:13.333-0400] {logging_mixin.py:137} INFO - [2023-03-15T21:37:13.333-0400] {dag.py:3437} INFO - Setting next_dagrun for example_short_circuit_decorator to 2023-03-15T01:37:13.333028+00:00, run_after=2023-03-16T01:37:13.333028+00:00
[2023-03-15T21:37:13.348-0400] {processor.py:175} INFO - Processing /Users/admin/opt/anaconda3/envs/python-airflow-venv/lib/python3.10/site-packages/airflow/example_dags/example_short_circuit_decorator.py took 2.946 seconds
[2023-03-15T21:39:16.276-0400] {logging_mixin.py:137} WARNING - /Users/admin/opt/anaconda3/envs/python-airflow-venv/lib/python3.10/site-packages/airflow/settings.py:337 DeprecationWarning: The sql_alchemy_pool_enabled option in [core] has been moved to the sql_alchemy_pool_enabled option in [database] - the old setting has been used, but please update your config.
[2023-03-15T21:39:16.289-0400] {logging_mixin.py:137} WARNING - /Users/admin/opt/anaconda3/envs/python-airflow-venv/lib/python3.10/site-packages/airflow/settings.py:400 DeprecationWarning: The sql_engine_encoding option in [core] has been moved to the sql_engine_encoding option in [database] - the old setting has been used, but please update your config.
[2023-03-15T21:39:16.291-0400] {processor.py:153} INFO - Started process (PID=19263) to work on /Users/admin/opt/anaconda3/envs/python-airflow-venv/lib/python3.10/site-packages/airflow/example_dags/example_short_circuit_decorator.py
[2023-03-15T21:39:16.292-0400] {processor.py:743} INFO - Processing file /Users/admin/opt/anaconda3/envs/python-airflow-venv/lib/python3.10/site-packages/airflow/example_dags/example_short_circuit_decorator.py for tasks to queue
[2023-03-15T21:39:16.293-0400] {logging_mixin.py:137} INFO - [2023-03-15T21:39:16.293-0400] {dagbag.py:538} INFO - Filling up the DagBag from /Users/admin/opt/anaconda3/envs/python-airflow-venv/lib/python3.10/site-packages/airflow/example_dags/example_short_circuit_decorator.py
[2023-03-15T21:39:16.812-0400] {processor.py:753} INFO - DAG(s) dict_keys(['example_short_circuit_decorator']) retrieved from /Users/admin/opt/anaconda3/envs/python-airflow-venv/lib/python3.10/site-packages/airflow/example_dags/example_short_circuit_decorator.py
[2023-03-15T21:39:17.171-0400] {logging_mixin.py:137} WARNING - /Users/admin/opt/anaconda3/envs/python-airflow-venv/lib/python3.10/site-packages/airflow/jobs/scheduler_job.py:124 DeprecationWarning: The processor_poll_interval option in [scheduler] has been renamed to scheduler_idle_sleep_time - the old setting has been used, but please update your config.
[2023-03-15T21:39:19.775-0400] {logging_mixin.py:137} INFO - [2023-03-15T21:39:19.775-0400] {dag.py:2690} INFO - Sync 1 DAGs
[2023-03-15T21:39:19.793-0400] {logging_mixin.py:137} INFO - [2023-03-15T21:39:19.793-0400] {dag.py:3437} INFO - Setting next_dagrun for example_short_circuit_decorator to 2023-03-15T01:39:19.793594+00:00, run_after=2023-03-16T01:39:19.793594+00:00
[2023-03-15T21:39:19.811-0400] {processor.py:175} INFO - Processing /Users/admin/opt/anaconda3/envs/python-airflow-venv/lib/python3.10/site-packages/airflow/example_dags/example_short_circuit_decorator.py took 3.537 seconds
[2023-03-15T21:41:38.616-0400] {logging_mixin.py:137} WARNING - /Users/admin/opt/anaconda3/envs/python-airflow-venv/lib/python3.10/site-packages/airflow/settings.py:337 DeprecationWarning: The sql_alchemy_pool_enabled option in [core] has been moved to the sql_alchemy_pool_enabled option in [database] - the old setting has been used, but please update your config.
[2023-03-15T21:41:38.621-0400] {logging_mixin.py:137} WARNING - /Users/admin/opt/anaconda3/envs/python-airflow-venv/lib/python3.10/site-packages/airflow/settings.py:400 DeprecationWarning: The sql_engine_encoding option in [core] has been moved to the sql_engine_encoding option in [database] - the old setting has been used, but please update your config.
[2023-03-15T21:41:38.622-0400] {processor.py:153} INFO - Started process (PID=19318) to work on /Users/admin/opt/anaconda3/envs/python-airflow-venv/lib/python3.10/site-packages/airflow/example_dags/example_short_circuit_decorator.py
[2023-03-15T21:41:38.622-0400] {processor.py:743} INFO - Processing file /Users/admin/opt/anaconda3/envs/python-airflow-venv/lib/python3.10/site-packages/airflow/example_dags/example_short_circuit_decorator.py for tasks to queue
[2023-03-15T21:41:38.622-0400] {logging_mixin.py:137} INFO - [2023-03-15T21:41:38.622-0400] {dagbag.py:538} INFO - Filling up the DagBag from /Users/admin/opt/anaconda3/envs/python-airflow-venv/lib/python3.10/site-packages/airflow/example_dags/example_short_circuit_decorator.py
[2023-03-15T21:41:38.697-0400] {processor.py:753} INFO - DAG(s) dict_keys(['example_short_circuit_decorator']) retrieved from /Users/admin/opt/anaconda3/envs/python-airflow-venv/lib/python3.10/site-packages/airflow/example_dags/example_short_circuit_decorator.py
[2023-03-15T21:41:38.742-0400] {logging_mixin.py:137} WARNING - /Users/admin/opt/anaconda3/envs/python-airflow-venv/lib/python3.10/site-packages/airflow/jobs/scheduler_job.py:124 DeprecationWarning: The processor_poll_interval option in [scheduler] has been renamed to scheduler_idle_sleep_time - the old setting has been used, but please update your config.
[2023-03-15T21:41:39.335-0400] {logging_mixin.py:137} INFO - [2023-03-15T21:41:39.334-0400] {dag.py:2690} INFO - Sync 1 DAGs
[2023-03-15T21:41:39.349-0400] {logging_mixin.py:137} INFO - [2023-03-15T21:41:39.349-0400] {dag.py:3437} INFO - Setting next_dagrun for example_short_circuit_decorator to 2023-03-15T01:41:39.349199+00:00, run_after=2023-03-16T01:41:39.349199+00:00
[2023-03-15T21:41:39.366-0400] {processor.py:175} INFO - Processing /Users/admin/opt/anaconda3/envs/python-airflow-venv/lib/python3.10/site-packages/airflow/example_dags/example_short_circuit_decorator.py took 0.750 seconds
[2023-03-15T21:43:40.726-0400] {logging_mixin.py:137} WARNING - /Users/admin/opt/anaconda3/envs/python-airflow-venv/lib/python3.10/site-packages/airflow/settings.py:337 DeprecationWarning: The sql_alchemy_pool_enabled option in [core] has been moved to the sql_alchemy_pool_enabled option in [database] - the old setting has been used, but please update your config.
[2023-03-15T21:43:40.731-0400] {logging_mixin.py:137} WARNING - /Users/admin/opt/anaconda3/envs/python-airflow-venv/lib/python3.10/site-packages/airflow/settings.py:400 DeprecationWarning: The sql_engine_encoding option in [core] has been moved to the sql_engine_encoding option in [database] - the old setting has been used, but please update your config.
[2023-03-15T21:43:40.732-0400] {processor.py:153} INFO - Started process (PID=19368) to work on /Users/admin/opt/anaconda3/envs/python-airflow-venv/lib/python3.10/site-packages/airflow/example_dags/example_short_circuit_decorator.py
[2023-03-15T21:43:40.732-0400] {processor.py:743} INFO - Processing file /Users/admin/opt/anaconda3/envs/python-airflow-venv/lib/python3.10/site-packages/airflow/example_dags/example_short_circuit_decorator.py for tasks to queue
[2023-03-15T21:43:40.732-0400] {logging_mixin.py:137} INFO - [2023-03-15T21:43:40.732-0400] {dagbag.py:538} INFO - Filling up the DagBag from /Users/admin/opt/anaconda3/envs/python-airflow-venv/lib/python3.10/site-packages/airflow/example_dags/example_short_circuit_decorator.py
[2023-03-15T21:43:40.813-0400] {processor.py:753} INFO - DAG(s) dict_keys(['example_short_circuit_decorator']) retrieved from /Users/admin/opt/anaconda3/envs/python-airflow-venv/lib/python3.10/site-packages/airflow/example_dags/example_short_circuit_decorator.py
[2023-03-15T21:43:40.858-0400] {logging_mixin.py:137} WARNING - /Users/admin/opt/anaconda3/envs/python-airflow-venv/lib/python3.10/site-packages/airflow/jobs/scheduler_job.py:124 DeprecationWarning: The processor_poll_interval option in [scheduler] has been renamed to scheduler_idle_sleep_time - the old setting has been used, but please update your config.
[2023-03-15T21:43:41.632-0400] {logging_mixin.py:137} INFO - [2023-03-15T21:43:41.632-0400] {dag.py:2690} INFO - Sync 1 DAGs
[2023-03-15T21:43:41.647-0400] {logging_mixin.py:137} INFO - [2023-03-15T21:43:41.646-0400] {dag.py:3437} INFO - Setting next_dagrun for example_short_circuit_decorator to 2023-03-15T01:43:41.646824+00:00, run_after=2023-03-16T01:43:41.646824+00:00
[2023-03-15T21:43:41.665-0400] {processor.py:175} INFO - Processing /Users/admin/opt/anaconda3/envs/python-airflow-venv/lib/python3.10/site-packages/airflow/example_dags/example_short_circuit_decorator.py took 0.939 seconds
[2023-03-15T21:45:47.179-0400] {logging_mixin.py:137} WARNING - /Users/admin/opt/anaconda3/envs/python-airflow-venv/lib/python3.10/site-packages/airflow/settings.py:337 DeprecationWarning: The sql_alchemy_pool_enabled option in [core] has been moved to the sql_alchemy_pool_enabled option in [database] - the old setting has been used, but please update your config.
[2023-03-15T21:45:47.184-0400] {logging_mixin.py:137} WARNING - /Users/admin/opt/anaconda3/envs/python-airflow-venv/lib/python3.10/site-packages/airflow/settings.py:400 DeprecationWarning: The sql_engine_encoding option in [core] has been moved to the sql_engine_encoding option in [database] - the old setting has been used, but please update your config.
[2023-03-15T21:45:47.185-0400] {processor.py:153} INFO - Started process (PID=19427) to work on /Users/admin/opt/anaconda3/envs/python-airflow-venv/lib/python3.10/site-packages/airflow/example_dags/example_short_circuit_decorator.py
[2023-03-15T21:45:47.185-0400] {processor.py:743} INFO - Processing file /Users/admin/opt/anaconda3/envs/python-airflow-venv/lib/python3.10/site-packages/airflow/example_dags/example_short_circuit_decorator.py for tasks to queue
[2023-03-15T21:45:47.185-0400] {logging_mixin.py:137} INFO - [2023-03-15T21:45:47.185-0400] {dagbag.py:538} INFO - Filling up the DagBag from /Users/admin/opt/anaconda3/envs/python-airflow-venv/lib/python3.10/site-packages/airflow/example_dags/example_short_circuit_decorator.py
[2023-03-15T21:45:47.265-0400] {processor.py:753} INFO - DAG(s) dict_keys(['example_short_circuit_decorator']) retrieved from /Users/admin/opt/anaconda3/envs/python-airflow-venv/lib/python3.10/site-packages/airflow/example_dags/example_short_circuit_decorator.py
[2023-03-15T21:45:47.310-0400] {logging_mixin.py:137} WARNING - /Users/admin/opt/anaconda3/envs/python-airflow-venv/lib/python3.10/site-packages/airflow/jobs/scheduler_job.py:124 DeprecationWarning: The processor_poll_interval option in [scheduler] has been renamed to scheduler_idle_sleep_time - the old setting has been used, but please update your config.
[2023-03-15T21:45:47.922-0400] {logging_mixin.py:137} INFO - [2023-03-15T21:45:47.922-0400] {dag.py:2690} INFO - Sync 1 DAGs
[2023-03-15T21:45:47.937-0400] {logging_mixin.py:137} INFO - [2023-03-15T21:45:47.937-0400] {dag.py:3437} INFO - Setting next_dagrun for example_short_circuit_decorator to 2023-03-15T01:45:47.937115+00:00, run_after=2023-03-16T01:45:47.937115+00:00
[2023-03-15T21:45:47.957-0400] {processor.py:175} INFO - Processing /Users/admin/opt/anaconda3/envs/python-airflow-venv/lib/python3.10/site-packages/airflow/example_dags/example_short_circuit_decorator.py took 0.779 seconds
[2023-03-15T21:47:44.539-0400] {logging_mixin.py:137} WARNING - /Users/admin/opt/anaconda3/envs/python-airflow-venv/lib/python3.10/site-packages/airflow/settings.py:337 DeprecationWarning: The sql_alchemy_pool_enabled option in [core] has been moved to the sql_alchemy_pool_enabled option in [database] - the old setting has been used, but please update your config.
[2023-03-15T21:47:44.543-0400] {logging_mixin.py:137} WARNING - /Users/admin/opt/anaconda3/envs/python-airflow-venv/lib/python3.10/site-packages/airflow/settings.py:400 DeprecationWarning: The sql_engine_encoding option in [core] has been moved to the sql_engine_encoding option in [database] - the old setting has been used, but please update your config.
[2023-03-15T21:47:44.544-0400] {processor.py:153} INFO - Started process (PID=19476) to work on /Users/admin/opt/anaconda3/envs/python-airflow-venv/lib/python3.10/site-packages/airflow/example_dags/example_short_circuit_decorator.py
[2023-03-15T21:47:44.544-0400] {processor.py:743} INFO - Processing file /Users/admin/opt/anaconda3/envs/python-airflow-venv/lib/python3.10/site-packages/airflow/example_dags/example_short_circuit_decorator.py for tasks to queue
[2023-03-15T21:47:44.545-0400] {logging_mixin.py:137} INFO - [2023-03-15T21:47:44.544-0400] {dagbag.py:538} INFO - Filling up the DagBag from /Users/admin/opt/anaconda3/envs/python-airflow-venv/lib/python3.10/site-packages/airflow/example_dags/example_short_circuit_decorator.py
[2023-03-15T21:47:44.618-0400] {processor.py:753} INFO - DAG(s) dict_keys(['example_short_circuit_decorator']) retrieved from /Users/admin/opt/anaconda3/envs/python-airflow-venv/lib/python3.10/site-packages/airflow/example_dags/example_short_circuit_decorator.py
[2023-03-15T21:47:44.661-0400] {logging_mixin.py:137} WARNING - /Users/admin/opt/anaconda3/envs/python-airflow-venv/lib/python3.10/site-packages/airflow/jobs/scheduler_job.py:124 DeprecationWarning: The processor_poll_interval option in [scheduler] has been renamed to scheduler_idle_sleep_time - the old setting has been used, but please update your config.
[2023-03-15T21:47:45.260-0400] {logging_mixin.py:137} INFO - [2023-03-15T21:47:45.260-0400] {dag.py:2690} INFO - Sync 1 DAGs
[2023-03-15T21:47:45.275-0400] {logging_mixin.py:137} INFO - [2023-03-15T21:47:45.275-0400] {dag.py:3437} INFO - Setting next_dagrun for example_short_circuit_decorator to 2023-03-15T01:47:45.275037+00:00, run_after=2023-03-16T01:47:45.275037+00:00
[2023-03-15T21:47:45.295-0400] {processor.py:175} INFO - Processing /Users/admin/opt/anaconda3/envs/python-airflow-venv/lib/python3.10/site-packages/airflow/example_dags/example_short_circuit_decorator.py took 0.757 seconds
[2023-03-15T21:49:40.495-0400] {logging_mixin.py:137} WARNING - /Users/admin/opt/anaconda3/envs/python-airflow-venv/lib/python3.10/site-packages/airflow/settings.py:337 DeprecationWarning: The sql_alchemy_pool_enabled option in [core] has been moved to the sql_alchemy_pool_enabled option in [database] - the old setting has been used, but please update your config.
[2023-03-15T21:49:40.504-0400] {logging_mixin.py:137} WARNING - /Users/admin/opt/anaconda3/envs/python-airflow-venv/lib/python3.10/site-packages/airflow/settings.py:400 DeprecationWarning: The sql_engine_encoding option in [core] has been moved to the sql_engine_encoding option in [database] - the old setting has been used, but please update your config.
[2023-03-15T21:49:40.505-0400] {processor.py:153} INFO - Started process (PID=19527) to work on /Users/admin/opt/anaconda3/envs/python-airflow-venv/lib/python3.10/site-packages/airflow/example_dags/example_short_circuit_decorator.py
[2023-03-15T21:49:40.505-0400] {processor.py:743} INFO - Processing file /Users/admin/opt/anaconda3/envs/python-airflow-venv/lib/python3.10/site-packages/airflow/example_dags/example_short_circuit_decorator.py for tasks to queue
[2023-03-15T21:49:40.506-0400] {logging_mixin.py:137} INFO - [2023-03-15T21:49:40.505-0400] {dagbag.py:538} INFO - Filling up the DagBag from /Users/admin/opt/anaconda3/envs/python-airflow-venv/lib/python3.10/site-packages/airflow/example_dags/example_short_circuit_decorator.py
[2023-03-15T21:49:40.595-0400] {processor.py:753} INFO - DAG(s) dict_keys(['example_short_circuit_decorator']) retrieved from /Users/admin/opt/anaconda3/envs/python-airflow-venv/lib/python3.10/site-packages/airflow/example_dags/example_short_circuit_decorator.py
[2023-03-15T21:49:40.652-0400] {logging_mixin.py:137} WARNING - /Users/admin/opt/anaconda3/envs/python-airflow-venv/lib/python3.10/site-packages/airflow/jobs/scheduler_job.py:124 DeprecationWarning: The processor_poll_interval option in [scheduler] has been renamed to scheduler_idle_sleep_time - the old setting has been used, but please update your config.
[2023-03-15T21:49:41.331-0400] {logging_mixin.py:137} INFO - [2023-03-15T21:49:41.331-0400] {dag.py:2690} INFO - Sync 1 DAGs
[2023-03-15T21:49:41.346-0400] {logging_mixin.py:137} INFO - [2023-03-15T21:49:41.345-0400] {dag.py:3437} INFO - Setting next_dagrun for example_short_circuit_decorator to 2023-03-15T01:49:41.345838+00:00, run_after=2023-03-16T01:49:41.345838+00:00
[2023-03-15T21:49:41.360-0400] {processor.py:175} INFO - Processing /Users/admin/opt/anaconda3/envs/python-airflow-venv/lib/python3.10/site-packages/airflow/example_dags/example_short_circuit_decorator.py took 0.866 seconds
[2023-03-15T21:51:41.339-0400] {logging_mixin.py:137} WARNING - /Users/admin/opt/anaconda3/envs/python-airflow-venv/lib/python3.10/site-packages/airflow/settings.py:337 DeprecationWarning: The sql_alchemy_pool_enabled option in [core] has been moved to the sql_alchemy_pool_enabled option in [database] - the old setting has been used, but please update your config.
[2023-03-15T21:51:41.344-0400] {logging_mixin.py:137} WARNING - /Users/admin/opt/anaconda3/envs/python-airflow-venv/lib/python3.10/site-packages/airflow/settings.py:400 DeprecationWarning: The sql_engine_encoding option in [core] has been moved to the sql_engine_encoding option in [database] - the old setting has been used, but please update your config.
[2023-03-15T21:51:41.345-0400] {processor.py:153} INFO - Started process (PID=19589) to work on /Users/admin/opt/anaconda3/envs/python-airflow-venv/lib/python3.10/site-packages/airflow/example_dags/example_short_circuit_decorator.py
[2023-03-15T21:51:41.345-0400] {processor.py:743} INFO - Processing file /Users/admin/opt/anaconda3/envs/python-airflow-venv/lib/python3.10/site-packages/airflow/example_dags/example_short_circuit_decorator.py for tasks to queue
[2023-03-15T21:51:41.345-0400] {logging_mixin.py:137} INFO - [2023-03-15T21:51:41.345-0400] {dagbag.py:538} INFO - Filling up the DagBag from /Users/admin/opt/anaconda3/envs/python-airflow-venv/lib/python3.10/site-packages/airflow/example_dags/example_short_circuit_decorator.py
[2023-03-15T21:51:41.423-0400] {processor.py:753} INFO - DAG(s) dict_keys(['example_short_circuit_decorator']) retrieved from /Users/admin/opt/anaconda3/envs/python-airflow-venv/lib/python3.10/site-packages/airflow/example_dags/example_short_circuit_decorator.py
[2023-03-15T21:51:41.474-0400] {logging_mixin.py:137} WARNING - /Users/admin/opt/anaconda3/envs/python-airflow-venv/lib/python3.10/site-packages/airflow/jobs/scheduler_job.py:124 DeprecationWarning: The processor_poll_interval option in [scheduler] has been renamed to scheduler_idle_sleep_time - the old setting has been used, but please update your config.
[2023-03-15T21:51:42.131-0400] {logging_mixin.py:137} INFO - [2023-03-15T21:51:42.130-0400] {dag.py:2690} INFO - Sync 1 DAGs
[2023-03-15T21:51:42.148-0400] {logging_mixin.py:137} INFO - [2023-03-15T21:51:42.148-0400] {dag.py:3437} INFO - Setting next_dagrun for example_short_circuit_decorator to 2023-03-15T01:51:42.148309+00:00, run_after=2023-03-16T01:51:42.148309+00:00
[2023-03-15T21:51:42.165-0400] {processor.py:175} INFO - Processing /Users/admin/opt/anaconda3/envs/python-airflow-venv/lib/python3.10/site-packages/airflow/example_dags/example_short_circuit_decorator.py took 0.827 seconds
[2023-03-15T21:53:36.354-0400] {logging_mixin.py:137} WARNING - /Users/admin/opt/anaconda3/envs/python-airflow-venv/lib/python3.10/site-packages/airflow/settings.py:337 DeprecationWarning: The sql_alchemy_pool_enabled option in [core] has been moved to the sql_alchemy_pool_enabled option in [database] - the old setting has been used, but please update your config.
[2023-03-15T21:53:36.358-0400] {logging_mixin.py:137} WARNING - /Users/admin/opt/anaconda3/envs/python-airflow-venv/lib/python3.10/site-packages/airflow/settings.py:400 DeprecationWarning: The sql_engine_encoding option in [core] has been moved to the sql_engine_encoding option in [database] - the old setting has been used, but please update your config.
[2023-03-15T21:53:36.359-0400] {processor.py:153} INFO - Started process (PID=19656) to work on /Users/admin/opt/anaconda3/envs/python-airflow-venv/lib/python3.10/site-packages/airflow/example_dags/example_short_circuit_decorator.py
[2023-03-15T21:53:36.359-0400] {processor.py:743} INFO - Processing file /Users/admin/opt/anaconda3/envs/python-airflow-venv/lib/python3.10/site-packages/airflow/example_dags/example_short_circuit_decorator.py for tasks to queue
[2023-03-15T21:53:36.359-0400] {logging_mixin.py:137} INFO - [2023-03-15T21:53:36.359-0400] {dagbag.py:538} INFO - Filling up the DagBag from /Users/admin/opt/anaconda3/envs/python-airflow-venv/lib/python3.10/site-packages/airflow/example_dags/example_short_circuit_decorator.py
[2023-03-15T21:53:36.434-0400] {processor.py:753} INFO - DAG(s) dict_keys(['example_short_circuit_decorator']) retrieved from /Users/admin/opt/anaconda3/envs/python-airflow-venv/lib/python3.10/site-packages/airflow/example_dags/example_short_circuit_decorator.py
[2023-03-15T21:53:36.480-0400] {logging_mixin.py:137} WARNING - /Users/admin/opt/anaconda3/envs/python-airflow-venv/lib/python3.10/site-packages/airflow/jobs/scheduler_job.py:124 DeprecationWarning: The processor_poll_interval option in [scheduler] has been renamed to scheduler_idle_sleep_time - the old setting has been used, but please update your config.
[2023-03-15T21:53:37.084-0400] {logging_mixin.py:137} INFO - [2023-03-15T21:53:37.084-0400] {dag.py:2690} INFO - Sync 1 DAGs
[2023-03-15T21:53:37.100-0400] {logging_mixin.py:137} INFO - [2023-03-15T21:53:37.100-0400] {dag.py:3437} INFO - Setting next_dagrun for example_short_circuit_decorator to 2023-03-15T01:53:37.100192+00:00, run_after=2023-03-16T01:53:37.100192+00:00
[2023-03-15T21:53:37.115-0400] {processor.py:175} INFO - Processing /Users/admin/opt/anaconda3/envs/python-airflow-venv/lib/python3.10/site-packages/airflow/example_dags/example_short_circuit_decorator.py took 0.762 seconds
[2023-03-15T21:55:30.186-0400] {logging_mixin.py:137} WARNING - /Users/admin/opt/anaconda3/envs/python-airflow-venv/lib/python3.10/site-packages/airflow/settings.py:337 DeprecationWarning: The sql_alchemy_pool_enabled option in [core] has been moved to the sql_alchemy_pool_enabled option in [database] - the old setting has been used, but please update your config.
[2023-03-15T21:55:30.192-0400] {logging_mixin.py:137} WARNING - /Users/admin/opt/anaconda3/envs/python-airflow-venv/lib/python3.10/site-packages/airflow/settings.py:400 DeprecationWarning: The sql_engine_encoding option in [core] has been moved to the sql_engine_encoding option in [database] - the old setting has been used, but please update your config.
[2023-03-15T21:55:30.193-0400] {processor.py:153} INFO - Started process (PID=19729) to work on /Users/admin/opt/anaconda3/envs/python-airflow-venv/lib/python3.10/site-packages/airflow/example_dags/example_short_circuit_decorator.py
[2023-03-15T21:55:30.193-0400] {processor.py:743} INFO - Processing file /Users/admin/opt/anaconda3/envs/python-airflow-venv/lib/python3.10/site-packages/airflow/example_dags/example_short_circuit_decorator.py for tasks to queue
[2023-03-15T21:55:30.193-0400] {logging_mixin.py:137} INFO - [2023-03-15T21:55:30.193-0400] {dagbag.py:538} INFO - Filling up the DagBag from /Users/admin/opt/anaconda3/envs/python-airflow-venv/lib/python3.10/site-packages/airflow/example_dags/example_short_circuit_decorator.py
[2023-03-15T21:55:30.275-0400] {processor.py:753} INFO - DAG(s) dict_keys(['example_short_circuit_decorator']) retrieved from /Users/admin/opt/anaconda3/envs/python-airflow-venv/lib/python3.10/site-packages/airflow/example_dags/example_short_circuit_decorator.py
[2023-03-15T21:55:30.323-0400] {logging_mixin.py:137} WARNING - /Users/admin/opt/anaconda3/envs/python-airflow-venv/lib/python3.10/site-packages/airflow/jobs/scheduler_job.py:124 DeprecationWarning: The processor_poll_interval option in [scheduler] has been renamed to scheduler_idle_sleep_time - the old setting has been used, but please update your config.
[2023-03-15T21:55:30.984-0400] {logging_mixin.py:137} INFO - [2023-03-15T21:55:30.984-0400] {dag.py:2690} INFO - Sync 1 DAGs
[2023-03-15T21:55:31.000-0400] {logging_mixin.py:137} INFO - [2023-03-15T21:55:31.000-0400] {dag.py:3437} INFO - Setting next_dagrun for example_short_circuit_decorator to 2023-03-15T01:55:31.000132+00:00, run_after=2023-03-16T01:55:31.000132+00:00
[2023-03-15T21:55:31.019-0400] {processor.py:175} INFO - Processing /Users/admin/opt/anaconda3/envs/python-airflow-venv/lib/python3.10/site-packages/airflow/example_dags/example_short_circuit_decorator.py took 0.833 seconds
[2023-03-15T21:57:28.711-0400] {logging_mixin.py:137} WARNING - /Users/admin/opt/anaconda3/envs/python-airflow-venv/lib/python3.10/site-packages/airflow/settings.py:337 DeprecationWarning: The sql_alchemy_pool_enabled option in [core] has been moved to the sql_alchemy_pool_enabled option in [database] - the old setting has been used, but please update your config.
[2023-03-15T21:57:28.715-0400] {logging_mixin.py:137} WARNING - /Users/admin/opt/anaconda3/envs/python-airflow-venv/lib/python3.10/site-packages/airflow/settings.py:400 DeprecationWarning: The sql_engine_encoding option in [core] has been moved to the sql_engine_encoding option in [database] - the old setting has been used, but please update your config.
[2023-03-15T21:57:28.716-0400] {processor.py:153} INFO - Started process (PID=19783) to work on /Users/admin/opt/anaconda3/envs/python-airflow-venv/lib/python3.10/site-packages/airflow/example_dags/example_short_circuit_decorator.py
[2023-03-15T21:57:28.716-0400] {processor.py:743} INFO - Processing file /Users/admin/opt/anaconda3/envs/python-airflow-venv/lib/python3.10/site-packages/airflow/example_dags/example_short_circuit_decorator.py for tasks to queue
[2023-03-15T21:57:28.716-0400] {logging_mixin.py:137} INFO - [2023-03-15T21:57:28.716-0400] {dagbag.py:538} INFO - Filling up the DagBag from /Users/admin/opt/anaconda3/envs/python-airflow-venv/lib/python3.10/site-packages/airflow/example_dags/example_short_circuit_decorator.py
[2023-03-15T21:57:28.787-0400] {processor.py:753} INFO - DAG(s) dict_keys(['example_short_circuit_decorator']) retrieved from /Users/admin/opt/anaconda3/envs/python-airflow-venv/lib/python3.10/site-packages/airflow/example_dags/example_short_circuit_decorator.py
[2023-03-15T21:57:28.834-0400] {logging_mixin.py:137} WARNING - /Users/admin/opt/anaconda3/envs/python-airflow-venv/lib/python3.10/site-packages/airflow/jobs/scheduler_job.py:124 DeprecationWarning: The processor_poll_interval option in [scheduler] has been renamed to scheduler_idle_sleep_time - the old setting has been used, but please update your config.
[2023-03-15T21:57:29.530-0400] {logging_mixin.py:137} INFO - [2023-03-15T21:57:29.529-0400] {dag.py:2690} INFO - Sync 1 DAGs
[2023-03-15T21:57:29.546-0400] {logging_mixin.py:137} INFO - [2023-03-15T21:57:29.546-0400] {dag.py:3437} INFO - Setting next_dagrun for example_short_circuit_decorator to 2023-03-15T01:57:29.546422+00:00, run_after=2023-03-16T01:57:29.546422+00:00
[2023-03-15T21:57:29.565-0400] {processor.py:175} INFO - Processing /Users/admin/opt/anaconda3/envs/python-airflow-venv/lib/python3.10/site-packages/airflow/example_dags/example_short_circuit_decorator.py took 0.855 seconds
[2023-03-15T21:59:23.278-0400] {logging_mixin.py:137} WARNING - /Users/admin/opt/anaconda3/envs/python-airflow-venv/lib/python3.10/site-packages/airflow/settings.py:337 DeprecationWarning: The sql_alchemy_pool_enabled option in [core] has been moved to the sql_alchemy_pool_enabled option in [database] - the old setting has been used, but please update your config.
[2023-03-15T21:59:23.283-0400] {logging_mixin.py:137} WARNING - /Users/admin/opt/anaconda3/envs/python-airflow-venv/lib/python3.10/site-packages/airflow/settings.py:400 DeprecationWarning: The sql_engine_encoding option in [core] has been moved to the sql_engine_encoding option in [database] - the old setting has been used, but please update your config.
[2023-03-15T21:59:23.284-0400] {processor.py:153} INFO - Started process (PID=19842) to work on /Users/admin/opt/anaconda3/envs/python-airflow-venv/lib/python3.10/site-packages/airflow/example_dags/example_short_circuit_decorator.py
[2023-03-15T21:59:23.284-0400] {processor.py:743} INFO - Processing file /Users/admin/opt/anaconda3/envs/python-airflow-venv/lib/python3.10/site-packages/airflow/example_dags/example_short_circuit_decorator.py for tasks to queue
[2023-03-15T21:59:23.284-0400] {logging_mixin.py:137} INFO - [2023-03-15T21:59:23.284-0400] {dagbag.py:538} INFO - Filling up the DagBag from /Users/admin/opt/anaconda3/envs/python-airflow-venv/lib/python3.10/site-packages/airflow/example_dags/example_short_circuit_decorator.py
[2023-03-15T21:59:23.368-0400] {processor.py:753} INFO - DAG(s) dict_keys(['example_short_circuit_decorator']) retrieved from /Users/admin/opt/anaconda3/envs/python-airflow-venv/lib/python3.10/site-packages/airflow/example_dags/example_short_circuit_decorator.py
[2023-03-15T21:59:23.418-0400] {logging_mixin.py:137} WARNING - /Users/admin/opt/anaconda3/envs/python-airflow-venv/lib/python3.10/site-packages/airflow/jobs/scheduler_job.py:124 DeprecationWarning: The processor_poll_interval option in [scheduler] has been renamed to scheduler_idle_sleep_time - the old setting has been used, but please update your config.
[2023-03-15T21:59:24.077-0400] {logging_mixin.py:137} INFO - [2023-03-15T21:59:24.076-0400] {dag.py:2690} INFO - Sync 1 DAGs
[2023-03-15T21:59:24.093-0400] {logging_mixin.py:137} INFO - [2023-03-15T21:59:24.093-0400] {dag.py:3437} INFO - Setting next_dagrun for example_short_circuit_decorator to 2023-03-15T01:59:24.093219+00:00, run_after=2023-03-16T01:59:24.093219+00:00
[2023-03-15T21:59:24.113-0400] {processor.py:175} INFO - Processing /Users/admin/opt/anaconda3/envs/python-airflow-venv/lib/python3.10/site-packages/airflow/example_dags/example_short_circuit_decorator.py took 0.835 seconds
[2023-03-15T22:03:38.511-0400] {logging_mixin.py:137} WARNING - /Users/admin/opt/anaconda3/envs/python-airflow-venv/lib/python3.10/site-packages/airflow/settings.py:337 DeprecationWarning: The sql_alchemy_pool_enabled option in [core] has been moved to the sql_alchemy_pool_enabled option in [database] - the old setting has been used, but please update your config.
[2023-03-15T22:03:38.515-0400] {logging_mixin.py:137} WARNING - /Users/admin/opt/anaconda3/envs/python-airflow-venv/lib/python3.10/site-packages/airflow/settings.py:400 DeprecationWarning: The sql_engine_encoding option in [core] has been moved to the sql_engine_encoding option in [database] - the old setting has been used, but please update your config.
[2023-03-15T22:03:38.516-0400] {processor.py:153} INFO - Started process (PID=19904) to work on /Users/admin/opt/anaconda3/envs/python-airflow-venv/lib/python3.10/site-packages/airflow/example_dags/example_short_circuit_decorator.py
[2023-03-15T22:03:38.516-0400] {processor.py:743} INFO - Processing file /Users/admin/opt/anaconda3/envs/python-airflow-venv/lib/python3.10/site-packages/airflow/example_dags/example_short_circuit_decorator.py for tasks to queue
[2023-03-15T22:03:38.516-0400] {logging_mixin.py:137} INFO - [2023-03-15T22:03:38.516-0400] {dagbag.py:538} INFO - Filling up the DagBag from /Users/admin/opt/anaconda3/envs/python-airflow-venv/lib/python3.10/site-packages/airflow/example_dags/example_short_circuit_decorator.py
[2023-03-15T22:03:38.597-0400] {processor.py:753} INFO - DAG(s) dict_keys(['example_short_circuit_decorator']) retrieved from /Users/admin/opt/anaconda3/envs/python-airflow-venv/lib/python3.10/site-packages/airflow/example_dags/example_short_circuit_decorator.py
[2023-03-15T22:03:38.649-0400] {logging_mixin.py:137} WARNING - /Users/admin/opt/anaconda3/envs/python-airflow-venv/lib/python3.10/site-packages/airflow/jobs/scheduler_job.py:124 DeprecationWarning: The processor_poll_interval option in [scheduler] has been renamed to scheduler_idle_sleep_time - the old setting has been used, but please update your config.
[2023-03-15T22:03:39.357-0400] {logging_mixin.py:137} INFO - [2023-03-15T22:03:39.356-0400] {dag.py:2690} INFO - Sync 1 DAGs
[2023-03-15T22:03:39.374-0400] {logging_mixin.py:137} INFO - [2023-03-15T22:03:39.374-0400] {dag.py:3437} INFO - Setting next_dagrun for example_short_circuit_decorator to 2023-03-15T02:03:39.374246+00:00, run_after=2023-03-16T02:03:39.374246+00:00
[2023-03-15T22:03:39.398-0400] {processor.py:175} INFO - Processing /Users/admin/opt/anaconda3/envs/python-airflow-venv/lib/python3.10/site-packages/airflow/example_dags/example_short_circuit_decorator.py took 0.888 seconds
[2023-03-15T22:05:35.902-0400] {logging_mixin.py:137} WARNING - /Users/admin/opt/anaconda3/envs/python-airflow-venv/lib/python3.10/site-packages/airflow/settings.py:337 DeprecationWarning: The sql_alchemy_pool_enabled option in [core] has been moved to the sql_alchemy_pool_enabled option in [database] - the old setting has been used, but please update your config.
[2023-03-15T22:05:35.907-0400] {logging_mixin.py:137} WARNING - /Users/admin/opt/anaconda3/envs/python-airflow-venv/lib/python3.10/site-packages/airflow/settings.py:400 DeprecationWarning: The sql_engine_encoding option in [core] has been moved to the sql_engine_encoding option in [database] - the old setting has been used, but please update your config.
[2023-03-15T22:05:35.907-0400] {processor.py:153} INFO - Started process (PID=19956) to work on /Users/admin/opt/anaconda3/envs/python-airflow-venv/lib/python3.10/site-packages/airflow/example_dags/example_short_circuit_decorator.py
[2023-03-15T22:05:35.908-0400] {processor.py:743} INFO - Processing file /Users/admin/opt/anaconda3/envs/python-airflow-venv/lib/python3.10/site-packages/airflow/example_dags/example_short_circuit_decorator.py for tasks to queue
[2023-03-15T22:05:35.908-0400] {logging_mixin.py:137} INFO - [2023-03-15T22:05:35.908-0400] {dagbag.py:538} INFO - Filling up the DagBag from /Users/admin/opt/anaconda3/envs/python-airflow-venv/lib/python3.10/site-packages/airflow/example_dags/example_short_circuit_decorator.py
[2023-03-15T22:05:35.977-0400] {processor.py:753} INFO - DAG(s) dict_keys(['example_short_circuit_decorator']) retrieved from /Users/admin/opt/anaconda3/envs/python-airflow-venv/lib/python3.10/site-packages/airflow/example_dags/example_short_circuit_decorator.py
[2023-03-15T22:05:36.020-0400] {logging_mixin.py:137} WARNING - /Users/admin/opt/anaconda3/envs/python-airflow-venv/lib/python3.10/site-packages/airflow/jobs/scheduler_job.py:124 DeprecationWarning: The processor_poll_interval option in [scheduler] has been renamed to scheduler_idle_sleep_time - the old setting has been used, but please update your config.
[2023-03-15T22:05:36.630-0400] {logging_mixin.py:137} INFO - [2023-03-15T22:05:36.630-0400] {dag.py:2690} INFO - Sync 1 DAGs
[2023-03-15T22:05:36.645-0400] {logging_mixin.py:137} INFO - [2023-03-15T22:05:36.645-0400] {dag.py:3437} INFO - Setting next_dagrun for example_short_circuit_decorator to 2023-03-15T02:05:36.645699+00:00, run_after=2023-03-16T02:05:36.645699+00:00
[2023-03-15T22:05:36.665-0400] {processor.py:175} INFO - Processing /Users/admin/opt/anaconda3/envs/python-airflow-venv/lib/python3.10/site-packages/airflow/example_dags/example_short_circuit_decorator.py took 0.763 seconds
[2023-03-15T22:07:44.032-0400] {logging_mixin.py:137} WARNING - /Users/admin/opt/anaconda3/envs/python-airflow-venv/lib/python3.10/site-packages/airflow/settings.py:337 DeprecationWarning: The sql_alchemy_pool_enabled option in [core] has been moved to the sql_alchemy_pool_enabled option in [database] - the old setting has been used, but please update your config.
[2023-03-15T22:07:44.039-0400] {logging_mixin.py:137} WARNING - /Users/admin/opt/anaconda3/envs/python-airflow-venv/lib/python3.10/site-packages/airflow/settings.py:400 DeprecationWarning: The sql_engine_encoding option in [core] has been moved to the sql_engine_encoding option in [database] - the old setting has been used, but please update your config.
[2023-03-15T22:07:44.040-0400] {processor.py:153} INFO - Started process (PID=20013) to work on /Users/admin/opt/anaconda3/envs/python-airflow-venv/lib/python3.10/site-packages/airflow/example_dags/example_short_circuit_decorator.py
[2023-03-15T22:07:44.040-0400] {processor.py:743} INFO - Processing file /Users/admin/opt/anaconda3/envs/python-airflow-venv/lib/python3.10/site-packages/airflow/example_dags/example_short_circuit_decorator.py for tasks to queue
[2023-03-15T22:07:44.040-0400] {logging_mixin.py:137} INFO - [2023-03-15T22:07:44.040-0400] {dagbag.py:538} INFO - Filling up the DagBag from /Users/admin/opt/anaconda3/envs/python-airflow-venv/lib/python3.10/site-packages/airflow/example_dags/example_short_circuit_decorator.py
[2023-03-15T22:07:44.135-0400] {processor.py:753} INFO - DAG(s) dict_keys(['example_short_circuit_decorator']) retrieved from /Users/admin/opt/anaconda3/envs/python-airflow-venv/lib/python3.10/site-packages/airflow/example_dags/example_short_circuit_decorator.py
[2023-03-15T22:07:44.184-0400] {logging_mixin.py:137} WARNING - /Users/admin/opt/anaconda3/envs/python-airflow-venv/lib/python3.10/site-packages/airflow/jobs/scheduler_job.py:124 DeprecationWarning: The processor_poll_interval option in [scheduler] has been renamed to scheduler_idle_sleep_time - the old setting has been used, but please update your config.
[2023-03-15T22:07:44.848-0400] {logging_mixin.py:137} INFO - [2023-03-15T22:07:44.848-0400] {dag.py:2690} INFO - Sync 1 DAGs
[2023-03-15T22:07:44.863-0400] {logging_mixin.py:137} INFO - [2023-03-15T22:07:44.862-0400] {dag.py:3437} INFO - Setting next_dagrun for example_short_circuit_decorator to 2023-03-15T02:07:44.862778+00:00, run_after=2023-03-16T02:07:44.862778+00:00
[2023-03-15T22:07:44.884-0400] {processor.py:175} INFO - Processing /Users/admin/opt/anaconda3/envs/python-airflow-venv/lib/python3.10/site-packages/airflow/example_dags/example_short_circuit_decorator.py took 0.853 seconds
