[2023-03-15T21:23:24.601-0400] {logging_mixin.py:137} WARNING - /Users/admin/opt/anaconda3/envs/python-airflow-venv/lib/python3.10/site-packages/airflow/settings.py:337 DeprecationWarning: The sql_alchemy_pool_enabled option in [core] has been moved to the sql_alchemy_pool_enabled option in [database] - the old setting has been used, but please update your config.
[2023-03-15T21:23:24.606-0400] {logging_mixin.py:137} WARNING - /Users/admin/opt/anaconda3/envs/python-airflow-venv/lib/python3.10/site-packages/airflow/settings.py:400 DeprecationWarning: The sql_engine_encoding option in [core] has been moved to the sql_engine_encoding option in [database] - the old setting has been used, but please update your config.
[2023-03-15T21:23:24.606-0400] {processor.py:153} INFO - Started process (PID=16850) to work on /Users/admin/opt/anaconda3/envs/python-airflow-venv/lib/python3.10/site-packages/airflow/example_dags/example_skip_dag.py
[2023-03-15T21:23:24.607-0400] {processor.py:743} INFO - Processing file /Users/admin/opt/anaconda3/envs/python-airflow-venv/lib/python3.10/site-packages/airflow/example_dags/example_skip_dag.py for tasks to queue
[2023-03-15T21:23:24.607-0400] {logging_mixin.py:137} INFO - [2023-03-15T21:23:24.607-0400] {dagbag.py:538} INFO - Filling up the DagBag from /Users/admin/opt/anaconda3/envs/python-airflow-venv/lib/python3.10/site-packages/airflow/example_dags/example_skip_dag.py
[2023-03-15T21:23:24.664-0400] {processor.py:753} INFO - DAG(s) dict_keys(['example_skip_dag']) retrieved from /Users/admin/opt/anaconda3/envs/python-airflow-venv/lib/python3.10/site-packages/airflow/example_dags/example_skip_dag.py
[2023-03-15T21:23:24.720-0400] {logging_mixin.py:137} WARNING - /Users/admin/opt/anaconda3/envs/python-airflow-venv/lib/python3.10/site-packages/airflow/jobs/scheduler_job.py:124 DeprecationWarning: The processor_poll_interval option in [scheduler] has been renamed to scheduler_idle_sleep_time - the old setting has been used, but please update your config.
[2023-03-15T21:23:25.319-0400] {logging_mixin.py:137} INFO - [2023-03-15T21:23:25.319-0400] {dag.py:2690} INFO - Sync 1 DAGs
[2023-03-15T21:23:25.334-0400] {logging_mixin.py:137} INFO - [2023-03-15T21:23:25.334-0400] {dag.py:3437} INFO - Setting next_dagrun for example_skip_dag to 2023-03-15T01:23:25.334321+00:00, run_after=2023-03-16T01:23:25.334321+00:00
[2023-03-15T21:23:25.353-0400] {processor.py:175} INFO - Processing /Users/admin/opt/anaconda3/envs/python-airflow-venv/lib/python3.10/site-packages/airflow/example_dags/example_skip_dag.py took 0.752 seconds
[2023-03-15T21:25:23.198-0400] {logging_mixin.py:137} WARNING - /Users/admin/opt/anaconda3/envs/python-airflow-venv/lib/python3.10/site-packages/airflow/settings.py:337 DeprecationWarning: The sql_alchemy_pool_enabled option in [core] has been moved to the sql_alchemy_pool_enabled option in [database] - the old setting has been used, but please update your config.
[2023-03-15T21:25:23.203-0400] {logging_mixin.py:137} WARNING - /Users/admin/opt/anaconda3/envs/python-airflow-venv/lib/python3.10/site-packages/airflow/settings.py:400 DeprecationWarning: The sql_engine_encoding option in [core] has been moved to the sql_engine_encoding option in [database] - the old setting has been used, but please update your config.
[2023-03-15T21:25:23.203-0400] {processor.py:153} INFO - Started process (PID=17000) to work on /Users/admin/opt/anaconda3/envs/python-airflow-venv/lib/python3.10/site-packages/airflow/example_dags/example_skip_dag.py
[2023-03-15T21:25:23.204-0400] {processor.py:743} INFO - Processing file /Users/admin/opt/anaconda3/envs/python-airflow-venv/lib/python3.10/site-packages/airflow/example_dags/example_skip_dag.py for tasks to queue
[2023-03-15T21:25:23.204-0400] {logging_mixin.py:137} INFO - [2023-03-15T21:25:23.204-0400] {dagbag.py:538} INFO - Filling up the DagBag from /Users/admin/opt/anaconda3/envs/python-airflow-venv/lib/python3.10/site-packages/airflow/example_dags/example_skip_dag.py
[2023-03-15T21:25:23.258-0400] {processor.py:753} INFO - DAG(s) dict_keys(['example_skip_dag']) retrieved from /Users/admin/opt/anaconda3/envs/python-airflow-venv/lib/python3.10/site-packages/airflow/example_dags/example_skip_dag.py
[2023-03-15T21:25:23.315-0400] {logging_mixin.py:137} WARNING - /Users/admin/opt/anaconda3/envs/python-airflow-venv/lib/python3.10/site-packages/airflow/jobs/scheduler_job.py:124 DeprecationWarning: The processor_poll_interval option in [scheduler] has been renamed to scheduler_idle_sleep_time - the old setting has been used, but please update your config.
[2023-03-15T21:25:23.927-0400] {logging_mixin.py:137} INFO - [2023-03-15T21:25:23.926-0400] {dag.py:2690} INFO - Sync 1 DAGs
[2023-03-15T21:25:23.942-0400] {logging_mixin.py:137} INFO - [2023-03-15T21:25:23.942-0400] {dag.py:3437} INFO - Setting next_dagrun for example_skip_dag to 2023-03-15T01:25:23.941959+00:00, run_after=2023-03-16T01:25:23.941959+00:00
[2023-03-15T21:25:23.960-0400] {processor.py:175} INFO - Processing /Users/admin/opt/anaconda3/envs/python-airflow-venv/lib/python3.10/site-packages/airflow/example_dags/example_skip_dag.py took 0.763 seconds
[2023-03-15T21:27:19.641-0400] {logging_mixin.py:137} WARNING - /Users/admin/opt/anaconda3/envs/python-airflow-venv/lib/python3.10/site-packages/airflow/settings.py:337 DeprecationWarning: The sql_alchemy_pool_enabled option in [core] has been moved to the sql_alchemy_pool_enabled option in [database] - the old setting has been used, but please update your config.
[2023-03-15T21:27:19.645-0400] {logging_mixin.py:137} WARNING - /Users/admin/opt/anaconda3/envs/python-airflow-venv/lib/python3.10/site-packages/airflow/settings.py:400 DeprecationWarning: The sql_engine_encoding option in [core] has been moved to the sql_engine_encoding option in [database] - the old setting has been used, but please update your config.
[2023-03-15T21:27:19.646-0400] {processor.py:153} INFO - Started process (PID=17093) to work on /Users/admin/opt/anaconda3/envs/python-airflow-venv/lib/python3.10/site-packages/airflow/example_dags/example_skip_dag.py
[2023-03-15T21:27:19.646-0400] {processor.py:743} INFO - Processing file /Users/admin/opt/anaconda3/envs/python-airflow-venv/lib/python3.10/site-packages/airflow/example_dags/example_skip_dag.py for tasks to queue
[2023-03-15T21:27:19.646-0400] {logging_mixin.py:137} INFO - [2023-03-15T21:27:19.646-0400] {dagbag.py:538} INFO - Filling up the DagBag from /Users/admin/opt/anaconda3/envs/python-airflow-venv/lib/python3.10/site-packages/airflow/example_dags/example_skip_dag.py
[2023-03-15T21:27:19.697-0400] {processor.py:753} INFO - DAG(s) dict_keys(['example_skip_dag']) retrieved from /Users/admin/opt/anaconda3/envs/python-airflow-venv/lib/python3.10/site-packages/airflow/example_dags/example_skip_dag.py
[2023-03-15T21:27:19.758-0400] {logging_mixin.py:137} WARNING - /Users/admin/opt/anaconda3/envs/python-airflow-venv/lib/python3.10/site-packages/airflow/jobs/scheduler_job.py:124 DeprecationWarning: The processor_poll_interval option in [scheduler] has been renamed to scheduler_idle_sleep_time - the old setting has been used, but please update your config.
[2023-03-15T21:27:20.428-0400] {logging_mixin.py:137} INFO - [2023-03-15T21:27:20.427-0400] {dag.py:2690} INFO - Sync 1 DAGs
[2023-03-15T21:27:20.443-0400] {logging_mixin.py:137} INFO - [2023-03-15T21:27:20.443-0400] {dag.py:3437} INFO - Setting next_dagrun for example_skip_dag to 2023-03-15T01:27:20.443134+00:00, run_after=2023-03-16T01:27:20.443134+00:00
[2023-03-15T21:27:20.463-0400] {processor.py:175} INFO - Processing /Users/admin/opt/anaconda3/envs/python-airflow-venv/lib/python3.10/site-packages/airflow/example_dags/example_skip_dag.py took 0.823 seconds
[2023-03-15T21:29:16.057-0400] {logging_mixin.py:137} WARNING - /Users/admin/opt/anaconda3/envs/python-airflow-venv/lib/python3.10/site-packages/airflow/settings.py:337 DeprecationWarning: The sql_alchemy_pool_enabled option in [core] has been moved to the sql_alchemy_pool_enabled option in [database] - the old setting has been used, but please update your config.
[2023-03-15T21:29:16.062-0400] {logging_mixin.py:137} WARNING - /Users/admin/opt/anaconda3/envs/python-airflow-venv/lib/python3.10/site-packages/airflow/settings.py:400 DeprecationWarning: The sql_engine_encoding option in [core] has been moved to the sql_engine_encoding option in [database] - the old setting has been used, but please update your config.
[2023-03-15T21:29:16.063-0400] {processor.py:153} INFO - Started process (PID=17192) to work on /Users/admin/opt/anaconda3/envs/python-airflow-venv/lib/python3.10/site-packages/airflow/example_dags/example_skip_dag.py
[2023-03-15T21:29:16.063-0400] {processor.py:743} INFO - Processing file /Users/admin/opt/anaconda3/envs/python-airflow-venv/lib/python3.10/site-packages/airflow/example_dags/example_skip_dag.py for tasks to queue
[2023-03-15T21:29:16.064-0400] {logging_mixin.py:137} INFO - [2023-03-15T21:29:16.064-0400] {dagbag.py:538} INFO - Filling up the DagBag from /Users/admin/opt/anaconda3/envs/python-airflow-venv/lib/python3.10/site-packages/airflow/example_dags/example_skip_dag.py
[2023-03-15T21:29:16.121-0400] {processor.py:753} INFO - DAG(s) dict_keys(['example_skip_dag']) retrieved from /Users/admin/opt/anaconda3/envs/python-airflow-venv/lib/python3.10/site-packages/airflow/example_dags/example_skip_dag.py
[2023-03-15T21:29:16.196-0400] {logging_mixin.py:137} WARNING - /Users/admin/opt/anaconda3/envs/python-airflow-venv/lib/python3.10/site-packages/airflow/jobs/scheduler_job.py:124 DeprecationWarning: The processor_poll_interval option in [scheduler] has been renamed to scheduler_idle_sleep_time - the old setting has been used, but please update your config.
[2023-03-15T21:29:16.867-0400] {logging_mixin.py:137} INFO - [2023-03-15T21:29:16.867-0400] {dag.py:2690} INFO - Sync 1 DAGs
[2023-03-15T21:29:16.882-0400] {logging_mixin.py:137} INFO - [2023-03-15T21:29:16.882-0400] {dag.py:3437} INFO - Setting next_dagrun for example_skip_dag to 2023-03-15T01:29:16.882545+00:00, run_after=2023-03-16T01:29:16.882545+00:00
[2023-03-15T21:29:16.901-0400] {processor.py:175} INFO - Processing /Users/admin/opt/anaconda3/envs/python-airflow-venv/lib/python3.10/site-packages/airflow/example_dags/example_skip_dag.py took 0.844 seconds
[2023-03-15T21:31:06.844-0400] {logging_mixin.py:137} WARNING - /Users/admin/opt/anaconda3/envs/python-airflow-venv/lib/python3.10/site-packages/airflow/settings.py:337 DeprecationWarning: The sql_alchemy_pool_enabled option in [core] has been moved to the sql_alchemy_pool_enabled option in [database] - the old setting has been used, but please update your config.
[2023-03-15T21:31:06.849-0400] {logging_mixin.py:137} WARNING - /Users/admin/opt/anaconda3/envs/python-airflow-venv/lib/python3.10/site-packages/airflow/settings.py:400 DeprecationWarning: The sql_engine_encoding option in [core] has been moved to the sql_engine_encoding option in [database] - the old setting has been used, but please update your config.
[2023-03-15T21:31:06.850-0400] {processor.py:153} INFO - Started process (PID=18964) to work on /Users/admin/opt/anaconda3/envs/python-airflow-venv/lib/python3.10/site-packages/airflow/example_dags/example_skip_dag.py
[2023-03-15T21:31:06.850-0400] {processor.py:743} INFO - Processing file /Users/admin/opt/anaconda3/envs/python-airflow-venv/lib/python3.10/site-packages/airflow/example_dags/example_skip_dag.py for tasks to queue
[2023-03-15T21:31:06.850-0400] {logging_mixin.py:137} INFO - [2023-03-15T21:31:06.850-0400] {dagbag.py:538} INFO - Filling up the DagBag from /Users/admin/opt/anaconda3/envs/python-airflow-venv/lib/python3.10/site-packages/airflow/example_dags/example_skip_dag.py
[2023-03-15T21:31:06.902-0400] {processor.py:753} INFO - DAG(s) dict_keys(['example_skip_dag']) retrieved from /Users/admin/opt/anaconda3/envs/python-airflow-venv/lib/python3.10/site-packages/airflow/example_dags/example_skip_dag.py
[2023-03-15T21:31:06.958-0400] {logging_mixin.py:137} WARNING - /Users/admin/opt/anaconda3/envs/python-airflow-venv/lib/python3.10/site-packages/airflow/jobs/scheduler_job.py:124 DeprecationWarning: The processor_poll_interval option in [scheduler] has been renamed to scheduler_idle_sleep_time - the old setting has been used, but please update your config.
[2023-03-15T21:31:07.561-0400] {logging_mixin.py:137} INFO - [2023-03-15T21:31:07.561-0400] {dag.py:2690} INFO - Sync 1 DAGs
[2023-03-15T21:31:07.576-0400] {logging_mixin.py:137} INFO - [2023-03-15T21:31:07.576-0400] {dag.py:3437} INFO - Setting next_dagrun for example_skip_dag to 2023-03-15T01:31:07.575973+00:00, run_after=2023-03-16T01:31:07.575973+00:00
[2023-03-15T21:31:07.594-0400] {processor.py:175} INFO - Processing /Users/admin/opt/anaconda3/envs/python-airflow-venv/lib/python3.10/site-packages/airflow/example_dags/example_skip_dag.py took 0.751 seconds
[2023-03-15T21:33:05.149-0400] {logging_mixin.py:137} WARNING - /Users/admin/opt/anaconda3/envs/python-airflow-venv/lib/python3.10/site-packages/airflow/settings.py:337 DeprecationWarning: The sql_alchemy_pool_enabled option in [core] has been moved to the sql_alchemy_pool_enabled option in [database] - the old setting has been used, but please update your config.
[2023-03-15T21:33:05.154-0400] {logging_mixin.py:137} WARNING - /Users/admin/opt/anaconda3/envs/python-airflow-venv/lib/python3.10/site-packages/airflow/settings.py:400 DeprecationWarning: The sql_engine_encoding option in [core] has been moved to the sql_engine_encoding option in [database] - the old setting has been used, but please update your config.
[2023-03-15T21:33:05.154-0400] {processor.py:153} INFO - Started process (PID=19029) to work on /Users/admin/opt/anaconda3/envs/python-airflow-venv/lib/python3.10/site-packages/airflow/example_dags/example_skip_dag.py
[2023-03-15T21:33:05.155-0400] {processor.py:743} INFO - Processing file /Users/admin/opt/anaconda3/envs/python-airflow-venv/lib/python3.10/site-packages/airflow/example_dags/example_skip_dag.py for tasks to queue
[2023-03-15T21:33:05.155-0400] {logging_mixin.py:137} INFO - [2023-03-15T21:33:05.155-0400] {dagbag.py:538} INFO - Filling up the DagBag from /Users/admin/opt/anaconda3/envs/python-airflow-venv/lib/python3.10/site-packages/airflow/example_dags/example_skip_dag.py
[2023-03-15T21:33:05.210-0400] {processor.py:753} INFO - DAG(s) dict_keys(['example_skip_dag']) retrieved from /Users/admin/opt/anaconda3/envs/python-airflow-venv/lib/python3.10/site-packages/airflow/example_dags/example_skip_dag.py
[2023-03-15T21:33:05.275-0400] {logging_mixin.py:137} WARNING - /Users/admin/opt/anaconda3/envs/python-airflow-venv/lib/python3.10/site-packages/airflow/jobs/scheduler_job.py:124 DeprecationWarning: The processor_poll_interval option in [scheduler] has been renamed to scheduler_idle_sleep_time - the old setting has been used, but please update your config.
[2023-03-15T21:33:05.920-0400] {logging_mixin.py:137} INFO - [2023-03-15T21:33:05.919-0400] {dag.py:2690} INFO - Sync 1 DAGs
[2023-03-15T21:33:05.935-0400] {logging_mixin.py:137} INFO - [2023-03-15T21:33:05.935-0400] {dag.py:3437} INFO - Setting next_dagrun for example_skip_dag to 2023-03-15T01:33:05.934975+00:00, run_after=2023-03-16T01:33:05.934975+00:00
[2023-03-15T21:33:05.953-0400] {processor.py:175} INFO - Processing /Users/admin/opt/anaconda3/envs/python-airflow-venv/lib/python3.10/site-packages/airflow/example_dags/example_skip_dag.py took 0.805 seconds
[2023-03-15T21:35:00.631-0400] {logging_mixin.py:137} WARNING - /Users/admin/opt/anaconda3/envs/python-airflow-venv/lib/python3.10/site-packages/airflow/settings.py:337 DeprecationWarning: The sql_alchemy_pool_enabled option in [core] has been moved to the sql_alchemy_pool_enabled option in [database] - the old setting has been used, but please update your config.
[2023-03-15T21:35:00.635-0400] {logging_mixin.py:137} WARNING - /Users/admin/opt/anaconda3/envs/python-airflow-venv/lib/python3.10/site-packages/airflow/settings.py:400 DeprecationWarning: The sql_engine_encoding option in [core] has been moved to the sql_engine_encoding option in [database] - the old setting has been used, but please update your config.
[2023-03-15T21:35:00.636-0400] {processor.py:153} INFO - Started process (PID=19080) to work on /Users/admin/opt/anaconda3/envs/python-airflow-venv/lib/python3.10/site-packages/airflow/example_dags/example_skip_dag.py
[2023-03-15T21:35:00.636-0400] {processor.py:743} INFO - Processing file /Users/admin/opt/anaconda3/envs/python-airflow-venv/lib/python3.10/site-packages/airflow/example_dags/example_skip_dag.py for tasks to queue
[2023-03-15T21:35:00.636-0400] {logging_mixin.py:137} INFO - [2023-03-15T21:35:00.636-0400] {dagbag.py:538} INFO - Filling up the DagBag from /Users/admin/opt/anaconda3/envs/python-airflow-venv/lib/python3.10/site-packages/airflow/example_dags/example_skip_dag.py
[2023-03-15T21:35:00.687-0400] {processor.py:753} INFO - DAG(s) dict_keys(['example_skip_dag']) retrieved from /Users/admin/opt/anaconda3/envs/python-airflow-venv/lib/python3.10/site-packages/airflow/example_dags/example_skip_dag.py
[2023-03-15T21:35:00.742-0400] {logging_mixin.py:137} WARNING - /Users/admin/opt/anaconda3/envs/python-airflow-venv/lib/python3.10/site-packages/airflow/jobs/scheduler_job.py:124 DeprecationWarning: The processor_poll_interval option in [scheduler] has been renamed to scheduler_idle_sleep_time - the old setting has been used, but please update your config.
[2023-03-15T21:35:01.341-0400] {logging_mixin.py:137} INFO - [2023-03-15T21:35:01.340-0400] {dag.py:2690} INFO - Sync 1 DAGs
[2023-03-15T21:35:01.355-0400] {logging_mixin.py:137} INFO - [2023-03-15T21:35:01.355-0400] {dag.py:3437} INFO - Setting next_dagrun for example_skip_dag to 2023-03-15T01:35:01.355492+00:00, run_after=2023-03-16T01:35:01.355492+00:00
[2023-03-15T21:35:01.378-0400] {processor.py:175} INFO - Processing /Users/admin/opt/anaconda3/envs/python-airflow-venv/lib/python3.10/site-packages/airflow/example_dags/example_skip_dag.py took 0.748 seconds
[2023-03-15T21:37:01.754-0400] {logging_mixin.py:137} WARNING - /Users/admin/opt/anaconda3/envs/python-airflow-venv/lib/python3.10/site-packages/airflow/settings.py:337 DeprecationWarning: The sql_alchemy_pool_enabled option in [core] has been moved to the sql_alchemy_pool_enabled option in [database] - the old setting has been used, but please update your config.
[2023-03-15T21:37:01.760-0400] {logging_mixin.py:137} WARNING - /Users/admin/opt/anaconda3/envs/python-airflow-venv/lib/python3.10/site-packages/airflow/settings.py:400 DeprecationWarning: The sql_engine_encoding option in [core] has been moved to the sql_engine_encoding option in [database] - the old setting has been used, but please update your config.
[2023-03-15T21:37:01.760-0400] {processor.py:153} INFO - Started process (PID=19157) to work on /Users/admin/opt/anaconda3/envs/python-airflow-venv/lib/python3.10/site-packages/airflow/example_dags/example_skip_dag.py
[2023-03-15T21:37:01.761-0400] {processor.py:743} INFO - Processing file /Users/admin/opt/anaconda3/envs/python-airflow-venv/lib/python3.10/site-packages/airflow/example_dags/example_skip_dag.py for tasks to queue
[2023-03-15T21:37:01.761-0400] {logging_mixin.py:137} INFO - [2023-03-15T21:37:01.761-0400] {dagbag.py:538} INFO - Filling up the DagBag from /Users/admin/opt/anaconda3/envs/python-airflow-venv/lib/python3.10/site-packages/airflow/example_dags/example_skip_dag.py
[2023-03-15T21:37:01.814-0400] {processor.py:753} INFO - DAG(s) dict_keys(['example_skip_dag']) retrieved from /Users/admin/opt/anaconda3/envs/python-airflow-venv/lib/python3.10/site-packages/airflow/example_dags/example_skip_dag.py
[2023-03-15T21:37:01.896-0400] {logging_mixin.py:137} WARNING - /Users/admin/opt/anaconda3/envs/python-airflow-venv/lib/python3.10/site-packages/airflow/jobs/scheduler_job.py:124 DeprecationWarning: The processor_poll_interval option in [scheduler] has been renamed to scheduler_idle_sleep_time - the old setting has been used, but please update your config.
[2023-03-15T21:37:02.656-0400] {logging_mixin.py:137} INFO - [2023-03-15T21:37:02.656-0400] {dag.py:2690} INFO - Sync 1 DAGs
[2023-03-15T21:37:02.672-0400] {logging_mixin.py:137} INFO - [2023-03-15T21:37:02.672-0400] {dag.py:3437} INFO - Setting next_dagrun for example_skip_dag to 2023-03-15T01:37:02.671974+00:00, run_after=2023-03-16T01:37:02.671974+00:00
[2023-03-15T21:37:02.688-0400] {processor.py:175} INFO - Processing /Users/admin/opt/anaconda3/envs/python-airflow-venv/lib/python3.10/site-packages/airflow/example_dags/example_skip_dag.py took 0.936 seconds
[2023-03-15T21:39:07.437-0400] {logging_mixin.py:137} WARNING - /Users/admin/opt/anaconda3/envs/python-airflow-venv/lib/python3.10/site-packages/airflow/settings.py:337 DeprecationWarning: The sql_alchemy_pool_enabled option in [core] has been moved to the sql_alchemy_pool_enabled option in [database] - the old setting has been used, but please update your config.
[2023-03-15T21:39:07.443-0400] {logging_mixin.py:137} WARNING - /Users/admin/opt/anaconda3/envs/python-airflow-venv/lib/python3.10/site-packages/airflow/settings.py:400 DeprecationWarning: The sql_engine_encoding option in [core] has been moved to the sql_engine_encoding option in [database] - the old setting has been used, but please update your config.
[2023-03-15T21:39:07.444-0400] {processor.py:153} INFO - Started process (PID=19257) to work on /Users/admin/opt/anaconda3/envs/python-airflow-venv/lib/python3.10/site-packages/airflow/example_dags/example_skip_dag.py
[2023-03-15T21:39:07.445-0400] {processor.py:743} INFO - Processing file /Users/admin/opt/anaconda3/envs/python-airflow-venv/lib/python3.10/site-packages/airflow/example_dags/example_skip_dag.py for tasks to queue
[2023-03-15T21:39:07.445-0400] {logging_mixin.py:137} INFO - [2023-03-15T21:39:07.445-0400] {dagbag.py:538} INFO - Filling up the DagBag from /Users/admin/opt/anaconda3/envs/python-airflow-venv/lib/python3.10/site-packages/airflow/example_dags/example_skip_dag.py
[2023-03-15T21:39:07.505-0400] {processor.py:753} INFO - DAG(s) dict_keys(['example_skip_dag']) retrieved from /Users/admin/opt/anaconda3/envs/python-airflow-venv/lib/python3.10/site-packages/airflow/example_dags/example_skip_dag.py
[2023-03-15T21:39:07.572-0400] {logging_mixin.py:137} WARNING - /Users/admin/opt/anaconda3/envs/python-airflow-venv/lib/python3.10/site-packages/airflow/jobs/scheduler_job.py:124 DeprecationWarning: The processor_poll_interval option in [scheduler] has been renamed to scheduler_idle_sleep_time - the old setting has been used, but please update your config.
[2023-03-15T21:39:08.532-0400] {logging_mixin.py:137} INFO - [2023-03-15T21:39:08.531-0400] {dag.py:2690} INFO - Sync 1 DAGs
[2023-03-15T21:39:08.548-0400] {logging_mixin.py:137} INFO - [2023-03-15T21:39:08.548-0400] {dag.py:3437} INFO - Setting next_dagrun for example_skip_dag to 2023-03-15T01:39:08.548672+00:00, run_after=2023-03-16T01:39:08.548672+00:00
[2023-03-15T21:39:08.566-0400] {processor.py:175} INFO - Processing /Users/admin/opt/anaconda3/envs/python-airflow-venv/lib/python3.10/site-packages/airflow/example_dags/example_skip_dag.py took 1.130 seconds
[2023-03-15T21:41:32.322-0400] {logging_mixin.py:137} WARNING - /Users/admin/opt/anaconda3/envs/python-airflow-venv/lib/python3.10/site-packages/airflow/settings.py:337 DeprecationWarning: The sql_alchemy_pool_enabled option in [core] has been moved to the sql_alchemy_pool_enabled option in [database] - the old setting has been used, but please update your config.
[2023-03-15T21:41:32.329-0400] {logging_mixin.py:137} WARNING - /Users/admin/opt/anaconda3/envs/python-airflow-venv/lib/python3.10/site-packages/airflow/settings.py:400 DeprecationWarning: The sql_engine_encoding option in [core] has been moved to the sql_engine_encoding option in [database] - the old setting has been used, but please update your config.
[2023-03-15T21:41:32.330-0400] {processor.py:153} INFO - Started process (PID=19315) to work on /Users/admin/opt/anaconda3/envs/python-airflow-venv/lib/python3.10/site-packages/airflow/example_dags/example_skip_dag.py
[2023-03-15T21:41:32.331-0400] {processor.py:743} INFO - Processing file /Users/admin/opt/anaconda3/envs/python-airflow-venv/lib/python3.10/site-packages/airflow/example_dags/example_skip_dag.py for tasks to queue
[2023-03-15T21:41:32.334-0400] {logging_mixin.py:137} INFO - [2023-03-15T21:41:32.332-0400] {dagbag.py:538} INFO - Filling up the DagBag from /Users/admin/opt/anaconda3/envs/python-airflow-venv/lib/python3.10/site-packages/airflow/example_dags/example_skip_dag.py
[2023-03-15T21:41:32.507-0400] {processor.py:753} INFO - DAG(s) dict_keys(['example_skip_dag']) retrieved from /Users/admin/opt/anaconda3/envs/python-airflow-venv/lib/python3.10/site-packages/airflow/example_dags/example_skip_dag.py
[2023-03-15T21:41:32.714-0400] {logging_mixin.py:137} WARNING - /Users/admin/opt/anaconda3/envs/python-airflow-venv/lib/python3.10/site-packages/airflow/jobs/scheduler_job.py:124 DeprecationWarning: The processor_poll_interval option in [scheduler] has been renamed to scheduler_idle_sleep_time - the old setting has been used, but please update your config.
[2023-03-15T21:41:33.709-0400] {logging_mixin.py:137} INFO - [2023-03-15T21:41:33.708-0400] {dag.py:2690} INFO - Sync 1 DAGs
[2023-03-15T21:41:33.730-0400] {logging_mixin.py:137} INFO - [2023-03-15T21:41:33.730-0400] {dag.py:3437} INFO - Setting next_dagrun for example_skip_dag to 2023-03-15T01:41:33.730519+00:00, run_after=2023-03-16T01:41:33.730519+00:00
[2023-03-15T21:41:33.755-0400] {processor.py:175} INFO - Processing /Users/admin/opt/anaconda3/envs/python-airflow-venv/lib/python3.10/site-packages/airflow/example_dags/example_skip_dag.py took 1.434 seconds
[2023-03-15T21:43:35.350-0400] {logging_mixin.py:137} WARNING - /Users/admin/opt/anaconda3/envs/python-airflow-venv/lib/python3.10/site-packages/airflow/settings.py:337 DeprecationWarning: The sql_alchemy_pool_enabled option in [core] has been moved to the sql_alchemy_pool_enabled option in [database] - the old setting has been used, but please update your config.
[2023-03-15T21:43:35.355-0400] {logging_mixin.py:137} WARNING - /Users/admin/opt/anaconda3/envs/python-airflow-venv/lib/python3.10/site-packages/airflow/settings.py:400 DeprecationWarning: The sql_engine_encoding option in [core] has been moved to the sql_engine_encoding option in [database] - the old setting has been used, but please update your config.
[2023-03-15T21:43:35.355-0400] {processor.py:153} INFO - Started process (PID=19365) to work on /Users/admin/opt/anaconda3/envs/python-airflow-venv/lib/python3.10/site-packages/airflow/example_dags/example_skip_dag.py
[2023-03-15T21:43:35.356-0400] {processor.py:743} INFO - Processing file /Users/admin/opt/anaconda3/envs/python-airflow-venv/lib/python3.10/site-packages/airflow/example_dags/example_skip_dag.py for tasks to queue
[2023-03-15T21:43:35.356-0400] {logging_mixin.py:137} INFO - [2023-03-15T21:43:35.356-0400] {dagbag.py:538} INFO - Filling up the DagBag from /Users/admin/opt/anaconda3/envs/python-airflow-venv/lib/python3.10/site-packages/airflow/example_dags/example_skip_dag.py
[2023-03-15T21:43:35.410-0400] {processor.py:753} INFO - DAG(s) dict_keys(['example_skip_dag']) retrieved from /Users/admin/opt/anaconda3/envs/python-airflow-venv/lib/python3.10/site-packages/airflow/example_dags/example_skip_dag.py
[2023-03-15T21:43:35.467-0400] {logging_mixin.py:137} WARNING - /Users/admin/opt/anaconda3/envs/python-airflow-venv/lib/python3.10/site-packages/airflow/jobs/scheduler_job.py:124 DeprecationWarning: The processor_poll_interval option in [scheduler] has been renamed to scheduler_idle_sleep_time - the old setting has been used, but please update your config.
[2023-03-15T21:43:36.104-0400] {logging_mixin.py:137} INFO - [2023-03-15T21:43:36.104-0400] {dag.py:2690} INFO - Sync 1 DAGs
[2023-03-15T21:43:36.120-0400] {logging_mixin.py:137} INFO - [2023-03-15T21:43:36.120-0400] {dag.py:3437} INFO - Setting next_dagrun for example_skip_dag to 2023-03-15T01:43:36.120464+00:00, run_after=2023-03-16T01:43:36.120464+00:00
[2023-03-15T21:43:36.137-0400] {processor.py:175} INFO - Processing /Users/admin/opt/anaconda3/envs/python-airflow-venv/lib/python3.10/site-packages/airflow/example_dags/example_skip_dag.py took 0.787 seconds
[2023-03-15T21:45:41.040-0400] {logging_mixin.py:137} WARNING - /Users/admin/opt/anaconda3/envs/python-airflow-venv/lib/python3.10/site-packages/airflow/settings.py:337 DeprecationWarning: The sql_alchemy_pool_enabled option in [core] has been moved to the sql_alchemy_pool_enabled option in [database] - the old setting has been used, but please update your config.
[2023-03-15T21:45:41.044-0400] {logging_mixin.py:137} WARNING - /Users/admin/opt/anaconda3/envs/python-airflow-venv/lib/python3.10/site-packages/airflow/settings.py:400 DeprecationWarning: The sql_engine_encoding option in [core] has been moved to the sql_engine_encoding option in [database] - the old setting has been used, but please update your config.
[2023-03-15T21:45:41.045-0400] {processor.py:153} INFO - Started process (PID=19424) to work on /Users/admin/opt/anaconda3/envs/python-airflow-venv/lib/python3.10/site-packages/airflow/example_dags/example_skip_dag.py
[2023-03-15T21:45:41.045-0400] {processor.py:743} INFO - Processing file /Users/admin/opt/anaconda3/envs/python-airflow-venv/lib/python3.10/site-packages/airflow/example_dags/example_skip_dag.py for tasks to queue
[2023-03-15T21:45:41.046-0400] {logging_mixin.py:137} INFO - [2023-03-15T21:45:41.046-0400] {dagbag.py:538} INFO - Filling up the DagBag from /Users/admin/opt/anaconda3/envs/python-airflow-venv/lib/python3.10/site-packages/airflow/example_dags/example_skip_dag.py
[2023-03-15T21:45:41.262-0400] {processor.py:753} INFO - DAG(s) dict_keys(['example_skip_dag']) retrieved from /Users/admin/opt/anaconda3/envs/python-airflow-venv/lib/python3.10/site-packages/airflow/example_dags/example_skip_dag.py
[2023-03-15T21:45:41.340-0400] {logging_mixin.py:137} WARNING - /Users/admin/opt/anaconda3/envs/python-airflow-venv/lib/python3.10/site-packages/airflow/jobs/scheduler_job.py:124 DeprecationWarning: The processor_poll_interval option in [scheduler] has been renamed to scheduler_idle_sleep_time - the old setting has been used, but please update your config.
[2023-03-15T21:45:42.152-0400] {logging_mixin.py:137} INFO - [2023-03-15T21:45:42.152-0400] {dag.py:2690} INFO - Sync 1 DAGs
[2023-03-15T21:45:42.167-0400] {logging_mixin.py:137} INFO - [2023-03-15T21:45:42.167-0400] {dag.py:3437} INFO - Setting next_dagrun for example_skip_dag to 2023-03-15T01:45:42.167156+00:00, run_after=2023-03-16T01:45:42.167156+00:00
[2023-03-15T21:45:42.184-0400] {processor.py:175} INFO - Processing /Users/admin/opt/anaconda3/envs/python-airflow-venv/lib/python3.10/site-packages/airflow/example_dags/example_skip_dag.py took 1.146 seconds
[2023-03-15T21:47:39.016-0400] {logging_mixin.py:137} WARNING - /Users/admin/opt/anaconda3/envs/python-airflow-venv/lib/python3.10/site-packages/airflow/settings.py:337 DeprecationWarning: The sql_alchemy_pool_enabled option in [core] has been moved to the sql_alchemy_pool_enabled option in [database] - the old setting has been used, but please update your config.
[2023-03-15T21:47:39.020-0400] {logging_mixin.py:137} WARNING - /Users/admin/opt/anaconda3/envs/python-airflow-venv/lib/python3.10/site-packages/airflow/settings.py:400 DeprecationWarning: The sql_engine_encoding option in [core] has been moved to the sql_engine_encoding option in [database] - the old setting has been used, but please update your config.
[2023-03-15T21:47:39.021-0400] {processor.py:153} INFO - Started process (PID=19473) to work on /Users/admin/opt/anaconda3/envs/python-airflow-venv/lib/python3.10/site-packages/airflow/example_dags/example_skip_dag.py
[2023-03-15T21:47:39.021-0400] {processor.py:743} INFO - Processing file /Users/admin/opt/anaconda3/envs/python-airflow-venv/lib/python3.10/site-packages/airflow/example_dags/example_skip_dag.py for tasks to queue
[2023-03-15T21:47:39.022-0400] {logging_mixin.py:137} INFO - [2023-03-15T21:47:39.022-0400] {dagbag.py:538} INFO - Filling up the DagBag from /Users/admin/opt/anaconda3/envs/python-airflow-venv/lib/python3.10/site-packages/airflow/example_dags/example_skip_dag.py
[2023-03-15T21:47:39.073-0400] {processor.py:753} INFO - DAG(s) dict_keys(['example_skip_dag']) retrieved from /Users/admin/opt/anaconda3/envs/python-airflow-venv/lib/python3.10/site-packages/airflow/example_dags/example_skip_dag.py
[2023-03-15T21:47:39.129-0400] {logging_mixin.py:137} WARNING - /Users/admin/opt/anaconda3/envs/python-airflow-venv/lib/python3.10/site-packages/airflow/jobs/scheduler_job.py:124 DeprecationWarning: The processor_poll_interval option in [scheduler] has been renamed to scheduler_idle_sleep_time - the old setting has been used, but please update your config.
[2023-03-15T21:47:39.746-0400] {logging_mixin.py:137} INFO - [2023-03-15T21:47:39.745-0400] {dag.py:2690} INFO - Sync 1 DAGs
[2023-03-15T21:47:39.761-0400] {logging_mixin.py:137} INFO - [2023-03-15T21:47:39.761-0400] {dag.py:3437} INFO - Setting next_dagrun for example_skip_dag to 2023-03-15T01:47:39.761380+00:00, run_after=2023-03-16T01:47:39.761380+00:00
[2023-03-15T21:47:39.779-0400] {processor.py:175} INFO - Processing /Users/admin/opt/anaconda3/envs/python-airflow-venv/lib/python3.10/site-packages/airflow/example_dags/example_skip_dag.py took 0.764 seconds
[2023-03-15T21:49:34.643-0400] {logging_mixin.py:137} WARNING - /Users/admin/opt/anaconda3/envs/python-airflow-venv/lib/python3.10/site-packages/airflow/settings.py:337 DeprecationWarning: The sql_alchemy_pool_enabled option in [core] has been moved to the sql_alchemy_pool_enabled option in [database] - the old setting has been used, but please update your config.
[2023-03-15T21:49:34.649-0400] {logging_mixin.py:137} WARNING - /Users/admin/opt/anaconda3/envs/python-airflow-venv/lib/python3.10/site-packages/airflow/settings.py:400 DeprecationWarning: The sql_engine_encoding option in [core] has been moved to the sql_engine_encoding option in [database] - the old setting has been used, but please update your config.
[2023-03-15T21:49:34.650-0400] {processor.py:153} INFO - Started process (PID=19525) to work on /Users/admin/opt/anaconda3/envs/python-airflow-venv/lib/python3.10/site-packages/airflow/example_dags/example_skip_dag.py
[2023-03-15T21:49:34.650-0400] {processor.py:743} INFO - Processing file /Users/admin/opt/anaconda3/envs/python-airflow-venv/lib/python3.10/site-packages/airflow/example_dags/example_skip_dag.py for tasks to queue
[2023-03-15T21:49:34.650-0400] {logging_mixin.py:137} INFO - [2023-03-15T21:49:34.650-0400] {dagbag.py:538} INFO - Filling up the DagBag from /Users/admin/opt/anaconda3/envs/python-airflow-venv/lib/python3.10/site-packages/airflow/example_dags/example_skip_dag.py
[2023-03-15T21:49:34.701-0400] {processor.py:753} INFO - DAG(s) dict_keys(['example_skip_dag']) retrieved from /Users/admin/opt/anaconda3/envs/python-airflow-venv/lib/python3.10/site-packages/airflow/example_dags/example_skip_dag.py
[2023-03-15T21:49:34.758-0400] {logging_mixin.py:137} WARNING - /Users/admin/opt/anaconda3/envs/python-airflow-venv/lib/python3.10/site-packages/airflow/jobs/scheduler_job.py:124 DeprecationWarning: The processor_poll_interval option in [scheduler] has been renamed to scheduler_idle_sleep_time - the old setting has been used, but please update your config.
[2023-03-15T21:49:35.366-0400] {logging_mixin.py:137} INFO - [2023-03-15T21:49:35.366-0400] {dag.py:2690} INFO - Sync 1 DAGs
[2023-03-15T21:49:35.382-0400] {logging_mixin.py:137} INFO - [2023-03-15T21:49:35.381-0400] {dag.py:3437} INFO - Setting next_dagrun for example_skip_dag to 2023-03-15T01:49:35.381812+00:00, run_after=2023-03-16T01:49:35.381812+00:00
[2023-03-15T21:49:35.398-0400] {processor.py:175} INFO - Processing /Users/admin/opt/anaconda3/envs/python-airflow-venv/lib/python3.10/site-packages/airflow/example_dags/example_skip_dag.py took 0.756 seconds
[2023-03-15T21:51:36.127-0400] {logging_mixin.py:137} WARNING - /Users/admin/opt/anaconda3/envs/python-airflow-venv/lib/python3.10/site-packages/airflow/settings.py:337 DeprecationWarning: The sql_alchemy_pool_enabled option in [core] has been moved to the sql_alchemy_pool_enabled option in [database] - the old setting has been used, but please update your config.
[2023-03-15T21:51:36.134-0400] {logging_mixin.py:137} WARNING - /Users/admin/opt/anaconda3/envs/python-airflow-venv/lib/python3.10/site-packages/airflow/settings.py:400 DeprecationWarning: The sql_engine_encoding option in [core] has been moved to the sql_engine_encoding option in [database] - the old setting has been used, but please update your config.
[2023-03-15T21:51:36.135-0400] {processor.py:153} INFO - Started process (PID=19587) to work on /Users/admin/opt/anaconda3/envs/python-airflow-venv/lib/python3.10/site-packages/airflow/example_dags/example_skip_dag.py
[2023-03-15T21:51:36.136-0400] {processor.py:743} INFO - Processing file /Users/admin/opt/anaconda3/envs/python-airflow-venv/lib/python3.10/site-packages/airflow/example_dags/example_skip_dag.py for tasks to queue
[2023-03-15T21:51:36.136-0400] {logging_mixin.py:137} INFO - [2023-03-15T21:51:36.136-0400] {dagbag.py:538} INFO - Filling up the DagBag from /Users/admin/opt/anaconda3/envs/python-airflow-venv/lib/python3.10/site-packages/airflow/example_dags/example_skip_dag.py
[2023-03-15T21:51:36.192-0400] {processor.py:753} INFO - DAG(s) dict_keys(['example_skip_dag']) retrieved from /Users/admin/opt/anaconda3/envs/python-airflow-venv/lib/python3.10/site-packages/airflow/example_dags/example_skip_dag.py
[2023-03-15T21:51:36.257-0400] {logging_mixin.py:137} WARNING - /Users/admin/opt/anaconda3/envs/python-airflow-venv/lib/python3.10/site-packages/airflow/jobs/scheduler_job.py:124 DeprecationWarning: The processor_poll_interval option in [scheduler] has been renamed to scheduler_idle_sleep_time - the old setting has been used, but please update your config.
[2023-03-15T21:51:36.908-0400] {logging_mixin.py:137} INFO - [2023-03-15T21:51:36.908-0400] {dag.py:2690} INFO - Sync 1 DAGs
[2023-03-15T21:51:36.923-0400] {logging_mixin.py:137} INFO - [2023-03-15T21:51:36.923-0400] {dag.py:3437} INFO - Setting next_dagrun for example_skip_dag to 2023-03-15T01:51:36.923081+00:00, run_after=2023-03-16T01:51:36.923081+00:00
[2023-03-15T21:51:36.946-0400] {processor.py:175} INFO - Processing /Users/admin/opt/anaconda3/envs/python-airflow-venv/lib/python3.10/site-packages/airflow/example_dags/example_skip_dag.py took 0.820 seconds
[2023-03-15T21:53:31.582-0400] {logging_mixin.py:137} WARNING - /Users/admin/opt/anaconda3/envs/python-airflow-venv/lib/python3.10/site-packages/airflow/settings.py:337 DeprecationWarning: The sql_alchemy_pool_enabled option in [core] has been moved to the sql_alchemy_pool_enabled option in [database] - the old setting has been used, but please update your config.
[2023-03-15T21:53:31.589-0400] {logging_mixin.py:137} WARNING - /Users/admin/opt/anaconda3/envs/python-airflow-venv/lib/python3.10/site-packages/airflow/settings.py:400 DeprecationWarning: The sql_engine_encoding option in [core] has been moved to the sql_engine_encoding option in [database] - the old setting has been used, but please update your config.
[2023-03-15T21:53:31.590-0400] {processor.py:153} INFO - Started process (PID=19654) to work on /Users/admin/opt/anaconda3/envs/python-airflow-venv/lib/python3.10/site-packages/airflow/example_dags/example_skip_dag.py
[2023-03-15T21:53:31.590-0400] {processor.py:743} INFO - Processing file /Users/admin/opt/anaconda3/envs/python-airflow-venv/lib/python3.10/site-packages/airflow/example_dags/example_skip_dag.py for tasks to queue
[2023-03-15T21:53:31.591-0400] {logging_mixin.py:137} INFO - [2023-03-15T21:53:31.590-0400] {dagbag.py:538} INFO - Filling up the DagBag from /Users/admin/opt/anaconda3/envs/python-airflow-venv/lib/python3.10/site-packages/airflow/example_dags/example_skip_dag.py
[2023-03-15T21:53:31.643-0400] {processor.py:753} INFO - DAG(s) dict_keys(['example_skip_dag']) retrieved from /Users/admin/opt/anaconda3/envs/python-airflow-venv/lib/python3.10/site-packages/airflow/example_dags/example_skip_dag.py
[2023-03-15T21:53:31.701-0400] {logging_mixin.py:137} WARNING - /Users/admin/opt/anaconda3/envs/python-airflow-venv/lib/python3.10/site-packages/airflow/jobs/scheduler_job.py:124 DeprecationWarning: The processor_poll_interval option in [scheduler] has been renamed to scheduler_idle_sleep_time - the old setting has been used, but please update your config.
[2023-03-15T21:53:32.306-0400] {logging_mixin.py:137} INFO - [2023-03-15T21:53:32.306-0400] {dag.py:2690} INFO - Sync 1 DAGs
[2023-03-15T21:53:32.321-0400] {logging_mixin.py:137} INFO - [2023-03-15T21:53:32.321-0400] {dag.py:3437} INFO - Setting next_dagrun for example_skip_dag to 2023-03-15T01:53:32.321038+00:00, run_after=2023-03-16T01:53:32.321038+00:00
[2023-03-15T21:53:32.339-0400] {processor.py:175} INFO - Processing /Users/admin/opt/anaconda3/envs/python-airflow-venv/lib/python3.10/site-packages/airflow/example_dags/example_skip_dag.py took 0.758 seconds
[2023-03-15T21:55:24.014-0400] {logging_mixin.py:137} WARNING - /Users/admin/opt/anaconda3/envs/python-airflow-venv/lib/python3.10/site-packages/airflow/settings.py:337 DeprecationWarning: The sql_alchemy_pool_enabled option in [core] has been moved to the sql_alchemy_pool_enabled option in [database] - the old setting has been used, but please update your config.
[2023-03-15T21:55:24.018-0400] {logging_mixin.py:137} WARNING - /Users/admin/opt/anaconda3/envs/python-airflow-venv/lib/python3.10/site-packages/airflow/settings.py:400 DeprecationWarning: The sql_engine_encoding option in [core] has been moved to the sql_engine_encoding option in [database] - the old setting has been used, but please update your config.
[2023-03-15T21:55:24.019-0400] {processor.py:153} INFO - Started process (PID=19726) to work on /Users/admin/opt/anaconda3/envs/python-airflow-venv/lib/python3.10/site-packages/airflow/example_dags/example_skip_dag.py
[2023-03-15T21:55:24.019-0400] {processor.py:743} INFO - Processing file /Users/admin/opt/anaconda3/envs/python-airflow-venv/lib/python3.10/site-packages/airflow/example_dags/example_skip_dag.py for tasks to queue
[2023-03-15T21:55:24.019-0400] {logging_mixin.py:137} INFO - [2023-03-15T21:55:24.019-0400] {dagbag.py:538} INFO - Filling up the DagBag from /Users/admin/opt/anaconda3/envs/python-airflow-venv/lib/python3.10/site-packages/airflow/example_dags/example_skip_dag.py
[2023-03-15T21:55:24.075-0400] {processor.py:753} INFO - DAG(s) dict_keys(['example_skip_dag']) retrieved from /Users/admin/opt/anaconda3/envs/python-airflow-venv/lib/python3.10/site-packages/airflow/example_dags/example_skip_dag.py
[2023-03-15T21:55:24.135-0400] {logging_mixin.py:137} WARNING - /Users/admin/opt/anaconda3/envs/python-airflow-venv/lib/python3.10/site-packages/airflow/jobs/scheduler_job.py:124 DeprecationWarning: The processor_poll_interval option in [scheduler] has been renamed to scheduler_idle_sleep_time - the old setting has been used, but please update your config.
[2023-03-15T21:55:24.798-0400] {logging_mixin.py:137} INFO - [2023-03-15T21:55:24.798-0400] {dag.py:2690} INFO - Sync 1 DAGs
[2023-03-15T21:55:24.816-0400] {logging_mixin.py:137} INFO - [2023-03-15T21:55:24.816-0400] {dag.py:3437} INFO - Setting next_dagrun for example_skip_dag to 2023-03-15T01:55:24.816119+00:00, run_after=2023-03-16T01:55:24.816119+00:00
[2023-03-15T21:55:24.836-0400] {processor.py:175} INFO - Processing /Users/admin/opt/anaconda3/envs/python-airflow-venv/lib/python3.10/site-packages/airflow/example_dags/example_skip_dag.py took 0.823 seconds
[2023-03-15T21:57:23.922-0400] {logging_mixin.py:137} WARNING - /Users/admin/opt/anaconda3/envs/python-airflow-venv/lib/python3.10/site-packages/airflow/settings.py:337 DeprecationWarning: The sql_alchemy_pool_enabled option in [core] has been moved to the sql_alchemy_pool_enabled option in [database] - the old setting has been used, but please update your config.
[2023-03-15T21:57:23.927-0400] {logging_mixin.py:137} WARNING - /Users/admin/opt/anaconda3/envs/python-airflow-venv/lib/python3.10/site-packages/airflow/settings.py:400 DeprecationWarning: The sql_engine_encoding option in [core] has been moved to the sql_engine_encoding option in [database] - the old setting has been used, but please update your config.
[2023-03-15T21:57:23.927-0400] {processor.py:153} INFO - Started process (PID=19780) to work on /Users/admin/opt/anaconda3/envs/python-airflow-venv/lib/python3.10/site-packages/airflow/example_dags/example_skip_dag.py
[2023-03-15T21:57:23.927-0400] {processor.py:743} INFO - Processing file /Users/admin/opt/anaconda3/envs/python-airflow-venv/lib/python3.10/site-packages/airflow/example_dags/example_skip_dag.py for tasks to queue
[2023-03-15T21:57:23.928-0400] {logging_mixin.py:137} INFO - [2023-03-15T21:57:23.928-0400] {dagbag.py:538} INFO - Filling up the DagBag from /Users/admin/opt/anaconda3/envs/python-airflow-venv/lib/python3.10/site-packages/airflow/example_dags/example_skip_dag.py
[2023-03-15T21:57:23.977-0400] {processor.py:753} INFO - DAG(s) dict_keys(['example_skip_dag']) retrieved from /Users/admin/opt/anaconda3/envs/python-airflow-venv/lib/python3.10/site-packages/airflow/example_dags/example_skip_dag.py
[2023-03-15T21:57:24.032-0400] {logging_mixin.py:137} WARNING - /Users/admin/opt/anaconda3/envs/python-airflow-venv/lib/python3.10/site-packages/airflow/jobs/scheduler_job.py:124 DeprecationWarning: The processor_poll_interval option in [scheduler] has been renamed to scheduler_idle_sleep_time - the old setting has been used, but please update your config.
[2023-03-15T21:57:24.634-0400] {logging_mixin.py:137} INFO - [2023-03-15T21:57:24.634-0400] {dag.py:2690} INFO - Sync 1 DAGs
[2023-03-15T21:57:24.649-0400] {logging_mixin.py:137} INFO - [2023-03-15T21:57:24.649-0400] {dag.py:3437} INFO - Setting next_dagrun for example_skip_dag to 2023-03-15T01:57:24.649445+00:00, run_after=2023-03-16T01:57:24.649445+00:00
[2023-03-15T21:57:24.666-0400] {processor.py:175} INFO - Processing /Users/admin/opt/anaconda3/envs/python-airflow-venv/lib/python3.10/site-packages/airflow/example_dags/example_skip_dag.py took 0.744 seconds
[2023-03-15T21:59:17.028-0400] {logging_mixin.py:137} WARNING - /Users/admin/opt/anaconda3/envs/python-airflow-venv/lib/python3.10/site-packages/airflow/settings.py:337 DeprecationWarning: The sql_alchemy_pool_enabled option in [core] has been moved to the sql_alchemy_pool_enabled option in [database] - the old setting has been used, but please update your config.
[2023-03-15T21:59:17.032-0400] {logging_mixin.py:137} WARNING - /Users/admin/opt/anaconda3/envs/python-airflow-venv/lib/python3.10/site-packages/airflow/settings.py:400 DeprecationWarning: The sql_engine_encoding option in [core] has been moved to the sql_engine_encoding option in [database] - the old setting has been used, but please update your config.
[2023-03-15T21:59:17.033-0400] {processor.py:153} INFO - Started process (PID=19839) to work on /Users/admin/opt/anaconda3/envs/python-airflow-venv/lib/python3.10/site-packages/airflow/example_dags/example_skip_dag.py
[2023-03-15T21:59:17.033-0400] {processor.py:743} INFO - Processing file /Users/admin/opt/anaconda3/envs/python-airflow-venv/lib/python3.10/site-packages/airflow/example_dags/example_skip_dag.py for tasks to queue
[2023-03-15T21:59:17.033-0400] {logging_mixin.py:137} INFO - [2023-03-15T21:59:17.033-0400] {dagbag.py:538} INFO - Filling up the DagBag from /Users/admin/opt/anaconda3/envs/python-airflow-venv/lib/python3.10/site-packages/airflow/example_dags/example_skip_dag.py
[2023-03-15T21:59:17.090-0400] {processor.py:753} INFO - DAG(s) dict_keys(['example_skip_dag']) retrieved from /Users/admin/opt/anaconda3/envs/python-airflow-venv/lib/python3.10/site-packages/airflow/example_dags/example_skip_dag.py
[2023-03-15T21:59:17.151-0400] {logging_mixin.py:137} WARNING - /Users/admin/opt/anaconda3/envs/python-airflow-venv/lib/python3.10/site-packages/airflow/jobs/scheduler_job.py:124 DeprecationWarning: The processor_poll_interval option in [scheduler] has been renamed to scheduler_idle_sleep_time - the old setting has been used, but please update your config.
[2023-03-15T21:59:17.815-0400] {logging_mixin.py:137} INFO - [2023-03-15T21:59:17.815-0400] {dag.py:2690} INFO - Sync 1 DAGs
[2023-03-15T21:59:17.830-0400] {logging_mixin.py:137} INFO - [2023-03-15T21:59:17.830-0400] {dag.py:3437} INFO - Setting next_dagrun for example_skip_dag to 2023-03-15T01:59:17.830517+00:00, run_after=2023-03-16T01:59:17.830517+00:00
[2023-03-15T21:59:17.848-0400] {processor.py:175} INFO - Processing /Users/admin/opt/anaconda3/envs/python-airflow-venv/lib/python3.10/site-packages/airflow/example_dags/example_skip_dag.py took 0.821 seconds
[2023-03-15T22:03:32.296-0400] {logging_mixin.py:137} WARNING - /Users/admin/opt/anaconda3/envs/python-airflow-venv/lib/python3.10/site-packages/airflow/settings.py:337 DeprecationWarning: The sql_alchemy_pool_enabled option in [core] has been moved to the sql_alchemy_pool_enabled option in [database] - the old setting has been used, but please update your config.
[2023-03-15T22:03:32.301-0400] {logging_mixin.py:137} WARNING - /Users/admin/opt/anaconda3/envs/python-airflow-venv/lib/python3.10/site-packages/airflow/settings.py:400 DeprecationWarning: The sql_engine_encoding option in [core] has been moved to the sql_engine_encoding option in [database] - the old setting has been used, but please update your config.
[2023-03-15T22:03:32.302-0400] {processor.py:153} INFO - Started process (PID=19902) to work on /Users/admin/opt/anaconda3/envs/python-airflow-venv/lib/python3.10/site-packages/airflow/example_dags/example_skip_dag.py
[2023-03-15T22:03:32.302-0400] {processor.py:743} INFO - Processing file /Users/admin/opt/anaconda3/envs/python-airflow-venv/lib/python3.10/site-packages/airflow/example_dags/example_skip_dag.py for tasks to queue
[2023-03-15T22:03:32.302-0400] {logging_mixin.py:137} INFO - [2023-03-15T22:03:32.302-0400] {dagbag.py:538} INFO - Filling up the DagBag from /Users/admin/opt/anaconda3/envs/python-airflow-venv/lib/python3.10/site-packages/airflow/example_dags/example_skip_dag.py
[2023-03-15T22:03:32.379-0400] {processor.py:753} INFO - DAG(s) dict_keys(['example_skip_dag']) retrieved from /Users/admin/opt/anaconda3/envs/python-airflow-venv/lib/python3.10/site-packages/airflow/example_dags/example_skip_dag.py
[2023-03-15T22:03:32.453-0400] {logging_mixin.py:137} WARNING - /Users/admin/opt/anaconda3/envs/python-airflow-venv/lib/python3.10/site-packages/airflow/jobs/scheduler_job.py:124 DeprecationWarning: The processor_poll_interval option in [scheduler] has been renamed to scheduler_idle_sleep_time - the old setting has been used, but please update your config.
[2023-03-15T22:03:33.312-0400] {logging_mixin.py:137} INFO - [2023-03-15T22:03:33.311-0400] {dag.py:2690} INFO - Sync 1 DAGs
[2023-03-15T22:03:33.326-0400] {logging_mixin.py:137} INFO - [2023-03-15T22:03:33.326-0400] {dag.py:3437} INFO - Setting next_dagrun for example_skip_dag to 2023-03-15T02:03:33.326270+00:00, run_after=2023-03-16T02:03:33.326270+00:00
[2023-03-15T22:03:33.343-0400] {processor.py:175} INFO - Processing /Users/admin/opt/anaconda3/envs/python-airflow-venv/lib/python3.10/site-packages/airflow/example_dags/example_skip_dag.py took 1.048 seconds
[2023-03-15T22:05:30.079-0400] {logging_mixin.py:137} WARNING - /Users/admin/opt/anaconda3/envs/python-airflow-venv/lib/python3.10/site-packages/airflow/settings.py:337 DeprecationWarning: The sql_alchemy_pool_enabled option in [core] has been moved to the sql_alchemy_pool_enabled option in [database] - the old setting has been used, but please update your config.
[2023-03-15T22:05:30.085-0400] {logging_mixin.py:137} WARNING - /Users/admin/opt/anaconda3/envs/python-airflow-venv/lib/python3.10/site-packages/airflow/settings.py:400 DeprecationWarning: The sql_engine_encoding option in [core] has been moved to the sql_engine_encoding option in [database] - the old setting has been used, but please update your config.
[2023-03-15T22:05:30.086-0400] {processor.py:153} INFO - Started process (PID=19953) to work on /Users/admin/opt/anaconda3/envs/python-airflow-venv/lib/python3.10/site-packages/airflow/example_dags/example_skip_dag.py
[2023-03-15T22:05:30.086-0400] {processor.py:743} INFO - Processing file /Users/admin/opt/anaconda3/envs/python-airflow-venv/lib/python3.10/site-packages/airflow/example_dags/example_skip_dag.py for tasks to queue
[2023-03-15T22:05:30.086-0400] {logging_mixin.py:137} INFO - [2023-03-15T22:05:30.086-0400] {dagbag.py:538} INFO - Filling up the DagBag from /Users/admin/opt/anaconda3/envs/python-airflow-venv/lib/python3.10/site-packages/airflow/example_dags/example_skip_dag.py
[2023-03-15T22:05:30.147-0400] {processor.py:753} INFO - DAG(s) dict_keys(['example_skip_dag']) retrieved from /Users/admin/opt/anaconda3/envs/python-airflow-venv/lib/python3.10/site-packages/airflow/example_dags/example_skip_dag.py
[2023-03-15T22:05:30.215-0400] {logging_mixin.py:137} WARNING - /Users/admin/opt/anaconda3/envs/python-airflow-venv/lib/python3.10/site-packages/airflow/jobs/scheduler_job.py:124 DeprecationWarning: The processor_poll_interval option in [scheduler] has been renamed to scheduler_idle_sleep_time - the old setting has been used, but please update your config.
[2023-03-15T22:05:30.919-0400] {logging_mixin.py:137} INFO - [2023-03-15T22:05:30.918-0400] {dag.py:2690} INFO - Sync 1 DAGs
[2023-03-15T22:05:30.935-0400] {logging_mixin.py:137} INFO - [2023-03-15T22:05:30.935-0400] {dag.py:3437} INFO - Setting next_dagrun for example_skip_dag to 2023-03-15T02:05:30.935379+00:00, run_after=2023-03-16T02:05:30.935379+00:00
[2023-03-15T22:05:30.954-0400] {processor.py:175} INFO - Processing /Users/admin/opt/anaconda3/envs/python-airflow-venv/lib/python3.10/site-packages/airflow/example_dags/example_skip_dag.py took 0.876 seconds
[2023-03-15T22:07:36.421-0400] {logging_mixin.py:137} WARNING - /Users/admin/opt/anaconda3/envs/python-airflow-venv/lib/python3.10/site-packages/airflow/settings.py:337 DeprecationWarning: The sql_alchemy_pool_enabled option in [core] has been moved to the sql_alchemy_pool_enabled option in [database] - the old setting has been used, but please update your config.
[2023-03-15T22:07:36.426-0400] {logging_mixin.py:137} WARNING - /Users/admin/opt/anaconda3/envs/python-airflow-venv/lib/python3.10/site-packages/airflow/settings.py:400 DeprecationWarning: The sql_engine_encoding option in [core] has been moved to the sql_engine_encoding option in [database] - the old setting has been used, but please update your config.
[2023-03-15T22:07:36.427-0400] {processor.py:153} INFO - Started process (PID=20005) to work on /Users/admin/opt/anaconda3/envs/python-airflow-venv/lib/python3.10/site-packages/airflow/example_dags/example_skip_dag.py
[2023-03-15T22:07:36.427-0400] {processor.py:743} INFO - Processing file /Users/admin/opt/anaconda3/envs/python-airflow-venv/lib/python3.10/site-packages/airflow/example_dags/example_skip_dag.py for tasks to queue
[2023-03-15T22:07:36.427-0400] {logging_mixin.py:137} INFO - [2023-03-15T22:07:36.427-0400] {dagbag.py:538} INFO - Filling up the DagBag from /Users/admin/opt/anaconda3/envs/python-airflow-venv/lib/python3.10/site-packages/airflow/example_dags/example_skip_dag.py
[2023-03-15T22:07:36.479-0400] {processor.py:753} INFO - DAG(s) dict_keys(['example_skip_dag']) retrieved from /Users/admin/opt/anaconda3/envs/python-airflow-venv/lib/python3.10/site-packages/airflow/example_dags/example_skip_dag.py
[2023-03-15T22:07:36.536-0400] {logging_mixin.py:137} WARNING - /Users/admin/opt/anaconda3/envs/python-airflow-venv/lib/python3.10/site-packages/airflow/jobs/scheduler_job.py:124 DeprecationWarning: The processor_poll_interval option in [scheduler] has been renamed to scheduler_idle_sleep_time - the old setting has been used, but please update your config.
[2023-03-15T22:07:37.478-0400] {logging_mixin.py:137} INFO - [2023-03-15T22:07:37.478-0400] {dag.py:2690} INFO - Sync 1 DAGs
[2023-03-15T22:07:37.492-0400] {logging_mixin.py:137} INFO - [2023-03-15T22:07:37.492-0400] {dag.py:3437} INFO - Setting next_dagrun for example_skip_dag to 2023-03-15T02:07:37.492613+00:00, run_after=2023-03-16T02:07:37.492613+00:00
[2023-03-15T22:07:37.509-0400] {processor.py:175} INFO - Processing /Users/admin/opt/anaconda3/envs/python-airflow-venv/lib/python3.10/site-packages/airflow/example_dags/example_skip_dag.py took 1.157 seconds
