[2023-03-15T21:23:22.585-0400] {logging_mixin.py:137} WARNING - /Users/admin/opt/anaconda3/envs/python-airflow-venv/lib/python3.10/site-packages/airflow/settings.py:337 DeprecationWarning: The sql_alchemy_pool_enabled option in [core] has been moved to the sql_alchemy_pool_enabled option in [database] - the old setting has been used, but please update your config.
[2023-03-15T21:23:22.590-0400] {logging_mixin.py:137} WARNING - /Users/admin/opt/anaconda3/envs/python-airflow-venv/lib/python3.10/site-packages/airflow/settings.py:400 DeprecationWarning: The sql_engine_encoding option in [core] has been moved to the sql_engine_encoding option in [database] - the old setting has been used, but please update your config.
[2023-03-15T21:23:22.591-0400] {processor.py:153} INFO - Started process (PID=16848) to work on /Users/admin/opt/anaconda3/envs/python-airflow-venv/lib/python3.10/site-packages/airflow/example_dags/example_sla_dag.py
[2023-03-15T21:23:22.591-0400] {processor.py:743} INFO - Processing file /Users/admin/opt/anaconda3/envs/python-airflow-venv/lib/python3.10/site-packages/airflow/example_dags/example_sla_dag.py for tasks to queue
[2023-03-15T21:23:22.592-0400] {logging_mixin.py:137} INFO - [2023-03-15T21:23:22.591-0400] {dagbag.py:538} INFO - Filling up the DagBag from /Users/admin/opt/anaconda3/envs/python-airflow-venv/lib/python3.10/site-packages/airflow/example_dags/example_sla_dag.py
[2023-03-15T21:23:22.666-0400] {processor.py:753} INFO - DAG(s) dict_keys(['example_sla_dag']) retrieved from /Users/admin/opt/anaconda3/envs/python-airflow-venv/lib/python3.10/site-packages/airflow/example_dags/example_sla_dag.py
[2023-03-15T21:23:22.712-0400] {logging_mixin.py:137} WARNING - /Users/admin/opt/anaconda3/envs/python-airflow-venv/lib/python3.10/site-packages/airflow/jobs/scheduler_job.py:124 DeprecationWarning: The processor_poll_interval option in [scheduler] has been renamed to scheduler_idle_sleep_time - the old setting has been used, but please update your config.
[2023-03-15T21:23:23.326-0400] {logging_mixin.py:137} INFO - [2023-03-15T21:23:23.325-0400] {dag.py:2690} INFO - Sync 1 DAGs
[2023-03-15T21:23:23.342-0400] {logging_mixin.py:137} INFO - [2023-03-15T21:23:23.342-0400] {dag.py:3437} INFO - Setting next_dagrun for example_sla_dag to 2023-03-16T01:20:00+00:00, run_after=2023-03-16T01:22:00+00:00
[2023-03-15T21:23:23.360-0400] {processor.py:175} INFO - Processing /Users/admin/opt/anaconda3/envs/python-airflow-venv/lib/python3.10/site-packages/airflow/example_dags/example_sla_dag.py took 0.776 seconds
[2023-03-15T21:25:20.214-0400] {logging_mixin.py:137} WARNING - /Users/admin/opt/anaconda3/envs/python-airflow-venv/lib/python3.10/site-packages/airflow/settings.py:337 DeprecationWarning: The sql_alchemy_pool_enabled option in [core] has been moved to the sql_alchemy_pool_enabled option in [database] - the old setting has been used, but please update your config.
[2023-03-15T21:25:20.218-0400] {logging_mixin.py:137} WARNING - /Users/admin/opt/anaconda3/envs/python-airflow-venv/lib/python3.10/site-packages/airflow/settings.py:400 DeprecationWarning: The sql_engine_encoding option in [core] has been moved to the sql_engine_encoding option in [database] - the old setting has been used, but please update your config.
[2023-03-15T21:25:20.219-0400] {processor.py:153} INFO - Started process (PID=16999) to work on /Users/admin/opt/anaconda3/envs/python-airflow-venv/lib/python3.10/site-packages/airflow/example_dags/example_sla_dag.py
[2023-03-15T21:25:20.219-0400] {processor.py:743} INFO - Processing file /Users/admin/opt/anaconda3/envs/python-airflow-venv/lib/python3.10/site-packages/airflow/example_dags/example_sla_dag.py for tasks to queue
[2023-03-15T21:25:20.219-0400] {logging_mixin.py:137} INFO - [2023-03-15T21:25:20.219-0400] {dagbag.py:538} INFO - Filling up the DagBag from /Users/admin/opt/anaconda3/envs/python-airflow-venv/lib/python3.10/site-packages/airflow/example_dags/example_sla_dag.py
[2023-03-15T21:25:20.302-0400] {processor.py:753} INFO - DAG(s) dict_keys(['example_sla_dag']) retrieved from /Users/admin/opt/anaconda3/envs/python-airflow-venv/lib/python3.10/site-packages/airflow/example_dags/example_sla_dag.py
[2023-03-15T21:25:20.344-0400] {logging_mixin.py:137} WARNING - /Users/admin/opt/anaconda3/envs/python-airflow-venv/lib/python3.10/site-packages/airflow/jobs/scheduler_job.py:124 DeprecationWarning: The processor_poll_interval option in [scheduler] has been renamed to scheduler_idle_sleep_time - the old setting has been used, but please update your config.
[2023-03-15T21:25:21.066-0400] {logging_mixin.py:137} INFO - [2023-03-15T21:25:21.066-0400] {dag.py:2690} INFO - Sync 1 DAGs
[2023-03-15T21:25:21.083-0400] {logging_mixin.py:137} INFO - [2023-03-15T21:25:21.082-0400] {dag.py:3437} INFO - Setting next_dagrun for example_sla_dag to 2023-03-16T01:22:00+00:00, run_after=2023-03-16T01:24:00+00:00
[2023-03-15T21:25:21.098-0400] {processor.py:175} INFO - Processing /Users/admin/opt/anaconda3/envs/python-airflow-venv/lib/python3.10/site-packages/airflow/example_dags/example_sla_dag.py took 0.885 seconds
[2023-03-15T21:27:16.566-0400] {logging_mixin.py:137} WARNING - /Users/admin/opt/anaconda3/envs/python-airflow-venv/lib/python3.10/site-packages/airflow/settings.py:337 DeprecationWarning: The sql_alchemy_pool_enabled option in [core] has been moved to the sql_alchemy_pool_enabled option in [database] - the old setting has been used, but please update your config.
[2023-03-15T21:27:16.571-0400] {logging_mixin.py:137} WARNING - /Users/admin/opt/anaconda3/envs/python-airflow-venv/lib/python3.10/site-packages/airflow/settings.py:400 DeprecationWarning: The sql_engine_encoding option in [core] has been moved to the sql_engine_encoding option in [database] - the old setting has been used, but please update your config.
[2023-03-15T21:27:16.572-0400] {processor.py:153} INFO - Started process (PID=17091) to work on /Users/admin/opt/anaconda3/envs/python-airflow-venv/lib/python3.10/site-packages/airflow/example_dags/example_sla_dag.py
[2023-03-15T21:27:16.572-0400] {processor.py:743} INFO - Processing file /Users/admin/opt/anaconda3/envs/python-airflow-venv/lib/python3.10/site-packages/airflow/example_dags/example_sla_dag.py for tasks to queue
[2023-03-15T21:27:16.572-0400] {logging_mixin.py:137} INFO - [2023-03-15T21:27:16.572-0400] {dagbag.py:538} INFO - Filling up the DagBag from /Users/admin/opt/anaconda3/envs/python-airflow-venv/lib/python3.10/site-packages/airflow/example_dags/example_sla_dag.py
[2023-03-15T21:27:16.650-0400] {processor.py:753} INFO - DAG(s) dict_keys(['example_sla_dag']) retrieved from /Users/admin/opt/anaconda3/envs/python-airflow-venv/lib/python3.10/site-packages/airflow/example_dags/example_sla_dag.py
[2023-03-15T21:27:16.698-0400] {logging_mixin.py:137} WARNING - /Users/admin/opt/anaconda3/envs/python-airflow-venv/lib/python3.10/site-packages/airflow/jobs/scheduler_job.py:124 DeprecationWarning: The processor_poll_interval option in [scheduler] has been renamed to scheduler_idle_sleep_time - the old setting has been used, but please update your config.
[2023-03-15T21:27:17.356-0400] {logging_mixin.py:137} INFO - [2023-03-15T21:27:17.356-0400] {dag.py:2690} INFO - Sync 1 DAGs
[2023-03-15T21:27:17.373-0400] {logging_mixin.py:137} INFO - [2023-03-15T21:27:17.373-0400] {dag.py:3437} INFO - Setting next_dagrun for example_sla_dag to 2023-03-16T01:24:00+00:00, run_after=2023-03-16T01:26:00+00:00
[2023-03-15T21:27:17.394-0400] {processor.py:175} INFO - Processing /Users/admin/opt/anaconda3/envs/python-airflow-venv/lib/python3.10/site-packages/airflow/example_dags/example_sla_dag.py took 0.829 seconds
[2023-03-15T21:29:13.151-0400] {logging_mixin.py:137} WARNING - /Users/admin/opt/anaconda3/envs/python-airflow-venv/lib/python3.10/site-packages/airflow/settings.py:337 DeprecationWarning: The sql_alchemy_pool_enabled option in [core] has been moved to the sql_alchemy_pool_enabled option in [database] - the old setting has been used, but please update your config.
[2023-03-15T21:29:13.156-0400] {logging_mixin.py:137} WARNING - /Users/admin/opt/anaconda3/envs/python-airflow-venv/lib/python3.10/site-packages/airflow/settings.py:400 DeprecationWarning: The sql_engine_encoding option in [core] has been moved to the sql_engine_encoding option in [database] - the old setting has been used, but please update your config.
[2023-03-15T21:29:13.156-0400] {processor.py:153} INFO - Started process (PID=17190) to work on /Users/admin/opt/anaconda3/envs/python-airflow-venv/lib/python3.10/site-packages/airflow/example_dags/example_sla_dag.py
[2023-03-15T21:29:13.157-0400] {processor.py:743} INFO - Processing file /Users/admin/opt/anaconda3/envs/python-airflow-venv/lib/python3.10/site-packages/airflow/example_dags/example_sla_dag.py for tasks to queue
[2023-03-15T21:29:13.157-0400] {logging_mixin.py:137} INFO - [2023-03-15T21:29:13.157-0400] {dagbag.py:538} INFO - Filling up the DagBag from /Users/admin/opt/anaconda3/envs/python-airflow-venv/lib/python3.10/site-packages/airflow/example_dags/example_sla_dag.py
[2023-03-15T21:29:13.235-0400] {processor.py:753} INFO - DAG(s) dict_keys(['example_sla_dag']) retrieved from /Users/admin/opt/anaconda3/envs/python-airflow-venv/lib/python3.10/site-packages/airflow/example_dags/example_sla_dag.py
[2023-03-15T21:29:13.279-0400] {logging_mixin.py:137} WARNING - /Users/admin/opt/anaconda3/envs/python-airflow-venv/lib/python3.10/site-packages/airflow/jobs/scheduler_job.py:124 DeprecationWarning: The processor_poll_interval option in [scheduler] has been renamed to scheduler_idle_sleep_time - the old setting has been used, but please update your config.
[2023-03-15T21:29:13.887-0400] {logging_mixin.py:137} INFO - [2023-03-15T21:29:13.886-0400] {dag.py:2690} INFO - Sync 1 DAGs
[2023-03-15T21:29:13.903-0400] {logging_mixin.py:137} INFO - [2023-03-15T21:29:13.903-0400] {dag.py:3437} INFO - Setting next_dagrun for example_sla_dag to 2023-03-16T01:26:00+00:00, run_after=2023-03-16T01:28:00+00:00
[2023-03-15T21:29:13.924-0400] {processor.py:175} INFO - Processing /Users/admin/opt/anaconda3/envs/python-airflow-venv/lib/python3.10/site-packages/airflow/example_dags/example_sla_dag.py took 0.774 seconds
[2023-03-15T21:31:03.956-0400] {logging_mixin.py:137} WARNING - /Users/admin/opt/anaconda3/envs/python-airflow-venv/lib/python3.10/site-packages/airflow/settings.py:337 DeprecationWarning: The sql_alchemy_pool_enabled option in [core] has been moved to the sql_alchemy_pool_enabled option in [database] - the old setting has been used, but please update your config.
[2023-03-15T21:31:03.961-0400] {logging_mixin.py:137} WARNING - /Users/admin/opt/anaconda3/envs/python-airflow-venv/lib/python3.10/site-packages/airflow/settings.py:400 DeprecationWarning: The sql_engine_encoding option in [core] has been moved to the sql_engine_encoding option in [database] - the old setting has been used, but please update your config.
[2023-03-15T21:31:03.961-0400] {processor.py:153} INFO - Started process (PID=18962) to work on /Users/admin/opt/anaconda3/envs/python-airflow-venv/lib/python3.10/site-packages/airflow/example_dags/example_sla_dag.py
[2023-03-15T21:31:03.962-0400] {processor.py:743} INFO - Processing file /Users/admin/opt/anaconda3/envs/python-airflow-venv/lib/python3.10/site-packages/airflow/example_dags/example_sla_dag.py for tasks to queue
[2023-03-15T21:31:03.962-0400] {logging_mixin.py:137} INFO - [2023-03-15T21:31:03.962-0400] {dagbag.py:538} INFO - Filling up the DagBag from /Users/admin/opt/anaconda3/envs/python-airflow-venv/lib/python3.10/site-packages/airflow/example_dags/example_sla_dag.py
[2023-03-15T21:31:04.033-0400] {processor.py:753} INFO - DAG(s) dict_keys(['example_sla_dag']) retrieved from /Users/admin/opt/anaconda3/envs/python-airflow-venv/lib/python3.10/site-packages/airflow/example_dags/example_sla_dag.py
[2023-03-15T21:31:04.077-0400] {logging_mixin.py:137} WARNING - /Users/admin/opt/anaconda3/envs/python-airflow-venv/lib/python3.10/site-packages/airflow/jobs/scheduler_job.py:124 DeprecationWarning: The processor_poll_interval option in [scheduler] has been renamed to scheduler_idle_sleep_time - the old setting has been used, but please update your config.
[2023-03-15T21:31:04.694-0400] {logging_mixin.py:137} INFO - [2023-03-15T21:31:04.693-0400] {dag.py:2690} INFO - Sync 1 DAGs
[2023-03-15T21:31:04.712-0400] {logging_mixin.py:137} INFO - [2023-03-15T21:31:04.712-0400] {dag.py:3437} INFO - Setting next_dagrun for example_sla_dag to 2023-03-16T01:28:00+00:00, run_after=2023-03-16T01:30:00+00:00
[2023-03-15T21:31:04.731-0400] {processor.py:175} INFO - Processing /Users/admin/opt/anaconda3/envs/python-airflow-venv/lib/python3.10/site-packages/airflow/example_dags/example_sla_dag.py took 0.776 seconds
[2023-03-15T21:33:02.179-0400] {logging_mixin.py:137} WARNING - /Users/admin/opt/anaconda3/envs/python-airflow-venv/lib/python3.10/site-packages/airflow/settings.py:337 DeprecationWarning: The sql_alchemy_pool_enabled option in [core] has been moved to the sql_alchemy_pool_enabled option in [database] - the old setting has been used, but please update your config.
[2023-03-15T21:33:02.184-0400] {logging_mixin.py:137} WARNING - /Users/admin/opt/anaconda3/envs/python-airflow-venv/lib/python3.10/site-packages/airflow/settings.py:400 DeprecationWarning: The sql_engine_encoding option in [core] has been moved to the sql_engine_encoding option in [database] - the old setting has been used, but please update your config.
[2023-03-15T21:33:02.184-0400] {processor.py:153} INFO - Started process (PID=19028) to work on /Users/admin/opt/anaconda3/envs/python-airflow-venv/lib/python3.10/site-packages/airflow/example_dags/example_sla_dag.py
[2023-03-15T21:33:02.185-0400] {processor.py:743} INFO - Processing file /Users/admin/opt/anaconda3/envs/python-airflow-venv/lib/python3.10/site-packages/airflow/example_dags/example_sla_dag.py for tasks to queue
[2023-03-15T21:33:02.185-0400] {logging_mixin.py:137} INFO - [2023-03-15T21:33:02.185-0400] {dagbag.py:538} INFO - Filling up the DagBag from /Users/admin/opt/anaconda3/envs/python-airflow-venv/lib/python3.10/site-packages/airflow/example_dags/example_sla_dag.py
[2023-03-15T21:33:02.258-0400] {processor.py:753} INFO - DAG(s) dict_keys(['example_sla_dag']) retrieved from /Users/admin/opt/anaconda3/envs/python-airflow-venv/lib/python3.10/site-packages/airflow/example_dags/example_sla_dag.py
[2023-03-15T21:33:02.302-0400] {logging_mixin.py:137} WARNING - /Users/admin/opt/anaconda3/envs/python-airflow-venv/lib/python3.10/site-packages/airflow/jobs/scheduler_job.py:124 DeprecationWarning: The processor_poll_interval option in [scheduler] has been renamed to scheduler_idle_sleep_time - the old setting has been used, but please update your config.
[2023-03-15T21:33:02.948-0400] {logging_mixin.py:137} INFO - [2023-03-15T21:33:02.948-0400] {dag.py:2690} INFO - Sync 1 DAGs
[2023-03-15T21:33:02.971-0400] {logging_mixin.py:137} INFO - [2023-03-15T21:33:02.971-0400] {dag.py:3437} INFO - Setting next_dagrun for example_sla_dag to 2023-03-16T01:30:00+00:00, run_after=2023-03-16T01:32:00+00:00
[2023-03-15T21:33:02.990-0400] {processor.py:175} INFO - Processing /Users/admin/opt/anaconda3/envs/python-airflow-venv/lib/python3.10/site-packages/airflow/example_dags/example_sla_dag.py took 0.812 seconds
[2023-03-15T21:34:57.773-0400] {logging_mixin.py:137} WARNING - /Users/admin/opt/anaconda3/envs/python-airflow-venv/lib/python3.10/site-packages/airflow/settings.py:337 DeprecationWarning: The sql_alchemy_pool_enabled option in [core] has been moved to the sql_alchemy_pool_enabled option in [database] - the old setting has been used, but please update your config.
[2023-03-15T21:34:57.778-0400] {logging_mixin.py:137} WARNING - /Users/admin/opt/anaconda3/envs/python-airflow-venv/lib/python3.10/site-packages/airflow/settings.py:400 DeprecationWarning: The sql_engine_encoding option in [core] has been moved to the sql_engine_encoding option in [database] - the old setting has been used, but please update your config.
[2023-03-15T21:34:57.778-0400] {processor.py:153} INFO - Started process (PID=19079) to work on /Users/admin/opt/anaconda3/envs/python-airflow-venv/lib/python3.10/site-packages/airflow/example_dags/example_sla_dag.py
[2023-03-15T21:34:57.778-0400] {processor.py:743} INFO - Processing file /Users/admin/opt/anaconda3/envs/python-airflow-venv/lib/python3.10/site-packages/airflow/example_dags/example_sla_dag.py for tasks to queue
[2023-03-15T21:34:57.779-0400] {logging_mixin.py:137} INFO - [2023-03-15T21:34:57.779-0400] {dagbag.py:538} INFO - Filling up the DagBag from /Users/admin/opt/anaconda3/envs/python-airflow-venv/lib/python3.10/site-packages/airflow/example_dags/example_sla_dag.py
[2023-03-15T21:34:57.855-0400] {processor.py:753} INFO - DAG(s) dict_keys(['example_sla_dag']) retrieved from /Users/admin/opt/anaconda3/envs/python-airflow-venv/lib/python3.10/site-packages/airflow/example_dags/example_sla_dag.py
[2023-03-15T21:34:57.899-0400] {logging_mixin.py:137} WARNING - /Users/admin/opt/anaconda3/envs/python-airflow-venv/lib/python3.10/site-packages/airflow/jobs/scheduler_job.py:124 DeprecationWarning: The processor_poll_interval option in [scheduler] has been renamed to scheduler_idle_sleep_time - the old setting has been used, but please update your config.
[2023-03-15T21:34:58.493-0400] {logging_mixin.py:137} INFO - [2023-03-15T21:34:58.493-0400] {dag.py:2690} INFO - Sync 1 DAGs
[2023-03-15T21:34:58.510-0400] {logging_mixin.py:137} INFO - [2023-03-15T21:34:58.510-0400] {dag.py:3437} INFO - Setting next_dagrun for example_sla_dag to 2023-03-16T01:32:00+00:00, run_after=2023-03-16T01:34:00+00:00
[2023-03-15T21:34:58.531-0400] {processor.py:175} INFO - Processing /Users/admin/opt/anaconda3/envs/python-airflow-venv/lib/python3.10/site-packages/airflow/example_dags/example_sla_dag.py took 0.759 seconds
[2023-03-15T21:36:58.347-0400] {logging_mixin.py:137} WARNING - /Users/admin/opt/anaconda3/envs/python-airflow-venv/lib/python3.10/site-packages/airflow/settings.py:337 DeprecationWarning: The sql_alchemy_pool_enabled option in [core] has been moved to the sql_alchemy_pool_enabled option in [database] - the old setting has been used, but please update your config.
[2023-03-15T21:36:58.368-0400] {logging_mixin.py:137} WARNING - /Users/admin/opt/anaconda3/envs/python-airflow-venv/lib/python3.10/site-packages/airflow/settings.py:400 DeprecationWarning: The sql_engine_encoding option in [core] has been moved to the sql_engine_encoding option in [database] - the old setting has been used, but please update your config.
[2023-03-15T21:36:58.368-0400] {processor.py:153} INFO - Started process (PID=19152) to work on /Users/admin/opt/anaconda3/envs/python-airflow-venv/lib/python3.10/site-packages/airflow/example_dags/example_sla_dag.py
[2023-03-15T21:36:58.368-0400] {processor.py:743} INFO - Processing file /Users/admin/opt/anaconda3/envs/python-airflow-venv/lib/python3.10/site-packages/airflow/example_dags/example_sla_dag.py for tasks to queue
[2023-03-15T21:36:58.369-0400] {logging_mixin.py:137} INFO - [2023-03-15T21:36:58.369-0400] {dagbag.py:538} INFO - Filling up the DagBag from /Users/admin/opt/anaconda3/envs/python-airflow-venv/lib/python3.10/site-packages/airflow/example_dags/example_sla_dag.py
[2023-03-15T21:36:58.521-0400] {processor.py:753} INFO - DAG(s) dict_keys(['example_sla_dag']) retrieved from /Users/admin/opt/anaconda3/envs/python-airflow-venv/lib/python3.10/site-packages/airflow/example_dags/example_sla_dag.py
[2023-03-15T21:36:58.595-0400] {logging_mixin.py:137} WARNING - /Users/admin/opt/anaconda3/envs/python-airflow-venv/lib/python3.10/site-packages/airflow/jobs/scheduler_job.py:124 DeprecationWarning: The processor_poll_interval option in [scheduler] has been renamed to scheduler_idle_sleep_time - the old setting has been used, but please update your config.
[2023-03-15T21:36:59.311-0400] {logging_mixin.py:137} INFO - [2023-03-15T21:36:59.311-0400] {dag.py:2690} INFO - Sync 1 DAGs
[2023-03-15T21:36:59.328-0400] {logging_mixin.py:137} INFO - [2023-03-15T21:36:59.328-0400] {dag.py:3437} INFO - Setting next_dagrun for example_sla_dag to 2023-03-16T01:34:00+00:00, run_after=2023-03-16T01:36:00+00:00
[2023-03-15T21:36:59.347-0400] {processor.py:175} INFO - Processing /Users/admin/opt/anaconda3/envs/python-airflow-venv/lib/python3.10/site-packages/airflow/example_dags/example_sla_dag.py took 1.001 seconds
[2023-03-15T21:39:04.182-0400] {logging_mixin.py:137} WARNING - /Users/admin/opt/anaconda3/envs/python-airflow-venv/lib/python3.10/site-packages/airflow/settings.py:337 DeprecationWarning: The sql_alchemy_pool_enabled option in [core] has been moved to the sql_alchemy_pool_enabled option in [database] - the old setting has been used, but please update your config.
[2023-03-15T21:39:04.187-0400] {logging_mixin.py:137} WARNING - /Users/admin/opt/anaconda3/envs/python-airflow-venv/lib/python3.10/site-packages/airflow/settings.py:400 DeprecationWarning: The sql_engine_encoding option in [core] has been moved to the sql_engine_encoding option in [database] - the old setting has been used, but please update your config.
[2023-03-15T21:39:04.187-0400] {processor.py:153} INFO - Started process (PID=19256) to work on /Users/admin/opt/anaconda3/envs/python-airflow-venv/lib/python3.10/site-packages/airflow/example_dags/example_sla_dag.py
[2023-03-15T21:39:04.187-0400] {processor.py:743} INFO - Processing file /Users/admin/opt/anaconda3/envs/python-airflow-venv/lib/python3.10/site-packages/airflow/example_dags/example_sla_dag.py for tasks to queue
[2023-03-15T21:39:04.188-0400] {logging_mixin.py:137} INFO - [2023-03-15T21:39:04.188-0400] {dagbag.py:538} INFO - Filling up the DagBag from /Users/admin/opt/anaconda3/envs/python-airflow-venv/lib/python3.10/site-packages/airflow/example_dags/example_sla_dag.py
[2023-03-15T21:39:04.267-0400] {processor.py:753} INFO - DAG(s) dict_keys(['example_sla_dag']) retrieved from /Users/admin/opt/anaconda3/envs/python-airflow-venv/lib/python3.10/site-packages/airflow/example_dags/example_sla_dag.py
[2023-03-15T21:39:04.315-0400] {logging_mixin.py:137} WARNING - /Users/admin/opt/anaconda3/envs/python-airflow-venv/lib/python3.10/site-packages/airflow/jobs/scheduler_job.py:124 DeprecationWarning: The processor_poll_interval option in [scheduler] has been renamed to scheduler_idle_sleep_time - the old setting has been used, but please update your config.
[2023-03-15T21:39:04.958-0400] {logging_mixin.py:137} INFO - [2023-03-15T21:39:04.957-0400] {dag.py:2690} INFO - Sync 1 DAGs
[2023-03-15T21:39:04.976-0400] {logging_mixin.py:137} INFO - [2023-03-15T21:39:04.975-0400] {dag.py:3437} INFO - Setting next_dagrun for example_sla_dag to 2023-03-16T01:36:00+00:00, run_after=2023-03-16T01:38:00+00:00
[2023-03-15T21:39:04.994-0400] {processor.py:175} INFO - Processing /Users/admin/opt/anaconda3/envs/python-airflow-venv/lib/python3.10/site-packages/airflow/example_dags/example_sla_dag.py took 0.813 seconds
[2023-03-15T21:41:29.619-0400] {logging_mixin.py:137} WARNING - /Users/admin/opt/anaconda3/envs/python-airflow-venv/lib/python3.10/site-packages/airflow/settings.py:337 DeprecationWarning: The sql_alchemy_pool_enabled option in [core] has been moved to the sql_alchemy_pool_enabled option in [database] - the old setting has been used, but please update your config.
[2023-03-15T21:41:29.624-0400] {logging_mixin.py:137} WARNING - /Users/admin/opt/anaconda3/envs/python-airflow-venv/lib/python3.10/site-packages/airflow/settings.py:400 DeprecationWarning: The sql_engine_encoding option in [core] has been moved to the sql_engine_encoding option in [database] - the old setting has been used, but please update your config.
[2023-03-15T21:41:29.624-0400] {processor.py:153} INFO - Started process (PID=19314) to work on /Users/admin/opt/anaconda3/envs/python-airflow-venv/lib/python3.10/site-packages/airflow/example_dags/example_sla_dag.py
[2023-03-15T21:41:29.624-0400] {processor.py:743} INFO - Processing file /Users/admin/opt/anaconda3/envs/python-airflow-venv/lib/python3.10/site-packages/airflow/example_dags/example_sla_dag.py for tasks to queue
[2023-03-15T21:41:29.625-0400] {logging_mixin.py:137} INFO - [2023-03-15T21:41:29.625-0400] {dagbag.py:538} INFO - Filling up the DagBag from /Users/admin/opt/anaconda3/envs/python-airflow-venv/lib/python3.10/site-packages/airflow/example_dags/example_sla_dag.py
[2023-03-15T21:41:29.703-0400] {processor.py:753} INFO - DAG(s) dict_keys(['example_sla_dag']) retrieved from /Users/admin/opt/anaconda3/envs/python-airflow-venv/lib/python3.10/site-packages/airflow/example_dags/example_sla_dag.py
[2023-03-15T21:41:29.752-0400] {logging_mixin.py:137} WARNING - /Users/admin/opt/anaconda3/envs/python-airflow-venv/lib/python3.10/site-packages/airflow/jobs/scheduler_job.py:124 DeprecationWarning: The processor_poll_interval option in [scheduler] has been renamed to scheduler_idle_sleep_time - the old setting has been used, but please update your config.
[2023-03-15T21:41:30.417-0400] {logging_mixin.py:137} INFO - [2023-03-15T21:41:30.417-0400] {dag.py:2690} INFO - Sync 1 DAGs
[2023-03-15T21:41:30.434-0400] {logging_mixin.py:137} INFO - [2023-03-15T21:41:30.434-0400] {dag.py:3437} INFO - Setting next_dagrun for example_sla_dag to 2023-03-16T01:38:00+00:00, run_after=2023-03-16T01:40:00+00:00
[2023-03-15T21:41:30.453-0400] {processor.py:175} INFO - Processing /Users/admin/opt/anaconda3/envs/python-airflow-venv/lib/python3.10/site-packages/airflow/example_dags/example_sla_dag.py took 0.835 seconds
[2023-03-15T21:43:32.483-0400] {logging_mixin.py:137} WARNING - /Users/admin/opt/anaconda3/envs/python-airflow-venv/lib/python3.10/site-packages/airflow/settings.py:337 DeprecationWarning: The sql_alchemy_pool_enabled option in [core] has been moved to the sql_alchemy_pool_enabled option in [database] - the old setting has been used, but please update your config.
[2023-03-15T21:43:32.488-0400] {logging_mixin.py:137} WARNING - /Users/admin/opt/anaconda3/envs/python-airflow-venv/lib/python3.10/site-packages/airflow/settings.py:400 DeprecationWarning: The sql_engine_encoding option in [core] has been moved to the sql_engine_encoding option in [database] - the old setting has been used, but please update your config.
[2023-03-15T21:43:32.488-0400] {processor.py:153} INFO - Started process (PID=19364) to work on /Users/admin/opt/anaconda3/envs/python-airflow-venv/lib/python3.10/site-packages/airflow/example_dags/example_sla_dag.py
[2023-03-15T21:43:32.489-0400] {processor.py:743} INFO - Processing file /Users/admin/opt/anaconda3/envs/python-airflow-venv/lib/python3.10/site-packages/airflow/example_dags/example_sla_dag.py for tasks to queue
[2023-03-15T21:43:32.489-0400] {logging_mixin.py:137} INFO - [2023-03-15T21:43:32.489-0400] {dagbag.py:538} INFO - Filling up the DagBag from /Users/admin/opt/anaconda3/envs/python-airflow-venv/lib/python3.10/site-packages/airflow/example_dags/example_sla_dag.py
[2023-03-15T21:43:32.561-0400] {processor.py:753} INFO - DAG(s) dict_keys(['example_sla_dag']) retrieved from /Users/admin/opt/anaconda3/envs/python-airflow-venv/lib/python3.10/site-packages/airflow/example_dags/example_sla_dag.py
[2023-03-15T21:43:32.606-0400] {logging_mixin.py:137} WARNING - /Users/admin/opt/anaconda3/envs/python-airflow-venv/lib/python3.10/site-packages/airflow/jobs/scheduler_job.py:124 DeprecationWarning: The processor_poll_interval option in [scheduler] has been renamed to scheduler_idle_sleep_time - the old setting has been used, but please update your config.
[2023-03-15T21:43:33.198-0400] {logging_mixin.py:137} INFO - [2023-03-15T21:43:33.198-0400] {dag.py:2690} INFO - Sync 1 DAGs
[2023-03-15T21:43:33.215-0400] {logging_mixin.py:137} INFO - [2023-03-15T21:43:33.215-0400] {dag.py:3437} INFO - Setting next_dagrun for example_sla_dag to 2023-03-16T01:40:00+00:00, run_after=2023-03-16T01:42:00+00:00
[2023-03-15T21:43:33.232-0400] {processor.py:175} INFO - Processing /Users/admin/opt/anaconda3/envs/python-airflow-venv/lib/python3.10/site-packages/airflow/example_dags/example_sla_dag.py took 0.750 seconds
[2023-03-15T21:45:37.886-0400] {logging_mixin.py:137} WARNING - /Users/admin/opt/anaconda3/envs/python-airflow-venv/lib/python3.10/site-packages/airflow/settings.py:337 DeprecationWarning: The sql_alchemy_pool_enabled option in [core] has been moved to the sql_alchemy_pool_enabled option in [database] - the old setting has been used, but please update your config.
[2023-03-15T21:45:37.890-0400] {logging_mixin.py:137} WARNING - /Users/admin/opt/anaconda3/envs/python-airflow-venv/lib/python3.10/site-packages/airflow/settings.py:400 DeprecationWarning: The sql_engine_encoding option in [core] has been moved to the sql_engine_encoding option in [database] - the old setting has been used, but please update your config.
[2023-03-15T21:45:37.891-0400] {processor.py:153} INFO - Started process (PID=19422) to work on /Users/admin/opt/anaconda3/envs/python-airflow-venv/lib/python3.10/site-packages/airflow/example_dags/example_sla_dag.py
[2023-03-15T21:45:37.891-0400] {processor.py:743} INFO - Processing file /Users/admin/opt/anaconda3/envs/python-airflow-venv/lib/python3.10/site-packages/airflow/example_dags/example_sla_dag.py for tasks to queue
[2023-03-15T21:45:37.891-0400] {logging_mixin.py:137} INFO - [2023-03-15T21:45:37.891-0400] {dagbag.py:538} INFO - Filling up the DagBag from /Users/admin/opt/anaconda3/envs/python-airflow-venv/lib/python3.10/site-packages/airflow/example_dags/example_sla_dag.py
[2023-03-15T21:45:37.974-0400] {processor.py:753} INFO - DAG(s) dict_keys(['example_sla_dag']) retrieved from /Users/admin/opt/anaconda3/envs/python-airflow-venv/lib/python3.10/site-packages/airflow/example_dags/example_sla_dag.py
[2023-03-15T21:45:38.020-0400] {logging_mixin.py:137} WARNING - /Users/admin/opt/anaconda3/envs/python-airflow-venv/lib/python3.10/site-packages/airflow/jobs/scheduler_job.py:124 DeprecationWarning: The processor_poll_interval option in [scheduler] has been renamed to scheduler_idle_sleep_time - the old setting has been used, but please update your config.
[2023-03-15T21:45:38.660-0400] {logging_mixin.py:137} INFO - [2023-03-15T21:45:38.660-0400] {dag.py:2690} INFO - Sync 1 DAGs
[2023-03-15T21:45:38.678-0400] {logging_mixin.py:137} INFO - [2023-03-15T21:45:38.678-0400] {dag.py:3437} INFO - Setting next_dagrun for example_sla_dag to 2023-03-16T01:42:00+00:00, run_after=2023-03-16T01:44:00+00:00
[2023-03-15T21:45:38.696-0400] {processor.py:175} INFO - Processing /Users/admin/opt/anaconda3/envs/python-airflow-venv/lib/python3.10/site-packages/airflow/example_dags/example_sla_dag.py took 0.811 seconds
[2023-03-15T21:47:36.135-0400] {logging_mixin.py:137} WARNING - /Users/admin/opt/anaconda3/envs/python-airflow-venv/lib/python3.10/site-packages/airflow/settings.py:337 DeprecationWarning: The sql_alchemy_pool_enabled option in [core] has been moved to the sql_alchemy_pool_enabled option in [database] - the old setting has been used, but please update your config.
[2023-03-15T21:47:36.140-0400] {logging_mixin.py:137} WARNING - /Users/admin/opt/anaconda3/envs/python-airflow-venv/lib/python3.10/site-packages/airflow/settings.py:400 DeprecationWarning: The sql_engine_encoding option in [core] has been moved to the sql_engine_encoding option in [database] - the old setting has been used, but please update your config.
[2023-03-15T21:47:36.140-0400] {processor.py:153} INFO - Started process (PID=19472) to work on /Users/admin/opt/anaconda3/envs/python-airflow-venv/lib/python3.10/site-packages/airflow/example_dags/example_sla_dag.py
[2023-03-15T21:47:36.140-0400] {processor.py:743} INFO - Processing file /Users/admin/opt/anaconda3/envs/python-airflow-venv/lib/python3.10/site-packages/airflow/example_dags/example_sla_dag.py for tasks to queue
[2023-03-15T21:47:36.141-0400] {logging_mixin.py:137} INFO - [2023-03-15T21:47:36.141-0400] {dagbag.py:538} INFO - Filling up the DagBag from /Users/admin/opt/anaconda3/envs/python-airflow-venv/lib/python3.10/site-packages/airflow/example_dags/example_sla_dag.py
[2023-03-15T21:47:36.212-0400] {processor.py:753} INFO - DAG(s) dict_keys(['example_sla_dag']) retrieved from /Users/admin/opt/anaconda3/envs/python-airflow-venv/lib/python3.10/site-packages/airflow/example_dags/example_sla_dag.py
[2023-03-15T21:47:36.255-0400] {logging_mixin.py:137} WARNING - /Users/admin/opt/anaconda3/envs/python-airflow-venv/lib/python3.10/site-packages/airflow/jobs/scheduler_job.py:124 DeprecationWarning: The processor_poll_interval option in [scheduler] has been renamed to scheduler_idle_sleep_time - the old setting has been used, but please update your config.
[2023-03-15T21:47:36.855-0400] {logging_mixin.py:137} INFO - [2023-03-15T21:47:36.855-0400] {dag.py:2690} INFO - Sync 1 DAGs
[2023-03-15T21:47:36.872-0400] {logging_mixin.py:137} INFO - [2023-03-15T21:47:36.872-0400] {dag.py:3437} INFO - Setting next_dagrun for example_sla_dag to 2023-03-16T01:44:00+00:00, run_after=2023-03-16T01:46:00+00:00
[2023-03-15T21:47:36.890-0400] {processor.py:175} INFO - Processing /Users/admin/opt/anaconda3/envs/python-airflow-venv/lib/python3.10/site-packages/airflow/example_dags/example_sla_dag.py took 0.756 seconds
[2023-03-15T21:49:31.697-0400] {logging_mixin.py:137} WARNING - /Users/admin/opt/anaconda3/envs/python-airflow-venv/lib/python3.10/site-packages/airflow/settings.py:337 DeprecationWarning: The sql_alchemy_pool_enabled option in [core] has been moved to the sql_alchemy_pool_enabled option in [database] - the old setting has been used, but please update your config.
[2023-03-15T21:49:31.701-0400] {logging_mixin.py:137} WARNING - /Users/admin/opt/anaconda3/envs/python-airflow-venv/lib/python3.10/site-packages/airflow/settings.py:400 DeprecationWarning: The sql_engine_encoding option in [core] has been moved to the sql_engine_encoding option in [database] - the old setting has been used, but please update your config.
[2023-03-15T21:49:31.702-0400] {processor.py:153} INFO - Started process (PID=19524) to work on /Users/admin/opt/anaconda3/envs/python-airflow-venv/lib/python3.10/site-packages/airflow/example_dags/example_sla_dag.py
[2023-03-15T21:49:31.702-0400] {processor.py:743} INFO - Processing file /Users/admin/opt/anaconda3/envs/python-airflow-venv/lib/python3.10/site-packages/airflow/example_dags/example_sla_dag.py for tasks to queue
[2023-03-15T21:49:31.702-0400] {logging_mixin.py:137} INFO - [2023-03-15T21:49:31.702-0400] {dagbag.py:538} INFO - Filling up the DagBag from /Users/admin/opt/anaconda3/envs/python-airflow-venv/lib/python3.10/site-packages/airflow/example_dags/example_sla_dag.py
[2023-03-15T21:49:31.775-0400] {processor.py:753} INFO - DAG(s) dict_keys(['example_sla_dag']) retrieved from /Users/admin/opt/anaconda3/envs/python-airflow-venv/lib/python3.10/site-packages/airflow/example_dags/example_sla_dag.py
[2023-03-15T21:49:31.818-0400] {logging_mixin.py:137} WARNING - /Users/admin/opt/anaconda3/envs/python-airflow-venv/lib/python3.10/site-packages/airflow/jobs/scheduler_job.py:124 DeprecationWarning: The processor_poll_interval option in [scheduler] has been renamed to scheduler_idle_sleep_time - the old setting has been used, but please update your config.
[2023-03-15T21:49:32.426-0400] {logging_mixin.py:137} INFO - [2023-03-15T21:49:32.426-0400] {dag.py:2690} INFO - Sync 1 DAGs
[2023-03-15T21:49:32.444-0400] {logging_mixin.py:137} INFO - [2023-03-15T21:49:32.444-0400] {dag.py:3437} INFO - Setting next_dagrun for example_sla_dag to 2023-03-16T01:46:00+00:00, run_after=2023-03-16T01:48:00+00:00
[2023-03-15T21:49:32.464-0400] {processor.py:175} INFO - Processing /Users/admin/opt/anaconda3/envs/python-airflow-venv/lib/python3.10/site-packages/airflow/example_dags/example_sla_dag.py took 0.768 seconds
[2023-03-15T21:51:33.381-0400] {logging_mixin.py:137} WARNING - /Users/admin/opt/anaconda3/envs/python-airflow-venv/lib/python3.10/site-packages/airflow/settings.py:337 DeprecationWarning: The sql_alchemy_pool_enabled option in [core] has been moved to the sql_alchemy_pool_enabled option in [database] - the old setting has been used, but please update your config.
[2023-03-15T21:51:33.386-0400] {logging_mixin.py:137} WARNING - /Users/admin/opt/anaconda3/envs/python-airflow-venv/lib/python3.10/site-packages/airflow/settings.py:400 DeprecationWarning: The sql_engine_encoding option in [core] has been moved to the sql_engine_encoding option in [database] - the old setting has been used, but please update your config.
[2023-03-15T21:51:33.387-0400] {processor.py:153} INFO - Started process (PID=19586) to work on /Users/admin/opt/anaconda3/envs/python-airflow-venv/lib/python3.10/site-packages/airflow/example_dags/example_sla_dag.py
[2023-03-15T21:51:33.387-0400] {processor.py:743} INFO - Processing file /Users/admin/opt/anaconda3/envs/python-airflow-venv/lib/python3.10/site-packages/airflow/example_dags/example_sla_dag.py for tasks to queue
[2023-03-15T21:51:33.388-0400] {logging_mixin.py:137} INFO - [2023-03-15T21:51:33.388-0400] {dagbag.py:538} INFO - Filling up the DagBag from /Users/admin/opt/anaconda3/envs/python-airflow-venv/lib/python3.10/site-packages/airflow/example_dags/example_sla_dag.py
[2023-03-15T21:51:33.468-0400] {processor.py:753} INFO - DAG(s) dict_keys(['example_sla_dag']) retrieved from /Users/admin/opt/anaconda3/envs/python-airflow-venv/lib/python3.10/site-packages/airflow/example_dags/example_sla_dag.py
[2023-03-15T21:51:33.516-0400] {logging_mixin.py:137} WARNING - /Users/admin/opt/anaconda3/envs/python-airflow-venv/lib/python3.10/site-packages/airflow/jobs/scheduler_job.py:124 DeprecationWarning: The processor_poll_interval option in [scheduler] has been renamed to scheduler_idle_sleep_time - the old setting has been used, but please update your config.
[2023-03-15T21:51:34.187-0400] {logging_mixin.py:137} INFO - [2023-03-15T21:51:34.186-0400] {dag.py:2690} INFO - Sync 1 DAGs
[2023-03-15T21:51:34.206-0400] {logging_mixin.py:137} INFO - [2023-03-15T21:51:34.206-0400] {dag.py:3437} INFO - Setting next_dagrun for example_sla_dag to 2023-03-16T01:48:00+00:00, run_after=2023-03-16T01:50:00+00:00
[2023-03-15T21:51:34.222-0400] {processor.py:175} INFO - Processing /Users/admin/opt/anaconda3/envs/python-airflow-venv/lib/python3.10/site-packages/airflow/example_dags/example_sla_dag.py took 0.841 seconds
[2023-03-15T21:53:28.695-0400] {logging_mixin.py:137} WARNING - /Users/admin/opt/anaconda3/envs/python-airflow-venv/lib/python3.10/site-packages/airflow/settings.py:337 DeprecationWarning: The sql_alchemy_pool_enabled option in [core] has been moved to the sql_alchemy_pool_enabled option in [database] - the old setting has been used, but please update your config.
[2023-03-15T21:53:28.701-0400] {logging_mixin.py:137} WARNING - /Users/admin/opt/anaconda3/envs/python-airflow-venv/lib/python3.10/site-packages/airflow/settings.py:400 DeprecationWarning: The sql_engine_encoding option in [core] has been moved to the sql_engine_encoding option in [database] - the old setting has been used, but please update your config.
[2023-03-15T21:53:28.702-0400] {processor.py:153} INFO - Started process (PID=19653) to work on /Users/admin/opt/anaconda3/envs/python-airflow-venv/lib/python3.10/site-packages/airflow/example_dags/example_sla_dag.py
[2023-03-15T21:53:28.702-0400] {processor.py:743} INFO - Processing file /Users/admin/opt/anaconda3/envs/python-airflow-venv/lib/python3.10/site-packages/airflow/example_dags/example_sla_dag.py for tasks to queue
[2023-03-15T21:53:28.702-0400] {logging_mixin.py:137} INFO - [2023-03-15T21:53:28.702-0400] {dagbag.py:538} INFO - Filling up the DagBag from /Users/admin/opt/anaconda3/envs/python-airflow-venv/lib/python3.10/site-packages/airflow/example_dags/example_sla_dag.py
[2023-03-15T21:53:28.779-0400] {processor.py:753} INFO - DAG(s) dict_keys(['example_sla_dag']) retrieved from /Users/admin/opt/anaconda3/envs/python-airflow-venv/lib/python3.10/site-packages/airflow/example_dags/example_sla_dag.py
[2023-03-15T21:53:28.824-0400] {logging_mixin.py:137} WARNING - /Users/admin/opt/anaconda3/envs/python-airflow-venv/lib/python3.10/site-packages/airflow/jobs/scheduler_job.py:124 DeprecationWarning: The processor_poll_interval option in [scheduler] has been renamed to scheduler_idle_sleep_time - the old setting has been used, but please update your config.
[2023-03-15T21:53:29.428-0400] {logging_mixin.py:137} INFO - [2023-03-15T21:53:29.428-0400] {dag.py:2690} INFO - Sync 1 DAGs
[2023-03-15T21:53:29.445-0400] {logging_mixin.py:137} INFO - [2023-03-15T21:53:29.445-0400] {dag.py:3437} INFO - Setting next_dagrun for example_sla_dag to 2023-03-16T01:50:00+00:00, run_after=2023-03-16T01:52:00+00:00
[2023-03-15T21:53:29.459-0400] {processor.py:175} INFO - Processing /Users/admin/opt/anaconda3/envs/python-airflow-venv/lib/python3.10/site-packages/airflow/example_dags/example_sla_dag.py took 0.765 seconds
[2023-03-15T21:55:21.243-0400] {logging_mixin.py:137} WARNING - /Users/admin/opt/anaconda3/envs/python-airflow-venv/lib/python3.10/site-packages/airflow/settings.py:337 DeprecationWarning: The sql_alchemy_pool_enabled option in [core] has been moved to the sql_alchemy_pool_enabled option in [database] - the old setting has been used, but please update your config.
[2023-03-15T21:55:21.250-0400] {logging_mixin.py:137} WARNING - /Users/admin/opt/anaconda3/envs/python-airflow-venv/lib/python3.10/site-packages/airflow/settings.py:400 DeprecationWarning: The sql_engine_encoding option in [core] has been moved to the sql_engine_encoding option in [database] - the old setting has been used, but please update your config.
[2023-03-15T21:55:21.251-0400] {processor.py:153} INFO - Started process (PID=19725) to work on /Users/admin/opt/anaconda3/envs/python-airflow-venv/lib/python3.10/site-packages/airflow/example_dags/example_sla_dag.py
[2023-03-15T21:55:21.251-0400] {processor.py:743} INFO - Processing file /Users/admin/opt/anaconda3/envs/python-airflow-venv/lib/python3.10/site-packages/airflow/example_dags/example_sla_dag.py for tasks to queue
[2023-03-15T21:55:21.252-0400] {logging_mixin.py:137} INFO - [2023-03-15T21:55:21.251-0400] {dagbag.py:538} INFO - Filling up the DagBag from /Users/admin/opt/anaconda3/envs/python-airflow-venv/lib/python3.10/site-packages/airflow/example_dags/example_sla_dag.py
[2023-03-15T21:55:21.328-0400] {processor.py:753} INFO - DAG(s) dict_keys(['example_sla_dag']) retrieved from /Users/admin/opt/anaconda3/envs/python-airflow-venv/lib/python3.10/site-packages/airflow/example_dags/example_sla_dag.py
[2023-03-15T21:55:21.379-0400] {logging_mixin.py:137} WARNING - /Users/admin/opt/anaconda3/envs/python-airflow-venv/lib/python3.10/site-packages/airflow/jobs/scheduler_job.py:124 DeprecationWarning: The processor_poll_interval option in [scheduler] has been renamed to scheduler_idle_sleep_time - the old setting has been used, but please update your config.
[2023-03-15T21:55:22.049-0400] {logging_mixin.py:137} INFO - [2023-03-15T21:55:22.048-0400] {dag.py:2690} INFO - Sync 1 DAGs
[2023-03-15T21:55:22.068-0400] {logging_mixin.py:137} INFO - [2023-03-15T21:55:22.068-0400] {dag.py:3437} INFO - Setting next_dagrun for example_sla_dag to 2023-03-16T01:52:00+00:00, run_after=2023-03-16T01:54:00+00:00
[2023-03-15T21:55:22.087-0400] {processor.py:175} INFO - Processing /Users/admin/opt/anaconda3/envs/python-airflow-venv/lib/python3.10/site-packages/airflow/example_dags/example_sla_dag.py took 0.845 seconds
[2023-03-15T21:57:21.747-0400] {logging_mixin.py:137} WARNING - /Users/admin/opt/anaconda3/envs/python-airflow-venv/lib/python3.10/site-packages/airflow/settings.py:337 DeprecationWarning: The sql_alchemy_pool_enabled option in [core] has been moved to the sql_alchemy_pool_enabled option in [database] - the old setting has been used, but please update your config.
[2023-03-15T21:57:21.751-0400] {logging_mixin.py:137} WARNING - /Users/admin/opt/anaconda3/envs/python-airflow-venv/lib/python3.10/site-packages/airflow/settings.py:400 DeprecationWarning: The sql_engine_encoding option in [core] has been moved to the sql_engine_encoding option in [database] - the old setting has been used, but please update your config.
[2023-03-15T21:57:21.752-0400] {processor.py:153} INFO - Started process (PID=19779) to work on /Users/admin/opt/anaconda3/envs/python-airflow-venv/lib/python3.10/site-packages/airflow/example_dags/example_sla_dag.py
[2023-03-15T21:57:21.752-0400] {processor.py:743} INFO - Processing file /Users/admin/opt/anaconda3/envs/python-airflow-venv/lib/python3.10/site-packages/airflow/example_dags/example_sla_dag.py for tasks to queue
[2023-03-15T21:57:21.752-0400] {logging_mixin.py:137} INFO - [2023-03-15T21:57:21.752-0400] {dagbag.py:538} INFO - Filling up the DagBag from /Users/admin/opt/anaconda3/envs/python-airflow-venv/lib/python3.10/site-packages/airflow/example_dags/example_sla_dag.py
[2023-03-15T21:57:21.828-0400] {processor.py:753} INFO - DAG(s) dict_keys(['example_sla_dag']) retrieved from /Users/admin/opt/anaconda3/envs/python-airflow-venv/lib/python3.10/site-packages/airflow/example_dags/example_sla_dag.py
[2023-03-15T21:57:21.873-0400] {logging_mixin.py:137} WARNING - /Users/admin/opt/anaconda3/envs/python-airflow-venv/lib/python3.10/site-packages/airflow/jobs/scheduler_job.py:124 DeprecationWarning: The processor_poll_interval option in [scheduler] has been renamed to scheduler_idle_sleep_time - the old setting has been used, but please update your config.
[2023-03-15T21:57:22.483-0400] {logging_mixin.py:137} INFO - [2023-03-15T21:57:22.483-0400] {dag.py:2690} INFO - Sync 1 DAGs
[2023-03-15T21:57:22.501-0400] {logging_mixin.py:137} INFO - [2023-03-15T21:57:22.500-0400] {dag.py:3437} INFO - Setting next_dagrun for example_sla_dag to 2023-03-16T01:54:00+00:00, run_after=2023-03-16T01:56:00+00:00
[2023-03-15T21:57:22.518-0400] {processor.py:175} INFO - Processing /Users/admin/opt/anaconda3/envs/python-airflow-venv/lib/python3.10/site-packages/airflow/example_dags/example_sla_dag.py took 0.772 seconds
[2023-03-15T21:59:14.479-0400] {logging_mixin.py:137} WARNING - /Users/admin/opt/anaconda3/envs/python-airflow-venv/lib/python3.10/site-packages/airflow/settings.py:337 DeprecationWarning: The sql_alchemy_pool_enabled option in [core] has been moved to the sql_alchemy_pool_enabled option in [database] - the old setting has been used, but please update your config.
[2023-03-15T21:59:14.487-0400] {logging_mixin.py:137} WARNING - /Users/admin/opt/anaconda3/envs/python-airflow-venv/lib/python3.10/site-packages/airflow/settings.py:400 DeprecationWarning: The sql_engine_encoding option in [core] has been moved to the sql_engine_encoding option in [database] - the old setting has been used, but please update your config.
[2023-03-15T21:59:14.487-0400] {processor.py:153} INFO - Started process (PID=19838) to work on /Users/admin/opt/anaconda3/envs/python-airflow-venv/lib/python3.10/site-packages/airflow/example_dags/example_sla_dag.py
[2023-03-15T21:59:14.488-0400] {processor.py:743} INFO - Processing file /Users/admin/opt/anaconda3/envs/python-airflow-venv/lib/python3.10/site-packages/airflow/example_dags/example_sla_dag.py for tasks to queue
[2023-03-15T21:59:14.489-0400] {logging_mixin.py:137} INFO - [2023-03-15T21:59:14.488-0400] {dagbag.py:538} INFO - Filling up the DagBag from /Users/admin/opt/anaconda3/envs/python-airflow-venv/lib/python3.10/site-packages/airflow/example_dags/example_sla_dag.py
[2023-03-15T21:59:14.573-0400] {processor.py:753} INFO - DAG(s) dict_keys(['example_sla_dag']) retrieved from /Users/admin/opt/anaconda3/envs/python-airflow-venv/lib/python3.10/site-packages/airflow/example_dags/example_sla_dag.py
[2023-03-15T21:59:14.627-0400] {logging_mixin.py:137} WARNING - /Users/admin/opt/anaconda3/envs/python-airflow-venv/lib/python3.10/site-packages/airflow/jobs/scheduler_job.py:124 DeprecationWarning: The processor_poll_interval option in [scheduler] has been renamed to scheduler_idle_sleep_time - the old setting has been used, but please update your config.
[2023-03-15T21:59:15.318-0400] {logging_mixin.py:137} INFO - [2023-03-15T21:59:15.318-0400] {dag.py:2690} INFO - Sync 1 DAGs
[2023-03-15T21:59:15.335-0400] {logging_mixin.py:137} INFO - [2023-03-15T21:59:15.335-0400] {dag.py:3437} INFO - Setting next_dagrun for example_sla_dag to 2023-03-16T01:56:00+00:00, run_after=2023-03-16T01:58:00+00:00
[2023-03-15T21:59:15.357-0400] {processor.py:175} INFO - Processing /Users/admin/opt/anaconda3/envs/python-airflow-venv/lib/python3.10/site-packages/airflow/example_dags/example_sla_dag.py took 0.879 seconds
[2023-03-15T22:03:29.364-0400] {logging_mixin.py:137} WARNING - /Users/admin/opt/anaconda3/envs/python-airflow-venv/lib/python3.10/site-packages/airflow/settings.py:337 DeprecationWarning: The sql_alchemy_pool_enabled option in [core] has been moved to the sql_alchemy_pool_enabled option in [database] - the old setting has been used, but please update your config.
[2023-03-15T22:03:29.369-0400] {logging_mixin.py:137} WARNING - /Users/admin/opt/anaconda3/envs/python-airflow-venv/lib/python3.10/site-packages/airflow/settings.py:400 DeprecationWarning: The sql_engine_encoding option in [core] has been moved to the sql_engine_encoding option in [database] - the old setting has been used, but please update your config.
[2023-03-15T22:03:29.370-0400] {processor.py:153} INFO - Started process (PID=19900) to work on /Users/admin/opt/anaconda3/envs/python-airflow-venv/lib/python3.10/site-packages/airflow/example_dags/example_sla_dag.py
[2023-03-15T22:03:29.370-0400] {processor.py:743} INFO - Processing file /Users/admin/opt/anaconda3/envs/python-airflow-venv/lib/python3.10/site-packages/airflow/example_dags/example_sla_dag.py for tasks to queue
[2023-03-15T22:03:29.370-0400] {logging_mixin.py:137} INFO - [2023-03-15T22:03:29.370-0400] {dagbag.py:538} INFO - Filling up the DagBag from /Users/admin/opt/anaconda3/envs/python-airflow-venv/lib/python3.10/site-packages/airflow/example_dags/example_sla_dag.py
[2023-03-15T22:03:29.440-0400] {processor.py:753} INFO - DAG(s) dict_keys(['example_sla_dag']) retrieved from /Users/admin/opt/anaconda3/envs/python-airflow-venv/lib/python3.10/site-packages/airflow/example_dags/example_sla_dag.py
[2023-03-15T22:03:29.483-0400] {logging_mixin.py:137} WARNING - /Users/admin/opt/anaconda3/envs/python-airflow-venv/lib/python3.10/site-packages/airflow/jobs/scheduler_job.py:124 DeprecationWarning: The processor_poll_interval option in [scheduler] has been renamed to scheduler_idle_sleep_time - the old setting has been used, but please update your config.
[2023-03-15T22:03:30.091-0400] {logging_mixin.py:137} INFO - [2023-03-15T22:03:30.091-0400] {dag.py:2690} INFO - Sync 1 DAGs
[2023-03-15T22:03:30.109-0400] {logging_mixin.py:137} INFO - [2023-03-15T22:03:30.109-0400] {dag.py:3437} INFO - Setting next_dagrun for example_sla_dag to 2023-03-16T02:00:00+00:00, run_after=2023-03-16T02:02:00+00:00
[2023-03-15T22:03:30.127-0400] {processor.py:175} INFO - Processing /Users/admin/opt/anaconda3/envs/python-airflow-venv/lib/python3.10/site-packages/airflow/example_dags/example_sla_dag.py took 0.764 seconds
[2023-03-15T22:05:27.188-0400] {logging_mixin.py:137} WARNING - /Users/admin/opt/anaconda3/envs/python-airflow-venv/lib/python3.10/site-packages/airflow/settings.py:337 DeprecationWarning: The sql_alchemy_pool_enabled option in [core] has been moved to the sql_alchemy_pool_enabled option in [database] - the old setting has been used, but please update your config.
[2023-03-15T22:05:27.193-0400] {logging_mixin.py:137} WARNING - /Users/admin/opt/anaconda3/envs/python-airflow-venv/lib/python3.10/site-packages/airflow/settings.py:400 DeprecationWarning: The sql_engine_encoding option in [core] has been moved to the sql_engine_encoding option in [database] - the old setting has been used, but please update your config.
[2023-03-15T22:05:27.193-0400] {processor.py:153} INFO - Started process (PID=19951) to work on /Users/admin/opt/anaconda3/envs/python-airflow-venv/lib/python3.10/site-packages/airflow/example_dags/example_sla_dag.py
[2023-03-15T22:05:27.194-0400] {processor.py:743} INFO - Processing file /Users/admin/opt/anaconda3/envs/python-airflow-venv/lib/python3.10/site-packages/airflow/example_dags/example_sla_dag.py for tasks to queue
[2023-03-15T22:05:27.194-0400] {logging_mixin.py:137} INFO - [2023-03-15T22:05:27.194-0400] {dagbag.py:538} INFO - Filling up the DagBag from /Users/admin/opt/anaconda3/envs/python-airflow-venv/lib/python3.10/site-packages/airflow/example_dags/example_sla_dag.py
[2023-03-15T22:05:27.266-0400] {processor.py:753} INFO - DAG(s) dict_keys(['example_sla_dag']) retrieved from /Users/admin/opt/anaconda3/envs/python-airflow-venv/lib/python3.10/site-packages/airflow/example_dags/example_sla_dag.py
[2023-03-15T22:05:27.309-0400] {logging_mixin.py:137} WARNING - /Users/admin/opt/anaconda3/envs/python-airflow-venv/lib/python3.10/site-packages/airflow/jobs/scheduler_job.py:124 DeprecationWarning: The processor_poll_interval option in [scheduler] has been renamed to scheduler_idle_sleep_time - the old setting has been used, but please update your config.
[2023-03-15T22:05:27.914-0400] {logging_mixin.py:137} INFO - [2023-03-15T22:05:27.913-0400] {dag.py:2690} INFO - Sync 1 DAGs
[2023-03-15T22:05:27.932-0400] {logging_mixin.py:137} INFO - [2023-03-15T22:05:27.932-0400] {dag.py:3437} INFO - Setting next_dagrun for example_sla_dag to 2023-03-16T02:02:00+00:00, run_after=2023-03-16T02:04:00+00:00
[2023-03-15T22:05:27.950-0400] {processor.py:175} INFO - Processing /Users/admin/opt/anaconda3/envs/python-airflow-venv/lib/python3.10/site-packages/airflow/example_dags/example_sla_dag.py took 0.763 seconds
[2023-03-15T22:07:33.416-0400] {logging_mixin.py:137} WARNING - /Users/admin/opt/anaconda3/envs/python-airflow-venv/lib/python3.10/site-packages/airflow/settings.py:337 DeprecationWarning: The sql_alchemy_pool_enabled option in [core] has been moved to the sql_alchemy_pool_enabled option in [database] - the old setting has been used, but please update your config.
[2023-03-15T22:07:33.421-0400] {logging_mixin.py:137} WARNING - /Users/admin/opt/anaconda3/envs/python-airflow-venv/lib/python3.10/site-packages/airflow/settings.py:400 DeprecationWarning: The sql_engine_encoding option in [core] has been moved to the sql_engine_encoding option in [database] - the old setting has been used, but please update your config.
[2023-03-15T22:07:33.422-0400] {processor.py:153} INFO - Started process (PID=20004) to work on /Users/admin/opt/anaconda3/envs/python-airflow-venv/lib/python3.10/site-packages/airflow/example_dags/example_sla_dag.py
[2023-03-15T22:07:33.422-0400] {processor.py:743} INFO - Processing file /Users/admin/opt/anaconda3/envs/python-airflow-venv/lib/python3.10/site-packages/airflow/example_dags/example_sla_dag.py for tasks to queue
[2023-03-15T22:07:33.423-0400] {logging_mixin.py:137} INFO - [2023-03-15T22:07:33.422-0400] {dagbag.py:538} INFO - Filling up the DagBag from /Users/admin/opt/anaconda3/envs/python-airflow-venv/lib/python3.10/site-packages/airflow/example_dags/example_sla_dag.py
[2023-03-15T22:07:33.508-0400] {processor.py:753} INFO - DAG(s) dict_keys(['example_sla_dag']) retrieved from /Users/admin/opt/anaconda3/envs/python-airflow-venv/lib/python3.10/site-packages/airflow/example_dags/example_sla_dag.py
[2023-03-15T22:07:33.561-0400] {logging_mixin.py:137} WARNING - /Users/admin/opt/anaconda3/envs/python-airflow-venv/lib/python3.10/site-packages/airflow/jobs/scheduler_job.py:124 DeprecationWarning: The processor_poll_interval option in [scheduler] has been renamed to scheduler_idle_sleep_time - the old setting has been used, but please update your config.
[2023-03-15T22:07:34.241-0400] {logging_mixin.py:137} INFO - [2023-03-15T22:07:34.241-0400] {dag.py:2690} INFO - Sync 1 DAGs
[2023-03-15T22:07:34.264-0400] {logging_mixin.py:137} INFO - [2023-03-15T22:07:34.264-0400] {dag.py:3437} INFO - Setting next_dagrun for example_sla_dag to 2023-03-16T02:04:00+00:00, run_after=2023-03-16T02:06:00+00:00
[2023-03-15T22:07:34.286-0400] {processor.py:175} INFO - Processing /Users/admin/opt/anaconda3/envs/python-airflow-venv/lib/python3.10/site-packages/airflow/example_dags/example_sla_dag.py took 0.871 seconds
