[2023-03-15T21:23:26.581-0400] {logging_mixin.py:137} WARNING - /Users/admin/opt/anaconda3/envs/python-airflow-venv/lib/python3.10/site-packages/airflow/settings.py:337 DeprecationWarning: The sql_alchemy_pool_enabled option in [core] has been moved to the sql_alchemy_pool_enabled option in [database] - the old setting has been used, but please update your config.
[2023-03-15T21:23:26.586-0400] {logging_mixin.py:137} WARNING - /Users/admin/opt/anaconda3/envs/python-airflow-venv/lib/python3.10/site-packages/airflow/settings.py:400 DeprecationWarning: The sql_engine_encoding option in [core] has been moved to the sql_engine_encoding option in [database] - the old setting has been used, but please update your config.
[2023-03-15T21:23:26.586-0400] {processor.py:153} INFO - Started process (PID=16851) to work on /Users/admin/opt/anaconda3/envs/python-airflow-venv/lib/python3.10/site-packages/airflow/example_dags/example_short_circuit_operator.py
[2023-03-15T21:23:26.586-0400] {processor.py:743} INFO - Processing file /Users/admin/opt/anaconda3/envs/python-airflow-venv/lib/python3.10/site-packages/airflow/example_dags/example_short_circuit_operator.py for tasks to queue
[2023-03-15T21:23:26.587-0400] {logging_mixin.py:137} INFO - [2023-03-15T21:23:26.587-0400] {dagbag.py:538} INFO - Filling up the DagBag from /Users/admin/opt/anaconda3/envs/python-airflow-venv/lib/python3.10/site-packages/airflow/example_dags/example_short_circuit_operator.py
[2023-03-15T21:23:26.650-0400] {processor.py:753} INFO - DAG(s) dict_keys(['example_short_circuit_operator']) retrieved from /Users/admin/opt/anaconda3/envs/python-airflow-venv/lib/python3.10/site-packages/airflow/example_dags/example_short_circuit_operator.py
[2023-03-15T21:23:26.698-0400] {logging_mixin.py:137} WARNING - /Users/admin/opt/anaconda3/envs/python-airflow-venv/lib/python3.10/site-packages/airflow/jobs/scheduler_job.py:124 DeprecationWarning: The processor_poll_interval option in [scheduler] has been renamed to scheduler_idle_sleep_time - the old setting has been used, but please update your config.
[2023-03-15T21:23:27.295-0400] {logging_mixin.py:137} INFO - [2023-03-15T21:23:27.295-0400] {dag.py:2690} INFO - Sync 1 DAGs
[2023-03-15T21:23:27.310-0400] {logging_mixin.py:137} INFO - [2023-03-15T21:23:27.310-0400] {dag.py:3437} INFO - Setting next_dagrun for example_short_circuit_operator to 2023-03-15T01:23:27.310516+00:00, run_after=2023-03-16T01:23:27.310516+00:00
[2023-03-15T21:23:27.329-0400] {processor.py:175} INFO - Processing /Users/admin/opt/anaconda3/envs/python-airflow-venv/lib/python3.10/site-packages/airflow/example_dags/example_short_circuit_operator.py took 0.749 seconds
[2023-03-15T21:25:26.230-0400] {logging_mixin.py:137} WARNING - /Users/admin/opt/anaconda3/envs/python-airflow-venv/lib/python3.10/site-packages/airflow/settings.py:337 DeprecationWarning: The sql_alchemy_pool_enabled option in [core] has been moved to the sql_alchemy_pool_enabled option in [database] - the old setting has been used, but please update your config.
[2023-03-15T21:25:26.236-0400] {logging_mixin.py:137} WARNING - /Users/admin/opt/anaconda3/envs/python-airflow-venv/lib/python3.10/site-packages/airflow/settings.py:400 DeprecationWarning: The sql_engine_encoding option in [core] has been moved to the sql_engine_encoding option in [database] - the old setting has been used, but please update your config.
[2023-03-15T21:25:26.237-0400] {processor.py:153} INFO - Started process (PID=17001) to work on /Users/admin/opt/anaconda3/envs/python-airflow-venv/lib/python3.10/site-packages/airflow/example_dags/example_short_circuit_operator.py
[2023-03-15T21:25:26.237-0400] {processor.py:743} INFO - Processing file /Users/admin/opt/anaconda3/envs/python-airflow-venv/lib/python3.10/site-packages/airflow/example_dags/example_short_circuit_operator.py for tasks to queue
[2023-03-15T21:25:26.237-0400] {logging_mixin.py:137} INFO - [2023-03-15T21:25:26.237-0400] {dagbag.py:538} INFO - Filling up the DagBag from /Users/admin/opt/anaconda3/envs/python-airflow-venv/lib/python3.10/site-packages/airflow/example_dags/example_short_circuit_operator.py
[2023-03-15T21:25:26.310-0400] {processor.py:753} INFO - DAG(s) dict_keys(['example_short_circuit_operator']) retrieved from /Users/admin/opt/anaconda3/envs/python-airflow-venv/lib/python3.10/site-packages/airflow/example_dags/example_short_circuit_operator.py
[2023-03-15T21:25:26.373-0400] {logging_mixin.py:137} WARNING - /Users/admin/opt/anaconda3/envs/python-airflow-venv/lib/python3.10/site-packages/airflow/jobs/scheduler_job.py:124 DeprecationWarning: The processor_poll_interval option in [scheduler] has been renamed to scheduler_idle_sleep_time - the old setting has been used, but please update your config.
[2023-03-15T21:25:27.074-0400] {logging_mixin.py:137} INFO - [2023-03-15T21:25:27.074-0400] {dag.py:2690} INFO - Sync 1 DAGs
[2023-03-15T21:25:27.088-0400] {logging_mixin.py:137} INFO - [2023-03-15T21:25:27.088-0400] {dag.py:3437} INFO - Setting next_dagrun for example_short_circuit_operator to 2023-03-15T01:25:27.088284+00:00, run_after=2023-03-16T01:25:27.088284+00:00
[2023-03-15T21:25:27.111-0400] {processor.py:175} INFO - Processing /Users/admin/opt/anaconda3/envs/python-airflow-venv/lib/python3.10/site-packages/airflow/example_dags/example_short_circuit_operator.py took 0.882 seconds
[2023-03-15T21:27:22.582-0400] {logging_mixin.py:137} WARNING - /Users/admin/opt/anaconda3/envs/python-airflow-venv/lib/python3.10/site-packages/airflow/settings.py:337 DeprecationWarning: The sql_alchemy_pool_enabled option in [core] has been moved to the sql_alchemy_pool_enabled option in [database] - the old setting has been used, but please update your config.
[2023-03-15T21:27:22.588-0400] {logging_mixin.py:137} WARNING - /Users/admin/opt/anaconda3/envs/python-airflow-venv/lib/python3.10/site-packages/airflow/settings.py:400 DeprecationWarning: The sql_engine_encoding option in [core] has been moved to the sql_engine_encoding option in [database] - the old setting has been used, but please update your config.
[2023-03-15T21:27:22.589-0400] {processor.py:153} INFO - Started process (PID=17094) to work on /Users/admin/opt/anaconda3/envs/python-airflow-venv/lib/python3.10/site-packages/airflow/example_dags/example_short_circuit_operator.py
[2023-03-15T21:27:22.589-0400] {processor.py:743} INFO - Processing file /Users/admin/opt/anaconda3/envs/python-airflow-venv/lib/python3.10/site-packages/airflow/example_dags/example_short_circuit_operator.py for tasks to queue
[2023-03-15T21:27:22.589-0400] {logging_mixin.py:137} INFO - [2023-03-15T21:27:22.589-0400] {dagbag.py:538} INFO - Filling up the DagBag from /Users/admin/opt/anaconda3/envs/python-airflow-venv/lib/python3.10/site-packages/airflow/example_dags/example_short_circuit_operator.py
[2023-03-15T21:27:22.656-0400] {processor.py:753} INFO - DAG(s) dict_keys(['example_short_circuit_operator']) retrieved from /Users/admin/opt/anaconda3/envs/python-airflow-venv/lib/python3.10/site-packages/airflow/example_dags/example_short_circuit_operator.py
[2023-03-15T21:27:22.704-0400] {logging_mixin.py:137} WARNING - /Users/admin/opt/anaconda3/envs/python-airflow-venv/lib/python3.10/site-packages/airflow/jobs/scheduler_job.py:124 DeprecationWarning: The processor_poll_interval option in [scheduler] has been renamed to scheduler_idle_sleep_time - the old setting has been used, but please update your config.
[2023-03-15T21:27:23.315-0400] {logging_mixin.py:137} INFO - [2023-03-15T21:27:23.314-0400] {dag.py:2690} INFO - Sync 1 DAGs
[2023-03-15T21:27:23.329-0400] {logging_mixin.py:137} INFO - [2023-03-15T21:27:23.329-0400] {dag.py:3437} INFO - Setting next_dagrun for example_short_circuit_operator to 2023-03-15T01:27:23.328949+00:00, run_after=2023-03-16T01:27:23.328949+00:00
[2023-03-15T21:27:23.351-0400] {processor.py:175} INFO - Processing /Users/admin/opt/anaconda3/envs/python-airflow-venv/lib/python3.10/site-packages/airflow/example_dags/example_short_circuit_operator.py took 0.770 seconds
[2023-03-15T21:29:18.986-0400] {logging_mixin.py:137} WARNING - /Users/admin/opt/anaconda3/envs/python-airflow-venv/lib/python3.10/site-packages/airflow/settings.py:337 DeprecationWarning: The sql_alchemy_pool_enabled option in [core] has been moved to the sql_alchemy_pool_enabled option in [database] - the old setting has been used, but please update your config.
[2023-03-15T21:29:18.991-0400] {logging_mixin.py:137} WARNING - /Users/admin/opt/anaconda3/envs/python-airflow-venv/lib/python3.10/site-packages/airflow/settings.py:400 DeprecationWarning: The sql_engine_encoding option in [core] has been moved to the sql_engine_encoding option in [database] - the old setting has been used, but please update your config.
[2023-03-15T21:29:18.992-0400] {processor.py:153} INFO - Started process (PID=17196) to work on /Users/admin/opt/anaconda3/envs/python-airflow-venv/lib/python3.10/site-packages/airflow/example_dags/example_short_circuit_operator.py
[2023-03-15T21:29:18.992-0400] {processor.py:743} INFO - Processing file /Users/admin/opt/anaconda3/envs/python-airflow-venv/lib/python3.10/site-packages/airflow/example_dags/example_short_circuit_operator.py for tasks to queue
[2023-03-15T21:29:18.992-0400] {logging_mixin.py:137} INFO - [2023-03-15T21:29:18.992-0400] {dagbag.py:538} INFO - Filling up the DagBag from /Users/admin/opt/anaconda3/envs/python-airflow-venv/lib/python3.10/site-packages/airflow/example_dags/example_short_circuit_operator.py
[2023-03-15T21:29:19.057-0400] {processor.py:753} INFO - DAG(s) dict_keys(['example_short_circuit_operator']) retrieved from /Users/admin/opt/anaconda3/envs/python-airflow-venv/lib/python3.10/site-packages/airflow/example_dags/example_short_circuit_operator.py
[2023-03-15T21:29:19.107-0400] {logging_mixin.py:137} WARNING - /Users/admin/opt/anaconda3/envs/python-airflow-venv/lib/python3.10/site-packages/airflow/jobs/scheduler_job.py:124 DeprecationWarning: The processor_poll_interval option in [scheduler] has been renamed to scheduler_idle_sleep_time - the old setting has been used, but please update your config.
[2023-03-15T21:29:19.713-0400] {logging_mixin.py:137} INFO - [2023-03-15T21:29:19.713-0400] {dag.py:2690} INFO - Sync 1 DAGs
[2023-03-15T21:29:19.728-0400] {logging_mixin.py:137} INFO - [2023-03-15T21:29:19.727-0400] {dag.py:3437} INFO - Setting next_dagrun for example_short_circuit_operator to 2023-03-15T01:29:19.727849+00:00, run_after=2023-03-16T01:29:19.727849+00:00
[2023-03-15T21:29:19.747-0400] {processor.py:175} INFO - Processing /Users/admin/opt/anaconda3/envs/python-airflow-venv/lib/python3.10/site-packages/airflow/example_dags/example_short_circuit_operator.py took 0.762 seconds
[2023-03-15T21:31:09.708-0400] {logging_mixin.py:137} WARNING - /Users/admin/opt/anaconda3/envs/python-airflow-venv/lib/python3.10/site-packages/airflow/settings.py:337 DeprecationWarning: The sql_alchemy_pool_enabled option in [core] has been moved to the sql_alchemy_pool_enabled option in [database] - the old setting has been used, but please update your config.
[2023-03-15T21:31:09.713-0400] {logging_mixin.py:137} WARNING - /Users/admin/opt/anaconda3/envs/python-airflow-venv/lib/python3.10/site-packages/airflow/settings.py:400 DeprecationWarning: The sql_engine_encoding option in [core] has been moved to the sql_engine_encoding option in [database] - the old setting has been used, but please update your config.
[2023-03-15T21:31:09.713-0400] {processor.py:153} INFO - Started process (PID=18965) to work on /Users/admin/opt/anaconda3/envs/python-airflow-venv/lib/python3.10/site-packages/airflow/example_dags/example_short_circuit_operator.py
[2023-03-15T21:31:09.713-0400] {processor.py:743} INFO - Processing file /Users/admin/opt/anaconda3/envs/python-airflow-venv/lib/python3.10/site-packages/airflow/example_dags/example_short_circuit_operator.py for tasks to queue
[2023-03-15T21:31:09.714-0400] {logging_mixin.py:137} INFO - [2023-03-15T21:31:09.714-0400] {dagbag.py:538} INFO - Filling up the DagBag from /Users/admin/opt/anaconda3/envs/python-airflow-venv/lib/python3.10/site-packages/airflow/example_dags/example_short_circuit_operator.py
[2023-03-15T21:31:09.775-0400] {processor.py:753} INFO - DAG(s) dict_keys(['example_short_circuit_operator']) retrieved from /Users/admin/opt/anaconda3/envs/python-airflow-venv/lib/python3.10/site-packages/airflow/example_dags/example_short_circuit_operator.py
[2023-03-15T21:31:09.823-0400] {logging_mixin.py:137} WARNING - /Users/admin/opt/anaconda3/envs/python-airflow-venv/lib/python3.10/site-packages/airflow/jobs/scheduler_job.py:124 DeprecationWarning: The processor_poll_interval option in [scheduler] has been renamed to scheduler_idle_sleep_time - the old setting has been used, but please update your config.
[2023-03-15T21:31:10.430-0400] {logging_mixin.py:137} INFO - [2023-03-15T21:31:10.429-0400] {dag.py:2690} INFO - Sync 1 DAGs
[2023-03-15T21:31:10.444-0400] {logging_mixin.py:137} INFO - [2023-03-15T21:31:10.444-0400] {dag.py:3437} INFO - Setting next_dagrun for example_short_circuit_operator to 2023-03-15T01:31:10.444413+00:00, run_after=2023-03-16T01:31:10.444413+00:00
[2023-03-15T21:31:10.464-0400] {processor.py:175} INFO - Processing /Users/admin/opt/anaconda3/envs/python-airflow-venv/lib/python3.10/site-packages/airflow/example_dags/example_short_circuit_operator.py took 0.757 seconds
[2023-03-15T21:33:08.140-0400] {logging_mixin.py:137} WARNING - /Users/admin/opt/anaconda3/envs/python-airflow-venv/lib/python3.10/site-packages/airflow/settings.py:337 DeprecationWarning: The sql_alchemy_pool_enabled option in [core] has been moved to the sql_alchemy_pool_enabled option in [database] - the old setting has been used, but please update your config.
[2023-03-15T21:33:08.144-0400] {logging_mixin.py:137} WARNING - /Users/admin/opt/anaconda3/envs/python-airflow-venv/lib/python3.10/site-packages/airflow/settings.py:400 DeprecationWarning: The sql_engine_encoding option in [core] has been moved to the sql_engine_encoding option in [database] - the old setting has been used, but please update your config.
[2023-03-15T21:33:08.145-0400] {processor.py:153} INFO - Started process (PID=19030) to work on /Users/admin/opt/anaconda3/envs/python-airflow-venv/lib/python3.10/site-packages/airflow/example_dags/example_short_circuit_operator.py
[2023-03-15T21:33:08.145-0400] {processor.py:743} INFO - Processing file /Users/admin/opt/anaconda3/envs/python-airflow-venv/lib/python3.10/site-packages/airflow/example_dags/example_short_circuit_operator.py for tasks to queue
[2023-03-15T21:33:08.145-0400] {logging_mixin.py:137} INFO - [2023-03-15T21:33:08.145-0400] {dagbag.py:538} INFO - Filling up the DagBag from /Users/admin/opt/anaconda3/envs/python-airflow-venv/lib/python3.10/site-packages/airflow/example_dags/example_short_circuit_operator.py
[2023-03-15T21:33:08.206-0400] {processor.py:753} INFO - DAG(s) dict_keys(['example_short_circuit_operator']) retrieved from /Users/admin/opt/anaconda3/envs/python-airflow-venv/lib/python3.10/site-packages/airflow/example_dags/example_short_circuit_operator.py
[2023-03-15T21:33:08.251-0400] {logging_mixin.py:137} WARNING - /Users/admin/opt/anaconda3/envs/python-airflow-venv/lib/python3.10/site-packages/airflow/jobs/scheduler_job.py:124 DeprecationWarning: The processor_poll_interval option in [scheduler] has been renamed to scheduler_idle_sleep_time - the old setting has been used, but please update your config.
[2023-03-15T21:33:08.885-0400] {logging_mixin.py:137} INFO - [2023-03-15T21:33:08.885-0400] {dag.py:2690} INFO - Sync 1 DAGs
[2023-03-15T21:33:08.902-0400] {logging_mixin.py:137} INFO - [2023-03-15T21:33:08.902-0400] {dag.py:3437} INFO - Setting next_dagrun for example_short_circuit_operator to 2023-03-15T01:33:08.902354+00:00, run_after=2023-03-16T01:33:08.902354+00:00
[2023-03-15T21:33:08.922-0400] {processor.py:175} INFO - Processing /Users/admin/opt/anaconda3/envs/python-airflow-venv/lib/python3.10/site-packages/airflow/example_dags/example_short_circuit_operator.py took 0.784 seconds
[2023-03-15T21:35:03.489-0400] {logging_mixin.py:137} WARNING - /Users/admin/opt/anaconda3/envs/python-airflow-venv/lib/python3.10/site-packages/airflow/settings.py:337 DeprecationWarning: The sql_alchemy_pool_enabled option in [core] has been moved to the sql_alchemy_pool_enabled option in [database] - the old setting has been used, but please update your config.
[2023-03-15T21:35:03.494-0400] {logging_mixin.py:137} WARNING - /Users/admin/opt/anaconda3/envs/python-airflow-venv/lib/python3.10/site-packages/airflow/settings.py:400 DeprecationWarning: The sql_engine_encoding option in [core] has been moved to the sql_engine_encoding option in [database] - the old setting has been used, but please update your config.
[2023-03-15T21:35:03.495-0400] {processor.py:153} INFO - Started process (PID=19081) to work on /Users/admin/opt/anaconda3/envs/python-airflow-venv/lib/python3.10/site-packages/airflow/example_dags/example_short_circuit_operator.py
[2023-03-15T21:35:03.495-0400] {processor.py:743} INFO - Processing file /Users/admin/opt/anaconda3/envs/python-airflow-venv/lib/python3.10/site-packages/airflow/example_dags/example_short_circuit_operator.py for tasks to queue
[2023-03-15T21:35:03.495-0400] {logging_mixin.py:137} INFO - [2023-03-15T21:35:03.495-0400] {dagbag.py:538} INFO - Filling up the DagBag from /Users/admin/opt/anaconda3/envs/python-airflow-venv/lib/python3.10/site-packages/airflow/example_dags/example_short_circuit_operator.py
[2023-03-15T21:35:03.559-0400] {processor.py:753} INFO - DAG(s) dict_keys(['example_short_circuit_operator']) retrieved from /Users/admin/opt/anaconda3/envs/python-airflow-venv/lib/python3.10/site-packages/airflow/example_dags/example_short_circuit_operator.py
[2023-03-15T21:35:03.606-0400] {logging_mixin.py:137} WARNING - /Users/admin/opt/anaconda3/envs/python-airflow-venv/lib/python3.10/site-packages/airflow/jobs/scheduler_job.py:124 DeprecationWarning: The processor_poll_interval option in [scheduler] has been renamed to scheduler_idle_sleep_time - the old setting has been used, but please update your config.
[2023-03-15T21:35:04.205-0400] {logging_mixin.py:137} INFO - [2023-03-15T21:35:04.204-0400] {dag.py:2690} INFO - Sync 1 DAGs
[2023-03-15T21:35:04.220-0400] {logging_mixin.py:137} INFO - [2023-03-15T21:35:04.220-0400] {dag.py:3437} INFO - Setting next_dagrun for example_short_circuit_operator to 2023-03-15T01:35:04.219907+00:00, run_after=2023-03-16T01:35:04.219907+00:00
[2023-03-15T21:35:04.238-0400] {processor.py:175} INFO - Processing /Users/admin/opt/anaconda3/envs/python-airflow-venv/lib/python3.10/site-packages/airflow/example_dags/example_short_circuit_operator.py took 0.750 seconds
[2023-03-15T21:37:06.034-0400] {logging_mixin.py:137} WARNING - /Users/admin/opt/anaconda3/envs/python-airflow-venv/lib/python3.10/site-packages/airflow/settings.py:337 DeprecationWarning: The sql_alchemy_pool_enabled option in [core] has been moved to the sql_alchemy_pool_enabled option in [database] - the old setting has been used, but please update your config.
[2023-03-15T21:37:06.039-0400] {logging_mixin.py:137} WARNING - /Users/admin/opt/anaconda3/envs/python-airflow-venv/lib/python3.10/site-packages/airflow/settings.py:400 DeprecationWarning: The sql_engine_encoding option in [core] has been moved to the sql_engine_encoding option in [database] - the old setting has been used, but please update your config.
[2023-03-15T21:37:06.040-0400] {processor.py:153} INFO - Started process (PID=19171) to work on /Users/admin/opt/anaconda3/envs/python-airflow-venv/lib/python3.10/site-packages/airflow/example_dags/example_short_circuit_operator.py
[2023-03-15T21:37:06.040-0400] {processor.py:743} INFO - Processing file /Users/admin/opt/anaconda3/envs/python-airflow-venv/lib/python3.10/site-packages/airflow/example_dags/example_short_circuit_operator.py for tasks to queue
[2023-03-15T21:37:06.040-0400] {logging_mixin.py:137} INFO - [2023-03-15T21:37:06.040-0400] {dagbag.py:538} INFO - Filling up the DagBag from /Users/admin/opt/anaconda3/envs/python-airflow-venv/lib/python3.10/site-packages/airflow/example_dags/example_short_circuit_operator.py
[2023-03-15T21:37:06.103-0400] {processor.py:753} INFO - DAG(s) dict_keys(['example_short_circuit_operator']) retrieved from /Users/admin/opt/anaconda3/envs/python-airflow-venv/lib/python3.10/site-packages/airflow/example_dags/example_short_circuit_operator.py
[2023-03-15T21:37:06.157-0400] {logging_mixin.py:137} WARNING - /Users/admin/opt/anaconda3/envs/python-airflow-venv/lib/python3.10/site-packages/airflow/jobs/scheduler_job.py:124 DeprecationWarning: The processor_poll_interval option in [scheduler] has been renamed to scheduler_idle_sleep_time - the old setting has been used, but please update your config.
[2023-03-15T21:37:06.863-0400] {logging_mixin.py:137} INFO - [2023-03-15T21:37:06.863-0400] {dag.py:2690} INFO - Sync 1 DAGs
[2023-03-15T21:37:06.880-0400] {logging_mixin.py:137} INFO - [2023-03-15T21:37:06.880-0400] {dag.py:3437} INFO - Setting next_dagrun for example_short_circuit_operator to 2023-03-15T01:37:06.880038+00:00, run_after=2023-03-16T01:37:06.880038+00:00
[2023-03-15T21:37:06.896-0400] {processor.py:175} INFO - Processing /Users/admin/opt/anaconda3/envs/python-airflow-venv/lib/python3.10/site-packages/airflow/example_dags/example_short_circuit_operator.py took 0.863 seconds
[2023-03-15T21:39:11.890-0400] {logging_mixin.py:137} WARNING - /Users/admin/opt/anaconda3/envs/python-airflow-venv/lib/python3.10/site-packages/airflow/settings.py:337 DeprecationWarning: The sql_alchemy_pool_enabled option in [core] has been moved to the sql_alchemy_pool_enabled option in [database] - the old setting has been used, but please update your config.
[2023-03-15T21:39:11.914-0400] {logging_mixin.py:137} WARNING - /Users/admin/opt/anaconda3/envs/python-airflow-venv/lib/python3.10/site-packages/airflow/settings.py:400 DeprecationWarning: The sql_engine_encoding option in [core] has been moved to the sql_engine_encoding option in [database] - the old setting has been used, but please update your config.
[2023-03-15T21:39:11.918-0400] {processor.py:153} INFO - Started process (PID=19259) to work on /Users/admin/opt/anaconda3/envs/python-airflow-venv/lib/python3.10/site-packages/airflow/example_dags/example_short_circuit_operator.py
[2023-03-15T21:39:11.919-0400] {processor.py:743} INFO - Processing file /Users/admin/opt/anaconda3/envs/python-airflow-venv/lib/python3.10/site-packages/airflow/example_dags/example_short_circuit_operator.py for tasks to queue
[2023-03-15T21:39:11.919-0400] {logging_mixin.py:137} INFO - [2023-03-15T21:39:11.919-0400] {dagbag.py:538} INFO - Filling up the DagBag from /Users/admin/opt/anaconda3/envs/python-airflow-venv/lib/python3.10/site-packages/airflow/example_dags/example_short_circuit_operator.py
[2023-03-15T21:39:12.313-0400] {processor.py:753} INFO - DAG(s) dict_keys(['example_short_circuit_operator']) retrieved from /Users/admin/opt/anaconda3/envs/python-airflow-venv/lib/python3.10/site-packages/airflow/example_dags/example_short_circuit_operator.py
[2023-03-15T21:39:12.460-0400] {logging_mixin.py:137} WARNING - /Users/admin/opt/anaconda3/envs/python-airflow-venv/lib/python3.10/site-packages/airflow/jobs/scheduler_job.py:124 DeprecationWarning: The processor_poll_interval option in [scheduler] has been renamed to scheduler_idle_sleep_time - the old setting has been used, but please update your config.
[2023-03-15T21:39:13.623-0400] {logging_mixin.py:137} INFO - [2023-03-15T21:39:13.623-0400] {dag.py:2690} INFO - Sync 1 DAGs
[2023-03-15T21:39:13.644-0400] {logging_mixin.py:137} INFO - [2023-03-15T21:39:13.644-0400] {dag.py:3437} INFO - Setting next_dagrun for example_short_circuit_operator to 2023-03-15T01:39:13.644269+00:00, run_after=2023-03-16T01:39:13.644269+00:00
[2023-03-15T21:39:13.663-0400] {processor.py:175} INFO - Processing /Users/admin/opt/anaconda3/envs/python-airflow-venv/lib/python3.10/site-packages/airflow/example_dags/example_short_circuit_operator.py took 1.774 seconds
[2023-03-15T21:41:36.164-0400] {logging_mixin.py:137} WARNING - /Users/admin/opt/anaconda3/envs/python-airflow-venv/lib/python3.10/site-packages/airflow/settings.py:337 DeprecationWarning: The sql_alchemy_pool_enabled option in [core] has been moved to the sql_alchemy_pool_enabled option in [database] - the old setting has been used, but please update your config.
[2023-03-15T21:41:36.168-0400] {logging_mixin.py:137} WARNING - /Users/admin/opt/anaconda3/envs/python-airflow-venv/lib/python3.10/site-packages/airflow/settings.py:400 DeprecationWarning: The sql_engine_encoding option in [core] has been moved to the sql_engine_encoding option in [database] - the old setting has been used, but please update your config.
[2023-03-15T21:41:36.169-0400] {processor.py:153} INFO - Started process (PID=19317) to work on /Users/admin/opt/anaconda3/envs/python-airflow-venv/lib/python3.10/site-packages/airflow/example_dags/example_short_circuit_operator.py
[2023-03-15T21:41:36.169-0400] {processor.py:743} INFO - Processing file /Users/admin/opt/anaconda3/envs/python-airflow-venv/lib/python3.10/site-packages/airflow/example_dags/example_short_circuit_operator.py for tasks to queue
[2023-03-15T21:41:36.169-0400] {logging_mixin.py:137} INFO - [2023-03-15T21:41:36.169-0400] {dagbag.py:538} INFO - Filling up the DagBag from /Users/admin/opt/anaconda3/envs/python-airflow-venv/lib/python3.10/site-packages/airflow/example_dags/example_short_circuit_operator.py
[2023-03-15T21:41:36.230-0400] {processor.py:753} INFO - DAG(s) dict_keys(['example_short_circuit_operator']) retrieved from /Users/admin/opt/anaconda3/envs/python-airflow-venv/lib/python3.10/site-packages/airflow/example_dags/example_short_circuit_operator.py
[2023-03-15T21:41:36.278-0400] {logging_mixin.py:137} WARNING - /Users/admin/opt/anaconda3/envs/python-airflow-venv/lib/python3.10/site-packages/airflow/jobs/scheduler_job.py:124 DeprecationWarning: The processor_poll_interval option in [scheduler] has been renamed to scheduler_idle_sleep_time - the old setting has been used, but please update your config.
[2023-03-15T21:41:36.932-0400] {logging_mixin.py:137} INFO - [2023-03-15T21:41:36.931-0400] {dag.py:2690} INFO - Sync 1 DAGs
[2023-03-15T21:41:36.949-0400] {logging_mixin.py:137} INFO - [2023-03-15T21:41:36.949-0400] {dag.py:3437} INFO - Setting next_dagrun for example_short_circuit_operator to 2023-03-15T01:41:36.949300+00:00, run_after=2023-03-16T01:41:36.949300+00:00
[2023-03-15T21:41:36.969-0400] {processor.py:175} INFO - Processing /Users/admin/opt/anaconda3/envs/python-airflow-venv/lib/python3.10/site-packages/airflow/example_dags/example_short_circuit_operator.py took 0.807 seconds
[2023-03-15T21:43:37.785-0400] {logging_mixin.py:137} WARNING - /Users/admin/opt/anaconda3/envs/python-airflow-venv/lib/python3.10/site-packages/airflow/settings.py:337 DeprecationWarning: The sql_alchemy_pool_enabled option in [core] has been moved to the sql_alchemy_pool_enabled option in [database] - the old setting has been used, but please update your config.
[2023-03-15T21:43:37.790-0400] {logging_mixin.py:137} WARNING - /Users/admin/opt/anaconda3/envs/python-airflow-venv/lib/python3.10/site-packages/airflow/settings.py:400 DeprecationWarning: The sql_engine_encoding option in [core] has been moved to the sql_engine_encoding option in [database] - the old setting has been used, but please update your config.
[2023-03-15T21:43:37.791-0400] {processor.py:153} INFO - Started process (PID=19367) to work on /Users/admin/opt/anaconda3/envs/python-airflow-venv/lib/python3.10/site-packages/airflow/example_dags/example_short_circuit_operator.py
[2023-03-15T21:43:37.791-0400] {processor.py:743} INFO - Processing file /Users/admin/opt/anaconda3/envs/python-airflow-venv/lib/python3.10/site-packages/airflow/example_dags/example_short_circuit_operator.py for tasks to queue
[2023-03-15T21:43:37.791-0400] {logging_mixin.py:137} INFO - [2023-03-15T21:43:37.791-0400] {dagbag.py:538} INFO - Filling up the DagBag from /Users/admin/opt/anaconda3/envs/python-airflow-venv/lib/python3.10/site-packages/airflow/example_dags/example_short_circuit_operator.py
[2023-03-15T21:43:37.871-0400] {processor.py:753} INFO - DAG(s) dict_keys(['example_short_circuit_operator']) retrieved from /Users/admin/opt/anaconda3/envs/python-airflow-venv/lib/python3.10/site-packages/airflow/example_dags/example_short_circuit_operator.py
[2023-03-15T21:43:37.934-0400] {logging_mixin.py:137} WARNING - /Users/admin/opt/anaconda3/envs/python-airflow-venv/lib/python3.10/site-packages/airflow/jobs/scheduler_job.py:124 DeprecationWarning: The processor_poll_interval option in [scheduler] has been renamed to scheduler_idle_sleep_time - the old setting has been used, but please update your config.
[2023-03-15T21:43:38.570-0400] {logging_mixin.py:137} INFO - [2023-03-15T21:43:38.570-0400] {dag.py:2690} INFO - Sync 1 DAGs
[2023-03-15T21:43:38.584-0400] {logging_mixin.py:137} INFO - [2023-03-15T21:43:38.584-0400] {dag.py:3437} INFO - Setting next_dagrun for example_short_circuit_operator to 2023-03-15T01:43:38.584367+00:00, run_after=2023-03-16T01:43:38.584367+00:00
[2023-03-15T21:43:38.602-0400] {processor.py:175} INFO - Processing /Users/admin/opt/anaconda3/envs/python-airflow-venv/lib/python3.10/site-packages/airflow/example_dags/example_short_circuit_operator.py took 0.818 seconds
[2023-03-15T21:45:44.269-0400] {logging_mixin.py:137} WARNING - /Users/admin/opt/anaconda3/envs/python-airflow-venv/lib/python3.10/site-packages/airflow/settings.py:337 DeprecationWarning: The sql_alchemy_pool_enabled option in [core] has been moved to the sql_alchemy_pool_enabled option in [database] - the old setting has been used, but please update your config.
[2023-03-15T21:45:44.273-0400] {logging_mixin.py:137} WARNING - /Users/admin/opt/anaconda3/envs/python-airflow-venv/lib/python3.10/site-packages/airflow/settings.py:400 DeprecationWarning: The sql_engine_encoding option in [core] has been moved to the sql_engine_encoding option in [database] - the old setting has been used, but please update your config.
[2023-03-15T21:45:44.274-0400] {processor.py:153} INFO - Started process (PID=19425) to work on /Users/admin/opt/anaconda3/envs/python-airflow-venv/lib/python3.10/site-packages/airflow/example_dags/example_short_circuit_operator.py
[2023-03-15T21:45:44.274-0400] {processor.py:743} INFO - Processing file /Users/admin/opt/anaconda3/envs/python-airflow-venv/lib/python3.10/site-packages/airflow/example_dags/example_short_circuit_operator.py for tasks to queue
[2023-03-15T21:45:44.274-0400] {logging_mixin.py:137} INFO - [2023-03-15T21:45:44.274-0400] {dagbag.py:538} INFO - Filling up the DagBag from /Users/admin/opt/anaconda3/envs/python-airflow-venv/lib/python3.10/site-packages/airflow/example_dags/example_short_circuit_operator.py
[2023-03-15T21:45:44.341-0400] {processor.py:753} INFO - DAG(s) dict_keys(['example_short_circuit_operator']) retrieved from /Users/admin/opt/anaconda3/envs/python-airflow-venv/lib/python3.10/site-packages/airflow/example_dags/example_short_circuit_operator.py
[2023-03-15T21:45:44.390-0400] {logging_mixin.py:137} WARNING - /Users/admin/opt/anaconda3/envs/python-airflow-venv/lib/python3.10/site-packages/airflow/jobs/scheduler_job.py:124 DeprecationWarning: The processor_poll_interval option in [scheduler] has been renamed to scheduler_idle_sleep_time - the old setting has been used, but please update your config.
[2023-03-15T21:45:45.001-0400] {logging_mixin.py:137} INFO - [2023-03-15T21:45:45.000-0400] {dag.py:2690} INFO - Sync 1 DAGs
[2023-03-15T21:45:45.015-0400] {logging_mixin.py:137} INFO - [2023-03-15T21:45:45.015-0400] {dag.py:3437} INFO - Setting next_dagrun for example_short_circuit_operator to 2023-03-15T01:45:45.015585+00:00, run_after=2023-03-16T01:45:45.015585+00:00
[2023-03-15T21:45:45.034-0400] {processor.py:175} INFO - Processing /Users/admin/opt/anaconda3/envs/python-airflow-venv/lib/python3.10/site-packages/airflow/example_dags/example_short_circuit_operator.py took 0.766 seconds
[2023-03-15T21:47:41.515-0400] {logging_mixin.py:137} WARNING - /Users/admin/opt/anaconda3/envs/python-airflow-venv/lib/python3.10/site-packages/airflow/settings.py:337 DeprecationWarning: The sql_alchemy_pool_enabled option in [core] has been moved to the sql_alchemy_pool_enabled option in [database] - the old setting has been used, but please update your config.
[2023-03-15T21:47:41.519-0400] {logging_mixin.py:137} WARNING - /Users/admin/opt/anaconda3/envs/python-airflow-venv/lib/python3.10/site-packages/airflow/settings.py:400 DeprecationWarning: The sql_engine_encoding option in [core] has been moved to the sql_engine_encoding option in [database] - the old setting has been used, but please update your config.
[2023-03-15T21:47:41.520-0400] {processor.py:153} INFO - Started process (PID=19474) to work on /Users/admin/opt/anaconda3/envs/python-airflow-venv/lib/python3.10/site-packages/airflow/example_dags/example_short_circuit_operator.py
[2023-03-15T21:47:41.520-0400] {processor.py:743} INFO - Processing file /Users/admin/opt/anaconda3/envs/python-airflow-venv/lib/python3.10/site-packages/airflow/example_dags/example_short_circuit_operator.py for tasks to queue
[2023-03-15T21:47:41.521-0400] {logging_mixin.py:137} INFO - [2023-03-15T21:47:41.521-0400] {dagbag.py:538} INFO - Filling up the DagBag from /Users/admin/opt/anaconda3/envs/python-airflow-venv/lib/python3.10/site-packages/airflow/example_dags/example_short_circuit_operator.py
[2023-03-15T21:47:41.588-0400] {processor.py:753} INFO - DAG(s) dict_keys(['example_short_circuit_operator']) retrieved from /Users/admin/opt/anaconda3/envs/python-airflow-venv/lib/python3.10/site-packages/airflow/example_dags/example_short_circuit_operator.py
[2023-03-15T21:47:41.637-0400] {logging_mixin.py:137} WARNING - /Users/admin/opt/anaconda3/envs/python-airflow-venv/lib/python3.10/site-packages/airflow/jobs/scheduler_job.py:124 DeprecationWarning: The processor_poll_interval option in [scheduler] has been renamed to scheduler_idle_sleep_time - the old setting has been used, but please update your config.
[2023-03-15T21:47:42.241-0400] {logging_mixin.py:137} INFO - [2023-03-15T21:47:42.240-0400] {dag.py:2690} INFO - Sync 1 DAGs
[2023-03-15T21:47:42.255-0400] {logging_mixin.py:137} INFO - [2023-03-15T21:47:42.255-0400] {dag.py:3437} INFO - Setting next_dagrun for example_short_circuit_operator to 2023-03-15T01:47:42.255716+00:00, run_after=2023-03-16T01:47:42.255716+00:00
[2023-03-15T21:47:42.273-0400] {processor.py:175} INFO - Processing /Users/admin/opt/anaconda3/envs/python-airflow-venv/lib/python3.10/site-packages/airflow/example_dags/example_short_circuit_operator.py took 0.759 seconds
[2023-03-15T21:49:37.508-0400] {logging_mixin.py:137} WARNING - /Users/admin/opt/anaconda3/envs/python-airflow-venv/lib/python3.10/site-packages/airflow/settings.py:337 DeprecationWarning: The sql_alchemy_pool_enabled option in [core] has been moved to the sql_alchemy_pool_enabled option in [database] - the old setting has been used, but please update your config.
[2023-03-15T21:49:37.513-0400] {logging_mixin.py:137} WARNING - /Users/admin/opt/anaconda3/envs/python-airflow-venv/lib/python3.10/site-packages/airflow/settings.py:400 DeprecationWarning: The sql_engine_encoding option in [core] has been moved to the sql_engine_encoding option in [database] - the old setting has been used, but please update your config.
[2023-03-15T21:49:37.513-0400] {processor.py:153} INFO - Started process (PID=19526) to work on /Users/admin/opt/anaconda3/envs/python-airflow-venv/lib/python3.10/site-packages/airflow/example_dags/example_short_circuit_operator.py
[2023-03-15T21:49:37.514-0400] {processor.py:743} INFO - Processing file /Users/admin/opt/anaconda3/envs/python-airflow-venv/lib/python3.10/site-packages/airflow/example_dags/example_short_circuit_operator.py for tasks to queue
[2023-03-15T21:49:37.514-0400] {logging_mixin.py:137} INFO - [2023-03-15T21:49:37.514-0400] {dagbag.py:538} INFO - Filling up the DagBag from /Users/admin/opt/anaconda3/envs/python-airflow-venv/lib/python3.10/site-packages/airflow/example_dags/example_short_circuit_operator.py
[2023-03-15T21:49:37.577-0400] {processor.py:753} INFO - DAG(s) dict_keys(['example_short_circuit_operator']) retrieved from /Users/admin/opt/anaconda3/envs/python-airflow-venv/lib/python3.10/site-packages/airflow/example_dags/example_short_circuit_operator.py
[2023-03-15T21:49:37.627-0400] {logging_mixin.py:137} WARNING - /Users/admin/opt/anaconda3/envs/python-airflow-venv/lib/python3.10/site-packages/airflow/jobs/scheduler_job.py:124 DeprecationWarning: The processor_poll_interval option in [scheduler] has been renamed to scheduler_idle_sleep_time - the old setting has been used, but please update your config.
[2023-03-15T21:49:38.226-0400] {logging_mixin.py:137} INFO - [2023-03-15T21:49:38.226-0400] {dag.py:2690} INFO - Sync 1 DAGs
[2023-03-15T21:49:38.242-0400] {logging_mixin.py:137} INFO - [2023-03-15T21:49:38.242-0400] {dag.py:3437} INFO - Setting next_dagrun for example_short_circuit_operator to 2023-03-15T01:49:38.242027+00:00, run_after=2023-03-16T01:49:38.242027+00:00
[2023-03-15T21:49:38.258-0400] {processor.py:175} INFO - Processing /Users/admin/opt/anaconda3/envs/python-airflow-venv/lib/python3.10/site-packages/airflow/example_dags/example_short_circuit_operator.py took 0.751 seconds
[2023-03-15T21:51:38.293-0400] {logging_mixin.py:137} WARNING - /Users/admin/opt/anaconda3/envs/python-airflow-venv/lib/python3.10/site-packages/airflow/settings.py:337 DeprecationWarning: The sql_alchemy_pool_enabled option in [core] has been moved to the sql_alchemy_pool_enabled option in [database] - the old setting has been used, but please update your config.
[2023-03-15T21:51:38.298-0400] {logging_mixin.py:137} WARNING - /Users/admin/opt/anaconda3/envs/python-airflow-venv/lib/python3.10/site-packages/airflow/settings.py:400 DeprecationWarning: The sql_engine_encoding option in [core] has been moved to the sql_engine_encoding option in [database] - the old setting has been used, but please update your config.
[2023-03-15T21:51:38.299-0400] {processor.py:153} INFO - Started process (PID=19588) to work on /Users/admin/opt/anaconda3/envs/python-airflow-venv/lib/python3.10/site-packages/airflow/example_dags/example_short_circuit_operator.py
[2023-03-15T21:51:38.299-0400] {processor.py:743} INFO - Processing file /Users/admin/opt/anaconda3/envs/python-airflow-venv/lib/python3.10/site-packages/airflow/example_dags/example_short_circuit_operator.py for tasks to queue
[2023-03-15T21:51:38.300-0400] {logging_mixin.py:137} INFO - [2023-03-15T21:51:38.300-0400] {dagbag.py:538} INFO - Filling up the DagBag from /Users/admin/opt/anaconda3/envs/python-airflow-venv/lib/python3.10/site-packages/airflow/example_dags/example_short_circuit_operator.py
[2023-03-15T21:51:38.369-0400] {processor.py:753} INFO - DAG(s) dict_keys(['example_short_circuit_operator']) retrieved from /Users/admin/opt/anaconda3/envs/python-airflow-venv/lib/python3.10/site-packages/airflow/example_dags/example_short_circuit_operator.py
[2023-03-15T21:51:38.419-0400] {logging_mixin.py:137} WARNING - /Users/admin/opt/anaconda3/envs/python-airflow-venv/lib/python3.10/site-packages/airflow/jobs/scheduler_job.py:124 DeprecationWarning: The processor_poll_interval option in [scheduler] has been renamed to scheduler_idle_sleep_time - the old setting has been used, but please update your config.
[2023-03-15T21:51:39.083-0400] {logging_mixin.py:137} INFO - [2023-03-15T21:51:39.083-0400] {dag.py:2690} INFO - Sync 1 DAGs
[2023-03-15T21:51:39.099-0400] {logging_mixin.py:137} INFO - [2023-03-15T21:51:39.099-0400] {dag.py:3437} INFO - Setting next_dagrun for example_short_circuit_operator to 2023-03-15T01:51:39.099032+00:00, run_after=2023-03-16T01:51:39.099032+00:00
[2023-03-15T21:51:39.118-0400] {processor.py:175} INFO - Processing /Users/admin/opt/anaconda3/envs/python-airflow-venv/lib/python3.10/site-packages/airflow/example_dags/example_short_circuit_operator.py took 0.827 seconds
[2023-03-15T21:53:34.480-0400] {logging_mixin.py:137} WARNING - /Users/admin/opt/anaconda3/envs/python-airflow-venv/lib/python3.10/site-packages/airflow/settings.py:337 DeprecationWarning: The sql_alchemy_pool_enabled option in [core] has been moved to the sql_alchemy_pool_enabled option in [database] - the old setting has been used, but please update your config.
[2023-03-15T21:53:34.485-0400] {logging_mixin.py:137} WARNING - /Users/admin/opt/anaconda3/envs/python-airflow-venv/lib/python3.10/site-packages/airflow/settings.py:400 DeprecationWarning: The sql_engine_encoding option in [core] has been moved to the sql_engine_encoding option in [database] - the old setting has been used, but please update your config.
[2023-03-15T21:53:34.486-0400] {processor.py:153} INFO - Started process (PID=19655) to work on /Users/admin/opt/anaconda3/envs/python-airflow-venv/lib/python3.10/site-packages/airflow/example_dags/example_short_circuit_operator.py
[2023-03-15T21:53:34.487-0400] {processor.py:743} INFO - Processing file /Users/admin/opt/anaconda3/envs/python-airflow-venv/lib/python3.10/site-packages/airflow/example_dags/example_short_circuit_operator.py for tasks to queue
[2023-03-15T21:53:34.487-0400] {logging_mixin.py:137} INFO - [2023-03-15T21:53:34.487-0400] {dagbag.py:538} INFO - Filling up the DagBag from /Users/admin/opt/anaconda3/envs/python-airflow-venv/lib/python3.10/site-packages/airflow/example_dags/example_short_circuit_operator.py
[2023-03-15T21:53:34.550-0400] {processor.py:753} INFO - DAG(s) dict_keys(['example_short_circuit_operator']) retrieved from /Users/admin/opt/anaconda3/envs/python-airflow-venv/lib/python3.10/site-packages/airflow/example_dags/example_short_circuit_operator.py
[2023-03-15T21:53:34.602-0400] {logging_mixin.py:137} WARNING - /Users/admin/opt/anaconda3/envs/python-airflow-venv/lib/python3.10/site-packages/airflow/jobs/scheduler_job.py:124 DeprecationWarning: The processor_poll_interval option in [scheduler] has been renamed to scheduler_idle_sleep_time - the old setting has been used, but please update your config.
[2023-03-15T21:53:35.215-0400] {logging_mixin.py:137} INFO - [2023-03-15T21:53:35.215-0400] {dag.py:2690} INFO - Sync 1 DAGs
[2023-03-15T21:53:35.229-0400] {logging_mixin.py:137} INFO - [2023-03-15T21:53:35.229-0400] {dag.py:3437} INFO - Setting next_dagrun for example_short_circuit_operator to 2023-03-15T01:53:35.229500+00:00, run_after=2023-03-16T01:53:35.229500+00:00
[2023-03-15T21:53:35.244-0400] {processor.py:175} INFO - Processing /Users/admin/opt/anaconda3/envs/python-airflow-venv/lib/python3.10/site-packages/airflow/example_dags/example_short_circuit_operator.py took 0.765 seconds
[2023-03-15T21:55:27.137-0400] {logging_mixin.py:137} WARNING - /Users/admin/opt/anaconda3/envs/python-airflow-venv/lib/python3.10/site-packages/airflow/settings.py:337 DeprecationWarning: The sql_alchemy_pool_enabled option in [core] has been moved to the sql_alchemy_pool_enabled option in [database] - the old setting has been used, but please update your config.
[2023-03-15T21:55:27.145-0400] {logging_mixin.py:137} WARNING - /Users/admin/opt/anaconda3/envs/python-airflow-venv/lib/python3.10/site-packages/airflow/settings.py:400 DeprecationWarning: The sql_engine_encoding option in [core] has been moved to the sql_engine_encoding option in [database] - the old setting has been used, but please update your config.
[2023-03-15T21:55:27.146-0400] {processor.py:153} INFO - Started process (PID=19728) to work on /Users/admin/opt/anaconda3/envs/python-airflow-venv/lib/python3.10/site-packages/airflow/example_dags/example_short_circuit_operator.py
[2023-03-15T21:55:27.146-0400] {processor.py:743} INFO - Processing file /Users/admin/opt/anaconda3/envs/python-airflow-venv/lib/python3.10/site-packages/airflow/example_dags/example_short_circuit_operator.py for tasks to queue
[2023-03-15T21:55:27.146-0400] {logging_mixin.py:137} INFO - [2023-03-15T21:55:27.146-0400] {dagbag.py:538} INFO - Filling up the DagBag from /Users/admin/opt/anaconda3/envs/python-airflow-venv/lib/python3.10/site-packages/airflow/example_dags/example_short_circuit_operator.py
[2023-03-15T21:55:27.213-0400] {processor.py:753} INFO - DAG(s) dict_keys(['example_short_circuit_operator']) retrieved from /Users/admin/opt/anaconda3/envs/python-airflow-venv/lib/python3.10/site-packages/airflow/example_dags/example_short_circuit_operator.py
[2023-03-15T21:55:27.267-0400] {logging_mixin.py:137} WARNING - /Users/admin/opt/anaconda3/envs/python-airflow-venv/lib/python3.10/site-packages/airflow/jobs/scheduler_job.py:124 DeprecationWarning: The processor_poll_interval option in [scheduler] has been renamed to scheduler_idle_sleep_time - the old setting has been used, but please update your config.
[2023-03-15T21:55:27.931-0400] {logging_mixin.py:137} INFO - [2023-03-15T21:55:27.931-0400] {dag.py:2690} INFO - Sync 1 DAGs
[2023-03-15T21:55:27.949-0400] {logging_mixin.py:137} INFO - [2023-03-15T21:55:27.949-0400] {dag.py:3437} INFO - Setting next_dagrun for example_short_circuit_operator to 2023-03-15T01:55:27.949405+00:00, run_after=2023-03-16T01:55:27.949405+00:00
[2023-03-15T21:55:27.970-0400] {processor.py:175} INFO - Processing /Users/admin/opt/anaconda3/envs/python-airflow-venv/lib/python3.10/site-packages/airflow/example_dags/example_short_circuit_operator.py took 0.834 seconds
[2023-03-15T21:57:26.778-0400] {logging_mixin.py:137} WARNING - /Users/admin/opt/anaconda3/envs/python-airflow-venv/lib/python3.10/site-packages/airflow/settings.py:337 DeprecationWarning: The sql_alchemy_pool_enabled option in [core] has been moved to the sql_alchemy_pool_enabled option in [database] - the old setting has been used, but please update your config.
[2023-03-15T21:57:26.783-0400] {logging_mixin.py:137} WARNING - /Users/admin/opt/anaconda3/envs/python-airflow-venv/lib/python3.10/site-packages/airflow/settings.py:400 DeprecationWarning: The sql_engine_encoding option in [core] has been moved to the sql_engine_encoding option in [database] - the old setting has been used, but please update your config.
[2023-03-15T21:57:26.783-0400] {processor.py:153} INFO - Started process (PID=19781) to work on /Users/admin/opt/anaconda3/envs/python-airflow-venv/lib/python3.10/site-packages/airflow/example_dags/example_short_circuit_operator.py
[2023-03-15T21:57:26.783-0400] {processor.py:743} INFO - Processing file /Users/admin/opt/anaconda3/envs/python-airflow-venv/lib/python3.10/site-packages/airflow/example_dags/example_short_circuit_operator.py for tasks to queue
[2023-03-15T21:57:26.784-0400] {logging_mixin.py:137} INFO - [2023-03-15T21:57:26.784-0400] {dagbag.py:538} INFO - Filling up the DagBag from /Users/admin/opt/anaconda3/envs/python-airflow-venv/lib/python3.10/site-packages/airflow/example_dags/example_short_circuit_operator.py
[2023-03-15T21:57:26.842-0400] {processor.py:753} INFO - DAG(s) dict_keys(['example_short_circuit_operator']) retrieved from /Users/admin/opt/anaconda3/envs/python-airflow-venv/lib/python3.10/site-packages/airflow/example_dags/example_short_circuit_operator.py
[2023-03-15T21:57:26.888-0400] {logging_mixin.py:137} WARNING - /Users/admin/opt/anaconda3/envs/python-airflow-venv/lib/python3.10/site-packages/airflow/jobs/scheduler_job.py:124 DeprecationWarning: The processor_poll_interval option in [scheduler] has been renamed to scheduler_idle_sleep_time - the old setting has been used, but please update your config.
[2023-03-15T21:57:27.493-0400] {logging_mixin.py:137} INFO - [2023-03-15T21:57:27.493-0400] {dag.py:2690} INFO - Sync 1 DAGs
[2023-03-15T21:57:27.508-0400] {logging_mixin.py:137} INFO - [2023-03-15T21:57:27.508-0400] {dag.py:3437} INFO - Setting next_dagrun for example_short_circuit_operator to 2023-03-15T01:57:27.508237+00:00, run_after=2023-03-16T01:57:27.508237+00:00
[2023-03-15T21:57:27.528-0400] {processor.py:175} INFO - Processing /Users/admin/opt/anaconda3/envs/python-airflow-venv/lib/python3.10/site-packages/airflow/example_dags/example_short_circuit_operator.py took 0.750 seconds
[2023-03-15T21:59:20.119-0400] {logging_mixin.py:137} WARNING - /Users/admin/opt/anaconda3/envs/python-airflow-venv/lib/python3.10/site-packages/airflow/settings.py:337 DeprecationWarning: The sql_alchemy_pool_enabled option in [core] has been moved to the sql_alchemy_pool_enabled option in [database] - the old setting has been used, but please update your config.
[2023-03-15T21:59:20.124-0400] {logging_mixin.py:137} WARNING - /Users/admin/opt/anaconda3/envs/python-airflow-venv/lib/python3.10/site-packages/airflow/settings.py:400 DeprecationWarning: The sql_engine_encoding option in [core] has been moved to the sql_engine_encoding option in [database] - the old setting has been used, but please update your config.
[2023-03-15T21:59:20.124-0400] {processor.py:153} INFO - Started process (PID=19841) to work on /Users/admin/opt/anaconda3/envs/python-airflow-venv/lib/python3.10/site-packages/airflow/example_dags/example_short_circuit_operator.py
[2023-03-15T21:59:20.124-0400] {processor.py:743} INFO - Processing file /Users/admin/opt/anaconda3/envs/python-airflow-venv/lib/python3.10/site-packages/airflow/example_dags/example_short_circuit_operator.py for tasks to queue
[2023-03-15T21:59:20.125-0400] {logging_mixin.py:137} INFO - [2023-03-15T21:59:20.125-0400] {dagbag.py:538} INFO - Filling up the DagBag from /Users/admin/opt/anaconda3/envs/python-airflow-venv/lib/python3.10/site-packages/airflow/example_dags/example_short_circuit_operator.py
[2023-03-15T21:59:20.196-0400] {processor.py:753} INFO - DAG(s) dict_keys(['example_short_circuit_operator']) retrieved from /Users/admin/opt/anaconda3/envs/python-airflow-venv/lib/python3.10/site-packages/airflow/example_dags/example_short_circuit_operator.py
[2023-03-15T21:59:20.255-0400] {logging_mixin.py:137} WARNING - /Users/admin/opt/anaconda3/envs/python-airflow-venv/lib/python3.10/site-packages/airflow/jobs/scheduler_job.py:124 DeprecationWarning: The processor_poll_interval option in [scheduler] has been renamed to scheduler_idle_sleep_time - the old setting has been used, but please update your config.
[2023-03-15T21:59:21.014-0400] {logging_mixin.py:137} INFO - [2023-03-15T21:59:21.013-0400] {dag.py:2690} INFO - Sync 1 DAGs
[2023-03-15T21:59:21.029-0400] {logging_mixin.py:137} INFO - [2023-03-15T21:59:21.029-0400] {dag.py:3437} INFO - Setting next_dagrun for example_short_circuit_operator to 2023-03-15T01:59:21.029357+00:00, run_after=2023-03-16T01:59:21.029357+00:00
[2023-03-15T21:59:21.049-0400] {processor.py:175} INFO - Processing /Users/admin/opt/anaconda3/envs/python-airflow-venv/lib/python3.10/site-packages/airflow/example_dags/example_short_circuit_operator.py took 0.932 seconds
[2023-03-15T22:03:35.761-0400] {logging_mixin.py:137} WARNING - /Users/admin/opt/anaconda3/envs/python-airflow-venv/lib/python3.10/site-packages/airflow/settings.py:337 DeprecationWarning: The sql_alchemy_pool_enabled option in [core] has been moved to the sql_alchemy_pool_enabled option in [database] - the old setting has been used, but please update your config.
[2023-03-15T22:03:35.766-0400] {logging_mixin.py:137} WARNING - /Users/admin/opt/anaconda3/envs/python-airflow-venv/lib/python3.10/site-packages/airflow/settings.py:400 DeprecationWarning: The sql_engine_encoding option in [core] has been moved to the sql_engine_encoding option in [database] - the old setting has been used, but please update your config.
[2023-03-15T22:03:35.766-0400] {processor.py:153} INFO - Started process (PID=19903) to work on /Users/admin/opt/anaconda3/envs/python-airflow-venv/lib/python3.10/site-packages/airflow/example_dags/example_short_circuit_operator.py
[2023-03-15T22:03:35.766-0400] {processor.py:743} INFO - Processing file /Users/admin/opt/anaconda3/envs/python-airflow-venv/lib/python3.10/site-packages/airflow/example_dags/example_short_circuit_operator.py for tasks to queue
[2023-03-15T22:03:35.767-0400] {logging_mixin.py:137} INFO - [2023-03-15T22:03:35.767-0400] {dagbag.py:538} INFO - Filling up the DagBag from /Users/admin/opt/anaconda3/envs/python-airflow-venv/lib/python3.10/site-packages/airflow/example_dags/example_short_circuit_operator.py
[2023-03-15T22:03:35.834-0400] {processor.py:753} INFO - DAG(s) dict_keys(['example_short_circuit_operator']) retrieved from /Users/admin/opt/anaconda3/envs/python-airflow-venv/lib/python3.10/site-packages/airflow/example_dags/example_short_circuit_operator.py
[2023-03-15T22:03:35.891-0400] {logging_mixin.py:137} WARNING - /Users/admin/opt/anaconda3/envs/python-airflow-venv/lib/python3.10/site-packages/airflow/jobs/scheduler_job.py:124 DeprecationWarning: The processor_poll_interval option in [scheduler] has been renamed to scheduler_idle_sleep_time - the old setting has been used, but please update your config.
[2023-03-15T22:03:36.594-0400] {logging_mixin.py:137} INFO - [2023-03-15T22:03:36.594-0400] {dag.py:2690} INFO - Sync 1 DAGs
[2023-03-15T22:03:36.611-0400] {logging_mixin.py:137} INFO - [2023-03-15T22:03:36.610-0400] {dag.py:3437} INFO - Setting next_dagrun for example_short_circuit_operator to 2023-03-15T02:03:36.610856+00:00, run_after=2023-03-16T02:03:36.610856+00:00
[2023-03-15T22:03:36.629-0400] {processor.py:175} INFO - Processing /Users/admin/opt/anaconda3/envs/python-airflow-venv/lib/python3.10/site-packages/airflow/example_dags/example_short_circuit_operator.py took 0.869 seconds
[2023-03-15T22:05:33.024-0400] {logging_mixin.py:137} WARNING - /Users/admin/opt/anaconda3/envs/python-airflow-venv/lib/python3.10/site-packages/airflow/settings.py:337 DeprecationWarning: The sql_alchemy_pool_enabled option in [core] has been moved to the sql_alchemy_pool_enabled option in [database] - the old setting has been used, but please update your config.
[2023-03-15T22:05:33.028-0400] {logging_mixin.py:137} WARNING - /Users/admin/opt/anaconda3/envs/python-airflow-venv/lib/python3.10/site-packages/airflow/settings.py:400 DeprecationWarning: The sql_engine_encoding option in [core] has been moved to the sql_engine_encoding option in [database] - the old setting has been used, but please update your config.
[2023-03-15T22:05:33.029-0400] {processor.py:153} INFO - Started process (PID=19955) to work on /Users/admin/opt/anaconda3/envs/python-airflow-venv/lib/python3.10/site-packages/airflow/example_dags/example_short_circuit_operator.py
[2023-03-15T22:05:33.029-0400] {processor.py:743} INFO - Processing file /Users/admin/opt/anaconda3/envs/python-airflow-venv/lib/python3.10/site-packages/airflow/example_dags/example_short_circuit_operator.py for tasks to queue
[2023-03-15T22:05:33.030-0400] {logging_mixin.py:137} INFO - [2023-03-15T22:05:33.029-0400] {dagbag.py:538} INFO - Filling up the DagBag from /Users/admin/opt/anaconda3/envs/python-airflow-venv/lib/python3.10/site-packages/airflow/example_dags/example_short_circuit_operator.py
[2023-03-15T22:05:33.091-0400] {processor.py:753} INFO - DAG(s) dict_keys(['example_short_circuit_operator']) retrieved from /Users/admin/opt/anaconda3/envs/python-airflow-venv/lib/python3.10/site-packages/airflow/example_dags/example_short_circuit_operator.py
[2023-03-15T22:05:33.138-0400] {logging_mixin.py:137} WARNING - /Users/admin/opt/anaconda3/envs/python-airflow-venv/lib/python3.10/site-packages/airflow/jobs/scheduler_job.py:124 DeprecationWarning: The processor_poll_interval option in [scheduler] has been renamed to scheduler_idle_sleep_time - the old setting has been used, but please update your config.
[2023-03-15T22:05:33.744-0400] {logging_mixin.py:137} INFO - [2023-03-15T22:05:33.744-0400] {dag.py:2690} INFO - Sync 1 DAGs
[2023-03-15T22:05:33.759-0400] {logging_mixin.py:137} INFO - [2023-03-15T22:05:33.759-0400] {dag.py:3437} INFO - Setting next_dagrun for example_short_circuit_operator to 2023-03-15T02:05:33.759248+00:00, run_after=2023-03-16T02:05:33.759248+00:00
[2023-03-15T22:05:33.780-0400] {processor.py:175} INFO - Processing /Users/admin/opt/anaconda3/envs/python-airflow-venv/lib/python3.10/site-packages/airflow/example_dags/example_short_circuit_operator.py took 0.758 seconds
[2023-03-15T22:07:40.095-0400] {logging_mixin.py:137} WARNING - /Users/admin/opt/anaconda3/envs/python-airflow-venv/lib/python3.10/site-packages/airflow/settings.py:337 DeprecationWarning: The sql_alchemy_pool_enabled option in [core] has been moved to the sql_alchemy_pool_enabled option in [database] - the old setting has been used, but please update your config.
[2023-03-15T22:07:40.106-0400] {logging_mixin.py:137} WARNING - /Users/admin/opt/anaconda3/envs/python-airflow-venv/lib/python3.10/site-packages/airflow/settings.py:400 DeprecationWarning: The sql_engine_encoding option in [core] has been moved to the sql_engine_encoding option in [database] - the old setting has been used, but please update your config.
[2023-03-15T22:07:40.107-0400] {processor.py:153} INFO - Started process (PID=20009) to work on /Users/admin/opt/anaconda3/envs/python-airflow-venv/lib/python3.10/site-packages/airflow/example_dags/example_short_circuit_operator.py
[2023-03-15T22:07:40.107-0400] {processor.py:743} INFO - Processing file /Users/admin/opt/anaconda3/envs/python-airflow-venv/lib/python3.10/site-packages/airflow/example_dags/example_short_circuit_operator.py for tasks to queue
[2023-03-15T22:07:40.108-0400] {logging_mixin.py:137} INFO - [2023-03-15T22:07:40.108-0400] {dagbag.py:538} INFO - Filling up the DagBag from /Users/admin/opt/anaconda3/envs/python-airflow-venv/lib/python3.10/site-packages/airflow/example_dags/example_short_circuit_operator.py
[2023-03-15T22:07:40.199-0400] {processor.py:753} INFO - DAG(s) dict_keys(['example_short_circuit_operator']) retrieved from /Users/admin/opt/anaconda3/envs/python-airflow-venv/lib/python3.10/site-packages/airflow/example_dags/example_short_circuit_operator.py
[2023-03-15T22:07:40.295-0400] {logging_mixin.py:137} WARNING - /Users/admin/opt/anaconda3/envs/python-airflow-venv/lib/python3.10/site-packages/airflow/jobs/scheduler_job.py:124 DeprecationWarning: The processor_poll_interval option in [scheduler] has been renamed to scheduler_idle_sleep_time - the old setting has been used, but please update your config.
[2023-03-15T22:07:41.219-0400] {logging_mixin.py:137} INFO - [2023-03-15T22:07:41.217-0400] {dag.py:2690} INFO - Sync 1 DAGs
[2023-03-15T22:07:41.247-0400] {logging_mixin.py:137} INFO - [2023-03-15T22:07:41.247-0400] {dag.py:3437} INFO - Setting next_dagrun for example_short_circuit_operator to 2023-03-15T02:07:41.247352+00:00, run_after=2023-03-16T02:07:41.247352+00:00
[2023-03-15T22:07:41.277-0400] {processor.py:175} INFO - Processing /Users/admin/opt/anaconda3/envs/python-airflow-venv/lib/python3.10/site-packages/airflow/example_dags/example_short_circuit_operator.py took 1.183 seconds
