[2023-04-10T17:09:35.052-0400] {logging_mixin.py:137} WARNING - /Users/admin/opt/anaconda3/envs/python-airflow-venv/lib/python3.10/site-packages/airflow/settings.py:337 DeprecationWarning: The sql_alchemy_pool_enabled option in [core] has been moved to the sql_alchemy_pool_enabled option in [database] - the old setting has been used, but please update your config.
[2023-04-10T17:09:35.058-0400] {logging_mixin.py:137} WARNING - /Users/admin/opt/anaconda3/envs/python-airflow-venv/lib/python3.10/site-packages/airflow/settings.py:400 DeprecationWarning: The sql_engine_encoding option in [core] has been moved to the sql_engine_encoding option in [database] - the old setting has been used, but please update your config.
[2023-04-10T17:09:35.058-0400] {processor.py:153} INFO - Started process (PID=2989) to work on /Users/admin/opt/anaconda3/envs/python-airflow-venv/lib/python3.10/site-packages/airflow/example_dags/plugins/workday.py
[2023-04-10T17:09:35.058-0400] {processor.py:743} INFO - Processing file /Users/admin/opt/anaconda3/envs/python-airflow-venv/lib/python3.10/site-packages/airflow/example_dags/plugins/workday.py for tasks to queue
[2023-04-10T17:09:35.059-0400] {logging_mixin.py:137} INFO - [2023-04-10T17:09:35.059-0400] {dagbag.py:538} INFO - Filling up the DagBag from /Users/admin/opt/anaconda3/envs/python-airflow-venv/lib/python3.10/site-packages/airflow/example_dags/plugins/workday.py
[2023-04-10T17:09:35.109-0400] {processor.py:755} WARNING - No viable dags retrieved from /Users/admin/opt/anaconda3/envs/python-airflow-venv/lib/python3.10/site-packages/airflow/example_dags/plugins/workday.py
[2023-04-10T17:09:35.174-0400] {logging_mixin.py:137} WARNING - /Users/admin/opt/anaconda3/envs/python-airflow-venv/lib/python3.10/site-packages/airflow/jobs/scheduler_job.py:124 DeprecationWarning: The processor_poll_interval option in [scheduler] has been renamed to scheduler_idle_sleep_time - the old setting has been used, but please update your config.
[2023-04-10T17:09:35.945-0400] {processor.py:175} INFO - Processing /Users/admin/opt/anaconda3/envs/python-airflow-venv/lib/python3.10/site-packages/airflow/example_dags/plugins/workday.py took 0.894 seconds
[2023-04-10T17:10:47.671-0400] {logging_mixin.py:137} WARNING - /Users/admin/opt/anaconda3/envs/python-airflow-venv/lib/python3.10/site-packages/airflow/settings.py:337 DeprecationWarning: The sql_alchemy_pool_enabled option in [core] has been moved to the sql_alchemy_pool_enabled option in [database] - the old setting has been used, but please update your config.
[2023-04-10T17:10:47.676-0400] {logging_mixin.py:137} WARNING - /Users/admin/opt/anaconda3/envs/python-airflow-venv/lib/python3.10/site-packages/airflow/settings.py:400 DeprecationWarning: The sql_engine_encoding option in [core] has been moved to the sql_engine_encoding option in [database] - the old setting has been used, but please update your config.
[2023-04-10T17:10:47.677-0400] {processor.py:153} INFO - Started process (PID=3024) to work on /Users/admin/opt/anaconda3/envs/python-airflow-venv/lib/python3.10/site-packages/airflow/example_dags/plugins/workday.py
[2023-04-10T17:10:47.677-0400] {processor.py:743} INFO - Processing file /Users/admin/opt/anaconda3/envs/python-airflow-venv/lib/python3.10/site-packages/airflow/example_dags/plugins/workday.py for tasks to queue
[2023-04-10T17:10:47.678-0400] {logging_mixin.py:137} INFO - [2023-04-10T17:10:47.678-0400] {dagbag.py:538} INFO - Filling up the DagBag from /Users/admin/opt/anaconda3/envs/python-airflow-venv/lib/python3.10/site-packages/airflow/example_dags/plugins/workday.py
[2023-04-10T17:10:47.718-0400] {processor.py:755} WARNING - No viable dags retrieved from /Users/admin/opt/anaconda3/envs/python-airflow-venv/lib/python3.10/site-packages/airflow/example_dags/plugins/workday.py
[2023-04-10T17:10:47.765-0400] {logging_mixin.py:137} WARNING - /Users/admin/opt/anaconda3/envs/python-airflow-venv/lib/python3.10/site-packages/airflow/jobs/scheduler_job.py:124 DeprecationWarning: The processor_poll_interval option in [scheduler] has been renamed to scheduler_idle_sleep_time - the old setting has been used, but please update your config.
[2023-04-10T17:10:48.466-0400] {processor.py:175} INFO - Processing /Users/admin/opt/anaconda3/envs/python-airflow-venv/lib/python3.10/site-packages/airflow/example_dags/plugins/workday.py took 0.796 seconds
[2023-04-10T17:13:14.717-0400] {logging_mixin.py:137} WARNING - /Users/admin/opt/anaconda3/envs/python-airflow-venv/lib/python3.10/site-packages/airflow/settings.py:337 DeprecationWarning: The sql_alchemy_pool_enabled option in [core] has been moved to the sql_alchemy_pool_enabled option in [database] - the old setting has been used, but please update your config.
[2023-04-10T17:13:14.722-0400] {logging_mixin.py:137} WARNING - /Users/admin/opt/anaconda3/envs/python-airflow-venv/lib/python3.10/site-packages/airflow/settings.py:400 DeprecationWarning: The sql_engine_encoding option in [core] has been moved to the sql_engine_encoding option in [database] - the old setting has been used, but please update your config.
[2023-04-10T17:13:14.722-0400] {processor.py:153} INFO - Started process (PID=3081) to work on /Users/admin/opt/anaconda3/envs/python-airflow-venv/lib/python3.10/site-packages/airflow/example_dags/plugins/workday.py
[2023-04-10T17:13:14.722-0400] {processor.py:743} INFO - Processing file /Users/admin/opt/anaconda3/envs/python-airflow-venv/lib/python3.10/site-packages/airflow/example_dags/plugins/workday.py for tasks to queue
[2023-04-10T17:13:14.723-0400] {logging_mixin.py:137} INFO - [2023-04-10T17:13:14.723-0400] {dagbag.py:538} INFO - Filling up the DagBag from /Users/admin/opt/anaconda3/envs/python-airflow-venv/lib/python3.10/site-packages/airflow/example_dags/plugins/workday.py
[2023-04-10T17:13:14.760-0400] {processor.py:755} WARNING - No viable dags retrieved from /Users/admin/opt/anaconda3/envs/python-airflow-venv/lib/python3.10/site-packages/airflow/example_dags/plugins/workday.py
[2023-04-10T17:13:14.805-0400] {logging_mixin.py:137} WARNING - /Users/admin/opt/anaconda3/envs/python-airflow-venv/lib/python3.10/site-packages/airflow/jobs/scheduler_job.py:124 DeprecationWarning: The processor_poll_interval option in [scheduler] has been renamed to scheduler_idle_sleep_time - the old setting has been used, but please update your config.
[2023-04-10T17:13:15.369-0400] {processor.py:175} INFO - Processing /Users/admin/opt/anaconda3/envs/python-airflow-venv/lib/python3.10/site-packages/airflow/example_dags/plugins/workday.py took 0.653 seconds
[2023-04-10T17:14:32.787-0400] {logging_mixin.py:137} WARNING - /Users/admin/opt/anaconda3/envs/python-airflow-venv/lib/python3.10/site-packages/airflow/settings.py:337 DeprecationWarning: The sql_alchemy_pool_enabled option in [core] has been moved to the sql_alchemy_pool_enabled option in [database] - the old setting has been used, but please update your config.
[2023-04-10T17:14:32.793-0400] {logging_mixin.py:137} WARNING - /Users/admin/opt/anaconda3/envs/python-airflow-venv/lib/python3.10/site-packages/airflow/settings.py:400 DeprecationWarning: The sql_engine_encoding option in [core] has been moved to the sql_engine_encoding option in [database] - the old setting has been used, but please update your config.
[2023-04-10T17:14:32.794-0400] {processor.py:153} INFO - Started process (PID=3120) to work on /Users/admin/opt/anaconda3/envs/python-airflow-venv/lib/python3.10/site-packages/airflow/example_dags/plugins/workday.py
[2023-04-10T17:14:32.794-0400] {processor.py:743} INFO - Processing file /Users/admin/opt/anaconda3/envs/python-airflow-venv/lib/python3.10/site-packages/airflow/example_dags/plugins/workday.py for tasks to queue
[2023-04-10T17:14:32.794-0400] {logging_mixin.py:137} INFO - [2023-04-10T17:14:32.794-0400] {dagbag.py:538} INFO - Filling up the DagBag from /Users/admin/opt/anaconda3/envs/python-airflow-venv/lib/python3.10/site-packages/airflow/example_dags/plugins/workday.py
[2023-04-10T17:14:32.838-0400] {processor.py:755} WARNING - No viable dags retrieved from /Users/admin/opt/anaconda3/envs/python-airflow-venv/lib/python3.10/site-packages/airflow/example_dags/plugins/workday.py
[2023-04-10T17:14:32.892-0400] {logging_mixin.py:137} WARNING - /Users/admin/opt/anaconda3/envs/python-airflow-venv/lib/python3.10/site-packages/airflow/jobs/scheduler_job.py:124 DeprecationWarning: The processor_poll_interval option in [scheduler] has been renamed to scheduler_idle_sleep_time - the old setting has been used, but please update your config.
[2023-04-10T17:14:33.501-0400] {processor.py:175} INFO - Processing /Users/admin/opt/anaconda3/envs/python-airflow-venv/lib/python3.10/site-packages/airflow/example_dags/plugins/workday.py took 0.715 seconds
[2023-04-10T17:17:05.652-0400] {logging_mixin.py:137} WARNING - /Users/admin/opt/anaconda3/envs/python-airflow-venv/lib/python3.10/site-packages/airflow/settings.py:337 DeprecationWarning: The sql_alchemy_pool_enabled option in [core] has been moved to the sql_alchemy_pool_enabled option in [database] - the old setting has been used, but please update your config.
[2023-04-10T17:17:05.656-0400] {logging_mixin.py:137} WARNING - /Users/admin/opt/anaconda3/envs/python-airflow-venv/lib/python3.10/site-packages/airflow/settings.py:400 DeprecationWarning: The sql_engine_encoding option in [core] has been moved to the sql_engine_encoding option in [database] - the old setting has been used, but please update your config.
[2023-04-10T17:17:05.657-0400] {processor.py:153} INFO - Started process (PID=3180) to work on /Users/admin/opt/anaconda3/envs/python-airflow-venv/lib/python3.10/site-packages/airflow/example_dags/plugins/workday.py
[2023-04-10T17:17:05.657-0400] {processor.py:743} INFO - Processing file /Users/admin/opt/anaconda3/envs/python-airflow-venv/lib/python3.10/site-packages/airflow/example_dags/plugins/workday.py for tasks to queue
[2023-04-10T17:17:05.658-0400] {logging_mixin.py:137} INFO - [2023-04-10T17:17:05.658-0400] {dagbag.py:538} INFO - Filling up the DagBag from /Users/admin/opt/anaconda3/envs/python-airflow-venv/lib/python3.10/site-packages/airflow/example_dags/plugins/workday.py
[2023-04-10T17:17:05.696-0400] {processor.py:755} WARNING - No viable dags retrieved from /Users/admin/opt/anaconda3/envs/python-airflow-venv/lib/python3.10/site-packages/airflow/example_dags/plugins/workday.py
[2023-04-10T17:17:05.744-0400] {logging_mixin.py:137} WARNING - /Users/admin/opt/anaconda3/envs/python-airflow-venv/lib/python3.10/site-packages/airflow/jobs/scheduler_job.py:124 DeprecationWarning: The processor_poll_interval option in [scheduler] has been renamed to scheduler_idle_sleep_time - the old setting has been used, but please update your config.
[2023-04-10T17:17:06.308-0400] {processor.py:175} INFO - Processing /Users/admin/opt/anaconda3/envs/python-airflow-venv/lib/python3.10/site-packages/airflow/example_dags/plugins/workday.py took 0.657 seconds
[2023-04-10T17:19:01.348-0400] {logging_mixin.py:137} WARNING - /Users/admin/opt/anaconda3/envs/python-airflow-venv/lib/python3.10/site-packages/airflow/settings.py:337 DeprecationWarning: The sql_alchemy_pool_enabled option in [core] has been moved to the sql_alchemy_pool_enabled option in [database] - the old setting has been used, but please update your config.
[2023-04-10T17:19:01.352-0400] {logging_mixin.py:137} WARNING - /Users/admin/opt/anaconda3/envs/python-airflow-venv/lib/python3.10/site-packages/airflow/settings.py:400 DeprecationWarning: The sql_engine_encoding option in [core] has been moved to the sql_engine_encoding option in [database] - the old setting has been used, but please update your config.
[2023-04-10T17:19:01.353-0400] {processor.py:153} INFO - Started process (PID=3231) to work on /Users/admin/opt/anaconda3/envs/python-airflow-venv/lib/python3.10/site-packages/airflow/example_dags/plugins/workday.py
[2023-04-10T17:19:01.353-0400] {processor.py:743} INFO - Processing file /Users/admin/opt/anaconda3/envs/python-airflow-venv/lib/python3.10/site-packages/airflow/example_dags/plugins/workday.py for tasks to queue
[2023-04-10T17:19:01.353-0400] {logging_mixin.py:137} INFO - [2023-04-10T17:19:01.353-0400] {dagbag.py:538} INFO - Filling up the DagBag from /Users/admin/opt/anaconda3/envs/python-airflow-venv/lib/python3.10/site-packages/airflow/example_dags/plugins/workday.py
[2023-04-10T17:19:01.397-0400] {processor.py:755} WARNING - No viable dags retrieved from /Users/admin/opt/anaconda3/envs/python-airflow-venv/lib/python3.10/site-packages/airflow/example_dags/plugins/workday.py
[2023-04-10T17:19:01.445-0400] {logging_mixin.py:137} WARNING - /Users/admin/opt/anaconda3/envs/python-airflow-venv/lib/python3.10/site-packages/airflow/jobs/scheduler_job.py:124 DeprecationWarning: The processor_poll_interval option in [scheduler] has been renamed to scheduler_idle_sleep_time - the old setting has been used, but please update your config.
[2023-04-10T17:19:02.002-0400] {processor.py:175} INFO - Processing /Users/admin/opt/anaconda3/envs/python-airflow-venv/lib/python3.10/site-packages/airflow/example_dags/plugins/workday.py took 0.656 seconds
[2023-04-10T17:20:57.306-0400] {logging_mixin.py:137} WARNING - /Users/admin/opt/anaconda3/envs/python-airflow-venv/lib/python3.10/site-packages/airflow/settings.py:337 DeprecationWarning: The sql_alchemy_pool_enabled option in [core] has been moved to the sql_alchemy_pool_enabled option in [database] - the old setting has been used, but please update your config.
[2023-04-10T17:20:57.310-0400] {logging_mixin.py:137} WARNING - /Users/admin/opt/anaconda3/envs/python-airflow-venv/lib/python3.10/site-packages/airflow/settings.py:400 DeprecationWarning: The sql_engine_encoding option in [core] has been moved to the sql_engine_encoding option in [database] - the old setting has been used, but please update your config.
[2023-04-10T17:20:57.311-0400] {processor.py:153} INFO - Started process (PID=3282) to work on /Users/admin/opt/anaconda3/envs/python-airflow-venv/lib/python3.10/site-packages/airflow/example_dags/plugins/workday.py
[2023-04-10T17:20:57.311-0400] {processor.py:743} INFO - Processing file /Users/admin/opt/anaconda3/envs/python-airflow-venv/lib/python3.10/site-packages/airflow/example_dags/plugins/workday.py for tasks to queue
[2023-04-10T17:20:57.311-0400] {logging_mixin.py:137} INFO - [2023-04-10T17:20:57.311-0400] {dagbag.py:538} INFO - Filling up the DagBag from /Users/admin/opt/anaconda3/envs/python-airflow-venv/lib/python3.10/site-packages/airflow/example_dags/plugins/workday.py
[2023-04-10T17:20:57.347-0400] {processor.py:755} WARNING - No viable dags retrieved from /Users/admin/opt/anaconda3/envs/python-airflow-venv/lib/python3.10/site-packages/airflow/example_dags/plugins/workday.py
[2023-04-10T17:20:57.395-0400] {logging_mixin.py:137} WARNING - /Users/admin/opt/anaconda3/envs/python-airflow-venv/lib/python3.10/site-packages/airflow/jobs/scheduler_job.py:124 DeprecationWarning: The processor_poll_interval option in [scheduler] has been renamed to scheduler_idle_sleep_time - the old setting has been used, but please update your config.
[2023-04-10T17:20:57.954-0400] {processor.py:175} INFO - Processing /Users/admin/opt/anaconda3/envs/python-airflow-venv/lib/python3.10/site-packages/airflow/example_dags/plugins/workday.py took 0.649 seconds
[2023-04-10T17:22:52.889-0400] {logging_mixin.py:137} WARNING - /Users/admin/opt/anaconda3/envs/python-airflow-venv/lib/python3.10/site-packages/airflow/settings.py:337 DeprecationWarning: The sql_alchemy_pool_enabled option in [core] has been moved to the sql_alchemy_pool_enabled option in [database] - the old setting has been used, but please update your config.
[2023-04-10T17:22:52.894-0400] {logging_mixin.py:137} WARNING - /Users/admin/opt/anaconda3/envs/python-airflow-venv/lib/python3.10/site-packages/airflow/settings.py:400 DeprecationWarning: The sql_engine_encoding option in [core] has been moved to the sql_engine_encoding option in [database] - the old setting has been used, but please update your config.
[2023-04-10T17:22:52.894-0400] {processor.py:153} INFO - Started process (PID=3333) to work on /Users/admin/opt/anaconda3/envs/python-airflow-venv/lib/python3.10/site-packages/airflow/example_dags/plugins/workday.py
[2023-04-10T17:22:52.895-0400] {processor.py:743} INFO - Processing file /Users/admin/opt/anaconda3/envs/python-airflow-venv/lib/python3.10/site-packages/airflow/example_dags/plugins/workday.py for tasks to queue
[2023-04-10T17:22:52.895-0400] {logging_mixin.py:137} INFO - [2023-04-10T17:22:52.895-0400] {dagbag.py:538} INFO - Filling up the DagBag from /Users/admin/opt/anaconda3/envs/python-airflow-venv/lib/python3.10/site-packages/airflow/example_dags/plugins/workday.py
[2023-04-10T17:22:52.929-0400] {processor.py:755} WARNING - No viable dags retrieved from /Users/admin/opt/anaconda3/envs/python-airflow-venv/lib/python3.10/site-packages/airflow/example_dags/plugins/workday.py
[2023-04-10T17:22:52.977-0400] {logging_mixin.py:137} WARNING - /Users/admin/opt/anaconda3/envs/python-airflow-venv/lib/python3.10/site-packages/airflow/jobs/scheduler_job.py:124 DeprecationWarning: The processor_poll_interval option in [scheduler] has been renamed to scheduler_idle_sleep_time - the old setting has been used, but please update your config.
[2023-04-10T17:22:53.538-0400] {processor.py:175} INFO - Processing /Users/admin/opt/anaconda3/envs/python-airflow-venv/lib/python3.10/site-packages/airflow/example_dags/plugins/workday.py took 0.649 seconds
[2023-04-10T17:24:49.221-0400] {logging_mixin.py:137} WARNING - /Users/admin/opt/anaconda3/envs/python-airflow-venv/lib/python3.10/site-packages/airflow/settings.py:337 DeprecationWarning: The sql_alchemy_pool_enabled option in [core] has been moved to the sql_alchemy_pool_enabled option in [database] - the old setting has been used, but please update your config.
[2023-04-10T17:24:49.225-0400] {logging_mixin.py:137} WARNING - /Users/admin/opt/anaconda3/envs/python-airflow-venv/lib/python3.10/site-packages/airflow/settings.py:400 DeprecationWarning: The sql_engine_encoding option in [core] has been moved to the sql_engine_encoding option in [database] - the old setting has been used, but please update your config.
[2023-04-10T17:24:49.226-0400] {processor.py:153} INFO - Started process (PID=3390) to work on /Users/admin/opt/anaconda3/envs/python-airflow-venv/lib/python3.10/site-packages/airflow/example_dags/plugins/workday.py
[2023-04-10T17:24:49.226-0400] {processor.py:743} INFO - Processing file /Users/admin/opt/anaconda3/envs/python-airflow-venv/lib/python3.10/site-packages/airflow/example_dags/plugins/workday.py for tasks to queue
[2023-04-10T17:24:49.227-0400] {logging_mixin.py:137} INFO - [2023-04-10T17:24:49.226-0400] {dagbag.py:538} INFO - Filling up the DagBag from /Users/admin/opt/anaconda3/envs/python-airflow-venv/lib/python3.10/site-packages/airflow/example_dags/plugins/workday.py
[2023-04-10T17:24:49.263-0400] {processor.py:755} WARNING - No viable dags retrieved from /Users/admin/opt/anaconda3/envs/python-airflow-venv/lib/python3.10/site-packages/airflow/example_dags/plugins/workday.py
[2023-04-10T17:24:49.309-0400] {logging_mixin.py:137} WARNING - /Users/admin/opt/anaconda3/envs/python-airflow-venv/lib/python3.10/site-packages/airflow/jobs/scheduler_job.py:124 DeprecationWarning: The processor_poll_interval option in [scheduler] has been renamed to scheduler_idle_sleep_time - the old setting has been used, but please update your config.
[2023-04-10T17:24:49.867-0400] {processor.py:175} INFO - Processing /Users/admin/opt/anaconda3/envs/python-airflow-venv/lib/python3.10/site-packages/airflow/example_dags/plugins/workday.py took 0.647 seconds
[2023-04-10T17:26:45.553-0400] {logging_mixin.py:137} WARNING - /Users/admin/opt/anaconda3/envs/python-airflow-venv/lib/python3.10/site-packages/airflow/settings.py:337 DeprecationWarning: The sql_alchemy_pool_enabled option in [core] has been moved to the sql_alchemy_pool_enabled option in [database] - the old setting has been used, but please update your config.
[2023-04-10T17:26:45.557-0400] {logging_mixin.py:137} WARNING - /Users/admin/opt/anaconda3/envs/python-airflow-venv/lib/python3.10/site-packages/airflow/settings.py:400 DeprecationWarning: The sql_engine_encoding option in [core] has been moved to the sql_engine_encoding option in [database] - the old setting has been used, but please update your config.
[2023-04-10T17:26:45.558-0400] {processor.py:153} INFO - Started process (PID=3449) to work on /Users/admin/opt/anaconda3/envs/python-airflow-venv/lib/python3.10/site-packages/airflow/example_dags/plugins/workday.py
[2023-04-10T17:26:45.558-0400] {processor.py:743} INFO - Processing file /Users/admin/opt/anaconda3/envs/python-airflow-venv/lib/python3.10/site-packages/airflow/example_dags/plugins/workday.py for tasks to queue
[2023-04-10T17:26:45.558-0400] {logging_mixin.py:137} INFO - [2023-04-10T17:26:45.558-0400] {dagbag.py:538} INFO - Filling up the DagBag from /Users/admin/opt/anaconda3/envs/python-airflow-venv/lib/python3.10/site-packages/airflow/example_dags/plugins/workday.py
[2023-04-10T17:26:45.595-0400] {processor.py:755} WARNING - No viable dags retrieved from /Users/admin/opt/anaconda3/envs/python-airflow-venv/lib/python3.10/site-packages/airflow/example_dags/plugins/workday.py
[2023-04-10T17:26:45.643-0400] {logging_mixin.py:137} WARNING - /Users/admin/opt/anaconda3/envs/python-airflow-venv/lib/python3.10/site-packages/airflow/jobs/scheduler_job.py:124 DeprecationWarning: The processor_poll_interval option in [scheduler] has been renamed to scheduler_idle_sleep_time - the old setting has been used, but please update your config.
[2023-04-10T17:26:46.208-0400] {processor.py:175} INFO - Processing /Users/admin/opt/anaconda3/envs/python-airflow-venv/lib/python3.10/site-packages/airflow/example_dags/plugins/workday.py took 0.656 seconds
[2023-04-10T17:28:42.860-0400] {logging_mixin.py:137} WARNING - /Users/admin/opt/anaconda3/envs/python-airflow-venv/lib/python3.10/site-packages/airflow/settings.py:337 DeprecationWarning: The sql_alchemy_pool_enabled option in [core] has been moved to the sql_alchemy_pool_enabled option in [database] - the old setting has been used, but please update your config.
[2023-04-10T17:28:42.865-0400] {logging_mixin.py:137} WARNING - /Users/admin/opt/anaconda3/envs/python-airflow-venv/lib/python3.10/site-packages/airflow/settings.py:400 DeprecationWarning: The sql_engine_encoding option in [core] has been moved to the sql_engine_encoding option in [database] - the old setting has been used, but please update your config.
[2023-04-10T17:28:42.865-0400] {processor.py:153} INFO - Started process (PID=3519) to work on /Users/admin/opt/anaconda3/envs/python-airflow-venv/lib/python3.10/site-packages/airflow/example_dags/plugins/workday.py
[2023-04-10T17:28:42.865-0400] {processor.py:743} INFO - Processing file /Users/admin/opt/anaconda3/envs/python-airflow-venv/lib/python3.10/site-packages/airflow/example_dags/plugins/workday.py for tasks to queue
[2023-04-10T17:28:42.866-0400] {logging_mixin.py:137} INFO - [2023-04-10T17:28:42.866-0400] {dagbag.py:538} INFO - Filling up the DagBag from /Users/admin/opt/anaconda3/envs/python-airflow-venv/lib/python3.10/site-packages/airflow/example_dags/plugins/workday.py
[2023-04-10T17:28:42.901-0400] {processor.py:755} WARNING - No viable dags retrieved from /Users/admin/opt/anaconda3/envs/python-airflow-venv/lib/python3.10/site-packages/airflow/example_dags/plugins/workday.py
[2023-04-10T17:28:42.947-0400] {logging_mixin.py:137} WARNING - /Users/admin/opt/anaconda3/envs/python-airflow-venv/lib/python3.10/site-packages/airflow/jobs/scheduler_job.py:124 DeprecationWarning: The processor_poll_interval option in [scheduler] has been renamed to scheduler_idle_sleep_time - the old setting has been used, but please update your config.
[2023-04-10T17:28:43.520-0400] {processor.py:175} INFO - Processing /Users/admin/opt/anaconda3/envs/python-airflow-venv/lib/python3.10/site-packages/airflow/example_dags/plugins/workday.py took 0.662 seconds
[2023-04-10T17:30:39.496-0400] {logging_mixin.py:137} WARNING - /Users/admin/opt/anaconda3/envs/python-airflow-venv/lib/python3.10/site-packages/airflow/settings.py:337 DeprecationWarning: The sql_alchemy_pool_enabled option in [core] has been moved to the sql_alchemy_pool_enabled option in [database] - the old setting has been used, but please update your config.
[2023-04-10T17:30:39.501-0400] {logging_mixin.py:137} WARNING - /Users/admin/opt/anaconda3/envs/python-airflow-venv/lib/python3.10/site-packages/airflow/settings.py:400 DeprecationWarning: The sql_engine_encoding option in [core] has been moved to the sql_engine_encoding option in [database] - the old setting has been used, but please update your config.
[2023-04-10T17:30:39.501-0400] {processor.py:153} INFO - Started process (PID=3592) to work on /Users/admin/opt/anaconda3/envs/python-airflow-venv/lib/python3.10/site-packages/airflow/example_dags/plugins/workday.py
[2023-04-10T17:30:39.501-0400] {processor.py:743} INFO - Processing file /Users/admin/opt/anaconda3/envs/python-airflow-venv/lib/python3.10/site-packages/airflow/example_dags/plugins/workday.py for tasks to queue
[2023-04-10T17:30:39.502-0400] {logging_mixin.py:137} INFO - [2023-04-10T17:30:39.502-0400] {dagbag.py:538} INFO - Filling up the DagBag from /Users/admin/opt/anaconda3/envs/python-airflow-venv/lib/python3.10/site-packages/airflow/example_dags/plugins/workday.py
[2023-04-10T17:30:39.537-0400] {processor.py:755} WARNING - No viable dags retrieved from /Users/admin/opt/anaconda3/envs/python-airflow-venv/lib/python3.10/site-packages/airflow/example_dags/plugins/workday.py
[2023-04-10T17:30:39.584-0400] {logging_mixin.py:137} WARNING - /Users/admin/opt/anaconda3/envs/python-airflow-venv/lib/python3.10/site-packages/airflow/jobs/scheduler_job.py:124 DeprecationWarning: The processor_poll_interval option in [scheduler] has been renamed to scheduler_idle_sleep_time - the old setting has been used, but please update your config.
[2023-04-10T17:30:40.159-0400] {processor.py:175} INFO - Processing /Users/admin/opt/anaconda3/envs/python-airflow-venv/lib/python3.10/site-packages/airflow/example_dags/plugins/workday.py took 0.664 seconds
[2023-04-10T17:32:35.458-0400] {logging_mixin.py:137} WARNING - /Users/admin/opt/anaconda3/envs/python-airflow-venv/lib/python3.10/site-packages/airflow/settings.py:337 DeprecationWarning: The sql_alchemy_pool_enabled option in [core] has been moved to the sql_alchemy_pool_enabled option in [database] - the old setting has been used, but please update your config.
[2023-04-10T17:32:35.462-0400] {logging_mixin.py:137} WARNING - /Users/admin/opt/anaconda3/envs/python-airflow-venv/lib/python3.10/site-packages/airflow/settings.py:400 DeprecationWarning: The sql_engine_encoding option in [core] has been moved to the sql_engine_encoding option in [database] - the old setting has been used, but please update your config.
[2023-04-10T17:32:35.463-0400] {processor.py:153} INFO - Started process (PID=3644) to work on /Users/admin/opt/anaconda3/envs/python-airflow-venv/lib/python3.10/site-packages/airflow/example_dags/plugins/workday.py
[2023-04-10T17:32:35.463-0400] {processor.py:743} INFO - Processing file /Users/admin/opt/anaconda3/envs/python-airflow-venv/lib/python3.10/site-packages/airflow/example_dags/plugins/workday.py for tasks to queue
[2023-04-10T17:32:35.463-0400] {logging_mixin.py:137} INFO - [2023-04-10T17:32:35.463-0400] {dagbag.py:538} INFO - Filling up the DagBag from /Users/admin/opt/anaconda3/envs/python-airflow-venv/lib/python3.10/site-packages/airflow/example_dags/plugins/workday.py
[2023-04-10T17:32:35.501-0400] {processor.py:755} WARNING - No viable dags retrieved from /Users/admin/opt/anaconda3/envs/python-airflow-venv/lib/python3.10/site-packages/airflow/example_dags/plugins/workday.py
[2023-04-10T17:32:35.547-0400] {logging_mixin.py:137} WARNING - /Users/admin/opt/anaconda3/envs/python-airflow-venv/lib/python3.10/site-packages/airflow/jobs/scheduler_job.py:124 DeprecationWarning: The processor_poll_interval option in [scheduler] has been renamed to scheduler_idle_sleep_time - the old setting has been used, but please update your config.
[2023-04-10T17:32:36.108-0400] {processor.py:175} INFO - Processing /Users/admin/opt/anaconda3/envs/python-airflow-venv/lib/python3.10/site-packages/airflow/example_dags/plugins/workday.py took 0.651 seconds
[2023-04-10T17:34:33.733-0400] {logging_mixin.py:137} WARNING - /Users/admin/opt/anaconda3/envs/python-airflow-venv/lib/python3.10/site-packages/airflow/settings.py:337 DeprecationWarning: The sql_alchemy_pool_enabled option in [core] has been moved to the sql_alchemy_pool_enabled option in [database] - the old setting has been used, but please update your config.
[2023-04-10T17:34:33.738-0400] {logging_mixin.py:137} WARNING - /Users/admin/opt/anaconda3/envs/python-airflow-venv/lib/python3.10/site-packages/airflow/settings.py:400 DeprecationWarning: The sql_engine_encoding option in [core] has been moved to the sql_engine_encoding option in [database] - the old setting has been used, but please update your config.
[2023-04-10T17:34:33.738-0400] {processor.py:153} INFO - Started process (PID=3704) to work on /Users/admin/opt/anaconda3/envs/python-airflow-venv/lib/python3.10/site-packages/airflow/example_dags/plugins/workday.py
[2023-04-10T17:34:33.738-0400] {processor.py:743} INFO - Processing file /Users/admin/opt/anaconda3/envs/python-airflow-venv/lib/python3.10/site-packages/airflow/example_dags/plugins/workday.py for tasks to queue
[2023-04-10T17:34:33.739-0400] {logging_mixin.py:137} INFO - [2023-04-10T17:34:33.739-0400] {dagbag.py:538} INFO - Filling up the DagBag from /Users/admin/opt/anaconda3/envs/python-airflow-venv/lib/python3.10/site-packages/airflow/example_dags/plugins/workday.py
[2023-04-10T17:34:33.778-0400] {processor.py:755} WARNING - No viable dags retrieved from /Users/admin/opt/anaconda3/envs/python-airflow-venv/lib/python3.10/site-packages/airflow/example_dags/plugins/workday.py
[2023-04-10T17:34:33.824-0400] {logging_mixin.py:137} WARNING - /Users/admin/opt/anaconda3/envs/python-airflow-venv/lib/python3.10/site-packages/airflow/jobs/scheduler_job.py:124 DeprecationWarning: The processor_poll_interval option in [scheduler] has been renamed to scheduler_idle_sleep_time - the old setting has been used, but please update your config.
[2023-04-10T17:34:34.392-0400] {processor.py:175} INFO - Processing /Users/admin/opt/anaconda3/envs/python-airflow-venv/lib/python3.10/site-packages/airflow/example_dags/plugins/workday.py took 0.659 seconds
[2023-04-10T17:36:29.196-0400] {logging_mixin.py:137} WARNING - /Users/admin/opt/anaconda3/envs/python-airflow-venv/lib/python3.10/site-packages/airflow/settings.py:337 DeprecationWarning: The sql_alchemy_pool_enabled option in [core] has been moved to the sql_alchemy_pool_enabled option in [database] - the old setting has been used, but please update your config.
[2023-04-10T17:36:29.201-0400] {logging_mixin.py:137} WARNING - /Users/admin/opt/anaconda3/envs/python-airflow-venv/lib/python3.10/site-packages/airflow/settings.py:400 DeprecationWarning: The sql_engine_encoding option in [core] has been moved to the sql_engine_encoding option in [database] - the old setting has been used, but please update your config.
[2023-04-10T17:36:29.201-0400] {processor.py:153} INFO - Started process (PID=3771) to work on /Users/admin/opt/anaconda3/envs/python-airflow-venv/lib/python3.10/site-packages/airflow/example_dags/plugins/workday.py
[2023-04-10T17:36:29.202-0400] {processor.py:743} INFO - Processing file /Users/admin/opt/anaconda3/envs/python-airflow-venv/lib/python3.10/site-packages/airflow/example_dags/plugins/workday.py for tasks to queue
[2023-04-10T17:36:29.202-0400] {logging_mixin.py:137} INFO - [2023-04-10T17:36:29.202-0400] {dagbag.py:538} INFO - Filling up the DagBag from /Users/admin/opt/anaconda3/envs/python-airflow-venv/lib/python3.10/site-packages/airflow/example_dags/plugins/workday.py
[2023-04-10T17:36:29.239-0400] {processor.py:755} WARNING - No viable dags retrieved from /Users/admin/opt/anaconda3/envs/python-airflow-venv/lib/python3.10/site-packages/airflow/example_dags/plugins/workday.py
[2023-04-10T17:36:29.288-0400] {logging_mixin.py:137} WARNING - /Users/admin/opt/anaconda3/envs/python-airflow-venv/lib/python3.10/site-packages/airflow/jobs/scheduler_job.py:124 DeprecationWarning: The processor_poll_interval option in [scheduler] has been renamed to scheduler_idle_sleep_time - the old setting has been used, but please update your config.
[2023-04-10T17:36:29.847-0400] {processor.py:175} INFO - Processing /Users/admin/opt/anaconda3/envs/python-airflow-venv/lib/python3.10/site-packages/airflow/example_dags/plugins/workday.py took 0.651 seconds
[2023-04-10T17:38:25.142-0400] {logging_mixin.py:137} WARNING - /Users/admin/opt/anaconda3/envs/python-airflow-venv/lib/python3.10/site-packages/airflow/settings.py:337 DeprecationWarning: The sql_alchemy_pool_enabled option in [core] has been moved to the sql_alchemy_pool_enabled option in [database] - the old setting has been used, but please update your config.
[2023-04-10T17:38:25.147-0400] {logging_mixin.py:137} WARNING - /Users/admin/opt/anaconda3/envs/python-airflow-venv/lib/python3.10/site-packages/airflow/settings.py:400 DeprecationWarning: The sql_engine_encoding option in [core] has been moved to the sql_engine_encoding option in [database] - the old setting has been used, but please update your config.
[2023-04-10T17:38:25.147-0400] {processor.py:153} INFO - Started process (PID=3822) to work on /Users/admin/opt/anaconda3/envs/python-airflow-venv/lib/python3.10/site-packages/airflow/example_dags/plugins/workday.py
[2023-04-10T17:38:25.147-0400] {processor.py:743} INFO - Processing file /Users/admin/opt/anaconda3/envs/python-airflow-venv/lib/python3.10/site-packages/airflow/example_dags/plugins/workday.py for tasks to queue
[2023-04-10T17:38:25.148-0400] {logging_mixin.py:137} INFO - [2023-04-10T17:38:25.148-0400] {dagbag.py:538} INFO - Filling up the DagBag from /Users/admin/opt/anaconda3/envs/python-airflow-venv/lib/python3.10/site-packages/airflow/example_dags/plugins/workday.py
[2023-04-10T17:38:25.184-0400] {processor.py:755} WARNING - No viable dags retrieved from /Users/admin/opt/anaconda3/envs/python-airflow-venv/lib/python3.10/site-packages/airflow/example_dags/plugins/workday.py
[2023-04-10T17:38:25.231-0400] {logging_mixin.py:137} WARNING - /Users/admin/opt/anaconda3/envs/python-airflow-venv/lib/python3.10/site-packages/airflow/jobs/scheduler_job.py:124 DeprecationWarning: The processor_poll_interval option in [scheduler] has been renamed to scheduler_idle_sleep_time - the old setting has been used, but please update your config.
[2023-04-10T17:38:25.790-0400] {processor.py:175} INFO - Processing /Users/admin/opt/anaconda3/envs/python-airflow-venv/lib/python3.10/site-packages/airflow/example_dags/plugins/workday.py took 0.649 seconds
[2023-04-10T17:40:21.108-0400] {logging_mixin.py:137} WARNING - /Users/admin/opt/anaconda3/envs/python-airflow-venv/lib/python3.10/site-packages/airflow/settings.py:337 DeprecationWarning: The sql_alchemy_pool_enabled option in [core] has been moved to the sql_alchemy_pool_enabled option in [database] - the old setting has been used, but please update your config.
[2023-04-10T17:40:21.112-0400] {logging_mixin.py:137} WARNING - /Users/admin/opt/anaconda3/envs/python-airflow-venv/lib/python3.10/site-packages/airflow/settings.py:400 DeprecationWarning: The sql_engine_encoding option in [core] has been moved to the sql_engine_encoding option in [database] - the old setting has been used, but please update your config.
[2023-04-10T17:40:21.113-0400] {processor.py:153} INFO - Started process (PID=3873) to work on /Users/admin/opt/anaconda3/envs/python-airflow-venv/lib/python3.10/site-packages/airflow/example_dags/plugins/workday.py
[2023-04-10T17:40:21.113-0400] {processor.py:743} INFO - Processing file /Users/admin/opt/anaconda3/envs/python-airflow-venv/lib/python3.10/site-packages/airflow/example_dags/plugins/workday.py for tasks to queue
[2023-04-10T17:40:21.113-0400] {logging_mixin.py:137} INFO - [2023-04-10T17:40:21.113-0400] {dagbag.py:538} INFO - Filling up the DagBag from /Users/admin/opt/anaconda3/envs/python-airflow-venv/lib/python3.10/site-packages/airflow/example_dags/plugins/workday.py
[2023-04-10T17:40:21.157-0400] {processor.py:755} WARNING - No viable dags retrieved from /Users/admin/opt/anaconda3/envs/python-airflow-venv/lib/python3.10/site-packages/airflow/example_dags/plugins/workday.py
[2023-04-10T17:40:21.206-0400] {logging_mixin.py:137} WARNING - /Users/admin/opt/anaconda3/envs/python-airflow-venv/lib/python3.10/site-packages/airflow/jobs/scheduler_job.py:124 DeprecationWarning: The processor_poll_interval option in [scheduler] has been renamed to scheduler_idle_sleep_time - the old setting has been used, but please update your config.
[2023-04-10T17:40:21.766-0400] {processor.py:175} INFO - Processing /Users/admin/opt/anaconda3/envs/python-airflow-venv/lib/python3.10/site-packages/airflow/example_dags/plugins/workday.py took 0.659 seconds
[2023-04-10T17:42:18.598-0400] {logging_mixin.py:137} WARNING - /Users/admin/opt/anaconda3/envs/python-airflow-venv/lib/python3.10/site-packages/airflow/settings.py:337 DeprecationWarning: The sql_alchemy_pool_enabled option in [core] has been moved to the sql_alchemy_pool_enabled option in [database] - the old setting has been used, but please update your config.
[2023-04-10T17:42:18.603-0400] {logging_mixin.py:137} WARNING - /Users/admin/opt/anaconda3/envs/python-airflow-venv/lib/python3.10/site-packages/airflow/settings.py:400 DeprecationWarning: The sql_engine_encoding option in [core] has been moved to the sql_engine_encoding option in [database] - the old setting has been used, but please update your config.
[2023-04-10T17:42:18.603-0400] {processor.py:153} INFO - Started process (PID=3929) to work on /Users/admin/opt/anaconda3/envs/python-airflow-venv/lib/python3.10/site-packages/airflow/example_dags/plugins/workday.py
[2023-04-10T17:42:18.604-0400] {processor.py:743} INFO - Processing file /Users/admin/opt/anaconda3/envs/python-airflow-venv/lib/python3.10/site-packages/airflow/example_dags/plugins/workday.py for tasks to queue
[2023-04-10T17:42:18.604-0400] {logging_mixin.py:137} INFO - [2023-04-10T17:42:18.604-0400] {dagbag.py:538} INFO - Filling up the DagBag from /Users/admin/opt/anaconda3/envs/python-airflow-venv/lib/python3.10/site-packages/airflow/example_dags/plugins/workday.py
[2023-04-10T17:42:18.639-0400] {processor.py:755} WARNING - No viable dags retrieved from /Users/admin/opt/anaconda3/envs/python-airflow-venv/lib/python3.10/site-packages/airflow/example_dags/plugins/workday.py
[2023-04-10T17:42:18.685-0400] {logging_mixin.py:137} WARNING - /Users/admin/opt/anaconda3/envs/python-airflow-venv/lib/python3.10/site-packages/airflow/jobs/scheduler_job.py:124 DeprecationWarning: The processor_poll_interval option in [scheduler] has been renamed to scheduler_idle_sleep_time - the old setting has been used, but please update your config.
[2023-04-10T17:42:19.249-0400] {processor.py:175} INFO - Processing /Users/admin/opt/anaconda3/envs/python-airflow-venv/lib/python3.10/site-packages/airflow/example_dags/plugins/workday.py took 0.651 seconds
[2023-04-10T17:44:14.831-0400] {logging_mixin.py:137} WARNING - /Users/admin/opt/anaconda3/envs/python-airflow-venv/lib/python3.10/site-packages/airflow/settings.py:337 DeprecationWarning: The sql_alchemy_pool_enabled option in [core] has been moved to the sql_alchemy_pool_enabled option in [database] - the old setting has been used, but please update your config.
[2023-04-10T17:44:14.835-0400] {logging_mixin.py:137} WARNING - /Users/admin/opt/anaconda3/envs/python-airflow-venv/lib/python3.10/site-packages/airflow/settings.py:400 DeprecationWarning: The sql_engine_encoding option in [core] has been moved to the sql_engine_encoding option in [database] - the old setting has been used, but please update your config.
[2023-04-10T17:44:14.836-0400] {processor.py:153} INFO - Started process (PID=3979) to work on /Users/admin/opt/anaconda3/envs/python-airflow-venv/lib/python3.10/site-packages/airflow/example_dags/plugins/workday.py
[2023-04-10T17:44:14.836-0400] {processor.py:743} INFO - Processing file /Users/admin/opt/anaconda3/envs/python-airflow-venv/lib/python3.10/site-packages/airflow/example_dags/plugins/workday.py for tasks to queue
[2023-04-10T17:44:14.836-0400] {logging_mixin.py:137} INFO - [2023-04-10T17:44:14.836-0400] {dagbag.py:538} INFO - Filling up the DagBag from /Users/admin/opt/anaconda3/envs/python-airflow-venv/lib/python3.10/site-packages/airflow/example_dags/plugins/workday.py
[2023-04-10T17:44:14.873-0400] {processor.py:755} WARNING - No viable dags retrieved from /Users/admin/opt/anaconda3/envs/python-airflow-venv/lib/python3.10/site-packages/airflow/example_dags/plugins/workday.py
[2023-04-10T17:44:14.921-0400] {logging_mixin.py:137} WARNING - /Users/admin/opt/anaconda3/envs/python-airflow-venv/lib/python3.10/site-packages/airflow/jobs/scheduler_job.py:124 DeprecationWarning: The processor_poll_interval option in [scheduler] has been renamed to scheduler_idle_sleep_time - the old setting has been used, but please update your config.
[2023-04-10T17:44:15.491-0400] {processor.py:175} INFO - Processing /Users/admin/opt/anaconda3/envs/python-airflow-venv/lib/python3.10/site-packages/airflow/example_dags/plugins/workday.py took 0.661 seconds
[2023-04-10T17:46:07.893-0400] {logging_mixin.py:137} WARNING - /Users/admin/opt/anaconda3/envs/python-airflow-venv/lib/python3.10/site-packages/airflow/settings.py:337 DeprecationWarning: The sql_alchemy_pool_enabled option in [core] has been moved to the sql_alchemy_pool_enabled option in [database] - the old setting has been used, but please update your config.
[2023-04-10T17:46:07.898-0400] {logging_mixin.py:137} WARNING - /Users/admin/opt/anaconda3/envs/python-airflow-venv/lib/python3.10/site-packages/airflow/settings.py:400 DeprecationWarning: The sql_engine_encoding option in [core] has been moved to the sql_engine_encoding option in [database] - the old setting has been used, but please update your config.
[2023-04-10T17:46:07.898-0400] {processor.py:153} INFO - Started process (PID=4034) to work on /Users/admin/opt/anaconda3/envs/python-airflow-venv/lib/python3.10/site-packages/airflow/example_dags/plugins/workday.py
[2023-04-10T17:46:07.898-0400] {processor.py:743} INFO - Processing file /Users/admin/opt/anaconda3/envs/python-airflow-venv/lib/python3.10/site-packages/airflow/example_dags/plugins/workday.py for tasks to queue
[2023-04-10T17:46:07.899-0400] {logging_mixin.py:137} INFO - [2023-04-10T17:46:07.899-0400] {dagbag.py:538} INFO - Filling up the DagBag from /Users/admin/opt/anaconda3/envs/python-airflow-venv/lib/python3.10/site-packages/airflow/example_dags/plugins/workday.py
[2023-04-10T17:46:07.937-0400] {processor.py:755} WARNING - No viable dags retrieved from /Users/admin/opt/anaconda3/envs/python-airflow-venv/lib/python3.10/site-packages/airflow/example_dags/plugins/workday.py
[2023-04-10T17:46:07.984-0400] {logging_mixin.py:137} WARNING - /Users/admin/opt/anaconda3/envs/python-airflow-venv/lib/python3.10/site-packages/airflow/jobs/scheduler_job.py:124 DeprecationWarning: The processor_poll_interval option in [scheduler] has been renamed to scheduler_idle_sleep_time - the old setting has been used, but please update your config.
[2023-04-10T17:46:08.548-0400] {processor.py:175} INFO - Processing /Users/admin/opt/anaconda3/envs/python-airflow-venv/lib/python3.10/site-packages/airflow/example_dags/plugins/workday.py took 0.655 seconds
[2023-04-10T17:48:04.056-0400] {logging_mixin.py:137} WARNING - /Users/admin/opt/anaconda3/envs/python-airflow-venv/lib/python3.10/site-packages/airflow/settings.py:337 DeprecationWarning: The sql_alchemy_pool_enabled option in [core] has been moved to the sql_alchemy_pool_enabled option in [database] - the old setting has been used, but please update your config.
[2023-04-10T17:48:04.061-0400] {logging_mixin.py:137} WARNING - /Users/admin/opt/anaconda3/envs/python-airflow-venv/lib/python3.10/site-packages/airflow/settings.py:400 DeprecationWarning: The sql_engine_encoding option in [core] has been moved to the sql_engine_encoding option in [database] - the old setting has been used, but please update your config.
[2023-04-10T17:48:04.061-0400] {processor.py:153} INFO - Started process (PID=4085) to work on /Users/admin/opt/anaconda3/envs/python-airflow-venv/lib/python3.10/site-packages/airflow/example_dags/plugins/workday.py
[2023-04-10T17:48:04.062-0400] {processor.py:743} INFO - Processing file /Users/admin/opt/anaconda3/envs/python-airflow-venv/lib/python3.10/site-packages/airflow/example_dags/plugins/workday.py for tasks to queue
[2023-04-10T17:48:04.062-0400] {logging_mixin.py:137} INFO - [2023-04-10T17:48:04.062-0400] {dagbag.py:538} INFO - Filling up the DagBag from /Users/admin/opt/anaconda3/envs/python-airflow-venv/lib/python3.10/site-packages/airflow/example_dags/plugins/workday.py
[2023-04-10T17:48:04.098-0400] {processor.py:755} WARNING - No viable dags retrieved from /Users/admin/opt/anaconda3/envs/python-airflow-venv/lib/python3.10/site-packages/airflow/example_dags/plugins/workday.py
[2023-04-10T17:48:04.146-0400] {logging_mixin.py:137} WARNING - /Users/admin/opt/anaconda3/envs/python-airflow-venv/lib/python3.10/site-packages/airflow/jobs/scheduler_job.py:124 DeprecationWarning: The processor_poll_interval option in [scheduler] has been renamed to scheduler_idle_sleep_time - the old setting has been used, but please update your config.
[2023-04-10T17:48:04.715-0400] {processor.py:175} INFO - Processing /Users/admin/opt/anaconda3/envs/python-airflow-venv/lib/python3.10/site-packages/airflow/example_dags/plugins/workday.py took 0.660 seconds
[2023-04-10T17:49:59.814-0400] {logging_mixin.py:137} WARNING - /Users/admin/opt/anaconda3/envs/python-airflow-venv/lib/python3.10/site-packages/airflow/settings.py:337 DeprecationWarning: The sql_alchemy_pool_enabled option in [core] has been moved to the sql_alchemy_pool_enabled option in [database] - the old setting has been used, but please update your config.
[2023-04-10T17:49:59.818-0400] {logging_mixin.py:137} WARNING - /Users/admin/opt/anaconda3/envs/python-airflow-venv/lib/python3.10/site-packages/airflow/settings.py:400 DeprecationWarning: The sql_engine_encoding option in [core] has been moved to the sql_engine_encoding option in [database] - the old setting has been used, but please update your config.
[2023-04-10T17:49:59.819-0400] {processor.py:153} INFO - Started process (PID=4135) to work on /Users/admin/opt/anaconda3/envs/python-airflow-venv/lib/python3.10/site-packages/airflow/example_dags/plugins/workday.py
[2023-04-10T17:49:59.819-0400] {processor.py:743} INFO - Processing file /Users/admin/opt/anaconda3/envs/python-airflow-venv/lib/python3.10/site-packages/airflow/example_dags/plugins/workday.py for tasks to queue
[2023-04-10T17:49:59.820-0400] {logging_mixin.py:137} INFO - [2023-04-10T17:49:59.819-0400] {dagbag.py:538} INFO - Filling up the DagBag from /Users/admin/opt/anaconda3/envs/python-airflow-venv/lib/python3.10/site-packages/airflow/example_dags/plugins/workday.py
[2023-04-10T17:49:59.858-0400] {processor.py:755} WARNING - No viable dags retrieved from /Users/admin/opt/anaconda3/envs/python-airflow-venv/lib/python3.10/site-packages/airflow/example_dags/plugins/workday.py
[2023-04-10T17:49:59.904-0400] {logging_mixin.py:137} WARNING - /Users/admin/opt/anaconda3/envs/python-airflow-venv/lib/python3.10/site-packages/airflow/jobs/scheduler_job.py:124 DeprecationWarning: The processor_poll_interval option in [scheduler] has been renamed to scheduler_idle_sleep_time - the old setting has been used, but please update your config.
[2023-04-10T17:50:00.472-0400] {processor.py:175} INFO - Processing /Users/admin/opt/anaconda3/envs/python-airflow-venv/lib/python3.10/site-packages/airflow/example_dags/plugins/workday.py took 0.659 seconds
[2023-04-10T17:51:55.730-0400] {logging_mixin.py:137} WARNING - /Users/admin/opt/anaconda3/envs/python-airflow-venv/lib/python3.10/site-packages/airflow/settings.py:337 DeprecationWarning: The sql_alchemy_pool_enabled option in [core] has been moved to the sql_alchemy_pool_enabled option in [database] - the old setting has been used, but please update your config.
[2023-04-10T17:51:55.734-0400] {logging_mixin.py:137} WARNING - /Users/admin/opt/anaconda3/envs/python-airflow-venv/lib/python3.10/site-packages/airflow/settings.py:400 DeprecationWarning: The sql_engine_encoding option in [core] has been moved to the sql_engine_encoding option in [database] - the old setting has been used, but please update your config.
[2023-04-10T17:51:55.735-0400] {processor.py:153} INFO - Started process (PID=4191) to work on /Users/admin/opt/anaconda3/envs/python-airflow-venv/lib/python3.10/site-packages/airflow/example_dags/plugins/workday.py
[2023-04-10T17:51:55.735-0400] {processor.py:743} INFO - Processing file /Users/admin/opt/anaconda3/envs/python-airflow-venv/lib/python3.10/site-packages/airflow/example_dags/plugins/workday.py for tasks to queue
[2023-04-10T17:51:55.735-0400] {logging_mixin.py:137} INFO - [2023-04-10T17:51:55.735-0400] {dagbag.py:538} INFO - Filling up the DagBag from /Users/admin/opt/anaconda3/envs/python-airflow-venv/lib/python3.10/site-packages/airflow/example_dags/plugins/workday.py
[2023-04-10T17:51:55.772-0400] {processor.py:755} WARNING - No viable dags retrieved from /Users/admin/opt/anaconda3/envs/python-airflow-venv/lib/python3.10/site-packages/airflow/example_dags/plugins/workday.py
[2023-04-10T17:51:55.820-0400] {logging_mixin.py:137} WARNING - /Users/admin/opt/anaconda3/envs/python-airflow-venv/lib/python3.10/site-packages/airflow/jobs/scheduler_job.py:124 DeprecationWarning: The processor_poll_interval option in [scheduler] has been renamed to scheduler_idle_sleep_time - the old setting has been used, but please update your config.
[2023-04-10T17:51:56.391-0400] {processor.py:175} INFO - Processing /Users/admin/opt/anaconda3/envs/python-airflow-venv/lib/python3.10/site-packages/airflow/example_dags/plugins/workday.py took 0.662 seconds
[2023-04-10T17:53:51.909-0400] {logging_mixin.py:137} WARNING - /Users/admin/opt/anaconda3/envs/python-airflow-venv/lib/python3.10/site-packages/airflow/settings.py:337 DeprecationWarning: The sql_alchemy_pool_enabled option in [core] has been moved to the sql_alchemy_pool_enabled option in [database] - the old setting has been used, but please update your config.
[2023-04-10T17:53:51.913-0400] {logging_mixin.py:137} WARNING - /Users/admin/opt/anaconda3/envs/python-airflow-venv/lib/python3.10/site-packages/airflow/settings.py:400 DeprecationWarning: The sql_engine_encoding option in [core] has been moved to the sql_engine_encoding option in [database] - the old setting has been used, but please update your config.
[2023-04-10T17:53:51.914-0400] {processor.py:153} INFO - Started process (PID=4243) to work on /Users/admin/opt/anaconda3/envs/python-airflow-venv/lib/python3.10/site-packages/airflow/example_dags/plugins/workday.py
[2023-04-10T17:53:51.914-0400] {processor.py:743} INFO - Processing file /Users/admin/opt/anaconda3/envs/python-airflow-venv/lib/python3.10/site-packages/airflow/example_dags/plugins/workday.py for tasks to queue
[2023-04-10T17:53:51.915-0400] {logging_mixin.py:137} INFO - [2023-04-10T17:53:51.914-0400] {dagbag.py:538} INFO - Filling up the DagBag from /Users/admin/opt/anaconda3/envs/python-airflow-venv/lib/python3.10/site-packages/airflow/example_dags/plugins/workday.py
[2023-04-10T17:53:51.950-0400] {processor.py:755} WARNING - No viable dags retrieved from /Users/admin/opt/anaconda3/envs/python-airflow-venv/lib/python3.10/site-packages/airflow/example_dags/plugins/workday.py
[2023-04-10T17:53:51.997-0400] {logging_mixin.py:137} WARNING - /Users/admin/opt/anaconda3/envs/python-airflow-venv/lib/python3.10/site-packages/airflow/jobs/scheduler_job.py:124 DeprecationWarning: The processor_poll_interval option in [scheduler] has been renamed to scheduler_idle_sleep_time - the old setting has been used, but please update your config.
[2023-04-10T17:53:52.560-0400] {processor.py:175} INFO - Processing /Users/admin/opt/anaconda3/envs/python-airflow-venv/lib/python3.10/site-packages/airflow/example_dags/plugins/workday.py took 0.652 seconds
[2023-04-10T17:55:47.996-0400] {logging_mixin.py:137} WARNING - /Users/admin/opt/anaconda3/envs/python-airflow-venv/lib/python3.10/site-packages/airflow/settings.py:337 DeprecationWarning: The sql_alchemy_pool_enabled option in [core] has been moved to the sql_alchemy_pool_enabled option in [database] - the old setting has been used, but please update your config.
[2023-04-10T17:55:48.000-0400] {logging_mixin.py:137} WARNING - /Users/admin/opt/anaconda3/envs/python-airflow-venv/lib/python3.10/site-packages/airflow/settings.py:400 DeprecationWarning: The sql_engine_encoding option in [core] has been moved to the sql_engine_encoding option in [database] - the old setting has been used, but please update your config.
[2023-04-10T17:55:48.001-0400] {processor.py:153} INFO - Started process (PID=4294) to work on /Users/admin/opt/anaconda3/envs/python-airflow-venv/lib/python3.10/site-packages/airflow/example_dags/plugins/workday.py
[2023-04-10T17:55:48.001-0400] {processor.py:743} INFO - Processing file /Users/admin/opt/anaconda3/envs/python-airflow-venv/lib/python3.10/site-packages/airflow/example_dags/plugins/workday.py for tasks to queue
[2023-04-10T17:55:48.001-0400] {logging_mixin.py:137} INFO - [2023-04-10T17:55:48.001-0400] {dagbag.py:538} INFO - Filling up the DagBag from /Users/admin/opt/anaconda3/envs/python-airflow-venv/lib/python3.10/site-packages/airflow/example_dags/plugins/workday.py
[2023-04-10T17:55:48.037-0400] {processor.py:755} WARNING - No viable dags retrieved from /Users/admin/opt/anaconda3/envs/python-airflow-venv/lib/python3.10/site-packages/airflow/example_dags/plugins/workday.py
[2023-04-10T17:55:48.084-0400] {logging_mixin.py:137} WARNING - /Users/admin/opt/anaconda3/envs/python-airflow-venv/lib/python3.10/site-packages/airflow/jobs/scheduler_job.py:124 DeprecationWarning: The processor_poll_interval option in [scheduler] has been renamed to scheduler_idle_sleep_time - the old setting has been used, but please update your config.
[2023-04-10T17:55:48.651-0400] {processor.py:175} INFO - Processing /Users/admin/opt/anaconda3/envs/python-airflow-venv/lib/python3.10/site-packages/airflow/example_dags/plugins/workday.py took 0.656 seconds
[2023-04-10T17:57:44.025-0400] {logging_mixin.py:137} WARNING - /Users/admin/opt/anaconda3/envs/python-airflow-venv/lib/python3.10/site-packages/airflow/settings.py:337 DeprecationWarning: The sql_alchemy_pool_enabled option in [core] has been moved to the sql_alchemy_pool_enabled option in [database] - the old setting has been used, but please update your config.
[2023-04-10T17:57:44.029-0400] {logging_mixin.py:137} WARNING - /Users/admin/opt/anaconda3/envs/python-airflow-venv/lib/python3.10/site-packages/airflow/settings.py:400 DeprecationWarning: The sql_engine_encoding option in [core] has been moved to the sql_engine_encoding option in [database] - the old setting has been used, but please update your config.
[2023-04-10T17:57:44.030-0400] {processor.py:153} INFO - Started process (PID=4346) to work on /Users/admin/opt/anaconda3/envs/python-airflow-venv/lib/python3.10/site-packages/airflow/example_dags/plugins/workday.py
[2023-04-10T17:57:44.030-0400] {processor.py:743} INFO - Processing file /Users/admin/opt/anaconda3/envs/python-airflow-venv/lib/python3.10/site-packages/airflow/example_dags/plugins/workday.py for tasks to queue
[2023-04-10T17:57:44.031-0400] {logging_mixin.py:137} INFO - [2023-04-10T17:57:44.031-0400] {dagbag.py:538} INFO - Filling up the DagBag from /Users/admin/opt/anaconda3/envs/python-airflow-venv/lib/python3.10/site-packages/airflow/example_dags/plugins/workday.py
[2023-04-10T17:57:44.067-0400] {processor.py:755} WARNING - No viable dags retrieved from /Users/admin/opt/anaconda3/envs/python-airflow-venv/lib/python3.10/site-packages/airflow/example_dags/plugins/workday.py
[2023-04-10T17:57:44.115-0400] {logging_mixin.py:137} WARNING - /Users/admin/opt/anaconda3/envs/python-airflow-venv/lib/python3.10/site-packages/airflow/jobs/scheduler_job.py:124 DeprecationWarning: The processor_poll_interval option in [scheduler] has been renamed to scheduler_idle_sleep_time - the old setting has been used, but please update your config.
[2023-04-10T17:57:44.679-0400] {processor.py:175} INFO - Processing /Users/admin/opt/anaconda3/envs/python-airflow-venv/lib/python3.10/site-packages/airflow/example_dags/plugins/workday.py took 0.655 seconds
[2023-04-10T17:59:39.979-0400] {logging_mixin.py:137} WARNING - /Users/admin/opt/anaconda3/envs/python-airflow-venv/lib/python3.10/site-packages/airflow/settings.py:337 DeprecationWarning: The sql_alchemy_pool_enabled option in [core] has been moved to the sql_alchemy_pool_enabled option in [database] - the old setting has been used, but please update your config.
[2023-04-10T17:59:39.985-0400] {logging_mixin.py:137} WARNING - /Users/admin/opt/anaconda3/envs/python-airflow-venv/lib/python3.10/site-packages/airflow/settings.py:400 DeprecationWarning: The sql_engine_encoding option in [core] has been moved to the sql_engine_encoding option in [database] - the old setting has been used, but please update your config.
[2023-04-10T17:59:39.985-0400] {processor.py:153} INFO - Started process (PID=4396) to work on /Users/admin/opt/anaconda3/envs/python-airflow-venv/lib/python3.10/site-packages/airflow/example_dags/plugins/workday.py
[2023-04-10T17:59:39.985-0400] {processor.py:743} INFO - Processing file /Users/admin/opt/anaconda3/envs/python-airflow-venv/lib/python3.10/site-packages/airflow/example_dags/plugins/workday.py for tasks to queue
[2023-04-10T17:59:39.986-0400] {logging_mixin.py:137} INFO - [2023-04-10T17:59:39.986-0400] {dagbag.py:538} INFO - Filling up the DagBag from /Users/admin/opt/anaconda3/envs/python-airflow-venv/lib/python3.10/site-packages/airflow/example_dags/plugins/workday.py
[2023-04-10T17:59:40.020-0400] {processor.py:755} WARNING - No viable dags retrieved from /Users/admin/opt/anaconda3/envs/python-airflow-venv/lib/python3.10/site-packages/airflow/example_dags/plugins/workday.py
[2023-04-10T17:59:40.066-0400] {logging_mixin.py:137} WARNING - /Users/admin/opt/anaconda3/envs/python-airflow-venv/lib/python3.10/site-packages/airflow/jobs/scheduler_job.py:124 DeprecationWarning: The processor_poll_interval option in [scheduler] has been renamed to scheduler_idle_sleep_time - the old setting has been used, but please update your config.
[2023-04-10T17:59:40.629-0400] {processor.py:175} INFO - Processing /Users/admin/opt/anaconda3/envs/python-airflow-venv/lib/python3.10/site-packages/airflow/example_dags/plugins/workday.py took 0.651 seconds
[2023-04-10T18:11:27.772-0400] {logging_mixin.py:137} WARNING - /Users/admin/opt/anaconda3/envs/python-airflow-venv/lib/python3.10/site-packages/airflow/settings.py:337 DeprecationWarning: The sql_alchemy_pool_enabled option in [core] has been moved to the sql_alchemy_pool_enabled option in [database] - the old setting has been used, but please update your config.
[2023-04-10T18:11:27.776-0400] {logging_mixin.py:137} WARNING - /Users/admin/opt/anaconda3/envs/python-airflow-venv/lib/python3.10/site-packages/airflow/settings.py:400 DeprecationWarning: The sql_engine_encoding option in [core] has been moved to the sql_engine_encoding option in [database] - the old setting has been used, but please update your config.
[2023-04-10T18:11:27.777-0400] {processor.py:153} INFO - Started process (PID=4460) to work on /Users/admin/opt/anaconda3/envs/python-airflow-venv/lib/python3.10/site-packages/airflow/example_dags/plugins/workday.py
[2023-04-10T18:11:27.777-0400] {processor.py:743} INFO - Processing file /Users/admin/opt/anaconda3/envs/python-airflow-venv/lib/python3.10/site-packages/airflow/example_dags/plugins/workday.py for tasks to queue
[2023-04-10T18:11:27.777-0400] {logging_mixin.py:137} INFO - [2023-04-10T18:11:27.777-0400] {dagbag.py:538} INFO - Filling up the DagBag from /Users/admin/opt/anaconda3/envs/python-airflow-venv/lib/python3.10/site-packages/airflow/example_dags/plugins/workday.py
[2023-04-10T18:11:27.815-0400] {processor.py:755} WARNING - No viable dags retrieved from /Users/admin/opt/anaconda3/envs/python-airflow-venv/lib/python3.10/site-packages/airflow/example_dags/plugins/workday.py
[2023-04-10T18:11:27.868-0400] {logging_mixin.py:137} WARNING - /Users/admin/opt/anaconda3/envs/python-airflow-venv/lib/python3.10/site-packages/airflow/jobs/scheduler_job.py:124 DeprecationWarning: The processor_poll_interval option in [scheduler] has been renamed to scheduler_idle_sleep_time - the old setting has been used, but please update your config.
[2023-04-10T18:11:28.433-0400] {processor.py:175} INFO - Processing /Users/admin/opt/anaconda3/envs/python-airflow-venv/lib/python3.10/site-packages/airflow/example_dags/plugins/workday.py took 0.662 seconds
[2023-04-10T18:13:23.991-0400] {logging_mixin.py:137} WARNING - /Users/admin/opt/anaconda3/envs/python-airflow-venv/lib/python3.10/site-packages/airflow/settings.py:337 DeprecationWarning: The sql_alchemy_pool_enabled option in [core] has been moved to the sql_alchemy_pool_enabled option in [database] - the old setting has been used, but please update your config.
[2023-04-10T18:13:23.995-0400] {logging_mixin.py:137} WARNING - /Users/admin/opt/anaconda3/envs/python-airflow-venv/lib/python3.10/site-packages/airflow/settings.py:400 DeprecationWarning: The sql_engine_encoding option in [core] has been moved to the sql_engine_encoding option in [database] - the old setting has been used, but please update your config.
[2023-04-10T18:13:23.996-0400] {processor.py:153} INFO - Started process (PID=4516) to work on /Users/admin/opt/anaconda3/envs/python-airflow-venv/lib/python3.10/site-packages/airflow/example_dags/plugins/workday.py
[2023-04-10T18:13:23.996-0400] {processor.py:743} INFO - Processing file /Users/admin/opt/anaconda3/envs/python-airflow-venv/lib/python3.10/site-packages/airflow/example_dags/plugins/workday.py for tasks to queue
[2023-04-10T18:13:23.996-0400] {logging_mixin.py:137} INFO - [2023-04-10T18:13:23.996-0400] {dagbag.py:538} INFO - Filling up the DagBag from /Users/admin/opt/anaconda3/envs/python-airflow-venv/lib/python3.10/site-packages/airflow/example_dags/plugins/workday.py
[2023-04-10T18:13:24.032-0400] {processor.py:755} WARNING - No viable dags retrieved from /Users/admin/opt/anaconda3/envs/python-airflow-venv/lib/python3.10/site-packages/airflow/example_dags/plugins/workday.py
[2023-04-10T18:13:24.081-0400] {logging_mixin.py:137} WARNING - /Users/admin/opt/anaconda3/envs/python-airflow-venv/lib/python3.10/site-packages/airflow/jobs/scheduler_job.py:124 DeprecationWarning: The processor_poll_interval option in [scheduler] has been renamed to scheduler_idle_sleep_time - the old setting has been used, but please update your config.
[2023-04-10T18:13:24.644-0400] {processor.py:175} INFO - Processing /Users/admin/opt/anaconda3/envs/python-airflow-venv/lib/python3.10/site-packages/airflow/example_dags/plugins/workday.py took 0.654 seconds
[2023-04-10T18:15:20.049-0400] {logging_mixin.py:137} WARNING - /Users/admin/opt/anaconda3/envs/python-airflow-venv/lib/python3.10/site-packages/airflow/settings.py:337 DeprecationWarning: The sql_alchemy_pool_enabled option in [core] has been moved to the sql_alchemy_pool_enabled option in [database] - the old setting has been used, but please update your config.
[2023-04-10T18:15:20.054-0400] {logging_mixin.py:137} WARNING - /Users/admin/opt/anaconda3/envs/python-airflow-venv/lib/python3.10/site-packages/airflow/settings.py:400 DeprecationWarning: The sql_engine_encoding option in [core] has been moved to the sql_engine_encoding option in [database] - the old setting has been used, but please update your config.
[2023-04-10T18:15:20.055-0400] {processor.py:153} INFO - Started process (PID=4567) to work on /Users/admin/opt/anaconda3/envs/python-airflow-venv/lib/python3.10/site-packages/airflow/example_dags/plugins/workday.py
[2023-04-10T18:15:20.055-0400] {processor.py:743} INFO - Processing file /Users/admin/opt/anaconda3/envs/python-airflow-venv/lib/python3.10/site-packages/airflow/example_dags/plugins/workday.py for tasks to queue
[2023-04-10T18:15:20.056-0400] {logging_mixin.py:137} INFO - [2023-04-10T18:15:20.056-0400] {dagbag.py:538} INFO - Filling up the DagBag from /Users/admin/opt/anaconda3/envs/python-airflow-venv/lib/python3.10/site-packages/airflow/example_dags/plugins/workday.py
[2023-04-10T18:15:20.094-0400] {processor.py:755} WARNING - No viable dags retrieved from /Users/admin/opt/anaconda3/envs/python-airflow-venv/lib/python3.10/site-packages/airflow/example_dags/plugins/workday.py
[2023-04-10T18:15:20.142-0400] {logging_mixin.py:137} WARNING - /Users/admin/opt/anaconda3/envs/python-airflow-venv/lib/python3.10/site-packages/airflow/jobs/scheduler_job.py:124 DeprecationWarning: The processor_poll_interval option in [scheduler] has been renamed to scheduler_idle_sleep_time - the old setting has been used, but please update your config.
[2023-04-10T18:15:20.702-0400] {processor.py:175} INFO - Processing /Users/admin/opt/anaconda3/envs/python-airflow-venv/lib/python3.10/site-packages/airflow/example_dags/plugins/workday.py took 0.654 seconds
[2023-04-10T18:17:14.568-0400] {logging_mixin.py:137} WARNING - /Users/admin/opt/anaconda3/envs/python-airflow-venv/lib/python3.10/site-packages/airflow/settings.py:337 DeprecationWarning: The sql_alchemy_pool_enabled option in [core] has been moved to the sql_alchemy_pool_enabled option in [database] - the old setting has been used, but please update your config.
[2023-04-10T18:17:14.573-0400] {logging_mixin.py:137} WARNING - /Users/admin/opt/anaconda3/envs/python-airflow-venv/lib/python3.10/site-packages/airflow/settings.py:400 DeprecationWarning: The sql_engine_encoding option in [core] has been moved to the sql_engine_encoding option in [database] - the old setting has been used, but please update your config.
[2023-04-10T18:17:14.574-0400] {processor.py:153} INFO - Started process (PID=4625) to work on /Users/admin/opt/anaconda3/envs/python-airflow-venv/lib/python3.10/site-packages/airflow/example_dags/plugins/workday.py
[2023-04-10T18:17:14.574-0400] {processor.py:743} INFO - Processing file /Users/admin/opt/anaconda3/envs/python-airflow-venv/lib/python3.10/site-packages/airflow/example_dags/plugins/workday.py for tasks to queue
[2023-04-10T18:17:14.575-0400] {logging_mixin.py:137} INFO - [2023-04-10T18:17:14.574-0400] {dagbag.py:538} INFO - Filling up the DagBag from /Users/admin/opt/anaconda3/envs/python-airflow-venv/lib/python3.10/site-packages/airflow/example_dags/plugins/workday.py
[2023-04-10T18:17:14.612-0400] {processor.py:755} WARNING - No viable dags retrieved from /Users/admin/opt/anaconda3/envs/python-airflow-venv/lib/python3.10/site-packages/airflow/example_dags/plugins/workday.py
[2023-04-10T18:17:14.660-0400] {logging_mixin.py:137} WARNING - /Users/admin/opt/anaconda3/envs/python-airflow-venv/lib/python3.10/site-packages/airflow/jobs/scheduler_job.py:124 DeprecationWarning: The processor_poll_interval option in [scheduler] has been renamed to scheduler_idle_sleep_time - the old setting has been used, but please update your config.
[2023-04-10T18:17:15.223-0400] {processor.py:175} INFO - Processing /Users/admin/opt/anaconda3/envs/python-airflow-venv/lib/python3.10/site-packages/airflow/example_dags/plugins/workday.py took 0.656 seconds
