[2023-06-12T18:50:02.862-0400] {logging_mixin.py:137} WARNING - /Users/admin/opt/anaconda3/envs/python-airflow-venv/lib/python3.10/site-packages/airflow/settings.py:337 DeprecationWarning: The sql_alchemy_pool_enabled option in [core] has been moved to the sql_alchemy_pool_enabled option in [database] - the old setting has been used, but please update your config.
[2023-06-12T18:50:02.867-0400] {logging_mixin.py:137} WARNING - /Users/admin/opt/anaconda3/envs/python-airflow-venv/lib/python3.10/site-packages/airflow/settings.py:400 DeprecationWarning: The sql_engine_encoding option in [core] has been moved to the sql_engine_encoding option in [database] - the old setting has been used, but please update your config.
[2023-06-12T18:50:02.868-0400] {processor.py:153} INFO - Started process (PID=3256) to work on /Users/admin/opt/anaconda3/envs/python-airflow-venv/lib/python3.10/site-packages/airflow/example_dags/example_skip_dag.py
[2023-06-12T18:50:02.868-0400] {processor.py:743} INFO - Processing file /Users/admin/opt/anaconda3/envs/python-airflow-venv/lib/python3.10/site-packages/airflow/example_dags/example_skip_dag.py for tasks to queue
[2023-06-12T18:50:02.868-0400] {logging_mixin.py:137} INFO - [2023-06-12T18:50:02.868-0400] {dagbag.py:538} INFO - Filling up the DagBag from /Users/admin/opt/anaconda3/envs/python-airflow-venv/lib/python3.10/site-packages/airflow/example_dags/example_skip_dag.py
[2023-06-12T18:50:02.926-0400] {processor.py:753} INFO - DAG(s) dict_keys(['example_skip_dag']) retrieved from /Users/admin/opt/anaconda3/envs/python-airflow-venv/lib/python3.10/site-packages/airflow/example_dags/example_skip_dag.py
[2023-06-12T18:50:02.988-0400] {logging_mixin.py:137} WARNING - /Users/admin/opt/anaconda3/envs/python-airflow-venv/lib/python3.10/site-packages/airflow/jobs/scheduler_job.py:124 DeprecationWarning: The processor_poll_interval option in [scheduler] has been renamed to scheduler_idle_sleep_time - the old setting has been used, but please update your config.
[2023-06-12T18:50:03.911-0400] {logging_mixin.py:137} INFO - [2023-06-12T18:50:03.911-0400] {dag.py:2690} INFO - Sync 1 DAGs
[2023-06-12T18:50:03.926-0400] {logging_mixin.py:137} INFO - [2023-06-12T18:50:03.926-0400] {dag.py:3437} INFO - Setting next_dagrun for example_skip_dag to 2023-06-11T22:50:03.926608+00:00, run_after=2023-06-12T22:50:03.926608+00:00
[2023-06-12T18:50:03.944-0400] {processor.py:175} INFO - Processing /Users/admin/opt/anaconda3/envs/python-airflow-venv/lib/python3.10/site-packages/airflow/example_dags/example_skip_dag.py took 1.083 seconds
[2023-06-12T18:52:27.463-0400] {logging_mixin.py:137} WARNING - /Users/admin/opt/anaconda3/envs/python-airflow-venv/lib/python3.10/site-packages/airflow/settings.py:337 DeprecationWarning: The sql_alchemy_pool_enabled option in [core] has been moved to the sql_alchemy_pool_enabled option in [database] - the old setting has been used, but please update your config.
[2023-06-12T18:52:27.472-0400] {logging_mixin.py:137} WARNING - /Users/admin/opt/anaconda3/envs/python-airflow-venv/lib/python3.10/site-packages/airflow/settings.py:400 DeprecationWarning: The sql_engine_encoding option in [core] has been moved to the sql_engine_encoding option in [database] - the old setting has been used, but please update your config.
[2023-06-12T18:52:27.473-0400] {processor.py:153} INFO - Started process (PID=3327) to work on /Users/admin/opt/anaconda3/envs/python-airflow-venv/lib/python3.10/site-packages/airflow/example_dags/example_skip_dag.py
[2023-06-12T18:52:27.473-0400] {processor.py:743} INFO - Processing file /Users/admin/opt/anaconda3/envs/python-airflow-venv/lib/python3.10/site-packages/airflow/example_dags/example_skip_dag.py for tasks to queue
[2023-06-12T18:52:27.474-0400] {logging_mixin.py:137} INFO - [2023-06-12T18:52:27.473-0400] {dagbag.py:538} INFO - Filling up the DagBag from /Users/admin/opt/anaconda3/envs/python-airflow-venv/lib/python3.10/site-packages/airflow/example_dags/example_skip_dag.py
[2023-06-12T18:52:27.559-0400] {processor.py:753} INFO - DAG(s) dict_keys(['example_skip_dag']) retrieved from /Users/admin/opt/anaconda3/envs/python-airflow-venv/lib/python3.10/site-packages/airflow/example_dags/example_skip_dag.py
[2023-06-12T18:52:27.656-0400] {logging_mixin.py:137} WARNING - /Users/admin/opt/anaconda3/envs/python-airflow-venv/lib/python3.10/site-packages/airflow/jobs/scheduler_job.py:124 DeprecationWarning: The processor_poll_interval option in [scheduler] has been renamed to scheduler_idle_sleep_time - the old setting has been used, but please update your config.
[2023-06-12T18:52:28.430-0400] {logging_mixin.py:137} INFO - [2023-06-12T18:52:28.430-0400] {dag.py:2690} INFO - Sync 1 DAGs
[2023-06-12T18:52:28.444-0400] {logging_mixin.py:137} INFO - [2023-06-12T18:52:28.444-0400] {dag.py:3437} INFO - Setting next_dagrun for example_skip_dag to 2023-06-11T22:52:28.444292+00:00, run_after=2023-06-12T22:52:28.444292+00:00
[2023-06-12T18:52:28.462-0400] {processor.py:175} INFO - Processing /Users/admin/opt/anaconda3/envs/python-airflow-venv/lib/python3.10/site-packages/airflow/example_dags/example_skip_dag.py took 1.000 seconds
[2023-06-12T18:54:40.012-0400] {logging_mixin.py:137} WARNING - /Users/admin/opt/anaconda3/envs/python-airflow-venv/lib/python3.10/site-packages/airflow/settings.py:337 DeprecationWarning: The sql_alchemy_pool_enabled option in [core] has been moved to the sql_alchemy_pool_enabled option in [database] - the old setting has been used, but please update your config.
[2023-06-12T18:54:40.017-0400] {logging_mixin.py:137} WARNING - /Users/admin/opt/anaconda3/envs/python-airflow-venv/lib/python3.10/site-packages/airflow/settings.py:400 DeprecationWarning: The sql_engine_encoding option in [core] has been moved to the sql_engine_encoding option in [database] - the old setting has been used, but please update your config.
[2023-06-12T18:54:40.018-0400] {processor.py:153} INFO - Started process (PID=3419) to work on /Users/admin/opt/anaconda3/envs/python-airflow-venv/lib/python3.10/site-packages/airflow/example_dags/example_skip_dag.py
[2023-06-12T18:54:40.018-0400] {processor.py:743} INFO - Processing file /Users/admin/opt/anaconda3/envs/python-airflow-venv/lib/python3.10/site-packages/airflow/example_dags/example_skip_dag.py for tasks to queue
[2023-06-12T18:54:40.019-0400] {logging_mixin.py:137} INFO - [2023-06-12T18:54:40.018-0400] {dagbag.py:538} INFO - Filling up the DagBag from /Users/admin/opt/anaconda3/envs/python-airflow-venv/lib/python3.10/site-packages/airflow/example_dags/example_skip_dag.py
[2023-06-12T18:54:40.073-0400] {processor.py:753} INFO - DAG(s) dict_keys(['example_skip_dag']) retrieved from /Users/admin/opt/anaconda3/envs/python-airflow-venv/lib/python3.10/site-packages/airflow/example_dags/example_skip_dag.py
[2023-06-12T18:54:40.133-0400] {logging_mixin.py:137} WARNING - /Users/admin/opt/anaconda3/envs/python-airflow-venv/lib/python3.10/site-packages/airflow/jobs/scheduler_job.py:124 DeprecationWarning: The processor_poll_interval option in [scheduler] has been renamed to scheduler_idle_sleep_time - the old setting has been used, but please update your config.
[2023-06-12T18:54:40.748-0400] {logging_mixin.py:137} INFO - [2023-06-12T18:54:40.747-0400] {dag.py:2690} INFO - Sync 1 DAGs
[2023-06-12T18:54:40.763-0400] {logging_mixin.py:137} INFO - [2023-06-12T18:54:40.763-0400] {dag.py:3437} INFO - Setting next_dagrun for example_skip_dag to 2023-06-11T22:54:40.762999+00:00, run_after=2023-06-12T22:54:40.762999+00:00
[2023-06-12T18:54:40.782-0400] {processor.py:175} INFO - Processing /Users/admin/opt/anaconda3/envs/python-airflow-venv/lib/python3.10/site-packages/airflow/example_dags/example_skip_dag.py took 0.770 seconds
[2023-06-12T18:56:44.023-0400] {logging_mixin.py:137} WARNING - /Users/admin/opt/anaconda3/envs/python-airflow-venv/lib/python3.10/site-packages/airflow/settings.py:337 DeprecationWarning: The sql_alchemy_pool_enabled option in [core] has been moved to the sql_alchemy_pool_enabled option in [database] - the old setting has been used, but please update your config.
[2023-06-12T18:56:44.028-0400] {logging_mixin.py:137} WARNING - /Users/admin/opt/anaconda3/envs/python-airflow-venv/lib/python3.10/site-packages/airflow/settings.py:400 DeprecationWarning: The sql_engine_encoding option in [core] has been moved to the sql_engine_encoding option in [database] - the old setting has been used, but please update your config.
[2023-06-12T18:56:44.029-0400] {processor.py:153} INFO - Started process (PID=3472) to work on /Users/admin/opt/anaconda3/envs/python-airflow-venv/lib/python3.10/site-packages/airflow/example_dags/example_skip_dag.py
[2023-06-12T18:56:44.029-0400] {processor.py:743} INFO - Processing file /Users/admin/opt/anaconda3/envs/python-airflow-venv/lib/python3.10/site-packages/airflow/example_dags/example_skip_dag.py for tasks to queue
[2023-06-12T18:56:44.029-0400] {logging_mixin.py:137} INFO - [2023-06-12T18:56:44.029-0400] {dagbag.py:538} INFO - Filling up the DagBag from /Users/admin/opt/anaconda3/envs/python-airflow-venv/lib/python3.10/site-packages/airflow/example_dags/example_skip_dag.py
[2023-06-12T18:56:44.079-0400] {processor.py:753} INFO - DAG(s) dict_keys(['example_skip_dag']) retrieved from /Users/admin/opt/anaconda3/envs/python-airflow-venv/lib/python3.10/site-packages/airflow/example_dags/example_skip_dag.py
[2023-06-12T18:56:44.137-0400] {logging_mixin.py:137} WARNING - /Users/admin/opt/anaconda3/envs/python-airflow-venv/lib/python3.10/site-packages/airflow/jobs/scheduler_job.py:124 DeprecationWarning: The processor_poll_interval option in [scheduler] has been renamed to scheduler_idle_sleep_time - the old setting has been used, but please update your config.
[2023-06-12T18:56:44.940-0400] {logging_mixin.py:137} INFO - [2023-06-12T18:56:44.940-0400] {dag.py:2690} INFO - Sync 1 DAGs
[2023-06-12T18:56:44.955-0400] {logging_mixin.py:137} INFO - [2023-06-12T18:56:44.955-0400] {dag.py:3437} INFO - Setting next_dagrun for example_skip_dag to 2023-06-11T22:56:44.955580+00:00, run_after=2023-06-12T22:56:44.955580+00:00
[2023-06-12T18:56:44.973-0400] {processor.py:175} INFO - Processing /Users/admin/opt/anaconda3/envs/python-airflow-venv/lib/python3.10/site-packages/airflow/example_dags/example_skip_dag.py took 0.951 seconds
