[2023-06-12T18:49:51.364-0400] {logging_mixin.py:137} WARNING - /Users/admin/opt/anaconda3/envs/python-airflow-venv/lib/python3.10/site-packages/airflow/settings.py:337 DeprecationWarning: The sql_alchemy_pool_enabled option in [core] has been moved to the sql_alchemy_pool_enabled option in [database] - the old setting has been used, but please update your config.
[2023-06-12T18:49:51.369-0400] {logging_mixin.py:137} WARNING - /Users/admin/opt/anaconda3/envs/python-airflow-venv/lib/python3.10/site-packages/airflow/settings.py:400 DeprecationWarning: The sql_engine_encoding option in [core] has been moved to the sql_engine_encoding option in [database] - the old setting has been used, but please update your config.
[2023-06-12T18:49:51.369-0400] {processor.py:153} INFO - Started process (PID=3251) to work on /Users/admin/opt/anaconda3/envs/python-airflow-venv/lib/python3.10/site-packages/airflow/example_dags/example_task_group_decorator.py
[2023-06-12T18:49:51.370-0400] {processor.py:743} INFO - Processing file /Users/admin/opt/anaconda3/envs/python-airflow-venv/lib/python3.10/site-packages/airflow/example_dags/example_task_group_decorator.py for tasks to queue
[2023-06-12T18:49:51.370-0400] {logging_mixin.py:137} INFO - [2023-06-12T18:49:51.370-0400] {dagbag.py:538} INFO - Filling up the DagBag from /Users/admin/opt/anaconda3/envs/python-airflow-venv/lib/python3.10/site-packages/airflow/example_dags/example_task_group_decorator.py
[2023-06-12T18:49:51.455-0400] {processor.py:753} INFO - DAG(s) dict_keys(['example_task_group_decorator']) retrieved from /Users/admin/opt/anaconda3/envs/python-airflow-venv/lib/python3.10/site-packages/airflow/example_dags/example_task_group_decorator.py
[2023-06-12T18:49:51.508-0400] {logging_mixin.py:137} WARNING - /Users/admin/opt/anaconda3/envs/python-airflow-venv/lib/python3.10/site-packages/airflow/jobs/scheduler_job.py:124 DeprecationWarning: The processor_poll_interval option in [scheduler] has been renamed to scheduler_idle_sleep_time - the old setting has been used, but please update your config.
[2023-06-12T18:49:52.229-0400] {logging_mixin.py:137} INFO - [2023-06-12T18:49:52.229-0400] {dag.py:2690} INFO - Sync 1 DAGs
[2023-06-12T18:49:52.256-0400] {logging_mixin.py:137} INFO - [2023-06-12T18:49:52.256-0400] {dag.py:3437} INFO - Setting next_dagrun for example_task_group_decorator to 2023-06-11T22:49:52.256033+00:00, run_after=2023-06-12T22:49:52.256033+00:00
[2023-06-12T18:49:52.282-0400] {processor.py:175} INFO - Processing /Users/admin/opt/anaconda3/envs/python-airflow-venv/lib/python3.10/site-packages/airflow/example_dags/example_task_group_decorator.py took 0.918 seconds
[2023-06-12T18:52:15.276-0400] {logging_mixin.py:137} WARNING - /Users/admin/opt/anaconda3/envs/python-airflow-venv/lib/python3.10/site-packages/airflow/settings.py:337 DeprecationWarning: The sql_alchemy_pool_enabled option in [core] has been moved to the sql_alchemy_pool_enabled option in [database] - the old setting has been used, but please update your config.
[2023-06-12T18:52:15.282-0400] {logging_mixin.py:137} WARNING - /Users/admin/opt/anaconda3/envs/python-airflow-venv/lib/python3.10/site-packages/airflow/settings.py:400 DeprecationWarning: The sql_engine_encoding option in [core] has been moved to the sql_engine_encoding option in [database] - the old setting has been used, but please update your config.
[2023-06-12T18:52:15.282-0400] {processor.py:153} INFO - Started process (PID=3322) to work on /Users/admin/opt/anaconda3/envs/python-airflow-venv/lib/python3.10/site-packages/airflow/example_dags/example_task_group_decorator.py
[2023-06-12T18:52:15.282-0400] {processor.py:743} INFO - Processing file /Users/admin/opt/anaconda3/envs/python-airflow-venv/lib/python3.10/site-packages/airflow/example_dags/example_task_group_decorator.py for tasks to queue
[2023-06-12T18:52:15.283-0400] {logging_mixin.py:137} INFO - [2023-06-12T18:52:15.283-0400] {dagbag.py:538} INFO - Filling up the DagBag from /Users/admin/opt/anaconda3/envs/python-airflow-venv/lib/python3.10/site-packages/airflow/example_dags/example_task_group_decorator.py
[2023-06-12T18:52:15.361-0400] {processor.py:753} INFO - DAG(s) dict_keys(['example_task_group_decorator']) retrieved from /Users/admin/opt/anaconda3/envs/python-airflow-venv/lib/python3.10/site-packages/airflow/example_dags/example_task_group_decorator.py
[2023-06-12T18:52:15.405-0400] {logging_mixin.py:137} WARNING - /Users/admin/opt/anaconda3/envs/python-airflow-venv/lib/python3.10/site-packages/airflow/jobs/scheduler_job.py:124 DeprecationWarning: The processor_poll_interval option in [scheduler] has been renamed to scheduler_idle_sleep_time - the old setting has been used, but please update your config.
[2023-06-12T18:52:16.007-0400] {logging_mixin.py:137} INFO - [2023-06-12T18:52:16.007-0400] {dag.py:2690} INFO - Sync 1 DAGs
[2023-06-12T18:52:16.023-0400] {logging_mixin.py:137} INFO - [2023-06-12T18:52:16.023-0400] {dag.py:3437} INFO - Setting next_dagrun for example_task_group_decorator to 2023-06-11T22:52:16.023032+00:00, run_after=2023-06-12T22:52:16.023032+00:00
[2023-06-12T18:52:16.040-0400] {processor.py:175} INFO - Processing /Users/admin/opt/anaconda3/envs/python-airflow-venv/lib/python3.10/site-packages/airflow/example_dags/example_task_group_decorator.py took 0.765 seconds
[2023-06-12T18:54:28.725-0400] {logging_mixin.py:137} WARNING - /Users/admin/opt/anaconda3/envs/python-airflow-venv/lib/python3.10/site-packages/airflow/settings.py:337 DeprecationWarning: The sql_alchemy_pool_enabled option in [core] has been moved to the sql_alchemy_pool_enabled option in [database] - the old setting has been used, but please update your config.
[2023-06-12T18:54:28.730-0400] {logging_mixin.py:137} WARNING - /Users/admin/opt/anaconda3/envs/python-airflow-venv/lib/python3.10/site-packages/airflow/settings.py:400 DeprecationWarning: The sql_engine_encoding option in [core] has been moved to the sql_engine_encoding option in [database] - the old setting has been used, but please update your config.
[2023-06-12T18:54:28.731-0400] {processor.py:153} INFO - Started process (PID=3412) to work on /Users/admin/opt/anaconda3/envs/python-airflow-venv/lib/python3.10/site-packages/airflow/example_dags/example_task_group_decorator.py
[2023-06-12T18:54:28.731-0400] {processor.py:743} INFO - Processing file /Users/admin/opt/anaconda3/envs/python-airflow-venv/lib/python3.10/site-packages/airflow/example_dags/example_task_group_decorator.py for tasks to queue
[2023-06-12T18:54:28.732-0400] {logging_mixin.py:137} INFO - [2023-06-12T18:54:28.732-0400] {dagbag.py:538} INFO - Filling up the DagBag from /Users/admin/opt/anaconda3/envs/python-airflow-venv/lib/python3.10/site-packages/airflow/example_dags/example_task_group_decorator.py
[2023-06-12T18:54:28.819-0400] {processor.py:753} INFO - DAG(s) dict_keys(['example_task_group_decorator']) retrieved from /Users/admin/opt/anaconda3/envs/python-airflow-venv/lib/python3.10/site-packages/airflow/example_dags/example_task_group_decorator.py
[2023-06-12T18:54:28.868-0400] {logging_mixin.py:137} WARNING - /Users/admin/opt/anaconda3/envs/python-airflow-venv/lib/python3.10/site-packages/airflow/jobs/scheduler_job.py:124 DeprecationWarning: The processor_poll_interval option in [scheduler] has been renamed to scheduler_idle_sleep_time - the old setting has been used, but please update your config.
[2023-06-12T18:54:29.642-0400] {logging_mixin.py:137} INFO - [2023-06-12T18:54:29.642-0400] {dag.py:2690} INFO - Sync 1 DAGs
[2023-06-12T18:54:29.659-0400] {logging_mixin.py:137} INFO - [2023-06-12T18:54:29.659-0400] {dag.py:3437} INFO - Setting next_dagrun for example_task_group_decorator to 2023-06-11T22:54:29.659402+00:00, run_after=2023-06-12T22:54:29.659402+00:00
[2023-06-12T18:54:29.678-0400] {processor.py:175} INFO - Processing /Users/admin/opt/anaconda3/envs/python-airflow-venv/lib/python3.10/site-packages/airflow/example_dags/example_task_group_decorator.py took 0.954 seconds
[2023-06-12T18:56:31.534-0400] {logging_mixin.py:137} WARNING - /Users/admin/opt/anaconda3/envs/python-airflow-venv/lib/python3.10/site-packages/airflow/settings.py:337 DeprecationWarning: The sql_alchemy_pool_enabled option in [core] has been moved to the sql_alchemy_pool_enabled option in [database] - the old setting has been used, but please update your config.
[2023-06-12T18:56:31.539-0400] {logging_mixin.py:137} WARNING - /Users/admin/opt/anaconda3/envs/python-airflow-venv/lib/python3.10/site-packages/airflow/settings.py:400 DeprecationWarning: The sql_engine_encoding option in [core] has been moved to the sql_engine_encoding option in [database] - the old setting has been used, but please update your config.
[2023-06-12T18:56:31.539-0400] {processor.py:153} INFO - Started process (PID=3465) to work on /Users/admin/opt/anaconda3/envs/python-airflow-venv/lib/python3.10/site-packages/airflow/example_dags/example_task_group_decorator.py
[2023-06-12T18:56:31.539-0400] {processor.py:743} INFO - Processing file /Users/admin/opt/anaconda3/envs/python-airflow-venv/lib/python3.10/site-packages/airflow/example_dags/example_task_group_decorator.py for tasks to queue
[2023-06-12T18:56:31.540-0400] {logging_mixin.py:137} INFO - [2023-06-12T18:56:31.540-0400] {dagbag.py:538} INFO - Filling up the DagBag from /Users/admin/opt/anaconda3/envs/python-airflow-venv/lib/python3.10/site-packages/airflow/example_dags/example_task_group_decorator.py
[2023-06-12T18:56:31.618-0400] {processor.py:753} INFO - DAG(s) dict_keys(['example_task_group_decorator']) retrieved from /Users/admin/opt/anaconda3/envs/python-airflow-venv/lib/python3.10/site-packages/airflow/example_dags/example_task_group_decorator.py
[2023-06-12T18:56:31.662-0400] {logging_mixin.py:137} WARNING - /Users/admin/opt/anaconda3/envs/python-airflow-venv/lib/python3.10/site-packages/airflow/jobs/scheduler_job.py:124 DeprecationWarning: The processor_poll_interval option in [scheduler] has been renamed to scheduler_idle_sleep_time - the old setting has been used, but please update your config.
[2023-06-12T18:56:32.259-0400] {logging_mixin.py:137} INFO - [2023-06-12T18:56:32.259-0400] {dag.py:2690} INFO - Sync 1 DAGs
[2023-06-12T18:56:32.276-0400] {logging_mixin.py:137} INFO - [2023-06-12T18:56:32.276-0400] {dag.py:3437} INFO - Setting next_dagrun for example_task_group_decorator to 2023-06-11T22:56:32.276138+00:00, run_after=2023-06-12T22:56:32.276138+00:00
[2023-06-12T18:56:32.298-0400] {processor.py:175} INFO - Processing /Users/admin/opt/anaconda3/envs/python-airflow-venv/lib/python3.10/site-packages/airflow/example_dags/example_task_group_decorator.py took 0.765 seconds
