[2023-06-12T18:51:15.100-0400] {logging_mixin.py:137} WARNING - /Users/admin/opt/anaconda3/envs/python-airflow-venv/lib/python3.10/site-packages/airflow/settings.py:337 DeprecationWarning: The sql_alchemy_pool_enabled option in [core] has been moved to the sql_alchemy_pool_enabled option in [database] - the old setting has been used, but please update your config.
[2023-06-12T18:51:15.105-0400] {logging_mixin.py:137} WARNING - /Users/admin/opt/anaconda3/envs/python-airflow-venv/lib/python3.10/site-packages/airflow/settings.py:400 DeprecationWarning: The sql_engine_encoding option in [core] has been moved to the sql_engine_encoding option in [database] - the old setting has been used, but please update your config.
[2023-06-12T18:51:15.106-0400] {processor.py:153} INFO - Started process (PID=3295) to work on /Users/admin/opt/anaconda3/envs/python-airflow-venv/lib/python3.10/site-packages/airflow/example_dags/example_branch_python_dop_operator_3.py
[2023-06-12T18:51:15.106-0400] {processor.py:743} INFO - Processing file /Users/admin/opt/anaconda3/envs/python-airflow-venv/lib/python3.10/site-packages/airflow/example_dags/example_branch_python_dop_operator_3.py for tasks to queue
[2023-06-12T18:51:15.106-0400] {logging_mixin.py:137} INFO - [2023-06-12T18:51:15.106-0400] {dagbag.py:538} INFO - Filling up the DagBag from /Users/admin/opt/anaconda3/envs/python-airflow-venv/lib/python3.10/site-packages/airflow/example_dags/example_branch_python_dop_operator_3.py
[2023-06-12T18:51:15.182-0400] {processor.py:753} INFO - DAG(s) dict_keys(['example_branch_dop_operator_v3']) retrieved from /Users/admin/opt/anaconda3/envs/python-airflow-venv/lib/python3.10/site-packages/airflow/example_dags/example_branch_python_dop_operator_3.py
[2023-06-12T18:51:15.225-0400] {logging_mixin.py:137} WARNING - /Users/admin/opt/anaconda3/envs/python-airflow-venv/lib/python3.10/site-packages/airflow/jobs/scheduler_job.py:124 DeprecationWarning: The processor_poll_interval option in [scheduler] has been renamed to scheduler_idle_sleep_time - the old setting has been used, but please update your config.
[2023-06-12T18:51:15.812-0400] {logging_mixin.py:137} INFO - [2023-06-12T18:51:15.811-0400] {dag.py:2690} INFO - Sync 1 DAGs
[2023-06-12T18:51:15.829-0400] {logging_mixin.py:137} INFO - [2023-06-12T18:51:15.829-0400] {dag.py:3437} INFO - Setting next_dagrun for example_branch_dop_operator_v3 to 2023-06-12T22:50:00+00:00, run_after=2023-06-12T22:51:00+00:00
[2023-06-12T18:51:15.849-0400] {processor.py:175} INFO - Processing /Users/admin/opt/anaconda3/envs/python-airflow-venv/lib/python3.10/site-packages/airflow/example_dags/example_branch_python_dop_operator_3.py took 0.750 seconds
[2023-06-12T18:53:27.752-0400] {logging_mixin.py:137} WARNING - /Users/admin/opt/anaconda3/envs/python-airflow-venv/lib/python3.10/site-packages/airflow/settings.py:337 DeprecationWarning: The sql_alchemy_pool_enabled option in [core] has been moved to the sql_alchemy_pool_enabled option in [database] - the old setting has been used, but please update your config.
[2023-06-12T18:53:27.757-0400] {logging_mixin.py:137} WARNING - /Users/admin/opt/anaconda3/envs/python-airflow-venv/lib/python3.10/site-packages/airflow/settings.py:400 DeprecationWarning: The sql_engine_encoding option in [core] has been moved to the sql_engine_encoding option in [database] - the old setting has been used, but please update your config.
[2023-06-12T18:53:27.758-0400] {processor.py:153} INFO - Started process (PID=3383) to work on /Users/admin/opt/anaconda3/envs/python-airflow-venv/lib/python3.10/site-packages/airflow/example_dags/example_branch_python_dop_operator_3.py
[2023-06-12T18:53:27.758-0400] {processor.py:743} INFO - Processing file /Users/admin/opt/anaconda3/envs/python-airflow-venv/lib/python3.10/site-packages/airflow/example_dags/example_branch_python_dop_operator_3.py for tasks to queue
[2023-06-12T18:53:27.758-0400] {logging_mixin.py:137} INFO - [2023-06-12T18:53:27.758-0400] {dagbag.py:538} INFO - Filling up the DagBag from /Users/admin/opt/anaconda3/envs/python-airflow-venv/lib/python3.10/site-packages/airflow/example_dags/example_branch_python_dop_operator_3.py
[2023-06-12T18:53:27.862-0400] {processor.py:753} INFO - DAG(s) dict_keys(['example_branch_dop_operator_v3']) retrieved from /Users/admin/opt/anaconda3/envs/python-airflow-venv/lib/python3.10/site-packages/airflow/example_dags/example_branch_python_dop_operator_3.py
[2023-06-12T18:53:27.925-0400] {logging_mixin.py:137} WARNING - /Users/admin/opt/anaconda3/envs/python-airflow-venv/lib/python3.10/site-packages/airflow/jobs/scheduler_job.py:124 DeprecationWarning: The processor_poll_interval option in [scheduler] has been renamed to scheduler_idle_sleep_time - the old setting has been used, but please update your config.
[2023-06-12T18:53:28.571-0400] {logging_mixin.py:137} INFO - [2023-06-12T18:53:28.571-0400] {dag.py:2690} INFO - Sync 1 DAGs
[2023-06-12T18:53:28.590-0400] {logging_mixin.py:137} INFO - [2023-06-12T18:53:28.590-0400] {dag.py:3437} INFO - Setting next_dagrun for example_branch_dop_operator_v3 to 2023-06-12T22:52:00+00:00, run_after=2023-06-12T22:53:00+00:00
[2023-06-12T18:53:28.608-0400] {processor.py:175} INFO - Processing /Users/admin/opt/anaconda3/envs/python-airflow-venv/lib/python3.10/site-packages/airflow/example_dags/example_branch_python_dop_operator_3.py took 0.858 seconds
[2023-06-12T18:55:30.246-0400] {logging_mixin.py:137} WARNING - /Users/admin/opt/anaconda3/envs/python-airflow-venv/lib/python3.10/site-packages/airflow/settings.py:337 DeprecationWarning: The sql_alchemy_pool_enabled option in [core] has been moved to the sql_alchemy_pool_enabled option in [database] - the old setting has been used, but please update your config.
[2023-06-12T18:55:30.250-0400] {logging_mixin.py:137} WARNING - /Users/admin/opt/anaconda3/envs/python-airflow-venv/lib/python3.10/site-packages/airflow/settings.py:400 DeprecationWarning: The sql_engine_encoding option in [core] has been moved to the sql_engine_encoding option in [database] - the old setting has been used, but please update your config.
[2023-06-12T18:55:30.251-0400] {processor.py:153} INFO - Started process (PID=3439) to work on /Users/admin/opt/anaconda3/envs/python-airflow-venv/lib/python3.10/site-packages/airflow/example_dags/example_branch_python_dop_operator_3.py
[2023-06-12T18:55:30.251-0400] {processor.py:743} INFO - Processing file /Users/admin/opt/anaconda3/envs/python-airflow-venv/lib/python3.10/site-packages/airflow/example_dags/example_branch_python_dop_operator_3.py for tasks to queue
[2023-06-12T18:55:30.252-0400] {logging_mixin.py:137} INFO - [2023-06-12T18:55:30.252-0400] {dagbag.py:538} INFO - Filling up the DagBag from /Users/admin/opt/anaconda3/envs/python-airflow-venv/lib/python3.10/site-packages/airflow/example_dags/example_branch_python_dop_operator_3.py
[2023-06-12T18:55:30.344-0400] {processor.py:753} INFO - DAG(s) dict_keys(['example_branch_dop_operator_v3']) retrieved from /Users/admin/opt/anaconda3/envs/python-airflow-venv/lib/python3.10/site-packages/airflow/example_dags/example_branch_python_dop_operator_3.py
[2023-06-12T18:55:30.395-0400] {logging_mixin.py:137} WARNING - /Users/admin/opt/anaconda3/envs/python-airflow-venv/lib/python3.10/site-packages/airflow/jobs/scheduler_job.py:124 DeprecationWarning: The processor_poll_interval option in [scheduler] has been renamed to scheduler_idle_sleep_time - the old setting has been used, but please update your config.
[2023-06-12T18:55:31.455-0400] {logging_mixin.py:137} INFO - [2023-06-12T18:55:31.454-0400] {dag.py:2690} INFO - Sync 1 DAGs
[2023-06-12T18:55:31.479-0400] {logging_mixin.py:137} INFO - [2023-06-12T18:55:31.479-0400] {dag.py:3437} INFO - Setting next_dagrun for example_branch_dop_operator_v3 to 2023-06-12T22:54:00+00:00, run_after=2023-06-12T22:55:00+00:00
[2023-06-12T18:55:31.498-0400] {processor.py:175} INFO - Processing /Users/admin/opt/anaconda3/envs/python-airflow-venv/lib/python3.10/site-packages/airflow/example_dags/example_branch_python_dop_operator_3.py took 1.253 seconds
