[2023-06-12T18:51:06.443-0400] {logging_mixin.py:137} WARNING - /Users/admin/opt/anaconda3/envs/python-airflow-venv/lib/python3.10/site-packages/airflow/settings.py:337 DeprecationWarning: The sql_alchemy_pool_enabled option in [core] has been moved to the sql_alchemy_pool_enabled option in [database] - the old setting has been used, but please update your config.
[2023-06-12T18:51:06.447-0400] {logging_mixin.py:137} WARNING - /Users/admin/opt/anaconda3/envs/python-airflow-venv/lib/python3.10/site-packages/airflow/settings.py:400 DeprecationWarning: The sql_engine_encoding option in [core] has been moved to the sql_engine_encoding option in [database] - the old setting has been used, but please update your config.
[2023-06-12T18:51:06.448-0400] {processor.py:153} INFO - Started process (PID=3291) to work on /Users/admin/opt/anaconda3/envs/python-airflow-venv/lib/python3.10/site-packages/airflow/example_dags/example_datasets.py
[2023-06-12T18:51:06.448-0400] {processor.py:743} INFO - Processing file /Users/admin/opt/anaconda3/envs/python-airflow-venv/lib/python3.10/site-packages/airflow/example_dags/example_datasets.py for tasks to queue
[2023-06-12T18:51:06.448-0400] {logging_mixin.py:137} INFO - [2023-06-12T18:51:06.448-0400] {dagbag.py:538} INFO - Filling up the DagBag from /Users/admin/opt/anaconda3/envs/python-airflow-venv/lib/python3.10/site-packages/airflow/example_dags/example_datasets.py
[2023-06-12T18:51:06.502-0400] {processor.py:753} INFO - DAG(s) dict_keys(['dataset_produces_2', 'dataset_consumes_1', 'dataset_consumes_1_and_2', 'dataset_consumes_1_never_scheduled', 'dataset_produces_1', 'dataset_consumes_unknown_never_scheduled']) retrieved from /Users/admin/opt/anaconda3/envs/python-airflow-venv/lib/python3.10/site-packages/airflow/example_dags/example_datasets.py
[2023-06-12T18:51:06.558-0400] {logging_mixin.py:137} WARNING - /Users/admin/opt/anaconda3/envs/python-airflow-venv/lib/python3.10/site-packages/airflow/jobs/scheduler_job.py:124 DeprecationWarning: The processor_poll_interval option in [scheduler] has been renamed to scheduler_idle_sleep_time - the old setting has been used, but please update your config.
[2023-06-12T18:51:07.243-0400] {logging_mixin.py:137} INFO - [2023-06-12T18:51:07.243-0400] {dag.py:2690} INFO - Sync 6 DAGs
[2023-06-12T18:51:07.263-0400] {logging_mixin.py:137} INFO - [2023-06-12T18:51:07.263-0400] {dag.py:3437} INFO - Setting next_dagrun for dataset_consumes_1 to None, run_after=None
[2023-06-12T18:51:07.265-0400] {logging_mixin.py:137} INFO - [2023-06-12T18:51:07.265-0400] {dag.py:3437} INFO - Setting next_dagrun for dataset_consumes_1_and_2 to None, run_after=None
[2023-06-12T18:51:07.267-0400] {logging_mixin.py:137} INFO - [2023-06-12T18:51:07.266-0400] {dag.py:3437} INFO - Setting next_dagrun for dataset_consumes_1_never_scheduled to None, run_after=None
[2023-06-12T18:51:07.268-0400] {logging_mixin.py:137} INFO - [2023-06-12T18:51:07.267-0400] {dag.py:3437} INFO - Setting next_dagrun for dataset_consumes_unknown_never_scheduled to None, run_after=None
[2023-06-12T18:51:07.269-0400] {logging_mixin.py:137} INFO - [2023-06-12T18:51:07.269-0400] {dag.py:3437} INFO - Setting next_dagrun for dataset_produces_1 to 2023-06-11T00:00:00+00:00, run_after=2023-06-12T00:00:00+00:00
[2023-06-12T18:51:07.270-0400] {logging_mixin.py:137} INFO - [2023-06-12T18:51:07.270-0400] {dag.py:3437} INFO - Setting next_dagrun for dataset_produces_2 to None, run_after=None
[2023-06-12T18:51:07.303-0400] {processor.py:175} INFO - Processing /Users/admin/opt/anaconda3/envs/python-airflow-venv/lib/python3.10/site-packages/airflow/example_dags/example_datasets.py took 0.861 seconds
[2023-06-12T18:53:18.954-0400] {logging_mixin.py:137} WARNING - /Users/admin/opt/anaconda3/envs/python-airflow-venv/lib/python3.10/site-packages/airflow/settings.py:337 DeprecationWarning: The sql_alchemy_pool_enabled option in [core] has been moved to the sql_alchemy_pool_enabled option in [database] - the old setting has been used, but please update your config.
[2023-06-12T18:53:18.959-0400] {logging_mixin.py:137} WARNING - /Users/admin/opt/anaconda3/envs/python-airflow-venv/lib/python3.10/site-packages/airflow/settings.py:400 DeprecationWarning: The sql_engine_encoding option in [core] has been moved to the sql_engine_encoding option in [database] - the old setting has been used, but please update your config.
[2023-06-12T18:53:18.960-0400] {processor.py:153} INFO - Started process (PID=3353) to work on /Users/admin/opt/anaconda3/envs/python-airflow-venv/lib/python3.10/site-packages/airflow/example_dags/example_datasets.py
[2023-06-12T18:53:18.960-0400] {processor.py:743} INFO - Processing file /Users/admin/opt/anaconda3/envs/python-airflow-venv/lib/python3.10/site-packages/airflow/example_dags/example_datasets.py for tasks to queue
[2023-06-12T18:53:18.960-0400] {logging_mixin.py:137} INFO - [2023-06-12T18:53:18.960-0400] {dagbag.py:538} INFO - Filling up the DagBag from /Users/admin/opt/anaconda3/envs/python-airflow-venv/lib/python3.10/site-packages/airflow/example_dags/example_datasets.py
[2023-06-12T18:53:19.017-0400] {processor.py:753} INFO - DAG(s) dict_keys(['dataset_produces_2', 'dataset_consumes_1_and_2', 'dataset_consumes_unknown_never_scheduled', 'dataset_produces_1', 'dataset_consumes_1_never_scheduled', 'dataset_consumes_1']) retrieved from /Users/admin/opt/anaconda3/envs/python-airflow-venv/lib/python3.10/site-packages/airflow/example_dags/example_datasets.py
[2023-06-12T18:53:19.077-0400] {logging_mixin.py:137} WARNING - /Users/admin/opt/anaconda3/envs/python-airflow-venv/lib/python3.10/site-packages/airflow/jobs/scheduler_job.py:124 DeprecationWarning: The processor_poll_interval option in [scheduler] has been renamed to scheduler_idle_sleep_time - the old setting has been used, but please update your config.
[2023-06-12T18:53:19.730-0400] {logging_mixin.py:137} INFO - [2023-06-12T18:53:19.729-0400] {dag.py:2690} INFO - Sync 6 DAGs
[2023-06-12T18:53:19.743-0400] {logging_mixin.py:137} INFO - [2023-06-12T18:53:19.743-0400] {dag.py:3437} INFO - Setting next_dagrun for dataset_consumes_1 to None, run_after=None
[2023-06-12T18:53:19.745-0400] {logging_mixin.py:137} INFO - [2023-06-12T18:53:19.745-0400] {dag.py:3437} INFO - Setting next_dagrun for dataset_consumes_1_and_2 to None, run_after=None
[2023-06-12T18:53:19.746-0400] {logging_mixin.py:137} INFO - [2023-06-12T18:53:19.746-0400] {dag.py:3437} INFO - Setting next_dagrun for dataset_consumes_1_never_scheduled to None, run_after=None
[2023-06-12T18:53:19.747-0400] {logging_mixin.py:137} INFO - [2023-06-12T18:53:19.746-0400] {dag.py:3437} INFO - Setting next_dagrun for dataset_consumes_unknown_never_scheduled to None, run_after=None
[2023-06-12T18:53:19.748-0400] {logging_mixin.py:137} INFO - [2023-06-12T18:53:19.748-0400] {dag.py:3437} INFO - Setting next_dagrun for dataset_produces_1 to 2023-06-11T00:00:00+00:00, run_after=2023-06-12T00:00:00+00:00
[2023-06-12T18:53:19.749-0400] {logging_mixin.py:137} INFO - [2023-06-12T18:53:19.749-0400] {dag.py:3437} INFO - Setting next_dagrun for dataset_produces_2 to None, run_after=None
[2023-06-12T18:53:19.776-0400] {processor.py:175} INFO - Processing /Users/admin/opt/anaconda3/envs/python-airflow-venv/lib/python3.10/site-packages/airflow/example_dags/example_datasets.py took 0.823 seconds
[2023-06-12T18:55:21.498-0400] {logging_mixin.py:137} WARNING - /Users/admin/opt/anaconda3/envs/python-airflow-venv/lib/python3.10/site-packages/airflow/settings.py:337 DeprecationWarning: The sql_alchemy_pool_enabled option in [core] has been moved to the sql_alchemy_pool_enabled option in [database] - the old setting has been used, but please update your config.
[2023-06-12T18:55:21.503-0400] {logging_mixin.py:137} WARNING - /Users/admin/opt/anaconda3/envs/python-airflow-venv/lib/python3.10/site-packages/airflow/settings.py:400 DeprecationWarning: The sql_engine_encoding option in [core] has been moved to the sql_engine_encoding option in [database] - the old setting has been used, but please update your config.
[2023-06-12T18:55:21.504-0400] {processor.py:153} INFO - Started process (PID=3435) to work on /Users/admin/opt/anaconda3/envs/python-airflow-venv/lib/python3.10/site-packages/airflow/example_dags/example_datasets.py
[2023-06-12T18:55:21.504-0400] {processor.py:743} INFO - Processing file /Users/admin/opt/anaconda3/envs/python-airflow-venv/lib/python3.10/site-packages/airflow/example_dags/example_datasets.py for tasks to queue
[2023-06-12T18:55:21.505-0400] {logging_mixin.py:137} INFO - [2023-06-12T18:55:21.504-0400] {dagbag.py:538} INFO - Filling up the DagBag from /Users/admin/opt/anaconda3/envs/python-airflow-venv/lib/python3.10/site-packages/airflow/example_dags/example_datasets.py
[2023-06-12T18:55:21.572-0400] {processor.py:753} INFO - DAG(s) dict_keys(['dataset_produces_2', 'dataset_produces_1', 'dataset_consumes_1_and_2', 'dataset_consumes_unknown_never_scheduled', 'dataset_consumes_1', 'dataset_consumes_1_never_scheduled']) retrieved from /Users/admin/opt/anaconda3/envs/python-airflow-venv/lib/python3.10/site-packages/airflow/example_dags/example_datasets.py
[2023-06-12T18:55:21.633-0400] {logging_mixin.py:137} WARNING - /Users/admin/opt/anaconda3/envs/python-airflow-venv/lib/python3.10/site-packages/airflow/jobs/scheduler_job.py:124 DeprecationWarning: The processor_poll_interval option in [scheduler] has been renamed to scheduler_idle_sleep_time - the old setting has been used, but please update your config.
[2023-06-12T18:55:22.335-0400] {logging_mixin.py:137} INFO - [2023-06-12T18:55:22.335-0400] {dag.py:2690} INFO - Sync 6 DAGs
[2023-06-12T18:55:22.349-0400] {logging_mixin.py:137} INFO - [2023-06-12T18:55:22.349-0400] {dag.py:3437} INFO - Setting next_dagrun for dataset_consumes_1 to None, run_after=None
[2023-06-12T18:55:22.351-0400] {logging_mixin.py:137} INFO - [2023-06-12T18:55:22.351-0400] {dag.py:3437} INFO - Setting next_dagrun for dataset_consumes_1_and_2 to None, run_after=None
[2023-06-12T18:55:22.352-0400] {logging_mixin.py:137} INFO - [2023-06-12T18:55:22.351-0400] {dag.py:3437} INFO - Setting next_dagrun for dataset_consumes_1_never_scheduled to None, run_after=None
[2023-06-12T18:55:22.352-0400] {logging_mixin.py:137} INFO - [2023-06-12T18:55:22.352-0400] {dag.py:3437} INFO - Setting next_dagrun for dataset_consumes_unknown_never_scheduled to None, run_after=None
[2023-06-12T18:55:22.354-0400] {logging_mixin.py:137} INFO - [2023-06-12T18:55:22.354-0400] {dag.py:3437} INFO - Setting next_dagrun for dataset_produces_1 to 2023-06-11T00:00:00+00:00, run_after=2023-06-12T00:00:00+00:00
[2023-06-12T18:55:22.355-0400] {logging_mixin.py:137} INFO - [2023-06-12T18:55:22.355-0400] {dag.py:3437} INFO - Setting next_dagrun for dataset_produces_2 to None, run_after=None
[2023-06-12T18:55:22.382-0400] {processor.py:175} INFO - Processing /Users/admin/opt/anaconda3/envs/python-airflow-venv/lib/python3.10/site-packages/airflow/example_dags/example_datasets.py took 0.885 seconds
