[2023-06-12T18:49:33.084-0400] {logging_mixin.py:137} WARNING - /Users/admin/opt/anaconda3/envs/python-airflow-venv/lib/python3.10/site-packages/airflow/settings.py:337 DeprecationWarning: The sql_alchemy_pool_enabled option in [core] has been moved to the sql_alchemy_pool_enabled option in [database] - the old setting has been used, but please update your config.
[2023-06-12T18:49:33.089-0400] {logging_mixin.py:137} WARNING - /Users/admin/opt/anaconda3/envs/python-airflow-venv/lib/python3.10/site-packages/airflow/settings.py:400 DeprecationWarning: The sql_engine_encoding option in [core] has been moved to the sql_engine_encoding option in [database] - the old setting has been used, but please update your config.
[2023-06-12T18:49:33.089-0400] {processor.py:153} INFO - Started process (PID=3237) to work on /Users/admin/opt/anaconda3/envs/python-airflow-venv/lib/python3.10/site-packages/airflow/example_dags/tutorial.py
[2023-06-12T18:49:33.089-0400] {processor.py:743} INFO - Processing file /Users/admin/opt/anaconda3/envs/python-airflow-venv/lib/python3.10/site-packages/airflow/example_dags/tutorial.py for tasks to queue
[2023-06-12T18:49:33.090-0400] {logging_mixin.py:137} INFO - [2023-06-12T18:49:33.090-0400] {dagbag.py:538} INFO - Filling up the DagBag from /Users/admin/opt/anaconda3/envs/python-airflow-venv/lib/python3.10/site-packages/airflow/example_dags/tutorial.py
[2023-06-12T18:49:33.138-0400] {processor.py:753} INFO - DAG(s) dict_keys(['tutorial']) retrieved from /Users/admin/opt/anaconda3/envs/python-airflow-venv/lib/python3.10/site-packages/airflow/example_dags/tutorial.py
[2023-06-12T18:49:33.196-0400] {logging_mixin.py:137} WARNING - /Users/admin/opt/anaconda3/envs/python-airflow-venv/lib/python3.10/site-packages/airflow/jobs/scheduler_job.py:124 DeprecationWarning: The processor_poll_interval option in [scheduler] has been renamed to scheduler_idle_sleep_time - the old setting has been used, but please update your config.
[2023-06-12T18:49:33.816-0400] {logging_mixin.py:137} INFO - [2023-06-12T18:49:33.816-0400] {dag.py:2690} INFO - Sync 1 DAGs
[2023-06-12T18:49:33.834-0400] {logging_mixin.py:137} INFO - [2023-06-12T18:49:33.833-0400] {dag.py:3437} INFO - Setting next_dagrun for tutorial to 2023-06-11T22:49:33.831785+00:00, run_after=2023-06-12T22:49:33.831785+00:00
[2023-06-12T18:49:33.851-0400] {processor.py:175} INFO - Processing /Users/admin/opt/anaconda3/envs/python-airflow-venv/lib/python3.10/site-packages/airflow/example_dags/tutorial.py took 0.768 seconds
[2023-06-12T18:51:56.974-0400] {logging_mixin.py:137} WARNING - /Users/admin/opt/anaconda3/envs/python-airflow-venv/lib/python3.10/site-packages/airflow/settings.py:337 DeprecationWarning: The sql_alchemy_pool_enabled option in [core] has been moved to the sql_alchemy_pool_enabled option in [database] - the old setting has been used, but please update your config.
[2023-06-12T18:51:56.980-0400] {logging_mixin.py:137} WARNING - /Users/admin/opt/anaconda3/envs/python-airflow-venv/lib/python3.10/site-packages/airflow/settings.py:400 DeprecationWarning: The sql_engine_encoding option in [core] has been moved to the sql_engine_encoding option in [database] - the old setting has been used, but please update your config.
[2023-06-12T18:51:56.981-0400] {processor.py:153} INFO - Started process (PID=3315) to work on /Users/admin/opt/anaconda3/envs/python-airflow-venv/lib/python3.10/site-packages/airflow/example_dags/tutorial.py
[2023-06-12T18:51:56.981-0400] {processor.py:743} INFO - Processing file /Users/admin/opt/anaconda3/envs/python-airflow-venv/lib/python3.10/site-packages/airflow/example_dags/tutorial.py for tasks to queue
[2023-06-12T18:51:56.982-0400] {logging_mixin.py:137} INFO - [2023-06-12T18:51:56.982-0400] {dagbag.py:538} INFO - Filling up the DagBag from /Users/admin/opt/anaconda3/envs/python-airflow-venv/lib/python3.10/site-packages/airflow/example_dags/tutorial.py
[2023-06-12T18:51:57.035-0400] {processor.py:753} INFO - DAG(s) dict_keys(['tutorial']) retrieved from /Users/admin/opt/anaconda3/envs/python-airflow-venv/lib/python3.10/site-packages/airflow/example_dags/tutorial.py
[2023-06-12T18:51:57.100-0400] {logging_mixin.py:137} WARNING - /Users/admin/opt/anaconda3/envs/python-airflow-venv/lib/python3.10/site-packages/airflow/jobs/scheduler_job.py:124 DeprecationWarning: The processor_poll_interval option in [scheduler] has been renamed to scheduler_idle_sleep_time - the old setting has been used, but please update your config.
[2023-06-12T18:51:57.797-0400] {logging_mixin.py:137} INFO - [2023-06-12T18:51:57.797-0400] {dag.py:2690} INFO - Sync 1 DAGs
[2023-06-12T18:51:57.812-0400] {logging_mixin.py:137} INFO - [2023-06-12T18:51:57.812-0400] {dag.py:3437} INFO - Setting next_dagrun for tutorial to 2023-06-11T22:51:57.811915+00:00, run_after=2023-06-12T22:51:57.811915+00:00
[2023-06-12T18:51:57.831-0400] {processor.py:175} INFO - Processing /Users/admin/opt/anaconda3/envs/python-airflow-venv/lib/python3.10/site-packages/airflow/example_dags/tutorial.py took 0.859 seconds
[2023-06-12T18:54:11.927-0400] {logging_mixin.py:137} WARNING - /Users/admin/opt/anaconda3/envs/python-airflow-venv/lib/python3.10/site-packages/airflow/settings.py:337 DeprecationWarning: The sql_alchemy_pool_enabled option in [core] has been moved to the sql_alchemy_pool_enabled option in [database] - the old setting has been used, but please update your config.
[2023-06-12T18:54:11.932-0400] {logging_mixin.py:137} WARNING - /Users/admin/opt/anaconda3/envs/python-airflow-venv/lib/python3.10/site-packages/airflow/settings.py:400 DeprecationWarning: The sql_engine_encoding option in [core] has been moved to the sql_engine_encoding option in [database] - the old setting has been used, but please update your config.
[2023-06-12T18:54:11.932-0400] {processor.py:153} INFO - Started process (PID=3405) to work on /Users/admin/opt/anaconda3/envs/python-airflow-venv/lib/python3.10/site-packages/airflow/example_dags/tutorial.py
[2023-06-12T18:54:11.933-0400] {processor.py:743} INFO - Processing file /Users/admin/opt/anaconda3/envs/python-airflow-venv/lib/python3.10/site-packages/airflow/example_dags/tutorial.py for tasks to queue
[2023-06-12T18:54:11.933-0400] {logging_mixin.py:137} INFO - [2023-06-12T18:54:11.933-0400] {dagbag.py:538} INFO - Filling up the DagBag from /Users/admin/opt/anaconda3/envs/python-airflow-venv/lib/python3.10/site-packages/airflow/example_dags/tutorial.py
[2023-06-12T18:54:11.982-0400] {processor.py:753} INFO - DAG(s) dict_keys(['tutorial']) retrieved from /Users/admin/opt/anaconda3/envs/python-airflow-venv/lib/python3.10/site-packages/airflow/example_dags/tutorial.py
[2023-06-12T18:54:12.037-0400] {logging_mixin.py:137} WARNING - /Users/admin/opt/anaconda3/envs/python-airflow-venv/lib/python3.10/site-packages/airflow/jobs/scheduler_job.py:124 DeprecationWarning: The processor_poll_interval option in [scheduler] has been renamed to scheduler_idle_sleep_time - the old setting has been used, but please update your config.
[2023-06-12T18:54:12.701-0400] {logging_mixin.py:137} INFO - [2023-06-12T18:54:12.700-0400] {dag.py:2690} INFO - Sync 1 DAGs
[2023-06-12T18:54:12.715-0400] {logging_mixin.py:137} INFO - [2023-06-12T18:54:12.715-0400] {dag.py:3437} INFO - Setting next_dagrun for tutorial to 2023-06-11T22:54:12.715486+00:00, run_after=2023-06-12T22:54:12.715486+00:00
[2023-06-12T18:54:12.735-0400] {processor.py:175} INFO - Processing /Users/admin/opt/anaconda3/envs/python-airflow-venv/lib/python3.10/site-packages/airflow/example_dags/tutorial.py took 0.809 seconds
[2023-06-12T18:56:14.635-0400] {logging_mixin.py:137} WARNING - /Users/admin/opt/anaconda3/envs/python-airflow-venv/lib/python3.10/site-packages/airflow/settings.py:337 DeprecationWarning: The sql_alchemy_pool_enabled option in [core] has been moved to the sql_alchemy_pool_enabled option in [database] - the old setting has been used, but please update your config.
[2023-06-12T18:56:14.640-0400] {logging_mixin.py:137} WARNING - /Users/admin/opt/anaconda3/envs/python-airflow-venv/lib/python3.10/site-packages/airflow/settings.py:400 DeprecationWarning: The sql_engine_encoding option in [core] has been moved to the sql_engine_encoding option in [database] - the old setting has been used, but please update your config.
[2023-06-12T18:56:14.641-0400] {processor.py:153} INFO - Started process (PID=3459) to work on /Users/admin/opt/anaconda3/envs/python-airflow-venv/lib/python3.10/site-packages/airflow/example_dags/tutorial.py
[2023-06-12T18:56:14.641-0400] {processor.py:743} INFO - Processing file /Users/admin/opt/anaconda3/envs/python-airflow-venv/lib/python3.10/site-packages/airflow/example_dags/tutorial.py for tasks to queue
[2023-06-12T18:56:14.641-0400] {logging_mixin.py:137} INFO - [2023-06-12T18:56:14.641-0400] {dagbag.py:538} INFO - Filling up the DagBag from /Users/admin/opt/anaconda3/envs/python-airflow-venv/lib/python3.10/site-packages/airflow/example_dags/tutorial.py
[2023-06-12T18:56:14.695-0400] {processor.py:753} INFO - DAG(s) dict_keys(['tutorial']) retrieved from /Users/admin/opt/anaconda3/envs/python-airflow-venv/lib/python3.10/site-packages/airflow/example_dags/tutorial.py
[2023-06-12T18:56:14.757-0400] {logging_mixin.py:137} WARNING - /Users/admin/opt/anaconda3/envs/python-airflow-venv/lib/python3.10/site-packages/airflow/jobs/scheduler_job.py:124 DeprecationWarning: The processor_poll_interval option in [scheduler] has been renamed to scheduler_idle_sleep_time - the old setting has been used, but please update your config.
[2023-06-12T18:56:15.402-0400] {logging_mixin.py:137} INFO - [2023-06-12T18:56:15.402-0400] {dag.py:2690} INFO - Sync 1 DAGs
[2023-06-12T18:56:15.417-0400] {logging_mixin.py:137} INFO - [2023-06-12T18:56:15.417-0400] {dag.py:3437} INFO - Setting next_dagrun for tutorial to 2023-06-11T22:56:15.417127+00:00, run_after=2023-06-12T22:56:15.417127+00:00
[2023-06-12T18:56:15.436-0400] {processor.py:175} INFO - Processing /Users/admin/opt/anaconda3/envs/python-airflow-venv/lib/python3.10/site-packages/airflow/example_dags/tutorial.py took 0.801 seconds
