[2023-04-10T17:10:14.082-0400] {logging_mixin.py:137} WARNING - /Users/admin/opt/anaconda3/envs/python-airflow-venv/lib/python3.10/site-packages/airflow/settings.py:337 DeprecationWarning: The sql_alchemy_pool_enabled option in [core] has been moved to the sql_alchemy_pool_enabled option in [database] - the old setting has been used, but please update your config.
[2023-04-10T17:10:14.086-0400] {logging_mixin.py:137} WARNING - /Users/admin/opt/anaconda3/envs/python-airflow-venv/lib/python3.10/site-packages/airflow/settings.py:400 DeprecationWarning: The sql_engine_encoding option in [core] has been moved to the sql_engine_encoding option in [database] - the old setting has been used, but please update your config.
[2023-04-10T17:10:14.087-0400] {processor.py:153} INFO - Started process (PID=3003) to work on /Users/admin/opt/anaconda3/envs/python-airflow-venv/lib/python3.10/site-packages/airflow/example_dags/example_task_group_decorator.py
[2023-04-10T17:10:14.087-0400] {processor.py:743} INFO - Processing file /Users/admin/opt/anaconda3/envs/python-airflow-venv/lib/python3.10/site-packages/airflow/example_dags/example_task_group_decorator.py for tasks to queue
[2023-04-10T17:10:14.087-0400] {logging_mixin.py:137} INFO - [2023-04-10T17:10:14.087-0400] {dagbag.py:538} INFO - Filling up the DagBag from /Users/admin/opt/anaconda3/envs/python-airflow-venv/lib/python3.10/site-packages/airflow/example_dags/example_task_group_decorator.py
[2023-04-10T17:10:14.162-0400] {processor.py:753} INFO - DAG(s) dict_keys(['example_task_group_decorator']) retrieved from /Users/admin/opt/anaconda3/envs/python-airflow-venv/lib/python3.10/site-packages/airflow/example_dags/example_task_group_decorator.py
[2023-04-10T17:10:14.204-0400] {logging_mixin.py:137} WARNING - /Users/admin/opt/anaconda3/envs/python-airflow-venv/lib/python3.10/site-packages/airflow/jobs/scheduler_job.py:124 DeprecationWarning: The processor_poll_interval option in [scheduler] has been renamed to scheduler_idle_sleep_time - the old setting has been used, but please update your config.
[2023-04-10T17:10:14.782-0400] {logging_mixin.py:137} INFO - [2023-04-10T17:10:14.781-0400] {dag.py:2690} INFO - Sync 1 DAGs
[2023-04-10T17:10:14.795-0400] {logging_mixin.py:137} INFO - [2023-04-10T17:10:14.795-0400] {dag.py:3437} INFO - Setting next_dagrun for example_task_group_decorator to 2023-04-09T21:10:14.795632+00:00, run_after=2023-04-10T21:10:14.795632+00:00
[2023-04-10T17:10:14.816-0400] {processor.py:175} INFO - Processing /Users/admin/opt/anaconda3/envs/python-airflow-venv/lib/python3.10/site-packages/airflow/example_dags/example_task_group_decorator.py took 0.735 seconds
[2023-04-10T17:11:45.819-0400] {logging_mixin.py:137} WARNING - /Users/admin/opt/anaconda3/envs/python-airflow-venv/lib/python3.10/site-packages/airflow/settings.py:337 DeprecationWarning: The sql_alchemy_pool_enabled option in [core] has been moved to the sql_alchemy_pool_enabled option in [database] - the old setting has been used, but please update your config.
[2023-04-10T17:11:45.823-0400] {logging_mixin.py:137} WARNING - /Users/admin/opt/anaconda3/envs/python-airflow-venv/lib/python3.10/site-packages/airflow/settings.py:400 DeprecationWarning: The sql_engine_encoding option in [core] has been moved to the sql_engine_encoding option in [database] - the old setting has been used, but please update your config.
[2023-04-10T17:11:45.824-0400] {processor.py:153} INFO - Started process (PID=3041) to work on /Users/admin/opt/anaconda3/envs/python-airflow-venv/lib/python3.10/site-packages/airflow/example_dags/example_task_group_decorator.py
[2023-04-10T17:11:45.824-0400] {processor.py:743} INFO - Processing file /Users/admin/opt/anaconda3/envs/python-airflow-venv/lib/python3.10/site-packages/airflow/example_dags/example_task_group_decorator.py for tasks to queue
[2023-04-10T17:11:45.824-0400] {logging_mixin.py:137} INFO - [2023-04-10T17:11:45.824-0400] {dagbag.py:538} INFO - Filling up the DagBag from /Users/admin/opt/anaconda3/envs/python-airflow-venv/lib/python3.10/site-packages/airflow/example_dags/example_task_group_decorator.py
[2023-04-10T17:11:45.894-0400] {processor.py:753} INFO - DAG(s) dict_keys(['example_task_group_decorator']) retrieved from /Users/admin/opt/anaconda3/envs/python-airflow-venv/lib/python3.10/site-packages/airflow/example_dags/example_task_group_decorator.py
[2023-04-10T17:11:45.936-0400] {logging_mixin.py:137} WARNING - /Users/admin/opt/anaconda3/envs/python-airflow-venv/lib/python3.10/site-packages/airflow/jobs/scheduler_job.py:124 DeprecationWarning: The processor_poll_interval option in [scheduler] has been renamed to scheduler_idle_sleep_time - the old setting has been used, but please update your config.
[2023-04-10T17:11:46.509-0400] {logging_mixin.py:137} INFO - [2023-04-10T17:11:46.509-0400] {dag.py:2690} INFO - Sync 1 DAGs
[2023-04-10T17:11:46.523-0400] {logging_mixin.py:137} INFO - [2023-04-10T17:11:46.523-0400] {dag.py:3437} INFO - Setting next_dagrun for example_task_group_decorator to 2023-04-09T21:11:46.523372+00:00, run_after=2023-04-10T21:11:46.523372+00:00
[2023-04-10T17:11:46.540-0400] {processor.py:175} INFO - Processing /Users/admin/opt/anaconda3/envs/python-airflow-venv/lib/python3.10/site-packages/airflow/example_dags/example_task_group_decorator.py took 0.723 seconds
[2023-04-10T17:13:42.246-0400] {logging_mixin.py:137} WARNING - /Users/admin/opt/anaconda3/envs/python-airflow-venv/lib/python3.10/site-packages/airflow/settings.py:337 DeprecationWarning: The sql_alchemy_pool_enabled option in [core] has been moved to the sql_alchemy_pool_enabled option in [database] - the old setting has been used, but please update your config.
[2023-04-10T17:13:42.250-0400] {logging_mixin.py:137} WARNING - /Users/admin/opt/anaconda3/envs/python-airflow-venv/lib/python3.10/site-packages/airflow/settings.py:400 DeprecationWarning: The sql_engine_encoding option in [core] has been moved to the sql_engine_encoding option in [database] - the old setting has been used, but please update your config.
[2023-04-10T17:13:42.251-0400] {processor.py:153} INFO - Started process (PID=3093) to work on /Users/admin/opt/anaconda3/envs/python-airflow-venv/lib/python3.10/site-packages/airflow/example_dags/example_task_group_decorator.py
[2023-04-10T17:13:42.251-0400] {processor.py:743} INFO - Processing file /Users/admin/opt/anaconda3/envs/python-airflow-venv/lib/python3.10/site-packages/airflow/example_dags/example_task_group_decorator.py for tasks to queue
[2023-04-10T17:13:42.251-0400] {logging_mixin.py:137} INFO - [2023-04-10T17:13:42.251-0400] {dagbag.py:538} INFO - Filling up the DagBag from /Users/admin/opt/anaconda3/envs/python-airflow-venv/lib/python3.10/site-packages/airflow/example_dags/example_task_group_decorator.py
[2023-04-10T17:13:42.325-0400] {processor.py:753} INFO - DAG(s) dict_keys(['example_task_group_decorator']) retrieved from /Users/admin/opt/anaconda3/envs/python-airflow-venv/lib/python3.10/site-packages/airflow/example_dags/example_task_group_decorator.py
[2023-04-10T17:13:42.370-0400] {logging_mixin.py:137} WARNING - /Users/admin/opt/anaconda3/envs/python-airflow-venv/lib/python3.10/site-packages/airflow/jobs/scheduler_job.py:124 DeprecationWarning: The processor_poll_interval option in [scheduler] has been renamed to scheduler_idle_sleep_time - the old setting has been used, but please update your config.
[2023-04-10T17:13:43.086-0400] {logging_mixin.py:137} INFO - [2023-04-10T17:13:43.086-0400] {dag.py:2690} INFO - Sync 1 DAGs
[2023-04-10T17:13:43.104-0400] {logging_mixin.py:137} INFO - [2023-04-10T17:13:43.104-0400] {dag.py:3437} INFO - Setting next_dagrun for example_task_group_decorator to 2023-04-09T21:13:43.103895+00:00, run_after=2023-04-10T21:13:43.103895+00:00
[2023-04-10T17:13:43.124-0400] {processor.py:175} INFO - Processing /Users/admin/opt/anaconda3/envs/python-airflow-venv/lib/python3.10/site-packages/airflow/example_dags/example_task_group_decorator.py took 0.879 seconds
[2023-04-10T17:15:40.190-0400] {logging_mixin.py:137} WARNING - /Users/admin/opt/anaconda3/envs/python-airflow-venv/lib/python3.10/site-packages/airflow/settings.py:337 DeprecationWarning: The sql_alchemy_pool_enabled option in [core] has been moved to the sql_alchemy_pool_enabled option in [database] - the old setting has been used, but please update your config.
[2023-04-10T17:15:40.194-0400] {logging_mixin.py:137} WARNING - /Users/admin/opt/anaconda3/envs/python-airflow-venv/lib/python3.10/site-packages/airflow/settings.py:400 DeprecationWarning: The sql_engine_encoding option in [core] has been moved to the sql_engine_encoding option in [database] - the old setting has been used, but please update your config.
[2023-04-10T17:15:40.195-0400] {processor.py:153} INFO - Started process (PID=3142) to work on /Users/admin/opt/anaconda3/envs/python-airflow-venv/lib/python3.10/site-packages/airflow/example_dags/example_task_group_decorator.py
[2023-04-10T17:15:40.195-0400] {processor.py:743} INFO - Processing file /Users/admin/opt/anaconda3/envs/python-airflow-venv/lib/python3.10/site-packages/airflow/example_dags/example_task_group_decorator.py for tasks to queue
[2023-04-10T17:15:40.195-0400] {logging_mixin.py:137} INFO - [2023-04-10T17:15:40.195-0400] {dagbag.py:538} INFO - Filling up the DagBag from /Users/admin/opt/anaconda3/envs/python-airflow-venv/lib/python3.10/site-packages/airflow/example_dags/example_task_group_decorator.py
[2023-04-10T17:15:40.269-0400] {processor.py:753} INFO - DAG(s) dict_keys(['example_task_group_decorator']) retrieved from /Users/admin/opt/anaconda3/envs/python-airflow-venv/lib/python3.10/site-packages/airflow/example_dags/example_task_group_decorator.py
[2023-04-10T17:15:40.311-0400] {logging_mixin.py:137} WARNING - /Users/admin/opt/anaconda3/envs/python-airflow-venv/lib/python3.10/site-packages/airflow/jobs/scheduler_job.py:124 DeprecationWarning: The processor_poll_interval option in [scheduler] has been renamed to scheduler_idle_sleep_time - the old setting has been used, but please update your config.
[2023-04-10T17:15:40.903-0400] {logging_mixin.py:137} INFO - [2023-04-10T17:15:40.903-0400] {dag.py:2690} INFO - Sync 1 DAGs
[2023-04-10T17:15:40.920-0400] {logging_mixin.py:137} INFO - [2023-04-10T17:15:40.919-0400] {dag.py:3437} INFO - Setting next_dagrun for example_task_group_decorator to 2023-04-09T21:15:40.919778+00:00, run_after=2023-04-10T21:15:40.919778+00:00
[2023-04-10T17:15:40.937-0400] {processor.py:175} INFO - Processing /Users/admin/opt/anaconda3/envs/python-airflow-venv/lib/python3.10/site-packages/airflow/example_dags/example_task_group_decorator.py took 0.749 seconds
[2023-04-10T17:17:33.008-0400] {logging_mixin.py:137} WARNING - /Users/admin/opt/anaconda3/envs/python-airflow-venv/lib/python3.10/site-packages/airflow/settings.py:337 DeprecationWarning: The sql_alchemy_pool_enabled option in [core] has been moved to the sql_alchemy_pool_enabled option in [database] - the old setting has been used, but please update your config.
[2023-04-10T17:17:33.013-0400] {logging_mixin.py:137} WARNING - /Users/admin/opt/anaconda3/envs/python-airflow-venv/lib/python3.10/site-packages/airflow/settings.py:400 DeprecationWarning: The sql_engine_encoding option in [core] has been moved to the sql_engine_encoding option in [database] - the old setting has been used, but please update your config.
[2023-04-10T17:17:33.013-0400] {processor.py:153} INFO - Started process (PID=3193) to work on /Users/admin/opt/anaconda3/envs/python-airflow-venv/lib/python3.10/site-packages/airflow/example_dags/example_task_group_decorator.py
[2023-04-10T17:17:33.014-0400] {processor.py:743} INFO - Processing file /Users/admin/opt/anaconda3/envs/python-airflow-venv/lib/python3.10/site-packages/airflow/example_dags/example_task_group_decorator.py for tasks to queue
[2023-04-10T17:17:33.014-0400] {logging_mixin.py:137} INFO - [2023-04-10T17:17:33.014-0400] {dagbag.py:538} INFO - Filling up the DagBag from /Users/admin/opt/anaconda3/envs/python-airflow-venv/lib/python3.10/site-packages/airflow/example_dags/example_task_group_decorator.py
[2023-04-10T17:17:33.085-0400] {processor.py:753} INFO - DAG(s) dict_keys(['example_task_group_decorator']) retrieved from /Users/admin/opt/anaconda3/envs/python-airflow-venv/lib/python3.10/site-packages/airflow/example_dags/example_task_group_decorator.py
[2023-04-10T17:17:33.127-0400] {logging_mixin.py:137} WARNING - /Users/admin/opt/anaconda3/envs/python-airflow-venv/lib/python3.10/site-packages/airflow/jobs/scheduler_job.py:124 DeprecationWarning: The processor_poll_interval option in [scheduler] has been renamed to scheduler_idle_sleep_time - the old setting has been used, but please update your config.
[2023-04-10T17:17:33.695-0400] {logging_mixin.py:137} INFO - [2023-04-10T17:17:33.694-0400] {dag.py:2690} INFO - Sync 1 DAGs
[2023-04-10T17:17:33.708-0400] {logging_mixin.py:137} INFO - [2023-04-10T17:17:33.708-0400] {dag.py:3437} INFO - Setting next_dagrun for example_task_group_decorator to 2023-04-09T21:17:33.708613+00:00, run_after=2023-04-10T21:17:33.708613+00:00
[2023-04-10T17:17:33.725-0400] {processor.py:175} INFO - Processing /Users/admin/opt/anaconda3/envs/python-airflow-venv/lib/python3.10/site-packages/airflow/example_dags/example_task_group_decorator.py took 0.718 seconds
[2023-04-10T17:19:28.986-0400] {logging_mixin.py:137} WARNING - /Users/admin/opt/anaconda3/envs/python-airflow-venv/lib/python3.10/site-packages/airflow/settings.py:337 DeprecationWarning: The sql_alchemy_pool_enabled option in [core] has been moved to the sql_alchemy_pool_enabled option in [database] - the old setting has been used, but please update your config.
[2023-04-10T17:19:28.990-0400] {logging_mixin.py:137} WARNING - /Users/admin/opt/anaconda3/envs/python-airflow-venv/lib/python3.10/site-packages/airflow/settings.py:400 DeprecationWarning: The sql_engine_encoding option in [core] has been moved to the sql_engine_encoding option in [database] - the old setting has been used, but please update your config.
[2023-04-10T17:19:28.991-0400] {processor.py:153} INFO - Started process (PID=3243) to work on /Users/admin/opt/anaconda3/envs/python-airflow-venv/lib/python3.10/site-packages/airflow/example_dags/example_task_group_decorator.py
[2023-04-10T17:19:28.991-0400] {processor.py:743} INFO - Processing file /Users/admin/opt/anaconda3/envs/python-airflow-venv/lib/python3.10/site-packages/airflow/example_dags/example_task_group_decorator.py for tasks to queue
[2023-04-10T17:19:28.992-0400] {logging_mixin.py:137} INFO - [2023-04-10T17:19:28.991-0400] {dagbag.py:538} INFO - Filling up the DagBag from /Users/admin/opt/anaconda3/envs/python-airflow-venv/lib/python3.10/site-packages/airflow/example_dags/example_task_group_decorator.py
[2023-04-10T17:19:29.062-0400] {processor.py:753} INFO - DAG(s) dict_keys(['example_task_group_decorator']) retrieved from /Users/admin/opt/anaconda3/envs/python-airflow-venv/lib/python3.10/site-packages/airflow/example_dags/example_task_group_decorator.py
[2023-04-10T17:19:29.104-0400] {logging_mixin.py:137} WARNING - /Users/admin/opt/anaconda3/envs/python-airflow-venv/lib/python3.10/site-packages/airflow/jobs/scheduler_job.py:124 DeprecationWarning: The processor_poll_interval option in [scheduler] has been renamed to scheduler_idle_sleep_time - the old setting has been used, but please update your config.
[2023-04-10T17:19:29.671-0400] {logging_mixin.py:137} INFO - [2023-04-10T17:19:29.670-0400] {dag.py:2690} INFO - Sync 1 DAGs
[2023-04-10T17:19:29.684-0400] {logging_mixin.py:137} INFO - [2023-04-10T17:19:29.684-0400] {dag.py:3437} INFO - Setting next_dagrun for example_task_group_decorator to 2023-04-09T21:19:29.684672+00:00, run_after=2023-04-10T21:19:29.684672+00:00
[2023-04-10T17:19:29.705-0400] {processor.py:175} INFO - Processing /Users/admin/opt/anaconda3/envs/python-airflow-venv/lib/python3.10/site-packages/airflow/example_dags/example_task_group_decorator.py took 0.720 seconds
[2023-04-10T17:21:24.763-0400] {logging_mixin.py:137} WARNING - /Users/admin/opt/anaconda3/envs/python-airflow-venv/lib/python3.10/site-packages/airflow/settings.py:337 DeprecationWarning: The sql_alchemy_pool_enabled option in [core] has been moved to the sql_alchemy_pool_enabled option in [database] - the old setting has been used, but please update your config.
[2023-04-10T17:21:24.768-0400] {logging_mixin.py:137} WARNING - /Users/admin/opt/anaconda3/envs/python-airflow-venv/lib/python3.10/site-packages/airflow/settings.py:400 DeprecationWarning: The sql_engine_encoding option in [core] has been moved to the sql_engine_encoding option in [database] - the old setting has been used, but please update your config.
[2023-04-10T17:21:24.769-0400] {processor.py:153} INFO - Started process (PID=3294) to work on /Users/admin/opt/anaconda3/envs/python-airflow-venv/lib/python3.10/site-packages/airflow/example_dags/example_task_group_decorator.py
[2023-04-10T17:21:24.769-0400] {processor.py:743} INFO - Processing file /Users/admin/opt/anaconda3/envs/python-airflow-venv/lib/python3.10/site-packages/airflow/example_dags/example_task_group_decorator.py for tasks to queue
[2023-04-10T17:21:24.770-0400] {logging_mixin.py:137} INFO - [2023-04-10T17:21:24.769-0400] {dagbag.py:538} INFO - Filling up the DagBag from /Users/admin/opt/anaconda3/envs/python-airflow-venv/lib/python3.10/site-packages/airflow/example_dags/example_task_group_decorator.py
[2023-04-10T17:21:24.841-0400] {processor.py:753} INFO - DAG(s) dict_keys(['example_task_group_decorator']) retrieved from /Users/admin/opt/anaconda3/envs/python-airflow-venv/lib/python3.10/site-packages/airflow/example_dags/example_task_group_decorator.py
[2023-04-10T17:21:24.883-0400] {logging_mixin.py:137} WARNING - /Users/admin/opt/anaconda3/envs/python-airflow-venv/lib/python3.10/site-packages/airflow/jobs/scheduler_job.py:124 DeprecationWarning: The processor_poll_interval option in [scheduler] has been renamed to scheduler_idle_sleep_time - the old setting has been used, but please update your config.
[2023-04-10T17:21:25.450-0400] {logging_mixin.py:137} INFO - [2023-04-10T17:21:25.450-0400] {dag.py:2690} INFO - Sync 1 DAGs
[2023-04-10T17:21:25.464-0400] {logging_mixin.py:137} INFO - [2023-04-10T17:21:25.464-0400] {dag.py:3437} INFO - Setting next_dagrun for example_task_group_decorator to 2023-04-09T21:21:25.464068+00:00, run_after=2023-04-10T21:21:25.464068+00:00
[2023-04-10T17:21:25.484-0400] {processor.py:175} INFO - Processing /Users/admin/opt/anaconda3/envs/python-airflow-venv/lib/python3.10/site-packages/airflow/example_dags/example_task_group_decorator.py took 0.722 seconds
[2023-04-10T17:23:20.468-0400] {logging_mixin.py:137} WARNING - /Users/admin/opt/anaconda3/envs/python-airflow-venv/lib/python3.10/site-packages/airflow/settings.py:337 DeprecationWarning: The sql_alchemy_pool_enabled option in [core] has been moved to the sql_alchemy_pool_enabled option in [database] - the old setting has been used, but please update your config.
[2023-04-10T17:23:20.476-0400] {logging_mixin.py:137} WARNING - /Users/admin/opt/anaconda3/envs/python-airflow-venv/lib/python3.10/site-packages/airflow/settings.py:400 DeprecationWarning: The sql_engine_encoding option in [core] has been moved to the sql_engine_encoding option in [database] - the old setting has been used, but please update your config.
[2023-04-10T17:23:20.477-0400] {processor.py:153} INFO - Started process (PID=3345) to work on /Users/admin/opt/anaconda3/envs/python-airflow-venv/lib/python3.10/site-packages/airflow/example_dags/example_task_group_decorator.py
[2023-04-10T17:23:20.477-0400] {processor.py:743} INFO - Processing file /Users/admin/opt/anaconda3/envs/python-airflow-venv/lib/python3.10/site-packages/airflow/example_dags/example_task_group_decorator.py for tasks to queue
[2023-04-10T17:23:20.478-0400] {logging_mixin.py:137} INFO - [2023-04-10T17:23:20.478-0400] {dagbag.py:538} INFO - Filling up the DagBag from /Users/admin/opt/anaconda3/envs/python-airflow-venv/lib/python3.10/site-packages/airflow/example_dags/example_task_group_decorator.py
[2023-04-10T17:23:20.554-0400] {processor.py:753} INFO - DAG(s) dict_keys(['example_task_group_decorator']) retrieved from /Users/admin/opt/anaconda3/envs/python-airflow-venv/lib/python3.10/site-packages/airflow/example_dags/example_task_group_decorator.py
[2023-04-10T17:23:20.596-0400] {logging_mixin.py:137} WARNING - /Users/admin/opt/anaconda3/envs/python-airflow-venv/lib/python3.10/site-packages/airflow/jobs/scheduler_job.py:124 DeprecationWarning: The processor_poll_interval option in [scheduler] has been renamed to scheduler_idle_sleep_time - the old setting has been used, but please update your config.
[2023-04-10T17:23:21.167-0400] {logging_mixin.py:137} INFO - [2023-04-10T17:23:21.167-0400] {dag.py:2690} INFO - Sync 1 DAGs
[2023-04-10T17:23:21.183-0400] {logging_mixin.py:137} INFO - [2023-04-10T17:23:21.183-0400] {dag.py:3437} INFO - Setting next_dagrun for example_task_group_decorator to 2023-04-09T21:23:21.183298+00:00, run_after=2023-04-10T21:23:21.183298+00:00
[2023-04-10T17:23:21.200-0400] {processor.py:175} INFO - Processing /Users/admin/opt/anaconda3/envs/python-airflow-venv/lib/python3.10/site-packages/airflow/example_dags/example_task_group_decorator.py took 0.734 seconds
[2023-04-10T17:25:16.820-0400] {logging_mixin.py:137} WARNING - /Users/admin/opt/anaconda3/envs/python-airflow-venv/lib/python3.10/site-packages/airflow/settings.py:337 DeprecationWarning: The sql_alchemy_pool_enabled option in [core] has been moved to the sql_alchemy_pool_enabled option in [database] - the old setting has been used, but please update your config.
[2023-04-10T17:25:16.825-0400] {logging_mixin.py:137} WARNING - /Users/admin/opt/anaconda3/envs/python-airflow-venv/lib/python3.10/site-packages/airflow/settings.py:400 DeprecationWarning: The sql_engine_encoding option in [core] has been moved to the sql_engine_encoding option in [database] - the old setting has been used, but please update your config.
[2023-04-10T17:25:16.825-0400] {processor.py:153} INFO - Started process (PID=3405) to work on /Users/admin/opt/anaconda3/envs/python-airflow-venv/lib/python3.10/site-packages/airflow/example_dags/example_task_group_decorator.py
[2023-04-10T17:25:16.825-0400] {processor.py:743} INFO - Processing file /Users/admin/opt/anaconda3/envs/python-airflow-venv/lib/python3.10/site-packages/airflow/example_dags/example_task_group_decorator.py for tasks to queue
[2023-04-10T17:25:16.826-0400] {logging_mixin.py:137} INFO - [2023-04-10T17:25:16.826-0400] {dagbag.py:538} INFO - Filling up the DagBag from /Users/admin/opt/anaconda3/envs/python-airflow-venv/lib/python3.10/site-packages/airflow/example_dags/example_task_group_decorator.py
[2023-04-10T17:25:16.896-0400] {processor.py:753} INFO - DAG(s) dict_keys(['example_task_group_decorator']) retrieved from /Users/admin/opt/anaconda3/envs/python-airflow-venv/lib/python3.10/site-packages/airflow/example_dags/example_task_group_decorator.py
[2023-04-10T17:25:16.938-0400] {logging_mixin.py:137} WARNING - /Users/admin/opt/anaconda3/envs/python-airflow-venv/lib/python3.10/site-packages/airflow/jobs/scheduler_job.py:124 DeprecationWarning: The processor_poll_interval option in [scheduler] has been renamed to scheduler_idle_sleep_time - the old setting has been used, but please update your config.
[2023-04-10T17:25:17.508-0400] {logging_mixin.py:137} INFO - [2023-04-10T17:25:17.508-0400] {dag.py:2690} INFO - Sync 1 DAGs
[2023-04-10T17:25:17.523-0400] {logging_mixin.py:137} INFO - [2023-04-10T17:25:17.523-0400] {dag.py:3437} INFO - Setting next_dagrun for example_task_group_decorator to 2023-04-09T21:25:17.522825+00:00, run_after=2023-04-10T21:25:17.522825+00:00
[2023-04-10T17:25:17.544-0400] {processor.py:175} INFO - Processing /Users/admin/opt/anaconda3/envs/python-airflow-venv/lib/python3.10/site-packages/airflow/example_dags/example_task_group_decorator.py took 0.725 seconds
[2023-04-10T17:27:13.026-0400] {logging_mixin.py:137} WARNING - /Users/admin/opt/anaconda3/envs/python-airflow-venv/lib/python3.10/site-packages/airflow/settings.py:337 DeprecationWarning: The sql_alchemy_pool_enabled option in [core] has been moved to the sql_alchemy_pool_enabled option in [database] - the old setting has been used, but please update your config.
[2023-04-10T17:27:13.030-0400] {logging_mixin.py:137} WARNING - /Users/admin/opt/anaconda3/envs/python-airflow-venv/lib/python3.10/site-packages/airflow/settings.py:400 DeprecationWarning: The sql_engine_encoding option in [core] has been moved to the sql_engine_encoding option in [database] - the old setting has been used, but please update your config.
[2023-04-10T17:27:13.031-0400] {processor.py:153} INFO - Started process (PID=3462) to work on /Users/admin/opt/anaconda3/envs/python-airflow-venv/lib/python3.10/site-packages/airflow/example_dags/example_task_group_decorator.py
[2023-04-10T17:27:13.031-0400] {processor.py:743} INFO - Processing file /Users/admin/opt/anaconda3/envs/python-airflow-venv/lib/python3.10/site-packages/airflow/example_dags/example_task_group_decorator.py for tasks to queue
[2023-04-10T17:27:13.031-0400] {logging_mixin.py:137} INFO - [2023-04-10T17:27:13.031-0400] {dagbag.py:538} INFO - Filling up the DagBag from /Users/admin/opt/anaconda3/envs/python-airflow-venv/lib/python3.10/site-packages/airflow/example_dags/example_task_group_decorator.py
[2023-04-10T17:27:13.100-0400] {processor.py:753} INFO - DAG(s) dict_keys(['example_task_group_decorator']) retrieved from /Users/admin/opt/anaconda3/envs/python-airflow-venv/lib/python3.10/site-packages/airflow/example_dags/example_task_group_decorator.py
[2023-04-10T17:27:13.142-0400] {logging_mixin.py:137} WARNING - /Users/admin/opt/anaconda3/envs/python-airflow-venv/lib/python3.10/site-packages/airflow/jobs/scheduler_job.py:124 DeprecationWarning: The processor_poll_interval option in [scheduler] has been renamed to scheduler_idle_sleep_time - the old setting has been used, but please update your config.
[2023-04-10T17:27:13.709-0400] {logging_mixin.py:137} INFO - [2023-04-10T17:27:13.709-0400] {dag.py:2690} INFO - Sync 1 DAGs
[2023-04-10T17:27:13.723-0400] {logging_mixin.py:137} INFO - [2023-04-10T17:27:13.723-0400] {dag.py:3437} INFO - Setting next_dagrun for example_task_group_decorator to 2023-04-09T21:27:13.723178+00:00, run_after=2023-04-10T21:27:13.723178+00:00
[2023-04-10T17:27:13.738-0400] {processor.py:175} INFO - Processing /Users/admin/opt/anaconda3/envs/python-airflow-venv/lib/python3.10/site-packages/airflow/example_dags/example_task_group_decorator.py took 0.714 seconds
[2023-04-10T17:29:10.647-0400] {logging_mixin.py:137} WARNING - /Users/admin/opt/anaconda3/envs/python-airflow-venv/lib/python3.10/site-packages/airflow/settings.py:337 DeprecationWarning: The sql_alchemy_pool_enabled option in [core] has been moved to the sql_alchemy_pool_enabled option in [database] - the old setting has been used, but please update your config.
[2023-04-10T17:29:10.654-0400] {logging_mixin.py:137} WARNING - /Users/admin/opt/anaconda3/envs/python-airflow-venv/lib/python3.10/site-packages/airflow/settings.py:400 DeprecationWarning: The sql_engine_encoding option in [core] has been moved to the sql_engine_encoding option in [database] - the old setting has been used, but please update your config.
[2023-04-10T17:29:10.655-0400] {processor.py:153} INFO - Started process (PID=3540) to work on /Users/admin/opt/anaconda3/envs/python-airflow-venv/lib/python3.10/site-packages/airflow/example_dags/example_task_group_decorator.py
[2023-04-10T17:29:10.655-0400] {processor.py:743} INFO - Processing file /Users/admin/opt/anaconda3/envs/python-airflow-venv/lib/python3.10/site-packages/airflow/example_dags/example_task_group_decorator.py for tasks to queue
[2023-04-10T17:29:10.655-0400] {logging_mixin.py:137} INFO - [2023-04-10T17:29:10.655-0400] {dagbag.py:538} INFO - Filling up the DagBag from /Users/admin/opt/anaconda3/envs/python-airflow-venv/lib/python3.10/site-packages/airflow/example_dags/example_task_group_decorator.py
[2023-04-10T17:29:10.733-0400] {processor.py:753} INFO - DAG(s) dict_keys(['example_task_group_decorator']) retrieved from /Users/admin/opt/anaconda3/envs/python-airflow-venv/lib/python3.10/site-packages/airflow/example_dags/example_task_group_decorator.py
[2023-04-10T17:29:10.776-0400] {logging_mixin.py:137} WARNING - /Users/admin/opt/anaconda3/envs/python-airflow-venv/lib/python3.10/site-packages/airflow/jobs/scheduler_job.py:124 DeprecationWarning: The processor_poll_interval option in [scheduler] has been renamed to scheduler_idle_sleep_time - the old setting has been used, but please update your config.
[2023-04-10T17:29:11.348-0400] {logging_mixin.py:137} INFO - [2023-04-10T17:29:11.348-0400] {dag.py:2690} INFO - Sync 1 DAGs
[2023-04-10T17:29:11.365-0400] {logging_mixin.py:137} INFO - [2023-04-10T17:29:11.365-0400] {dag.py:3437} INFO - Setting next_dagrun for example_task_group_decorator to 2023-04-09T21:29:11.365136+00:00, run_after=2023-04-10T21:29:11.365136+00:00
[2023-04-10T17:29:11.383-0400] {processor.py:175} INFO - Processing /Users/admin/opt/anaconda3/envs/python-airflow-venv/lib/python3.10/site-packages/airflow/example_dags/example_task_group_decorator.py took 0.736 seconds
[2023-04-10T17:31:07.082-0400] {logging_mixin.py:137} WARNING - /Users/admin/opt/anaconda3/envs/python-airflow-venv/lib/python3.10/site-packages/airflow/settings.py:337 DeprecationWarning: The sql_alchemy_pool_enabled option in [core] has been moved to the sql_alchemy_pool_enabled option in [database] - the old setting has been used, but please update your config.
[2023-04-10T17:31:07.087-0400] {logging_mixin.py:137} WARNING - /Users/admin/opt/anaconda3/envs/python-airflow-venv/lib/python3.10/site-packages/airflow/settings.py:400 DeprecationWarning: The sql_engine_encoding option in [core] has been moved to the sql_engine_encoding option in [database] - the old setting has been used, but please update your config.
[2023-04-10T17:31:07.087-0400] {processor.py:153} INFO - Started process (PID=3604) to work on /Users/admin/opt/anaconda3/envs/python-airflow-venv/lib/python3.10/site-packages/airflow/example_dags/example_task_group_decorator.py
[2023-04-10T17:31:07.087-0400] {processor.py:743} INFO - Processing file /Users/admin/opt/anaconda3/envs/python-airflow-venv/lib/python3.10/site-packages/airflow/example_dags/example_task_group_decorator.py for tasks to queue
[2023-04-10T17:31:07.088-0400] {logging_mixin.py:137} INFO - [2023-04-10T17:31:07.088-0400] {dagbag.py:538} INFO - Filling up the DagBag from /Users/admin/opt/anaconda3/envs/python-airflow-venv/lib/python3.10/site-packages/airflow/example_dags/example_task_group_decorator.py
[2023-04-10T17:31:07.162-0400] {processor.py:753} INFO - DAG(s) dict_keys(['example_task_group_decorator']) retrieved from /Users/admin/opt/anaconda3/envs/python-airflow-venv/lib/python3.10/site-packages/airflow/example_dags/example_task_group_decorator.py
[2023-04-10T17:31:07.206-0400] {logging_mixin.py:137} WARNING - /Users/admin/opt/anaconda3/envs/python-airflow-venv/lib/python3.10/site-packages/airflow/jobs/scheduler_job.py:124 DeprecationWarning: The processor_poll_interval option in [scheduler] has been renamed to scheduler_idle_sleep_time - the old setting has been used, but please update your config.
[2023-04-10T17:31:07.767-0400] {logging_mixin.py:137} INFO - [2023-04-10T17:31:07.766-0400] {dag.py:2690} INFO - Sync 1 DAGs
[2023-04-10T17:31:07.780-0400] {logging_mixin.py:137} INFO - [2023-04-10T17:31:07.780-0400] {dag.py:3437} INFO - Setting next_dagrun for example_task_group_decorator to 2023-04-09T21:31:07.780599+00:00, run_after=2023-04-10T21:31:07.780599+00:00
[2023-04-10T17:31:07.800-0400] {processor.py:175} INFO - Processing /Users/admin/opt/anaconda3/envs/python-airflow-venv/lib/python3.10/site-packages/airflow/example_dags/example_task_group_decorator.py took 0.719 seconds
[2023-04-10T17:33:03.196-0400] {logging_mixin.py:137} WARNING - /Users/admin/opt/anaconda3/envs/python-airflow-venv/lib/python3.10/site-packages/airflow/settings.py:337 DeprecationWarning: The sql_alchemy_pool_enabled option in [core] has been moved to the sql_alchemy_pool_enabled option in [database] - the old setting has been used, but please update your config.
[2023-04-10T17:33:03.200-0400] {logging_mixin.py:137} WARNING - /Users/admin/opt/anaconda3/envs/python-airflow-venv/lib/python3.10/site-packages/airflow/settings.py:400 DeprecationWarning: The sql_engine_encoding option in [core] has been moved to the sql_engine_encoding option in [database] - the old setting has been used, but please update your config.
[2023-04-10T17:33:03.201-0400] {processor.py:153} INFO - Started process (PID=3656) to work on /Users/admin/opt/anaconda3/envs/python-airflow-venv/lib/python3.10/site-packages/airflow/example_dags/example_task_group_decorator.py
[2023-04-10T17:33:03.201-0400] {processor.py:743} INFO - Processing file /Users/admin/opt/anaconda3/envs/python-airflow-venv/lib/python3.10/site-packages/airflow/example_dags/example_task_group_decorator.py for tasks to queue
[2023-04-10T17:33:03.202-0400] {logging_mixin.py:137} INFO - [2023-04-10T17:33:03.202-0400] {dagbag.py:538} INFO - Filling up the DagBag from /Users/admin/opt/anaconda3/envs/python-airflow-venv/lib/python3.10/site-packages/airflow/example_dags/example_task_group_decorator.py
[2023-04-10T17:33:03.289-0400] {processor.py:753} INFO - DAG(s) dict_keys(['example_task_group_decorator']) retrieved from /Users/admin/opt/anaconda3/envs/python-airflow-venv/lib/python3.10/site-packages/airflow/example_dags/example_task_group_decorator.py
[2023-04-10T17:33:03.340-0400] {logging_mixin.py:137} WARNING - /Users/admin/opt/anaconda3/envs/python-airflow-venv/lib/python3.10/site-packages/airflow/jobs/scheduler_job.py:124 DeprecationWarning: The processor_poll_interval option in [scheduler] has been renamed to scheduler_idle_sleep_time - the old setting has been used, but please update your config.
[2023-04-10T17:33:03.953-0400] {logging_mixin.py:137} INFO - [2023-04-10T17:33:03.952-0400] {dag.py:2690} INFO - Sync 1 DAGs
[2023-04-10T17:33:03.966-0400] {logging_mixin.py:137} INFO - [2023-04-10T17:33:03.966-0400] {dag.py:3437} INFO - Setting next_dagrun for example_task_group_decorator to 2023-04-09T21:33:03.966694+00:00, run_after=2023-04-10T21:33:03.966694+00:00
[2023-04-10T17:33:03.983-0400] {processor.py:175} INFO - Processing /Users/admin/opt/anaconda3/envs/python-airflow-venv/lib/python3.10/site-packages/airflow/example_dags/example_task_group_decorator.py took 0.788 seconds
[2023-04-10T17:35:00.768-0400] {logging_mixin.py:137} WARNING - /Users/admin/opt/anaconda3/envs/python-airflow-venv/lib/python3.10/site-packages/airflow/settings.py:337 DeprecationWarning: The sql_alchemy_pool_enabled option in [core] has been moved to the sql_alchemy_pool_enabled option in [database] - the old setting has been used, but please update your config.
[2023-04-10T17:35:00.773-0400] {logging_mixin.py:137} WARNING - /Users/admin/opt/anaconda3/envs/python-airflow-venv/lib/python3.10/site-packages/airflow/settings.py:400 DeprecationWarning: The sql_engine_encoding option in [core] has been moved to the sql_engine_encoding option in [database] - the old setting has been used, but please update your config.
[2023-04-10T17:35:00.773-0400] {processor.py:153} INFO - Started process (PID=3732) to work on /Users/admin/opt/anaconda3/envs/python-airflow-venv/lib/python3.10/site-packages/airflow/example_dags/example_task_group_decorator.py
[2023-04-10T17:35:00.773-0400] {processor.py:743} INFO - Processing file /Users/admin/opt/anaconda3/envs/python-airflow-venv/lib/python3.10/site-packages/airflow/example_dags/example_task_group_decorator.py for tasks to queue
[2023-04-10T17:35:00.774-0400] {logging_mixin.py:137} INFO - [2023-04-10T17:35:00.774-0400] {dagbag.py:538} INFO - Filling up the DagBag from /Users/admin/opt/anaconda3/envs/python-airflow-venv/lib/python3.10/site-packages/airflow/example_dags/example_task_group_decorator.py
[2023-04-10T17:35:00.846-0400] {processor.py:753} INFO - DAG(s) dict_keys(['example_task_group_decorator']) retrieved from /Users/admin/opt/anaconda3/envs/python-airflow-venv/lib/python3.10/site-packages/airflow/example_dags/example_task_group_decorator.py
[2023-04-10T17:35:00.888-0400] {logging_mixin.py:137} WARNING - /Users/admin/opt/anaconda3/envs/python-airflow-venv/lib/python3.10/site-packages/airflow/jobs/scheduler_job.py:124 DeprecationWarning: The processor_poll_interval option in [scheduler] has been renamed to scheduler_idle_sleep_time - the old setting has been used, but please update your config.
[2023-04-10T17:35:01.458-0400] {logging_mixin.py:137} INFO - [2023-04-10T17:35:01.458-0400] {dag.py:2690} INFO - Sync 1 DAGs
[2023-04-10T17:35:01.472-0400] {logging_mixin.py:137} INFO - [2023-04-10T17:35:01.472-0400] {dag.py:3437} INFO - Setting next_dagrun for example_task_group_decorator to 2023-04-09T21:35:01.472183+00:00, run_after=2023-04-10T21:35:01.472183+00:00
[2023-04-10T17:35:01.489-0400] {processor.py:175} INFO - Processing /Users/admin/opt/anaconda3/envs/python-airflow-venv/lib/python3.10/site-packages/airflow/example_dags/example_task_group_decorator.py took 0.721 seconds
[2023-04-10T17:36:56.713-0400] {logging_mixin.py:137} WARNING - /Users/admin/opt/anaconda3/envs/python-airflow-venv/lib/python3.10/site-packages/airflow/settings.py:337 DeprecationWarning: The sql_alchemy_pool_enabled option in [core] has been moved to the sql_alchemy_pool_enabled option in [database] - the old setting has been used, but please update your config.
[2023-04-10T17:36:56.717-0400] {logging_mixin.py:137} WARNING - /Users/admin/opt/anaconda3/envs/python-airflow-venv/lib/python3.10/site-packages/airflow/settings.py:400 DeprecationWarning: The sql_engine_encoding option in [core] has been moved to the sql_engine_encoding option in [database] - the old setting has been used, but please update your config.
[2023-04-10T17:36:56.718-0400] {processor.py:153} INFO - Started process (PID=3783) to work on /Users/admin/opt/anaconda3/envs/python-airflow-venv/lib/python3.10/site-packages/airflow/example_dags/example_task_group_decorator.py
[2023-04-10T17:36:56.718-0400] {processor.py:743} INFO - Processing file /Users/admin/opt/anaconda3/envs/python-airflow-venv/lib/python3.10/site-packages/airflow/example_dags/example_task_group_decorator.py for tasks to queue
[2023-04-10T17:36:56.719-0400] {logging_mixin.py:137} INFO - [2023-04-10T17:36:56.718-0400] {dagbag.py:538} INFO - Filling up the DagBag from /Users/admin/opt/anaconda3/envs/python-airflow-venv/lib/python3.10/site-packages/airflow/example_dags/example_task_group_decorator.py
[2023-04-10T17:36:56.790-0400] {processor.py:753} INFO - DAG(s) dict_keys(['example_task_group_decorator']) retrieved from /Users/admin/opt/anaconda3/envs/python-airflow-venv/lib/python3.10/site-packages/airflow/example_dags/example_task_group_decorator.py
[2023-04-10T17:36:56.832-0400] {logging_mixin.py:137} WARNING - /Users/admin/opt/anaconda3/envs/python-airflow-venv/lib/python3.10/site-packages/airflow/jobs/scheduler_job.py:124 DeprecationWarning: The processor_poll_interval option in [scheduler] has been renamed to scheduler_idle_sleep_time - the old setting has been used, but please update your config.
[2023-04-10T17:36:57.398-0400] {logging_mixin.py:137} INFO - [2023-04-10T17:36:57.398-0400] {dag.py:2690} INFO - Sync 1 DAGs
[2023-04-10T17:36:57.412-0400] {logging_mixin.py:137} INFO - [2023-04-10T17:36:57.412-0400] {dag.py:3437} INFO - Setting next_dagrun for example_task_group_decorator to 2023-04-09T21:36:57.412160+00:00, run_after=2023-04-10T21:36:57.412160+00:00
[2023-04-10T17:36:57.430-0400] {processor.py:175} INFO - Processing /Users/admin/opt/anaconda3/envs/python-airflow-venv/lib/python3.10/site-packages/airflow/example_dags/example_task_group_decorator.py took 0.718 seconds
[2023-04-10T17:38:52.620-0400] {logging_mixin.py:137} WARNING - /Users/admin/opt/anaconda3/envs/python-airflow-venv/lib/python3.10/site-packages/airflow/settings.py:337 DeprecationWarning: The sql_alchemy_pool_enabled option in [core] has been moved to the sql_alchemy_pool_enabled option in [database] - the old setting has been used, but please update your config.
[2023-04-10T17:38:52.625-0400] {logging_mixin.py:137} WARNING - /Users/admin/opt/anaconda3/envs/python-airflow-venv/lib/python3.10/site-packages/airflow/settings.py:400 DeprecationWarning: The sql_engine_encoding option in [core] has been moved to the sql_engine_encoding option in [database] - the old setting has been used, but please update your config.
[2023-04-10T17:38:52.626-0400] {processor.py:153} INFO - Started process (PID=3834) to work on /Users/admin/opt/anaconda3/envs/python-airflow-venv/lib/python3.10/site-packages/airflow/example_dags/example_task_group_decorator.py
[2023-04-10T17:38:52.626-0400] {processor.py:743} INFO - Processing file /Users/admin/opt/anaconda3/envs/python-airflow-venv/lib/python3.10/site-packages/airflow/example_dags/example_task_group_decorator.py for tasks to queue
[2023-04-10T17:38:52.626-0400] {logging_mixin.py:137} INFO - [2023-04-10T17:38:52.626-0400] {dagbag.py:538} INFO - Filling up the DagBag from /Users/admin/opt/anaconda3/envs/python-airflow-venv/lib/python3.10/site-packages/airflow/example_dags/example_task_group_decorator.py
[2023-04-10T17:38:52.695-0400] {processor.py:753} INFO - DAG(s) dict_keys(['example_task_group_decorator']) retrieved from /Users/admin/opt/anaconda3/envs/python-airflow-venv/lib/python3.10/site-packages/airflow/example_dags/example_task_group_decorator.py
[2023-04-10T17:38:52.738-0400] {logging_mixin.py:137} WARNING - /Users/admin/opt/anaconda3/envs/python-airflow-venv/lib/python3.10/site-packages/airflow/jobs/scheduler_job.py:124 DeprecationWarning: The processor_poll_interval option in [scheduler] has been renamed to scheduler_idle_sleep_time - the old setting has been used, but please update your config.
[2023-04-10T17:38:53.304-0400] {logging_mixin.py:137} INFO - [2023-04-10T17:38:53.304-0400] {dag.py:2690} INFO - Sync 1 DAGs
[2023-04-10T17:38:53.318-0400] {logging_mixin.py:137} INFO - [2023-04-10T17:38:53.317-0400] {dag.py:3437} INFO - Setting next_dagrun for example_task_group_decorator to 2023-04-09T21:38:53.317844+00:00, run_after=2023-04-10T21:38:53.317844+00:00
[2023-04-10T17:38:53.337-0400] {processor.py:175} INFO - Processing /Users/admin/opt/anaconda3/envs/python-airflow-venv/lib/python3.10/site-packages/airflow/example_dags/example_task_group_decorator.py took 0.719 seconds
[2023-04-10T17:40:49.739-0400] {logging_mixin.py:137} WARNING - /Users/admin/opt/anaconda3/envs/python-airflow-venv/lib/python3.10/site-packages/airflow/settings.py:337 DeprecationWarning: The sql_alchemy_pool_enabled option in [core] has been moved to the sql_alchemy_pool_enabled option in [database] - the old setting has been used, but please update your config.
[2023-04-10T17:40:49.744-0400] {logging_mixin.py:137} WARNING - /Users/admin/opt/anaconda3/envs/python-airflow-venv/lib/python3.10/site-packages/airflow/settings.py:400 DeprecationWarning: The sql_engine_encoding option in [core] has been moved to the sql_engine_encoding option in [database] - the old setting has been used, but please update your config.
[2023-04-10T17:40:49.745-0400] {processor.py:153} INFO - Started process (PID=3890) to work on /Users/admin/opt/anaconda3/envs/python-airflow-venv/lib/python3.10/site-packages/airflow/example_dags/example_task_group_decorator.py
[2023-04-10T17:40:49.745-0400] {processor.py:743} INFO - Processing file /Users/admin/opt/anaconda3/envs/python-airflow-venv/lib/python3.10/site-packages/airflow/example_dags/example_task_group_decorator.py for tasks to queue
[2023-04-10T17:40:49.745-0400] {logging_mixin.py:137} INFO - [2023-04-10T17:40:49.745-0400] {dagbag.py:538} INFO - Filling up the DagBag from /Users/admin/opt/anaconda3/envs/python-airflow-venv/lib/python3.10/site-packages/airflow/example_dags/example_task_group_decorator.py
[2023-04-10T17:40:49.825-0400] {processor.py:753} INFO - DAG(s) dict_keys(['example_task_group_decorator']) retrieved from /Users/admin/opt/anaconda3/envs/python-airflow-venv/lib/python3.10/site-packages/airflow/example_dags/example_task_group_decorator.py
[2023-04-10T17:40:49.872-0400] {logging_mixin.py:137} WARNING - /Users/admin/opt/anaconda3/envs/python-airflow-venv/lib/python3.10/site-packages/airflow/jobs/scheduler_job.py:124 DeprecationWarning: The processor_poll_interval option in [scheduler] has been renamed to scheduler_idle_sleep_time - the old setting has been used, but please update your config.
[2023-04-10T17:40:50.509-0400] {logging_mixin.py:137} INFO - [2023-04-10T17:40:50.508-0400] {dag.py:2690} INFO - Sync 1 DAGs
[2023-04-10T17:40:50.523-0400] {logging_mixin.py:137} INFO - [2023-04-10T17:40:50.523-0400] {dag.py:3437} INFO - Setting next_dagrun for example_task_group_decorator to 2023-04-09T21:40:50.523429+00:00, run_after=2023-04-10T21:40:50.523429+00:00
[2023-04-10T17:40:50.542-0400] {processor.py:175} INFO - Processing /Users/admin/opt/anaconda3/envs/python-airflow-venv/lib/python3.10/site-packages/airflow/example_dags/example_task_group_decorator.py took 0.804 seconds
[2023-04-10T17:42:46.228-0400] {logging_mixin.py:137} WARNING - /Users/admin/opt/anaconda3/envs/python-airflow-venv/lib/python3.10/site-packages/airflow/settings.py:337 DeprecationWarning: The sql_alchemy_pool_enabled option in [core] has been moved to the sql_alchemy_pool_enabled option in [database] - the old setting has been used, but please update your config.
[2023-04-10T17:42:46.234-0400] {logging_mixin.py:137} WARNING - /Users/admin/opt/anaconda3/envs/python-airflow-venv/lib/python3.10/site-packages/airflow/settings.py:400 DeprecationWarning: The sql_engine_encoding option in [core] has been moved to the sql_engine_encoding option in [database] - the old setting has been used, but please update your config.
[2023-04-10T17:42:46.235-0400] {processor.py:153} INFO - Started process (PID=3941) to work on /Users/admin/opt/anaconda3/envs/python-airflow-venv/lib/python3.10/site-packages/airflow/example_dags/example_task_group_decorator.py
[2023-04-10T17:42:46.236-0400] {processor.py:743} INFO - Processing file /Users/admin/opt/anaconda3/envs/python-airflow-venv/lib/python3.10/site-packages/airflow/example_dags/example_task_group_decorator.py for tasks to queue
[2023-04-10T17:42:46.236-0400] {logging_mixin.py:137} INFO - [2023-04-10T17:42:46.236-0400] {dagbag.py:538} INFO - Filling up the DagBag from /Users/admin/opt/anaconda3/envs/python-airflow-venv/lib/python3.10/site-packages/airflow/example_dags/example_task_group_decorator.py
[2023-04-10T17:42:46.320-0400] {processor.py:753} INFO - DAG(s) dict_keys(['example_task_group_decorator']) retrieved from /Users/admin/opt/anaconda3/envs/python-airflow-venv/lib/python3.10/site-packages/airflow/example_dags/example_task_group_decorator.py
[2023-04-10T17:42:46.365-0400] {logging_mixin.py:137} WARNING - /Users/admin/opt/anaconda3/envs/python-airflow-venv/lib/python3.10/site-packages/airflow/jobs/scheduler_job.py:124 DeprecationWarning: The processor_poll_interval option in [scheduler] has been renamed to scheduler_idle_sleep_time - the old setting has been used, but please update your config.
[2023-04-10T17:42:46.935-0400] {logging_mixin.py:137} INFO - [2023-04-10T17:42:46.935-0400] {dag.py:2690} INFO - Sync 1 DAGs
[2023-04-10T17:42:46.949-0400] {logging_mixin.py:137} INFO - [2023-04-10T17:42:46.949-0400] {dag.py:3437} INFO - Setting next_dagrun for example_task_group_decorator to 2023-04-09T21:42:46.949070+00:00, run_after=2023-04-10T21:42:46.949070+00:00
[2023-04-10T17:42:46.968-0400] {processor.py:175} INFO - Processing /Users/admin/opt/anaconda3/envs/python-airflow-venv/lib/python3.10/site-packages/airflow/example_dags/example_task_group_decorator.py took 0.742 seconds
[2023-04-10T17:44:39.360-0400] {logging_mixin.py:137} WARNING - /Users/admin/opt/anaconda3/envs/python-airflow-venv/lib/python3.10/site-packages/airflow/settings.py:337 DeprecationWarning: The sql_alchemy_pool_enabled option in [core] has been moved to the sql_alchemy_pool_enabled option in [database] - the old setting has been used, but please update your config.
[2023-04-10T17:44:39.364-0400] {logging_mixin.py:137} WARNING - /Users/admin/opt/anaconda3/envs/python-airflow-venv/lib/python3.10/site-packages/airflow/settings.py:400 DeprecationWarning: The sql_engine_encoding option in [core] has been moved to the sql_engine_encoding option in [database] - the old setting has been used, but please update your config.
[2023-04-10T17:44:39.365-0400] {processor.py:153} INFO - Started process (PID=3991) to work on /Users/admin/opt/anaconda3/envs/python-airflow-venv/lib/python3.10/site-packages/airflow/example_dags/example_task_group_decorator.py
[2023-04-10T17:44:39.365-0400] {processor.py:743} INFO - Processing file /Users/admin/opt/anaconda3/envs/python-airflow-venv/lib/python3.10/site-packages/airflow/example_dags/example_task_group_decorator.py for tasks to queue
[2023-04-10T17:44:39.365-0400] {logging_mixin.py:137} INFO - [2023-04-10T17:44:39.365-0400] {dagbag.py:538} INFO - Filling up the DagBag from /Users/admin/opt/anaconda3/envs/python-airflow-venv/lib/python3.10/site-packages/airflow/example_dags/example_task_group_decorator.py
[2023-04-10T17:44:39.436-0400] {processor.py:753} INFO - DAG(s) dict_keys(['example_task_group_decorator']) retrieved from /Users/admin/opt/anaconda3/envs/python-airflow-venv/lib/python3.10/site-packages/airflow/example_dags/example_task_group_decorator.py
[2023-04-10T17:44:39.478-0400] {logging_mixin.py:137} WARNING - /Users/admin/opt/anaconda3/envs/python-airflow-venv/lib/python3.10/site-packages/airflow/jobs/scheduler_job.py:124 DeprecationWarning: The processor_poll_interval option in [scheduler] has been renamed to scheduler_idle_sleep_time - the old setting has been used, but please update your config.
[2023-04-10T17:44:40.044-0400] {logging_mixin.py:137} INFO - [2023-04-10T17:44:40.044-0400] {dag.py:2690} INFO - Sync 1 DAGs
[2023-04-10T17:44:40.065-0400] {logging_mixin.py:137} INFO - [2023-04-10T17:44:40.065-0400] {dag.py:3437} INFO - Setting next_dagrun for example_task_group_decorator to 2023-04-09T21:44:40.065072+00:00, run_after=2023-04-10T21:44:40.065072+00:00
[2023-04-10T17:44:40.083-0400] {processor.py:175} INFO - Processing /Users/admin/opt/anaconda3/envs/python-airflow-venv/lib/python3.10/site-packages/airflow/example_dags/example_task_group_decorator.py took 0.724 seconds
[2023-04-10T17:46:35.362-0400] {logging_mixin.py:137} WARNING - /Users/admin/opt/anaconda3/envs/python-airflow-venv/lib/python3.10/site-packages/airflow/settings.py:337 DeprecationWarning: The sql_alchemy_pool_enabled option in [core] has been moved to the sql_alchemy_pool_enabled option in [database] - the old setting has been used, but please update your config.
[2023-04-10T17:46:35.367-0400] {logging_mixin.py:137} WARNING - /Users/admin/opt/anaconda3/envs/python-airflow-venv/lib/python3.10/site-packages/airflow/settings.py:400 DeprecationWarning: The sql_engine_encoding option in [core] has been moved to the sql_engine_encoding option in [database] - the old setting has been used, but please update your config.
[2023-04-10T17:46:35.367-0400] {processor.py:153} INFO - Started process (PID=4046) to work on /Users/admin/opt/anaconda3/envs/python-airflow-venv/lib/python3.10/site-packages/airflow/example_dags/example_task_group_decorator.py
[2023-04-10T17:46:35.367-0400] {processor.py:743} INFO - Processing file /Users/admin/opt/anaconda3/envs/python-airflow-venv/lib/python3.10/site-packages/airflow/example_dags/example_task_group_decorator.py for tasks to queue
[2023-04-10T17:46:35.368-0400] {logging_mixin.py:137} INFO - [2023-04-10T17:46:35.368-0400] {dagbag.py:538} INFO - Filling up the DagBag from /Users/admin/opt/anaconda3/envs/python-airflow-venv/lib/python3.10/site-packages/airflow/example_dags/example_task_group_decorator.py
[2023-04-10T17:46:35.440-0400] {processor.py:753} INFO - DAG(s) dict_keys(['example_task_group_decorator']) retrieved from /Users/admin/opt/anaconda3/envs/python-airflow-venv/lib/python3.10/site-packages/airflow/example_dags/example_task_group_decorator.py
[2023-04-10T17:46:35.482-0400] {logging_mixin.py:137} WARNING - /Users/admin/opt/anaconda3/envs/python-airflow-venv/lib/python3.10/site-packages/airflow/jobs/scheduler_job.py:124 DeprecationWarning: The processor_poll_interval option in [scheduler] has been renamed to scheduler_idle_sleep_time - the old setting has been used, but please update your config.
[2023-04-10T17:46:36.049-0400] {logging_mixin.py:137} INFO - [2023-04-10T17:46:36.049-0400] {dag.py:2690} INFO - Sync 1 DAGs
[2023-04-10T17:46:36.063-0400] {logging_mixin.py:137} INFO - [2023-04-10T17:46:36.063-0400] {dag.py:3437} INFO - Setting next_dagrun for example_task_group_decorator to 2023-04-09T21:46:36.063316+00:00, run_after=2023-04-10T21:46:36.063316+00:00
[2023-04-10T17:46:36.084-0400] {processor.py:175} INFO - Processing /Users/admin/opt/anaconda3/envs/python-airflow-venv/lib/python3.10/site-packages/airflow/example_dags/example_task_group_decorator.py took 0.722 seconds
[2023-04-10T17:48:31.584-0400] {logging_mixin.py:137} WARNING - /Users/admin/opt/anaconda3/envs/python-airflow-venv/lib/python3.10/site-packages/airflow/settings.py:337 DeprecationWarning: The sql_alchemy_pool_enabled option in [core] has been moved to the sql_alchemy_pool_enabled option in [database] - the old setting has been used, but please update your config.
[2023-04-10T17:48:31.589-0400] {logging_mixin.py:137} WARNING - /Users/admin/opt/anaconda3/envs/python-airflow-venv/lib/python3.10/site-packages/airflow/settings.py:400 DeprecationWarning: The sql_engine_encoding option in [core] has been moved to the sql_engine_encoding option in [database] - the old setting has been used, but please update your config.
[2023-04-10T17:48:31.589-0400] {processor.py:153} INFO - Started process (PID=4096) to work on /Users/admin/opt/anaconda3/envs/python-airflow-venv/lib/python3.10/site-packages/airflow/example_dags/example_task_group_decorator.py
[2023-04-10T17:48:31.589-0400] {processor.py:743} INFO - Processing file /Users/admin/opt/anaconda3/envs/python-airflow-venv/lib/python3.10/site-packages/airflow/example_dags/example_task_group_decorator.py for tasks to queue
[2023-04-10T17:48:31.590-0400] {logging_mixin.py:137} INFO - [2023-04-10T17:48:31.590-0400] {dagbag.py:538} INFO - Filling up the DagBag from /Users/admin/opt/anaconda3/envs/python-airflow-venv/lib/python3.10/site-packages/airflow/example_dags/example_task_group_decorator.py
[2023-04-10T17:48:31.661-0400] {processor.py:753} INFO - DAG(s) dict_keys(['example_task_group_decorator']) retrieved from /Users/admin/opt/anaconda3/envs/python-airflow-venv/lib/python3.10/site-packages/airflow/example_dags/example_task_group_decorator.py
[2023-04-10T17:48:31.703-0400] {logging_mixin.py:137} WARNING - /Users/admin/opt/anaconda3/envs/python-airflow-venv/lib/python3.10/site-packages/airflow/jobs/scheduler_job.py:124 DeprecationWarning: The processor_poll_interval option in [scheduler] has been renamed to scheduler_idle_sleep_time - the old setting has been used, but please update your config.
[2023-04-10T17:48:32.270-0400] {logging_mixin.py:137} INFO - [2023-04-10T17:48:32.270-0400] {dag.py:2690} INFO - Sync 1 DAGs
[2023-04-10T17:48:32.284-0400] {logging_mixin.py:137} INFO - [2023-04-10T17:48:32.284-0400] {dag.py:3437} INFO - Setting next_dagrun for example_task_group_decorator to 2023-04-09T21:48:32.284136+00:00, run_after=2023-04-10T21:48:32.284136+00:00
[2023-04-10T17:48:32.299-0400] {processor.py:175} INFO - Processing /Users/admin/opt/anaconda3/envs/python-airflow-venv/lib/python3.10/site-packages/airflow/example_dags/example_task_group_decorator.py took 0.716 seconds
[2023-04-10T17:50:27.255-0400] {logging_mixin.py:137} WARNING - /Users/admin/opt/anaconda3/envs/python-airflow-venv/lib/python3.10/site-packages/airflow/settings.py:337 DeprecationWarning: The sql_alchemy_pool_enabled option in [core] has been moved to the sql_alchemy_pool_enabled option in [database] - the old setting has been used, but please update your config.
[2023-04-10T17:50:27.260-0400] {logging_mixin.py:137} WARNING - /Users/admin/opt/anaconda3/envs/python-airflow-venv/lib/python3.10/site-packages/airflow/settings.py:400 DeprecationWarning: The sql_engine_encoding option in [core] has been moved to the sql_engine_encoding option in [database] - the old setting has been used, but please update your config.
[2023-04-10T17:50:27.260-0400] {processor.py:153} INFO - Started process (PID=4147) to work on /Users/admin/opt/anaconda3/envs/python-airflow-venv/lib/python3.10/site-packages/airflow/example_dags/example_task_group_decorator.py
[2023-04-10T17:50:27.260-0400] {processor.py:743} INFO - Processing file /Users/admin/opt/anaconda3/envs/python-airflow-venv/lib/python3.10/site-packages/airflow/example_dags/example_task_group_decorator.py for tasks to queue
[2023-04-10T17:50:27.261-0400] {logging_mixin.py:137} INFO - [2023-04-10T17:50:27.261-0400] {dagbag.py:538} INFO - Filling up the DagBag from /Users/admin/opt/anaconda3/envs/python-airflow-venv/lib/python3.10/site-packages/airflow/example_dags/example_task_group_decorator.py
[2023-04-10T17:50:27.331-0400] {processor.py:753} INFO - DAG(s) dict_keys(['example_task_group_decorator']) retrieved from /Users/admin/opt/anaconda3/envs/python-airflow-venv/lib/python3.10/site-packages/airflow/example_dags/example_task_group_decorator.py
[2023-04-10T17:50:27.373-0400] {logging_mixin.py:137} WARNING - /Users/admin/opt/anaconda3/envs/python-airflow-venv/lib/python3.10/site-packages/airflow/jobs/scheduler_job.py:124 DeprecationWarning: The processor_poll_interval option in [scheduler] has been renamed to scheduler_idle_sleep_time - the old setting has been used, but please update your config.
[2023-04-10T17:50:27.936-0400] {logging_mixin.py:137} INFO - [2023-04-10T17:50:27.935-0400] {dag.py:2690} INFO - Sync 1 DAGs
[2023-04-10T17:50:27.949-0400] {logging_mixin.py:137} INFO - [2023-04-10T17:50:27.949-0400] {dag.py:3437} INFO - Setting next_dagrun for example_task_group_decorator to 2023-04-09T21:50:27.949663+00:00, run_after=2023-04-10T21:50:27.949663+00:00
[2023-04-10T17:50:27.968-0400] {processor.py:175} INFO - Processing /Users/admin/opt/anaconda3/envs/python-airflow-venv/lib/python3.10/site-packages/airflow/example_dags/example_task_group_decorator.py took 0.714 seconds
[2023-04-10T17:52:23.218-0400] {logging_mixin.py:137} WARNING - /Users/admin/opt/anaconda3/envs/python-airflow-venv/lib/python3.10/site-packages/airflow/settings.py:337 DeprecationWarning: The sql_alchemy_pool_enabled option in [core] has been moved to the sql_alchemy_pool_enabled option in [database] - the old setting has been used, but please update your config.
[2023-04-10T17:52:23.223-0400] {logging_mixin.py:137} WARNING - /Users/admin/opt/anaconda3/envs/python-airflow-venv/lib/python3.10/site-packages/airflow/settings.py:400 DeprecationWarning: The sql_engine_encoding option in [core] has been moved to the sql_engine_encoding option in [database] - the old setting has been used, but please update your config.
[2023-04-10T17:52:23.223-0400] {processor.py:153} INFO - Started process (PID=4203) to work on /Users/admin/opt/anaconda3/envs/python-airflow-venv/lib/python3.10/site-packages/airflow/example_dags/example_task_group_decorator.py
[2023-04-10T17:52:23.223-0400] {processor.py:743} INFO - Processing file /Users/admin/opt/anaconda3/envs/python-airflow-venv/lib/python3.10/site-packages/airflow/example_dags/example_task_group_decorator.py for tasks to queue
[2023-04-10T17:52:23.224-0400] {logging_mixin.py:137} INFO - [2023-04-10T17:52:23.224-0400] {dagbag.py:538} INFO - Filling up the DagBag from /Users/admin/opt/anaconda3/envs/python-airflow-venv/lib/python3.10/site-packages/airflow/example_dags/example_task_group_decorator.py
[2023-04-10T17:52:23.294-0400] {processor.py:753} INFO - DAG(s) dict_keys(['example_task_group_decorator']) retrieved from /Users/admin/opt/anaconda3/envs/python-airflow-venv/lib/python3.10/site-packages/airflow/example_dags/example_task_group_decorator.py
[2023-04-10T17:52:23.337-0400] {logging_mixin.py:137} WARNING - /Users/admin/opt/anaconda3/envs/python-airflow-venv/lib/python3.10/site-packages/airflow/jobs/scheduler_job.py:124 DeprecationWarning: The processor_poll_interval option in [scheduler] has been renamed to scheduler_idle_sleep_time - the old setting has been used, but please update your config.
[2023-04-10T17:52:23.904-0400] {logging_mixin.py:137} INFO - [2023-04-10T17:52:23.903-0400] {dag.py:2690} INFO - Sync 1 DAGs
[2023-04-10T17:52:23.917-0400] {logging_mixin.py:137} INFO - [2023-04-10T17:52:23.917-0400] {dag.py:3437} INFO - Setting next_dagrun for example_task_group_decorator to 2023-04-09T21:52:23.917644+00:00, run_after=2023-04-10T21:52:23.917644+00:00
[2023-04-10T17:52:23.933-0400] {processor.py:175} INFO - Processing /Users/admin/opt/anaconda3/envs/python-airflow-venv/lib/python3.10/site-packages/airflow/example_dags/example_task_group_decorator.py took 0.715 seconds
[2023-04-10T17:54:19.547-0400] {logging_mixin.py:137} WARNING - /Users/admin/opt/anaconda3/envs/python-airflow-venv/lib/python3.10/site-packages/airflow/settings.py:337 DeprecationWarning: The sql_alchemy_pool_enabled option in [core] has been moved to the sql_alchemy_pool_enabled option in [database] - the old setting has been used, but please update your config.
[2023-04-10T17:54:19.551-0400] {logging_mixin.py:137} WARNING - /Users/admin/opt/anaconda3/envs/python-airflow-venv/lib/python3.10/site-packages/airflow/settings.py:400 DeprecationWarning: The sql_engine_encoding option in [core] has been moved to the sql_engine_encoding option in [database] - the old setting has been used, but please update your config.
[2023-04-10T17:54:19.552-0400] {processor.py:153} INFO - Started process (PID=4255) to work on /Users/admin/opt/anaconda3/envs/python-airflow-venv/lib/python3.10/site-packages/airflow/example_dags/example_task_group_decorator.py
[2023-04-10T17:54:19.552-0400] {processor.py:743} INFO - Processing file /Users/admin/opt/anaconda3/envs/python-airflow-venv/lib/python3.10/site-packages/airflow/example_dags/example_task_group_decorator.py for tasks to queue
[2023-04-10T17:54:19.552-0400] {logging_mixin.py:137} INFO - [2023-04-10T17:54:19.552-0400] {dagbag.py:538} INFO - Filling up the DagBag from /Users/admin/opt/anaconda3/envs/python-airflow-venv/lib/python3.10/site-packages/airflow/example_dags/example_task_group_decorator.py
[2023-04-10T17:54:19.625-0400] {processor.py:753} INFO - DAG(s) dict_keys(['example_task_group_decorator']) retrieved from /Users/admin/opt/anaconda3/envs/python-airflow-venv/lib/python3.10/site-packages/airflow/example_dags/example_task_group_decorator.py
[2023-04-10T17:54:19.667-0400] {logging_mixin.py:137} WARNING - /Users/admin/opt/anaconda3/envs/python-airflow-venv/lib/python3.10/site-packages/airflow/jobs/scheduler_job.py:124 DeprecationWarning: The processor_poll_interval option in [scheduler] has been renamed to scheduler_idle_sleep_time - the old setting has been used, but please update your config.
[2023-04-10T17:54:20.232-0400] {logging_mixin.py:137} INFO - [2023-04-10T17:54:20.232-0400] {dag.py:2690} INFO - Sync 1 DAGs
[2023-04-10T17:54:20.246-0400] {logging_mixin.py:137} INFO - [2023-04-10T17:54:20.246-0400] {dag.py:3437} INFO - Setting next_dagrun for example_task_group_decorator to 2023-04-09T21:54:20.246237+00:00, run_after=2023-04-10T21:54:20.246237+00:00
[2023-04-10T17:54:20.262-0400] {processor.py:175} INFO - Processing /Users/admin/opt/anaconda3/envs/python-airflow-venv/lib/python3.10/site-packages/airflow/example_dags/example_task_group_decorator.py took 0.717 seconds
[2023-04-10T17:56:15.517-0400] {logging_mixin.py:137} WARNING - /Users/admin/opt/anaconda3/envs/python-airflow-venv/lib/python3.10/site-packages/airflow/settings.py:337 DeprecationWarning: The sql_alchemy_pool_enabled option in [core] has been moved to the sql_alchemy_pool_enabled option in [database] - the old setting has been used, but please update your config.
[2023-04-10T17:56:15.522-0400] {logging_mixin.py:137} WARNING - /Users/admin/opt/anaconda3/envs/python-airflow-venv/lib/python3.10/site-packages/airflow/settings.py:400 DeprecationWarning: The sql_engine_encoding option in [core] has been moved to the sql_engine_encoding option in [database] - the old setting has been used, but please update your config.
[2023-04-10T17:56:15.522-0400] {processor.py:153} INFO - Started process (PID=4307) to work on /Users/admin/opt/anaconda3/envs/python-airflow-venv/lib/python3.10/site-packages/airflow/example_dags/example_task_group_decorator.py
[2023-04-10T17:56:15.523-0400] {processor.py:743} INFO - Processing file /Users/admin/opt/anaconda3/envs/python-airflow-venv/lib/python3.10/site-packages/airflow/example_dags/example_task_group_decorator.py for tasks to queue
[2023-04-10T17:56:15.523-0400] {logging_mixin.py:137} INFO - [2023-04-10T17:56:15.523-0400] {dagbag.py:538} INFO - Filling up the DagBag from /Users/admin/opt/anaconda3/envs/python-airflow-venv/lib/python3.10/site-packages/airflow/example_dags/example_task_group_decorator.py
[2023-04-10T17:56:15.594-0400] {processor.py:753} INFO - DAG(s) dict_keys(['example_task_group_decorator']) retrieved from /Users/admin/opt/anaconda3/envs/python-airflow-venv/lib/python3.10/site-packages/airflow/example_dags/example_task_group_decorator.py
[2023-04-10T17:56:15.636-0400] {logging_mixin.py:137} WARNING - /Users/admin/opt/anaconda3/envs/python-airflow-venv/lib/python3.10/site-packages/airflow/jobs/scheduler_job.py:124 DeprecationWarning: The processor_poll_interval option in [scheduler] has been renamed to scheduler_idle_sleep_time - the old setting has been used, but please update your config.
[2023-04-10T17:56:16.205-0400] {logging_mixin.py:137} INFO - [2023-04-10T17:56:16.205-0400] {dag.py:2690} INFO - Sync 1 DAGs
[2023-04-10T17:56:16.219-0400] {logging_mixin.py:137} INFO - [2023-04-10T17:56:16.218-0400] {dag.py:3437} INFO - Setting next_dagrun for example_task_group_decorator to 2023-04-09T21:56:16.218880+00:00, run_after=2023-04-10T21:56:16.218880+00:00
[2023-04-10T17:56:16.235-0400] {processor.py:175} INFO - Processing /Users/admin/opt/anaconda3/envs/python-airflow-venv/lib/python3.10/site-packages/airflow/example_dags/example_task_group_decorator.py took 0.718 seconds
[2023-04-10T17:58:11.647-0400] {logging_mixin.py:137} WARNING - /Users/admin/opt/anaconda3/envs/python-airflow-venv/lib/python3.10/site-packages/airflow/settings.py:337 DeprecationWarning: The sql_alchemy_pool_enabled option in [core] has been moved to the sql_alchemy_pool_enabled option in [database] - the old setting has been used, but please update your config.
[2023-04-10T17:58:11.651-0400] {logging_mixin.py:137} WARNING - /Users/admin/opt/anaconda3/envs/python-airflow-venv/lib/python3.10/site-packages/airflow/settings.py:400 DeprecationWarning: The sql_engine_encoding option in [core] has been moved to the sql_engine_encoding option in [database] - the old setting has been used, but please update your config.
[2023-04-10T17:58:11.652-0400] {processor.py:153} INFO - Started process (PID=4358) to work on /Users/admin/opt/anaconda3/envs/python-airflow-venv/lib/python3.10/site-packages/airflow/example_dags/example_task_group_decorator.py
[2023-04-10T17:58:11.652-0400] {processor.py:743} INFO - Processing file /Users/admin/opt/anaconda3/envs/python-airflow-venv/lib/python3.10/site-packages/airflow/example_dags/example_task_group_decorator.py for tasks to queue
[2023-04-10T17:58:11.652-0400] {logging_mixin.py:137} INFO - [2023-04-10T17:58:11.652-0400] {dagbag.py:538} INFO - Filling up the DagBag from /Users/admin/opt/anaconda3/envs/python-airflow-venv/lib/python3.10/site-packages/airflow/example_dags/example_task_group_decorator.py
[2023-04-10T17:58:11.725-0400] {processor.py:753} INFO - DAG(s) dict_keys(['example_task_group_decorator']) retrieved from /Users/admin/opt/anaconda3/envs/python-airflow-venv/lib/python3.10/site-packages/airflow/example_dags/example_task_group_decorator.py
[2023-04-10T17:58:11.767-0400] {logging_mixin.py:137} WARNING - /Users/admin/opt/anaconda3/envs/python-airflow-venv/lib/python3.10/site-packages/airflow/jobs/scheduler_job.py:124 DeprecationWarning: The processor_poll_interval option in [scheduler] has been renamed to scheduler_idle_sleep_time - the old setting has been used, but please update your config.
[2023-04-10T17:58:12.338-0400] {logging_mixin.py:137} INFO - [2023-04-10T17:58:12.338-0400] {dag.py:2690} INFO - Sync 1 DAGs
[2023-04-10T17:58:12.352-0400] {logging_mixin.py:137} INFO - [2023-04-10T17:58:12.352-0400] {dag.py:3437} INFO - Setting next_dagrun for example_task_group_decorator to 2023-04-09T21:58:12.352016+00:00, run_after=2023-04-10T21:58:12.352016+00:00
[2023-04-10T17:58:12.372-0400] {processor.py:175} INFO - Processing /Users/admin/opt/anaconda3/envs/python-airflow-venv/lib/python3.10/site-packages/airflow/example_dags/example_task_group_decorator.py took 0.726 seconds
[2023-04-10T18:00:07.512-0400] {logging_mixin.py:137} WARNING - /Users/admin/opt/anaconda3/envs/python-airflow-venv/lib/python3.10/site-packages/airflow/settings.py:337 DeprecationWarning: The sql_alchemy_pool_enabled option in [core] has been moved to the sql_alchemy_pool_enabled option in [database] - the old setting has been used, but please update your config.
[2023-04-10T18:00:07.517-0400] {logging_mixin.py:137} WARNING - /Users/admin/opt/anaconda3/envs/python-airflow-venv/lib/python3.10/site-packages/airflow/settings.py:400 DeprecationWarning: The sql_engine_encoding option in [core] has been moved to the sql_engine_encoding option in [database] - the old setting has been used, but please update your config.
[2023-04-10T18:00:07.518-0400] {processor.py:153} INFO - Started process (PID=4408) to work on /Users/admin/opt/anaconda3/envs/python-airflow-venv/lib/python3.10/site-packages/airflow/example_dags/example_task_group_decorator.py
[2023-04-10T18:00:07.518-0400] {processor.py:743} INFO - Processing file /Users/admin/opt/anaconda3/envs/python-airflow-venv/lib/python3.10/site-packages/airflow/example_dags/example_task_group_decorator.py for tasks to queue
[2023-04-10T18:00:07.518-0400] {logging_mixin.py:137} INFO - [2023-04-10T18:00:07.518-0400] {dagbag.py:538} INFO - Filling up the DagBag from /Users/admin/opt/anaconda3/envs/python-airflow-venv/lib/python3.10/site-packages/airflow/example_dags/example_task_group_decorator.py
[2023-04-10T18:00:07.587-0400] {processor.py:753} INFO - DAG(s) dict_keys(['example_task_group_decorator']) retrieved from /Users/admin/opt/anaconda3/envs/python-airflow-venv/lib/python3.10/site-packages/airflow/example_dags/example_task_group_decorator.py
[2023-04-10T18:00:07.630-0400] {logging_mixin.py:137} WARNING - /Users/admin/opt/anaconda3/envs/python-airflow-venv/lib/python3.10/site-packages/airflow/jobs/scheduler_job.py:124 DeprecationWarning: The processor_poll_interval option in [scheduler] has been renamed to scheduler_idle_sleep_time - the old setting has been used, but please update your config.
[2023-04-10T18:00:08.210-0400] {logging_mixin.py:137} INFO - [2023-04-10T18:00:08.210-0400] {dag.py:2690} INFO - Sync 1 DAGs
[2023-04-10T18:00:08.224-0400] {logging_mixin.py:137} INFO - [2023-04-10T18:00:08.224-0400] {dag.py:3437} INFO - Setting next_dagrun for example_task_group_decorator to 2023-04-09T22:00:08.224690+00:00, run_after=2023-04-10T22:00:08.224690+00:00
[2023-04-10T18:00:08.242-0400] {processor.py:175} INFO - Processing /Users/admin/opt/anaconda3/envs/python-airflow-venv/lib/python3.10/site-packages/airflow/example_dags/example_task_group_decorator.py took 0.731 seconds
[2023-04-10T18:11:55.402-0400] {logging_mixin.py:137} WARNING - /Users/admin/opt/anaconda3/envs/python-airflow-venv/lib/python3.10/site-packages/airflow/settings.py:337 DeprecationWarning: The sql_alchemy_pool_enabled option in [core] has been moved to the sql_alchemy_pool_enabled option in [database] - the old setting has been used, but please update your config.
[2023-04-10T18:11:55.407-0400] {logging_mixin.py:137} WARNING - /Users/admin/opt/anaconda3/envs/python-airflow-venv/lib/python3.10/site-packages/airflow/settings.py:400 DeprecationWarning: The sql_engine_encoding option in [core] has been moved to the sql_engine_encoding option in [database] - the old setting has been used, but please update your config.
[2023-04-10T18:11:55.407-0400] {processor.py:153} INFO - Started process (PID=4474) to work on /Users/admin/opt/anaconda3/envs/python-airflow-venv/lib/python3.10/site-packages/airflow/example_dags/example_task_group_decorator.py
[2023-04-10T18:11:55.407-0400] {processor.py:743} INFO - Processing file /Users/admin/opt/anaconda3/envs/python-airflow-venv/lib/python3.10/site-packages/airflow/example_dags/example_task_group_decorator.py for tasks to queue
[2023-04-10T18:11:55.408-0400] {logging_mixin.py:137} INFO - [2023-04-10T18:11:55.408-0400] {dagbag.py:538} INFO - Filling up the DagBag from /Users/admin/opt/anaconda3/envs/python-airflow-venv/lib/python3.10/site-packages/airflow/example_dags/example_task_group_decorator.py
[2023-04-10T18:11:55.477-0400] {processor.py:753} INFO - DAG(s) dict_keys(['example_task_group_decorator']) retrieved from /Users/admin/opt/anaconda3/envs/python-airflow-venv/lib/python3.10/site-packages/airflow/example_dags/example_task_group_decorator.py
[2023-04-10T18:11:55.519-0400] {logging_mixin.py:137} WARNING - /Users/admin/opt/anaconda3/envs/python-airflow-venv/lib/python3.10/site-packages/airflow/jobs/scheduler_job.py:124 DeprecationWarning: The processor_poll_interval option in [scheduler] has been renamed to scheduler_idle_sleep_time - the old setting has been used, but please update your config.
[2023-04-10T18:11:56.087-0400] {logging_mixin.py:137} INFO - [2023-04-10T18:11:56.087-0400] {dag.py:2690} INFO - Sync 1 DAGs
[2023-04-10T18:11:56.102-0400] {logging_mixin.py:137} INFO - [2023-04-10T18:11:56.102-0400] {dag.py:3437} INFO - Setting next_dagrun for example_task_group_decorator to 2023-04-09T22:11:56.102034+00:00, run_after=2023-04-10T22:11:56.102034+00:00
[2023-04-10T18:11:56.120-0400] {processor.py:175} INFO - Processing /Users/admin/opt/anaconda3/envs/python-airflow-venv/lib/python3.10/site-packages/airflow/example_dags/example_task_group_decorator.py took 0.719 seconds
[2023-04-10T18:13:51.525-0400] {logging_mixin.py:137} WARNING - /Users/admin/opt/anaconda3/envs/python-airflow-venv/lib/python3.10/site-packages/airflow/settings.py:337 DeprecationWarning: The sql_alchemy_pool_enabled option in [core] has been moved to the sql_alchemy_pool_enabled option in [database] - the old setting has been used, but please update your config.
[2023-04-10T18:13:51.529-0400] {logging_mixin.py:137} WARNING - /Users/admin/opt/anaconda3/envs/python-airflow-venv/lib/python3.10/site-packages/airflow/settings.py:400 DeprecationWarning: The sql_engine_encoding option in [core] has been moved to the sql_engine_encoding option in [database] - the old setting has been used, but please update your config.
[2023-04-10T18:13:51.530-0400] {processor.py:153} INFO - Started process (PID=4529) to work on /Users/admin/opt/anaconda3/envs/python-airflow-venv/lib/python3.10/site-packages/airflow/example_dags/example_task_group_decorator.py
[2023-04-10T18:13:51.530-0400] {processor.py:743} INFO - Processing file /Users/admin/opt/anaconda3/envs/python-airflow-venv/lib/python3.10/site-packages/airflow/example_dags/example_task_group_decorator.py for tasks to queue
[2023-04-10T18:13:51.530-0400] {logging_mixin.py:137} INFO - [2023-04-10T18:13:51.530-0400] {dagbag.py:538} INFO - Filling up the DagBag from /Users/admin/opt/anaconda3/envs/python-airflow-venv/lib/python3.10/site-packages/airflow/example_dags/example_task_group_decorator.py
[2023-04-10T18:13:51.605-0400] {processor.py:753} INFO - DAG(s) dict_keys(['example_task_group_decorator']) retrieved from /Users/admin/opt/anaconda3/envs/python-airflow-venv/lib/python3.10/site-packages/airflow/example_dags/example_task_group_decorator.py
[2023-04-10T18:13:51.647-0400] {logging_mixin.py:137} WARNING - /Users/admin/opt/anaconda3/envs/python-airflow-venv/lib/python3.10/site-packages/airflow/jobs/scheduler_job.py:124 DeprecationWarning: The processor_poll_interval option in [scheduler] has been renamed to scheduler_idle_sleep_time - the old setting has been used, but please update your config.
[2023-04-10T18:13:52.215-0400] {logging_mixin.py:137} INFO - [2023-04-10T18:13:52.215-0400] {dag.py:2690} INFO - Sync 1 DAGs
[2023-04-10T18:13:52.229-0400] {logging_mixin.py:137} INFO - [2023-04-10T18:13:52.229-0400] {dag.py:3437} INFO - Setting next_dagrun for example_task_group_decorator to 2023-04-09T22:13:52.229020+00:00, run_after=2023-04-10T22:13:52.229020+00:00
[2023-04-10T18:13:52.245-0400] {processor.py:175} INFO - Processing /Users/admin/opt/anaconda3/envs/python-airflow-venv/lib/python3.10/site-packages/airflow/example_dags/example_task_group_decorator.py took 0.722 seconds
[2023-04-10T18:15:47.476-0400] {logging_mixin.py:137} WARNING - /Users/admin/opt/anaconda3/envs/python-airflow-venv/lib/python3.10/site-packages/airflow/settings.py:337 DeprecationWarning: The sql_alchemy_pool_enabled option in [core] has been moved to the sql_alchemy_pool_enabled option in [database] - the old setting has been used, but please update your config.
[2023-04-10T18:15:47.480-0400] {logging_mixin.py:137} WARNING - /Users/admin/opt/anaconda3/envs/python-airflow-venv/lib/python3.10/site-packages/airflow/settings.py:400 DeprecationWarning: The sql_engine_encoding option in [core] has been moved to the sql_engine_encoding option in [database] - the old setting has been used, but please update your config.
[2023-04-10T18:15:47.481-0400] {processor.py:153} INFO - Started process (PID=4580) to work on /Users/admin/opt/anaconda3/envs/python-airflow-venv/lib/python3.10/site-packages/airflow/example_dags/example_task_group_decorator.py
[2023-04-10T18:15:47.481-0400] {processor.py:743} INFO - Processing file /Users/admin/opt/anaconda3/envs/python-airflow-venv/lib/python3.10/site-packages/airflow/example_dags/example_task_group_decorator.py for tasks to queue
[2023-04-10T18:15:47.481-0400] {logging_mixin.py:137} INFO - [2023-04-10T18:15:47.481-0400] {dagbag.py:538} INFO - Filling up the DagBag from /Users/admin/opt/anaconda3/envs/python-airflow-venv/lib/python3.10/site-packages/airflow/example_dags/example_task_group_decorator.py
[2023-04-10T18:15:47.553-0400] {processor.py:753} INFO - DAG(s) dict_keys(['example_task_group_decorator']) retrieved from /Users/admin/opt/anaconda3/envs/python-airflow-venv/lib/python3.10/site-packages/airflow/example_dags/example_task_group_decorator.py
[2023-04-10T18:15:47.595-0400] {logging_mixin.py:137} WARNING - /Users/admin/opt/anaconda3/envs/python-airflow-venv/lib/python3.10/site-packages/airflow/jobs/scheduler_job.py:124 DeprecationWarning: The processor_poll_interval option in [scheduler] has been renamed to scheduler_idle_sleep_time - the old setting has been used, but please update your config.
[2023-04-10T18:15:48.163-0400] {logging_mixin.py:137} INFO - [2023-04-10T18:15:48.163-0400] {dag.py:2690} INFO - Sync 1 DAGs
[2023-04-10T18:15:48.177-0400] {logging_mixin.py:137} INFO - [2023-04-10T18:15:48.177-0400] {dag.py:3437} INFO - Setting next_dagrun for example_task_group_decorator to 2023-04-09T22:15:48.177366+00:00, run_after=2023-04-10T22:15:48.177366+00:00
[2023-04-10T18:15:48.197-0400] {processor.py:175} INFO - Processing /Users/admin/opt/anaconda3/envs/python-airflow-venv/lib/python3.10/site-packages/airflow/example_dags/example_task_group_decorator.py took 0.723 seconds
[2023-04-10T18:17:42.291-0400] {logging_mixin.py:137} WARNING - /Users/admin/opt/anaconda3/envs/python-airflow-venv/lib/python3.10/site-packages/airflow/settings.py:337 DeprecationWarning: The sql_alchemy_pool_enabled option in [core] has been moved to the sql_alchemy_pool_enabled option in [database] - the old setting has been used, but please update your config.
[2023-04-10T18:17:42.296-0400] {logging_mixin.py:137} WARNING - /Users/admin/opt/anaconda3/envs/python-airflow-venv/lib/python3.10/site-packages/airflow/settings.py:400 DeprecationWarning: The sql_engine_encoding option in [core] has been moved to the sql_engine_encoding option in [database] - the old setting has been used, but please update your config.
[2023-04-10T18:17:42.296-0400] {processor.py:153} INFO - Started process (PID=4643) to work on /Users/admin/opt/anaconda3/envs/python-airflow-venv/lib/python3.10/site-packages/airflow/example_dags/example_task_group_decorator.py
[2023-04-10T18:17:42.296-0400] {processor.py:743} INFO - Processing file /Users/admin/opt/anaconda3/envs/python-airflow-venv/lib/python3.10/site-packages/airflow/example_dags/example_task_group_decorator.py for tasks to queue
[2023-04-10T18:17:42.297-0400] {logging_mixin.py:137} INFO - [2023-04-10T18:17:42.297-0400] {dagbag.py:538} INFO - Filling up the DagBag from /Users/admin/opt/anaconda3/envs/python-airflow-venv/lib/python3.10/site-packages/airflow/example_dags/example_task_group_decorator.py
[2023-04-10T18:17:42.369-0400] {processor.py:753} INFO - DAG(s) dict_keys(['example_task_group_decorator']) retrieved from /Users/admin/opt/anaconda3/envs/python-airflow-venv/lib/python3.10/site-packages/airflow/example_dags/example_task_group_decorator.py
[2023-04-10T18:17:42.412-0400] {logging_mixin.py:137} WARNING - /Users/admin/opt/anaconda3/envs/python-airflow-venv/lib/python3.10/site-packages/airflow/jobs/scheduler_job.py:124 DeprecationWarning: The processor_poll_interval option in [scheduler] has been renamed to scheduler_idle_sleep_time - the old setting has been used, but please update your config.
[2023-04-10T18:17:43.005-0400] {logging_mixin.py:137} INFO - [2023-04-10T18:17:43.004-0400] {dag.py:2690} INFO - Sync 1 DAGs
[2023-04-10T18:17:43.020-0400] {logging_mixin.py:137} INFO - [2023-04-10T18:17:43.020-0400] {dag.py:3437} INFO - Setting next_dagrun for example_task_group_decorator to 2023-04-09T22:17:43.020005+00:00, run_after=2023-04-10T22:17:43.020005+00:00
[2023-04-10T18:17:43.036-0400] {processor.py:175} INFO - Processing /Users/admin/opt/anaconda3/envs/python-airflow-venv/lib/python3.10/site-packages/airflow/example_dags/example_task_group_decorator.py took 0.746 seconds
