[2023-04-10T17:12:07.423-0400] {logging_mixin.py:137} WARNING - /Users/admin/opt/anaconda3/envs/python-airflow-venv/lib/python3.10/site-packages/airflow/settings.py:337 DeprecationWarning: The sql_alchemy_pool_enabled option in [core] has been moved to the sql_alchemy_pool_enabled option in [database] - the old setting has been used, but please update your config.
[2023-04-10T17:12:07.428-0400] {logging_mixin.py:137} WARNING - /Users/admin/opt/anaconda3/envs/python-airflow-venv/lib/python3.10/site-packages/airflow/settings.py:400 DeprecationWarning: The sql_engine_encoding option in [core] has been moved to the sql_engine_encoding option in [database] - the old setting has been used, but please update your config.
[2023-04-10T17:12:07.428-0400] {processor.py:153} INFO - Started process (PID=3051) to work on /Users/admin/opt/anaconda3/envs/python-airflow-venv/lib/python3.10/site-packages/airflow/example_dags/example_sensor_decorator.py
[2023-04-10T17:12:07.428-0400] {processor.py:743} INFO - Processing file /Users/admin/opt/anaconda3/envs/python-airflow-venv/lib/python3.10/site-packages/airflow/example_dags/example_sensor_decorator.py for tasks to queue
[2023-04-10T17:12:07.429-0400] {logging_mixin.py:137} INFO - [2023-04-10T17:12:07.429-0400] {dagbag.py:538} INFO - Filling up the DagBag from /Users/admin/opt/anaconda3/envs/python-airflow-venv/lib/python3.10/site-packages/airflow/example_dags/example_sensor_decorator.py
[2023-04-10T17:12:07.496-0400] {processor.py:753} INFO - DAG(s) dict_keys(['example_sensor_decorator']) retrieved from /Users/admin/opt/anaconda3/envs/python-airflow-venv/lib/python3.10/site-packages/airflow/example_dags/example_sensor_decorator.py
[2023-04-10T17:12:07.538-0400] {logging_mixin.py:137} WARNING - /Users/admin/opt/anaconda3/envs/python-airflow-venv/lib/python3.10/site-packages/airflow/jobs/scheduler_job.py:124 DeprecationWarning: The processor_poll_interval option in [scheduler] has been renamed to scheduler_idle_sleep_time - the old setting has been used, but please update your config.
[2023-04-10T17:12:08.201-0400] {logging_mixin.py:137} INFO - [2023-04-10T17:12:08.201-0400] {dag.py:2690} INFO - Sync 1 DAGs
[2023-04-10T17:12:08.214-0400] {logging_mixin.py:137} INFO - [2023-04-10T17:12:08.213-0400] {dag.py:3437} INFO - Setting next_dagrun for example_sensor_decorator to None, run_after=None
[2023-04-10T17:12:08.230-0400] {processor.py:175} INFO - Processing /Users/admin/opt/anaconda3/envs/python-airflow-venv/lib/python3.10/site-packages/airflow/example_dags/example_sensor_decorator.py took 0.808 seconds
[2023-04-10T17:16:02.417-0400] {logging_mixin.py:137} WARNING - /Users/admin/opt/anaconda3/envs/python-airflow-venv/lib/python3.10/site-packages/airflow/settings.py:337 DeprecationWarning: The sql_alchemy_pool_enabled option in [core] has been moved to the sql_alchemy_pool_enabled option in [database] - the old setting has been used, but please update your config.
[2023-04-10T17:16:02.422-0400] {logging_mixin.py:137} WARNING - /Users/admin/opt/anaconda3/envs/python-airflow-venv/lib/python3.10/site-packages/airflow/settings.py:400 DeprecationWarning: The sql_engine_encoding option in [core] has been moved to the sql_engine_encoding option in [database] - the old setting has been used, but please update your config.
[2023-04-10T17:16:02.422-0400] {processor.py:153} INFO - Started process (PID=3152) to work on /Users/admin/opt/anaconda3/envs/python-airflow-venv/lib/python3.10/site-packages/airflow/example_dags/example_sensor_decorator.py
[2023-04-10T17:16:02.422-0400] {processor.py:743} INFO - Processing file /Users/admin/opt/anaconda3/envs/python-airflow-venv/lib/python3.10/site-packages/airflow/example_dags/example_sensor_decorator.py for tasks to queue
[2023-04-10T17:16:02.423-0400] {logging_mixin.py:137} INFO - [2023-04-10T17:16:02.423-0400] {dagbag.py:538} INFO - Filling up the DagBag from /Users/admin/opt/anaconda3/envs/python-airflow-venv/lib/python3.10/site-packages/airflow/example_dags/example_sensor_decorator.py
[2023-04-10T17:16:02.490-0400] {processor.py:753} INFO - DAG(s) dict_keys(['example_sensor_decorator']) retrieved from /Users/admin/opt/anaconda3/envs/python-airflow-venv/lib/python3.10/site-packages/airflow/example_dags/example_sensor_decorator.py
[2023-04-10T17:16:02.532-0400] {logging_mixin.py:137} WARNING - /Users/admin/opt/anaconda3/envs/python-airflow-venv/lib/python3.10/site-packages/airflow/jobs/scheduler_job.py:124 DeprecationWarning: The processor_poll_interval option in [scheduler] has been renamed to scheduler_idle_sleep_time - the old setting has been used, but please update your config.
[2023-04-10T17:16:03.181-0400] {logging_mixin.py:137} INFO - [2023-04-10T17:16:03.180-0400] {dag.py:2690} INFO - Sync 1 DAGs
[2023-04-10T17:16:03.194-0400] {logging_mixin.py:137} INFO - [2023-04-10T17:16:03.193-0400] {dag.py:3437} INFO - Setting next_dagrun for example_sensor_decorator to None, run_after=None
[2023-04-10T17:16:03.213-0400] {processor.py:175} INFO - Processing /Users/admin/opt/anaconda3/envs/python-airflow-venv/lib/python3.10/site-packages/airflow/example_dags/example_sensor_decorator.py took 0.796 seconds
[2023-04-10T17:17:55.165-0400] {logging_mixin.py:137} WARNING - /Users/admin/opt/anaconda3/envs/python-airflow-venv/lib/python3.10/site-packages/airflow/settings.py:337 DeprecationWarning: The sql_alchemy_pool_enabled option in [core] has been moved to the sql_alchemy_pool_enabled option in [database] - the old setting has been used, but please update your config.
[2023-04-10T17:17:55.169-0400] {logging_mixin.py:137} WARNING - /Users/admin/opt/anaconda3/envs/python-airflow-venv/lib/python3.10/site-packages/airflow/settings.py:400 DeprecationWarning: The sql_engine_encoding option in [core] has been moved to the sql_engine_encoding option in [database] - the old setting has been used, but please update your config.
[2023-04-10T17:17:55.170-0400] {processor.py:153} INFO - Started process (PID=3202) to work on /Users/admin/opt/anaconda3/envs/python-airflow-venv/lib/python3.10/site-packages/airflow/example_dags/example_sensor_decorator.py
[2023-04-10T17:17:55.170-0400] {processor.py:743} INFO - Processing file /Users/admin/opt/anaconda3/envs/python-airflow-venv/lib/python3.10/site-packages/airflow/example_dags/example_sensor_decorator.py for tasks to queue
[2023-04-10T17:17:55.171-0400] {logging_mixin.py:137} INFO - [2023-04-10T17:17:55.170-0400] {dagbag.py:538} INFO - Filling up the DagBag from /Users/admin/opt/anaconda3/envs/python-airflow-venv/lib/python3.10/site-packages/airflow/example_dags/example_sensor_decorator.py
[2023-04-10T17:17:55.239-0400] {processor.py:753} INFO - DAG(s) dict_keys(['example_sensor_decorator']) retrieved from /Users/admin/opt/anaconda3/envs/python-airflow-venv/lib/python3.10/site-packages/airflow/example_dags/example_sensor_decorator.py
[2023-04-10T17:17:55.281-0400] {logging_mixin.py:137} WARNING - /Users/admin/opt/anaconda3/envs/python-airflow-venv/lib/python3.10/site-packages/airflow/jobs/scheduler_job.py:124 DeprecationWarning: The processor_poll_interval option in [scheduler] has been renamed to scheduler_idle_sleep_time - the old setting has been used, but please update your config.
[2023-04-10T17:17:55.923-0400] {logging_mixin.py:137} INFO - [2023-04-10T17:17:55.923-0400] {dag.py:2690} INFO - Sync 1 DAGs
[2023-04-10T17:17:55.936-0400] {logging_mixin.py:137} INFO - [2023-04-10T17:17:55.936-0400] {dag.py:3437} INFO - Setting next_dagrun for example_sensor_decorator to None, run_after=None
[2023-04-10T17:17:55.953-0400] {processor.py:175} INFO - Processing /Users/admin/opt/anaconda3/envs/python-airflow-venv/lib/python3.10/site-packages/airflow/example_dags/example_sensor_decorator.py took 0.790 seconds
[2023-04-10T17:19:51.250-0400] {logging_mixin.py:137} WARNING - /Users/admin/opt/anaconda3/envs/python-airflow-venv/lib/python3.10/site-packages/airflow/settings.py:337 DeprecationWarning: The sql_alchemy_pool_enabled option in [core] has been moved to the sql_alchemy_pool_enabled option in [database] - the old setting has been used, but please update your config.
[2023-04-10T17:19:51.254-0400] {logging_mixin.py:137} WARNING - /Users/admin/opt/anaconda3/envs/python-airflow-venv/lib/python3.10/site-packages/airflow/settings.py:400 DeprecationWarning: The sql_engine_encoding option in [core] has been moved to the sql_engine_encoding option in [database] - the old setting has been used, but please update your config.
[2023-04-10T17:19:51.255-0400] {processor.py:153} INFO - Started process (PID=3254) to work on /Users/admin/opt/anaconda3/envs/python-airflow-venv/lib/python3.10/site-packages/airflow/example_dags/example_sensor_decorator.py
[2023-04-10T17:19:51.255-0400] {processor.py:743} INFO - Processing file /Users/admin/opt/anaconda3/envs/python-airflow-venv/lib/python3.10/site-packages/airflow/example_dags/example_sensor_decorator.py for tasks to queue
[2023-04-10T17:19:51.256-0400] {logging_mixin.py:137} INFO - [2023-04-10T17:19:51.256-0400] {dagbag.py:538} INFO - Filling up the DagBag from /Users/admin/opt/anaconda3/envs/python-airflow-venv/lib/python3.10/site-packages/airflow/example_dags/example_sensor_decorator.py
[2023-04-10T17:19:51.323-0400] {processor.py:753} INFO - DAG(s) dict_keys(['example_sensor_decorator']) retrieved from /Users/admin/opt/anaconda3/envs/python-airflow-venv/lib/python3.10/site-packages/airflow/example_dags/example_sensor_decorator.py
[2023-04-10T17:19:51.365-0400] {logging_mixin.py:137} WARNING - /Users/admin/opt/anaconda3/envs/python-airflow-venv/lib/python3.10/site-packages/airflow/jobs/scheduler_job.py:124 DeprecationWarning: The processor_poll_interval option in [scheduler] has been renamed to scheduler_idle_sleep_time - the old setting has been used, but please update your config.
[2023-04-10T17:19:52.010-0400] {logging_mixin.py:137} INFO - [2023-04-10T17:19:52.010-0400] {dag.py:2690} INFO - Sync 1 DAGs
[2023-04-10T17:19:52.023-0400] {logging_mixin.py:137} INFO - [2023-04-10T17:19:52.023-0400] {dag.py:3437} INFO - Setting next_dagrun for example_sensor_decorator to None, run_after=None
[2023-04-10T17:19:52.043-0400] {processor.py:175} INFO - Processing /Users/admin/opt/anaconda3/envs/python-airflow-venv/lib/python3.10/site-packages/airflow/example_dags/example_sensor_decorator.py took 0.794 seconds
[2023-04-10T17:21:46.873-0400] {logging_mixin.py:137} WARNING - /Users/admin/opt/anaconda3/envs/python-airflow-venv/lib/python3.10/site-packages/airflow/settings.py:337 DeprecationWarning: The sql_alchemy_pool_enabled option in [core] has been moved to the sql_alchemy_pool_enabled option in [database] - the old setting has been used, but please update your config.
[2023-04-10T17:21:46.878-0400] {logging_mixin.py:137} WARNING - /Users/admin/opt/anaconda3/envs/python-airflow-venv/lib/python3.10/site-packages/airflow/settings.py:400 DeprecationWarning: The sql_engine_encoding option in [core] has been moved to the sql_engine_encoding option in [database] - the old setting has been used, but please update your config.
[2023-04-10T17:21:46.878-0400] {processor.py:153} INFO - Started process (PID=3304) to work on /Users/admin/opt/anaconda3/envs/python-airflow-venv/lib/python3.10/site-packages/airflow/example_dags/example_sensor_decorator.py
[2023-04-10T17:21:46.878-0400] {processor.py:743} INFO - Processing file /Users/admin/opt/anaconda3/envs/python-airflow-venv/lib/python3.10/site-packages/airflow/example_dags/example_sensor_decorator.py for tasks to queue
[2023-04-10T17:21:46.879-0400] {logging_mixin.py:137} INFO - [2023-04-10T17:21:46.879-0400] {dagbag.py:538} INFO - Filling up the DagBag from /Users/admin/opt/anaconda3/envs/python-airflow-venv/lib/python3.10/site-packages/airflow/example_dags/example_sensor_decorator.py
[2023-04-10T17:21:46.946-0400] {processor.py:753} INFO - DAG(s) dict_keys(['example_sensor_decorator']) retrieved from /Users/admin/opt/anaconda3/envs/python-airflow-venv/lib/python3.10/site-packages/airflow/example_dags/example_sensor_decorator.py
[2023-04-10T17:21:46.988-0400] {logging_mixin.py:137} WARNING - /Users/admin/opt/anaconda3/envs/python-airflow-venv/lib/python3.10/site-packages/airflow/jobs/scheduler_job.py:124 DeprecationWarning: The processor_poll_interval option in [scheduler] has been renamed to scheduler_idle_sleep_time - the old setting has been used, but please update your config.
[2023-04-10T17:21:47.638-0400] {logging_mixin.py:137} INFO - [2023-04-10T17:21:47.637-0400] {dag.py:2690} INFO - Sync 1 DAGs
[2023-04-10T17:21:47.650-0400] {logging_mixin.py:137} INFO - [2023-04-10T17:21:47.650-0400] {dag.py:3437} INFO - Setting next_dagrun for example_sensor_decorator to None, run_after=None
[2023-04-10T17:21:47.668-0400] {processor.py:175} INFO - Processing /Users/admin/opt/anaconda3/envs/python-airflow-venv/lib/python3.10/site-packages/airflow/example_dags/example_sensor_decorator.py took 0.795 seconds
[2023-04-10T17:23:42.554-0400] {logging_mixin.py:137} WARNING - /Users/admin/opt/anaconda3/envs/python-airflow-venv/lib/python3.10/site-packages/airflow/settings.py:337 DeprecationWarning: The sql_alchemy_pool_enabled option in [core] has been moved to the sql_alchemy_pool_enabled option in [database] - the old setting has been used, but please update your config.
[2023-04-10T17:23:42.559-0400] {logging_mixin.py:137} WARNING - /Users/admin/opt/anaconda3/envs/python-airflow-venv/lib/python3.10/site-packages/airflow/settings.py:400 DeprecationWarning: The sql_engine_encoding option in [core] has been moved to the sql_engine_encoding option in [database] - the old setting has been used, but please update your config.
[2023-04-10T17:23:42.559-0400] {processor.py:153} INFO - Started process (PID=3355) to work on /Users/admin/opt/anaconda3/envs/python-airflow-venv/lib/python3.10/site-packages/airflow/example_dags/example_sensor_decorator.py
[2023-04-10T17:23:42.560-0400] {processor.py:743} INFO - Processing file /Users/admin/opt/anaconda3/envs/python-airflow-venv/lib/python3.10/site-packages/airflow/example_dags/example_sensor_decorator.py for tasks to queue
[2023-04-10T17:23:42.560-0400] {logging_mixin.py:137} INFO - [2023-04-10T17:23:42.560-0400] {dagbag.py:538} INFO - Filling up the DagBag from /Users/admin/opt/anaconda3/envs/python-airflow-venv/lib/python3.10/site-packages/airflow/example_dags/example_sensor_decorator.py
[2023-04-10T17:23:42.626-0400] {processor.py:753} INFO - DAG(s) dict_keys(['example_sensor_decorator']) retrieved from /Users/admin/opt/anaconda3/envs/python-airflow-venv/lib/python3.10/site-packages/airflow/example_dags/example_sensor_decorator.py
[2023-04-10T17:23:42.668-0400] {logging_mixin.py:137} WARNING - /Users/admin/opt/anaconda3/envs/python-airflow-venv/lib/python3.10/site-packages/airflow/jobs/scheduler_job.py:124 DeprecationWarning: The processor_poll_interval option in [scheduler] has been renamed to scheduler_idle_sleep_time - the old setting has been used, but please update your config.
[2023-04-10T17:23:43.316-0400] {logging_mixin.py:137} INFO - [2023-04-10T17:23:43.315-0400] {dag.py:2690} INFO - Sync 1 DAGs
[2023-04-10T17:23:43.328-0400] {logging_mixin.py:137} INFO - [2023-04-10T17:23:43.328-0400] {dag.py:3437} INFO - Setting next_dagrun for example_sensor_decorator to None, run_after=None
[2023-04-10T17:23:43.345-0400] {processor.py:175} INFO - Processing /Users/admin/opt/anaconda3/envs/python-airflow-venv/lib/python3.10/site-packages/airflow/example_dags/example_sensor_decorator.py took 0.791 seconds
[2023-04-10T17:25:39.086-0400] {logging_mixin.py:137} WARNING - /Users/admin/opt/anaconda3/envs/python-airflow-venv/lib/python3.10/site-packages/airflow/settings.py:337 DeprecationWarning: The sql_alchemy_pool_enabled option in [core] has been moved to the sql_alchemy_pool_enabled option in [database] - the old setting has been used, but please update your config.
[2023-04-10T17:25:39.090-0400] {logging_mixin.py:137} WARNING - /Users/admin/opt/anaconda3/envs/python-airflow-venv/lib/python3.10/site-packages/airflow/settings.py:400 DeprecationWarning: The sql_engine_encoding option in [core] has been moved to the sql_engine_encoding option in [database] - the old setting has been used, but please update your config.
[2023-04-10T17:25:39.091-0400] {processor.py:153} INFO - Started process (PID=3420) to work on /Users/admin/opt/anaconda3/envs/python-airflow-venv/lib/python3.10/site-packages/airflow/example_dags/example_sensor_decorator.py
[2023-04-10T17:25:39.091-0400] {processor.py:743} INFO - Processing file /Users/admin/opt/anaconda3/envs/python-airflow-venv/lib/python3.10/site-packages/airflow/example_dags/example_sensor_decorator.py for tasks to queue
[2023-04-10T17:25:39.091-0400] {logging_mixin.py:137} INFO - [2023-04-10T17:25:39.091-0400] {dagbag.py:538} INFO - Filling up the DagBag from /Users/admin/opt/anaconda3/envs/python-airflow-venv/lib/python3.10/site-packages/airflow/example_dags/example_sensor_decorator.py
[2023-04-10T17:25:39.159-0400] {processor.py:753} INFO - DAG(s) dict_keys(['example_sensor_decorator']) retrieved from /Users/admin/opt/anaconda3/envs/python-airflow-venv/lib/python3.10/site-packages/airflow/example_dags/example_sensor_decorator.py
[2023-04-10T17:25:39.204-0400] {logging_mixin.py:137} WARNING - /Users/admin/opt/anaconda3/envs/python-airflow-venv/lib/python3.10/site-packages/airflow/jobs/scheduler_job.py:124 DeprecationWarning: The processor_poll_interval option in [scheduler] has been renamed to scheduler_idle_sleep_time - the old setting has been used, but please update your config.
[2023-04-10T17:25:39.859-0400] {logging_mixin.py:137} INFO - [2023-04-10T17:25:39.859-0400] {dag.py:2690} INFO - Sync 1 DAGs
[2023-04-10T17:25:39.871-0400] {logging_mixin.py:137} INFO - [2023-04-10T17:25:39.871-0400] {dag.py:3437} INFO - Setting next_dagrun for example_sensor_decorator to None, run_after=None
[2023-04-10T17:25:39.887-0400] {processor.py:175} INFO - Processing /Users/admin/opt/anaconda3/envs/python-airflow-venv/lib/python3.10/site-packages/airflow/example_dags/example_sensor_decorator.py took 0.803 seconds
[2023-04-10T17:27:35.659-0400] {logging_mixin.py:137} WARNING - /Users/admin/opt/anaconda3/envs/python-airflow-venv/lib/python3.10/site-packages/airflow/settings.py:337 DeprecationWarning: The sql_alchemy_pool_enabled option in [core] has been moved to the sql_alchemy_pool_enabled option in [database] - the old setting has been used, but please update your config.
[2023-04-10T17:27:35.665-0400] {logging_mixin.py:137} WARNING - /Users/admin/opt/anaconda3/envs/python-airflow-venv/lib/python3.10/site-packages/airflow/settings.py:400 DeprecationWarning: The sql_engine_encoding option in [core] has been moved to the sql_engine_encoding option in [database] - the old setting has been used, but please update your config.
[2023-04-10T17:27:35.666-0400] {processor.py:153} INFO - Started process (PID=3483) to work on /Users/admin/opt/anaconda3/envs/python-airflow-venv/lib/python3.10/site-packages/airflow/example_dags/example_sensor_decorator.py
[2023-04-10T17:27:35.666-0400] {processor.py:743} INFO - Processing file /Users/admin/opt/anaconda3/envs/python-airflow-venv/lib/python3.10/site-packages/airflow/example_dags/example_sensor_decorator.py for tasks to queue
[2023-04-10T17:27:35.667-0400] {logging_mixin.py:137} INFO - [2023-04-10T17:27:35.667-0400] {dagbag.py:538} INFO - Filling up the DagBag from /Users/admin/opt/anaconda3/envs/python-airflow-venv/lib/python3.10/site-packages/airflow/example_dags/example_sensor_decorator.py
[2023-04-10T17:27:35.740-0400] {processor.py:753} INFO - DAG(s) dict_keys(['example_sensor_decorator']) retrieved from /Users/admin/opt/anaconda3/envs/python-airflow-venv/lib/python3.10/site-packages/airflow/example_dags/example_sensor_decorator.py
[2023-04-10T17:27:35.785-0400] {logging_mixin.py:137} WARNING - /Users/admin/opt/anaconda3/envs/python-airflow-venv/lib/python3.10/site-packages/airflow/jobs/scheduler_job.py:124 DeprecationWarning: The processor_poll_interval option in [scheduler] has been renamed to scheduler_idle_sleep_time - the old setting has been used, but please update your config.
[2023-04-10T17:27:36.468-0400] {logging_mixin.py:137} INFO - [2023-04-10T17:27:36.468-0400] {dag.py:2690} INFO - Sync 1 DAGs
[2023-04-10T17:27:36.481-0400] {logging_mixin.py:137} INFO - [2023-04-10T17:27:36.481-0400] {dag.py:3437} INFO - Setting next_dagrun for example_sensor_decorator to None, run_after=None
[2023-04-10T17:27:36.501-0400] {processor.py:175} INFO - Processing /Users/admin/opt/anaconda3/envs/python-airflow-venv/lib/python3.10/site-packages/airflow/example_dags/example_sensor_decorator.py took 0.843 seconds
[2023-04-10T17:29:33.289-0400] {logging_mixin.py:137} WARNING - /Users/admin/opt/anaconda3/envs/python-airflow-venv/lib/python3.10/site-packages/airflow/settings.py:337 DeprecationWarning: The sql_alchemy_pool_enabled option in [core] has been moved to the sql_alchemy_pool_enabled option in [database] - the old setting has been used, but please update your config.
[2023-04-10T17:29:33.293-0400] {logging_mixin.py:137} WARNING - /Users/admin/opt/anaconda3/envs/python-airflow-venv/lib/python3.10/site-packages/airflow/settings.py:400 DeprecationWarning: The sql_engine_encoding option in [core] has been moved to the sql_engine_encoding option in [database] - the old setting has been used, but please update your config.
[2023-04-10T17:29:33.294-0400] {processor.py:153} INFO - Started process (PID=3557) to work on /Users/admin/opt/anaconda3/envs/python-airflow-venv/lib/python3.10/site-packages/airflow/example_dags/example_sensor_decorator.py
[2023-04-10T17:29:33.294-0400] {processor.py:743} INFO - Processing file /Users/admin/opt/anaconda3/envs/python-airflow-venv/lib/python3.10/site-packages/airflow/example_dags/example_sensor_decorator.py for tasks to queue
[2023-04-10T17:29:33.294-0400] {logging_mixin.py:137} INFO - [2023-04-10T17:29:33.294-0400] {dagbag.py:538} INFO - Filling up the DagBag from /Users/admin/opt/anaconda3/envs/python-airflow-venv/lib/python3.10/site-packages/airflow/example_dags/example_sensor_decorator.py
[2023-04-10T17:29:33.364-0400] {processor.py:753} INFO - DAG(s) dict_keys(['example_sensor_decorator']) retrieved from /Users/admin/opt/anaconda3/envs/python-airflow-venv/lib/python3.10/site-packages/airflow/example_dags/example_sensor_decorator.py
[2023-04-10T17:29:33.406-0400] {logging_mixin.py:137} WARNING - /Users/admin/opt/anaconda3/envs/python-airflow-venv/lib/python3.10/site-packages/airflow/jobs/scheduler_job.py:124 DeprecationWarning: The processor_poll_interval option in [scheduler] has been renamed to scheduler_idle_sleep_time - the old setting has been used, but please update your config.
[2023-04-10T17:29:34.058-0400] {logging_mixin.py:137} INFO - [2023-04-10T17:29:34.058-0400] {dag.py:2690} INFO - Sync 1 DAGs
[2023-04-10T17:29:34.072-0400] {logging_mixin.py:137} INFO - [2023-04-10T17:29:34.071-0400] {dag.py:3437} INFO - Setting next_dagrun for example_sensor_decorator to None, run_after=None
[2023-04-10T17:29:34.088-0400] {processor.py:175} INFO - Processing /Users/admin/opt/anaconda3/envs/python-airflow-venv/lib/python3.10/site-packages/airflow/example_dags/example_sensor_decorator.py took 0.800 seconds
[2023-04-10T17:31:29.255-0400] {logging_mixin.py:137} WARNING - /Users/admin/opt/anaconda3/envs/python-airflow-venv/lib/python3.10/site-packages/airflow/settings.py:337 DeprecationWarning: The sql_alchemy_pool_enabled option in [core] has been moved to the sql_alchemy_pool_enabled option in [database] - the old setting has been used, but please update your config.
[2023-04-10T17:31:29.259-0400] {logging_mixin.py:137} WARNING - /Users/admin/opt/anaconda3/envs/python-airflow-venv/lib/python3.10/site-packages/airflow/settings.py:400 DeprecationWarning: The sql_engine_encoding option in [core] has been moved to the sql_engine_encoding option in [database] - the old setting has been used, but please update your config.
[2023-04-10T17:31:29.259-0400] {processor.py:153} INFO - Started process (PID=3612) to work on /Users/admin/opt/anaconda3/envs/python-airflow-venv/lib/python3.10/site-packages/airflow/example_dags/example_sensor_decorator.py
[2023-04-10T17:31:29.260-0400] {processor.py:743} INFO - Processing file /Users/admin/opt/anaconda3/envs/python-airflow-venv/lib/python3.10/site-packages/airflow/example_dags/example_sensor_decorator.py for tasks to queue
[2023-04-10T17:31:29.260-0400] {logging_mixin.py:137} INFO - [2023-04-10T17:31:29.260-0400] {dagbag.py:538} INFO - Filling up the DagBag from /Users/admin/opt/anaconda3/envs/python-airflow-venv/lib/python3.10/site-packages/airflow/example_dags/example_sensor_decorator.py
[2023-04-10T17:31:29.331-0400] {processor.py:753} INFO - DAG(s) dict_keys(['example_sensor_decorator']) retrieved from /Users/admin/opt/anaconda3/envs/python-airflow-venv/lib/python3.10/site-packages/airflow/example_dags/example_sensor_decorator.py
[2023-04-10T17:31:29.375-0400] {logging_mixin.py:137} WARNING - /Users/admin/opt/anaconda3/envs/python-airflow-venv/lib/python3.10/site-packages/airflow/jobs/scheduler_job.py:124 DeprecationWarning: The processor_poll_interval option in [scheduler] has been renamed to scheduler_idle_sleep_time - the old setting has been used, but please update your config.
[2023-04-10T17:31:30.020-0400] {logging_mixin.py:137} INFO - [2023-04-10T17:31:30.019-0400] {dag.py:2690} INFO - Sync 1 DAGs
[2023-04-10T17:31:30.032-0400] {logging_mixin.py:137} INFO - [2023-04-10T17:31:30.032-0400] {dag.py:3437} INFO - Setting next_dagrun for example_sensor_decorator to None, run_after=None
[2023-04-10T17:31:30.048-0400] {processor.py:175} INFO - Processing /Users/admin/opt/anaconda3/envs/python-airflow-venv/lib/python3.10/site-packages/airflow/example_dags/example_sensor_decorator.py took 0.795 seconds
[2023-04-10T17:33:25.402-0400] {logging_mixin.py:137} WARNING - /Users/admin/opt/anaconda3/envs/python-airflow-venv/lib/python3.10/site-packages/airflow/settings.py:337 DeprecationWarning: The sql_alchemy_pool_enabled option in [core] has been moved to the sql_alchemy_pool_enabled option in [database] - the old setting has been used, but please update your config.
[2023-04-10T17:33:25.406-0400] {logging_mixin.py:137} WARNING - /Users/admin/opt/anaconda3/envs/python-airflow-venv/lib/python3.10/site-packages/airflow/settings.py:400 DeprecationWarning: The sql_engine_encoding option in [core] has been moved to the sql_engine_encoding option in [database] - the old setting has been used, but please update your config.
[2023-04-10T17:33:25.407-0400] {processor.py:153} INFO - Started process (PID=3668) to work on /Users/admin/opt/anaconda3/envs/python-airflow-venv/lib/python3.10/site-packages/airflow/example_dags/example_sensor_decorator.py
[2023-04-10T17:33:25.407-0400] {processor.py:743} INFO - Processing file /Users/admin/opt/anaconda3/envs/python-airflow-venv/lib/python3.10/site-packages/airflow/example_dags/example_sensor_decorator.py for tasks to queue
[2023-04-10T17:33:25.407-0400] {logging_mixin.py:137} INFO - [2023-04-10T17:33:25.407-0400] {dagbag.py:538} INFO - Filling up the DagBag from /Users/admin/opt/anaconda3/envs/python-airflow-venv/lib/python3.10/site-packages/airflow/example_dags/example_sensor_decorator.py
[2023-04-10T17:33:25.473-0400] {processor.py:753} INFO - DAG(s) dict_keys(['example_sensor_decorator']) retrieved from /Users/admin/opt/anaconda3/envs/python-airflow-venv/lib/python3.10/site-packages/airflow/example_dags/example_sensor_decorator.py
[2023-04-10T17:33:25.515-0400] {logging_mixin.py:137} WARNING - /Users/admin/opt/anaconda3/envs/python-airflow-venv/lib/python3.10/site-packages/airflow/jobs/scheduler_job.py:124 DeprecationWarning: The processor_poll_interval option in [scheduler] has been renamed to scheduler_idle_sleep_time - the old setting has been used, but please update your config.
[2023-04-10T17:33:26.167-0400] {logging_mixin.py:137} INFO - [2023-04-10T17:33:26.166-0400] {dag.py:2690} INFO - Sync 1 DAGs
[2023-04-10T17:33:26.180-0400] {logging_mixin.py:137} INFO - [2023-04-10T17:33:26.180-0400] {dag.py:3437} INFO - Setting next_dagrun for example_sensor_decorator to None, run_after=None
[2023-04-10T17:33:26.200-0400] {processor.py:175} INFO - Processing /Users/admin/opt/anaconda3/envs/python-airflow-venv/lib/python3.10/site-packages/airflow/example_dags/example_sensor_decorator.py took 0.800 seconds
[2023-04-10T17:35:22.896-0400] {logging_mixin.py:137} WARNING - /Users/admin/opt/anaconda3/envs/python-airflow-venv/lib/python3.10/site-packages/airflow/settings.py:337 DeprecationWarning: The sql_alchemy_pool_enabled option in [core] has been moved to the sql_alchemy_pool_enabled option in [database] - the old setting has been used, but please update your config.
[2023-04-10T17:35:22.901-0400] {logging_mixin.py:137} WARNING - /Users/admin/opt/anaconda3/envs/python-airflow-venv/lib/python3.10/site-packages/airflow/settings.py:400 DeprecationWarning: The sql_engine_encoding option in [core] has been moved to the sql_engine_encoding option in [database] - the old setting has been used, but please update your config.
[2023-04-10T17:35:22.901-0400] {processor.py:153} INFO - Started process (PID=3742) to work on /Users/admin/opt/anaconda3/envs/python-airflow-venv/lib/python3.10/site-packages/airflow/example_dags/example_sensor_decorator.py
[2023-04-10T17:35:22.901-0400] {processor.py:743} INFO - Processing file /Users/admin/opt/anaconda3/envs/python-airflow-venv/lib/python3.10/site-packages/airflow/example_dags/example_sensor_decorator.py for tasks to queue
[2023-04-10T17:35:22.902-0400] {logging_mixin.py:137} INFO - [2023-04-10T17:35:22.902-0400] {dagbag.py:538} INFO - Filling up the DagBag from /Users/admin/opt/anaconda3/envs/python-airflow-venv/lib/python3.10/site-packages/airflow/example_dags/example_sensor_decorator.py
[2023-04-10T17:35:22.969-0400] {processor.py:753} INFO - DAG(s) dict_keys(['example_sensor_decorator']) retrieved from /Users/admin/opt/anaconda3/envs/python-airflow-venv/lib/python3.10/site-packages/airflow/example_dags/example_sensor_decorator.py
[2023-04-10T17:35:23.011-0400] {logging_mixin.py:137} WARNING - /Users/admin/opt/anaconda3/envs/python-airflow-venv/lib/python3.10/site-packages/airflow/jobs/scheduler_job.py:124 DeprecationWarning: The processor_poll_interval option in [scheduler] has been renamed to scheduler_idle_sleep_time - the old setting has been used, but please update your config.
[2023-04-10T17:35:23.658-0400] {logging_mixin.py:137} INFO - [2023-04-10T17:35:23.658-0400] {dag.py:2690} INFO - Sync 1 DAGs
[2023-04-10T17:35:23.671-0400] {logging_mixin.py:137} INFO - [2023-04-10T17:35:23.671-0400] {dag.py:3437} INFO - Setting next_dagrun for example_sensor_decorator to None, run_after=None
[2023-04-10T17:35:23.690-0400] {processor.py:175} INFO - Processing /Users/admin/opt/anaconda3/envs/python-airflow-venv/lib/python3.10/site-packages/airflow/example_dags/example_sensor_decorator.py took 0.795 seconds
[2023-04-10T17:37:18.985-0400] {logging_mixin.py:137} WARNING - /Users/admin/opt/anaconda3/envs/python-airflow-venv/lib/python3.10/site-packages/airflow/settings.py:337 DeprecationWarning: The sql_alchemy_pool_enabled option in [core] has been moved to the sql_alchemy_pool_enabled option in [database] - the old setting has been used, but please update your config.
[2023-04-10T17:37:18.989-0400] {logging_mixin.py:137} WARNING - /Users/admin/opt/anaconda3/envs/python-airflow-venv/lib/python3.10/site-packages/airflow/settings.py:400 DeprecationWarning: The sql_engine_encoding option in [core] has been moved to the sql_engine_encoding option in [database] - the old setting has been used, but please update your config.
[2023-04-10T17:37:18.990-0400] {processor.py:153} INFO - Started process (PID=3794) to work on /Users/admin/opt/anaconda3/envs/python-airflow-venv/lib/python3.10/site-packages/airflow/example_dags/example_sensor_decorator.py
[2023-04-10T17:37:18.990-0400] {processor.py:743} INFO - Processing file /Users/admin/opt/anaconda3/envs/python-airflow-venv/lib/python3.10/site-packages/airflow/example_dags/example_sensor_decorator.py for tasks to queue
[2023-04-10T17:37:18.991-0400] {logging_mixin.py:137} INFO - [2023-04-10T17:37:18.990-0400] {dagbag.py:538} INFO - Filling up the DagBag from /Users/admin/opt/anaconda3/envs/python-airflow-venv/lib/python3.10/site-packages/airflow/example_dags/example_sensor_decorator.py
[2023-04-10T17:37:19.059-0400] {processor.py:753} INFO - DAG(s) dict_keys(['example_sensor_decorator']) retrieved from /Users/admin/opt/anaconda3/envs/python-airflow-venv/lib/python3.10/site-packages/airflow/example_dags/example_sensor_decorator.py
[2023-04-10T17:37:19.101-0400] {logging_mixin.py:137} WARNING - /Users/admin/opt/anaconda3/envs/python-airflow-venv/lib/python3.10/site-packages/airflow/jobs/scheduler_job.py:124 DeprecationWarning: The processor_poll_interval option in [scheduler] has been renamed to scheduler_idle_sleep_time - the old setting has been used, but please update your config.
[2023-04-10T17:37:19.752-0400] {logging_mixin.py:137} INFO - [2023-04-10T17:37:19.752-0400] {dag.py:2690} INFO - Sync 1 DAGs
[2023-04-10T17:37:19.765-0400] {logging_mixin.py:137} INFO - [2023-04-10T17:37:19.765-0400] {dag.py:3437} INFO - Setting next_dagrun for example_sensor_decorator to None, run_after=None
[2023-04-10T17:37:19.785-0400] {processor.py:175} INFO - Processing /Users/admin/opt/anaconda3/envs/python-airflow-venv/lib/python3.10/site-packages/airflow/example_dags/example_sensor_decorator.py took 0.801 seconds
[2023-04-10T17:39:14.776-0400] {logging_mixin.py:137} WARNING - /Users/admin/opt/anaconda3/envs/python-airflow-venv/lib/python3.10/site-packages/airflow/settings.py:337 DeprecationWarning: The sql_alchemy_pool_enabled option in [core] has been moved to the sql_alchemy_pool_enabled option in [database] - the old setting has been used, but please update your config.
[2023-04-10T17:39:14.780-0400] {logging_mixin.py:137} WARNING - /Users/admin/opt/anaconda3/envs/python-airflow-venv/lib/python3.10/site-packages/airflow/settings.py:400 DeprecationWarning: The sql_engine_encoding option in [core] has been moved to the sql_engine_encoding option in [database] - the old setting has been used, but please update your config.
[2023-04-10T17:39:14.781-0400] {processor.py:153} INFO - Started process (PID=3844) to work on /Users/admin/opt/anaconda3/envs/python-airflow-venv/lib/python3.10/site-packages/airflow/example_dags/example_sensor_decorator.py
[2023-04-10T17:39:14.781-0400] {processor.py:743} INFO - Processing file /Users/admin/opt/anaconda3/envs/python-airflow-venv/lib/python3.10/site-packages/airflow/example_dags/example_sensor_decorator.py for tasks to queue
[2023-04-10T17:39:14.782-0400] {logging_mixin.py:137} INFO - [2023-04-10T17:39:14.781-0400] {dagbag.py:538} INFO - Filling up the DagBag from /Users/admin/opt/anaconda3/envs/python-airflow-venv/lib/python3.10/site-packages/airflow/example_dags/example_sensor_decorator.py
[2023-04-10T17:39:14.848-0400] {processor.py:753} INFO - DAG(s) dict_keys(['example_sensor_decorator']) retrieved from /Users/admin/opt/anaconda3/envs/python-airflow-venv/lib/python3.10/site-packages/airflow/example_dags/example_sensor_decorator.py
[2023-04-10T17:39:14.890-0400] {logging_mixin.py:137} WARNING - /Users/admin/opt/anaconda3/envs/python-airflow-venv/lib/python3.10/site-packages/airflow/jobs/scheduler_job.py:124 DeprecationWarning: The processor_poll_interval option in [scheduler] has been renamed to scheduler_idle_sleep_time - the old setting has been used, but please update your config.
[2023-04-10T17:39:15.538-0400] {logging_mixin.py:137} INFO - [2023-04-10T17:39:15.538-0400] {dag.py:2690} INFO - Sync 1 DAGs
[2023-04-10T17:39:15.551-0400] {logging_mixin.py:137} INFO - [2023-04-10T17:39:15.551-0400] {dag.py:3437} INFO - Setting next_dagrun for example_sensor_decorator to None, run_after=None
[2023-04-10T17:39:15.567-0400] {processor.py:175} INFO - Processing /Users/admin/opt/anaconda3/envs/python-airflow-venv/lib/python3.10/site-packages/airflow/example_dags/example_sensor_decorator.py took 0.792 seconds
[2023-04-10T17:41:12.407-0400] {logging_mixin.py:137} WARNING - /Users/admin/opt/anaconda3/envs/python-airflow-venv/lib/python3.10/site-packages/airflow/settings.py:337 DeprecationWarning: The sql_alchemy_pool_enabled option in [core] has been moved to the sql_alchemy_pool_enabled option in [database] - the old setting has been used, but please update your config.
[2023-04-10T17:41:12.412-0400] {logging_mixin.py:137} WARNING - /Users/admin/opt/anaconda3/envs/python-airflow-venv/lib/python3.10/site-packages/airflow/settings.py:400 DeprecationWarning: The sql_engine_encoding option in [core] has been moved to the sql_engine_encoding option in [database] - the old setting has been used, but please update your config.
[2023-04-10T17:41:12.412-0400] {processor.py:153} INFO - Started process (PID=3899) to work on /Users/admin/opt/anaconda3/envs/python-airflow-venv/lib/python3.10/site-packages/airflow/example_dags/example_sensor_decorator.py
[2023-04-10T17:41:12.413-0400] {processor.py:743} INFO - Processing file /Users/admin/opt/anaconda3/envs/python-airflow-venv/lib/python3.10/site-packages/airflow/example_dags/example_sensor_decorator.py for tasks to queue
[2023-04-10T17:41:12.413-0400] {logging_mixin.py:137} INFO - [2023-04-10T17:41:12.413-0400] {dagbag.py:538} INFO - Filling up the DagBag from /Users/admin/opt/anaconda3/envs/python-airflow-venv/lib/python3.10/site-packages/airflow/example_dags/example_sensor_decorator.py
[2023-04-10T17:41:12.480-0400] {processor.py:753} INFO - DAG(s) dict_keys(['example_sensor_decorator']) retrieved from /Users/admin/opt/anaconda3/envs/python-airflow-venv/lib/python3.10/site-packages/airflow/example_dags/example_sensor_decorator.py
[2023-04-10T17:41:12.523-0400] {logging_mixin.py:137} WARNING - /Users/admin/opt/anaconda3/envs/python-airflow-venv/lib/python3.10/site-packages/airflow/jobs/scheduler_job.py:124 DeprecationWarning: The processor_poll_interval option in [scheduler] has been renamed to scheduler_idle_sleep_time - the old setting has been used, but please update your config.
[2023-04-10T17:41:13.176-0400] {logging_mixin.py:137} INFO - [2023-04-10T17:41:13.176-0400] {dag.py:2690} INFO - Sync 1 DAGs
[2023-04-10T17:41:13.189-0400] {logging_mixin.py:137} INFO - [2023-04-10T17:41:13.189-0400] {dag.py:3437} INFO - Setting next_dagrun for example_sensor_decorator to None, run_after=None
[2023-04-10T17:41:13.206-0400] {processor.py:175} INFO - Processing /Users/admin/opt/anaconda3/envs/python-airflow-venv/lib/python3.10/site-packages/airflow/example_dags/example_sensor_decorator.py took 0.799 seconds
[2023-04-10T17:43:08.453-0400] {logging_mixin.py:137} WARNING - /Users/admin/opt/anaconda3/envs/python-airflow-venv/lib/python3.10/site-packages/airflow/settings.py:337 DeprecationWarning: The sql_alchemy_pool_enabled option in [core] has been moved to the sql_alchemy_pool_enabled option in [database] - the old setting has been used, but please update your config.
[2023-04-10T17:43:08.457-0400] {logging_mixin.py:137} WARNING - /Users/admin/opt/anaconda3/envs/python-airflow-venv/lib/python3.10/site-packages/airflow/settings.py:400 DeprecationWarning: The sql_engine_encoding option in [core] has been moved to the sql_engine_encoding option in [database] - the old setting has been used, but please update your config.
[2023-04-10T17:43:08.458-0400] {processor.py:153} INFO - Started process (PID=3950) to work on /Users/admin/opt/anaconda3/envs/python-airflow-venv/lib/python3.10/site-packages/airflow/example_dags/example_sensor_decorator.py
[2023-04-10T17:43:08.458-0400] {processor.py:743} INFO - Processing file /Users/admin/opt/anaconda3/envs/python-airflow-venv/lib/python3.10/site-packages/airflow/example_dags/example_sensor_decorator.py for tasks to queue
[2023-04-10T17:43:08.458-0400] {logging_mixin.py:137} INFO - [2023-04-10T17:43:08.458-0400] {dagbag.py:538} INFO - Filling up the DagBag from /Users/admin/opt/anaconda3/envs/python-airflow-venv/lib/python3.10/site-packages/airflow/example_dags/example_sensor_decorator.py
[2023-04-10T17:43:08.525-0400] {processor.py:753} INFO - DAG(s) dict_keys(['example_sensor_decorator']) retrieved from /Users/admin/opt/anaconda3/envs/python-airflow-venv/lib/python3.10/site-packages/airflow/example_dags/example_sensor_decorator.py
[2023-04-10T17:43:08.567-0400] {logging_mixin.py:137} WARNING - /Users/admin/opt/anaconda3/envs/python-airflow-venv/lib/python3.10/site-packages/airflow/jobs/scheduler_job.py:124 DeprecationWarning: The processor_poll_interval option in [scheduler] has been renamed to scheduler_idle_sleep_time - the old setting has been used, but please update your config.
[2023-04-10T17:43:09.219-0400] {logging_mixin.py:137} INFO - [2023-04-10T17:43:09.219-0400] {dag.py:2690} INFO - Sync 1 DAGs
[2023-04-10T17:43:09.231-0400] {logging_mixin.py:137} INFO - [2023-04-10T17:43:09.231-0400] {dag.py:3437} INFO - Setting next_dagrun for example_sensor_decorator to None, run_after=None
[2023-04-10T17:43:09.251-0400] {processor.py:175} INFO - Processing /Users/admin/opt/anaconda3/envs/python-airflow-venv/lib/python3.10/site-packages/airflow/example_dags/example_sensor_decorator.py took 0.799 seconds
[2023-04-10T17:45:01.698-0400] {logging_mixin.py:137} WARNING - /Users/admin/opt/anaconda3/envs/python-airflow-venv/lib/python3.10/site-packages/airflow/settings.py:337 DeprecationWarning: The sql_alchemy_pool_enabled option in [core] has been moved to the sql_alchemy_pool_enabled option in [database] - the old setting has been used, but please update your config.
[2023-04-10T17:45:01.703-0400] {logging_mixin.py:137} WARNING - /Users/admin/opt/anaconda3/envs/python-airflow-venv/lib/python3.10/site-packages/airflow/settings.py:400 DeprecationWarning: The sql_engine_encoding option in [core] has been moved to the sql_engine_encoding option in [database] - the old setting has been used, but please update your config.
[2023-04-10T17:45:01.704-0400] {processor.py:153} INFO - Started process (PID=4004) to work on /Users/admin/opt/anaconda3/envs/python-airflow-venv/lib/python3.10/site-packages/airflow/example_dags/example_sensor_decorator.py
[2023-04-10T17:45:01.704-0400] {processor.py:743} INFO - Processing file /Users/admin/opt/anaconda3/envs/python-airflow-venv/lib/python3.10/site-packages/airflow/example_dags/example_sensor_decorator.py for tasks to queue
[2023-04-10T17:45:01.704-0400] {logging_mixin.py:137} INFO - [2023-04-10T17:45:01.704-0400] {dagbag.py:538} INFO - Filling up the DagBag from /Users/admin/opt/anaconda3/envs/python-airflow-venv/lib/python3.10/site-packages/airflow/example_dags/example_sensor_decorator.py
[2023-04-10T17:45:01.773-0400] {processor.py:753} INFO - DAG(s) dict_keys(['example_sensor_decorator']) retrieved from /Users/admin/opt/anaconda3/envs/python-airflow-venv/lib/python3.10/site-packages/airflow/example_dags/example_sensor_decorator.py
[2023-04-10T17:45:01.815-0400] {logging_mixin.py:137} WARNING - /Users/admin/opt/anaconda3/envs/python-airflow-venv/lib/python3.10/site-packages/airflow/jobs/scheduler_job.py:124 DeprecationWarning: The processor_poll_interval option in [scheduler] has been renamed to scheduler_idle_sleep_time - the old setting has been used, but please update your config.
[2023-04-10T17:45:02.466-0400] {logging_mixin.py:137} INFO - [2023-04-10T17:45:02.466-0400] {dag.py:2690} INFO - Sync 1 DAGs
[2023-04-10T17:45:02.478-0400] {logging_mixin.py:137} INFO - [2023-04-10T17:45:02.478-0400] {dag.py:3437} INFO - Setting next_dagrun for example_sensor_decorator to None, run_after=None
[2023-04-10T17:45:02.496-0400] {processor.py:175} INFO - Processing /Users/admin/opt/anaconda3/envs/python-airflow-venv/lib/python3.10/site-packages/airflow/example_dags/example_sensor_decorator.py took 0.798 seconds
[2023-04-10T17:46:57.639-0400] {logging_mixin.py:137} WARNING - /Users/admin/opt/anaconda3/envs/python-airflow-venv/lib/python3.10/site-packages/airflow/settings.py:337 DeprecationWarning: The sql_alchemy_pool_enabled option in [core] has been moved to the sql_alchemy_pool_enabled option in [database] - the old setting has been used, but please update your config.
[2023-04-10T17:46:57.644-0400] {logging_mixin.py:137} WARNING - /Users/admin/opt/anaconda3/envs/python-airflow-venv/lib/python3.10/site-packages/airflow/settings.py:400 DeprecationWarning: The sql_engine_encoding option in [core] has been moved to the sql_engine_encoding option in [database] - the old setting has been used, but please update your config.
[2023-04-10T17:46:57.644-0400] {processor.py:153} INFO - Started process (PID=4055) to work on /Users/admin/opt/anaconda3/envs/python-airflow-venv/lib/python3.10/site-packages/airflow/example_dags/example_sensor_decorator.py
[2023-04-10T17:46:57.644-0400] {processor.py:743} INFO - Processing file /Users/admin/opt/anaconda3/envs/python-airflow-venv/lib/python3.10/site-packages/airflow/example_dags/example_sensor_decorator.py for tasks to queue
[2023-04-10T17:46:57.645-0400] {logging_mixin.py:137} INFO - [2023-04-10T17:46:57.645-0400] {dagbag.py:538} INFO - Filling up the DagBag from /Users/admin/opt/anaconda3/envs/python-airflow-venv/lib/python3.10/site-packages/airflow/example_dags/example_sensor_decorator.py
[2023-04-10T17:46:57.710-0400] {processor.py:753} INFO - DAG(s) dict_keys(['example_sensor_decorator']) retrieved from /Users/admin/opt/anaconda3/envs/python-airflow-venv/lib/python3.10/site-packages/airflow/example_dags/example_sensor_decorator.py
[2023-04-10T17:46:57.753-0400] {logging_mixin.py:137} WARNING - /Users/admin/opt/anaconda3/envs/python-airflow-venv/lib/python3.10/site-packages/airflow/jobs/scheduler_job.py:124 DeprecationWarning: The processor_poll_interval option in [scheduler] has been renamed to scheduler_idle_sleep_time - the old setting has been used, but please update your config.
[2023-04-10T17:46:58.400-0400] {logging_mixin.py:137} INFO - [2023-04-10T17:46:58.400-0400] {dag.py:2690} INFO - Sync 1 DAGs
[2023-04-10T17:46:58.413-0400] {logging_mixin.py:137} INFO - [2023-04-10T17:46:58.412-0400] {dag.py:3437} INFO - Setting next_dagrun for example_sensor_decorator to None, run_after=None
[2023-04-10T17:46:58.433-0400] {processor.py:175} INFO - Processing /Users/admin/opt/anaconda3/envs/python-airflow-venv/lib/python3.10/site-packages/airflow/example_dags/example_sensor_decorator.py took 0.794 seconds
[2023-04-10T17:48:53.742-0400] {logging_mixin.py:137} WARNING - /Users/admin/opt/anaconda3/envs/python-airflow-venv/lib/python3.10/site-packages/airflow/settings.py:337 DeprecationWarning: The sql_alchemy_pool_enabled option in [core] has been moved to the sql_alchemy_pool_enabled option in [database] - the old setting has been used, but please update your config.
[2023-04-10T17:48:53.749-0400] {logging_mixin.py:137} WARNING - /Users/admin/opt/anaconda3/envs/python-airflow-venv/lib/python3.10/site-packages/airflow/settings.py:400 DeprecationWarning: The sql_engine_encoding option in [core] has been moved to the sql_engine_encoding option in [database] - the old setting has been used, but please update your config.
[2023-04-10T17:48:53.750-0400] {processor.py:153} INFO - Started process (PID=4106) to work on /Users/admin/opt/anaconda3/envs/python-airflow-venv/lib/python3.10/site-packages/airflow/example_dags/example_sensor_decorator.py
[2023-04-10T17:48:53.750-0400] {processor.py:743} INFO - Processing file /Users/admin/opt/anaconda3/envs/python-airflow-venv/lib/python3.10/site-packages/airflow/example_dags/example_sensor_decorator.py for tasks to queue
[2023-04-10T17:48:53.750-0400] {logging_mixin.py:137} INFO - [2023-04-10T17:48:53.750-0400] {dagbag.py:538} INFO - Filling up the DagBag from /Users/admin/opt/anaconda3/envs/python-airflow-venv/lib/python3.10/site-packages/airflow/example_dags/example_sensor_decorator.py
[2023-04-10T17:48:53.832-0400] {processor.py:753} INFO - DAG(s) dict_keys(['example_sensor_decorator']) retrieved from /Users/admin/opt/anaconda3/envs/python-airflow-venv/lib/python3.10/site-packages/airflow/example_dags/example_sensor_decorator.py
[2023-04-10T17:48:53.885-0400] {logging_mixin.py:137} WARNING - /Users/admin/opt/anaconda3/envs/python-airflow-venv/lib/python3.10/site-packages/airflow/jobs/scheduler_job.py:124 DeprecationWarning: The processor_poll_interval option in [scheduler] has been renamed to scheduler_idle_sleep_time - the old setting has been used, but please update your config.
[2023-04-10T17:48:54.600-0400] {logging_mixin.py:137} INFO - [2023-04-10T17:48:54.600-0400] {dag.py:2690} INFO - Sync 1 DAGs
[2023-04-10T17:48:54.613-0400] {logging_mixin.py:137} INFO - [2023-04-10T17:48:54.613-0400] {dag.py:3437} INFO - Setting next_dagrun for example_sensor_decorator to None, run_after=None
[2023-04-10T17:48:54.630-0400] {processor.py:175} INFO - Processing /Users/admin/opt/anaconda3/envs/python-airflow-venv/lib/python3.10/site-packages/airflow/example_dags/example_sensor_decorator.py took 0.890 seconds
[2023-04-10T17:50:49.476-0400] {logging_mixin.py:137} WARNING - /Users/admin/opt/anaconda3/envs/python-airflow-venv/lib/python3.10/site-packages/airflow/settings.py:337 DeprecationWarning: The sql_alchemy_pool_enabled option in [core] has been moved to the sql_alchemy_pool_enabled option in [database] - the old setting has been used, but please update your config.
[2023-04-10T17:50:49.480-0400] {logging_mixin.py:137} WARNING - /Users/admin/opt/anaconda3/envs/python-airflow-venv/lib/python3.10/site-packages/airflow/settings.py:400 DeprecationWarning: The sql_engine_encoding option in [core] has been moved to the sql_engine_encoding option in [database] - the old setting has been used, but please update your config.
[2023-04-10T17:50:49.481-0400] {processor.py:153} INFO - Started process (PID=4156) to work on /Users/admin/opt/anaconda3/envs/python-airflow-venv/lib/python3.10/site-packages/airflow/example_dags/example_sensor_decorator.py
[2023-04-10T17:50:49.481-0400] {processor.py:743} INFO - Processing file /Users/admin/opt/anaconda3/envs/python-airflow-venv/lib/python3.10/site-packages/airflow/example_dags/example_sensor_decorator.py for tasks to queue
[2023-04-10T17:50:49.481-0400] {logging_mixin.py:137} INFO - [2023-04-10T17:50:49.481-0400] {dagbag.py:538} INFO - Filling up the DagBag from /Users/admin/opt/anaconda3/envs/python-airflow-venv/lib/python3.10/site-packages/airflow/example_dags/example_sensor_decorator.py
[2023-04-10T17:50:49.547-0400] {processor.py:753} INFO - DAG(s) dict_keys(['example_sensor_decorator']) retrieved from /Users/admin/opt/anaconda3/envs/python-airflow-venv/lib/python3.10/site-packages/airflow/example_dags/example_sensor_decorator.py
[2023-04-10T17:50:49.589-0400] {logging_mixin.py:137} WARNING - /Users/admin/opt/anaconda3/envs/python-airflow-venv/lib/python3.10/site-packages/airflow/jobs/scheduler_job.py:124 DeprecationWarning: The processor_poll_interval option in [scheduler] has been renamed to scheduler_idle_sleep_time - the old setting has been used, but please update your config.
[2023-04-10T17:50:50.241-0400] {logging_mixin.py:137} INFO - [2023-04-10T17:50:50.241-0400] {dag.py:2690} INFO - Sync 1 DAGs
[2023-04-10T17:50:50.253-0400] {logging_mixin.py:137} INFO - [2023-04-10T17:50:50.253-0400] {dag.py:3437} INFO - Setting next_dagrun for example_sensor_decorator to None, run_after=None
[2023-04-10T17:50:50.270-0400] {processor.py:175} INFO - Processing /Users/admin/opt/anaconda3/envs/python-airflow-venv/lib/python3.10/site-packages/airflow/example_dags/example_sensor_decorator.py took 0.795 seconds
[2023-04-10T17:52:45.521-0400] {logging_mixin.py:137} WARNING - /Users/admin/opt/anaconda3/envs/python-airflow-venv/lib/python3.10/site-packages/airflow/settings.py:337 DeprecationWarning: The sql_alchemy_pool_enabled option in [core] has been moved to the sql_alchemy_pool_enabled option in [database] - the old setting has been used, but please update your config.
[2023-04-10T17:52:45.526-0400] {logging_mixin.py:137} WARNING - /Users/admin/opt/anaconda3/envs/python-airflow-venv/lib/python3.10/site-packages/airflow/settings.py:400 DeprecationWarning: The sql_engine_encoding option in [core] has been moved to the sql_engine_encoding option in [database] - the old setting has been used, but please update your config.
[2023-04-10T17:52:45.526-0400] {processor.py:153} INFO - Started process (PID=4213) to work on /Users/admin/opt/anaconda3/envs/python-airflow-venv/lib/python3.10/site-packages/airflow/example_dags/example_sensor_decorator.py
[2023-04-10T17:52:45.526-0400] {processor.py:743} INFO - Processing file /Users/admin/opt/anaconda3/envs/python-airflow-venv/lib/python3.10/site-packages/airflow/example_dags/example_sensor_decorator.py for tasks to queue
[2023-04-10T17:52:45.527-0400] {logging_mixin.py:137} INFO - [2023-04-10T17:52:45.527-0400] {dagbag.py:538} INFO - Filling up the DagBag from /Users/admin/opt/anaconda3/envs/python-airflow-venv/lib/python3.10/site-packages/airflow/example_dags/example_sensor_decorator.py
[2023-04-10T17:52:45.591-0400] {processor.py:753} INFO - DAG(s) dict_keys(['example_sensor_decorator']) retrieved from /Users/admin/opt/anaconda3/envs/python-airflow-venv/lib/python3.10/site-packages/airflow/example_dags/example_sensor_decorator.py
[2023-04-10T17:52:45.633-0400] {logging_mixin.py:137} WARNING - /Users/admin/opt/anaconda3/envs/python-airflow-venv/lib/python3.10/site-packages/airflow/jobs/scheduler_job.py:124 DeprecationWarning: The processor_poll_interval option in [scheduler] has been renamed to scheduler_idle_sleep_time - the old setting has been used, but please update your config.
[2023-04-10T17:52:46.286-0400] {logging_mixin.py:137} INFO - [2023-04-10T17:52:46.286-0400] {dag.py:2690} INFO - Sync 1 DAGs
[2023-04-10T17:52:46.299-0400] {logging_mixin.py:137} INFO - [2023-04-10T17:52:46.299-0400] {dag.py:3437} INFO - Setting next_dagrun for example_sensor_decorator to None, run_after=None
[2023-04-10T17:52:46.319-0400] {processor.py:175} INFO - Processing /Users/admin/opt/anaconda3/envs/python-airflow-venv/lib/python3.10/site-packages/airflow/example_dags/example_sensor_decorator.py took 0.798 seconds
[2023-04-10T17:54:41.794-0400] {logging_mixin.py:137} WARNING - /Users/admin/opt/anaconda3/envs/python-airflow-venv/lib/python3.10/site-packages/airflow/settings.py:337 DeprecationWarning: The sql_alchemy_pool_enabled option in [core] has been moved to the sql_alchemy_pool_enabled option in [database] - the old setting has been used, but please update your config.
[2023-04-10T17:54:41.799-0400] {logging_mixin.py:137} WARNING - /Users/admin/opt/anaconda3/envs/python-airflow-venv/lib/python3.10/site-packages/airflow/settings.py:400 DeprecationWarning: The sql_engine_encoding option in [core] has been moved to the sql_engine_encoding option in [database] - the old setting has been used, but please update your config.
[2023-04-10T17:54:41.799-0400] {processor.py:153} INFO - Started process (PID=4265) to work on /Users/admin/opt/anaconda3/envs/python-airflow-venv/lib/python3.10/site-packages/airflow/example_dags/example_sensor_decorator.py
[2023-04-10T17:54:41.799-0400] {processor.py:743} INFO - Processing file /Users/admin/opt/anaconda3/envs/python-airflow-venv/lib/python3.10/site-packages/airflow/example_dags/example_sensor_decorator.py for tasks to queue
[2023-04-10T17:54:41.800-0400] {logging_mixin.py:137} INFO - [2023-04-10T17:54:41.800-0400] {dagbag.py:538} INFO - Filling up the DagBag from /Users/admin/opt/anaconda3/envs/python-airflow-venv/lib/python3.10/site-packages/airflow/example_dags/example_sensor_decorator.py
[2023-04-10T17:54:41.867-0400] {processor.py:753} INFO - DAG(s) dict_keys(['example_sensor_decorator']) retrieved from /Users/admin/opt/anaconda3/envs/python-airflow-venv/lib/python3.10/site-packages/airflow/example_dags/example_sensor_decorator.py
[2023-04-10T17:54:41.909-0400] {logging_mixin.py:137} WARNING - /Users/admin/opt/anaconda3/envs/python-airflow-venv/lib/python3.10/site-packages/airflow/jobs/scheduler_job.py:124 DeprecationWarning: The processor_poll_interval option in [scheduler] has been renamed to scheduler_idle_sleep_time - the old setting has been used, but please update your config.
[2023-04-10T17:54:42.558-0400] {logging_mixin.py:137} INFO - [2023-04-10T17:54:42.558-0400] {dag.py:2690} INFO - Sync 1 DAGs
[2023-04-10T17:54:42.570-0400] {logging_mixin.py:137} INFO - [2023-04-10T17:54:42.570-0400] {dag.py:3437} INFO - Setting next_dagrun for example_sensor_decorator to None, run_after=None
[2023-04-10T17:54:42.590-0400] {processor.py:175} INFO - Processing /Users/admin/opt/anaconda3/envs/python-airflow-venv/lib/python3.10/site-packages/airflow/example_dags/example_sensor_decorator.py took 0.797 seconds
[2023-04-10T17:56:37.818-0400] {logging_mixin.py:137} WARNING - /Users/admin/opt/anaconda3/envs/python-airflow-venv/lib/python3.10/site-packages/airflow/settings.py:337 DeprecationWarning: The sql_alchemy_pool_enabled option in [core] has been moved to the sql_alchemy_pool_enabled option in [database] - the old setting has been used, but please update your config.
[2023-04-10T17:56:37.823-0400] {logging_mixin.py:137} WARNING - /Users/admin/opt/anaconda3/envs/python-airflow-venv/lib/python3.10/site-packages/airflow/settings.py:400 DeprecationWarning: The sql_engine_encoding option in [core] has been moved to the sql_engine_encoding option in [database] - the old setting has been used, but please update your config.
[2023-04-10T17:56:37.823-0400] {processor.py:153} INFO - Started process (PID=4317) to work on /Users/admin/opt/anaconda3/envs/python-airflow-venv/lib/python3.10/site-packages/airflow/example_dags/example_sensor_decorator.py
[2023-04-10T17:56:37.823-0400] {processor.py:743} INFO - Processing file /Users/admin/opt/anaconda3/envs/python-airflow-venv/lib/python3.10/site-packages/airflow/example_dags/example_sensor_decorator.py for tasks to queue
[2023-04-10T17:56:37.824-0400] {logging_mixin.py:137} INFO - [2023-04-10T17:56:37.824-0400] {dagbag.py:538} INFO - Filling up the DagBag from /Users/admin/opt/anaconda3/envs/python-airflow-venv/lib/python3.10/site-packages/airflow/example_dags/example_sensor_decorator.py
[2023-04-10T17:56:37.891-0400] {processor.py:753} INFO - DAG(s) dict_keys(['example_sensor_decorator']) retrieved from /Users/admin/opt/anaconda3/envs/python-airflow-venv/lib/python3.10/site-packages/airflow/example_dags/example_sensor_decorator.py
[2023-04-10T17:56:37.933-0400] {logging_mixin.py:137} WARNING - /Users/admin/opt/anaconda3/envs/python-airflow-venv/lib/python3.10/site-packages/airflow/jobs/scheduler_job.py:124 DeprecationWarning: The processor_poll_interval option in [scheduler] has been renamed to scheduler_idle_sleep_time - the old setting has been used, but please update your config.
[2023-04-10T17:56:38.584-0400] {logging_mixin.py:137} INFO - [2023-04-10T17:56:38.584-0400] {dag.py:2690} INFO - Sync 1 DAGs
[2023-04-10T17:56:38.597-0400] {logging_mixin.py:137} INFO - [2023-04-10T17:56:38.597-0400] {dag.py:3437} INFO - Setting next_dagrun for example_sensor_decorator to None, run_after=None
[2023-04-10T17:56:38.614-0400] {processor.py:175} INFO - Processing /Users/admin/opt/anaconda3/envs/python-airflow-venv/lib/python3.10/site-packages/airflow/example_dags/example_sensor_decorator.py took 0.797 seconds
[2023-04-10T17:58:33.740-0400] {logging_mixin.py:137} WARNING - /Users/admin/opt/anaconda3/envs/python-airflow-venv/lib/python3.10/site-packages/airflow/settings.py:337 DeprecationWarning: The sql_alchemy_pool_enabled option in [core] has been moved to the sql_alchemy_pool_enabled option in [database] - the old setting has been used, but please update your config.
[2023-04-10T17:58:33.744-0400] {logging_mixin.py:137} WARNING - /Users/admin/opt/anaconda3/envs/python-airflow-venv/lib/python3.10/site-packages/airflow/settings.py:400 DeprecationWarning: The sql_engine_encoding option in [core] has been moved to the sql_engine_encoding option in [database] - the old setting has been used, but please update your config.
[2023-04-10T17:58:33.745-0400] {processor.py:153} INFO - Started process (PID=4367) to work on /Users/admin/opt/anaconda3/envs/python-airflow-venv/lib/python3.10/site-packages/airflow/example_dags/example_sensor_decorator.py
[2023-04-10T17:58:33.745-0400] {processor.py:743} INFO - Processing file /Users/admin/opt/anaconda3/envs/python-airflow-venv/lib/python3.10/site-packages/airflow/example_dags/example_sensor_decorator.py for tasks to queue
[2023-04-10T17:58:33.745-0400] {logging_mixin.py:137} INFO - [2023-04-10T17:58:33.745-0400] {dagbag.py:538} INFO - Filling up the DagBag from /Users/admin/opt/anaconda3/envs/python-airflow-venv/lib/python3.10/site-packages/airflow/example_dags/example_sensor_decorator.py
[2023-04-10T17:58:33.810-0400] {processor.py:753} INFO - DAG(s) dict_keys(['example_sensor_decorator']) retrieved from /Users/admin/opt/anaconda3/envs/python-airflow-venv/lib/python3.10/site-packages/airflow/example_dags/example_sensor_decorator.py
[2023-04-10T17:58:33.853-0400] {logging_mixin.py:137} WARNING - /Users/admin/opt/anaconda3/envs/python-airflow-venv/lib/python3.10/site-packages/airflow/jobs/scheduler_job.py:124 DeprecationWarning: The processor_poll_interval option in [scheduler] has been renamed to scheduler_idle_sleep_time - the old setting has been used, but please update your config.
[2023-04-10T17:58:34.503-0400] {logging_mixin.py:137} INFO - [2023-04-10T17:58:34.502-0400] {dag.py:2690} INFO - Sync 1 DAGs
[2023-04-10T17:58:34.515-0400] {logging_mixin.py:137} INFO - [2023-04-10T17:58:34.515-0400] {dag.py:3437} INFO - Setting next_dagrun for example_sensor_decorator to None, run_after=None
[2023-04-10T17:58:34.534-0400] {processor.py:175} INFO - Processing /Users/admin/opt/anaconda3/envs/python-airflow-venv/lib/python3.10/site-packages/airflow/example_dags/example_sensor_decorator.py took 0.796 seconds
[2023-04-10T18:00:29.724-0400] {logging_mixin.py:137} WARNING - /Users/admin/opt/anaconda3/envs/python-airflow-venv/lib/python3.10/site-packages/airflow/settings.py:337 DeprecationWarning: The sql_alchemy_pool_enabled option in [core] has been moved to the sql_alchemy_pool_enabled option in [database] - the old setting has been used, but please update your config.
[2023-04-10T18:00:29.729-0400] {logging_mixin.py:137} WARNING - /Users/admin/opt/anaconda3/envs/python-airflow-venv/lib/python3.10/site-packages/airflow/settings.py:400 DeprecationWarning: The sql_engine_encoding option in [core] has been moved to the sql_engine_encoding option in [database] - the old setting has been used, but please update your config.
[2023-04-10T18:00:29.730-0400] {processor.py:153} INFO - Started process (PID=4417) to work on /Users/admin/opt/anaconda3/envs/python-airflow-venv/lib/python3.10/site-packages/airflow/example_dags/example_sensor_decorator.py
[2023-04-10T18:00:29.730-0400] {processor.py:743} INFO - Processing file /Users/admin/opt/anaconda3/envs/python-airflow-venv/lib/python3.10/site-packages/airflow/example_dags/example_sensor_decorator.py for tasks to queue
[2023-04-10T18:00:29.730-0400] {logging_mixin.py:137} INFO - [2023-04-10T18:00:29.730-0400] {dagbag.py:538} INFO - Filling up the DagBag from /Users/admin/opt/anaconda3/envs/python-airflow-venv/lib/python3.10/site-packages/airflow/example_dags/example_sensor_decorator.py
[2023-04-10T18:00:29.796-0400] {processor.py:753} INFO - DAG(s) dict_keys(['example_sensor_decorator']) retrieved from /Users/admin/opt/anaconda3/envs/python-airflow-venv/lib/python3.10/site-packages/airflow/example_dags/example_sensor_decorator.py
[2023-04-10T18:00:29.838-0400] {logging_mixin.py:137} WARNING - /Users/admin/opt/anaconda3/envs/python-airflow-venv/lib/python3.10/site-packages/airflow/jobs/scheduler_job.py:124 DeprecationWarning: The processor_poll_interval option in [scheduler] has been renamed to scheduler_idle_sleep_time - the old setting has been used, but please update your config.
[2023-04-10T18:00:30.488-0400] {logging_mixin.py:137} INFO - [2023-04-10T18:00:30.488-0400] {dag.py:2690} INFO - Sync 1 DAGs
[2023-04-10T18:00:30.501-0400] {logging_mixin.py:137} INFO - [2023-04-10T18:00:30.501-0400] {dag.py:3437} INFO - Setting next_dagrun for example_sensor_decorator to None, run_after=None
[2023-04-10T18:00:30.518-0400] {processor.py:175} INFO - Processing /Users/admin/opt/anaconda3/envs/python-airflow-venv/lib/python3.10/site-packages/airflow/example_dags/example_sensor_decorator.py took 0.794 seconds
[2023-04-10T18:12:17.672-0400] {logging_mixin.py:137} WARNING - /Users/admin/opt/anaconda3/envs/python-airflow-venv/lib/python3.10/site-packages/airflow/settings.py:337 DeprecationWarning: The sql_alchemy_pool_enabled option in [core] has been moved to the sql_alchemy_pool_enabled option in [database] - the old setting has been used, but please update your config.
[2023-04-10T18:12:17.676-0400] {logging_mixin.py:137} WARNING - /Users/admin/opt/anaconda3/envs/python-airflow-venv/lib/python3.10/site-packages/airflow/settings.py:400 DeprecationWarning: The sql_engine_encoding option in [core] has been moved to the sql_engine_encoding option in [database] - the old setting has been used, but please update your config.
[2023-04-10T18:12:17.677-0400] {processor.py:153} INFO - Started process (PID=4486) to work on /Users/admin/opt/anaconda3/envs/python-airflow-venv/lib/python3.10/site-packages/airflow/example_dags/example_sensor_decorator.py
[2023-04-10T18:12:17.677-0400] {processor.py:743} INFO - Processing file /Users/admin/opt/anaconda3/envs/python-airflow-venv/lib/python3.10/site-packages/airflow/example_dags/example_sensor_decorator.py for tasks to queue
[2023-04-10T18:12:17.677-0400] {logging_mixin.py:137} INFO - [2023-04-10T18:12:17.677-0400] {dagbag.py:538} INFO - Filling up the DagBag from /Users/admin/opt/anaconda3/envs/python-airflow-venv/lib/python3.10/site-packages/airflow/example_dags/example_sensor_decorator.py
[2023-04-10T18:12:17.743-0400] {processor.py:753} INFO - DAG(s) dict_keys(['example_sensor_decorator']) retrieved from /Users/admin/opt/anaconda3/envs/python-airflow-venv/lib/python3.10/site-packages/airflow/example_dags/example_sensor_decorator.py
[2023-04-10T18:12:17.785-0400] {logging_mixin.py:137} WARNING - /Users/admin/opt/anaconda3/envs/python-airflow-venv/lib/python3.10/site-packages/airflow/jobs/scheduler_job.py:124 DeprecationWarning: The processor_poll_interval option in [scheduler] has been renamed to scheduler_idle_sleep_time - the old setting has been used, but please update your config.
[2023-04-10T18:12:18.437-0400] {logging_mixin.py:137} INFO - [2023-04-10T18:12:18.437-0400] {dag.py:2690} INFO - Sync 1 DAGs
[2023-04-10T18:12:18.450-0400] {logging_mixin.py:137} INFO - [2023-04-10T18:12:18.450-0400] {dag.py:3437} INFO - Setting next_dagrun for example_sensor_decorator to None, run_after=None
[2023-04-10T18:12:18.470-0400] {processor.py:175} INFO - Processing /Users/admin/opt/anaconda3/envs/python-airflow-venv/lib/python3.10/site-packages/airflow/example_dags/example_sensor_decorator.py took 0.799 seconds
[2023-04-10T18:14:13.783-0400] {logging_mixin.py:137} WARNING - /Users/admin/opt/anaconda3/envs/python-airflow-venv/lib/python3.10/site-packages/airflow/settings.py:337 DeprecationWarning: The sql_alchemy_pool_enabled option in [core] has been moved to the sql_alchemy_pool_enabled option in [database] - the old setting has been used, but please update your config.
[2023-04-10T18:14:13.787-0400] {logging_mixin.py:137} WARNING - /Users/admin/opt/anaconda3/envs/python-airflow-venv/lib/python3.10/site-packages/airflow/settings.py:400 DeprecationWarning: The sql_engine_encoding option in [core] has been moved to the sql_engine_encoding option in [database] - the old setting has been used, but please update your config.
[2023-04-10T18:14:13.788-0400] {processor.py:153} INFO - Started process (PID=4539) to work on /Users/admin/opt/anaconda3/envs/python-airflow-venv/lib/python3.10/site-packages/airflow/example_dags/example_sensor_decorator.py
[2023-04-10T18:14:13.788-0400] {processor.py:743} INFO - Processing file /Users/admin/opt/anaconda3/envs/python-airflow-venv/lib/python3.10/site-packages/airflow/example_dags/example_sensor_decorator.py for tasks to queue
[2023-04-10T18:14:13.789-0400] {logging_mixin.py:137} INFO - [2023-04-10T18:14:13.789-0400] {dagbag.py:538} INFO - Filling up the DagBag from /Users/admin/opt/anaconda3/envs/python-airflow-venv/lib/python3.10/site-packages/airflow/example_dags/example_sensor_decorator.py
[2023-04-10T18:14:13.855-0400] {processor.py:753} INFO - DAG(s) dict_keys(['example_sensor_decorator']) retrieved from /Users/admin/opt/anaconda3/envs/python-airflow-venv/lib/python3.10/site-packages/airflow/example_dags/example_sensor_decorator.py
[2023-04-10T18:14:13.898-0400] {logging_mixin.py:137} WARNING - /Users/admin/opt/anaconda3/envs/python-airflow-venv/lib/python3.10/site-packages/airflow/jobs/scheduler_job.py:124 DeprecationWarning: The processor_poll_interval option in [scheduler] has been renamed to scheduler_idle_sleep_time - the old setting has been used, but please update your config.
[2023-04-10T18:14:14.547-0400] {logging_mixin.py:137} INFO - [2023-04-10T18:14:14.547-0400] {dag.py:2690} INFO - Sync 1 DAGs
[2023-04-10T18:14:14.560-0400] {logging_mixin.py:137} INFO - [2023-04-10T18:14:14.559-0400] {dag.py:3437} INFO - Setting next_dagrun for example_sensor_decorator to None, run_after=None
[2023-04-10T18:14:14.580-0400] {processor.py:175} INFO - Processing /Users/admin/opt/anaconda3/envs/python-airflow-venv/lib/python3.10/site-packages/airflow/example_dags/example_sensor_decorator.py took 0.797 seconds
[2023-04-10T18:16:09.679-0400] {logging_mixin.py:137} WARNING - /Users/admin/opt/anaconda3/envs/python-airflow-venv/lib/python3.10/site-packages/airflow/settings.py:337 DeprecationWarning: The sql_alchemy_pool_enabled option in [core] has been moved to the sql_alchemy_pool_enabled option in [database] - the old setting has been used, but please update your config.
[2023-04-10T18:16:09.683-0400] {logging_mixin.py:137} WARNING - /Users/admin/opt/anaconda3/envs/python-airflow-venv/lib/python3.10/site-packages/airflow/settings.py:400 DeprecationWarning: The sql_engine_encoding option in [core] has been moved to the sql_engine_encoding option in [database] - the old setting has been used, but please update your config.
[2023-04-10T18:16:09.684-0400] {processor.py:153} INFO - Started process (PID=4589) to work on /Users/admin/opt/anaconda3/envs/python-airflow-venv/lib/python3.10/site-packages/airflow/example_dags/example_sensor_decorator.py
[2023-04-10T18:16:09.684-0400] {processor.py:743} INFO - Processing file /Users/admin/opt/anaconda3/envs/python-airflow-venv/lib/python3.10/site-packages/airflow/example_dags/example_sensor_decorator.py for tasks to queue
[2023-04-10T18:16:09.685-0400] {logging_mixin.py:137} INFO - [2023-04-10T18:16:09.684-0400] {dagbag.py:538} INFO - Filling up the DagBag from /Users/admin/opt/anaconda3/envs/python-airflow-venv/lib/python3.10/site-packages/airflow/example_dags/example_sensor_decorator.py
[2023-04-10T18:16:09.752-0400] {processor.py:753} INFO - DAG(s) dict_keys(['example_sensor_decorator']) retrieved from /Users/admin/opt/anaconda3/envs/python-airflow-venv/lib/python3.10/site-packages/airflow/example_dags/example_sensor_decorator.py
[2023-04-10T18:16:09.794-0400] {logging_mixin.py:137} WARNING - /Users/admin/opt/anaconda3/envs/python-airflow-venv/lib/python3.10/site-packages/airflow/jobs/scheduler_job.py:124 DeprecationWarning: The processor_poll_interval option in [scheduler] has been renamed to scheduler_idle_sleep_time - the old setting has been used, but please update your config.
[2023-04-10T18:16:10.446-0400] {logging_mixin.py:137} INFO - [2023-04-10T18:16:10.446-0400] {dag.py:2690} INFO - Sync 1 DAGs
[2023-04-10T18:16:10.459-0400] {logging_mixin.py:137} INFO - [2023-04-10T18:16:10.458-0400] {dag.py:3437} INFO - Setting next_dagrun for example_sensor_decorator to None, run_after=None
[2023-04-10T18:16:10.480-0400] {processor.py:175} INFO - Processing /Users/admin/opt/anaconda3/envs/python-airflow-venv/lib/python3.10/site-packages/airflow/example_dags/example_sensor_decorator.py took 0.801 seconds
[2023-04-10T18:18:04.671-0400] {logging_mixin.py:137} WARNING - /Users/admin/opt/anaconda3/envs/python-airflow-venv/lib/python3.10/site-packages/airflow/settings.py:337 DeprecationWarning: The sql_alchemy_pool_enabled option in [core] has been moved to the sql_alchemy_pool_enabled option in [database] - the old setting has been used, but please update your config.
[2023-04-10T18:18:04.675-0400] {logging_mixin.py:137} WARNING - /Users/admin/opt/anaconda3/envs/python-airflow-venv/lib/python3.10/site-packages/airflow/settings.py:400 DeprecationWarning: The sql_engine_encoding option in [core] has been moved to the sql_engine_encoding option in [database] - the old setting has been used, but please update your config.
[2023-04-10T18:18:04.676-0400] {processor.py:153} INFO - Started process (PID=4654) to work on /Users/admin/opt/anaconda3/envs/python-airflow-venv/lib/python3.10/site-packages/airflow/example_dags/example_sensor_decorator.py
[2023-04-10T18:18:04.676-0400] {processor.py:743} INFO - Processing file /Users/admin/opt/anaconda3/envs/python-airflow-venv/lib/python3.10/site-packages/airflow/example_dags/example_sensor_decorator.py for tasks to queue
[2023-04-10T18:18:04.676-0400] {logging_mixin.py:137} INFO - [2023-04-10T18:18:04.676-0400] {dagbag.py:538} INFO - Filling up the DagBag from /Users/admin/opt/anaconda3/envs/python-airflow-venv/lib/python3.10/site-packages/airflow/example_dags/example_sensor_decorator.py
[2023-04-10T18:18:04.742-0400] {processor.py:753} INFO - DAG(s) dict_keys(['example_sensor_decorator']) retrieved from /Users/admin/opt/anaconda3/envs/python-airflow-venv/lib/python3.10/site-packages/airflow/example_dags/example_sensor_decorator.py
[2023-04-10T18:18:04.784-0400] {logging_mixin.py:137} WARNING - /Users/admin/opt/anaconda3/envs/python-airflow-venv/lib/python3.10/site-packages/airflow/jobs/scheduler_job.py:124 DeprecationWarning: The processor_poll_interval option in [scheduler] has been renamed to scheduler_idle_sleep_time - the old setting has been used, but please update your config.
[2023-04-10T18:18:05.435-0400] {logging_mixin.py:137} INFO - [2023-04-10T18:18:05.435-0400] {dag.py:2690} INFO - Sync 1 DAGs
[2023-04-10T18:18:05.448-0400] {logging_mixin.py:137} INFO - [2023-04-10T18:18:05.448-0400] {dag.py:3437} INFO - Setting next_dagrun for example_sensor_decorator to None, run_after=None
[2023-04-10T18:18:05.468-0400] {processor.py:175} INFO - Processing /Users/admin/opt/anaconda3/envs/python-airflow-venv/lib/python3.10/site-packages/airflow/example_dags/example_sensor_decorator.py took 0.798 seconds
