[2023-04-10T17:12:24.068-0400] {logging_mixin.py:137} WARNING - /Users/admin/opt/anaconda3/envs/python-airflow-venv/lib/python3.10/site-packages/airflow/settings.py:337 DeprecationWarning: The sql_alchemy_pool_enabled option in [core] has been moved to the sql_alchemy_pool_enabled option in [database] - the old setting has been used, but please update your config.
[2023-04-10T17:12:24.073-0400] {logging_mixin.py:137} WARNING - /Users/admin/opt/anaconda3/envs/python-airflow-venv/lib/python3.10/site-packages/airflow/settings.py:400 DeprecationWarning: The sql_engine_encoding option in [core] has been moved to the sql_engine_encoding option in [database] - the old setting has been used, but please update your config.
[2023-04-10T17:12:24.074-0400] {processor.py:153} INFO - Started process (PID=3058) to work on /Users/admin/opt/anaconda3/envs/python-airflow-venv/lib/python3.10/site-packages/airflow/example_dags/example_latest_only.py
[2023-04-10T17:12:24.074-0400] {processor.py:743} INFO - Processing file /Users/admin/opt/anaconda3/envs/python-airflow-venv/lib/python3.10/site-packages/airflow/example_dags/example_latest_only.py for tasks to queue
[2023-04-10T17:12:24.074-0400] {logging_mixin.py:137} INFO - [2023-04-10T17:12:24.074-0400] {dagbag.py:538} INFO - Filling up the DagBag from /Users/admin/opt/anaconda3/envs/python-airflow-venv/lib/python3.10/site-packages/airflow/example_dags/example_latest_only.py
[2023-04-10T17:12:24.133-0400] {processor.py:753} INFO - DAG(s) dict_keys(['latest_only']) retrieved from /Users/admin/opt/anaconda3/envs/python-airflow-venv/lib/python3.10/site-packages/airflow/example_dags/example_latest_only.py
[2023-04-10T17:12:24.197-0400] {logging_mixin.py:137} WARNING - /Users/admin/opt/anaconda3/envs/python-airflow-venv/lib/python3.10/site-packages/airflow/jobs/scheduler_job.py:124 DeprecationWarning: The processor_poll_interval option in [scheduler] has been renamed to scheduler_idle_sleep_time - the old setting has been used, but please update your config.
[2023-04-10T17:12:24.806-0400] {logging_mixin.py:137} INFO - [2023-04-10T17:12:24.806-0400] {dag.py:2690} INFO - Sync 1 DAGs
[2023-04-10T17:12:24.820-0400] {logging_mixin.py:137} INFO - [2023-04-10T17:12:24.820-0400] {dag.py:3437} INFO - Setting next_dagrun for latest_only to 2023-04-10T17:12:24.820359+00:00, run_after=2023-04-10T21:12:24.820359+00:00
[2023-04-10T17:12:24.841-0400] {processor.py:175} INFO - Processing /Users/admin/opt/anaconda3/envs/python-airflow-venv/lib/python3.10/site-packages/airflow/example_dags/example_latest_only.py took 0.774 seconds
[2023-04-10T17:16:19.047-0400] {logging_mixin.py:137} WARNING - /Users/admin/opt/anaconda3/envs/python-airflow-venv/lib/python3.10/site-packages/airflow/settings.py:337 DeprecationWarning: The sql_alchemy_pool_enabled option in [core] has been moved to the sql_alchemy_pool_enabled option in [database] - the old setting has been used, but please update your config.
[2023-04-10T17:16:19.051-0400] {logging_mixin.py:137} WARNING - /Users/admin/opt/anaconda3/envs/python-airflow-venv/lib/python3.10/site-packages/airflow/settings.py:400 DeprecationWarning: The sql_engine_encoding option in [core] has been moved to the sql_engine_encoding option in [database] - the old setting has been used, but please update your config.
[2023-04-10T17:16:19.052-0400] {processor.py:153} INFO - Started process (PID=3159) to work on /Users/admin/opt/anaconda3/envs/python-airflow-venv/lib/python3.10/site-packages/airflow/example_dags/example_latest_only.py
[2023-04-10T17:16:19.052-0400] {processor.py:743} INFO - Processing file /Users/admin/opt/anaconda3/envs/python-airflow-venv/lib/python3.10/site-packages/airflow/example_dags/example_latest_only.py for tasks to queue
[2023-04-10T17:16:19.052-0400] {logging_mixin.py:137} INFO - [2023-04-10T17:16:19.052-0400] {dagbag.py:538} INFO - Filling up the DagBag from /Users/admin/opt/anaconda3/envs/python-airflow-venv/lib/python3.10/site-packages/airflow/example_dags/example_latest_only.py
[2023-04-10T17:16:19.098-0400] {processor.py:753} INFO - DAG(s) dict_keys(['latest_only']) retrieved from /Users/admin/opt/anaconda3/envs/python-airflow-venv/lib/python3.10/site-packages/airflow/example_dags/example_latest_only.py
[2023-04-10T17:16:19.152-0400] {logging_mixin.py:137} WARNING - /Users/admin/opt/anaconda3/envs/python-airflow-venv/lib/python3.10/site-packages/airflow/jobs/scheduler_job.py:124 DeprecationWarning: The processor_poll_interval option in [scheduler] has been renamed to scheduler_idle_sleep_time - the old setting has been used, but please update your config.
[2023-04-10T17:16:19.749-0400] {logging_mixin.py:137} INFO - [2023-04-10T17:16:19.749-0400] {dag.py:2690} INFO - Sync 1 DAGs
[2023-04-10T17:16:19.764-0400] {logging_mixin.py:137} INFO - [2023-04-10T17:16:19.764-0400] {dag.py:3437} INFO - Setting next_dagrun for latest_only to 2023-04-10T17:16:19.764317+00:00, run_after=2023-04-10T21:16:19.764317+00:00
[2023-04-10T17:16:19.781-0400] {processor.py:175} INFO - Processing /Users/admin/opt/anaconda3/envs/python-airflow-venv/lib/python3.10/site-packages/airflow/example_dags/example_latest_only.py took 0.736 seconds
[2023-04-10T17:18:11.697-0400] {logging_mixin.py:137} WARNING - /Users/admin/opt/anaconda3/envs/python-airflow-venv/lib/python3.10/site-packages/airflow/settings.py:337 DeprecationWarning: The sql_alchemy_pool_enabled option in [core] has been moved to the sql_alchemy_pool_enabled option in [database] - the old setting has been used, but please update your config.
[2023-04-10T17:18:11.701-0400] {logging_mixin.py:137} WARNING - /Users/admin/opt/anaconda3/envs/python-airflow-venv/lib/python3.10/site-packages/airflow/settings.py:400 DeprecationWarning: The sql_engine_encoding option in [core] has been moved to the sql_engine_encoding option in [database] - the old setting has been used, but please update your config.
[2023-04-10T17:18:11.702-0400] {processor.py:153} INFO - Started process (PID=3209) to work on /Users/admin/opt/anaconda3/envs/python-airflow-venv/lib/python3.10/site-packages/airflow/example_dags/example_latest_only.py
[2023-04-10T17:18:11.702-0400] {processor.py:743} INFO - Processing file /Users/admin/opt/anaconda3/envs/python-airflow-venv/lib/python3.10/site-packages/airflow/example_dags/example_latest_only.py for tasks to queue
[2023-04-10T17:18:11.702-0400] {logging_mixin.py:137} INFO - [2023-04-10T17:18:11.702-0400] {dagbag.py:538} INFO - Filling up the DagBag from /Users/admin/opt/anaconda3/envs/python-airflow-venv/lib/python3.10/site-packages/airflow/example_dags/example_latest_only.py
[2023-04-10T17:18:11.749-0400] {processor.py:753} INFO - DAG(s) dict_keys(['latest_only']) retrieved from /Users/admin/opt/anaconda3/envs/python-airflow-venv/lib/python3.10/site-packages/airflow/example_dags/example_latest_only.py
[2023-04-10T17:18:11.802-0400] {logging_mixin.py:137} WARNING - /Users/admin/opt/anaconda3/envs/python-airflow-venv/lib/python3.10/site-packages/airflow/jobs/scheduler_job.py:124 DeprecationWarning: The processor_poll_interval option in [scheduler] has been renamed to scheduler_idle_sleep_time - the old setting has been used, but please update your config.
[2023-04-10T17:18:12.373-0400] {logging_mixin.py:137} INFO - [2023-04-10T17:18:12.373-0400] {dag.py:2690} INFO - Sync 1 DAGs
[2023-04-10T17:18:12.387-0400] {logging_mixin.py:137} INFO - [2023-04-10T17:18:12.387-0400] {dag.py:3437} INFO - Setting next_dagrun for latest_only to 2023-04-10T17:18:12.387583+00:00, run_after=2023-04-10T21:18:12.387583+00:00
[2023-04-10T17:18:12.407-0400] {processor.py:175} INFO - Processing /Users/admin/opt/anaconda3/envs/python-airflow-venv/lib/python3.10/site-packages/airflow/example_dags/example_latest_only.py took 0.711 seconds
[2023-04-10T17:20:07.721-0400] {logging_mixin.py:137} WARNING - /Users/admin/opt/anaconda3/envs/python-airflow-venv/lib/python3.10/site-packages/airflow/settings.py:337 DeprecationWarning: The sql_alchemy_pool_enabled option in [core] has been moved to the sql_alchemy_pool_enabled option in [database] - the old setting has been used, but please update your config.
[2023-04-10T17:20:07.725-0400] {logging_mixin.py:137} WARNING - /Users/admin/opt/anaconda3/envs/python-airflow-venv/lib/python3.10/site-packages/airflow/settings.py:400 DeprecationWarning: The sql_engine_encoding option in [core] has been moved to the sql_engine_encoding option in [database] - the old setting has been used, but please update your config.
[2023-04-10T17:20:07.726-0400] {processor.py:153} INFO - Started process (PID=3261) to work on /Users/admin/opt/anaconda3/envs/python-airflow-venv/lib/python3.10/site-packages/airflow/example_dags/example_latest_only.py
[2023-04-10T17:20:07.726-0400] {processor.py:743} INFO - Processing file /Users/admin/opt/anaconda3/envs/python-airflow-venv/lib/python3.10/site-packages/airflow/example_dags/example_latest_only.py for tasks to queue
[2023-04-10T17:20:07.726-0400] {logging_mixin.py:137} INFO - [2023-04-10T17:20:07.726-0400] {dagbag.py:538} INFO - Filling up the DagBag from /Users/admin/opt/anaconda3/envs/python-airflow-venv/lib/python3.10/site-packages/airflow/example_dags/example_latest_only.py
[2023-04-10T17:20:07.770-0400] {processor.py:753} INFO - DAG(s) dict_keys(['latest_only']) retrieved from /Users/admin/opt/anaconda3/envs/python-airflow-venv/lib/python3.10/site-packages/airflow/example_dags/example_latest_only.py
[2023-04-10T17:20:07.823-0400] {logging_mixin.py:137} WARNING - /Users/admin/opt/anaconda3/envs/python-airflow-venv/lib/python3.10/site-packages/airflow/jobs/scheduler_job.py:124 DeprecationWarning: The processor_poll_interval option in [scheduler] has been renamed to scheduler_idle_sleep_time - the old setting has been used, but please update your config.
[2023-04-10T17:20:08.387-0400] {logging_mixin.py:137} INFO - [2023-04-10T17:20:08.387-0400] {dag.py:2690} INFO - Sync 1 DAGs
[2023-04-10T17:20:08.401-0400] {logging_mixin.py:137} INFO - [2023-04-10T17:20:08.401-0400] {dag.py:3437} INFO - Setting next_dagrun for latest_only to 2023-04-10T17:20:08.401687+00:00, run_after=2023-04-10T21:20:08.401687+00:00
[2023-04-10T17:20:08.418-0400] {processor.py:175} INFO - Processing /Users/admin/opt/anaconda3/envs/python-airflow-venv/lib/python3.10/site-packages/airflow/example_dags/example_latest_only.py took 0.698 seconds
[2023-04-10T17:22:03.417-0400] {logging_mixin.py:137} WARNING - /Users/admin/opt/anaconda3/envs/python-airflow-venv/lib/python3.10/site-packages/airflow/settings.py:337 DeprecationWarning: The sql_alchemy_pool_enabled option in [core] has been moved to the sql_alchemy_pool_enabled option in [database] - the old setting has been used, but please update your config.
[2023-04-10T17:22:03.421-0400] {logging_mixin.py:137} WARNING - /Users/admin/opt/anaconda3/envs/python-airflow-venv/lib/python3.10/site-packages/airflow/settings.py:400 DeprecationWarning: The sql_engine_encoding option in [core] has been moved to the sql_engine_encoding option in [database] - the old setting has been used, but please update your config.
[2023-04-10T17:22:03.422-0400] {processor.py:153} INFO - Started process (PID=3312) to work on /Users/admin/opt/anaconda3/envs/python-airflow-venv/lib/python3.10/site-packages/airflow/example_dags/example_latest_only.py
[2023-04-10T17:22:03.422-0400] {processor.py:743} INFO - Processing file /Users/admin/opt/anaconda3/envs/python-airflow-venv/lib/python3.10/site-packages/airflow/example_dags/example_latest_only.py for tasks to queue
[2023-04-10T17:22:03.422-0400] {logging_mixin.py:137} INFO - [2023-04-10T17:22:03.422-0400] {dagbag.py:538} INFO - Filling up the DagBag from /Users/admin/opt/anaconda3/envs/python-airflow-venv/lib/python3.10/site-packages/airflow/example_dags/example_latest_only.py
[2023-04-10T17:22:03.468-0400] {processor.py:753} INFO - DAG(s) dict_keys(['latest_only']) retrieved from /Users/admin/opt/anaconda3/envs/python-airflow-venv/lib/python3.10/site-packages/airflow/example_dags/example_latest_only.py
[2023-04-10T17:22:03.521-0400] {logging_mixin.py:137} WARNING - /Users/admin/opt/anaconda3/envs/python-airflow-venv/lib/python3.10/site-packages/airflow/jobs/scheduler_job.py:124 DeprecationWarning: The processor_poll_interval option in [scheduler] has been renamed to scheduler_idle_sleep_time - the old setting has been used, but please update your config.
[2023-04-10T17:22:04.082-0400] {logging_mixin.py:137} INFO - [2023-04-10T17:22:04.082-0400] {dag.py:2690} INFO - Sync 1 DAGs
[2023-04-10T17:22:04.096-0400] {logging_mixin.py:137} INFO - [2023-04-10T17:22:04.096-0400] {dag.py:3437} INFO - Setting next_dagrun for latest_only to 2023-04-10T17:22:04.096068+00:00, run_after=2023-04-10T21:22:04.096068+00:00
[2023-04-10T17:22:04.112-0400] {processor.py:175} INFO - Processing /Users/admin/opt/anaconda3/envs/python-airflow-venv/lib/python3.10/site-packages/airflow/example_dags/example_latest_only.py took 0.696 seconds
[2023-04-10T17:23:59.195-0400] {logging_mixin.py:137} WARNING - /Users/admin/opt/anaconda3/envs/python-airflow-venv/lib/python3.10/site-packages/airflow/settings.py:337 DeprecationWarning: The sql_alchemy_pool_enabled option in [core] has been moved to the sql_alchemy_pool_enabled option in [database] - the old setting has been used, but please update your config.
[2023-04-10T17:23:59.200-0400] {logging_mixin.py:137} WARNING - /Users/admin/opt/anaconda3/envs/python-airflow-venv/lib/python3.10/site-packages/airflow/settings.py:400 DeprecationWarning: The sql_engine_encoding option in [core] has been moved to the sql_engine_encoding option in [database] - the old setting has been used, but please update your config.
[2023-04-10T17:23:59.200-0400] {processor.py:153} INFO - Started process (PID=3362) to work on /Users/admin/opt/anaconda3/envs/python-airflow-venv/lib/python3.10/site-packages/airflow/example_dags/example_latest_only.py
[2023-04-10T17:23:59.201-0400] {processor.py:743} INFO - Processing file /Users/admin/opt/anaconda3/envs/python-airflow-venv/lib/python3.10/site-packages/airflow/example_dags/example_latest_only.py for tasks to queue
[2023-04-10T17:23:59.201-0400] {logging_mixin.py:137} INFO - [2023-04-10T17:23:59.201-0400] {dagbag.py:538} INFO - Filling up the DagBag from /Users/admin/opt/anaconda3/envs/python-airflow-venv/lib/python3.10/site-packages/airflow/example_dags/example_latest_only.py
[2023-04-10T17:23:59.249-0400] {processor.py:753} INFO - DAG(s) dict_keys(['latest_only']) retrieved from /Users/admin/opt/anaconda3/envs/python-airflow-venv/lib/python3.10/site-packages/airflow/example_dags/example_latest_only.py
[2023-04-10T17:23:59.302-0400] {logging_mixin.py:137} WARNING - /Users/admin/opt/anaconda3/envs/python-airflow-venv/lib/python3.10/site-packages/airflow/jobs/scheduler_job.py:124 DeprecationWarning: The processor_poll_interval option in [scheduler] has been renamed to scheduler_idle_sleep_time - the old setting has been used, but please update your config.
[2023-04-10T17:23:59.866-0400] {logging_mixin.py:137} INFO - [2023-04-10T17:23:59.866-0400] {dag.py:2690} INFO - Sync 1 DAGs
[2023-04-10T17:23:59.880-0400] {logging_mixin.py:137} INFO - [2023-04-10T17:23:59.880-0400] {dag.py:3437} INFO - Setting next_dagrun for latest_only to 2023-04-10T17:23:59.880429+00:00, run_after=2023-04-10T21:23:59.880429+00:00
[2023-04-10T17:23:59.901-0400] {processor.py:175} INFO - Processing /Users/admin/opt/anaconda3/envs/python-airflow-venv/lib/python3.10/site-packages/airflow/example_dags/example_latest_only.py took 0.706 seconds
[2023-04-10T17:25:55.762-0400] {logging_mixin.py:137} WARNING - /Users/admin/opt/anaconda3/envs/python-airflow-venv/lib/python3.10/site-packages/airflow/settings.py:337 DeprecationWarning: The sql_alchemy_pool_enabled option in [core] has been moved to the sql_alchemy_pool_enabled option in [database] - the old setting has been used, but please update your config.
[2023-04-10T17:25:55.766-0400] {logging_mixin.py:137} WARNING - /Users/admin/opt/anaconda3/envs/python-airflow-venv/lib/python3.10/site-packages/airflow/settings.py:400 DeprecationWarning: The sql_engine_encoding option in [core] has been moved to the sql_engine_encoding option in [database] - the old setting has been used, but please update your config.
[2023-04-10T17:25:55.767-0400] {processor.py:153} INFO - Started process (PID=3427) to work on /Users/admin/opt/anaconda3/envs/python-airflow-venv/lib/python3.10/site-packages/airflow/example_dags/example_latest_only.py
[2023-04-10T17:25:55.767-0400] {processor.py:743} INFO - Processing file /Users/admin/opt/anaconda3/envs/python-airflow-venv/lib/python3.10/site-packages/airflow/example_dags/example_latest_only.py for tasks to queue
[2023-04-10T17:25:55.768-0400] {logging_mixin.py:137} INFO - [2023-04-10T17:25:55.767-0400] {dagbag.py:538} INFO - Filling up the DagBag from /Users/admin/opt/anaconda3/envs/python-airflow-venv/lib/python3.10/site-packages/airflow/example_dags/example_latest_only.py
[2023-04-10T17:25:55.814-0400] {processor.py:753} INFO - DAG(s) dict_keys(['latest_only']) retrieved from /Users/admin/opt/anaconda3/envs/python-airflow-venv/lib/python3.10/site-packages/airflow/example_dags/example_latest_only.py
[2023-04-10T17:25:55.867-0400] {logging_mixin.py:137} WARNING - /Users/admin/opt/anaconda3/envs/python-airflow-venv/lib/python3.10/site-packages/airflow/jobs/scheduler_job.py:124 DeprecationWarning: The processor_poll_interval option in [scheduler] has been renamed to scheduler_idle_sleep_time - the old setting has been used, but please update your config.
[2023-04-10T17:25:56.436-0400] {logging_mixin.py:137} INFO - [2023-04-10T17:25:56.435-0400] {dag.py:2690} INFO - Sync 1 DAGs
[2023-04-10T17:25:56.450-0400] {logging_mixin.py:137} INFO - [2023-04-10T17:25:56.450-0400] {dag.py:3437} INFO - Setting next_dagrun for latest_only to 2023-04-10T17:25:56.449905+00:00, run_after=2023-04-10T21:25:56.449905+00:00
[2023-04-10T17:25:56.466-0400] {processor.py:175} INFO - Processing /Users/admin/opt/anaconda3/envs/python-airflow-venv/lib/python3.10/site-packages/airflow/example_dags/example_latest_only.py took 0.705 seconds
[2023-04-10T17:27:52.366-0400] {logging_mixin.py:137} WARNING - /Users/admin/opt/anaconda3/envs/python-airflow-venv/lib/python3.10/site-packages/airflow/settings.py:337 DeprecationWarning: The sql_alchemy_pool_enabled option in [core] has been moved to the sql_alchemy_pool_enabled option in [database] - the old setting has been used, but please update your config.
[2023-04-10T17:27:52.374-0400] {logging_mixin.py:137} WARNING - /Users/admin/opt/anaconda3/envs/python-airflow-venv/lib/python3.10/site-packages/airflow/settings.py:400 DeprecationWarning: The sql_engine_encoding option in [core] has been moved to the sql_engine_encoding option in [database] - the old setting has been used, but please update your config.
[2023-04-10T17:27:52.374-0400] {processor.py:153} INFO - Started process (PID=3490) to work on /Users/admin/opt/anaconda3/envs/python-airflow-venv/lib/python3.10/site-packages/airflow/example_dags/example_latest_only.py
[2023-04-10T17:27:52.375-0400] {processor.py:743} INFO - Processing file /Users/admin/opt/anaconda3/envs/python-airflow-venv/lib/python3.10/site-packages/airflow/example_dags/example_latest_only.py for tasks to queue
[2023-04-10T17:27:52.375-0400] {logging_mixin.py:137} INFO - [2023-04-10T17:27:52.375-0400] {dagbag.py:538} INFO - Filling up the DagBag from /Users/admin/opt/anaconda3/envs/python-airflow-venv/lib/python3.10/site-packages/airflow/example_dags/example_latest_only.py
[2023-04-10T17:27:52.422-0400] {processor.py:753} INFO - DAG(s) dict_keys(['latest_only']) retrieved from /Users/admin/opt/anaconda3/envs/python-airflow-venv/lib/python3.10/site-packages/airflow/example_dags/example_latest_only.py
[2023-04-10T17:27:52.477-0400] {logging_mixin.py:137} WARNING - /Users/admin/opt/anaconda3/envs/python-airflow-venv/lib/python3.10/site-packages/airflow/jobs/scheduler_job.py:124 DeprecationWarning: The processor_poll_interval option in [scheduler] has been renamed to scheduler_idle_sleep_time - the old setting has been used, but please update your config.
[2023-04-10T17:27:53.056-0400] {logging_mixin.py:137} INFO - [2023-04-10T17:27:53.056-0400] {dag.py:2690} INFO - Sync 1 DAGs
[2023-04-10T17:27:53.071-0400] {logging_mixin.py:137} INFO - [2023-04-10T17:27:53.071-0400] {dag.py:3437} INFO - Setting next_dagrun for latest_only to 2023-04-10T17:27:53.071155+00:00, run_after=2023-04-10T21:27:53.071155+00:00
[2023-04-10T17:27:53.086-0400] {processor.py:175} INFO - Processing /Users/admin/opt/anaconda3/envs/python-airflow-venv/lib/python3.10/site-packages/airflow/example_dags/example_latest_only.py took 0.720 seconds
[2023-04-10T17:29:49.844-0400] {logging_mixin.py:137} WARNING - /Users/admin/opt/anaconda3/envs/python-airflow-venv/lib/python3.10/site-packages/airflow/settings.py:337 DeprecationWarning: The sql_alchemy_pool_enabled option in [core] has been moved to the sql_alchemy_pool_enabled option in [database] - the old setting has been used, but please update your config.
[2023-04-10T17:29:49.848-0400] {logging_mixin.py:137} WARNING - /Users/admin/opt/anaconda3/envs/python-airflow-venv/lib/python3.10/site-packages/airflow/settings.py:400 DeprecationWarning: The sql_engine_encoding option in [core] has been moved to the sql_engine_encoding option in [database] - the old setting has been used, but please update your config.
[2023-04-10T17:29:49.849-0400] {processor.py:153} INFO - Started process (PID=3568) to work on /Users/admin/opt/anaconda3/envs/python-airflow-venv/lib/python3.10/site-packages/airflow/example_dags/example_latest_only.py
[2023-04-10T17:29:49.849-0400] {processor.py:743} INFO - Processing file /Users/admin/opt/anaconda3/envs/python-airflow-venv/lib/python3.10/site-packages/airflow/example_dags/example_latest_only.py for tasks to queue
[2023-04-10T17:29:49.849-0400] {logging_mixin.py:137} INFO - [2023-04-10T17:29:49.849-0400] {dagbag.py:538} INFO - Filling up the DagBag from /Users/admin/opt/anaconda3/envs/python-airflow-venv/lib/python3.10/site-packages/airflow/example_dags/example_latest_only.py
[2023-04-10T17:29:49.895-0400] {processor.py:753} INFO - DAG(s) dict_keys(['latest_only']) retrieved from /Users/admin/opt/anaconda3/envs/python-airflow-venv/lib/python3.10/site-packages/airflow/example_dags/example_latest_only.py
[2023-04-10T17:29:49.948-0400] {logging_mixin.py:137} WARNING - /Users/admin/opt/anaconda3/envs/python-airflow-venv/lib/python3.10/site-packages/airflow/jobs/scheduler_job.py:124 DeprecationWarning: The processor_poll_interval option in [scheduler] has been renamed to scheduler_idle_sleep_time - the old setting has been used, but please update your config.
[2023-04-10T17:29:50.511-0400] {logging_mixin.py:137} INFO - [2023-04-10T17:29:50.511-0400] {dag.py:2690} INFO - Sync 1 DAGs
[2023-04-10T17:29:50.525-0400] {logging_mixin.py:137} INFO - [2023-04-10T17:29:50.525-0400] {dag.py:3437} INFO - Setting next_dagrun for latest_only to 2023-04-10T17:29:50.525593+00:00, run_after=2023-04-10T21:29:50.525593+00:00
[2023-04-10T17:29:50.546-0400] {processor.py:175} INFO - Processing /Users/admin/opt/anaconda3/envs/python-airflow-venv/lib/python3.10/site-packages/airflow/example_dags/example_latest_only.py took 0.703 seconds
[2023-04-10T17:31:45.788-0400] {logging_mixin.py:137} WARNING - /Users/admin/opt/anaconda3/envs/python-airflow-venv/lib/python3.10/site-packages/airflow/settings.py:337 DeprecationWarning: The sql_alchemy_pool_enabled option in [core] has been moved to the sql_alchemy_pool_enabled option in [database] - the old setting has been used, but please update your config.
[2023-04-10T17:31:45.793-0400] {logging_mixin.py:137} WARNING - /Users/admin/opt/anaconda3/envs/python-airflow-venv/lib/python3.10/site-packages/airflow/settings.py:400 DeprecationWarning: The sql_engine_encoding option in [core] has been moved to the sql_engine_encoding option in [database] - the old setting has been used, but please update your config.
[2023-04-10T17:31:45.793-0400] {processor.py:153} INFO - Started process (PID=3621) to work on /Users/admin/opt/anaconda3/envs/python-airflow-venv/lib/python3.10/site-packages/airflow/example_dags/example_latest_only.py
[2023-04-10T17:31:45.793-0400] {processor.py:743} INFO - Processing file /Users/admin/opt/anaconda3/envs/python-airflow-venv/lib/python3.10/site-packages/airflow/example_dags/example_latest_only.py for tasks to queue
[2023-04-10T17:31:45.794-0400] {logging_mixin.py:137} INFO - [2023-04-10T17:31:45.794-0400] {dagbag.py:538} INFO - Filling up the DagBag from /Users/admin/opt/anaconda3/envs/python-airflow-venv/lib/python3.10/site-packages/airflow/example_dags/example_latest_only.py
[2023-04-10T17:31:45.841-0400] {processor.py:753} INFO - DAG(s) dict_keys(['latest_only']) retrieved from /Users/admin/opt/anaconda3/envs/python-airflow-venv/lib/python3.10/site-packages/airflow/example_dags/example_latest_only.py
[2023-04-10T17:31:45.894-0400] {logging_mixin.py:137} WARNING - /Users/admin/opt/anaconda3/envs/python-airflow-venv/lib/python3.10/site-packages/airflow/jobs/scheduler_job.py:124 DeprecationWarning: The processor_poll_interval option in [scheduler] has been renamed to scheduler_idle_sleep_time - the old setting has been used, but please update your config.
[2023-04-10T17:31:46.456-0400] {logging_mixin.py:137} INFO - [2023-04-10T17:31:46.456-0400] {dag.py:2690} INFO - Sync 1 DAGs
[2023-04-10T17:31:46.470-0400] {logging_mixin.py:137} INFO - [2023-04-10T17:31:46.469-0400] {dag.py:3437} INFO - Setting next_dagrun for latest_only to 2023-04-10T17:31:46.469867+00:00, run_after=2023-04-10T21:31:46.469867+00:00
[2023-04-10T17:31:46.486-0400] {processor.py:175} INFO - Processing /Users/admin/opt/anaconda3/envs/python-airflow-venv/lib/python3.10/site-packages/airflow/example_dags/example_latest_only.py took 0.699 seconds
[2023-04-10T17:33:42.128-0400] {logging_mixin.py:137} WARNING - /Users/admin/opt/anaconda3/envs/python-airflow-venv/lib/python3.10/site-packages/airflow/settings.py:337 DeprecationWarning: The sql_alchemy_pool_enabled option in [core] has been moved to the sql_alchemy_pool_enabled option in [database] - the old setting has been used, but please update your config.
[2023-04-10T17:33:42.133-0400] {logging_mixin.py:137} WARNING - /Users/admin/opt/anaconda3/envs/python-airflow-venv/lib/python3.10/site-packages/airflow/settings.py:400 DeprecationWarning: The sql_engine_encoding option in [core] has been moved to the sql_engine_encoding option in [database] - the old setting has been used, but please update your config.
[2023-04-10T17:33:42.133-0400] {processor.py:153} INFO - Started process (PID=3676) to work on /Users/admin/opt/anaconda3/envs/python-airflow-venv/lib/python3.10/site-packages/airflow/example_dags/example_latest_only.py
[2023-04-10T17:33:42.134-0400] {processor.py:743} INFO - Processing file /Users/admin/opt/anaconda3/envs/python-airflow-venv/lib/python3.10/site-packages/airflow/example_dags/example_latest_only.py for tasks to queue
[2023-04-10T17:33:42.134-0400] {logging_mixin.py:137} INFO - [2023-04-10T17:33:42.134-0400] {dagbag.py:538} INFO - Filling up the DagBag from /Users/admin/opt/anaconda3/envs/python-airflow-venv/lib/python3.10/site-packages/airflow/example_dags/example_latest_only.py
[2023-04-10T17:33:42.184-0400] {processor.py:753} INFO - DAG(s) dict_keys(['latest_only']) retrieved from /Users/admin/opt/anaconda3/envs/python-airflow-venv/lib/python3.10/site-packages/airflow/example_dags/example_latest_only.py
[2023-04-10T17:33:42.237-0400] {logging_mixin.py:137} WARNING - /Users/admin/opt/anaconda3/envs/python-airflow-venv/lib/python3.10/site-packages/airflow/jobs/scheduler_job.py:124 DeprecationWarning: The processor_poll_interval option in [scheduler] has been renamed to scheduler_idle_sleep_time - the old setting has been used, but please update your config.
[2023-04-10T17:33:42.818-0400] {logging_mixin.py:137} INFO - [2023-04-10T17:33:42.818-0400] {dag.py:2690} INFO - Sync 1 DAGs
[2023-04-10T17:33:42.832-0400] {logging_mixin.py:137} INFO - [2023-04-10T17:33:42.832-0400] {dag.py:3437} INFO - Setting next_dagrun for latest_only to 2023-04-10T17:33:42.832114+00:00, run_after=2023-04-10T21:33:42.832114+00:00
[2023-04-10T17:33:42.851-0400] {processor.py:175} INFO - Processing /Users/admin/opt/anaconda3/envs/python-airflow-venv/lib/python3.10/site-packages/airflow/example_dags/example_latest_only.py took 0.724 seconds
[2023-04-10T17:35:39.594-0400] {logging_mixin.py:137} WARNING - /Users/admin/opt/anaconda3/envs/python-airflow-venv/lib/python3.10/site-packages/airflow/settings.py:337 DeprecationWarning: The sql_alchemy_pool_enabled option in [core] has been moved to the sql_alchemy_pool_enabled option in [database] - the old setting has been used, but please update your config.
[2023-04-10T17:35:39.598-0400] {logging_mixin.py:137} WARNING - /Users/admin/opt/anaconda3/envs/python-airflow-venv/lib/python3.10/site-packages/airflow/settings.py:400 DeprecationWarning: The sql_engine_encoding option in [core] has been moved to the sql_engine_encoding option in [database] - the old setting has been used, but please update your config.
[2023-04-10T17:35:39.599-0400] {processor.py:153} INFO - Started process (PID=3750) to work on /Users/admin/opt/anaconda3/envs/python-airflow-venv/lib/python3.10/site-packages/airflow/example_dags/example_latest_only.py
[2023-04-10T17:35:39.599-0400] {processor.py:743} INFO - Processing file /Users/admin/opt/anaconda3/envs/python-airflow-venv/lib/python3.10/site-packages/airflow/example_dags/example_latest_only.py for tasks to queue
[2023-04-10T17:35:39.600-0400] {logging_mixin.py:137} INFO - [2023-04-10T17:35:39.599-0400] {dagbag.py:538} INFO - Filling up the DagBag from /Users/admin/opt/anaconda3/envs/python-airflow-venv/lib/python3.10/site-packages/airflow/example_dags/example_latest_only.py
[2023-04-10T17:35:39.644-0400] {processor.py:753} INFO - DAG(s) dict_keys(['latest_only']) retrieved from /Users/admin/opt/anaconda3/envs/python-airflow-venv/lib/python3.10/site-packages/airflow/example_dags/example_latest_only.py
[2023-04-10T17:35:39.697-0400] {logging_mixin.py:137} WARNING - /Users/admin/opt/anaconda3/envs/python-airflow-venv/lib/python3.10/site-packages/airflow/jobs/scheduler_job.py:124 DeprecationWarning: The processor_poll_interval option in [scheduler] has been renamed to scheduler_idle_sleep_time - the old setting has been used, but please update your config.
[2023-04-10T17:35:40.263-0400] {logging_mixin.py:137} INFO - [2023-04-10T17:35:40.263-0400] {dag.py:2690} INFO - Sync 1 DAGs
[2023-04-10T17:35:40.277-0400] {logging_mixin.py:137} INFO - [2023-04-10T17:35:40.277-0400] {dag.py:3437} INFO - Setting next_dagrun for latest_only to 2023-04-10T17:35:40.277150+00:00, run_after=2023-04-10T21:35:40.277150+00:00
[2023-04-10T17:35:40.294-0400] {processor.py:175} INFO - Processing /Users/admin/opt/anaconda3/envs/python-airflow-venv/lib/python3.10/site-packages/airflow/example_dags/example_latest_only.py took 0.701 seconds
[2023-04-10T17:37:35.479-0400] {logging_mixin.py:137} WARNING - /Users/admin/opt/anaconda3/envs/python-airflow-venv/lib/python3.10/site-packages/airflow/settings.py:337 DeprecationWarning: The sql_alchemy_pool_enabled option in [core] has been moved to the sql_alchemy_pool_enabled option in [database] - the old setting has been used, but please update your config.
[2023-04-10T17:37:35.483-0400] {logging_mixin.py:137} WARNING - /Users/admin/opt/anaconda3/envs/python-airflow-venv/lib/python3.10/site-packages/airflow/settings.py:400 DeprecationWarning: The sql_engine_encoding option in [core] has been moved to the sql_engine_encoding option in [database] - the old setting has been used, but please update your config.
[2023-04-10T17:37:35.484-0400] {processor.py:153} INFO - Started process (PID=3801) to work on /Users/admin/opt/anaconda3/envs/python-airflow-venv/lib/python3.10/site-packages/airflow/example_dags/example_latest_only.py
[2023-04-10T17:37:35.484-0400] {processor.py:743} INFO - Processing file /Users/admin/opt/anaconda3/envs/python-airflow-venv/lib/python3.10/site-packages/airflow/example_dags/example_latest_only.py for tasks to queue
[2023-04-10T17:37:35.484-0400] {logging_mixin.py:137} INFO - [2023-04-10T17:37:35.484-0400] {dagbag.py:538} INFO - Filling up the DagBag from /Users/admin/opt/anaconda3/envs/python-airflow-venv/lib/python3.10/site-packages/airflow/example_dags/example_latest_only.py
[2023-04-10T17:37:35.530-0400] {processor.py:753} INFO - DAG(s) dict_keys(['latest_only']) retrieved from /Users/admin/opt/anaconda3/envs/python-airflow-venv/lib/python3.10/site-packages/airflow/example_dags/example_latest_only.py
[2023-04-10T17:37:35.583-0400] {logging_mixin.py:137} WARNING - /Users/admin/opt/anaconda3/envs/python-airflow-venv/lib/python3.10/site-packages/airflow/jobs/scheduler_job.py:124 DeprecationWarning: The processor_poll_interval option in [scheduler] has been renamed to scheduler_idle_sleep_time - the old setting has been used, but please update your config.
[2023-04-10T17:37:36.153-0400] {logging_mixin.py:137} INFO - [2023-04-10T17:37:36.153-0400] {dag.py:2690} INFO - Sync 1 DAGs
[2023-04-10T17:37:36.167-0400] {logging_mixin.py:137} INFO - [2023-04-10T17:37:36.167-0400] {dag.py:3437} INFO - Setting next_dagrun for latest_only to 2023-04-10T17:37:36.167540+00:00, run_after=2023-04-10T21:37:36.167540+00:00
[2023-04-10T17:37:36.184-0400] {processor.py:175} INFO - Processing /Users/admin/opt/anaconda3/envs/python-airflow-venv/lib/python3.10/site-packages/airflow/example_dags/example_latest_only.py took 0.706 seconds
[2023-04-10T17:39:31.379-0400] {logging_mixin.py:137} WARNING - /Users/admin/opt/anaconda3/envs/python-airflow-venv/lib/python3.10/site-packages/airflow/settings.py:337 DeprecationWarning: The sql_alchemy_pool_enabled option in [core] has been moved to the sql_alchemy_pool_enabled option in [database] - the old setting has been used, but please update your config.
[2023-04-10T17:39:31.383-0400] {logging_mixin.py:137} WARNING - /Users/admin/opt/anaconda3/envs/python-airflow-venv/lib/python3.10/site-packages/airflow/settings.py:400 DeprecationWarning: The sql_engine_encoding option in [core] has been moved to the sql_engine_encoding option in [database] - the old setting has been used, but please update your config.
[2023-04-10T17:39:31.384-0400] {processor.py:153} INFO - Started process (PID=3850) to work on /Users/admin/opt/anaconda3/envs/python-airflow-venv/lib/python3.10/site-packages/airflow/example_dags/example_latest_only.py
[2023-04-10T17:39:31.384-0400] {processor.py:743} INFO - Processing file /Users/admin/opt/anaconda3/envs/python-airflow-venv/lib/python3.10/site-packages/airflow/example_dags/example_latest_only.py for tasks to queue
[2023-04-10T17:39:31.384-0400] {logging_mixin.py:137} INFO - [2023-04-10T17:39:31.384-0400] {dagbag.py:538} INFO - Filling up the DagBag from /Users/admin/opt/anaconda3/envs/python-airflow-venv/lib/python3.10/site-packages/airflow/example_dags/example_latest_only.py
[2023-04-10T17:39:31.431-0400] {processor.py:753} INFO - DAG(s) dict_keys(['latest_only']) retrieved from /Users/admin/opt/anaconda3/envs/python-airflow-venv/lib/python3.10/site-packages/airflow/example_dags/example_latest_only.py
[2023-04-10T17:39:31.484-0400] {logging_mixin.py:137} WARNING - /Users/admin/opt/anaconda3/envs/python-airflow-venv/lib/python3.10/site-packages/airflow/jobs/scheduler_job.py:124 DeprecationWarning: The processor_poll_interval option in [scheduler] has been renamed to scheduler_idle_sleep_time - the old setting has been used, but please update your config.
[2023-04-10T17:39:32.043-0400] {logging_mixin.py:137} INFO - [2023-04-10T17:39:32.043-0400] {dag.py:2690} INFO - Sync 1 DAGs
[2023-04-10T17:39:32.057-0400] {logging_mixin.py:137} INFO - [2023-04-10T17:39:32.057-0400] {dag.py:3437} INFO - Setting next_dagrun for latest_only to 2023-04-10T17:39:32.057407+00:00, run_after=2023-04-10T21:39:32.057407+00:00
[2023-04-10T17:39:32.076-0400] {processor.py:175} INFO - Processing /Users/admin/opt/anaconda3/envs/python-airflow-venv/lib/python3.10/site-packages/airflow/example_dags/example_latest_only.py took 0.699 seconds
[2023-04-10T17:41:28.976-0400] {logging_mixin.py:137} WARNING - /Users/admin/opt/anaconda3/envs/python-airflow-venv/lib/python3.10/site-packages/airflow/settings.py:337 DeprecationWarning: The sql_alchemy_pool_enabled option in [core] has been moved to the sql_alchemy_pool_enabled option in [database] - the old setting has been used, but please update your config.
[2023-04-10T17:41:28.981-0400] {logging_mixin.py:137} WARNING - /Users/admin/opt/anaconda3/envs/python-airflow-venv/lib/python3.10/site-packages/airflow/settings.py:400 DeprecationWarning: The sql_engine_encoding option in [core] has been moved to the sql_engine_encoding option in [database] - the old setting has been used, but please update your config.
[2023-04-10T17:41:28.981-0400] {processor.py:153} INFO - Started process (PID=3906) to work on /Users/admin/opt/anaconda3/envs/python-airflow-venv/lib/python3.10/site-packages/airflow/example_dags/example_latest_only.py
[2023-04-10T17:41:28.982-0400] {processor.py:743} INFO - Processing file /Users/admin/opt/anaconda3/envs/python-airflow-venv/lib/python3.10/site-packages/airflow/example_dags/example_latest_only.py for tasks to queue
[2023-04-10T17:41:28.982-0400] {logging_mixin.py:137} INFO - [2023-04-10T17:41:28.982-0400] {dagbag.py:538} INFO - Filling up the DagBag from /Users/admin/opt/anaconda3/envs/python-airflow-venv/lib/python3.10/site-packages/airflow/example_dags/example_latest_only.py
[2023-04-10T17:41:29.028-0400] {processor.py:753} INFO - DAG(s) dict_keys(['latest_only']) retrieved from /Users/admin/opt/anaconda3/envs/python-airflow-venv/lib/python3.10/site-packages/airflow/example_dags/example_latest_only.py
[2023-04-10T17:41:29.081-0400] {logging_mixin.py:137} WARNING - /Users/admin/opt/anaconda3/envs/python-airflow-venv/lib/python3.10/site-packages/airflow/jobs/scheduler_job.py:124 DeprecationWarning: The processor_poll_interval option in [scheduler] has been renamed to scheduler_idle_sleep_time - the old setting has been used, but please update your config.
[2023-04-10T17:41:29.647-0400] {logging_mixin.py:137} INFO - [2023-04-10T17:41:29.647-0400] {dag.py:2690} INFO - Sync 1 DAGs
[2023-04-10T17:41:29.661-0400] {logging_mixin.py:137} INFO - [2023-04-10T17:41:29.661-0400] {dag.py:3437} INFO - Setting next_dagrun for latest_only to 2023-04-10T17:41:29.661476+00:00, run_after=2023-04-10T21:41:29.661476+00:00
[2023-04-10T17:41:29.678-0400] {processor.py:175} INFO - Processing /Users/admin/opt/anaconda3/envs/python-airflow-venv/lib/python3.10/site-packages/airflow/example_dags/example_latest_only.py took 0.703 seconds
[2023-04-10T17:43:25.135-0400] {logging_mixin.py:137} WARNING - /Users/admin/opt/anaconda3/envs/python-airflow-venv/lib/python3.10/site-packages/airflow/settings.py:337 DeprecationWarning: The sql_alchemy_pool_enabled option in [core] has been moved to the sql_alchemy_pool_enabled option in [database] - the old setting has been used, but please update your config.
[2023-04-10T17:43:25.140-0400] {logging_mixin.py:137} WARNING - /Users/admin/opt/anaconda3/envs/python-airflow-venv/lib/python3.10/site-packages/airflow/settings.py:400 DeprecationWarning: The sql_engine_encoding option in [core] has been moved to the sql_engine_encoding option in [database] - the old setting has been used, but please update your config.
[2023-04-10T17:43:25.140-0400] {processor.py:153} INFO - Started process (PID=3957) to work on /Users/admin/opt/anaconda3/envs/python-airflow-venv/lib/python3.10/site-packages/airflow/example_dags/example_latest_only.py
[2023-04-10T17:43:25.140-0400] {processor.py:743} INFO - Processing file /Users/admin/opt/anaconda3/envs/python-airflow-venv/lib/python3.10/site-packages/airflow/example_dags/example_latest_only.py for tasks to queue
[2023-04-10T17:43:25.141-0400] {logging_mixin.py:137} INFO - [2023-04-10T17:43:25.141-0400] {dagbag.py:538} INFO - Filling up the DagBag from /Users/admin/opt/anaconda3/envs/python-airflow-venv/lib/python3.10/site-packages/airflow/example_dags/example_latest_only.py
[2023-04-10T17:43:25.191-0400] {processor.py:753} INFO - DAG(s) dict_keys(['latest_only']) retrieved from /Users/admin/opt/anaconda3/envs/python-airflow-venv/lib/python3.10/site-packages/airflow/example_dags/example_latest_only.py
[2023-04-10T17:43:25.244-0400] {logging_mixin.py:137} WARNING - /Users/admin/opt/anaconda3/envs/python-airflow-venv/lib/python3.10/site-packages/airflow/jobs/scheduler_job.py:124 DeprecationWarning: The processor_poll_interval option in [scheduler] has been renamed to scheduler_idle_sleep_time - the old setting has been used, but please update your config.
[2023-04-10T17:43:25.807-0400] {logging_mixin.py:137} INFO - [2023-04-10T17:43:25.807-0400] {dag.py:2690} INFO - Sync 1 DAGs
[2023-04-10T17:43:25.821-0400] {logging_mixin.py:137} INFO - [2023-04-10T17:43:25.821-0400] {dag.py:3437} INFO - Setting next_dagrun for latest_only to 2023-04-10T17:43:25.821108+00:00, run_after=2023-04-10T21:43:25.821108+00:00
[2023-04-10T17:43:25.837-0400] {processor.py:175} INFO - Processing /Users/admin/opt/anaconda3/envs/python-airflow-venv/lib/python3.10/site-packages/airflow/example_dags/example_latest_only.py took 0.703 seconds
[2023-04-10T17:45:18.258-0400] {logging_mixin.py:137} WARNING - /Users/admin/opt/anaconda3/envs/python-airflow-venv/lib/python3.10/site-packages/airflow/settings.py:337 DeprecationWarning: The sql_alchemy_pool_enabled option in [core] has been moved to the sql_alchemy_pool_enabled option in [database] - the old setting has been used, but please update your config.
[2023-04-10T17:45:18.262-0400] {logging_mixin.py:137} WARNING - /Users/admin/opt/anaconda3/envs/python-airflow-venv/lib/python3.10/site-packages/airflow/settings.py:400 DeprecationWarning: The sql_engine_encoding option in [core] has been moved to the sql_engine_encoding option in [database] - the old setting has been used, but please update your config.
[2023-04-10T17:45:18.263-0400] {processor.py:153} INFO - Started process (PID=4011) to work on /Users/admin/opt/anaconda3/envs/python-airflow-venv/lib/python3.10/site-packages/airflow/example_dags/example_latest_only.py
[2023-04-10T17:45:18.263-0400] {processor.py:743} INFO - Processing file /Users/admin/opt/anaconda3/envs/python-airflow-venv/lib/python3.10/site-packages/airflow/example_dags/example_latest_only.py for tasks to queue
[2023-04-10T17:45:18.263-0400] {logging_mixin.py:137} INFO - [2023-04-10T17:45:18.263-0400] {dagbag.py:538} INFO - Filling up the DagBag from /Users/admin/opt/anaconda3/envs/python-airflow-venv/lib/python3.10/site-packages/airflow/example_dags/example_latest_only.py
[2023-04-10T17:45:18.309-0400] {processor.py:753} INFO - DAG(s) dict_keys(['latest_only']) retrieved from /Users/admin/opt/anaconda3/envs/python-airflow-venv/lib/python3.10/site-packages/airflow/example_dags/example_latest_only.py
[2023-04-10T17:45:18.362-0400] {logging_mixin.py:137} WARNING - /Users/admin/opt/anaconda3/envs/python-airflow-venv/lib/python3.10/site-packages/airflow/jobs/scheduler_job.py:124 DeprecationWarning: The processor_poll_interval option in [scheduler] has been renamed to scheduler_idle_sleep_time - the old setting has been used, but please update your config.
[2023-04-10T17:45:18.932-0400] {logging_mixin.py:137} INFO - [2023-04-10T17:45:18.932-0400] {dag.py:2690} INFO - Sync 1 DAGs
[2023-04-10T17:45:18.946-0400] {logging_mixin.py:137} INFO - [2023-04-10T17:45:18.946-0400] {dag.py:3437} INFO - Setting next_dagrun for latest_only to 2023-04-10T17:45:18.946293+00:00, run_after=2023-04-10T21:45:18.946293+00:00
[2023-04-10T17:45:18.959-0400] {processor.py:175} INFO - Processing /Users/admin/opt/anaconda3/envs/python-airflow-venv/lib/python3.10/site-packages/airflow/example_dags/example_latest_only.py took 0.702 seconds
[2023-04-10T17:47:14.319-0400] {logging_mixin.py:137} WARNING - /Users/admin/opt/anaconda3/envs/python-airflow-venv/lib/python3.10/site-packages/airflow/settings.py:337 DeprecationWarning: The sql_alchemy_pool_enabled option in [core] has been moved to the sql_alchemy_pool_enabled option in [database] - the old setting has been used, but please update your config.
[2023-04-10T17:47:14.324-0400] {logging_mixin.py:137} WARNING - /Users/admin/opt/anaconda3/envs/python-airflow-venv/lib/python3.10/site-packages/airflow/settings.py:400 DeprecationWarning: The sql_engine_encoding option in [core] has been moved to the sql_engine_encoding option in [database] - the old setting has been used, but please update your config.
[2023-04-10T17:47:14.324-0400] {processor.py:153} INFO - Started process (PID=4063) to work on /Users/admin/opt/anaconda3/envs/python-airflow-venv/lib/python3.10/site-packages/airflow/example_dags/example_latest_only.py
[2023-04-10T17:47:14.324-0400] {processor.py:743} INFO - Processing file /Users/admin/opt/anaconda3/envs/python-airflow-venv/lib/python3.10/site-packages/airflow/example_dags/example_latest_only.py for tasks to queue
[2023-04-10T17:47:14.325-0400] {logging_mixin.py:137} INFO - [2023-04-10T17:47:14.325-0400] {dagbag.py:538} INFO - Filling up the DagBag from /Users/admin/opt/anaconda3/envs/python-airflow-venv/lib/python3.10/site-packages/airflow/example_dags/example_latest_only.py
[2023-04-10T17:47:14.371-0400] {processor.py:753} INFO - DAG(s) dict_keys(['latest_only']) retrieved from /Users/admin/opt/anaconda3/envs/python-airflow-venv/lib/python3.10/site-packages/airflow/example_dags/example_latest_only.py
[2023-04-10T17:47:14.425-0400] {logging_mixin.py:137} WARNING - /Users/admin/opt/anaconda3/envs/python-airflow-venv/lib/python3.10/site-packages/airflow/jobs/scheduler_job.py:124 DeprecationWarning: The processor_poll_interval option in [scheduler] has been renamed to scheduler_idle_sleep_time - the old setting has been used, but please update your config.
[2023-04-10T17:47:14.989-0400] {logging_mixin.py:137} INFO - [2023-04-10T17:47:14.989-0400] {dag.py:2690} INFO - Sync 1 DAGs
[2023-04-10T17:47:15.003-0400] {logging_mixin.py:137} INFO - [2023-04-10T17:47:15.003-0400] {dag.py:3437} INFO - Setting next_dagrun for latest_only to 2023-04-10T17:47:15.003668+00:00, run_after=2023-04-10T21:47:15.003668+00:00
[2023-04-10T17:47:15.024-0400] {processor.py:175} INFO - Processing /Users/admin/opt/anaconda3/envs/python-airflow-venv/lib/python3.10/site-packages/airflow/example_dags/example_latest_only.py took 0.706 seconds
[2023-04-10T17:49:10.336-0400] {logging_mixin.py:137} WARNING - /Users/admin/opt/anaconda3/envs/python-airflow-venv/lib/python3.10/site-packages/airflow/settings.py:337 DeprecationWarning: The sql_alchemy_pool_enabled option in [core] has been moved to the sql_alchemy_pool_enabled option in [database] - the old setting has been used, but please update your config.
[2023-04-10T17:49:10.341-0400] {logging_mixin.py:137} WARNING - /Users/admin/opt/anaconda3/envs/python-airflow-venv/lib/python3.10/site-packages/airflow/settings.py:400 DeprecationWarning: The sql_engine_encoding option in [core] has been moved to the sql_engine_encoding option in [database] - the old setting has been used, but please update your config.
[2023-04-10T17:49:10.341-0400] {processor.py:153} INFO - Started process (PID=4113) to work on /Users/admin/opt/anaconda3/envs/python-airflow-venv/lib/python3.10/site-packages/airflow/example_dags/example_latest_only.py
[2023-04-10T17:49:10.342-0400] {processor.py:743} INFO - Processing file /Users/admin/opt/anaconda3/envs/python-airflow-venv/lib/python3.10/site-packages/airflow/example_dags/example_latest_only.py for tasks to queue
[2023-04-10T17:49:10.342-0400] {logging_mixin.py:137} INFO - [2023-04-10T17:49:10.342-0400] {dagbag.py:538} INFO - Filling up the DagBag from /Users/admin/opt/anaconda3/envs/python-airflow-venv/lib/python3.10/site-packages/airflow/example_dags/example_latest_only.py
[2023-04-10T17:49:10.386-0400] {processor.py:753} INFO - DAG(s) dict_keys(['latest_only']) retrieved from /Users/admin/opt/anaconda3/envs/python-airflow-venv/lib/python3.10/site-packages/airflow/example_dags/example_latest_only.py
[2023-04-10T17:49:10.440-0400] {logging_mixin.py:137} WARNING - /Users/admin/opt/anaconda3/envs/python-airflow-venv/lib/python3.10/site-packages/airflow/jobs/scheduler_job.py:124 DeprecationWarning: The processor_poll_interval option in [scheduler] has been renamed to scheduler_idle_sleep_time - the old setting has been used, but please update your config.
[2023-04-10T17:49:11.003-0400] {logging_mixin.py:137} INFO - [2023-04-10T17:49:11.002-0400] {dag.py:2690} INFO - Sync 1 DAGs
[2023-04-10T17:49:11.017-0400] {logging_mixin.py:137} INFO - [2023-04-10T17:49:11.016-0400] {dag.py:3437} INFO - Setting next_dagrun for latest_only to 2023-04-10T17:49:11.016773+00:00, run_after=2023-04-10T21:49:11.016773+00:00
[2023-04-10T17:49:11.032-0400] {processor.py:175} INFO - Processing /Users/admin/opt/anaconda3/envs/python-airflow-venv/lib/python3.10/site-packages/airflow/example_dags/example_latest_only.py took 0.697 seconds
[2023-04-10T17:51:06.063-0400] {logging_mixin.py:137} WARNING - /Users/admin/opt/anaconda3/envs/python-airflow-venv/lib/python3.10/site-packages/airflow/settings.py:337 DeprecationWarning: The sql_alchemy_pool_enabled option in [core] has been moved to the sql_alchemy_pool_enabled option in [database] - the old setting has been used, but please update your config.
[2023-04-10T17:51:06.067-0400] {logging_mixin.py:137} WARNING - /Users/admin/opt/anaconda3/envs/python-airflow-venv/lib/python3.10/site-packages/airflow/settings.py:400 DeprecationWarning: The sql_engine_encoding option in [core] has been moved to the sql_engine_encoding option in [database] - the old setting has been used, but please update your config.
[2023-04-10T17:51:06.068-0400] {processor.py:153} INFO - Started process (PID=4164) to work on /Users/admin/opt/anaconda3/envs/python-airflow-venv/lib/python3.10/site-packages/airflow/example_dags/example_latest_only.py
[2023-04-10T17:51:06.068-0400] {processor.py:743} INFO - Processing file /Users/admin/opt/anaconda3/envs/python-airflow-venv/lib/python3.10/site-packages/airflow/example_dags/example_latest_only.py for tasks to queue
[2023-04-10T17:51:06.068-0400] {logging_mixin.py:137} INFO - [2023-04-10T17:51:06.068-0400] {dagbag.py:538} INFO - Filling up the DagBag from /Users/admin/opt/anaconda3/envs/python-airflow-venv/lib/python3.10/site-packages/airflow/example_dags/example_latest_only.py
[2023-04-10T17:51:06.113-0400] {processor.py:753} INFO - DAG(s) dict_keys(['latest_only']) retrieved from /Users/admin/opt/anaconda3/envs/python-airflow-venv/lib/python3.10/site-packages/airflow/example_dags/example_latest_only.py
[2023-04-10T17:51:06.172-0400] {logging_mixin.py:137} WARNING - /Users/admin/opt/anaconda3/envs/python-airflow-venv/lib/python3.10/site-packages/airflow/jobs/scheduler_job.py:124 DeprecationWarning: The processor_poll_interval option in [scheduler] has been renamed to scheduler_idle_sleep_time - the old setting has been used, but please update your config.
[2023-04-10T17:51:06.735-0400] {logging_mixin.py:137} INFO - [2023-04-10T17:51:06.735-0400] {dag.py:2690} INFO - Sync 1 DAGs
[2023-04-10T17:51:06.749-0400] {logging_mixin.py:137} INFO - [2023-04-10T17:51:06.749-0400] {dag.py:3437} INFO - Setting next_dagrun for latest_only to 2023-04-10T17:51:06.749516+00:00, run_after=2023-04-10T21:51:06.749516+00:00
[2023-04-10T17:51:06.769-0400] {processor.py:175} INFO - Processing /Users/admin/opt/anaconda3/envs/python-airflow-venv/lib/python3.10/site-packages/airflow/example_dags/example_latest_only.py took 0.707 seconds
[2023-04-10T17:53:02.217-0400] {logging_mixin.py:137} WARNING - /Users/admin/opt/anaconda3/envs/python-airflow-venv/lib/python3.10/site-packages/airflow/settings.py:337 DeprecationWarning: The sql_alchemy_pool_enabled option in [core] has been moved to the sql_alchemy_pool_enabled option in [database] - the old setting has been used, but please update your config.
[2023-04-10T17:53:02.221-0400] {logging_mixin.py:137} WARNING - /Users/admin/opt/anaconda3/envs/python-airflow-venv/lib/python3.10/site-packages/airflow/settings.py:400 DeprecationWarning: The sql_engine_encoding option in [core] has been moved to the sql_engine_encoding option in [database] - the old setting has been used, but please update your config.
[2023-04-10T17:53:02.222-0400] {processor.py:153} INFO - Started process (PID=4221) to work on /Users/admin/opt/anaconda3/envs/python-airflow-venv/lib/python3.10/site-packages/airflow/example_dags/example_latest_only.py
[2023-04-10T17:53:02.222-0400] {processor.py:743} INFO - Processing file /Users/admin/opt/anaconda3/envs/python-airflow-venv/lib/python3.10/site-packages/airflow/example_dags/example_latest_only.py for tasks to queue
[2023-04-10T17:53:02.222-0400] {logging_mixin.py:137} INFO - [2023-04-10T17:53:02.222-0400] {dagbag.py:538} INFO - Filling up the DagBag from /Users/admin/opt/anaconda3/envs/python-airflow-venv/lib/python3.10/site-packages/airflow/example_dags/example_latest_only.py
[2023-04-10T17:53:02.266-0400] {processor.py:753} INFO - DAG(s) dict_keys(['latest_only']) retrieved from /Users/admin/opt/anaconda3/envs/python-airflow-venv/lib/python3.10/site-packages/airflow/example_dags/example_latest_only.py
[2023-04-10T17:53:02.320-0400] {logging_mixin.py:137} WARNING - /Users/admin/opt/anaconda3/envs/python-airflow-venv/lib/python3.10/site-packages/airflow/jobs/scheduler_job.py:124 DeprecationWarning: The processor_poll_interval option in [scheduler] has been renamed to scheduler_idle_sleep_time - the old setting has been used, but please update your config.
[2023-04-10T17:53:02.883-0400] {logging_mixin.py:137} INFO - [2023-04-10T17:53:02.883-0400] {dag.py:2690} INFO - Sync 1 DAGs
[2023-04-10T17:53:02.897-0400] {logging_mixin.py:137} INFO - [2023-04-10T17:53:02.896-0400] {dag.py:3437} INFO - Setting next_dagrun for latest_only to 2023-04-10T17:53:02.896819+00:00, run_after=2023-04-10T21:53:02.896819+00:00
[2023-04-10T17:53:02.917-0400] {processor.py:175} INFO - Processing /Users/admin/opt/anaconda3/envs/python-airflow-venv/lib/python3.10/site-packages/airflow/example_dags/example_latest_only.py took 0.701 seconds
[2023-04-10T17:54:58.366-0400] {logging_mixin.py:137} WARNING - /Users/admin/opt/anaconda3/envs/python-airflow-venv/lib/python3.10/site-packages/airflow/settings.py:337 DeprecationWarning: The sql_alchemy_pool_enabled option in [core] has been moved to the sql_alchemy_pool_enabled option in [database] - the old setting has been used, but please update your config.
[2023-04-10T17:54:58.371-0400] {logging_mixin.py:137} WARNING - /Users/admin/opt/anaconda3/envs/python-airflow-venv/lib/python3.10/site-packages/airflow/settings.py:400 DeprecationWarning: The sql_engine_encoding option in [core] has been moved to the sql_engine_encoding option in [database] - the old setting has been used, but please update your config.
[2023-04-10T17:54:58.372-0400] {processor.py:153} INFO - Started process (PID=4271) to work on /Users/admin/opt/anaconda3/envs/python-airflow-venv/lib/python3.10/site-packages/airflow/example_dags/example_latest_only.py
[2023-04-10T17:54:58.372-0400] {processor.py:743} INFO - Processing file /Users/admin/opt/anaconda3/envs/python-airflow-venv/lib/python3.10/site-packages/airflow/example_dags/example_latest_only.py for tasks to queue
[2023-04-10T17:54:58.372-0400] {logging_mixin.py:137} INFO - [2023-04-10T17:54:58.372-0400] {dagbag.py:538} INFO - Filling up the DagBag from /Users/admin/opt/anaconda3/envs/python-airflow-venv/lib/python3.10/site-packages/airflow/example_dags/example_latest_only.py
[2023-04-10T17:54:58.419-0400] {processor.py:753} INFO - DAG(s) dict_keys(['latest_only']) retrieved from /Users/admin/opt/anaconda3/envs/python-airflow-venv/lib/python3.10/site-packages/airflow/example_dags/example_latest_only.py
[2023-04-10T17:54:58.472-0400] {logging_mixin.py:137} WARNING - /Users/admin/opt/anaconda3/envs/python-airflow-venv/lib/python3.10/site-packages/airflow/jobs/scheduler_job.py:124 DeprecationWarning: The processor_poll_interval option in [scheduler] has been renamed to scheduler_idle_sleep_time - the old setting has been used, but please update your config.
[2023-04-10T17:54:59.035-0400] {logging_mixin.py:137} INFO - [2023-04-10T17:54:59.035-0400] {dag.py:2690} INFO - Sync 1 DAGs
[2023-04-10T17:54:59.049-0400] {logging_mixin.py:137} INFO - [2023-04-10T17:54:59.049-0400] {dag.py:3437} INFO - Setting next_dagrun for latest_only to 2023-04-10T17:54:59.049576+00:00, run_after=2023-04-10T21:54:59.049576+00:00
[2023-04-10T17:54:59.066-0400] {processor.py:175} INFO - Processing /Users/admin/opt/anaconda3/envs/python-airflow-venv/lib/python3.10/site-packages/airflow/example_dags/example_latest_only.py took 0.701 seconds
[2023-04-10T17:56:54.318-0400] {logging_mixin.py:137} WARNING - /Users/admin/opt/anaconda3/envs/python-airflow-venv/lib/python3.10/site-packages/airflow/settings.py:337 DeprecationWarning: The sql_alchemy_pool_enabled option in [core] has been moved to the sql_alchemy_pool_enabled option in [database] - the old setting has been used, but please update your config.
[2023-04-10T17:56:54.323-0400] {logging_mixin.py:137} WARNING - /Users/admin/opt/anaconda3/envs/python-airflow-venv/lib/python3.10/site-packages/airflow/settings.py:400 DeprecationWarning: The sql_engine_encoding option in [core] has been moved to the sql_engine_encoding option in [database] - the old setting has been used, but please update your config.
[2023-04-10T17:56:54.323-0400] {processor.py:153} INFO - Started process (PID=4323) to work on /Users/admin/opt/anaconda3/envs/python-airflow-venv/lib/python3.10/site-packages/airflow/example_dags/example_latest_only.py
[2023-04-10T17:56:54.323-0400] {processor.py:743} INFO - Processing file /Users/admin/opt/anaconda3/envs/python-airflow-venv/lib/python3.10/site-packages/airflow/example_dags/example_latest_only.py for tasks to queue
[2023-04-10T17:56:54.324-0400] {logging_mixin.py:137} INFO - [2023-04-10T17:56:54.324-0400] {dagbag.py:538} INFO - Filling up the DagBag from /Users/admin/opt/anaconda3/envs/python-airflow-venv/lib/python3.10/site-packages/airflow/example_dags/example_latest_only.py
[2023-04-10T17:56:54.370-0400] {processor.py:753} INFO - DAG(s) dict_keys(['latest_only']) retrieved from /Users/admin/opt/anaconda3/envs/python-airflow-venv/lib/python3.10/site-packages/airflow/example_dags/example_latest_only.py
[2023-04-10T17:56:54.423-0400] {logging_mixin.py:137} WARNING - /Users/admin/opt/anaconda3/envs/python-airflow-venv/lib/python3.10/site-packages/airflow/jobs/scheduler_job.py:124 DeprecationWarning: The processor_poll_interval option in [scheduler] has been renamed to scheduler_idle_sleep_time - the old setting has been used, but please update your config.
[2023-04-10T17:56:54.985-0400] {logging_mixin.py:137} INFO - [2023-04-10T17:56:54.985-0400] {dag.py:2690} INFO - Sync 1 DAGs
[2023-04-10T17:56:54.999-0400] {logging_mixin.py:137} INFO - [2023-04-10T17:56:54.999-0400] {dag.py:3437} INFO - Setting next_dagrun for latest_only to 2023-04-10T17:56:54.999522+00:00, run_after=2023-04-10T21:56:54.999522+00:00
[2023-04-10T17:56:55.016-0400] {processor.py:175} INFO - Processing /Users/admin/opt/anaconda3/envs/python-airflow-venv/lib/python3.10/site-packages/airflow/example_dags/example_latest_only.py took 0.699 seconds
[2023-04-10T17:58:50.368-0400] {logging_mixin.py:137} WARNING - /Users/admin/opt/anaconda3/envs/python-airflow-venv/lib/python3.10/site-packages/airflow/settings.py:337 DeprecationWarning: The sql_alchemy_pool_enabled option in [core] has been moved to the sql_alchemy_pool_enabled option in [database] - the old setting has been used, but please update your config.
[2023-04-10T17:58:50.372-0400] {logging_mixin.py:137} WARNING - /Users/admin/opt/anaconda3/envs/python-airflow-venv/lib/python3.10/site-packages/airflow/settings.py:400 DeprecationWarning: The sql_engine_encoding option in [core] has been moved to the sql_engine_encoding option in [database] - the old setting has been used, but please update your config.
[2023-04-10T17:58:50.373-0400] {processor.py:153} INFO - Started process (PID=4374) to work on /Users/admin/opt/anaconda3/envs/python-airflow-venv/lib/python3.10/site-packages/airflow/example_dags/example_latest_only.py
[2023-04-10T17:58:50.373-0400] {processor.py:743} INFO - Processing file /Users/admin/opt/anaconda3/envs/python-airflow-venv/lib/python3.10/site-packages/airflow/example_dags/example_latest_only.py for tasks to queue
[2023-04-10T17:58:50.373-0400] {logging_mixin.py:137} INFO - [2023-04-10T17:58:50.373-0400] {dagbag.py:538} INFO - Filling up the DagBag from /Users/admin/opt/anaconda3/envs/python-airflow-venv/lib/python3.10/site-packages/airflow/example_dags/example_latest_only.py
[2023-04-10T17:58:50.419-0400] {processor.py:753} INFO - DAG(s) dict_keys(['latest_only']) retrieved from /Users/admin/opt/anaconda3/envs/python-airflow-venv/lib/python3.10/site-packages/airflow/example_dags/example_latest_only.py
[2023-04-10T17:58:50.472-0400] {logging_mixin.py:137} WARNING - /Users/admin/opt/anaconda3/envs/python-airflow-venv/lib/python3.10/site-packages/airflow/jobs/scheduler_job.py:124 DeprecationWarning: The processor_poll_interval option in [scheduler] has been renamed to scheduler_idle_sleep_time - the old setting has been used, but please update your config.
[2023-04-10T17:58:51.037-0400] {logging_mixin.py:137} INFO - [2023-04-10T17:58:51.037-0400] {dag.py:2690} INFO - Sync 1 DAGs
[2023-04-10T17:58:51.051-0400] {logging_mixin.py:137} INFO - [2023-04-10T17:58:51.051-0400] {dag.py:3437} INFO - Setting next_dagrun for latest_only to 2023-04-10T17:58:51.051477+00:00, run_after=2023-04-10T21:58:51.051477+00:00
[2023-04-10T17:58:51.068-0400] {processor.py:175} INFO - Processing /Users/admin/opt/anaconda3/envs/python-airflow-venv/lib/python3.10/site-packages/airflow/example_dags/example_latest_only.py took 0.701 seconds
[2023-04-10T18:00:46.406-0400] {logging_mixin.py:137} WARNING - /Users/admin/opt/anaconda3/envs/python-airflow-venv/lib/python3.10/site-packages/airflow/settings.py:337 DeprecationWarning: The sql_alchemy_pool_enabled option in [core] has been moved to the sql_alchemy_pool_enabled option in [database] - the old setting has been used, but please update your config.
[2023-04-10T18:00:46.410-0400] {logging_mixin.py:137} WARNING - /Users/admin/opt/anaconda3/envs/python-airflow-venv/lib/python3.10/site-packages/airflow/settings.py:400 DeprecationWarning: The sql_engine_encoding option in [core] has been moved to the sql_engine_encoding option in [database] - the old setting has been used, but please update your config.
[2023-04-10T18:00:46.411-0400] {processor.py:153} INFO - Started process (PID=4425) to work on /Users/admin/opt/anaconda3/envs/python-airflow-venv/lib/python3.10/site-packages/airflow/example_dags/example_latest_only.py
[2023-04-10T18:00:46.411-0400] {processor.py:743} INFO - Processing file /Users/admin/opt/anaconda3/envs/python-airflow-venv/lib/python3.10/site-packages/airflow/example_dags/example_latest_only.py for tasks to queue
[2023-04-10T18:00:46.412-0400] {logging_mixin.py:137} INFO - [2023-04-10T18:00:46.411-0400] {dagbag.py:538} INFO - Filling up the DagBag from /Users/admin/opt/anaconda3/envs/python-airflow-venv/lib/python3.10/site-packages/airflow/example_dags/example_latest_only.py
[2023-04-10T18:00:46.459-0400] {processor.py:753} INFO - DAG(s) dict_keys(['latest_only']) retrieved from /Users/admin/opt/anaconda3/envs/python-airflow-venv/lib/python3.10/site-packages/airflow/example_dags/example_latest_only.py
[2023-04-10T18:00:46.512-0400] {logging_mixin.py:137} WARNING - /Users/admin/opt/anaconda3/envs/python-airflow-venv/lib/python3.10/site-packages/airflow/jobs/scheduler_job.py:124 DeprecationWarning: The processor_poll_interval option in [scheduler] has been renamed to scheduler_idle_sleep_time - the old setting has been used, but please update your config.
[2023-04-10T18:00:47.073-0400] {logging_mixin.py:137} INFO - [2023-04-10T18:00:47.073-0400] {dag.py:2690} INFO - Sync 1 DAGs
[2023-04-10T18:00:47.087-0400] {logging_mixin.py:137} INFO - [2023-04-10T18:00:47.087-0400] {dag.py:3437} INFO - Setting next_dagrun for latest_only to 2023-04-10T18:00:47.087214+00:00, run_after=2023-04-10T22:00:47.087214+00:00
[2023-04-10T18:00:47.107-0400] {processor.py:175} INFO - Processing /Users/admin/opt/anaconda3/envs/python-airflow-venv/lib/python3.10/site-packages/airflow/example_dags/example_latest_only.py took 0.701 seconds
[2023-04-10T18:12:34.226-0400] {logging_mixin.py:137} WARNING - /Users/admin/opt/anaconda3/envs/python-airflow-venv/lib/python3.10/site-packages/airflow/settings.py:337 DeprecationWarning: The sql_alchemy_pool_enabled option in [core] has been moved to the sql_alchemy_pool_enabled option in [database] - the old setting has been used, but please update your config.
[2023-04-10T18:12:34.230-0400] {logging_mixin.py:137} WARNING - /Users/admin/opt/anaconda3/envs/python-airflow-venv/lib/python3.10/site-packages/airflow/settings.py:400 DeprecationWarning: The sql_engine_encoding option in [core] has been moved to the sql_engine_encoding option in [database] - the old setting has been used, but please update your config.
[2023-04-10T18:12:34.231-0400] {processor.py:153} INFO - Started process (PID=4494) to work on /Users/admin/opt/anaconda3/envs/python-airflow-venv/lib/python3.10/site-packages/airflow/example_dags/example_latest_only.py
[2023-04-10T18:12:34.231-0400] {processor.py:743} INFO - Processing file /Users/admin/opt/anaconda3/envs/python-airflow-venv/lib/python3.10/site-packages/airflow/example_dags/example_latest_only.py for tasks to queue
[2023-04-10T18:12:34.231-0400] {logging_mixin.py:137} INFO - [2023-04-10T18:12:34.231-0400] {dagbag.py:538} INFO - Filling up the DagBag from /Users/admin/opt/anaconda3/envs/python-airflow-venv/lib/python3.10/site-packages/airflow/example_dags/example_latest_only.py
[2023-04-10T18:12:34.278-0400] {processor.py:753} INFO - DAG(s) dict_keys(['latest_only']) retrieved from /Users/admin/opt/anaconda3/envs/python-airflow-venv/lib/python3.10/site-packages/airflow/example_dags/example_latest_only.py
[2023-04-10T18:12:34.331-0400] {logging_mixin.py:137} WARNING - /Users/admin/opt/anaconda3/envs/python-airflow-venv/lib/python3.10/site-packages/airflow/jobs/scheduler_job.py:124 DeprecationWarning: The processor_poll_interval option in [scheduler] has been renamed to scheduler_idle_sleep_time - the old setting has been used, but please update your config.
[2023-04-10T18:12:34.892-0400] {logging_mixin.py:137} INFO - [2023-04-10T18:12:34.892-0400] {dag.py:2690} INFO - Sync 1 DAGs
[2023-04-10T18:12:34.906-0400] {logging_mixin.py:137} INFO - [2023-04-10T18:12:34.906-0400] {dag.py:3437} INFO - Setting next_dagrun for latest_only to 2023-04-10T18:12:34.906348+00:00, run_after=2023-04-10T22:12:34.906348+00:00
[2023-04-10T18:12:34.926-0400] {processor.py:175} INFO - Processing /Users/admin/opt/anaconda3/envs/python-airflow-venv/lib/python3.10/site-packages/airflow/example_dags/example_latest_only.py took 0.701 seconds
[2023-04-10T18:14:30.343-0400] {logging_mixin.py:137} WARNING - /Users/admin/opt/anaconda3/envs/python-airflow-venv/lib/python3.10/site-packages/airflow/settings.py:337 DeprecationWarning: The sql_alchemy_pool_enabled option in [core] has been moved to the sql_alchemy_pool_enabled option in [database] - the old setting has been used, but please update your config.
[2023-04-10T18:14:30.348-0400] {logging_mixin.py:137} WARNING - /Users/admin/opt/anaconda3/envs/python-airflow-venv/lib/python3.10/site-packages/airflow/settings.py:400 DeprecationWarning: The sql_engine_encoding option in [core] has been moved to the sql_engine_encoding option in [database] - the old setting has been used, but please update your config.
[2023-04-10T18:14:30.348-0400] {processor.py:153} INFO - Started process (PID=4546) to work on /Users/admin/opt/anaconda3/envs/python-airflow-venv/lib/python3.10/site-packages/airflow/example_dags/example_latest_only.py
[2023-04-10T18:14:30.348-0400] {processor.py:743} INFO - Processing file /Users/admin/opt/anaconda3/envs/python-airflow-venv/lib/python3.10/site-packages/airflow/example_dags/example_latest_only.py for tasks to queue
[2023-04-10T18:14:30.349-0400] {logging_mixin.py:137} INFO - [2023-04-10T18:14:30.349-0400] {dagbag.py:538} INFO - Filling up the DagBag from /Users/admin/opt/anaconda3/envs/python-airflow-venv/lib/python3.10/site-packages/airflow/example_dags/example_latest_only.py
[2023-04-10T18:14:30.398-0400] {processor.py:753} INFO - DAG(s) dict_keys(['latest_only']) retrieved from /Users/admin/opt/anaconda3/envs/python-airflow-venv/lib/python3.10/site-packages/airflow/example_dags/example_latest_only.py
[2023-04-10T18:14:30.451-0400] {logging_mixin.py:137} WARNING - /Users/admin/opt/anaconda3/envs/python-airflow-venv/lib/python3.10/site-packages/airflow/jobs/scheduler_job.py:124 DeprecationWarning: The processor_poll_interval option in [scheduler] has been renamed to scheduler_idle_sleep_time - the old setting has been used, but please update your config.
[2023-04-10T18:14:31.022-0400] {logging_mixin.py:137} INFO - [2023-04-10T18:14:31.022-0400] {dag.py:2690} INFO - Sync 1 DAGs
[2023-04-10T18:14:31.036-0400] {logging_mixin.py:137} INFO - [2023-04-10T18:14:31.036-0400] {dag.py:3437} INFO - Setting next_dagrun for latest_only to 2023-04-10T18:14:31.036409+00:00, run_after=2023-04-10T22:14:31.036409+00:00
[2023-04-10T18:14:31.053-0400] {processor.py:175} INFO - Processing /Users/admin/opt/anaconda3/envs/python-airflow-venv/lib/python3.10/site-packages/airflow/example_dags/example_latest_only.py took 0.711 seconds
[2023-04-10T18:16:26.255-0400] {logging_mixin.py:137} WARNING - /Users/admin/opt/anaconda3/envs/python-airflow-venv/lib/python3.10/site-packages/airflow/settings.py:337 DeprecationWarning: The sql_alchemy_pool_enabled option in [core] has been moved to the sql_alchemy_pool_enabled option in [database] - the old setting has been used, but please update your config.
[2023-04-10T18:16:26.260-0400] {logging_mixin.py:137} WARNING - /Users/admin/opt/anaconda3/envs/python-airflow-venv/lib/python3.10/site-packages/airflow/settings.py:400 DeprecationWarning: The sql_engine_encoding option in [core] has been moved to the sql_engine_encoding option in [database] - the old setting has been used, but please update your config.
[2023-04-10T18:16:26.260-0400] {processor.py:153} INFO - Started process (PID=4597) to work on /Users/admin/opt/anaconda3/envs/python-airflow-venv/lib/python3.10/site-packages/airflow/example_dags/example_latest_only.py
[2023-04-10T18:16:26.260-0400] {processor.py:743} INFO - Processing file /Users/admin/opt/anaconda3/envs/python-airflow-venv/lib/python3.10/site-packages/airflow/example_dags/example_latest_only.py for tasks to queue
[2023-04-10T18:16:26.261-0400] {logging_mixin.py:137} INFO - [2023-04-10T18:16:26.261-0400] {dagbag.py:538} INFO - Filling up the DagBag from /Users/admin/opt/anaconda3/envs/python-airflow-venv/lib/python3.10/site-packages/airflow/example_dags/example_latest_only.py
[2023-04-10T18:16:26.308-0400] {processor.py:753} INFO - DAG(s) dict_keys(['latest_only']) retrieved from /Users/admin/opt/anaconda3/envs/python-airflow-venv/lib/python3.10/site-packages/airflow/example_dags/example_latest_only.py
[2023-04-10T18:16:26.361-0400] {logging_mixin.py:137} WARNING - /Users/admin/opt/anaconda3/envs/python-airflow-venv/lib/python3.10/site-packages/airflow/jobs/scheduler_job.py:124 DeprecationWarning: The processor_poll_interval option in [scheduler] has been renamed to scheduler_idle_sleep_time - the old setting has been used, but please update your config.
[2023-04-10T18:16:26.922-0400] {logging_mixin.py:137} INFO - [2023-04-10T18:16:26.922-0400] {dag.py:2690} INFO - Sync 1 DAGs
[2023-04-10T18:16:26.936-0400] {logging_mixin.py:137} INFO - [2023-04-10T18:16:26.936-0400] {dag.py:3437} INFO - Setting next_dagrun for latest_only to 2023-04-10T18:16:26.936115+00:00, run_after=2023-04-10T22:16:26.936115+00:00
[2023-04-10T18:16:26.952-0400] {processor.py:175} INFO - Processing /Users/admin/opt/anaconda3/envs/python-airflow-venv/lib/python3.10/site-packages/airflow/example_dags/example_latest_only.py took 0.698 seconds
