[2023-04-10T17:12:33.054-0400] {logging_mixin.py:137} WARNING - /Users/admin/opt/anaconda3/envs/python-airflow-venv/lib/python3.10/site-packages/airflow/settings.py:337 DeprecationWarning: The sql_alchemy_pool_enabled option in [core] has been moved to the sql_alchemy_pool_enabled option in [database] - the old setting has been used, but please update your config.
[2023-04-10T17:12:33.060-0400] {logging_mixin.py:137} WARNING - /Users/admin/opt/anaconda3/envs/python-airflow-venv/lib/python3.10/site-packages/airflow/settings.py:400 DeprecationWarning: The sql_engine_encoding option in [core] has been moved to the sql_engine_encoding option in [database] - the old setting has been used, but please update your config.
[2023-04-10T17:12:33.060-0400] {processor.py:153} INFO - Started process (PID=3063) to work on /Users/admin/opt/anaconda3/envs/python-airflow-venv/lib/python3.10/site-packages/airflow/example_dags/example_dynamic_task_mapping.py
[2023-04-10T17:12:33.061-0400] {processor.py:743} INFO - Processing file /Users/admin/opt/anaconda3/envs/python-airflow-venv/lib/python3.10/site-packages/airflow/example_dags/example_dynamic_task_mapping.py for tasks to queue
[2023-04-10T17:12:33.061-0400] {logging_mixin.py:137} INFO - [2023-04-10T17:12:33.061-0400] {dagbag.py:538} INFO - Filling up the DagBag from /Users/admin/opt/anaconda3/envs/python-airflow-venv/lib/python3.10/site-packages/airflow/example_dags/example_dynamic_task_mapping.py
[2023-04-10T17:12:33.130-0400] {processor.py:753} INFO - DAG(s) dict_keys(['example_dynamic_task_mapping']) retrieved from /Users/admin/opt/anaconda3/envs/python-airflow-venv/lib/python3.10/site-packages/airflow/example_dags/example_dynamic_task_mapping.py
[2023-04-10T17:12:33.173-0400] {logging_mixin.py:137} WARNING - /Users/admin/opt/anaconda3/envs/python-airflow-venv/lib/python3.10/site-packages/airflow/jobs/scheduler_job.py:124 DeprecationWarning: The processor_poll_interval option in [scheduler] has been renamed to scheduler_idle_sleep_time - the old setting has been used, but please update your config.
[2023-04-10T17:12:33.740-0400] {logging_mixin.py:137} INFO - [2023-04-10T17:12:33.740-0400] {dag.py:2690} INFO - Sync 1 DAGs
[2023-04-10T17:12:33.754-0400] {logging_mixin.py:137} INFO - [2023-04-10T17:12:33.754-0400] {dag.py:3437} INFO - Setting next_dagrun for example_dynamic_task_mapping to 2022-03-04T00:00:00+00:00, run_after=2022-03-05T00:00:00+00:00
[2023-04-10T17:12:33.774-0400] {processor.py:175} INFO - Processing /Users/admin/opt/anaconda3/envs/python-airflow-venv/lib/python3.10/site-packages/airflow/example_dags/example_dynamic_task_mapping.py took 0.720 seconds
[2023-04-10T17:16:25.312-0400] {logging_mixin.py:137} WARNING - /Users/admin/opt/anaconda3/envs/python-airflow-venv/lib/python3.10/site-packages/airflow/settings.py:337 DeprecationWarning: The sql_alchemy_pool_enabled option in [core] has been moved to the sql_alchemy_pool_enabled option in [database] - the old setting has been used, but please update your config.
[2023-04-10T17:16:25.316-0400] {logging_mixin.py:137} WARNING - /Users/admin/opt/anaconda3/envs/python-airflow-venv/lib/python3.10/site-packages/airflow/settings.py:400 DeprecationWarning: The sql_engine_encoding option in [core] has been moved to the sql_engine_encoding option in [database] - the old setting has been used, but please update your config.
[2023-04-10T17:16:25.317-0400] {processor.py:153} INFO - Started process (PID=3162) to work on /Users/admin/opt/anaconda3/envs/python-airflow-venv/lib/python3.10/site-packages/airflow/example_dags/example_dynamic_task_mapping.py
[2023-04-10T17:16:25.317-0400] {processor.py:743} INFO - Processing file /Users/admin/opt/anaconda3/envs/python-airflow-venv/lib/python3.10/site-packages/airflow/example_dags/example_dynamic_task_mapping.py for tasks to queue
[2023-04-10T17:16:25.317-0400] {logging_mixin.py:137} INFO - [2023-04-10T17:16:25.317-0400] {dagbag.py:538} INFO - Filling up the DagBag from /Users/admin/opt/anaconda3/envs/python-airflow-venv/lib/python3.10/site-packages/airflow/example_dags/example_dynamic_task_mapping.py
[2023-04-10T17:16:25.385-0400] {processor.py:753} INFO - DAG(s) dict_keys(['example_dynamic_task_mapping']) retrieved from /Users/admin/opt/anaconda3/envs/python-airflow-venv/lib/python3.10/site-packages/airflow/example_dags/example_dynamic_task_mapping.py
[2023-04-10T17:16:25.427-0400] {logging_mixin.py:137} WARNING - /Users/admin/opt/anaconda3/envs/python-airflow-venv/lib/python3.10/site-packages/airflow/jobs/scheduler_job.py:124 DeprecationWarning: The processor_poll_interval option in [scheduler] has been renamed to scheduler_idle_sleep_time - the old setting has been used, but please update your config.
[2023-04-10T17:16:25.988-0400] {logging_mixin.py:137} INFO - [2023-04-10T17:16:25.987-0400] {dag.py:2690} INFO - Sync 1 DAGs
[2023-04-10T17:16:26.001-0400] {logging_mixin.py:137} INFO - [2023-04-10T17:16:26.001-0400] {dag.py:3437} INFO - Setting next_dagrun for example_dynamic_task_mapping to 2022-03-04T00:00:00+00:00, run_after=2022-03-05T00:00:00+00:00
[2023-04-10T17:16:26.022-0400] {processor.py:175} INFO - Processing /Users/admin/opt/anaconda3/envs/python-airflow-venv/lib/python3.10/site-packages/airflow/example_dags/example_dynamic_task_mapping.py took 0.711 seconds
[2023-04-10T17:18:20.027-0400] {logging_mixin.py:137} WARNING - /Users/admin/opt/anaconda3/envs/python-airflow-venv/lib/python3.10/site-packages/airflow/settings.py:337 DeprecationWarning: The sql_alchemy_pool_enabled option in [core] has been moved to the sql_alchemy_pool_enabled option in [database] - the old setting has been used, but please update your config.
[2023-04-10T17:18:20.031-0400] {logging_mixin.py:137} WARNING - /Users/admin/opt/anaconda3/envs/python-airflow-venv/lib/python3.10/site-packages/airflow/settings.py:400 DeprecationWarning: The sql_engine_encoding option in [core] has been moved to the sql_engine_encoding option in [database] - the old setting has been used, but please update your config.
[2023-04-10T17:18:20.032-0400] {processor.py:153} INFO - Started process (PID=3213) to work on /Users/admin/opt/anaconda3/envs/python-airflow-venv/lib/python3.10/site-packages/airflow/example_dags/example_dynamic_task_mapping.py
[2023-04-10T17:18:20.032-0400] {processor.py:743} INFO - Processing file /Users/admin/opt/anaconda3/envs/python-airflow-venv/lib/python3.10/site-packages/airflow/example_dags/example_dynamic_task_mapping.py for tasks to queue
[2023-04-10T17:18:20.033-0400] {logging_mixin.py:137} INFO - [2023-04-10T17:18:20.032-0400] {dagbag.py:538} INFO - Filling up the DagBag from /Users/admin/opt/anaconda3/envs/python-airflow-venv/lib/python3.10/site-packages/airflow/example_dags/example_dynamic_task_mapping.py
[2023-04-10T17:18:20.098-0400] {processor.py:753} INFO - DAG(s) dict_keys(['example_dynamic_task_mapping']) retrieved from /Users/admin/opt/anaconda3/envs/python-airflow-venv/lib/python3.10/site-packages/airflow/example_dags/example_dynamic_task_mapping.py
[2023-04-10T17:18:20.141-0400] {logging_mixin.py:137} WARNING - /Users/admin/opt/anaconda3/envs/python-airflow-venv/lib/python3.10/site-packages/airflow/jobs/scheduler_job.py:124 DeprecationWarning: The processor_poll_interval option in [scheduler] has been renamed to scheduler_idle_sleep_time - the old setting has been used, but please update your config.
[2023-04-10T17:18:20.704-0400] {logging_mixin.py:137} INFO - [2023-04-10T17:18:20.704-0400] {dag.py:2690} INFO - Sync 1 DAGs
[2023-04-10T17:18:20.718-0400] {logging_mixin.py:137} INFO - [2023-04-10T17:18:20.718-0400] {dag.py:3437} INFO - Setting next_dagrun for example_dynamic_task_mapping to 2022-03-04T00:00:00+00:00, run_after=2022-03-05T00:00:00+00:00
[2023-04-10T17:18:20.734-0400] {processor.py:175} INFO - Processing /Users/admin/opt/anaconda3/envs/python-airflow-venv/lib/python3.10/site-packages/airflow/example_dags/example_dynamic_task_mapping.py took 0.708 seconds
[2023-04-10T17:20:15.946-0400] {logging_mixin.py:137} WARNING - /Users/admin/opt/anaconda3/envs/python-airflow-venv/lib/python3.10/site-packages/airflow/settings.py:337 DeprecationWarning: The sql_alchemy_pool_enabled option in [core] has been moved to the sql_alchemy_pool_enabled option in [database] - the old setting has been used, but please update your config.
[2023-04-10T17:20:15.950-0400] {logging_mixin.py:137} WARNING - /Users/admin/opt/anaconda3/envs/python-airflow-venv/lib/python3.10/site-packages/airflow/settings.py:400 DeprecationWarning: The sql_engine_encoding option in [core] has been moved to the sql_engine_encoding option in [database] - the old setting has been used, but please update your config.
[2023-04-10T17:20:15.951-0400] {processor.py:153} INFO - Started process (PID=3265) to work on /Users/admin/opt/anaconda3/envs/python-airflow-venv/lib/python3.10/site-packages/airflow/example_dags/example_dynamic_task_mapping.py
[2023-04-10T17:20:15.951-0400] {processor.py:743} INFO - Processing file /Users/admin/opt/anaconda3/envs/python-airflow-venv/lib/python3.10/site-packages/airflow/example_dags/example_dynamic_task_mapping.py for tasks to queue
[2023-04-10T17:20:15.951-0400] {logging_mixin.py:137} INFO - [2023-04-10T17:20:15.951-0400] {dagbag.py:538} INFO - Filling up the DagBag from /Users/admin/opt/anaconda3/envs/python-airflow-venv/lib/python3.10/site-packages/airflow/example_dags/example_dynamic_task_mapping.py
[2023-04-10T17:20:16.026-0400] {processor.py:753} INFO - DAG(s) dict_keys(['example_dynamic_task_mapping']) retrieved from /Users/admin/opt/anaconda3/envs/python-airflow-venv/lib/python3.10/site-packages/airflow/example_dags/example_dynamic_task_mapping.py
[2023-04-10T17:20:16.077-0400] {logging_mixin.py:137} WARNING - /Users/admin/opt/anaconda3/envs/python-airflow-venv/lib/python3.10/site-packages/airflow/jobs/scheduler_job.py:124 DeprecationWarning: The processor_poll_interval option in [scheduler] has been renamed to scheduler_idle_sleep_time - the old setting has been used, but please update your config.
[2023-04-10T17:20:16.739-0400] {logging_mixin.py:137} INFO - [2023-04-10T17:20:16.739-0400] {dag.py:2690} INFO - Sync 1 DAGs
[2023-04-10T17:20:16.753-0400] {logging_mixin.py:137} INFO - [2023-04-10T17:20:16.753-0400] {dag.py:3437} INFO - Setting next_dagrun for example_dynamic_task_mapping to 2022-03-04T00:00:00+00:00, run_after=2022-03-05T00:00:00+00:00
[2023-04-10T17:20:16.770-0400] {processor.py:175} INFO - Processing /Users/admin/opt/anaconda3/envs/python-airflow-venv/lib/python3.10/site-packages/airflow/example_dags/example_dynamic_task_mapping.py took 0.825 seconds
[2023-04-10T17:22:11.695-0400] {logging_mixin.py:137} WARNING - /Users/admin/opt/anaconda3/envs/python-airflow-venv/lib/python3.10/site-packages/airflow/settings.py:337 DeprecationWarning: The sql_alchemy_pool_enabled option in [core] has been moved to the sql_alchemy_pool_enabled option in [database] - the old setting has been used, but please update your config.
[2023-04-10T17:22:11.700-0400] {logging_mixin.py:137} WARNING - /Users/admin/opt/anaconda3/envs/python-airflow-venv/lib/python3.10/site-packages/airflow/settings.py:400 DeprecationWarning: The sql_engine_encoding option in [core] has been moved to the sql_engine_encoding option in [database] - the old setting has been used, but please update your config.
[2023-04-10T17:22:11.700-0400] {processor.py:153} INFO - Started process (PID=3315) to work on /Users/admin/opt/anaconda3/envs/python-airflow-venv/lib/python3.10/site-packages/airflow/example_dags/example_dynamic_task_mapping.py
[2023-04-10T17:22:11.701-0400] {processor.py:743} INFO - Processing file /Users/admin/opt/anaconda3/envs/python-airflow-venv/lib/python3.10/site-packages/airflow/example_dags/example_dynamic_task_mapping.py for tasks to queue
[2023-04-10T17:22:11.701-0400] {logging_mixin.py:137} INFO - [2023-04-10T17:22:11.701-0400] {dagbag.py:538} INFO - Filling up the DagBag from /Users/admin/opt/anaconda3/envs/python-airflow-venv/lib/python3.10/site-packages/airflow/example_dags/example_dynamic_task_mapping.py
[2023-04-10T17:22:11.768-0400] {processor.py:753} INFO - DAG(s) dict_keys(['example_dynamic_task_mapping']) retrieved from /Users/admin/opt/anaconda3/envs/python-airflow-venv/lib/python3.10/site-packages/airflow/example_dags/example_dynamic_task_mapping.py
[2023-04-10T17:22:11.810-0400] {logging_mixin.py:137} WARNING - /Users/admin/opt/anaconda3/envs/python-airflow-venv/lib/python3.10/site-packages/airflow/jobs/scheduler_job.py:124 DeprecationWarning: The processor_poll_interval option in [scheduler] has been renamed to scheduler_idle_sleep_time - the old setting has been used, but please update your config.
[2023-04-10T17:22:12.373-0400] {logging_mixin.py:137} INFO - [2023-04-10T17:22:12.373-0400] {dag.py:2690} INFO - Sync 1 DAGs
[2023-04-10T17:22:12.387-0400] {logging_mixin.py:137} INFO - [2023-04-10T17:22:12.387-0400] {dag.py:3437} INFO - Setting next_dagrun for example_dynamic_task_mapping to 2022-03-04T00:00:00+00:00, run_after=2022-03-05T00:00:00+00:00
[2023-04-10T17:22:12.402-0400] {processor.py:175} INFO - Processing /Users/admin/opt/anaconda3/envs/python-airflow-venv/lib/python3.10/site-packages/airflow/example_dags/example_dynamic_task_mapping.py took 0.707 seconds
[2023-04-10T17:24:07.474-0400] {logging_mixin.py:137} WARNING - /Users/admin/opt/anaconda3/envs/python-airflow-venv/lib/python3.10/site-packages/airflow/settings.py:337 DeprecationWarning: The sql_alchemy_pool_enabled option in [core] has been moved to the sql_alchemy_pool_enabled option in [database] - the old setting has been used, but please update your config.
[2023-04-10T17:24:07.479-0400] {logging_mixin.py:137} WARNING - /Users/admin/opt/anaconda3/envs/python-airflow-venv/lib/python3.10/site-packages/airflow/settings.py:400 DeprecationWarning: The sql_engine_encoding option in [core] has been moved to the sql_engine_encoding option in [database] - the old setting has been used, but please update your config.
[2023-04-10T17:24:07.479-0400] {processor.py:153} INFO - Started process (PID=3366) to work on /Users/admin/opt/anaconda3/envs/python-airflow-venv/lib/python3.10/site-packages/airflow/example_dags/example_dynamic_task_mapping.py
[2023-04-10T17:24:07.479-0400] {processor.py:743} INFO - Processing file /Users/admin/opt/anaconda3/envs/python-airflow-venv/lib/python3.10/site-packages/airflow/example_dags/example_dynamic_task_mapping.py for tasks to queue
[2023-04-10T17:24:07.480-0400] {logging_mixin.py:137} INFO - [2023-04-10T17:24:07.480-0400] {dagbag.py:538} INFO - Filling up the DagBag from /Users/admin/opt/anaconda3/envs/python-airflow-venv/lib/python3.10/site-packages/airflow/example_dags/example_dynamic_task_mapping.py
[2023-04-10T17:24:07.549-0400] {processor.py:753} INFO - DAG(s) dict_keys(['example_dynamic_task_mapping']) retrieved from /Users/admin/opt/anaconda3/envs/python-airflow-venv/lib/python3.10/site-packages/airflow/example_dags/example_dynamic_task_mapping.py
[2023-04-10T17:24:07.591-0400] {logging_mixin.py:137} WARNING - /Users/admin/opt/anaconda3/envs/python-airflow-venv/lib/python3.10/site-packages/airflow/jobs/scheduler_job.py:124 DeprecationWarning: The processor_poll_interval option in [scheduler] has been renamed to scheduler_idle_sleep_time - the old setting has been used, but please update your config.
[2023-04-10T17:24:08.154-0400] {logging_mixin.py:137} INFO - [2023-04-10T17:24:08.154-0400] {dag.py:2690} INFO - Sync 1 DAGs
[2023-04-10T17:24:08.172-0400] {logging_mixin.py:137} INFO - [2023-04-10T17:24:08.171-0400] {dag.py:3437} INFO - Setting next_dagrun for example_dynamic_task_mapping to 2022-03-04T00:00:00+00:00, run_after=2022-03-05T00:00:00+00:00
[2023-04-10T17:24:08.189-0400] {processor.py:175} INFO - Processing /Users/admin/opt/anaconda3/envs/python-airflow-venv/lib/python3.10/site-packages/airflow/example_dags/example_dynamic_task_mapping.py took 0.715 seconds
[2023-04-10T17:26:04.078-0400] {logging_mixin.py:137} WARNING - /Users/admin/opt/anaconda3/envs/python-airflow-venv/lib/python3.10/site-packages/airflow/settings.py:337 DeprecationWarning: The sql_alchemy_pool_enabled option in [core] has been moved to the sql_alchemy_pool_enabled option in [database] - the old setting has been used, but please update your config.
[2023-04-10T17:26:04.083-0400] {logging_mixin.py:137} WARNING - /Users/admin/opt/anaconda3/envs/python-airflow-venv/lib/python3.10/site-packages/airflow/settings.py:400 DeprecationWarning: The sql_engine_encoding option in [core] has been moved to the sql_engine_encoding option in [database] - the old setting has been used, but please update your config.
[2023-04-10T17:26:04.084-0400] {processor.py:153} INFO - Started process (PID=3431) to work on /Users/admin/opt/anaconda3/envs/python-airflow-venv/lib/python3.10/site-packages/airflow/example_dags/example_dynamic_task_mapping.py
[2023-04-10T17:26:04.084-0400] {processor.py:743} INFO - Processing file /Users/admin/opt/anaconda3/envs/python-airflow-venv/lib/python3.10/site-packages/airflow/example_dags/example_dynamic_task_mapping.py for tasks to queue
[2023-04-10T17:26:04.084-0400] {logging_mixin.py:137} INFO - [2023-04-10T17:26:04.084-0400] {dagbag.py:538} INFO - Filling up the DagBag from /Users/admin/opt/anaconda3/envs/python-airflow-venv/lib/python3.10/site-packages/airflow/example_dags/example_dynamic_task_mapping.py
[2023-04-10T17:26:04.152-0400] {processor.py:753} INFO - DAG(s) dict_keys(['example_dynamic_task_mapping']) retrieved from /Users/admin/opt/anaconda3/envs/python-airflow-venv/lib/python3.10/site-packages/airflow/example_dags/example_dynamic_task_mapping.py
[2023-04-10T17:26:04.197-0400] {logging_mixin.py:137} WARNING - /Users/admin/opt/anaconda3/envs/python-airflow-venv/lib/python3.10/site-packages/airflow/jobs/scheduler_job.py:124 DeprecationWarning: The processor_poll_interval option in [scheduler] has been renamed to scheduler_idle_sleep_time - the old setting has been used, but please update your config.
[2023-04-10T17:26:04.760-0400] {logging_mixin.py:137} INFO - [2023-04-10T17:26:04.759-0400] {dag.py:2690} INFO - Sync 1 DAGs
[2023-04-10T17:26:04.773-0400] {logging_mixin.py:137} INFO - [2023-04-10T17:26:04.773-0400] {dag.py:3437} INFO - Setting next_dagrun for example_dynamic_task_mapping to 2022-03-04T00:00:00+00:00, run_after=2022-03-05T00:00:00+00:00
[2023-04-10T17:26:04.789-0400] {processor.py:175} INFO - Processing /Users/admin/opt/anaconda3/envs/python-airflow-venv/lib/python3.10/site-packages/airflow/example_dags/example_dynamic_task_mapping.py took 0.712 seconds
[2023-04-10T17:28:01.058-0400] {logging_mixin.py:137} WARNING - /Users/admin/opt/anaconda3/envs/python-airflow-venv/lib/python3.10/site-packages/airflow/settings.py:337 DeprecationWarning: The sql_alchemy_pool_enabled option in [core] has been moved to the sql_alchemy_pool_enabled option in [database] - the old setting has been used, but please update your config.
[2023-04-10T17:28:01.062-0400] {logging_mixin.py:137} WARNING - /Users/admin/opt/anaconda3/envs/python-airflow-venv/lib/python3.10/site-packages/airflow/settings.py:400 DeprecationWarning: The sql_engine_encoding option in [core] has been moved to the sql_engine_encoding option in [database] - the old setting has been used, but please update your config.
[2023-04-10T17:28:01.063-0400] {processor.py:153} INFO - Started process (PID=3497) to work on /Users/admin/opt/anaconda3/envs/python-airflow-venv/lib/python3.10/site-packages/airflow/example_dags/example_dynamic_task_mapping.py
[2023-04-10T17:28:01.063-0400] {processor.py:743} INFO - Processing file /Users/admin/opt/anaconda3/envs/python-airflow-venv/lib/python3.10/site-packages/airflow/example_dags/example_dynamic_task_mapping.py for tasks to queue
[2023-04-10T17:28:01.063-0400] {logging_mixin.py:137} INFO - [2023-04-10T17:28:01.063-0400] {dagbag.py:538} INFO - Filling up the DagBag from /Users/admin/opt/anaconda3/envs/python-airflow-venv/lib/python3.10/site-packages/airflow/example_dags/example_dynamic_task_mapping.py
[2023-04-10T17:28:01.133-0400] {processor.py:753} INFO - DAG(s) dict_keys(['example_dynamic_task_mapping']) retrieved from /Users/admin/opt/anaconda3/envs/python-airflow-venv/lib/python3.10/site-packages/airflow/example_dags/example_dynamic_task_mapping.py
[2023-04-10T17:28:01.180-0400] {logging_mixin.py:137} WARNING - /Users/admin/opt/anaconda3/envs/python-airflow-venv/lib/python3.10/site-packages/airflow/jobs/scheduler_job.py:124 DeprecationWarning: The processor_poll_interval option in [scheduler] has been renamed to scheduler_idle_sleep_time - the old setting has been used, but please update your config.
[2023-04-10T17:28:01.756-0400] {logging_mixin.py:137} INFO - [2023-04-10T17:28:01.756-0400] {dag.py:2690} INFO - Sync 1 DAGs
[2023-04-10T17:28:01.770-0400] {logging_mixin.py:137} INFO - [2023-04-10T17:28:01.770-0400] {dag.py:3437} INFO - Setting next_dagrun for example_dynamic_task_mapping to 2022-03-04T00:00:00+00:00, run_after=2022-03-05T00:00:00+00:00
[2023-04-10T17:28:01.783-0400] {processor.py:175} INFO - Processing /Users/admin/opt/anaconda3/envs/python-airflow-venv/lib/python3.10/site-packages/airflow/example_dags/example_dynamic_task_mapping.py took 0.726 seconds
[2023-04-10T17:29:58.091-0400] {logging_mixin.py:137} WARNING - /Users/admin/opt/anaconda3/envs/python-airflow-venv/lib/python3.10/site-packages/airflow/settings.py:337 DeprecationWarning: The sql_alchemy_pool_enabled option in [core] has been moved to the sql_alchemy_pool_enabled option in [database] - the old setting has been used, but please update your config.
[2023-04-10T17:29:58.095-0400] {logging_mixin.py:137} WARNING - /Users/admin/opt/anaconda3/envs/python-airflow-venv/lib/python3.10/site-packages/airflow/settings.py:400 DeprecationWarning: The sql_engine_encoding option in [core] has been moved to the sql_engine_encoding option in [database] - the old setting has been used, but please update your config.
[2023-04-10T17:29:58.096-0400] {processor.py:153} INFO - Started process (PID=3571) to work on /Users/admin/opt/anaconda3/envs/python-airflow-venv/lib/python3.10/site-packages/airflow/example_dags/example_dynamic_task_mapping.py
[2023-04-10T17:29:58.096-0400] {processor.py:743} INFO - Processing file /Users/admin/opt/anaconda3/envs/python-airflow-venv/lib/python3.10/site-packages/airflow/example_dags/example_dynamic_task_mapping.py for tasks to queue
[2023-04-10T17:29:58.096-0400] {logging_mixin.py:137} INFO - [2023-04-10T17:29:58.096-0400] {dagbag.py:538} INFO - Filling up the DagBag from /Users/admin/opt/anaconda3/envs/python-airflow-venv/lib/python3.10/site-packages/airflow/example_dags/example_dynamic_task_mapping.py
[2023-04-10T17:29:58.166-0400] {processor.py:753} INFO - DAG(s) dict_keys(['example_dynamic_task_mapping']) retrieved from /Users/admin/opt/anaconda3/envs/python-airflow-venv/lib/python3.10/site-packages/airflow/example_dags/example_dynamic_task_mapping.py
[2023-04-10T17:29:58.209-0400] {logging_mixin.py:137} WARNING - /Users/admin/opt/anaconda3/envs/python-airflow-venv/lib/python3.10/site-packages/airflow/jobs/scheduler_job.py:124 DeprecationWarning: The processor_poll_interval option in [scheduler] has been renamed to scheduler_idle_sleep_time - the old setting has been used, but please update your config.
[2023-04-10T17:29:58.780-0400] {logging_mixin.py:137} INFO - [2023-04-10T17:29:58.779-0400] {dag.py:2690} INFO - Sync 1 DAGs
[2023-04-10T17:29:58.795-0400] {logging_mixin.py:137} INFO - [2023-04-10T17:29:58.795-0400] {dag.py:3437} INFO - Setting next_dagrun for example_dynamic_task_mapping to 2022-03-04T00:00:00+00:00, run_after=2022-03-05T00:00:00+00:00
[2023-04-10T17:29:58.814-0400] {processor.py:175} INFO - Processing /Users/admin/opt/anaconda3/envs/python-airflow-venv/lib/python3.10/site-packages/airflow/example_dags/example_dynamic_task_mapping.py took 0.725 seconds
[2023-04-10T17:31:54.037-0400] {logging_mixin.py:137} WARNING - /Users/admin/opt/anaconda3/envs/python-airflow-venv/lib/python3.10/site-packages/airflow/settings.py:337 DeprecationWarning: The sql_alchemy_pool_enabled option in [core] has been moved to the sql_alchemy_pool_enabled option in [database] - the old setting has been used, but please update your config.
[2023-04-10T17:31:54.041-0400] {logging_mixin.py:137} WARNING - /Users/admin/opt/anaconda3/envs/python-airflow-venv/lib/python3.10/site-packages/airflow/settings.py:400 DeprecationWarning: The sql_engine_encoding option in [core] has been moved to the sql_engine_encoding option in [database] - the old setting has been used, but please update your config.
[2023-04-10T17:31:54.042-0400] {processor.py:153} INFO - Started process (PID=3624) to work on /Users/admin/opt/anaconda3/envs/python-airflow-venv/lib/python3.10/site-packages/airflow/example_dags/example_dynamic_task_mapping.py
[2023-04-10T17:31:54.042-0400] {processor.py:743} INFO - Processing file /Users/admin/opt/anaconda3/envs/python-airflow-venv/lib/python3.10/site-packages/airflow/example_dags/example_dynamic_task_mapping.py for tasks to queue
[2023-04-10T17:31:54.042-0400] {logging_mixin.py:137} INFO - [2023-04-10T17:31:54.042-0400] {dagbag.py:538} INFO - Filling up the DagBag from /Users/admin/opt/anaconda3/envs/python-airflow-venv/lib/python3.10/site-packages/airflow/example_dags/example_dynamic_task_mapping.py
[2023-04-10T17:31:54.109-0400] {processor.py:753} INFO - DAG(s) dict_keys(['example_dynamic_task_mapping']) retrieved from /Users/admin/opt/anaconda3/envs/python-airflow-venv/lib/python3.10/site-packages/airflow/example_dags/example_dynamic_task_mapping.py
[2023-04-10T17:31:54.153-0400] {logging_mixin.py:137} WARNING - /Users/admin/opt/anaconda3/envs/python-airflow-venv/lib/python3.10/site-packages/airflow/jobs/scheduler_job.py:124 DeprecationWarning: The processor_poll_interval option in [scheduler] has been renamed to scheduler_idle_sleep_time - the old setting has been used, but please update your config.
[2023-04-10T17:31:54.716-0400] {logging_mixin.py:137} INFO - [2023-04-10T17:31:54.716-0400] {dag.py:2690} INFO - Sync 1 DAGs
[2023-04-10T17:31:54.730-0400] {logging_mixin.py:137} INFO - [2023-04-10T17:31:54.730-0400] {dag.py:3437} INFO - Setting next_dagrun for example_dynamic_task_mapping to 2022-03-04T00:00:00+00:00, run_after=2022-03-05T00:00:00+00:00
[2023-04-10T17:31:54.750-0400] {processor.py:175} INFO - Processing /Users/admin/opt/anaconda3/envs/python-airflow-venv/lib/python3.10/site-packages/airflow/example_dags/example_dynamic_task_mapping.py took 0.714 seconds
[2023-04-10T17:33:50.384-0400] {logging_mixin.py:137} WARNING - /Users/admin/opt/anaconda3/envs/python-airflow-venv/lib/python3.10/site-packages/airflow/settings.py:337 DeprecationWarning: The sql_alchemy_pool_enabled option in [core] has been moved to the sql_alchemy_pool_enabled option in [database] - the old setting has been used, but please update your config.
[2023-04-10T17:33:50.389-0400] {logging_mixin.py:137} WARNING - /Users/admin/opt/anaconda3/envs/python-airflow-venv/lib/python3.10/site-packages/airflow/settings.py:400 DeprecationWarning: The sql_engine_encoding option in [core] has been moved to the sql_engine_encoding option in [database] - the old setting has been used, but please update your config.
[2023-04-10T17:33:50.389-0400] {processor.py:153} INFO - Started process (PID=3679) to work on /Users/admin/opt/anaconda3/envs/python-airflow-venv/lib/python3.10/site-packages/airflow/example_dags/example_dynamic_task_mapping.py
[2023-04-10T17:33:50.389-0400] {processor.py:743} INFO - Processing file /Users/admin/opt/anaconda3/envs/python-airflow-venv/lib/python3.10/site-packages/airflow/example_dags/example_dynamic_task_mapping.py for tasks to queue
[2023-04-10T17:33:50.390-0400] {logging_mixin.py:137} INFO - [2023-04-10T17:33:50.390-0400] {dagbag.py:538} INFO - Filling up the DagBag from /Users/admin/opt/anaconda3/envs/python-airflow-venv/lib/python3.10/site-packages/airflow/example_dags/example_dynamic_task_mapping.py
[2023-04-10T17:33:50.456-0400] {processor.py:753} INFO - DAG(s) dict_keys(['example_dynamic_task_mapping']) retrieved from /Users/admin/opt/anaconda3/envs/python-airflow-venv/lib/python3.10/site-packages/airflow/example_dags/example_dynamic_task_mapping.py
[2023-04-10T17:33:50.498-0400] {logging_mixin.py:137} WARNING - /Users/admin/opt/anaconda3/envs/python-airflow-venv/lib/python3.10/site-packages/airflow/jobs/scheduler_job.py:124 DeprecationWarning: The processor_poll_interval option in [scheduler] has been renamed to scheduler_idle_sleep_time - the old setting has been used, but please update your config.
[2023-04-10T17:33:51.062-0400] {logging_mixin.py:137} INFO - [2023-04-10T17:33:51.062-0400] {dag.py:2690} INFO - Sync 1 DAGs
[2023-04-10T17:33:51.076-0400] {logging_mixin.py:137} INFO - [2023-04-10T17:33:51.076-0400] {dag.py:3437} INFO - Setting next_dagrun for example_dynamic_task_mapping to 2022-03-04T00:00:00+00:00, run_after=2022-03-05T00:00:00+00:00
[2023-04-10T17:33:51.092-0400] {processor.py:175} INFO - Processing /Users/admin/opt/anaconda3/envs/python-airflow-venv/lib/python3.10/site-packages/airflow/example_dags/example_dynamic_task_mapping.py took 0.709 seconds
[2023-04-10T17:35:47.880-0400] {logging_mixin.py:137} WARNING - /Users/admin/opt/anaconda3/envs/python-airflow-venv/lib/python3.10/site-packages/airflow/settings.py:337 DeprecationWarning: The sql_alchemy_pool_enabled option in [core] has been moved to the sql_alchemy_pool_enabled option in [database] - the old setting has been used, but please update your config.
[2023-04-10T17:35:47.885-0400] {logging_mixin.py:137} WARNING - /Users/admin/opt/anaconda3/envs/python-airflow-venv/lib/python3.10/site-packages/airflow/settings.py:400 DeprecationWarning: The sql_engine_encoding option in [core] has been moved to the sql_engine_encoding option in [database] - the old setting has been used, but please update your config.
[2023-04-10T17:35:47.885-0400] {processor.py:153} INFO - Started process (PID=3754) to work on /Users/admin/opt/anaconda3/envs/python-airflow-venv/lib/python3.10/site-packages/airflow/example_dags/example_dynamic_task_mapping.py
[2023-04-10T17:35:47.885-0400] {processor.py:743} INFO - Processing file /Users/admin/opt/anaconda3/envs/python-airflow-venv/lib/python3.10/site-packages/airflow/example_dags/example_dynamic_task_mapping.py for tasks to queue
[2023-04-10T17:35:47.886-0400] {logging_mixin.py:137} INFO - [2023-04-10T17:35:47.886-0400] {dagbag.py:538} INFO - Filling up the DagBag from /Users/admin/opt/anaconda3/envs/python-airflow-venv/lib/python3.10/site-packages/airflow/example_dags/example_dynamic_task_mapping.py
[2023-04-10T17:35:47.951-0400] {processor.py:753} INFO - DAG(s) dict_keys(['example_dynamic_task_mapping']) retrieved from /Users/admin/opt/anaconda3/envs/python-airflow-venv/lib/python3.10/site-packages/airflow/example_dags/example_dynamic_task_mapping.py
[2023-04-10T17:35:47.994-0400] {logging_mixin.py:137} WARNING - /Users/admin/opt/anaconda3/envs/python-airflow-venv/lib/python3.10/site-packages/airflow/jobs/scheduler_job.py:124 DeprecationWarning: The processor_poll_interval option in [scheduler] has been renamed to scheduler_idle_sleep_time - the old setting has been used, but please update your config.
[2023-04-10T17:35:48.563-0400] {logging_mixin.py:137} INFO - [2023-04-10T17:35:48.562-0400] {dag.py:2690} INFO - Sync 1 DAGs
[2023-04-10T17:35:48.577-0400] {logging_mixin.py:137} INFO - [2023-04-10T17:35:48.577-0400] {dag.py:3437} INFO - Setting next_dagrun for example_dynamic_task_mapping to 2022-03-04T00:00:00+00:00, run_after=2022-03-05T00:00:00+00:00
[2023-04-10T17:35:48.595-0400] {processor.py:175} INFO - Processing /Users/admin/opt/anaconda3/envs/python-airflow-venv/lib/python3.10/site-packages/airflow/example_dags/example_dynamic_task_mapping.py took 0.716 seconds
[2023-04-10T17:37:43.878-0400] {logging_mixin.py:137} WARNING - /Users/admin/opt/anaconda3/envs/python-airflow-venv/lib/python3.10/site-packages/airflow/settings.py:337 DeprecationWarning: The sql_alchemy_pool_enabled option in [core] has been moved to the sql_alchemy_pool_enabled option in [database] - the old setting has been used, but please update your config.
[2023-04-10T17:37:43.883-0400] {logging_mixin.py:137} WARNING - /Users/admin/opt/anaconda3/envs/python-airflow-venv/lib/python3.10/site-packages/airflow/settings.py:400 DeprecationWarning: The sql_engine_encoding option in [core] has been moved to the sql_engine_encoding option in [database] - the old setting has been used, but please update your config.
[2023-04-10T17:37:43.883-0400] {processor.py:153} INFO - Started process (PID=3805) to work on /Users/admin/opt/anaconda3/envs/python-airflow-venv/lib/python3.10/site-packages/airflow/example_dags/example_dynamic_task_mapping.py
[2023-04-10T17:37:43.884-0400] {processor.py:743} INFO - Processing file /Users/admin/opt/anaconda3/envs/python-airflow-venv/lib/python3.10/site-packages/airflow/example_dags/example_dynamic_task_mapping.py for tasks to queue
[2023-04-10T17:37:43.884-0400] {logging_mixin.py:137} INFO - [2023-04-10T17:37:43.884-0400] {dagbag.py:538} INFO - Filling up the DagBag from /Users/admin/opt/anaconda3/envs/python-airflow-venv/lib/python3.10/site-packages/airflow/example_dags/example_dynamic_task_mapping.py
[2023-04-10T17:37:43.951-0400] {processor.py:753} INFO - DAG(s) dict_keys(['example_dynamic_task_mapping']) retrieved from /Users/admin/opt/anaconda3/envs/python-airflow-venv/lib/python3.10/site-packages/airflow/example_dags/example_dynamic_task_mapping.py
[2023-04-10T17:37:43.993-0400] {logging_mixin.py:137} WARNING - /Users/admin/opt/anaconda3/envs/python-airflow-venv/lib/python3.10/site-packages/airflow/jobs/scheduler_job.py:124 DeprecationWarning: The processor_poll_interval option in [scheduler] has been renamed to scheduler_idle_sleep_time - the old setting has been used, but please update your config.
[2023-04-10T17:37:44.561-0400] {logging_mixin.py:137} INFO - [2023-04-10T17:37:44.560-0400] {dag.py:2690} INFO - Sync 1 DAGs
[2023-04-10T17:37:44.574-0400] {logging_mixin.py:137} INFO - [2023-04-10T17:37:44.574-0400] {dag.py:3437} INFO - Setting next_dagrun for example_dynamic_task_mapping to 2022-03-04T00:00:00+00:00, run_after=2022-03-05T00:00:00+00:00
[2023-04-10T17:37:44.595-0400] {processor.py:175} INFO - Processing /Users/admin/opt/anaconda3/envs/python-airflow-venv/lib/python3.10/site-packages/airflow/example_dags/example_dynamic_task_mapping.py took 0.717 seconds
[2023-04-10T17:39:39.663-0400] {logging_mixin.py:137} WARNING - /Users/admin/opt/anaconda3/envs/python-airflow-venv/lib/python3.10/site-packages/airflow/settings.py:337 DeprecationWarning: The sql_alchemy_pool_enabled option in [core] has been moved to the sql_alchemy_pool_enabled option in [database] - the old setting has been used, but please update your config.
[2023-04-10T17:39:39.668-0400] {logging_mixin.py:137} WARNING - /Users/admin/opt/anaconda3/envs/python-airflow-venv/lib/python3.10/site-packages/airflow/settings.py:400 DeprecationWarning: The sql_engine_encoding option in [core] has been moved to the sql_engine_encoding option in [database] - the old setting has been used, but please update your config.
[2023-04-10T17:39:39.668-0400] {processor.py:153} INFO - Started process (PID=3854) to work on /Users/admin/opt/anaconda3/envs/python-airflow-venv/lib/python3.10/site-packages/airflow/example_dags/example_dynamic_task_mapping.py
[2023-04-10T17:39:39.668-0400] {processor.py:743} INFO - Processing file /Users/admin/opt/anaconda3/envs/python-airflow-venv/lib/python3.10/site-packages/airflow/example_dags/example_dynamic_task_mapping.py for tasks to queue
[2023-04-10T17:39:39.669-0400] {logging_mixin.py:137} INFO - [2023-04-10T17:39:39.669-0400] {dagbag.py:538} INFO - Filling up the DagBag from /Users/admin/opt/anaconda3/envs/python-airflow-venv/lib/python3.10/site-packages/airflow/example_dags/example_dynamic_task_mapping.py
[2023-04-10T17:39:39.735-0400] {processor.py:753} INFO - DAG(s) dict_keys(['example_dynamic_task_mapping']) retrieved from /Users/admin/opt/anaconda3/envs/python-airflow-venv/lib/python3.10/site-packages/airflow/example_dags/example_dynamic_task_mapping.py
[2023-04-10T17:39:39.777-0400] {logging_mixin.py:137} WARNING - /Users/admin/opt/anaconda3/envs/python-airflow-venv/lib/python3.10/site-packages/airflow/jobs/scheduler_job.py:124 DeprecationWarning: The processor_poll_interval option in [scheduler] has been renamed to scheduler_idle_sleep_time - the old setting has been used, but please update your config.
[2023-04-10T17:39:40.346-0400] {logging_mixin.py:137} INFO - [2023-04-10T17:39:40.346-0400] {dag.py:2690} INFO - Sync 1 DAGs
[2023-04-10T17:39:40.360-0400] {logging_mixin.py:137} INFO - [2023-04-10T17:39:40.360-0400] {dag.py:3437} INFO - Setting next_dagrun for example_dynamic_task_mapping to 2022-03-04T00:00:00+00:00, run_after=2022-03-05T00:00:00+00:00
[2023-04-10T17:39:40.376-0400] {processor.py:175} INFO - Processing /Users/admin/opt/anaconda3/envs/python-airflow-venv/lib/python3.10/site-packages/airflow/example_dags/example_dynamic_task_mapping.py took 0.713 seconds
[2023-04-10T17:41:37.254-0400] {logging_mixin.py:137} WARNING - /Users/admin/opt/anaconda3/envs/python-airflow-venv/lib/python3.10/site-packages/airflow/settings.py:337 DeprecationWarning: The sql_alchemy_pool_enabled option in [core] has been moved to the sql_alchemy_pool_enabled option in [database] - the old setting has been used, but please update your config.
[2023-04-10T17:41:37.259-0400] {logging_mixin.py:137} WARNING - /Users/admin/opt/anaconda3/envs/python-airflow-venv/lib/python3.10/site-packages/airflow/settings.py:400 DeprecationWarning: The sql_engine_encoding option in [core] has been moved to the sql_engine_encoding option in [database] - the old setting has been used, but please update your config.
[2023-04-10T17:41:37.259-0400] {processor.py:153} INFO - Started process (PID=3910) to work on /Users/admin/opt/anaconda3/envs/python-airflow-venv/lib/python3.10/site-packages/airflow/example_dags/example_dynamic_task_mapping.py
[2023-04-10T17:41:37.260-0400] {processor.py:743} INFO - Processing file /Users/admin/opt/anaconda3/envs/python-airflow-venv/lib/python3.10/site-packages/airflow/example_dags/example_dynamic_task_mapping.py for tasks to queue
[2023-04-10T17:41:37.260-0400] {logging_mixin.py:137} INFO - [2023-04-10T17:41:37.260-0400] {dagbag.py:538} INFO - Filling up the DagBag from /Users/admin/opt/anaconda3/envs/python-airflow-venv/lib/python3.10/site-packages/airflow/example_dags/example_dynamic_task_mapping.py
[2023-04-10T17:41:37.326-0400] {processor.py:753} INFO - DAG(s) dict_keys(['example_dynamic_task_mapping']) retrieved from /Users/admin/opt/anaconda3/envs/python-airflow-venv/lib/python3.10/site-packages/airflow/example_dags/example_dynamic_task_mapping.py
[2023-04-10T17:41:37.368-0400] {logging_mixin.py:137} WARNING - /Users/admin/opt/anaconda3/envs/python-airflow-venv/lib/python3.10/site-packages/airflow/jobs/scheduler_job.py:124 DeprecationWarning: The processor_poll_interval option in [scheduler] has been renamed to scheduler_idle_sleep_time - the old setting has been used, but please update your config.
[2023-04-10T17:41:37.932-0400] {logging_mixin.py:137} INFO - [2023-04-10T17:41:37.931-0400] {dag.py:2690} INFO - Sync 1 DAGs
[2023-04-10T17:41:37.945-0400] {logging_mixin.py:137} INFO - [2023-04-10T17:41:37.945-0400] {dag.py:3437} INFO - Setting next_dagrun for example_dynamic_task_mapping to 2022-03-04T00:00:00+00:00, run_after=2022-03-05T00:00:00+00:00
[2023-04-10T17:41:37.960-0400] {processor.py:175} INFO - Processing /Users/admin/opt/anaconda3/envs/python-airflow-venv/lib/python3.10/site-packages/airflow/example_dags/example_dynamic_task_mapping.py took 0.706 seconds
[2023-04-10T17:43:33.411-0400] {logging_mixin.py:137} WARNING - /Users/admin/opt/anaconda3/envs/python-airflow-venv/lib/python3.10/site-packages/airflow/settings.py:337 DeprecationWarning: The sql_alchemy_pool_enabled option in [core] has been moved to the sql_alchemy_pool_enabled option in [database] - the old setting has been used, but please update your config.
[2023-04-10T17:43:33.416-0400] {logging_mixin.py:137} WARNING - /Users/admin/opt/anaconda3/envs/python-airflow-venv/lib/python3.10/site-packages/airflow/settings.py:400 DeprecationWarning: The sql_engine_encoding option in [core] has been moved to the sql_engine_encoding option in [database] - the old setting has been used, but please update your config.
[2023-04-10T17:43:33.416-0400] {processor.py:153} INFO - Started process (PID=3961) to work on /Users/admin/opt/anaconda3/envs/python-airflow-venv/lib/python3.10/site-packages/airflow/example_dags/example_dynamic_task_mapping.py
[2023-04-10T17:43:33.416-0400] {processor.py:743} INFO - Processing file /Users/admin/opt/anaconda3/envs/python-airflow-venv/lib/python3.10/site-packages/airflow/example_dags/example_dynamic_task_mapping.py for tasks to queue
[2023-04-10T17:43:33.417-0400] {logging_mixin.py:137} INFO - [2023-04-10T17:43:33.417-0400] {dagbag.py:538} INFO - Filling up the DagBag from /Users/admin/opt/anaconda3/envs/python-airflow-venv/lib/python3.10/site-packages/airflow/example_dags/example_dynamic_task_mapping.py
[2023-04-10T17:43:33.484-0400] {processor.py:753} INFO - DAG(s) dict_keys(['example_dynamic_task_mapping']) retrieved from /Users/admin/opt/anaconda3/envs/python-airflow-venv/lib/python3.10/site-packages/airflow/example_dags/example_dynamic_task_mapping.py
[2023-04-10T17:43:33.526-0400] {logging_mixin.py:137} WARNING - /Users/admin/opt/anaconda3/envs/python-airflow-venv/lib/python3.10/site-packages/airflow/jobs/scheduler_job.py:124 DeprecationWarning: The processor_poll_interval option in [scheduler] has been renamed to scheduler_idle_sleep_time - the old setting has been used, but please update your config.
[2023-04-10T17:43:34.090-0400] {logging_mixin.py:137} INFO - [2023-04-10T17:43:34.089-0400] {dag.py:2690} INFO - Sync 1 DAGs
[2023-04-10T17:43:34.103-0400] {logging_mixin.py:137} INFO - [2023-04-10T17:43:34.103-0400] {dag.py:3437} INFO - Setting next_dagrun for example_dynamic_task_mapping to 2022-03-04T00:00:00+00:00, run_after=2022-03-05T00:00:00+00:00
[2023-04-10T17:43:34.120-0400] {processor.py:175} INFO - Processing /Users/admin/opt/anaconda3/envs/python-airflow-venv/lib/python3.10/site-packages/airflow/example_dags/example_dynamic_task_mapping.py took 0.710 seconds
[2023-04-10T17:45:26.547-0400] {logging_mixin.py:137} WARNING - /Users/admin/opt/anaconda3/envs/python-airflow-venv/lib/python3.10/site-packages/airflow/settings.py:337 DeprecationWarning: The sql_alchemy_pool_enabled option in [core] has been moved to the sql_alchemy_pool_enabled option in [database] - the old setting has been used, but please update your config.
[2023-04-10T17:45:26.552-0400] {logging_mixin.py:137} WARNING - /Users/admin/opt/anaconda3/envs/python-airflow-venv/lib/python3.10/site-packages/airflow/settings.py:400 DeprecationWarning: The sql_engine_encoding option in [core] has been moved to the sql_engine_encoding option in [database] - the old setting has been used, but please update your config.
[2023-04-10T17:45:26.552-0400] {processor.py:153} INFO - Started process (PID=4015) to work on /Users/admin/opt/anaconda3/envs/python-airflow-venv/lib/python3.10/site-packages/airflow/example_dags/example_dynamic_task_mapping.py
[2023-04-10T17:45:26.552-0400] {processor.py:743} INFO - Processing file /Users/admin/opt/anaconda3/envs/python-airflow-venv/lib/python3.10/site-packages/airflow/example_dags/example_dynamic_task_mapping.py for tasks to queue
[2023-04-10T17:45:26.553-0400] {logging_mixin.py:137} INFO - [2023-04-10T17:45:26.553-0400] {dagbag.py:538} INFO - Filling up the DagBag from /Users/admin/opt/anaconda3/envs/python-airflow-venv/lib/python3.10/site-packages/airflow/example_dags/example_dynamic_task_mapping.py
[2023-04-10T17:45:26.619-0400] {processor.py:753} INFO - DAG(s) dict_keys(['example_dynamic_task_mapping']) retrieved from /Users/admin/opt/anaconda3/envs/python-airflow-venv/lib/python3.10/site-packages/airflow/example_dags/example_dynamic_task_mapping.py
[2023-04-10T17:45:26.662-0400] {logging_mixin.py:137} WARNING - /Users/admin/opt/anaconda3/envs/python-airflow-venv/lib/python3.10/site-packages/airflow/jobs/scheduler_job.py:124 DeprecationWarning: The processor_poll_interval option in [scheduler] has been renamed to scheduler_idle_sleep_time - the old setting has been used, but please update your config.
[2023-04-10T17:45:27.232-0400] {logging_mixin.py:137} INFO - [2023-04-10T17:45:27.231-0400] {dag.py:2690} INFO - Sync 1 DAGs
[2023-04-10T17:45:27.245-0400] {logging_mixin.py:137} INFO - [2023-04-10T17:45:27.245-0400] {dag.py:3437} INFO - Setting next_dagrun for example_dynamic_task_mapping to 2022-03-04T00:00:00+00:00, run_after=2022-03-05T00:00:00+00:00
[2023-04-10T17:45:27.262-0400] {processor.py:175} INFO - Processing /Users/admin/opt/anaconda3/envs/python-airflow-venv/lib/python3.10/site-packages/airflow/example_dags/example_dynamic_task_mapping.py took 0.716 seconds
[2023-04-10T17:47:22.679-0400] {logging_mixin.py:137} WARNING - /Users/admin/opt/anaconda3/envs/python-airflow-venv/lib/python3.10/site-packages/airflow/settings.py:337 DeprecationWarning: The sql_alchemy_pool_enabled option in [core] has been moved to the sql_alchemy_pool_enabled option in [database] - the old setting has been used, but please update your config.
[2023-04-10T17:47:22.683-0400] {logging_mixin.py:137} WARNING - /Users/admin/opt/anaconda3/envs/python-airflow-venv/lib/python3.10/site-packages/airflow/settings.py:400 DeprecationWarning: The sql_engine_encoding option in [core] has been moved to the sql_engine_encoding option in [database] - the old setting has been used, but please update your config.
[2023-04-10T17:47:22.684-0400] {processor.py:153} INFO - Started process (PID=4067) to work on /Users/admin/opt/anaconda3/envs/python-airflow-venv/lib/python3.10/site-packages/airflow/example_dags/example_dynamic_task_mapping.py
[2023-04-10T17:47:22.684-0400] {processor.py:743} INFO - Processing file /Users/admin/opt/anaconda3/envs/python-airflow-venv/lib/python3.10/site-packages/airflow/example_dags/example_dynamic_task_mapping.py for tasks to queue
[2023-04-10T17:47:22.684-0400] {logging_mixin.py:137} INFO - [2023-04-10T17:47:22.684-0400] {dagbag.py:538} INFO - Filling up the DagBag from /Users/admin/opt/anaconda3/envs/python-airflow-venv/lib/python3.10/site-packages/airflow/example_dags/example_dynamic_task_mapping.py
[2023-04-10T17:47:22.752-0400] {processor.py:753} INFO - DAG(s) dict_keys(['example_dynamic_task_mapping']) retrieved from /Users/admin/opt/anaconda3/envs/python-airflow-venv/lib/python3.10/site-packages/airflow/example_dags/example_dynamic_task_mapping.py
[2023-04-10T17:47:22.794-0400] {logging_mixin.py:137} WARNING - /Users/admin/opt/anaconda3/envs/python-airflow-venv/lib/python3.10/site-packages/airflow/jobs/scheduler_job.py:124 DeprecationWarning: The processor_poll_interval option in [scheduler] has been renamed to scheduler_idle_sleep_time - the old setting has been used, but please update your config.
[2023-04-10T17:47:23.362-0400] {logging_mixin.py:137} INFO - [2023-04-10T17:47:23.362-0400] {dag.py:2690} INFO - Sync 1 DAGs
[2023-04-10T17:47:23.376-0400] {logging_mixin.py:137} INFO - [2023-04-10T17:47:23.376-0400] {dag.py:3437} INFO - Setting next_dagrun for example_dynamic_task_mapping to 2022-03-04T00:00:00+00:00, run_after=2022-03-05T00:00:00+00:00
[2023-04-10T17:47:23.392-0400] {processor.py:175} INFO - Processing /Users/admin/opt/anaconda3/envs/python-airflow-venv/lib/python3.10/site-packages/airflow/example_dags/example_dynamic_task_mapping.py took 0.714 seconds
[2023-04-10T17:49:18.609-0400] {logging_mixin.py:137} WARNING - /Users/admin/opt/anaconda3/envs/python-airflow-venv/lib/python3.10/site-packages/airflow/settings.py:337 DeprecationWarning: The sql_alchemy_pool_enabled option in [core] has been moved to the sql_alchemy_pool_enabled option in [database] - the old setting has been used, but please update your config.
[2023-04-10T17:49:18.614-0400] {logging_mixin.py:137} WARNING - /Users/admin/opt/anaconda3/envs/python-airflow-venv/lib/python3.10/site-packages/airflow/settings.py:400 DeprecationWarning: The sql_engine_encoding option in [core] has been moved to the sql_engine_encoding option in [database] - the old setting has been used, but please update your config.
[2023-04-10T17:49:18.614-0400] {processor.py:153} INFO - Started process (PID=4116) to work on /Users/admin/opt/anaconda3/envs/python-airflow-venv/lib/python3.10/site-packages/airflow/example_dags/example_dynamic_task_mapping.py
[2023-04-10T17:49:18.615-0400] {processor.py:743} INFO - Processing file /Users/admin/opt/anaconda3/envs/python-airflow-venv/lib/python3.10/site-packages/airflow/example_dags/example_dynamic_task_mapping.py for tasks to queue
[2023-04-10T17:49:18.615-0400] {logging_mixin.py:137} INFO - [2023-04-10T17:49:18.615-0400] {dagbag.py:538} INFO - Filling up the DagBag from /Users/admin/opt/anaconda3/envs/python-airflow-venv/lib/python3.10/site-packages/airflow/example_dags/example_dynamic_task_mapping.py
[2023-04-10T17:49:18.680-0400] {processor.py:753} INFO - DAG(s) dict_keys(['example_dynamic_task_mapping']) retrieved from /Users/admin/opt/anaconda3/envs/python-airflow-venv/lib/python3.10/site-packages/airflow/example_dags/example_dynamic_task_mapping.py
[2023-04-10T17:49:18.723-0400] {logging_mixin.py:137} WARNING - /Users/admin/opt/anaconda3/envs/python-airflow-venv/lib/python3.10/site-packages/airflow/jobs/scheduler_job.py:124 DeprecationWarning: The processor_poll_interval option in [scheduler] has been renamed to scheduler_idle_sleep_time - the old setting has been used, but please update your config.
[2023-04-10T17:49:19.288-0400] {logging_mixin.py:137} INFO - [2023-04-10T17:49:19.287-0400] {dag.py:2690} INFO - Sync 1 DAGs
[2023-04-10T17:49:19.301-0400] {logging_mixin.py:137} INFO - [2023-04-10T17:49:19.301-0400] {dag.py:3437} INFO - Setting next_dagrun for example_dynamic_task_mapping to 2022-03-04T00:00:00+00:00, run_after=2022-03-05T00:00:00+00:00
[2023-04-10T17:49:19.322-0400] {processor.py:175} INFO - Processing /Users/admin/opt/anaconda3/envs/python-airflow-venv/lib/python3.10/site-packages/airflow/example_dags/example_dynamic_task_mapping.py took 0.713 seconds
[2023-04-10T17:51:14.365-0400] {logging_mixin.py:137} WARNING - /Users/admin/opt/anaconda3/envs/python-airflow-venv/lib/python3.10/site-packages/airflow/settings.py:337 DeprecationWarning: The sql_alchemy_pool_enabled option in [core] has been moved to the sql_alchemy_pool_enabled option in [database] - the old setting has been used, but please update your config.
[2023-04-10T17:51:14.369-0400] {logging_mixin.py:137} WARNING - /Users/admin/opt/anaconda3/envs/python-airflow-venv/lib/python3.10/site-packages/airflow/settings.py:400 DeprecationWarning: The sql_engine_encoding option in [core] has been moved to the sql_engine_encoding option in [database] - the old setting has been used, but please update your config.
[2023-04-10T17:51:14.370-0400] {processor.py:153} INFO - Started process (PID=4167) to work on /Users/admin/opt/anaconda3/envs/python-airflow-venv/lib/python3.10/site-packages/airflow/example_dags/example_dynamic_task_mapping.py
[2023-04-10T17:51:14.370-0400] {processor.py:743} INFO - Processing file /Users/admin/opt/anaconda3/envs/python-airflow-venv/lib/python3.10/site-packages/airflow/example_dags/example_dynamic_task_mapping.py for tasks to queue
[2023-04-10T17:51:14.371-0400] {logging_mixin.py:137} INFO - [2023-04-10T17:51:14.371-0400] {dagbag.py:538} INFO - Filling up the DagBag from /Users/admin/opt/anaconda3/envs/python-airflow-venv/lib/python3.10/site-packages/airflow/example_dags/example_dynamic_task_mapping.py
[2023-04-10T17:51:14.438-0400] {processor.py:753} INFO - DAG(s) dict_keys(['example_dynamic_task_mapping']) retrieved from /Users/admin/opt/anaconda3/envs/python-airflow-venv/lib/python3.10/site-packages/airflow/example_dags/example_dynamic_task_mapping.py
[2023-04-10T17:51:14.480-0400] {logging_mixin.py:137} WARNING - /Users/admin/opt/anaconda3/envs/python-airflow-venv/lib/python3.10/site-packages/airflow/jobs/scheduler_job.py:124 DeprecationWarning: The processor_poll_interval option in [scheduler] has been renamed to scheduler_idle_sleep_time - the old setting has been used, but please update your config.
[2023-04-10T17:51:15.042-0400] {logging_mixin.py:137} INFO - [2023-04-10T17:51:15.041-0400] {dag.py:2690} INFO - Sync 1 DAGs
[2023-04-10T17:51:15.055-0400] {logging_mixin.py:137} INFO - [2023-04-10T17:51:15.055-0400] {dag.py:3437} INFO - Setting next_dagrun for example_dynamic_task_mapping to 2022-03-04T00:00:00+00:00, run_after=2022-03-05T00:00:00+00:00
[2023-04-10T17:51:15.072-0400] {processor.py:175} INFO - Processing /Users/admin/opt/anaconda3/envs/python-airflow-venv/lib/python3.10/site-packages/airflow/example_dags/example_dynamic_task_mapping.py took 0.708 seconds
[2023-04-10T17:53:10.485-0400] {logging_mixin.py:137} WARNING - /Users/admin/opt/anaconda3/envs/python-airflow-venv/lib/python3.10/site-packages/airflow/settings.py:337 DeprecationWarning: The sql_alchemy_pool_enabled option in [core] has been moved to the sql_alchemy_pool_enabled option in [database] - the old setting has been used, but please update your config.
[2023-04-10T17:53:10.490-0400] {logging_mixin.py:137} WARNING - /Users/admin/opt/anaconda3/envs/python-airflow-venv/lib/python3.10/site-packages/airflow/settings.py:400 DeprecationWarning: The sql_engine_encoding option in [core] has been moved to the sql_engine_encoding option in [database] - the old setting has been used, but please update your config.
[2023-04-10T17:53:10.491-0400] {processor.py:153} INFO - Started process (PID=4224) to work on /Users/admin/opt/anaconda3/envs/python-airflow-venv/lib/python3.10/site-packages/airflow/example_dags/example_dynamic_task_mapping.py
[2023-04-10T17:53:10.491-0400] {processor.py:743} INFO - Processing file /Users/admin/opt/anaconda3/envs/python-airflow-venv/lib/python3.10/site-packages/airflow/example_dags/example_dynamic_task_mapping.py for tasks to queue
[2023-04-10T17:53:10.492-0400] {logging_mixin.py:137} INFO - [2023-04-10T17:53:10.492-0400] {dagbag.py:538} INFO - Filling up the DagBag from /Users/admin/opt/anaconda3/envs/python-airflow-venv/lib/python3.10/site-packages/airflow/example_dags/example_dynamic_task_mapping.py
[2023-04-10T17:53:10.562-0400] {processor.py:753} INFO - DAG(s) dict_keys(['example_dynamic_task_mapping']) retrieved from /Users/admin/opt/anaconda3/envs/python-airflow-venv/lib/python3.10/site-packages/airflow/example_dags/example_dynamic_task_mapping.py
[2023-04-10T17:53:10.604-0400] {logging_mixin.py:137} WARNING - /Users/admin/opt/anaconda3/envs/python-airflow-venv/lib/python3.10/site-packages/airflow/jobs/scheduler_job.py:124 DeprecationWarning: The processor_poll_interval option in [scheduler] has been renamed to scheduler_idle_sleep_time - the old setting has been used, but please update your config.
[2023-04-10T17:53:11.180-0400] {logging_mixin.py:137} INFO - [2023-04-10T17:53:11.179-0400] {dag.py:2690} INFO - Sync 1 DAGs
[2023-04-10T17:53:11.194-0400] {logging_mixin.py:137} INFO - [2023-04-10T17:53:11.193-0400] {dag.py:3437} INFO - Setting next_dagrun for example_dynamic_task_mapping to 2022-03-04T00:00:00+00:00, run_after=2022-03-05T00:00:00+00:00
[2023-04-10T17:53:11.210-0400] {processor.py:175} INFO - Processing /Users/admin/opt/anaconda3/envs/python-airflow-venv/lib/python3.10/site-packages/airflow/example_dags/example_dynamic_task_mapping.py took 0.726 seconds
[2023-04-10T17:55:06.688-0400] {logging_mixin.py:137} WARNING - /Users/admin/opt/anaconda3/envs/python-airflow-venv/lib/python3.10/site-packages/airflow/settings.py:337 DeprecationWarning: The sql_alchemy_pool_enabled option in [core] has been moved to the sql_alchemy_pool_enabled option in [database] - the old setting has been used, but please update your config.
[2023-04-10T17:55:06.692-0400] {logging_mixin.py:137} WARNING - /Users/admin/opt/anaconda3/envs/python-airflow-venv/lib/python3.10/site-packages/airflow/settings.py:400 DeprecationWarning: The sql_engine_encoding option in [core] has been moved to the sql_engine_encoding option in [database] - the old setting has been used, but please update your config.
[2023-04-10T17:55:06.693-0400] {processor.py:153} INFO - Started process (PID=4276) to work on /Users/admin/opt/anaconda3/envs/python-airflow-venv/lib/python3.10/site-packages/airflow/example_dags/example_dynamic_task_mapping.py
[2023-04-10T17:55:06.693-0400] {processor.py:743} INFO - Processing file /Users/admin/opt/anaconda3/envs/python-airflow-venv/lib/python3.10/site-packages/airflow/example_dags/example_dynamic_task_mapping.py for tasks to queue
[2023-04-10T17:55:06.693-0400] {logging_mixin.py:137} INFO - [2023-04-10T17:55:06.693-0400] {dagbag.py:538} INFO - Filling up the DagBag from /Users/admin/opt/anaconda3/envs/python-airflow-venv/lib/python3.10/site-packages/airflow/example_dags/example_dynamic_task_mapping.py
[2023-04-10T17:55:06.760-0400] {processor.py:753} INFO - DAG(s) dict_keys(['example_dynamic_task_mapping']) retrieved from /Users/admin/opt/anaconda3/envs/python-airflow-venv/lib/python3.10/site-packages/airflow/example_dags/example_dynamic_task_mapping.py
[2023-04-10T17:55:06.802-0400] {logging_mixin.py:137} WARNING - /Users/admin/opt/anaconda3/envs/python-airflow-venv/lib/python3.10/site-packages/airflow/jobs/scheduler_job.py:124 DeprecationWarning: The processor_poll_interval option in [scheduler] has been renamed to scheduler_idle_sleep_time - the old setting has been used, but please update your config.
[2023-04-10T17:55:07.368-0400] {logging_mixin.py:137} INFO - [2023-04-10T17:55:07.368-0400] {dag.py:2690} INFO - Sync 1 DAGs
[2023-04-10T17:55:07.381-0400] {logging_mixin.py:137} INFO - [2023-04-10T17:55:07.381-0400] {dag.py:3437} INFO - Setting next_dagrun for example_dynamic_task_mapping to 2022-03-04T00:00:00+00:00, run_after=2022-03-05T00:00:00+00:00
[2023-04-10T17:55:07.401-0400] {processor.py:175} INFO - Processing /Users/admin/opt/anaconda3/envs/python-airflow-venv/lib/python3.10/site-packages/airflow/example_dags/example_dynamic_task_mapping.py took 0.714 seconds
[2023-04-10T17:57:02.604-0400] {logging_mixin.py:137} WARNING - /Users/admin/opt/anaconda3/envs/python-airflow-venv/lib/python3.10/site-packages/airflow/settings.py:337 DeprecationWarning: The sql_alchemy_pool_enabled option in [core] has been moved to the sql_alchemy_pool_enabled option in [database] - the old setting has been used, but please update your config.
[2023-04-10T17:57:02.608-0400] {logging_mixin.py:137} WARNING - /Users/admin/opt/anaconda3/envs/python-airflow-venv/lib/python3.10/site-packages/airflow/settings.py:400 DeprecationWarning: The sql_engine_encoding option in [core] has been moved to the sql_engine_encoding option in [database] - the old setting has been used, but please update your config.
[2023-04-10T17:57:02.609-0400] {processor.py:153} INFO - Started process (PID=4327) to work on /Users/admin/opt/anaconda3/envs/python-airflow-venv/lib/python3.10/site-packages/airflow/example_dags/example_dynamic_task_mapping.py
[2023-04-10T17:57:02.609-0400] {processor.py:743} INFO - Processing file /Users/admin/opt/anaconda3/envs/python-airflow-venv/lib/python3.10/site-packages/airflow/example_dags/example_dynamic_task_mapping.py for tasks to queue
[2023-04-10T17:57:02.610-0400] {logging_mixin.py:137} INFO - [2023-04-10T17:57:02.609-0400] {dagbag.py:538} INFO - Filling up the DagBag from /Users/admin/opt/anaconda3/envs/python-airflow-venv/lib/python3.10/site-packages/airflow/example_dags/example_dynamic_task_mapping.py
[2023-04-10T17:57:02.676-0400] {processor.py:753} INFO - DAG(s) dict_keys(['example_dynamic_task_mapping']) retrieved from /Users/admin/opt/anaconda3/envs/python-airflow-venv/lib/python3.10/site-packages/airflow/example_dags/example_dynamic_task_mapping.py
[2023-04-10T17:57:02.719-0400] {logging_mixin.py:137} WARNING - /Users/admin/opt/anaconda3/envs/python-airflow-venv/lib/python3.10/site-packages/airflow/jobs/scheduler_job.py:124 DeprecationWarning: The processor_poll_interval option in [scheduler] has been renamed to scheduler_idle_sleep_time - the old setting has been used, but please update your config.
[2023-04-10T17:57:03.286-0400] {logging_mixin.py:137} INFO - [2023-04-10T17:57:03.285-0400] {dag.py:2690} INFO - Sync 1 DAGs
[2023-04-10T17:57:03.299-0400] {logging_mixin.py:137} INFO - [2023-04-10T17:57:03.299-0400] {dag.py:3437} INFO - Setting next_dagrun for example_dynamic_task_mapping to 2022-03-04T00:00:00+00:00, run_after=2022-03-05T00:00:00+00:00
[2023-04-10T17:57:03.317-0400] {processor.py:175} INFO - Processing /Users/admin/opt/anaconda3/envs/python-airflow-venv/lib/python3.10/site-packages/airflow/example_dags/example_dynamic_task_mapping.py took 0.713 seconds
[2023-04-10T17:58:58.658-0400] {logging_mixin.py:137} WARNING - /Users/admin/opt/anaconda3/envs/python-airflow-venv/lib/python3.10/site-packages/airflow/settings.py:337 DeprecationWarning: The sql_alchemy_pool_enabled option in [core] has been moved to the sql_alchemy_pool_enabled option in [database] - the old setting has been used, but please update your config.
[2023-04-10T17:58:58.662-0400] {logging_mixin.py:137} WARNING - /Users/admin/opt/anaconda3/envs/python-airflow-venv/lib/python3.10/site-packages/airflow/settings.py:400 DeprecationWarning: The sql_engine_encoding option in [core] has been moved to the sql_engine_encoding option in [database] - the old setting has been used, but please update your config.
[2023-04-10T17:58:58.663-0400] {processor.py:153} INFO - Started process (PID=4377) to work on /Users/admin/opt/anaconda3/envs/python-airflow-venv/lib/python3.10/site-packages/airflow/example_dags/example_dynamic_task_mapping.py
[2023-04-10T17:58:58.663-0400] {processor.py:743} INFO - Processing file /Users/admin/opt/anaconda3/envs/python-airflow-venv/lib/python3.10/site-packages/airflow/example_dags/example_dynamic_task_mapping.py for tasks to queue
[2023-04-10T17:58:58.664-0400] {logging_mixin.py:137} INFO - [2023-04-10T17:58:58.663-0400] {dagbag.py:538} INFO - Filling up the DagBag from /Users/admin/opt/anaconda3/envs/python-airflow-venv/lib/python3.10/site-packages/airflow/example_dags/example_dynamic_task_mapping.py
[2023-04-10T17:58:58.729-0400] {processor.py:753} INFO - DAG(s) dict_keys(['example_dynamic_task_mapping']) retrieved from /Users/admin/opt/anaconda3/envs/python-airflow-venv/lib/python3.10/site-packages/airflow/example_dags/example_dynamic_task_mapping.py
[2023-04-10T17:58:58.771-0400] {logging_mixin.py:137} WARNING - /Users/admin/opt/anaconda3/envs/python-airflow-venv/lib/python3.10/site-packages/airflow/jobs/scheduler_job.py:124 DeprecationWarning: The processor_poll_interval option in [scheduler] has been renamed to scheduler_idle_sleep_time - the old setting has been used, but please update your config.
[2023-04-10T17:58:59.340-0400] {logging_mixin.py:137} INFO - [2023-04-10T17:58:59.340-0400] {dag.py:2690} INFO - Sync 1 DAGs
[2023-04-10T17:58:59.354-0400] {logging_mixin.py:137} INFO - [2023-04-10T17:58:59.354-0400] {dag.py:3437} INFO - Setting next_dagrun for example_dynamic_task_mapping to 2022-03-04T00:00:00+00:00, run_after=2022-03-05T00:00:00+00:00
[2023-04-10T17:58:59.371-0400] {processor.py:175} INFO - Processing /Users/admin/opt/anaconda3/envs/python-airflow-venv/lib/python3.10/site-packages/airflow/example_dags/example_dynamic_task_mapping.py took 0.713 seconds
[2023-04-10T18:00:55.103-0400] {logging_mixin.py:137} WARNING - /Users/admin/opt/anaconda3/envs/python-airflow-venv/lib/python3.10/site-packages/airflow/settings.py:337 DeprecationWarning: The sql_alchemy_pool_enabled option in [core] has been moved to the sql_alchemy_pool_enabled option in [database] - the old setting has been used, but please update your config.
[2023-04-10T18:00:55.108-0400] {logging_mixin.py:137} WARNING - /Users/admin/opt/anaconda3/envs/python-airflow-venv/lib/python3.10/site-packages/airflow/settings.py:400 DeprecationWarning: The sql_engine_encoding option in [core] has been moved to the sql_engine_encoding option in [database] - the old setting has been used, but please update your config.
[2023-04-10T18:00:55.108-0400] {processor.py:153} INFO - Started process (PID=4432) to work on /Users/admin/opt/anaconda3/envs/python-airflow-venv/lib/python3.10/site-packages/airflow/example_dags/example_dynamic_task_mapping.py
[2023-04-10T18:00:55.108-0400] {processor.py:743} INFO - Processing file /Users/admin/opt/anaconda3/envs/python-airflow-venv/lib/python3.10/site-packages/airflow/example_dags/example_dynamic_task_mapping.py for tasks to queue
[2023-04-10T18:00:55.109-0400] {logging_mixin.py:137} INFO - [2023-04-10T18:00:55.109-0400] {dagbag.py:538} INFO - Filling up the DagBag from /Users/admin/opt/anaconda3/envs/python-airflow-venv/lib/python3.10/site-packages/airflow/example_dags/example_dynamic_task_mapping.py
[2023-04-10T18:00:55.180-0400] {processor.py:753} INFO - DAG(s) dict_keys(['example_dynamic_task_mapping']) retrieved from /Users/admin/opt/anaconda3/envs/python-airflow-venv/lib/python3.10/site-packages/airflow/example_dags/example_dynamic_task_mapping.py
[2023-04-10T18:00:55.230-0400] {logging_mixin.py:137} WARNING - /Users/admin/opt/anaconda3/envs/python-airflow-venv/lib/python3.10/site-packages/airflow/jobs/scheduler_job.py:124 DeprecationWarning: The processor_poll_interval option in [scheduler] has been renamed to scheduler_idle_sleep_time - the old setting has been used, but please update your config.
[2023-04-10T18:00:55.859-0400] {logging_mixin.py:137} INFO - [2023-04-10T18:00:55.858-0400] {dag.py:2690} INFO - Sync 1 DAGs
[2023-04-10T18:00:55.872-0400] {logging_mixin.py:137} INFO - [2023-04-10T18:00:55.872-0400] {dag.py:3437} INFO - Setting next_dagrun for example_dynamic_task_mapping to 2022-03-04T00:00:00+00:00, run_after=2022-03-05T00:00:00+00:00
[2023-04-10T18:00:55.888-0400] {processor.py:175} INFO - Processing /Users/admin/opt/anaconda3/envs/python-airflow-venv/lib/python3.10/site-packages/airflow/example_dags/example_dynamic_task_mapping.py took 0.786 seconds
[2023-04-10T18:12:42.663-0400] {logging_mixin.py:137} WARNING - /Users/admin/opt/anaconda3/envs/python-airflow-venv/lib/python3.10/site-packages/airflow/settings.py:337 DeprecationWarning: The sql_alchemy_pool_enabled option in [core] has been moved to the sql_alchemy_pool_enabled option in [database] - the old setting has been used, but please update your config.
[2023-04-10T18:12:42.667-0400] {logging_mixin.py:137} WARNING - /Users/admin/opt/anaconda3/envs/python-airflow-venv/lib/python3.10/site-packages/airflow/settings.py:400 DeprecationWarning: The sql_engine_encoding option in [core] has been moved to the sql_engine_encoding option in [database] - the old setting has been used, but please update your config.
[2023-04-10T18:12:42.668-0400] {processor.py:153} INFO - Started process (PID=4498) to work on /Users/admin/opt/anaconda3/envs/python-airflow-venv/lib/python3.10/site-packages/airflow/example_dags/example_dynamic_task_mapping.py
[2023-04-10T18:12:42.668-0400] {processor.py:743} INFO - Processing file /Users/admin/opt/anaconda3/envs/python-airflow-venv/lib/python3.10/site-packages/airflow/example_dags/example_dynamic_task_mapping.py for tasks to queue
[2023-04-10T18:12:42.668-0400] {logging_mixin.py:137} INFO - [2023-04-10T18:12:42.668-0400] {dagbag.py:538} INFO - Filling up the DagBag from /Users/admin/opt/anaconda3/envs/python-airflow-venv/lib/python3.10/site-packages/airflow/example_dags/example_dynamic_task_mapping.py
[2023-04-10T18:12:42.735-0400] {processor.py:753} INFO - DAG(s) dict_keys(['example_dynamic_task_mapping']) retrieved from /Users/admin/opt/anaconda3/envs/python-airflow-venv/lib/python3.10/site-packages/airflow/example_dags/example_dynamic_task_mapping.py
[2023-04-10T18:12:42.778-0400] {logging_mixin.py:137} WARNING - /Users/admin/opt/anaconda3/envs/python-airflow-venv/lib/python3.10/site-packages/airflow/jobs/scheduler_job.py:124 DeprecationWarning: The processor_poll_interval option in [scheduler] has been renamed to scheduler_idle_sleep_time - the old setting has been used, but please update your config.
[2023-04-10T18:12:43.343-0400] {logging_mixin.py:137} INFO - [2023-04-10T18:12:43.343-0400] {dag.py:2690} INFO - Sync 1 DAGs
[2023-04-10T18:12:43.357-0400] {logging_mixin.py:137} INFO - [2023-04-10T18:12:43.357-0400] {dag.py:3437} INFO - Setting next_dagrun for example_dynamic_task_mapping to 2022-03-04T00:00:00+00:00, run_after=2022-03-05T00:00:00+00:00
[2023-04-10T18:12:43.373-0400] {processor.py:175} INFO - Processing /Users/admin/opt/anaconda3/envs/python-airflow-venv/lib/python3.10/site-packages/airflow/example_dags/example_dynamic_task_mapping.py took 0.712 seconds
[2023-04-10T18:14:38.642-0400] {logging_mixin.py:137} WARNING - /Users/admin/opt/anaconda3/envs/python-airflow-venv/lib/python3.10/site-packages/airflow/settings.py:337 DeprecationWarning: The sql_alchemy_pool_enabled option in [core] has been moved to the sql_alchemy_pool_enabled option in [database] - the old setting has been used, but please update your config.
[2023-04-10T18:14:38.646-0400] {logging_mixin.py:137} WARNING - /Users/admin/opt/anaconda3/envs/python-airflow-venv/lib/python3.10/site-packages/airflow/settings.py:400 DeprecationWarning: The sql_engine_encoding option in [core] has been moved to the sql_engine_encoding option in [database] - the old setting has been used, but please update your config.
[2023-04-10T18:14:38.647-0400] {processor.py:153} INFO - Started process (PID=4550) to work on /Users/admin/opt/anaconda3/envs/python-airflow-venv/lib/python3.10/site-packages/airflow/example_dags/example_dynamic_task_mapping.py
[2023-04-10T18:14:38.647-0400] {processor.py:743} INFO - Processing file /Users/admin/opt/anaconda3/envs/python-airflow-venv/lib/python3.10/site-packages/airflow/example_dags/example_dynamic_task_mapping.py for tasks to queue
[2023-04-10T18:14:38.647-0400] {logging_mixin.py:137} INFO - [2023-04-10T18:14:38.647-0400] {dagbag.py:538} INFO - Filling up the DagBag from /Users/admin/opt/anaconda3/envs/python-airflow-venv/lib/python3.10/site-packages/airflow/example_dags/example_dynamic_task_mapping.py
[2023-04-10T18:14:38.730-0400] {processor.py:753} INFO - DAG(s) dict_keys(['example_dynamic_task_mapping']) retrieved from /Users/admin/opt/anaconda3/envs/python-airflow-venv/lib/python3.10/site-packages/airflow/example_dags/example_dynamic_task_mapping.py
[2023-04-10T18:14:38.777-0400] {logging_mixin.py:137} WARNING - /Users/admin/opt/anaconda3/envs/python-airflow-venv/lib/python3.10/site-packages/airflow/jobs/scheduler_job.py:124 DeprecationWarning: The processor_poll_interval option in [scheduler] has been renamed to scheduler_idle_sleep_time - the old setting has been used, but please update your config.
[2023-04-10T18:14:39.428-0400] {logging_mixin.py:137} INFO - [2023-04-10T18:14:39.428-0400] {dag.py:2690} INFO - Sync 1 DAGs
[2023-04-10T18:14:39.443-0400] {logging_mixin.py:137} INFO - [2023-04-10T18:14:39.443-0400] {dag.py:3437} INFO - Setting next_dagrun for example_dynamic_task_mapping to 2022-03-04T00:00:00+00:00, run_after=2022-03-05T00:00:00+00:00
[2023-04-10T18:14:39.459-0400] {processor.py:175} INFO - Processing /Users/admin/opt/anaconda3/envs/python-airflow-venv/lib/python3.10/site-packages/airflow/example_dags/example_dynamic_task_mapping.py took 0.818 seconds
[2023-04-10T18:16:34.734-0400] {logging_mixin.py:137} WARNING - /Users/admin/opt/anaconda3/envs/python-airflow-venv/lib/python3.10/site-packages/airflow/settings.py:337 DeprecationWarning: The sql_alchemy_pool_enabled option in [core] has been moved to the sql_alchemy_pool_enabled option in [database] - the old setting has been used, but please update your config.
[2023-04-10T18:16:34.741-0400] {logging_mixin.py:137} WARNING - /Users/admin/opt/anaconda3/envs/python-airflow-venv/lib/python3.10/site-packages/airflow/settings.py:400 DeprecationWarning: The sql_engine_encoding option in [core] has been moved to the sql_engine_encoding option in [database] - the old setting has been used, but please update your config.
[2023-04-10T18:16:34.742-0400] {processor.py:153} INFO - Started process (PID=4600) to work on /Users/admin/opt/anaconda3/envs/python-airflow-venv/lib/python3.10/site-packages/airflow/example_dags/example_dynamic_task_mapping.py
[2023-04-10T18:16:34.742-0400] {processor.py:743} INFO - Processing file /Users/admin/opt/anaconda3/envs/python-airflow-venv/lib/python3.10/site-packages/airflow/example_dags/example_dynamic_task_mapping.py for tasks to queue
[2023-04-10T18:16:34.743-0400] {logging_mixin.py:137} INFO - [2023-04-10T18:16:34.742-0400] {dagbag.py:538} INFO - Filling up the DagBag from /Users/admin/opt/anaconda3/envs/python-airflow-venv/lib/python3.10/site-packages/airflow/example_dags/example_dynamic_task_mapping.py
[2023-04-10T18:16:34.827-0400] {processor.py:753} INFO - DAG(s) dict_keys(['example_dynamic_task_mapping']) retrieved from /Users/admin/opt/anaconda3/envs/python-airflow-venv/lib/python3.10/site-packages/airflow/example_dags/example_dynamic_task_mapping.py
[2023-04-10T18:16:34.873-0400] {logging_mixin.py:137} WARNING - /Users/admin/opt/anaconda3/envs/python-airflow-venv/lib/python3.10/site-packages/airflow/jobs/scheduler_job.py:124 DeprecationWarning: The processor_poll_interval option in [scheduler] has been renamed to scheduler_idle_sleep_time - the old setting has been used, but please update your config.
[2023-04-10T18:16:35.558-0400] {logging_mixin.py:137} INFO - [2023-04-10T18:16:35.558-0400] {dag.py:2690} INFO - Sync 1 DAGs
[2023-04-10T18:16:35.572-0400] {logging_mixin.py:137} INFO - [2023-04-10T18:16:35.572-0400] {dag.py:3437} INFO - Setting next_dagrun for example_dynamic_task_mapping to 2022-03-04T00:00:00+00:00, run_after=2022-03-05T00:00:00+00:00
[2023-04-10T18:16:35.593-0400] {processor.py:175} INFO - Processing /Users/admin/opt/anaconda3/envs/python-airflow-venv/lib/python3.10/site-packages/airflow/example_dags/example_dynamic_task_mapping.py took 0.860 seconds
