[2023-07-08T16:51:03.206-0400] {logging_mixin.py:137} WARNING - /Users/admin/opt/anaconda3/envs/python-airflow-venv/lib/python3.10/site-packages/airflow/settings.py:337 DeprecationWarning: The sql_alchemy_pool_enabled option in [core] has been moved to the sql_alchemy_pool_enabled option in [database] - the old setting has been used, but please update your config.
[2023-07-08T16:51:03.211-0400] {logging_mixin.py:137} WARNING - /Users/admin/opt/anaconda3/envs/python-airflow-venv/lib/python3.10/site-packages/airflow/settings.py:400 DeprecationWarning: The sql_engine_encoding option in [core] has been moved to the sql_engine_encoding option in [database] - the old setting has been used, but please update your config.
[2023-07-08T16:51:03.212-0400] {processor.py:153} INFO - Started process (PID=19261) to work on /Users/admin/opt/anaconda3/envs/python-airflow-venv/lib/python3.10/site-packages/airflow/example_dags/example_skip_dag.py
[2023-07-08T16:51:03.213-0400] {processor.py:743} INFO - Processing file /Users/admin/opt/anaconda3/envs/python-airflow-venv/lib/python3.10/site-packages/airflow/example_dags/example_skip_dag.py for tasks to queue
[2023-07-08T16:51:03.214-0400] {logging_mixin.py:137} INFO - [2023-07-08T16:51:03.214-0400] {dagbag.py:538} INFO - Filling up the DagBag from /Users/admin/opt/anaconda3/envs/python-airflow-venv/lib/python3.10/site-packages/airflow/example_dags/example_skip_dag.py
[2023-07-08T16:51:03.266-0400] {processor.py:753} INFO - DAG(s) dict_keys(['example_skip_dag']) retrieved from /Users/admin/opt/anaconda3/envs/python-airflow-venv/lib/python3.10/site-packages/airflow/example_dags/example_skip_dag.py
[2023-07-08T16:51:03.320-0400] {logging_mixin.py:137} WARNING - /Users/admin/opt/anaconda3/envs/python-airflow-venv/lib/python3.10/site-packages/airflow/jobs/scheduler_job.py:124 DeprecationWarning: The processor_poll_interval option in [scheduler] has been renamed to scheduler_idle_sleep_time - the old setting has been used, but please update your config.
[2023-07-08T16:51:03.913-0400] {logging_mixin.py:137} INFO - [2023-07-08T16:51:03.913-0400] {dag.py:2690} INFO - Sync 1 DAGs
[2023-07-08T16:51:03.927-0400] {logging_mixin.py:137} INFO - [2023-07-08T16:51:03.927-0400] {dag.py:3437} INFO - Setting next_dagrun for example_skip_dag to 2023-07-07T20:51:03.927299+00:00, run_after=2023-07-08T20:51:03.927299+00:00
[2023-07-08T16:51:03.941-0400] {processor.py:175} INFO - Processing /Users/admin/opt/anaconda3/envs/python-airflow-venv/lib/python3.10/site-packages/airflow/example_dags/example_skip_dag.py took 0.736 seconds
[2023-07-08T17:54:57.634-0400] {logging_mixin.py:137} WARNING - /Users/admin/opt/anaconda3/envs/python-airflow-venv/lib/python3.10/site-packages/airflow/settings.py:337 DeprecationWarning: The sql_alchemy_pool_enabled option in [core] has been moved to the sql_alchemy_pool_enabled option in [database] - the old setting has been used, but please update your config.
[2023-07-08T17:54:57.640-0400] {logging_mixin.py:137} WARNING - /Users/admin/opt/anaconda3/envs/python-airflow-venv/lib/python3.10/site-packages/airflow/settings.py:400 DeprecationWarning: The sql_engine_encoding option in [core] has been moved to the sql_engine_encoding option in [database] - the old setting has been used, but please update your config.
[2023-07-08T17:54:57.640-0400] {processor.py:153} INFO - Started process (PID=19545) to work on /Users/admin/opt/anaconda3/envs/python-airflow-venv/lib/python3.10/site-packages/airflow/example_dags/example_skip_dag.py
[2023-07-08T17:54:57.640-0400] {processor.py:743} INFO - Processing file /Users/admin/opt/anaconda3/envs/python-airflow-venv/lib/python3.10/site-packages/airflow/example_dags/example_skip_dag.py for tasks to queue
[2023-07-08T17:54:57.641-0400] {logging_mixin.py:137} INFO - [2023-07-08T17:54:57.641-0400] {dagbag.py:538} INFO - Filling up the DagBag from /Users/admin/opt/anaconda3/envs/python-airflow-venv/lib/python3.10/site-packages/airflow/example_dags/example_skip_dag.py
[2023-07-08T17:54:57.698-0400] {processor.py:753} INFO - DAG(s) dict_keys(['example_skip_dag']) retrieved from /Users/admin/opt/anaconda3/envs/python-airflow-venv/lib/python3.10/site-packages/airflow/example_dags/example_skip_dag.py
[2023-07-08T17:54:57.758-0400] {logging_mixin.py:137} WARNING - /Users/admin/opt/anaconda3/envs/python-airflow-venv/lib/python3.10/site-packages/airflow/jobs/scheduler_job.py:124 DeprecationWarning: The processor_poll_interval option in [scheduler] has been renamed to scheduler_idle_sleep_time - the old setting has been used, but please update your config.
[2023-07-08T17:54:58.357-0400] {logging_mixin.py:137} INFO - [2023-07-08T17:54:58.357-0400] {dag.py:2690} INFO - Sync 1 DAGs
[2023-07-08T17:54:58.372-0400] {logging_mixin.py:137} INFO - [2023-07-08T17:54:58.372-0400] {dag.py:3437} INFO - Setting next_dagrun for example_skip_dag to 2023-07-07T21:54:58.372569+00:00, run_after=2023-07-08T21:54:58.372569+00:00
[2023-07-08T17:54:58.392-0400] {processor.py:175} INFO - Processing /Users/admin/opt/anaconda3/envs/python-airflow-venv/lib/python3.10/site-packages/airflow/example_dags/example_skip_dag.py took 0.758 seconds
[2023-07-08T18:01:48.419-0400] {logging_mixin.py:137} WARNING - /Users/admin/opt/anaconda3/envs/python-airflow-venv/lib/python3.10/site-packages/airflow/settings.py:337 DeprecationWarning: The sql_alchemy_pool_enabled option in [core] has been moved to the sql_alchemy_pool_enabled option in [database] - the old setting has been used, but please update your config.
[2023-07-08T18:01:48.428-0400] {logging_mixin.py:137} WARNING - /Users/admin/opt/anaconda3/envs/python-airflow-venv/lib/python3.10/site-packages/airflow/settings.py:400 DeprecationWarning: The sql_engine_encoding option in [core] has been moved to the sql_engine_encoding option in [database] - the old setting has been used, but please update your config.
[2023-07-08T18:01:48.429-0400] {processor.py:153} INFO - Started process (PID=19669) to work on /Users/admin/opt/anaconda3/envs/python-airflow-venv/lib/python3.10/site-packages/airflow/example_dags/example_skip_dag.py
[2023-07-08T18:01:48.429-0400] {processor.py:743} INFO - Processing file /Users/admin/opt/anaconda3/envs/python-airflow-venv/lib/python3.10/site-packages/airflow/example_dags/example_skip_dag.py for tasks to queue
[2023-07-08T18:01:48.430-0400] {logging_mixin.py:137} INFO - [2023-07-08T18:01:48.430-0400] {dagbag.py:538} INFO - Filling up the DagBag from /Users/admin/opt/anaconda3/envs/python-airflow-venv/lib/python3.10/site-packages/airflow/example_dags/example_skip_dag.py
[2023-07-08T18:01:48.540-0400] {processor.py:753} INFO - DAG(s) dict_keys(['example_skip_dag']) retrieved from /Users/admin/opt/anaconda3/envs/python-airflow-venv/lib/python3.10/site-packages/airflow/example_dags/example_skip_dag.py
[2023-07-08T18:01:48.714-0400] {logging_mixin.py:137} WARNING - /Users/admin/opt/anaconda3/envs/python-airflow-venv/lib/python3.10/site-packages/airflow/jobs/scheduler_job.py:124 DeprecationWarning: The processor_poll_interval option in [scheduler] has been renamed to scheduler_idle_sleep_time - the old setting has been used, but please update your config.
[2023-07-08T18:04:44.326-0400] {logging_mixin.py:137} WARNING - /Users/admin/opt/anaconda3/envs/python-airflow-venv/lib/python3.10/site-packages/airflow/settings.py:337 DeprecationWarning: The sql_alchemy_pool_enabled option in [core] has been moved to the sql_alchemy_pool_enabled option in [database] - the old setting has been used, but please update your config.
[2023-07-08T18:04:44.331-0400] {logging_mixin.py:137} WARNING - /Users/admin/opt/anaconda3/envs/python-airflow-venv/lib/python3.10/site-packages/airflow/settings.py:400 DeprecationWarning: The sql_engine_encoding option in [core] has been moved to the sql_engine_encoding option in [database] - the old setting has been used, but please update your config.
[2023-07-08T18:04:44.332-0400] {processor.py:153} INFO - Started process (PID=19722) to work on /Users/admin/opt/anaconda3/envs/python-airflow-venv/lib/python3.10/site-packages/airflow/example_dags/example_skip_dag.py
[2023-07-08T18:04:44.332-0400] {processor.py:743} INFO - Processing file /Users/admin/opt/anaconda3/envs/python-airflow-venv/lib/python3.10/site-packages/airflow/example_dags/example_skip_dag.py for tasks to queue
[2023-07-08T18:04:44.333-0400] {logging_mixin.py:137} INFO - [2023-07-08T18:04:44.332-0400] {dagbag.py:538} INFO - Filling up the DagBag from /Users/admin/opt/anaconda3/envs/python-airflow-venv/lib/python3.10/site-packages/airflow/example_dags/example_skip_dag.py
[2023-07-08T18:04:44.384-0400] {processor.py:753} INFO - DAG(s) dict_keys(['example_skip_dag']) retrieved from /Users/admin/opt/anaconda3/envs/python-airflow-venv/lib/python3.10/site-packages/airflow/example_dags/example_skip_dag.py
[2023-07-08T18:04:44.438-0400] {logging_mixin.py:137} WARNING - /Users/admin/opt/anaconda3/envs/python-airflow-venv/lib/python3.10/site-packages/airflow/jobs/scheduler_job.py:124 DeprecationWarning: The processor_poll_interval option in [scheduler] has been renamed to scheduler_idle_sleep_time - the old setting has been used, but please update your config.
[2023-07-08T18:04:45.030-0400] {logging_mixin.py:137} INFO - [2023-07-08T18:04:45.030-0400] {dag.py:2690} INFO - Sync 1 DAGs
[2023-07-08T18:04:45.044-0400] {logging_mixin.py:137} INFO - [2023-07-08T18:04:45.044-0400] {dag.py:3437} INFO - Setting next_dagrun for example_skip_dag to 2023-07-07T22:04:45.044427+00:00, run_after=2023-07-08T22:04:45.044427+00:00
[2023-07-08T18:04:45.060-0400] {processor.py:175} INFO - Processing /Users/admin/opt/anaconda3/envs/python-airflow-venv/lib/python3.10/site-packages/airflow/example_dags/example_skip_dag.py took 0.735 seconds
[2023-07-08T18:07:08.621-0400] {logging_mixin.py:137} WARNING - /Users/admin/opt/anaconda3/envs/python-airflow-venv/lib/python3.10/site-packages/airflow/settings.py:337 DeprecationWarning: The sql_alchemy_pool_enabled option in [core] has been moved to the sql_alchemy_pool_enabled option in [database] - the old setting has been used, but please update your config.
[2023-07-08T18:07:08.627-0400] {logging_mixin.py:137} WARNING - /Users/admin/opt/anaconda3/envs/python-airflow-venv/lib/python3.10/site-packages/airflow/settings.py:400 DeprecationWarning: The sql_engine_encoding option in [core] has been moved to the sql_engine_encoding option in [database] - the old setting has been used, but please update your config.
[2023-07-08T18:07:08.628-0400] {processor.py:153} INFO - Started process (PID=19780) to work on /Users/admin/opt/anaconda3/envs/python-airflow-venv/lib/python3.10/site-packages/airflow/example_dags/example_skip_dag.py
[2023-07-08T18:07:08.628-0400] {processor.py:743} INFO - Processing file /Users/admin/opt/anaconda3/envs/python-airflow-venv/lib/python3.10/site-packages/airflow/example_dags/example_skip_dag.py for tasks to queue
[2023-07-08T18:07:08.628-0400] {logging_mixin.py:137} INFO - [2023-07-08T18:07:08.628-0400] {dagbag.py:538} INFO - Filling up the DagBag from /Users/admin/opt/anaconda3/envs/python-airflow-venv/lib/python3.10/site-packages/airflow/example_dags/example_skip_dag.py
[2023-07-08T18:07:08.683-0400] {processor.py:753} INFO - DAG(s) dict_keys(['example_skip_dag']) retrieved from /Users/admin/opt/anaconda3/envs/python-airflow-venv/lib/python3.10/site-packages/airflow/example_dags/example_skip_dag.py
[2023-07-08T18:07:08.742-0400] {logging_mixin.py:137} WARNING - /Users/admin/opt/anaconda3/envs/python-airflow-venv/lib/python3.10/site-packages/airflow/jobs/scheduler_job.py:124 DeprecationWarning: The processor_poll_interval option in [scheduler] has been renamed to scheduler_idle_sleep_time - the old setting has been used, but please update your config.
[2023-07-08T18:07:09.395-0400] {logging_mixin.py:137} INFO - [2023-07-08T18:07:09.394-0400] {dag.py:2690} INFO - Sync 1 DAGs
[2023-07-08T18:07:09.410-0400] {logging_mixin.py:137} INFO - [2023-07-08T18:07:09.410-0400] {dag.py:3437} INFO - Setting next_dagrun for example_skip_dag to 2023-07-07T22:07:09.410075+00:00, run_after=2023-07-08T22:07:09.410075+00:00
[2023-07-08T18:07:09.431-0400] {processor.py:175} INFO - Processing /Users/admin/opt/anaconda3/envs/python-airflow-venv/lib/python3.10/site-packages/airflow/example_dags/example_skip_dag.py took 0.812 seconds
[2023-07-08T18:12:07.006-0400] {logging_mixin.py:137} WARNING - /Users/admin/opt/anaconda3/envs/python-airflow-venv/lib/python3.10/site-packages/airflow/settings.py:337 DeprecationWarning: The sql_alchemy_pool_enabled option in [core] has been moved to the sql_alchemy_pool_enabled option in [database] - the old setting has been used, but please update your config.
[2023-07-08T18:12:07.010-0400] {logging_mixin.py:137} WARNING - /Users/admin/opt/anaconda3/envs/python-airflow-venv/lib/python3.10/site-packages/airflow/settings.py:400 DeprecationWarning: The sql_engine_encoding option in [core] has been moved to the sql_engine_encoding option in [database] - the old setting has been used, but please update your config.
[2023-07-08T18:12:07.011-0400] {processor.py:153} INFO - Started process (PID=19956) to work on /Users/admin/opt/anaconda3/envs/python-airflow-venv/lib/python3.10/site-packages/airflow/example_dags/example_skip_dag.py
[2023-07-08T18:12:07.011-0400] {processor.py:743} INFO - Processing file /Users/admin/opt/anaconda3/envs/python-airflow-venv/lib/python3.10/site-packages/airflow/example_dags/example_skip_dag.py for tasks to queue
[2023-07-08T18:12:07.011-0400] {logging_mixin.py:137} INFO - [2023-07-08T18:12:07.011-0400] {dagbag.py:538} INFO - Filling up the DagBag from /Users/admin/opt/anaconda3/envs/python-airflow-venv/lib/python3.10/site-packages/airflow/example_dags/example_skip_dag.py
[2023-07-08T18:12:07.073-0400] {processor.py:753} INFO - DAG(s) dict_keys(['example_skip_dag']) retrieved from /Users/admin/opt/anaconda3/envs/python-airflow-venv/lib/python3.10/site-packages/airflow/example_dags/example_skip_dag.py
[2023-07-08T18:12:07.136-0400] {logging_mixin.py:137} WARNING - /Users/admin/opt/anaconda3/envs/python-airflow-venv/lib/python3.10/site-packages/airflow/jobs/scheduler_job.py:124 DeprecationWarning: The processor_poll_interval option in [scheduler] has been renamed to scheduler_idle_sleep_time - the old setting has been used, but please update your config.
[2023-07-08T18:12:07.766-0400] {logging_mixin.py:137} INFO - [2023-07-08T18:12:07.766-0400] {dag.py:2690} INFO - Sync 1 DAGs
[2023-07-08T18:12:07.780-0400] {logging_mixin.py:137} INFO - [2023-07-08T18:12:07.780-0400] {dag.py:3437} INFO - Setting next_dagrun for example_skip_dag to 2023-07-07T22:12:07.780186+00:00, run_after=2023-07-08T22:12:07.780186+00:00
[2023-07-08T18:12:07.800-0400] {processor.py:175} INFO - Processing /Users/admin/opt/anaconda3/envs/python-airflow-venv/lib/python3.10/site-packages/airflow/example_dags/example_skip_dag.py took 0.795 seconds
[2023-07-08T18:14:17.556-0400] {logging_mixin.py:137} WARNING - /Users/admin/opt/anaconda3/envs/python-airflow-venv/lib/python3.10/site-packages/airflow/settings.py:337 DeprecationWarning: The sql_alchemy_pool_enabled option in [core] has been moved to the sql_alchemy_pool_enabled option in [database] - the old setting has been used, but please update your config.
[2023-07-08T18:14:17.561-0400] {logging_mixin.py:137} WARNING - /Users/admin/opt/anaconda3/envs/python-airflow-venv/lib/python3.10/site-packages/airflow/settings.py:400 DeprecationWarning: The sql_engine_encoding option in [core] has been moved to the sql_engine_encoding option in [database] - the old setting has been used, but please update your config.
[2023-07-08T18:14:17.562-0400] {processor.py:153} INFO - Started process (PID=20019) to work on /Users/admin/opt/anaconda3/envs/python-airflow-venv/lib/python3.10/site-packages/airflow/example_dags/example_skip_dag.py
[2023-07-08T18:14:17.563-0400] {processor.py:743} INFO - Processing file /Users/admin/opt/anaconda3/envs/python-airflow-venv/lib/python3.10/site-packages/airflow/example_dags/example_skip_dag.py for tasks to queue
[2023-07-08T18:14:17.563-0400] {logging_mixin.py:137} INFO - [2023-07-08T18:14:17.563-0400] {dagbag.py:538} INFO - Filling up the DagBag from /Users/admin/opt/anaconda3/envs/python-airflow-venv/lib/python3.10/site-packages/airflow/example_dags/example_skip_dag.py
[2023-07-08T18:14:17.620-0400] {processor.py:753} INFO - DAG(s) dict_keys(['example_skip_dag']) retrieved from /Users/admin/opt/anaconda3/envs/python-airflow-venv/lib/python3.10/site-packages/airflow/example_dags/example_skip_dag.py
[2023-07-08T18:14:17.682-0400] {logging_mixin.py:137} WARNING - /Users/admin/opt/anaconda3/envs/python-airflow-venv/lib/python3.10/site-packages/airflow/jobs/scheduler_job.py:124 DeprecationWarning: The processor_poll_interval option in [scheduler] has been renamed to scheduler_idle_sleep_time - the old setting has been used, but please update your config.
[2023-07-08T18:14:18.328-0400] {logging_mixin.py:137} INFO - [2023-07-08T18:14:18.328-0400] {dag.py:2690} INFO - Sync 1 DAGs
[2023-07-08T18:14:18.344-0400] {logging_mixin.py:137} INFO - [2023-07-08T18:14:18.344-0400] {dag.py:3437} INFO - Setting next_dagrun for example_skip_dag to 2023-07-07T22:14:18.344504+00:00, run_after=2023-07-08T22:14:18.344504+00:00
[2023-07-08T18:14:18.361-0400] {processor.py:175} INFO - Processing /Users/admin/opt/anaconda3/envs/python-airflow-venv/lib/python3.10/site-packages/airflow/example_dags/example_skip_dag.py took 0.806 seconds
[2023-07-08T18:16:14.493-0400] {logging_mixin.py:137} WARNING - /Users/admin/opt/anaconda3/envs/python-airflow-venv/lib/python3.10/site-packages/airflow/settings.py:337 DeprecationWarning: The sql_alchemy_pool_enabled option in [core] has been moved to the sql_alchemy_pool_enabled option in [database] - the old setting has been used, but please update your config.
[2023-07-08T18:16:14.497-0400] {logging_mixin.py:137} WARNING - /Users/admin/opt/anaconda3/envs/python-airflow-venv/lib/python3.10/site-packages/airflow/settings.py:400 DeprecationWarning: The sql_engine_encoding option in [core] has been moved to the sql_engine_encoding option in [database] - the old setting has been used, but please update your config.
[2023-07-08T18:16:14.498-0400] {processor.py:153} INFO - Started process (PID=20092) to work on /Users/admin/opt/anaconda3/envs/python-airflow-venv/lib/python3.10/site-packages/airflow/example_dags/example_skip_dag.py
[2023-07-08T18:16:14.498-0400] {processor.py:743} INFO - Processing file /Users/admin/opt/anaconda3/envs/python-airflow-venv/lib/python3.10/site-packages/airflow/example_dags/example_skip_dag.py for tasks to queue
[2023-07-08T18:16:14.498-0400] {logging_mixin.py:137} INFO - [2023-07-08T18:16:14.498-0400] {dagbag.py:538} INFO - Filling up the DagBag from /Users/admin/opt/anaconda3/envs/python-airflow-venv/lib/python3.10/site-packages/airflow/example_dags/example_skip_dag.py
[2023-07-08T18:16:14.550-0400] {processor.py:753} INFO - DAG(s) dict_keys(['example_skip_dag']) retrieved from /Users/admin/opt/anaconda3/envs/python-airflow-venv/lib/python3.10/site-packages/airflow/example_dags/example_skip_dag.py
[2023-07-08T18:16:14.604-0400] {logging_mixin.py:137} WARNING - /Users/admin/opt/anaconda3/envs/python-airflow-venv/lib/python3.10/site-packages/airflow/jobs/scheduler_job.py:124 DeprecationWarning: The processor_poll_interval option in [scheduler] has been renamed to scheduler_idle_sleep_time - the old setting has been used, but please update your config.
[2023-07-08T18:16:15.190-0400] {logging_mixin.py:137} INFO - [2023-07-08T18:16:15.190-0400] {dag.py:2690} INFO - Sync 1 DAGs
[2023-07-08T18:16:15.205-0400] {logging_mixin.py:137} INFO - [2023-07-08T18:16:15.204-0400] {dag.py:3437} INFO - Setting next_dagrun for example_skip_dag to 2023-07-07T22:16:15.204879+00:00, run_after=2023-07-08T22:16:15.204879+00:00
[2023-07-08T18:16:15.222-0400] {processor.py:175} INFO - Processing /Users/admin/opt/anaconda3/envs/python-airflow-venv/lib/python3.10/site-packages/airflow/example_dags/example_skip_dag.py took 0.730 seconds
[2023-07-08T18:17:47.745-0400] {logging_mixin.py:137} WARNING - /Users/admin/opt/anaconda3/envs/python-airflow-venv/lib/python3.10/site-packages/airflow/settings.py:337 DeprecationWarning: The sql_alchemy_pool_enabled option in [core] has been moved to the sql_alchemy_pool_enabled option in [database] - the old setting has been used, but please update your config.
[2023-07-08T18:17:47.750-0400] {logging_mixin.py:137} WARNING - /Users/admin/opt/anaconda3/envs/python-airflow-venv/lib/python3.10/site-packages/airflow/settings.py:400 DeprecationWarning: The sql_engine_encoding option in [core] has been moved to the sql_engine_encoding option in [database] - the old setting has been used, but please update your config.
[2023-07-08T18:17:47.751-0400] {processor.py:153} INFO - Started process (PID=20154) to work on /Users/admin/opt/anaconda3/envs/python-airflow-venv/lib/python3.10/site-packages/airflow/example_dags/example_skip_dag.py
[2023-07-08T18:17:47.751-0400] {processor.py:743} INFO - Processing file /Users/admin/opt/anaconda3/envs/python-airflow-venv/lib/python3.10/site-packages/airflow/example_dags/example_skip_dag.py for tasks to queue
[2023-07-08T18:17:47.751-0400] {logging_mixin.py:137} INFO - [2023-07-08T18:17:47.751-0400] {dagbag.py:538} INFO - Filling up the DagBag from /Users/admin/opt/anaconda3/envs/python-airflow-venv/lib/python3.10/site-packages/airflow/example_dags/example_skip_dag.py
[2023-07-08T18:17:47.807-0400] {processor.py:753} INFO - DAG(s) dict_keys(['example_skip_dag']) retrieved from /Users/admin/opt/anaconda3/envs/python-airflow-venv/lib/python3.10/site-packages/airflow/example_dags/example_skip_dag.py
[2023-07-08T18:17:47.864-0400] {logging_mixin.py:137} WARNING - /Users/admin/opt/anaconda3/envs/python-airflow-venv/lib/python3.10/site-packages/airflow/jobs/scheduler_job.py:124 DeprecationWarning: The processor_poll_interval option in [scheduler] has been renamed to scheduler_idle_sleep_time - the old setting has been used, but please update your config.
[2023-07-08T18:17:48.487-0400] {logging_mixin.py:137} INFO - [2023-07-08T18:17:48.487-0400] {dag.py:2690} INFO - Sync 1 DAGs
[2023-07-08T18:17:48.502-0400] {logging_mixin.py:137} INFO - [2023-07-08T18:17:48.502-0400] {dag.py:3437} INFO - Setting next_dagrun for example_skip_dag to 2023-07-07T22:17:48.502500+00:00, run_after=2023-07-08T22:17:48.502500+00:00
[2023-07-08T18:17:48.519-0400] {processor.py:175} INFO - Processing /Users/admin/opt/anaconda3/envs/python-airflow-venv/lib/python3.10/site-packages/airflow/example_dags/example_skip_dag.py took 0.774 seconds
[2023-07-08T18:19:11.232-0400] {logging_mixin.py:137} WARNING - /Users/admin/opt/anaconda3/envs/python-airflow-venv/lib/python3.10/site-packages/airflow/settings.py:337 DeprecationWarning: The sql_alchemy_pool_enabled option in [core] has been moved to the sql_alchemy_pool_enabled option in [database] - the old setting has been used, but please update your config.
[2023-07-08T18:19:11.237-0400] {logging_mixin.py:137} WARNING - /Users/admin/opt/anaconda3/envs/python-airflow-venv/lib/python3.10/site-packages/airflow/settings.py:400 DeprecationWarning: The sql_engine_encoding option in [core] has been moved to the sql_engine_encoding option in [database] - the old setting has been used, but please update your config.
[2023-07-08T18:19:11.238-0400] {processor.py:153} INFO - Started process (PID=20206) to work on /Users/admin/opt/anaconda3/envs/python-airflow-venv/lib/python3.10/site-packages/airflow/example_dags/example_skip_dag.py
[2023-07-08T18:19:11.238-0400] {processor.py:743} INFO - Processing file /Users/admin/opt/anaconda3/envs/python-airflow-venv/lib/python3.10/site-packages/airflow/example_dags/example_skip_dag.py for tasks to queue
[2023-07-08T18:19:11.238-0400] {logging_mixin.py:137} INFO - [2023-07-08T18:19:11.238-0400] {dagbag.py:538} INFO - Filling up the DagBag from /Users/admin/opt/anaconda3/envs/python-airflow-venv/lib/python3.10/site-packages/airflow/example_dags/example_skip_dag.py
[2023-07-08T18:19:11.282-0400] {processor.py:753} INFO - DAG(s) dict_keys(['example_skip_dag']) retrieved from /Users/admin/opt/anaconda3/envs/python-airflow-venv/lib/python3.10/site-packages/airflow/example_dags/example_skip_dag.py
[2023-07-08T18:19:11.337-0400] {logging_mixin.py:137} WARNING - /Users/admin/opt/anaconda3/envs/python-airflow-venv/lib/python3.10/site-packages/airflow/jobs/scheduler_job.py:124 DeprecationWarning: The processor_poll_interval option in [scheduler] has been renamed to scheduler_idle_sleep_time - the old setting has been used, but please update your config.
[2023-07-08T18:19:11.937-0400] {logging_mixin.py:137} INFO - [2023-07-08T18:19:11.937-0400] {dag.py:2690} INFO - Sync 1 DAGs
[2023-07-08T18:19:11.954-0400] {logging_mixin.py:137} INFO - [2023-07-08T18:19:11.953-0400] {dag.py:3437} INFO - Setting next_dagrun for example_skip_dag to 2023-07-07T22:19:11.953837+00:00, run_after=2023-07-08T22:19:11.953837+00:00
[2023-07-08T18:19:11.974-0400] {processor.py:175} INFO - Processing /Users/admin/opt/anaconda3/envs/python-airflow-venv/lib/python3.10/site-packages/airflow/example_dags/example_skip_dag.py took 0.742 seconds
[2023-07-08T18:20:38.854-0400] {logging_mixin.py:137} WARNING - /Users/admin/opt/anaconda3/envs/python-airflow-venv/lib/python3.10/site-packages/airflow/settings.py:337 DeprecationWarning: The sql_alchemy_pool_enabled option in [core] has been moved to the sql_alchemy_pool_enabled option in [database] - the old setting has been used, but please update your config.
[2023-07-08T18:20:38.862-0400] {logging_mixin.py:137} WARNING - /Users/admin/opt/anaconda3/envs/python-airflow-venv/lib/python3.10/site-packages/airflow/settings.py:400 DeprecationWarning: The sql_engine_encoding option in [core] has been moved to the sql_engine_encoding option in [database] - the old setting has been used, but please update your config.
[2023-07-08T18:20:38.863-0400] {processor.py:153} INFO - Started process (PID=20259) to work on /Users/admin/opt/anaconda3/envs/python-airflow-venv/lib/python3.10/site-packages/airflow/example_dags/example_skip_dag.py
[2023-07-08T18:20:38.863-0400] {processor.py:743} INFO - Processing file /Users/admin/opt/anaconda3/envs/python-airflow-venv/lib/python3.10/site-packages/airflow/example_dags/example_skip_dag.py for tasks to queue
[2023-07-08T18:20:38.864-0400] {logging_mixin.py:137} INFO - [2023-07-08T18:20:38.864-0400] {dagbag.py:538} INFO - Filling up the DagBag from /Users/admin/opt/anaconda3/envs/python-airflow-venv/lib/python3.10/site-packages/airflow/example_dags/example_skip_dag.py
[2023-07-08T18:20:38.930-0400] {processor.py:753} INFO - DAG(s) dict_keys(['example_skip_dag']) retrieved from /Users/admin/opt/anaconda3/envs/python-airflow-venv/lib/python3.10/site-packages/airflow/example_dags/example_skip_dag.py
[2023-07-08T18:20:39.003-0400] {logging_mixin.py:137} WARNING - /Users/admin/opt/anaconda3/envs/python-airflow-venv/lib/python3.10/site-packages/airflow/jobs/scheduler_job.py:124 DeprecationWarning: The processor_poll_interval option in [scheduler] has been renamed to scheduler_idle_sleep_time - the old setting has been used, but please update your config.
[2023-07-08T18:20:39.780-0400] {logging_mixin.py:137} INFO - [2023-07-08T18:20:39.780-0400] {dag.py:2690} INFO - Sync 1 DAGs
[2023-07-08T18:20:39.798-0400] {logging_mixin.py:137} INFO - [2023-07-08T18:20:39.798-0400] {dag.py:3437} INFO - Setting next_dagrun for example_skip_dag to 2023-07-07T22:20:39.798507+00:00, run_after=2023-07-08T22:20:39.798507+00:00
[2023-07-08T18:20:39.818-0400] {processor.py:175} INFO - Processing /Users/admin/opt/anaconda3/envs/python-airflow-venv/lib/python3.10/site-packages/airflow/example_dags/example_skip_dag.py took 0.965 seconds
[2023-07-08T18:22:38.213-0400] {logging_mixin.py:137} WARNING - /Users/admin/opt/anaconda3/envs/python-airflow-venv/lib/python3.10/site-packages/airflow/settings.py:337 DeprecationWarning: The sql_alchemy_pool_enabled option in [core] has been moved to the sql_alchemy_pool_enabled option in [database] - the old setting has been used, but please update your config.
[2023-07-08T18:22:38.218-0400] {logging_mixin.py:137} WARNING - /Users/admin/opt/anaconda3/envs/python-airflow-venv/lib/python3.10/site-packages/airflow/settings.py:400 DeprecationWarning: The sql_engine_encoding option in [core] has been moved to the sql_engine_encoding option in [database] - the old setting has been used, but please update your config.
[2023-07-08T18:22:38.218-0400] {processor.py:153} INFO - Started process (PID=20320) to work on /Users/admin/opt/anaconda3/envs/python-airflow-venv/lib/python3.10/site-packages/airflow/example_dags/example_skip_dag.py
[2023-07-08T18:22:38.219-0400] {processor.py:743} INFO - Processing file /Users/admin/opt/anaconda3/envs/python-airflow-venv/lib/python3.10/site-packages/airflow/example_dags/example_skip_dag.py for tasks to queue
[2023-07-08T18:22:38.219-0400] {logging_mixin.py:137} INFO - [2023-07-08T18:22:38.219-0400] {dagbag.py:538} INFO - Filling up the DagBag from /Users/admin/opt/anaconda3/envs/python-airflow-venv/lib/python3.10/site-packages/airflow/example_dags/example_skip_dag.py
[2023-07-08T18:22:38.262-0400] {processor.py:753} INFO - DAG(s) dict_keys(['example_skip_dag']) retrieved from /Users/admin/opt/anaconda3/envs/python-airflow-venv/lib/python3.10/site-packages/airflow/example_dags/example_skip_dag.py
[2023-07-08T18:22:38.316-0400] {logging_mixin.py:137} WARNING - /Users/admin/opt/anaconda3/envs/python-airflow-venv/lib/python3.10/site-packages/airflow/jobs/scheduler_job.py:124 DeprecationWarning: The processor_poll_interval option in [scheduler] has been renamed to scheduler_idle_sleep_time - the old setting has been used, but please update your config.
[2023-07-08T18:22:38.898-0400] {logging_mixin.py:137} INFO - [2023-07-08T18:22:38.898-0400] {dag.py:2690} INFO - Sync 1 DAGs
[2023-07-08T18:22:38.912-0400] {logging_mixin.py:137} INFO - [2023-07-08T18:22:38.912-0400] {dag.py:3437} INFO - Setting next_dagrun for example_skip_dag to 2023-07-07T22:22:38.912403+00:00, run_after=2023-07-08T22:22:38.912403+00:00
[2023-07-08T18:22:38.928-0400] {processor.py:175} INFO - Processing /Users/admin/opt/anaconda3/envs/python-airflow-venv/lib/python3.10/site-packages/airflow/example_dags/example_skip_dag.py took 0.716 seconds
[2023-07-08T18:24:36.021-0400] {logging_mixin.py:137} WARNING - /Users/admin/opt/anaconda3/envs/python-airflow-venv/lib/python3.10/site-packages/airflow/settings.py:337 DeprecationWarning: The sql_alchemy_pool_enabled option in [core] has been moved to the sql_alchemy_pool_enabled option in [database] - the old setting has been used, but please update your config.
[2023-07-08T18:24:36.025-0400] {logging_mixin.py:137} WARNING - /Users/admin/opt/anaconda3/envs/python-airflow-venv/lib/python3.10/site-packages/airflow/settings.py:400 DeprecationWarning: The sql_engine_encoding option in [core] has been moved to the sql_engine_encoding option in [database] - the old setting has been used, but please update your config.
[2023-07-08T18:24:36.026-0400] {processor.py:153} INFO - Started process (PID=20378) to work on /Users/admin/opt/anaconda3/envs/python-airflow-venv/lib/python3.10/site-packages/airflow/example_dags/example_skip_dag.py
[2023-07-08T18:24:36.026-0400] {processor.py:743} INFO - Processing file /Users/admin/opt/anaconda3/envs/python-airflow-venv/lib/python3.10/site-packages/airflow/example_dags/example_skip_dag.py for tasks to queue
[2023-07-08T18:24:36.027-0400] {logging_mixin.py:137} INFO - [2023-07-08T18:24:36.027-0400] {dagbag.py:538} INFO - Filling up the DagBag from /Users/admin/opt/anaconda3/envs/python-airflow-venv/lib/python3.10/site-packages/airflow/example_dags/example_skip_dag.py
[2023-07-08T18:24:36.073-0400] {processor.py:753} INFO - DAG(s) dict_keys(['example_skip_dag']) retrieved from /Users/admin/opt/anaconda3/envs/python-airflow-venv/lib/python3.10/site-packages/airflow/example_dags/example_skip_dag.py
[2023-07-08T18:24:36.129-0400] {logging_mixin.py:137} WARNING - /Users/admin/opt/anaconda3/envs/python-airflow-venv/lib/python3.10/site-packages/airflow/jobs/scheduler_job.py:124 DeprecationWarning: The processor_poll_interval option in [scheduler] has been renamed to scheduler_idle_sleep_time - the old setting has been used, but please update your config.
[2023-07-08T18:24:36.710-0400] {logging_mixin.py:137} INFO - [2023-07-08T18:24:36.710-0400] {dag.py:2690} INFO - Sync 1 DAGs
[2023-07-08T18:24:36.724-0400] {logging_mixin.py:137} INFO - [2023-07-08T18:24:36.724-0400] {dag.py:3437} INFO - Setting next_dagrun for example_skip_dag to 2023-07-07T22:24:36.724226+00:00, run_after=2023-07-08T22:24:36.724226+00:00
[2023-07-08T18:24:36.744-0400] {processor.py:175} INFO - Processing /Users/admin/opt/anaconda3/envs/python-airflow-venv/lib/python3.10/site-packages/airflow/example_dags/example_skip_dag.py took 0.724 seconds
[2023-07-08T18:26:43.893-0400] {logging_mixin.py:137} WARNING - /Users/admin/opt/anaconda3/envs/python-airflow-venv/lib/python3.10/site-packages/airflow/settings.py:337 DeprecationWarning: The sql_alchemy_pool_enabled option in [core] has been moved to the sql_alchemy_pool_enabled option in [database] - the old setting has been used, but please update your config.
[2023-07-08T18:26:43.898-0400] {logging_mixin.py:137} WARNING - /Users/admin/opt/anaconda3/envs/python-airflow-venv/lib/python3.10/site-packages/airflow/settings.py:400 DeprecationWarning: The sql_engine_encoding option in [core] has been moved to the sql_engine_encoding option in [database] - the old setting has been used, but please update your config.
[2023-07-08T18:26:43.899-0400] {processor.py:153} INFO - Started process (PID=20438) to work on /Users/admin/opt/anaconda3/envs/python-airflow-venv/lib/python3.10/site-packages/airflow/example_dags/example_skip_dag.py
[2023-07-08T18:26:43.899-0400] {processor.py:743} INFO - Processing file /Users/admin/opt/anaconda3/envs/python-airflow-venv/lib/python3.10/site-packages/airflow/example_dags/example_skip_dag.py for tasks to queue
[2023-07-08T18:26:43.899-0400] {logging_mixin.py:137} INFO - [2023-07-08T18:26:43.899-0400] {dagbag.py:538} INFO - Filling up the DagBag from /Users/admin/opt/anaconda3/envs/python-airflow-venv/lib/python3.10/site-packages/airflow/example_dags/example_skip_dag.py
[2023-07-08T18:26:43.949-0400] {processor.py:753} INFO - DAG(s) dict_keys(['example_skip_dag']) retrieved from /Users/admin/opt/anaconda3/envs/python-airflow-venv/lib/python3.10/site-packages/airflow/example_dags/example_skip_dag.py
[2023-07-08T18:26:44.011-0400] {logging_mixin.py:137} WARNING - /Users/admin/opt/anaconda3/envs/python-airflow-venv/lib/python3.10/site-packages/airflow/jobs/scheduler_job.py:124 DeprecationWarning: The processor_poll_interval option in [scheduler] has been renamed to scheduler_idle_sleep_time - the old setting has been used, but please update your config.
[2023-07-08T18:26:44.681-0400] {logging_mixin.py:137} INFO - [2023-07-08T18:26:44.681-0400] {dag.py:2690} INFO - Sync 1 DAGs
[2023-07-08T18:26:44.700-0400] {logging_mixin.py:137} INFO - [2023-07-08T18:26:44.700-0400] {dag.py:3437} INFO - Setting next_dagrun for example_skip_dag to 2023-07-07T22:26:44.699881+00:00, run_after=2023-07-08T22:26:44.699881+00:00
[2023-07-08T18:26:44.722-0400] {processor.py:175} INFO - Processing /Users/admin/opt/anaconda3/envs/python-airflow-venv/lib/python3.10/site-packages/airflow/example_dags/example_skip_dag.py took 0.830 seconds
[2023-07-08T18:28:54.059-0400] {logging_mixin.py:137} WARNING - /Users/admin/opt/anaconda3/envs/python-airflow-venv/lib/python3.10/site-packages/airflow/settings.py:337 DeprecationWarning: The sql_alchemy_pool_enabled option in [core] has been moved to the sql_alchemy_pool_enabled option in [database] - the old setting has been used, but please update your config.
[2023-07-08T18:28:54.065-0400] {logging_mixin.py:137} WARNING - /Users/admin/opt/anaconda3/envs/python-airflow-venv/lib/python3.10/site-packages/airflow/settings.py:400 DeprecationWarning: The sql_engine_encoding option in [core] has been moved to the sql_engine_encoding option in [database] - the old setting has been used, but please update your config.
[2023-07-08T18:28:54.066-0400] {processor.py:153} INFO - Started process (PID=20496) to work on /Users/admin/opt/anaconda3/envs/python-airflow-venv/lib/python3.10/site-packages/airflow/example_dags/example_skip_dag.py
[2023-07-08T18:28:54.066-0400] {processor.py:743} INFO - Processing file /Users/admin/opt/anaconda3/envs/python-airflow-venv/lib/python3.10/site-packages/airflow/example_dags/example_skip_dag.py for tasks to queue
[2023-07-08T18:28:54.066-0400] {logging_mixin.py:137} INFO - [2023-07-08T18:28:54.066-0400] {dagbag.py:538} INFO - Filling up the DagBag from /Users/admin/opt/anaconda3/envs/python-airflow-venv/lib/python3.10/site-packages/airflow/example_dags/example_skip_dag.py
[2023-07-08T18:28:54.115-0400] {processor.py:753} INFO - DAG(s) dict_keys(['example_skip_dag']) retrieved from /Users/admin/opt/anaconda3/envs/python-airflow-venv/lib/python3.10/site-packages/airflow/example_dags/example_skip_dag.py
[2023-07-08T18:28:54.183-0400] {logging_mixin.py:137} WARNING - /Users/admin/opt/anaconda3/envs/python-airflow-venv/lib/python3.10/site-packages/airflow/jobs/scheduler_job.py:124 DeprecationWarning: The processor_poll_interval option in [scheduler] has been renamed to scheduler_idle_sleep_time - the old setting has been used, but please update your config.
[2023-07-08T18:28:54.814-0400] {logging_mixin.py:137} INFO - [2023-07-08T18:28:54.814-0400] {dag.py:2690} INFO - Sync 1 DAGs
[2023-07-08T18:28:54.829-0400] {logging_mixin.py:137} INFO - [2023-07-08T18:28:54.829-0400] {dag.py:3437} INFO - Setting next_dagrun for example_skip_dag to 2023-07-07T22:28:54.829442+00:00, run_after=2023-07-08T22:28:54.829442+00:00
[2023-07-08T18:28:54.848-0400] {processor.py:175} INFO - Processing /Users/admin/opt/anaconda3/envs/python-airflow-venv/lib/python3.10/site-packages/airflow/example_dags/example_skip_dag.py took 0.790 seconds
[2023-07-08T18:31:05.108-0400] {logging_mixin.py:137} WARNING - /Users/admin/opt/anaconda3/envs/python-airflow-venv/lib/python3.10/site-packages/airflow/settings.py:337 DeprecationWarning: The sql_alchemy_pool_enabled option in [core] has been moved to the sql_alchemy_pool_enabled option in [database] - the old setting has been used, but please update your config.
[2023-07-08T18:31:05.116-0400] {logging_mixin.py:137} WARNING - /Users/admin/opt/anaconda3/envs/python-airflow-venv/lib/python3.10/site-packages/airflow/settings.py:400 DeprecationWarning: The sql_engine_encoding option in [core] has been moved to the sql_engine_encoding option in [database] - the old setting has been used, but please update your config.
[2023-07-08T18:31:05.117-0400] {processor.py:153} INFO - Started process (PID=20555) to work on /Users/admin/opt/anaconda3/envs/python-airflow-venv/lib/python3.10/site-packages/airflow/example_dags/example_skip_dag.py
[2023-07-08T18:31:05.117-0400] {processor.py:743} INFO - Processing file /Users/admin/opt/anaconda3/envs/python-airflow-venv/lib/python3.10/site-packages/airflow/example_dags/example_skip_dag.py for tasks to queue
[2023-07-08T18:31:05.117-0400] {logging_mixin.py:137} INFO - [2023-07-08T18:31:05.117-0400] {dagbag.py:538} INFO - Filling up the DagBag from /Users/admin/opt/anaconda3/envs/python-airflow-venv/lib/python3.10/site-packages/airflow/example_dags/example_skip_dag.py
[2023-07-08T18:31:05.177-0400] {processor.py:753} INFO - DAG(s) dict_keys(['example_skip_dag']) retrieved from /Users/admin/opt/anaconda3/envs/python-airflow-venv/lib/python3.10/site-packages/airflow/example_dags/example_skip_dag.py
[2023-07-08T18:31:05.247-0400] {logging_mixin.py:137} WARNING - /Users/admin/opt/anaconda3/envs/python-airflow-venv/lib/python3.10/site-packages/airflow/jobs/scheduler_job.py:124 DeprecationWarning: The processor_poll_interval option in [scheduler] has been renamed to scheduler_idle_sleep_time - the old setting has been used, but please update your config.
[2023-07-08T18:31:05.932-0400] {logging_mixin.py:137} INFO - [2023-07-08T18:31:05.932-0400] {dag.py:2690} INFO - Sync 1 DAGs
[2023-07-08T18:31:05.948-0400] {logging_mixin.py:137} INFO - [2023-07-08T18:31:05.948-0400] {dag.py:3437} INFO - Setting next_dagrun for example_skip_dag to 2023-07-07T22:31:05.948348+00:00, run_after=2023-07-08T22:31:05.948348+00:00
[2023-07-08T18:31:05.967-0400] {processor.py:175} INFO - Processing /Users/admin/opt/anaconda3/envs/python-airflow-venv/lib/python3.10/site-packages/airflow/example_dags/example_skip_dag.py took 0.860 seconds
[2023-07-08T18:33:13.887-0400] {logging_mixin.py:137} WARNING - /Users/admin/opt/anaconda3/envs/python-airflow-venv/lib/python3.10/site-packages/airflow/settings.py:337 DeprecationWarning: The sql_alchemy_pool_enabled option in [core] has been moved to the sql_alchemy_pool_enabled option in [database] - the old setting has been used, but please update your config.
[2023-07-08T18:33:13.892-0400] {logging_mixin.py:137} WARNING - /Users/admin/opt/anaconda3/envs/python-airflow-venv/lib/python3.10/site-packages/airflow/settings.py:400 DeprecationWarning: The sql_engine_encoding option in [core] has been moved to the sql_engine_encoding option in [database] - the old setting has been used, but please update your config.
[2023-07-08T18:33:13.892-0400] {processor.py:153} INFO - Started process (PID=20624) to work on /Users/admin/opt/anaconda3/envs/python-airflow-venv/lib/python3.10/site-packages/airflow/example_dags/example_skip_dag.py
[2023-07-08T18:33:13.893-0400] {processor.py:743} INFO - Processing file /Users/admin/opt/anaconda3/envs/python-airflow-venv/lib/python3.10/site-packages/airflow/example_dags/example_skip_dag.py for tasks to queue
[2023-07-08T18:33:13.893-0400] {logging_mixin.py:137} INFO - [2023-07-08T18:33:13.893-0400] {dagbag.py:538} INFO - Filling up the DagBag from /Users/admin/opt/anaconda3/envs/python-airflow-venv/lib/python3.10/site-packages/airflow/example_dags/example_skip_dag.py
[2023-07-08T18:33:13.937-0400] {processor.py:753} INFO - DAG(s) dict_keys(['example_skip_dag']) retrieved from /Users/admin/opt/anaconda3/envs/python-airflow-venv/lib/python3.10/site-packages/airflow/example_dags/example_skip_dag.py
[2023-07-08T18:33:13.991-0400] {logging_mixin.py:137} WARNING - /Users/admin/opt/anaconda3/envs/python-airflow-venv/lib/python3.10/site-packages/airflow/jobs/scheduler_job.py:124 DeprecationWarning: The processor_poll_interval option in [scheduler] has been renamed to scheduler_idle_sleep_time - the old setting has been used, but please update your config.
[2023-07-08T18:33:14.576-0400] {logging_mixin.py:137} INFO - [2023-07-08T18:33:14.576-0400] {dag.py:2690} INFO - Sync 1 DAGs
[2023-07-08T18:33:14.590-0400] {logging_mixin.py:137} INFO - [2023-07-08T18:33:14.590-0400] {dag.py:3437} INFO - Setting next_dagrun for example_skip_dag to 2023-07-07T22:33:14.589964+00:00, run_after=2023-07-08T22:33:14.589964+00:00
[2023-07-08T18:33:14.606-0400] {processor.py:175} INFO - Processing /Users/admin/opt/anaconda3/envs/python-airflow-venv/lib/python3.10/site-packages/airflow/example_dags/example_skip_dag.py took 0.720 seconds
[2023-07-08T18:35:15.703-0400] {logging_mixin.py:137} WARNING - /Users/admin/opt/anaconda3/envs/python-airflow-venv/lib/python3.10/site-packages/airflow/settings.py:337 DeprecationWarning: The sql_alchemy_pool_enabled option in [core] has been moved to the sql_alchemy_pool_enabled option in [database] - the old setting has been used, but please update your config.
[2023-07-08T18:35:15.708-0400] {logging_mixin.py:137} WARNING - /Users/admin/opt/anaconda3/envs/python-airflow-venv/lib/python3.10/site-packages/airflow/settings.py:400 DeprecationWarning: The sql_engine_encoding option in [core] has been moved to the sql_engine_encoding option in [database] - the old setting has been used, but please update your config.
[2023-07-08T18:35:15.709-0400] {processor.py:153} INFO - Started process (PID=20682) to work on /Users/admin/opt/anaconda3/envs/python-airflow-venv/lib/python3.10/site-packages/airflow/example_dags/example_skip_dag.py
[2023-07-08T18:35:15.709-0400] {processor.py:743} INFO - Processing file /Users/admin/opt/anaconda3/envs/python-airflow-venv/lib/python3.10/site-packages/airflow/example_dags/example_skip_dag.py for tasks to queue
[2023-07-08T18:35:15.709-0400] {logging_mixin.py:137} INFO - [2023-07-08T18:35:15.709-0400] {dagbag.py:538} INFO - Filling up the DagBag from /Users/admin/opt/anaconda3/envs/python-airflow-venv/lib/python3.10/site-packages/airflow/example_dags/example_skip_dag.py
[2023-07-08T18:35:15.753-0400] {processor.py:753} INFO - DAG(s) dict_keys(['example_skip_dag']) retrieved from /Users/admin/opt/anaconda3/envs/python-airflow-venv/lib/python3.10/site-packages/airflow/example_dags/example_skip_dag.py
[2023-07-08T18:35:15.808-0400] {logging_mixin.py:137} WARNING - /Users/admin/opt/anaconda3/envs/python-airflow-venv/lib/python3.10/site-packages/airflow/jobs/scheduler_job.py:124 DeprecationWarning: The processor_poll_interval option in [scheduler] has been renamed to scheduler_idle_sleep_time - the old setting has been used, but please update your config.
[2023-07-08T18:35:16.398-0400] {logging_mixin.py:137} INFO - [2023-07-08T18:35:16.398-0400] {dag.py:2690} INFO - Sync 1 DAGs
[2023-07-08T18:35:16.412-0400] {logging_mixin.py:137} INFO - [2023-07-08T18:35:16.412-0400] {dag.py:3437} INFO - Setting next_dagrun for example_skip_dag to 2023-07-07T22:35:16.412574+00:00, run_after=2023-07-08T22:35:16.412574+00:00
[2023-07-08T18:35:16.432-0400] {processor.py:175} INFO - Processing /Users/admin/opt/anaconda3/envs/python-airflow-venv/lib/python3.10/site-packages/airflow/example_dags/example_skip_dag.py took 0.729 seconds
[2023-07-08T19:03:17.125-0400] {logging_mixin.py:137} WARNING - /Users/admin/opt/anaconda3/envs/python-airflow-venv/lib/python3.10/site-packages/airflow/settings.py:337 DeprecationWarning: The sql_alchemy_pool_enabled option in [core] has been moved to the sql_alchemy_pool_enabled option in [database] - the old setting has been used, but please update your config.
[2023-07-08T19:03:17.130-0400] {logging_mixin.py:137} WARNING - /Users/admin/opt/anaconda3/envs/python-airflow-venv/lib/python3.10/site-packages/airflow/settings.py:400 DeprecationWarning: The sql_engine_encoding option in [core] has been moved to the sql_engine_encoding option in [database] - the old setting has been used, but please update your config.
[2023-07-08T19:03:17.130-0400] {processor.py:153} INFO - Started process (PID=20752) to work on /Users/admin/opt/anaconda3/envs/python-airflow-venv/lib/python3.10/site-packages/airflow/example_dags/example_skip_dag.py
[2023-07-08T19:03:17.131-0400] {processor.py:743} INFO - Processing file /Users/admin/opt/anaconda3/envs/python-airflow-venv/lib/python3.10/site-packages/airflow/example_dags/example_skip_dag.py for tasks to queue
[2023-07-08T19:03:17.131-0400] {logging_mixin.py:137} INFO - [2023-07-08T19:03:17.131-0400] {dagbag.py:538} INFO - Filling up the DagBag from /Users/admin/opt/anaconda3/envs/python-airflow-venv/lib/python3.10/site-packages/airflow/example_dags/example_skip_dag.py
[2023-07-08T19:03:17.176-0400] {processor.py:753} INFO - DAG(s) dict_keys(['example_skip_dag']) retrieved from /Users/admin/opt/anaconda3/envs/python-airflow-venv/lib/python3.10/site-packages/airflow/example_dags/example_skip_dag.py
[2023-07-08T19:03:17.232-0400] {logging_mixin.py:137} WARNING - /Users/admin/opt/anaconda3/envs/python-airflow-venv/lib/python3.10/site-packages/airflow/jobs/scheduler_job.py:124 DeprecationWarning: The processor_poll_interval option in [scheduler] has been renamed to scheduler_idle_sleep_time - the old setting has been used, but please update your config.
[2023-07-08T19:03:17.829-0400] {logging_mixin.py:137} INFO - [2023-07-08T19:03:17.828-0400] {dag.py:2690} INFO - Sync 1 DAGs
[2023-07-08T19:03:17.842-0400] {logging_mixin.py:137} INFO - [2023-07-08T19:03:17.842-0400] {dag.py:3437} INFO - Setting next_dagrun for example_skip_dag to 2023-07-07T23:03:17.842723+00:00, run_after=2023-07-08T23:03:17.842723+00:00
[2023-07-08T19:03:17.860-0400] {processor.py:175} INFO - Processing /Users/admin/opt/anaconda3/envs/python-airflow-venv/lib/python3.10/site-packages/airflow/example_dags/example_skip_dag.py took 0.736 seconds
[2023-07-08T19:05:15.368-0400] {logging_mixin.py:137} WARNING - /Users/admin/opt/anaconda3/envs/python-airflow-venv/lib/python3.10/site-packages/airflow/settings.py:337 DeprecationWarning: The sql_alchemy_pool_enabled option in [core] has been moved to the sql_alchemy_pool_enabled option in [database] - the old setting has been used, but please update your config.
[2023-07-08T19:05:15.372-0400] {logging_mixin.py:137} WARNING - /Users/admin/opt/anaconda3/envs/python-airflow-venv/lib/python3.10/site-packages/airflow/settings.py:400 DeprecationWarning: The sql_engine_encoding option in [core] has been moved to the sql_engine_encoding option in [database] - the old setting has been used, but please update your config.
[2023-07-08T19:05:15.373-0400] {processor.py:153} INFO - Started process (PID=20809) to work on /Users/admin/opt/anaconda3/envs/python-airflow-venv/lib/python3.10/site-packages/airflow/example_dags/example_skip_dag.py
[2023-07-08T19:05:15.373-0400] {processor.py:743} INFO - Processing file /Users/admin/opt/anaconda3/envs/python-airflow-venv/lib/python3.10/site-packages/airflow/example_dags/example_skip_dag.py for tasks to queue
[2023-07-08T19:05:15.373-0400] {logging_mixin.py:137} INFO - [2023-07-08T19:05:15.373-0400] {dagbag.py:538} INFO - Filling up the DagBag from /Users/admin/opt/anaconda3/envs/python-airflow-venv/lib/python3.10/site-packages/airflow/example_dags/example_skip_dag.py
[2023-07-08T19:05:15.417-0400] {processor.py:753} INFO - DAG(s) dict_keys(['example_skip_dag']) retrieved from /Users/admin/opt/anaconda3/envs/python-airflow-venv/lib/python3.10/site-packages/airflow/example_dags/example_skip_dag.py
[2023-07-08T19:05:15.471-0400] {logging_mixin.py:137} WARNING - /Users/admin/opt/anaconda3/envs/python-airflow-venv/lib/python3.10/site-packages/airflow/jobs/scheduler_job.py:124 DeprecationWarning: The processor_poll_interval option in [scheduler] has been renamed to scheduler_idle_sleep_time - the old setting has been used, but please update your config.
[2023-07-08T19:05:16.059-0400] {logging_mixin.py:137} INFO - [2023-07-08T19:05:16.059-0400] {dag.py:2690} INFO - Sync 1 DAGs
[2023-07-08T19:05:16.073-0400] {logging_mixin.py:137} INFO - [2023-07-08T19:05:16.073-0400] {dag.py:3437} INFO - Setting next_dagrun for example_skip_dag to 2023-07-07T23:05:16.073459+00:00, run_after=2023-07-08T23:05:16.073459+00:00
[2023-07-08T19:05:16.093-0400] {processor.py:175} INFO - Processing /Users/admin/opt/anaconda3/envs/python-airflow-venv/lib/python3.10/site-packages/airflow/example_dags/example_skip_dag.py took 0.726 seconds
[2023-07-08T19:07:16.280-0400] {logging_mixin.py:137} WARNING - /Users/admin/opt/anaconda3/envs/python-airflow-venv/lib/python3.10/site-packages/airflow/settings.py:337 DeprecationWarning: The sql_alchemy_pool_enabled option in [core] has been moved to the sql_alchemy_pool_enabled option in [database] - the old setting has been used, but please update your config.
[2023-07-08T19:07:16.285-0400] {logging_mixin.py:137} WARNING - /Users/admin/opt/anaconda3/envs/python-airflow-venv/lib/python3.10/site-packages/airflow/settings.py:400 DeprecationWarning: The sql_engine_encoding option in [core] has been moved to the sql_engine_encoding option in [database] - the old setting has been used, but please update your config.
[2023-07-08T19:07:16.285-0400] {processor.py:153} INFO - Started process (PID=20869) to work on /Users/admin/opt/anaconda3/envs/python-airflow-venv/lib/python3.10/site-packages/airflow/example_dags/example_skip_dag.py
[2023-07-08T19:07:16.286-0400] {processor.py:743} INFO - Processing file /Users/admin/opt/anaconda3/envs/python-airflow-venv/lib/python3.10/site-packages/airflow/example_dags/example_skip_dag.py for tasks to queue
[2023-07-08T19:07:16.286-0400] {logging_mixin.py:137} INFO - [2023-07-08T19:07:16.286-0400] {dagbag.py:538} INFO - Filling up the DagBag from /Users/admin/opt/anaconda3/envs/python-airflow-venv/lib/python3.10/site-packages/airflow/example_dags/example_skip_dag.py
[2023-07-08T19:07:16.329-0400] {processor.py:753} INFO - DAG(s) dict_keys(['example_skip_dag']) retrieved from /Users/admin/opt/anaconda3/envs/python-airflow-venv/lib/python3.10/site-packages/airflow/example_dags/example_skip_dag.py
[2023-07-08T19:07:16.383-0400] {logging_mixin.py:137} WARNING - /Users/admin/opt/anaconda3/envs/python-airflow-venv/lib/python3.10/site-packages/airflow/jobs/scheduler_job.py:124 DeprecationWarning: The processor_poll_interval option in [scheduler] has been renamed to scheduler_idle_sleep_time - the old setting has been used, but please update your config.
[2023-07-08T19:07:16.976-0400] {logging_mixin.py:137} INFO - [2023-07-08T19:07:16.976-0400] {dag.py:2690} INFO - Sync 1 DAGs
[2023-07-08T19:07:16.990-0400] {logging_mixin.py:137} INFO - [2023-07-08T19:07:16.990-0400] {dag.py:3437} INFO - Setting next_dagrun for example_skip_dag to 2023-07-07T23:07:16.990123+00:00, run_after=2023-07-08T23:07:16.990123+00:00
[2023-07-08T19:07:17.006-0400] {processor.py:175} INFO - Processing /Users/admin/opt/anaconda3/envs/python-airflow-venv/lib/python3.10/site-packages/airflow/example_dags/example_skip_dag.py took 0.726 seconds
[2023-07-08T19:09:18.437-0400] {logging_mixin.py:137} WARNING - /Users/admin/opt/anaconda3/envs/python-airflow-venv/lib/python3.10/site-packages/airflow/settings.py:337 DeprecationWarning: The sql_alchemy_pool_enabled option in [core] has been moved to the sql_alchemy_pool_enabled option in [database] - the old setting has been used, but please update your config.
[2023-07-08T19:09:18.442-0400] {logging_mixin.py:137} WARNING - /Users/admin/opt/anaconda3/envs/python-airflow-venv/lib/python3.10/site-packages/airflow/settings.py:400 DeprecationWarning: The sql_engine_encoding option in [core] has been moved to the sql_engine_encoding option in [database] - the old setting has been used, but please update your config.
[2023-07-08T19:09:18.442-0400] {processor.py:153} INFO - Started process (PID=20925) to work on /Users/admin/opt/anaconda3/envs/python-airflow-venv/lib/python3.10/site-packages/airflow/example_dags/example_skip_dag.py
[2023-07-08T19:09:18.442-0400] {processor.py:743} INFO - Processing file /Users/admin/opt/anaconda3/envs/python-airflow-venv/lib/python3.10/site-packages/airflow/example_dags/example_skip_dag.py for tasks to queue
[2023-07-08T19:09:18.443-0400] {logging_mixin.py:137} INFO - [2023-07-08T19:09:18.443-0400] {dagbag.py:538} INFO - Filling up the DagBag from /Users/admin/opt/anaconda3/envs/python-airflow-venv/lib/python3.10/site-packages/airflow/example_dags/example_skip_dag.py
[2023-07-08T19:09:18.486-0400] {processor.py:753} INFO - DAG(s) dict_keys(['example_skip_dag']) retrieved from /Users/admin/opt/anaconda3/envs/python-airflow-venv/lib/python3.10/site-packages/airflow/example_dags/example_skip_dag.py
[2023-07-08T19:09:18.545-0400] {logging_mixin.py:137} WARNING - /Users/admin/opt/anaconda3/envs/python-airflow-venv/lib/python3.10/site-packages/airflow/jobs/scheduler_job.py:124 DeprecationWarning: The processor_poll_interval option in [scheduler] has been renamed to scheduler_idle_sleep_time - the old setting has been used, but please update your config.
[2023-07-08T19:09:19.197-0400] {logging_mixin.py:137} INFO - [2023-07-08T19:09:19.197-0400] {dag.py:2690} INFO - Sync 1 DAGs
[2023-07-08T19:09:19.214-0400] {logging_mixin.py:137} INFO - [2023-07-08T19:09:19.214-0400] {dag.py:3437} INFO - Setting next_dagrun for example_skip_dag to 2023-07-07T23:09:19.213931+00:00, run_after=2023-07-08T23:09:19.213931+00:00
[2023-07-08T19:09:19.231-0400] {processor.py:175} INFO - Processing /Users/admin/opt/anaconda3/envs/python-airflow-venv/lib/python3.10/site-packages/airflow/example_dags/example_skip_dag.py took 0.795 seconds
[2023-07-08T19:11:19.777-0400] {logging_mixin.py:137} WARNING - /Users/admin/opt/anaconda3/envs/python-airflow-venv/lib/python3.10/site-packages/airflow/settings.py:337 DeprecationWarning: The sql_alchemy_pool_enabled option in [core] has been moved to the sql_alchemy_pool_enabled option in [database] - the old setting has been used, but please update your config.
[2023-07-08T19:11:19.782-0400] {logging_mixin.py:137} WARNING - /Users/admin/opt/anaconda3/envs/python-airflow-venv/lib/python3.10/site-packages/airflow/settings.py:400 DeprecationWarning: The sql_engine_encoding option in [core] has been moved to the sql_engine_encoding option in [database] - the old setting has been used, but please update your config.
[2023-07-08T19:11:19.782-0400] {processor.py:153} INFO - Started process (PID=20981) to work on /Users/admin/opt/anaconda3/envs/python-airflow-venv/lib/python3.10/site-packages/airflow/example_dags/example_skip_dag.py
[2023-07-08T19:11:19.783-0400] {processor.py:743} INFO - Processing file /Users/admin/opt/anaconda3/envs/python-airflow-venv/lib/python3.10/site-packages/airflow/example_dags/example_skip_dag.py for tasks to queue
[2023-07-08T19:11:19.783-0400] {logging_mixin.py:137} INFO - [2023-07-08T19:11:19.783-0400] {dagbag.py:538} INFO - Filling up the DagBag from /Users/admin/opt/anaconda3/envs/python-airflow-venv/lib/python3.10/site-packages/airflow/example_dags/example_skip_dag.py
[2023-07-08T19:11:19.826-0400] {processor.py:753} INFO - DAG(s) dict_keys(['example_skip_dag']) retrieved from /Users/admin/opt/anaconda3/envs/python-airflow-venv/lib/python3.10/site-packages/airflow/example_dags/example_skip_dag.py
[2023-07-08T19:11:19.880-0400] {logging_mixin.py:137} WARNING - /Users/admin/opt/anaconda3/envs/python-airflow-venv/lib/python3.10/site-packages/airflow/jobs/scheduler_job.py:124 DeprecationWarning: The processor_poll_interval option in [scheduler] has been renamed to scheduler_idle_sleep_time - the old setting has been used, but please update your config.
[2023-07-08T19:11:20.463-0400] {logging_mixin.py:137} INFO - [2023-07-08T19:11:20.463-0400] {dag.py:2690} INFO - Sync 1 DAGs
[2023-07-08T19:11:20.478-0400] {logging_mixin.py:137} INFO - [2023-07-08T19:11:20.478-0400] {dag.py:3437} INFO - Setting next_dagrun for example_skip_dag to 2023-07-07T23:11:20.477952+00:00, run_after=2023-07-08T23:11:20.477952+00:00
[2023-07-08T19:11:20.497-0400] {processor.py:175} INFO - Processing /Users/admin/opt/anaconda3/envs/python-airflow-venv/lib/python3.10/site-packages/airflow/example_dags/example_skip_dag.py took 0.721 seconds
[2023-07-08T19:13:18.789-0400] {logging_mixin.py:137} WARNING - /Users/admin/opt/anaconda3/envs/python-airflow-venv/lib/python3.10/site-packages/airflow/settings.py:337 DeprecationWarning: The sql_alchemy_pool_enabled option in [core] has been moved to the sql_alchemy_pool_enabled option in [database] - the old setting has been used, but please update your config.
[2023-07-08T19:13:18.793-0400] {logging_mixin.py:137} WARNING - /Users/admin/opt/anaconda3/envs/python-airflow-venv/lib/python3.10/site-packages/airflow/settings.py:400 DeprecationWarning: The sql_engine_encoding option in [core] has been moved to the sql_engine_encoding option in [database] - the old setting has been used, but please update your config.
[2023-07-08T19:13:18.794-0400] {processor.py:153} INFO - Started process (PID=21039) to work on /Users/admin/opt/anaconda3/envs/python-airflow-venv/lib/python3.10/site-packages/airflow/example_dags/example_skip_dag.py
[2023-07-08T19:13:18.794-0400] {processor.py:743} INFO - Processing file /Users/admin/opt/anaconda3/envs/python-airflow-venv/lib/python3.10/site-packages/airflow/example_dags/example_skip_dag.py for tasks to queue
[2023-07-08T19:13:18.795-0400] {logging_mixin.py:137} INFO - [2023-07-08T19:13:18.795-0400] {dagbag.py:538} INFO - Filling up the DagBag from /Users/admin/opt/anaconda3/envs/python-airflow-venv/lib/python3.10/site-packages/airflow/example_dags/example_skip_dag.py
[2023-07-08T19:13:18.838-0400] {processor.py:753} INFO - DAG(s) dict_keys(['example_skip_dag']) retrieved from /Users/admin/opt/anaconda3/envs/python-airflow-venv/lib/python3.10/site-packages/airflow/example_dags/example_skip_dag.py
[2023-07-08T19:13:18.892-0400] {logging_mixin.py:137} WARNING - /Users/admin/opt/anaconda3/envs/python-airflow-venv/lib/python3.10/site-packages/airflow/jobs/scheduler_job.py:124 DeprecationWarning: The processor_poll_interval option in [scheduler] has been renamed to scheduler_idle_sleep_time - the old setting has been used, but please update your config.
[2023-07-08T19:13:19.476-0400] {logging_mixin.py:137} INFO - [2023-07-08T19:13:19.476-0400] {dag.py:2690} INFO - Sync 1 DAGs
[2023-07-08T19:13:19.490-0400] {logging_mixin.py:137} INFO - [2023-07-08T19:13:19.490-0400] {dag.py:3437} INFO - Setting next_dagrun for example_skip_dag to 2023-07-07T23:13:19.490141+00:00, run_after=2023-07-08T23:13:19.490141+00:00
[2023-07-08T19:13:19.511-0400] {processor.py:175} INFO - Processing /Users/admin/opt/anaconda3/envs/python-airflow-venv/lib/python3.10/site-packages/airflow/example_dags/example_skip_dag.py took 0.723 seconds
[2023-07-08T19:15:17.948-0400] {logging_mixin.py:137} WARNING - /Users/admin/opt/anaconda3/envs/python-airflow-venv/lib/python3.10/site-packages/airflow/settings.py:337 DeprecationWarning: The sql_alchemy_pool_enabled option in [core] has been moved to the sql_alchemy_pool_enabled option in [database] - the old setting has been used, but please update your config.
[2023-07-08T19:15:17.954-0400] {logging_mixin.py:137} WARNING - /Users/admin/opt/anaconda3/envs/python-airflow-venv/lib/python3.10/site-packages/airflow/settings.py:400 DeprecationWarning: The sql_engine_encoding option in [core] has been moved to the sql_engine_encoding option in [database] - the old setting has been used, but please update your config.
[2023-07-08T19:15:17.954-0400] {processor.py:153} INFO - Started process (PID=21095) to work on /Users/admin/opt/anaconda3/envs/python-airflow-venv/lib/python3.10/site-packages/airflow/example_dags/example_skip_dag.py
[2023-07-08T19:15:17.955-0400] {processor.py:743} INFO - Processing file /Users/admin/opt/anaconda3/envs/python-airflow-venv/lib/python3.10/site-packages/airflow/example_dags/example_skip_dag.py for tasks to queue
[2023-07-08T19:15:17.955-0400] {logging_mixin.py:137} INFO - [2023-07-08T19:15:17.955-0400] {dagbag.py:538} INFO - Filling up the DagBag from /Users/admin/opt/anaconda3/envs/python-airflow-venv/lib/python3.10/site-packages/airflow/example_dags/example_skip_dag.py
[2023-07-08T19:15:18.002-0400] {processor.py:753} INFO - DAG(s) dict_keys(['example_skip_dag']) retrieved from /Users/admin/opt/anaconda3/envs/python-airflow-venv/lib/python3.10/site-packages/airflow/example_dags/example_skip_dag.py
[2023-07-08T19:15:18.064-0400] {logging_mixin.py:137} WARNING - /Users/admin/opt/anaconda3/envs/python-airflow-venv/lib/python3.10/site-packages/airflow/jobs/scheduler_job.py:124 DeprecationWarning: The processor_poll_interval option in [scheduler] has been renamed to scheduler_idle_sleep_time - the old setting has been used, but please update your config.
[2023-07-08T19:15:18.802-0400] {logging_mixin.py:137} INFO - [2023-07-08T19:15:18.802-0400] {dag.py:2690} INFO - Sync 1 DAGs
[2023-07-08T19:15:18.818-0400] {logging_mixin.py:137} INFO - [2023-07-08T19:15:18.817-0400] {dag.py:3437} INFO - Setting next_dagrun for example_skip_dag to 2023-07-07T23:15:18.817687+00:00, run_after=2023-07-08T23:15:18.817687+00:00
[2023-07-08T19:15:18.834-0400] {processor.py:175} INFO - Processing /Users/admin/opt/anaconda3/envs/python-airflow-venv/lib/python3.10/site-packages/airflow/example_dags/example_skip_dag.py took 0.887 seconds
