[2023-07-08T16:51:36.862-0400] {logging_mixin.py:137} WARNING - /Users/admin/opt/anaconda3/envs/python-airflow-venv/lib/python3.10/site-packages/airflow/settings.py:337 DeprecationWarning: The sql_alchemy_pool_enabled option in [core] has been moved to the sql_alchemy_pool_enabled option in [database] - the old setting has been used, but please update your config.
[2023-07-08T16:51:36.867-0400] {logging_mixin.py:137} WARNING - /Users/admin/opt/anaconda3/envs/python-airflow-venv/lib/python3.10/site-packages/airflow/settings.py:400 DeprecationWarning: The sql_engine_encoding option in [core] has been moved to the sql_engine_encoding option in [database] - the old setting has been used, but please update your config.
[2023-07-08T16:51:36.867-0400] {processor.py:153} INFO - Started process (PID=19275) to work on /Users/admin/opt/anaconda3/envs/python-airflow-venv/lib/python3.10/site-packages/airflow/example_dags/example_external_task_marker_dag.py
[2023-07-08T16:51:36.867-0400] {processor.py:743} INFO - Processing file /Users/admin/opt/anaconda3/envs/python-airflow-venv/lib/python3.10/site-packages/airflow/example_dags/example_external_task_marker_dag.py for tasks to queue
[2023-07-08T16:51:36.868-0400] {logging_mixin.py:137} INFO - [2023-07-08T16:51:36.868-0400] {dagbag.py:538} INFO - Filling up the DagBag from /Users/admin/opt/anaconda3/envs/python-airflow-venv/lib/python3.10/site-packages/airflow/example_dags/example_external_task_marker_dag.py
[2023-07-08T16:51:36.916-0400] {processor.py:753} INFO - DAG(s) dict_keys(['example_external_task_marker_parent', 'example_external_task_marker_child']) retrieved from /Users/admin/opt/anaconda3/envs/python-airflow-venv/lib/python3.10/site-packages/airflow/example_dags/example_external_task_marker_dag.py
[2023-07-08T16:51:36.971-0400] {logging_mixin.py:137} WARNING - /Users/admin/opt/anaconda3/envs/python-airflow-venv/lib/python3.10/site-packages/airflow/jobs/scheduler_job.py:124 DeprecationWarning: The processor_poll_interval option in [scheduler] has been renamed to scheduler_idle_sleep_time - the old setting has been used, but please update your config.
[2023-07-08T16:51:37.644-0400] {logging_mixin.py:137} INFO - [2023-07-08T16:51:37.644-0400] {dag.py:2690} INFO - Sync 2 DAGs
[2023-07-08T16:51:37.657-0400] {logging_mixin.py:137} INFO - [2023-07-08T16:51:37.657-0400] {dag.py:3437} INFO - Setting next_dagrun for example_external_task_marker_child to None, run_after=None
[2023-07-08T16:51:37.660-0400] {logging_mixin.py:137} INFO - [2023-07-08T16:51:37.660-0400] {dag.py:3437} INFO - Setting next_dagrun for example_external_task_marker_parent to None, run_after=None
[2023-07-08T16:51:37.679-0400] {processor.py:175} INFO - Processing /Users/admin/opt/anaconda3/envs/python-airflow-venv/lib/python3.10/site-packages/airflow/example_dags/example_external_task_marker_dag.py took 0.818 seconds
[2023-07-08T17:55:35.238-0400] {logging_mixin.py:137} WARNING - /Users/admin/opt/anaconda3/envs/python-airflow-venv/lib/python3.10/site-packages/airflow/settings.py:337 DeprecationWarning: The sql_alchemy_pool_enabled option in [core] has been moved to the sql_alchemy_pool_enabled option in [database] - the old setting has been used, but please update your config.
[2023-07-08T17:55:35.242-0400] {logging_mixin.py:137} WARNING - /Users/admin/opt/anaconda3/envs/python-airflow-venv/lib/python3.10/site-packages/airflow/settings.py:400 DeprecationWarning: The sql_engine_encoding option in [core] has been moved to the sql_engine_encoding option in [database] - the old setting has been used, but please update your config.
[2023-07-08T17:55:35.243-0400] {processor.py:153} INFO - Started process (PID=19567) to work on /Users/admin/opt/anaconda3/envs/python-airflow-venv/lib/python3.10/site-packages/airflow/example_dags/example_external_task_marker_dag.py
[2023-07-08T17:55:35.243-0400] {processor.py:743} INFO - Processing file /Users/admin/opt/anaconda3/envs/python-airflow-venv/lib/python3.10/site-packages/airflow/example_dags/example_external_task_marker_dag.py for tasks to queue
[2023-07-08T17:55:35.243-0400] {logging_mixin.py:137} INFO - [2023-07-08T17:55:35.243-0400] {dagbag.py:538} INFO - Filling up the DagBag from /Users/admin/opt/anaconda3/envs/python-airflow-venv/lib/python3.10/site-packages/airflow/example_dags/example_external_task_marker_dag.py
[2023-07-08T17:55:35.309-0400] {processor.py:753} INFO - DAG(s) dict_keys(['example_external_task_marker_child', 'example_external_task_marker_parent']) retrieved from /Users/admin/opt/anaconda3/envs/python-airflow-venv/lib/python3.10/site-packages/airflow/example_dags/example_external_task_marker_dag.py
[2023-07-08T17:55:35.367-0400] {logging_mixin.py:137} WARNING - /Users/admin/opt/anaconda3/envs/python-airflow-venv/lib/python3.10/site-packages/airflow/jobs/scheduler_job.py:124 DeprecationWarning: The processor_poll_interval option in [scheduler] has been renamed to scheduler_idle_sleep_time - the old setting has been used, but please update your config.
[2023-07-08T17:55:36.096-0400] {logging_mixin.py:137} INFO - [2023-07-08T17:55:36.096-0400] {dag.py:2690} INFO - Sync 2 DAGs
[2023-07-08T17:55:36.111-0400] {logging_mixin.py:137} INFO - [2023-07-08T17:55:36.111-0400] {dag.py:3437} INFO - Setting next_dagrun for example_external_task_marker_child to None, run_after=None
[2023-07-08T17:55:36.113-0400] {logging_mixin.py:137} INFO - [2023-07-08T17:55:36.113-0400] {dag.py:3437} INFO - Setting next_dagrun for example_external_task_marker_parent to None, run_after=None
[2023-07-08T17:55:36.128-0400] {processor.py:175} INFO - Processing /Users/admin/opt/anaconda3/envs/python-airflow-venv/lib/python3.10/site-packages/airflow/example_dags/example_external_task_marker_dag.py took 0.891 seconds
[2023-07-08T18:05:22.273-0400] {logging_mixin.py:137} WARNING - /Users/admin/opt/anaconda3/envs/python-airflow-venv/lib/python3.10/site-packages/airflow/settings.py:337 DeprecationWarning: The sql_alchemy_pool_enabled option in [core] has been moved to the sql_alchemy_pool_enabled option in [database] - the old setting has been used, but please update your config.
[2023-07-08T18:05:22.277-0400] {logging_mixin.py:137} WARNING - /Users/admin/opt/anaconda3/envs/python-airflow-venv/lib/python3.10/site-packages/airflow/settings.py:400 DeprecationWarning: The sql_engine_encoding option in [core] has been moved to the sql_engine_encoding option in [database] - the old setting has been used, but please update your config.
[2023-07-08T18:05:22.278-0400] {processor.py:153} INFO - Started process (PID=19738) to work on /Users/admin/opt/anaconda3/envs/python-airflow-venv/lib/python3.10/site-packages/airflow/example_dags/example_external_task_marker_dag.py
[2023-07-08T18:05:22.278-0400] {processor.py:743} INFO - Processing file /Users/admin/opt/anaconda3/envs/python-airflow-venv/lib/python3.10/site-packages/airflow/example_dags/example_external_task_marker_dag.py for tasks to queue
[2023-07-08T18:05:22.279-0400] {logging_mixin.py:137} INFO - [2023-07-08T18:05:22.278-0400] {dagbag.py:538} INFO - Filling up the DagBag from /Users/admin/opt/anaconda3/envs/python-airflow-venv/lib/python3.10/site-packages/airflow/example_dags/example_external_task_marker_dag.py
[2023-07-08T18:05:22.329-0400] {processor.py:753} INFO - DAG(s) dict_keys(['example_external_task_marker_parent', 'example_external_task_marker_child']) retrieved from /Users/admin/opt/anaconda3/envs/python-airflow-venv/lib/python3.10/site-packages/airflow/example_dags/example_external_task_marker_dag.py
[2023-07-08T18:05:22.384-0400] {logging_mixin.py:137} WARNING - /Users/admin/opt/anaconda3/envs/python-airflow-venv/lib/python3.10/site-packages/airflow/jobs/scheduler_job.py:124 DeprecationWarning: The processor_poll_interval option in [scheduler] has been renamed to scheduler_idle_sleep_time - the old setting has been used, but please update your config.
[2023-07-08T18:05:23.122-0400] {logging_mixin.py:137} INFO - [2023-07-08T18:05:23.122-0400] {dag.py:2690} INFO - Sync 2 DAGs
[2023-07-08T18:05:23.136-0400] {logging_mixin.py:137} INFO - [2023-07-08T18:05:23.136-0400] {dag.py:3437} INFO - Setting next_dagrun for example_external_task_marker_child to None, run_after=None
[2023-07-08T18:05:23.139-0400] {logging_mixin.py:137} INFO - [2023-07-08T18:05:23.139-0400] {dag.py:3437} INFO - Setting next_dagrun for example_external_task_marker_parent to None, run_after=None
[2023-07-08T18:05:23.156-0400] {processor.py:175} INFO - Processing /Users/admin/opt/anaconda3/envs/python-airflow-venv/lib/python3.10/site-packages/airflow/example_dags/example_external_task_marker_dag.py took 0.884 seconds
[2023-07-08T18:07:51.927-0400] {logging_mixin.py:137} WARNING - /Users/admin/opt/anaconda3/envs/python-airflow-venv/lib/python3.10/site-packages/airflow/settings.py:337 DeprecationWarning: The sql_alchemy_pool_enabled option in [core] has been moved to the sql_alchemy_pool_enabled option in [database] - the old setting has been used, but please update your config.
[2023-07-08T18:07:51.935-0400] {logging_mixin.py:137} WARNING - /Users/admin/opt/anaconda3/envs/python-airflow-venv/lib/python3.10/site-packages/airflow/settings.py:400 DeprecationWarning: The sql_engine_encoding option in [core] has been moved to the sql_engine_encoding option in [database] - the old setting has been used, but please update your config.
[2023-07-08T18:07:51.940-0400] {processor.py:153} INFO - Started process (PID=19803) to work on /Users/admin/opt/anaconda3/envs/python-airflow-venv/lib/python3.10/site-packages/airflow/example_dags/example_external_task_marker_dag.py
[2023-07-08T18:07:51.940-0400] {processor.py:743} INFO - Processing file /Users/admin/opt/anaconda3/envs/python-airflow-venv/lib/python3.10/site-packages/airflow/example_dags/example_external_task_marker_dag.py for tasks to queue
[2023-07-08T18:07:51.941-0400] {logging_mixin.py:137} INFO - [2023-07-08T18:07:51.941-0400] {dagbag.py:538} INFO - Filling up the DagBag from /Users/admin/opt/anaconda3/envs/python-airflow-venv/lib/python3.10/site-packages/airflow/example_dags/example_external_task_marker_dag.py
[2023-07-08T18:07:52.029-0400] {processor.py:753} INFO - DAG(s) dict_keys(['example_external_task_marker_child', 'example_external_task_marker_parent']) retrieved from /Users/admin/opt/anaconda3/envs/python-airflow-venv/lib/python3.10/site-packages/airflow/example_dags/example_external_task_marker_dag.py
[2023-07-08T18:07:52.255-0400] {logging_mixin.py:137} WARNING - /Users/admin/opt/anaconda3/envs/python-airflow-venv/lib/python3.10/site-packages/airflow/jobs/scheduler_job.py:124 DeprecationWarning: The processor_poll_interval option in [scheduler] has been renamed to scheduler_idle_sleep_time - the old setting has been used, but please update your config.
[2023-07-08T18:07:54.110-0400] {logging_mixin.py:137} INFO - [2023-07-08T18:07:54.110-0400] {dag.py:2690} INFO - Sync 2 DAGs
[2023-07-08T18:07:54.134-0400] {logging_mixin.py:137} INFO - [2023-07-08T18:07:54.133-0400] {dag.py:3437} INFO - Setting next_dagrun for example_external_task_marker_child to None, run_after=None
[2023-07-08T18:07:54.138-0400] {logging_mixin.py:137} INFO - [2023-07-08T18:07:54.138-0400] {dag.py:3437} INFO - Setting next_dagrun for example_external_task_marker_parent to None, run_after=None
[2023-07-08T18:07:54.165-0400] {processor.py:175} INFO - Processing /Users/admin/opt/anaconda3/envs/python-airflow-venv/lib/python3.10/site-packages/airflow/example_dags/example_external_task_marker_dag.py took 2.240 seconds
[2023-07-08T18:12:43.022-0400] {logging_mixin.py:137} WARNING - /Users/admin/opt/anaconda3/envs/python-airflow-venv/lib/python3.10/site-packages/airflow/settings.py:337 DeprecationWarning: The sql_alchemy_pool_enabled option in [core] has been moved to the sql_alchemy_pool_enabled option in [database] - the old setting has been used, but please update your config.
[2023-07-08T18:12:43.027-0400] {logging_mixin.py:137} WARNING - /Users/admin/opt/anaconda3/envs/python-airflow-venv/lib/python3.10/site-packages/airflow/settings.py:400 DeprecationWarning: The sql_engine_encoding option in [core] has been moved to the sql_engine_encoding option in [database] - the old setting has been used, but please update your config.
[2023-07-08T18:12:43.027-0400] {processor.py:153} INFO - Started process (PID=19974) to work on /Users/admin/opt/anaconda3/envs/python-airflow-venv/lib/python3.10/site-packages/airflow/example_dags/example_external_task_marker_dag.py
[2023-07-08T18:12:43.028-0400] {processor.py:743} INFO - Processing file /Users/admin/opt/anaconda3/envs/python-airflow-venv/lib/python3.10/site-packages/airflow/example_dags/example_external_task_marker_dag.py for tasks to queue
[2023-07-08T18:12:43.028-0400] {logging_mixin.py:137} INFO - [2023-07-08T18:12:43.028-0400] {dagbag.py:538} INFO - Filling up the DagBag from /Users/admin/opt/anaconda3/envs/python-airflow-venv/lib/python3.10/site-packages/airflow/example_dags/example_external_task_marker_dag.py
[2023-07-08T18:12:43.085-0400] {processor.py:753} INFO - DAG(s) dict_keys(['example_external_task_marker_child', 'example_external_task_marker_parent']) retrieved from /Users/admin/opt/anaconda3/envs/python-airflow-venv/lib/python3.10/site-packages/airflow/example_dags/example_external_task_marker_dag.py
[2023-07-08T18:12:43.147-0400] {logging_mixin.py:137} WARNING - /Users/admin/opt/anaconda3/envs/python-airflow-venv/lib/python3.10/site-packages/airflow/jobs/scheduler_job.py:124 DeprecationWarning: The processor_poll_interval option in [scheduler] has been renamed to scheduler_idle_sleep_time - the old setting has been used, but please update your config.
[2023-07-08T18:12:44.128-0400] {logging_mixin.py:137} INFO - [2023-07-08T18:12:44.128-0400] {dag.py:2690} INFO - Sync 2 DAGs
[2023-07-08T18:12:44.142-0400] {logging_mixin.py:137} INFO - [2023-07-08T18:12:44.142-0400] {dag.py:3437} INFO - Setting next_dagrun for example_external_task_marker_child to None, run_after=None
[2023-07-08T18:12:44.144-0400] {logging_mixin.py:137} INFO - [2023-07-08T18:12:44.144-0400] {dag.py:3437} INFO - Setting next_dagrun for example_external_task_marker_parent to None, run_after=None
[2023-07-08T18:12:44.161-0400] {processor.py:175} INFO - Processing /Users/admin/opt/anaconda3/envs/python-airflow-venv/lib/python3.10/site-packages/airflow/example_dags/example_external_task_marker_dag.py took 1.140 seconds
[2023-07-08T18:15:09.507-0400] {logging_mixin.py:137} WARNING - /Users/admin/opt/anaconda3/envs/python-airflow-venv/lib/python3.10/site-packages/airflow/settings.py:337 DeprecationWarning: The sql_alchemy_pool_enabled option in [core] has been moved to the sql_alchemy_pool_enabled option in [database] - the old setting has been used, but please update your config.
[2023-07-08T18:15:09.517-0400] {logging_mixin.py:137} WARNING - /Users/admin/opt/anaconda3/envs/python-airflow-venv/lib/python3.10/site-packages/airflow/settings.py:400 DeprecationWarning: The sql_engine_encoding option in [core] has been moved to the sql_engine_encoding option in [database] - the old setting has been used, but please update your config.
[2023-07-08T18:15:09.518-0400] {processor.py:153} INFO - Started process (PID=20049) to work on /Users/admin/opt/anaconda3/envs/python-airflow-venv/lib/python3.10/site-packages/airflow/example_dags/example_external_task_marker_dag.py
[2023-07-08T18:15:09.518-0400] {processor.py:743} INFO - Processing file /Users/admin/opt/anaconda3/envs/python-airflow-venv/lib/python3.10/site-packages/airflow/example_dags/example_external_task_marker_dag.py for tasks to queue
[2023-07-08T18:15:09.519-0400] {logging_mixin.py:137} INFO - [2023-07-08T18:15:09.519-0400] {dagbag.py:538} INFO - Filling up the DagBag from /Users/admin/opt/anaconda3/envs/python-airflow-venv/lib/python3.10/site-packages/airflow/example_dags/example_external_task_marker_dag.py
[2023-07-08T18:15:09.595-0400] {processor.py:753} INFO - DAG(s) dict_keys(['example_external_task_marker_child', 'example_external_task_marker_parent']) retrieved from /Users/admin/opt/anaconda3/envs/python-airflow-venv/lib/python3.10/site-packages/airflow/example_dags/example_external_task_marker_dag.py
[2023-07-08T18:15:09.674-0400] {logging_mixin.py:137} WARNING - /Users/admin/opt/anaconda3/envs/python-airflow-venv/lib/python3.10/site-packages/airflow/jobs/scheduler_job.py:124 DeprecationWarning: The processor_poll_interval option in [scheduler] has been renamed to scheduler_idle_sleep_time - the old setting has been used, but please update your config.
[2023-07-08T18:15:10.887-0400] {logging_mixin.py:137} INFO - [2023-07-08T18:15:10.887-0400] {dag.py:2690} INFO - Sync 2 DAGs
[2023-07-08T18:15:10.901-0400] {logging_mixin.py:137} INFO - [2023-07-08T18:15:10.901-0400] {dag.py:3437} INFO - Setting next_dagrun for example_external_task_marker_child to None, run_after=None
[2023-07-08T18:15:10.903-0400] {logging_mixin.py:137} INFO - [2023-07-08T18:15:10.903-0400] {dag.py:3437} INFO - Setting next_dagrun for example_external_task_marker_parent to None, run_after=None
[2023-07-08T18:15:10.922-0400] {processor.py:175} INFO - Processing /Users/admin/opt/anaconda3/envs/python-airflow-venv/lib/python3.10/site-packages/airflow/example_dags/example_external_task_marker_dag.py took 1.416 seconds
[2023-07-08T18:16:37.743-0400] {logging_mixin.py:137} WARNING - /Users/admin/opt/anaconda3/envs/python-airflow-venv/lib/python3.10/site-packages/airflow/settings.py:337 DeprecationWarning: The sql_alchemy_pool_enabled option in [core] has been moved to the sql_alchemy_pool_enabled option in [database] - the old setting has been used, but please update your config.
[2023-07-08T18:16:37.748-0400] {logging_mixin.py:137} WARNING - /Users/admin/opt/anaconda3/envs/python-airflow-venv/lib/python3.10/site-packages/airflow/settings.py:400 DeprecationWarning: The sql_engine_encoding option in [core] has been moved to the sql_engine_encoding option in [database] - the old setting has been used, but please update your config.
[2023-07-08T18:16:37.749-0400] {processor.py:153} INFO - Started process (PID=20105) to work on /Users/admin/opt/anaconda3/envs/python-airflow-venv/lib/python3.10/site-packages/airflow/example_dags/example_external_task_marker_dag.py
[2023-07-08T18:16:37.749-0400] {processor.py:743} INFO - Processing file /Users/admin/opt/anaconda3/envs/python-airflow-venv/lib/python3.10/site-packages/airflow/example_dags/example_external_task_marker_dag.py for tasks to queue
[2023-07-08T18:16:37.750-0400] {logging_mixin.py:137} INFO - [2023-07-08T18:16:37.750-0400] {dagbag.py:538} INFO - Filling up the DagBag from /Users/admin/opt/anaconda3/envs/python-airflow-venv/lib/python3.10/site-packages/airflow/example_dags/example_external_task_marker_dag.py
[2023-07-08T18:16:37.801-0400] {processor.py:753} INFO - DAG(s) dict_keys(['example_external_task_marker_parent', 'example_external_task_marker_child']) retrieved from /Users/admin/opt/anaconda3/envs/python-airflow-venv/lib/python3.10/site-packages/airflow/example_dags/example_external_task_marker_dag.py
[2023-07-08T18:16:37.862-0400] {logging_mixin.py:137} WARNING - /Users/admin/opt/anaconda3/envs/python-airflow-venv/lib/python3.10/site-packages/airflow/jobs/scheduler_job.py:124 DeprecationWarning: The processor_poll_interval option in [scheduler] has been renamed to scheduler_idle_sleep_time - the old setting has been used, but please update your config.
[2023-07-08T18:16:38.556-0400] {logging_mixin.py:137} INFO - [2023-07-08T18:16:38.556-0400] {dag.py:2690} INFO - Sync 2 DAGs
[2023-07-08T18:16:38.570-0400] {logging_mixin.py:137} INFO - [2023-07-08T18:16:38.570-0400] {dag.py:3437} INFO - Setting next_dagrun for example_external_task_marker_child to None, run_after=None
[2023-07-08T18:16:38.572-0400] {logging_mixin.py:137} INFO - [2023-07-08T18:16:38.572-0400] {dag.py:3437} INFO - Setting next_dagrun for example_external_task_marker_parent to None, run_after=None
[2023-07-08T18:16:38.587-0400] {processor.py:175} INFO - Processing /Users/admin/opt/anaconda3/envs/python-airflow-venv/lib/python3.10/site-packages/airflow/example_dags/example_external_task_marker_dag.py took 0.845 seconds
[2023-07-08T18:18:09.981-0400] {logging_mixin.py:137} WARNING - /Users/admin/opt/anaconda3/envs/python-airflow-venv/lib/python3.10/site-packages/airflow/settings.py:337 DeprecationWarning: The sql_alchemy_pool_enabled option in [core] has been moved to the sql_alchemy_pool_enabled option in [database] - the old setting has been used, but please update your config.
[2023-07-08T18:18:09.986-0400] {logging_mixin.py:137} WARNING - /Users/admin/opt/anaconda3/envs/python-airflow-venv/lib/python3.10/site-packages/airflow/settings.py:400 DeprecationWarning: The sql_engine_encoding option in [core] has been moved to the sql_engine_encoding option in [database] - the old setting has been used, but please update your config.
[2023-07-08T18:18:09.986-0400] {processor.py:153} INFO - Started process (PID=20166) to work on /Users/admin/opt/anaconda3/envs/python-airflow-venv/lib/python3.10/site-packages/airflow/example_dags/example_external_task_marker_dag.py
[2023-07-08T18:18:09.987-0400] {processor.py:743} INFO - Processing file /Users/admin/opt/anaconda3/envs/python-airflow-venv/lib/python3.10/site-packages/airflow/example_dags/example_external_task_marker_dag.py for tasks to queue
[2023-07-08T18:18:09.987-0400] {logging_mixin.py:137} INFO - [2023-07-08T18:18:09.987-0400] {dagbag.py:538} INFO - Filling up the DagBag from /Users/admin/opt/anaconda3/envs/python-airflow-venv/lib/python3.10/site-packages/airflow/example_dags/example_external_task_marker_dag.py
[2023-07-08T18:18:10.034-0400] {processor.py:753} INFO - DAG(s) dict_keys(['example_external_task_marker_child', 'example_external_task_marker_parent']) retrieved from /Users/admin/opt/anaconda3/envs/python-airflow-venv/lib/python3.10/site-packages/airflow/example_dags/example_external_task_marker_dag.py
[2023-07-08T18:18:10.095-0400] {logging_mixin.py:137} WARNING - /Users/admin/opt/anaconda3/envs/python-airflow-venv/lib/python3.10/site-packages/airflow/jobs/scheduler_job.py:124 DeprecationWarning: The processor_poll_interval option in [scheduler] has been renamed to scheduler_idle_sleep_time - the old setting has been used, but please update your config.
[2023-07-08T18:18:10.811-0400] {logging_mixin.py:137} INFO - [2023-07-08T18:18:10.811-0400] {dag.py:2690} INFO - Sync 2 DAGs
[2023-07-08T18:18:10.824-0400] {logging_mixin.py:137} INFO - [2023-07-08T18:18:10.824-0400] {dag.py:3437} INFO - Setting next_dagrun for example_external_task_marker_child to None, run_after=None
[2023-07-08T18:18:10.826-0400] {logging_mixin.py:137} INFO - [2023-07-08T18:18:10.825-0400] {dag.py:3437} INFO - Setting next_dagrun for example_external_task_marker_parent to None, run_after=None
[2023-07-08T18:18:10.842-0400] {processor.py:175} INFO - Processing /Users/admin/opt/anaconda3/envs/python-airflow-venv/lib/python3.10/site-packages/airflow/example_dags/example_external_task_marker_dag.py took 0.862 seconds
[2023-07-08T18:19:33.448-0400] {logging_mixin.py:137} WARNING - /Users/admin/opt/anaconda3/envs/python-airflow-venv/lib/python3.10/site-packages/airflow/settings.py:337 DeprecationWarning: The sql_alchemy_pool_enabled option in [core] has been moved to the sql_alchemy_pool_enabled option in [database] - the old setting has been used, but please update your config.
[2023-07-08T18:19:33.452-0400] {logging_mixin.py:137} WARNING - /Users/admin/opt/anaconda3/envs/python-airflow-venv/lib/python3.10/site-packages/airflow/settings.py:400 DeprecationWarning: The sql_engine_encoding option in [core] has been moved to the sql_engine_encoding option in [database] - the old setting has been used, but please update your config.
[2023-07-08T18:19:33.453-0400] {processor.py:153} INFO - Started process (PID=20220) to work on /Users/admin/opt/anaconda3/envs/python-airflow-venv/lib/python3.10/site-packages/airflow/example_dags/example_external_task_marker_dag.py
[2023-07-08T18:19:33.453-0400] {processor.py:743} INFO - Processing file /Users/admin/opt/anaconda3/envs/python-airflow-venv/lib/python3.10/site-packages/airflow/example_dags/example_external_task_marker_dag.py for tasks to queue
[2023-07-08T18:19:33.453-0400] {logging_mixin.py:137} INFO - [2023-07-08T18:19:33.453-0400] {dagbag.py:538} INFO - Filling up the DagBag from /Users/admin/opt/anaconda3/envs/python-airflow-venv/lib/python3.10/site-packages/airflow/example_dags/example_external_task_marker_dag.py
[2023-07-08T18:19:33.497-0400] {processor.py:753} INFO - DAG(s) dict_keys(['example_external_task_marker_parent', 'example_external_task_marker_child']) retrieved from /Users/admin/opt/anaconda3/envs/python-airflow-venv/lib/python3.10/site-packages/airflow/example_dags/example_external_task_marker_dag.py
[2023-07-08T18:19:33.552-0400] {logging_mixin.py:137} WARNING - /Users/admin/opt/anaconda3/envs/python-airflow-venv/lib/python3.10/site-packages/airflow/jobs/scheduler_job.py:124 DeprecationWarning: The processor_poll_interval option in [scheduler] has been renamed to scheduler_idle_sleep_time - the old setting has been used, but please update your config.
[2023-07-08T18:19:34.255-0400] {logging_mixin.py:137} INFO - [2023-07-08T18:19:34.255-0400] {dag.py:2690} INFO - Sync 2 DAGs
[2023-07-08T18:19:34.280-0400] {logging_mixin.py:137} INFO - [2023-07-08T18:19:34.280-0400] {dag.py:3437} INFO - Setting next_dagrun for example_external_task_marker_child to None, run_after=None
[2023-07-08T18:19:34.283-0400] {logging_mixin.py:137} INFO - [2023-07-08T18:19:34.282-0400] {dag.py:3437} INFO - Setting next_dagrun for example_external_task_marker_parent to None, run_after=None
[2023-07-08T18:19:34.310-0400] {processor.py:175} INFO - Processing /Users/admin/opt/anaconda3/envs/python-airflow-venv/lib/python3.10/site-packages/airflow/example_dags/example_external_task_marker_dag.py took 0.863 seconds
[2023-07-08T18:21:11.422-0400] {logging_mixin.py:137} WARNING - /Users/admin/opt/anaconda3/envs/python-airflow-venv/lib/python3.10/site-packages/airflow/settings.py:337 DeprecationWarning: The sql_alchemy_pool_enabled option in [core] has been moved to the sql_alchemy_pool_enabled option in [database] - the old setting has been used, but please update your config.
[2023-07-08T18:21:11.426-0400] {logging_mixin.py:137} WARNING - /Users/admin/opt/anaconda3/envs/python-airflow-venv/lib/python3.10/site-packages/airflow/settings.py:400 DeprecationWarning: The sql_engine_encoding option in [core] has been moved to the sql_engine_encoding option in [database] - the old setting has been used, but please update your config.
[2023-07-08T18:21:11.427-0400] {processor.py:153} INFO - Started process (PID=20277) to work on /Users/admin/opt/anaconda3/envs/python-airflow-venv/lib/python3.10/site-packages/airflow/example_dags/example_external_task_marker_dag.py
[2023-07-08T18:21:11.427-0400] {processor.py:743} INFO - Processing file /Users/admin/opt/anaconda3/envs/python-airflow-venv/lib/python3.10/site-packages/airflow/example_dags/example_external_task_marker_dag.py for tasks to queue
[2023-07-08T18:21:11.427-0400] {logging_mixin.py:137} INFO - [2023-07-08T18:21:11.427-0400] {dagbag.py:538} INFO - Filling up the DagBag from /Users/admin/opt/anaconda3/envs/python-airflow-venv/lib/python3.10/site-packages/airflow/example_dags/example_external_task_marker_dag.py
[2023-07-08T18:21:11.471-0400] {processor.py:753} INFO - DAG(s) dict_keys(['example_external_task_marker_parent', 'example_external_task_marker_child']) retrieved from /Users/admin/opt/anaconda3/envs/python-airflow-venv/lib/python3.10/site-packages/airflow/example_dags/example_external_task_marker_dag.py
[2023-07-08T18:21:11.526-0400] {logging_mixin.py:137} WARNING - /Users/admin/opt/anaconda3/envs/python-airflow-venv/lib/python3.10/site-packages/airflow/jobs/scheduler_job.py:124 DeprecationWarning: The processor_poll_interval option in [scheduler] has been renamed to scheduler_idle_sleep_time - the old setting has been used, but please update your config.
[2023-07-08T18:21:12.222-0400] {logging_mixin.py:137} INFO - [2023-07-08T18:21:12.222-0400] {dag.py:2690} INFO - Sync 2 DAGs
[2023-07-08T18:21:12.235-0400] {logging_mixin.py:137} INFO - [2023-07-08T18:21:12.235-0400] {dag.py:3437} INFO - Setting next_dagrun for example_external_task_marker_child to None, run_after=None
[2023-07-08T18:21:12.237-0400] {logging_mixin.py:137} INFO - [2023-07-08T18:21:12.237-0400] {dag.py:3437} INFO - Setting next_dagrun for example_external_task_marker_parent to None, run_after=None
[2023-07-08T18:21:12.254-0400] {processor.py:175} INFO - Processing /Users/admin/opt/anaconda3/envs/python-airflow-venv/lib/python3.10/site-packages/airflow/example_dags/example_external_task_marker_dag.py took 0.834 seconds
[2023-07-08T18:23:11.483-0400] {logging_mixin.py:137} WARNING - /Users/admin/opt/anaconda3/envs/python-airflow-venv/lib/python3.10/site-packages/airflow/settings.py:337 DeprecationWarning: The sql_alchemy_pool_enabled option in [core] has been moved to the sql_alchemy_pool_enabled option in [database] - the old setting has been used, but please update your config.
[2023-07-08T18:23:11.488-0400] {logging_mixin.py:137} WARNING - /Users/admin/opt/anaconda3/envs/python-airflow-venv/lib/python3.10/site-packages/airflow/settings.py:400 DeprecationWarning: The sql_engine_encoding option in [core] has been moved to the sql_engine_encoding option in [database] - the old setting has been used, but please update your config.
[2023-07-08T18:23:11.488-0400] {processor.py:153} INFO - Started process (PID=20334) to work on /Users/admin/opt/anaconda3/envs/python-airflow-venv/lib/python3.10/site-packages/airflow/example_dags/example_external_task_marker_dag.py
[2023-07-08T18:23:11.488-0400] {processor.py:743} INFO - Processing file /Users/admin/opt/anaconda3/envs/python-airflow-venv/lib/python3.10/site-packages/airflow/example_dags/example_external_task_marker_dag.py for tasks to queue
[2023-07-08T18:23:11.489-0400] {logging_mixin.py:137} INFO - [2023-07-08T18:23:11.489-0400] {dagbag.py:538} INFO - Filling up the DagBag from /Users/admin/opt/anaconda3/envs/python-airflow-venv/lib/python3.10/site-packages/airflow/example_dags/example_external_task_marker_dag.py
[2023-07-08T18:23:11.533-0400] {processor.py:753} INFO - DAG(s) dict_keys(['example_external_task_marker_child', 'example_external_task_marker_parent']) retrieved from /Users/admin/opt/anaconda3/envs/python-airflow-venv/lib/python3.10/site-packages/airflow/example_dags/example_external_task_marker_dag.py
[2023-07-08T18:23:11.588-0400] {logging_mixin.py:137} WARNING - /Users/admin/opt/anaconda3/envs/python-airflow-venv/lib/python3.10/site-packages/airflow/jobs/scheduler_job.py:124 DeprecationWarning: The processor_poll_interval option in [scheduler] has been renamed to scheduler_idle_sleep_time - the old setting has been used, but please update your config.
[2023-07-08T18:23:12.287-0400] {logging_mixin.py:137} INFO - [2023-07-08T18:23:12.287-0400] {dag.py:2690} INFO - Sync 2 DAGs
[2023-07-08T18:23:12.300-0400] {logging_mixin.py:137} INFO - [2023-07-08T18:23:12.300-0400] {dag.py:3437} INFO - Setting next_dagrun for example_external_task_marker_child to None, run_after=None
[2023-07-08T18:23:12.302-0400] {logging_mixin.py:137} INFO - [2023-07-08T18:23:12.302-0400] {dag.py:3437} INFO - Setting next_dagrun for example_external_task_marker_parent to None, run_after=None
[2023-07-08T18:23:12.318-0400] {processor.py:175} INFO - Processing /Users/admin/opt/anaconda3/envs/python-airflow-venv/lib/python3.10/site-packages/airflow/example_dags/example_external_task_marker_dag.py took 0.836 seconds
[2023-07-08T18:25:09.433-0400] {logging_mixin.py:137} WARNING - /Users/admin/opt/anaconda3/envs/python-airflow-venv/lib/python3.10/site-packages/airflow/settings.py:337 DeprecationWarning: The sql_alchemy_pool_enabled option in [core] has been moved to the sql_alchemy_pool_enabled option in [database] - the old setting has been used, but please update your config.
[2023-07-08T18:25:09.437-0400] {logging_mixin.py:137} WARNING - /Users/admin/opt/anaconda3/envs/python-airflow-venv/lib/python3.10/site-packages/airflow/settings.py:400 DeprecationWarning: The sql_engine_encoding option in [core] has been moved to the sql_engine_encoding option in [database] - the old setting has been used, but please update your config.
[2023-07-08T18:25:09.438-0400] {processor.py:153} INFO - Started process (PID=20393) to work on /Users/admin/opt/anaconda3/envs/python-airflow-venv/lib/python3.10/site-packages/airflow/example_dags/example_external_task_marker_dag.py
[2023-07-08T18:25:09.438-0400] {processor.py:743} INFO - Processing file /Users/admin/opt/anaconda3/envs/python-airflow-venv/lib/python3.10/site-packages/airflow/example_dags/example_external_task_marker_dag.py for tasks to queue
[2023-07-08T18:25:09.438-0400] {logging_mixin.py:137} INFO - [2023-07-08T18:25:09.438-0400] {dagbag.py:538} INFO - Filling up the DagBag from /Users/admin/opt/anaconda3/envs/python-airflow-venv/lib/python3.10/site-packages/airflow/example_dags/example_external_task_marker_dag.py
[2023-07-08T18:25:09.483-0400] {processor.py:753} INFO - DAG(s) dict_keys(['example_external_task_marker_parent', 'example_external_task_marker_child']) retrieved from /Users/admin/opt/anaconda3/envs/python-airflow-venv/lib/python3.10/site-packages/airflow/example_dags/example_external_task_marker_dag.py
[2023-07-08T18:25:09.537-0400] {logging_mixin.py:137} WARNING - /Users/admin/opt/anaconda3/envs/python-airflow-venv/lib/python3.10/site-packages/airflow/jobs/scheduler_job.py:124 DeprecationWarning: The processor_poll_interval option in [scheduler] has been renamed to scheduler_idle_sleep_time - the old setting has been used, but please update your config.
[2023-07-08T18:25:10.232-0400] {logging_mixin.py:137} INFO - [2023-07-08T18:25:10.231-0400] {dag.py:2690} INFO - Sync 2 DAGs
[2023-07-08T18:25:10.244-0400] {logging_mixin.py:137} INFO - [2023-07-08T18:25:10.244-0400] {dag.py:3437} INFO - Setting next_dagrun for example_external_task_marker_child to None, run_after=None
[2023-07-08T18:25:10.246-0400] {logging_mixin.py:137} INFO - [2023-07-08T18:25:10.246-0400] {dag.py:3437} INFO - Setting next_dagrun for example_external_task_marker_parent to None, run_after=None
[2023-07-08T18:25:10.262-0400] {processor.py:175} INFO - Processing /Users/admin/opt/anaconda3/envs/python-airflow-venv/lib/python3.10/site-packages/airflow/example_dags/example_external_task_marker_dag.py took 0.830 seconds
[2023-07-08T18:27:19.206-0400] {logging_mixin.py:137} WARNING - /Users/admin/opt/anaconda3/envs/python-airflow-venv/lib/python3.10/site-packages/airflow/settings.py:337 DeprecationWarning: The sql_alchemy_pool_enabled option in [core] has been moved to the sql_alchemy_pool_enabled option in [database] - the old setting has been used, but please update your config.
[2023-07-08T18:27:19.211-0400] {logging_mixin.py:137} WARNING - /Users/admin/opt/anaconda3/envs/python-airflow-venv/lib/python3.10/site-packages/airflow/settings.py:400 DeprecationWarning: The sql_engine_encoding option in [core] has been moved to the sql_engine_encoding option in [database] - the old setting has been used, but please update your config.
[2023-07-08T18:27:19.212-0400] {processor.py:153} INFO - Started process (PID=20455) to work on /Users/admin/opt/anaconda3/envs/python-airflow-venv/lib/python3.10/site-packages/airflow/example_dags/example_external_task_marker_dag.py
[2023-07-08T18:27:19.212-0400] {processor.py:743} INFO - Processing file /Users/admin/opt/anaconda3/envs/python-airflow-venv/lib/python3.10/site-packages/airflow/example_dags/example_external_task_marker_dag.py for tasks to queue
[2023-07-08T18:27:19.212-0400] {logging_mixin.py:137} INFO - [2023-07-08T18:27:19.212-0400] {dagbag.py:538} INFO - Filling up the DagBag from /Users/admin/opt/anaconda3/envs/python-airflow-venv/lib/python3.10/site-packages/airflow/example_dags/example_external_task_marker_dag.py
[2023-07-08T18:27:19.264-0400] {processor.py:753} INFO - DAG(s) dict_keys(['example_external_task_marker_parent', 'example_external_task_marker_child']) retrieved from /Users/admin/opt/anaconda3/envs/python-airflow-venv/lib/python3.10/site-packages/airflow/example_dags/example_external_task_marker_dag.py
[2023-07-08T18:27:19.325-0400] {logging_mixin.py:137} WARNING - /Users/admin/opt/anaconda3/envs/python-airflow-venv/lib/python3.10/site-packages/airflow/jobs/scheduler_job.py:124 DeprecationWarning: The processor_poll_interval option in [scheduler] has been renamed to scheduler_idle_sleep_time - the old setting has been used, but please update your config.
[2023-07-08T18:27:20.100-0400] {logging_mixin.py:137} INFO - [2023-07-08T18:27:20.100-0400] {dag.py:2690} INFO - Sync 2 DAGs
[2023-07-08T18:27:20.116-0400] {logging_mixin.py:137} INFO - [2023-07-08T18:27:20.116-0400] {dag.py:3437} INFO - Setting next_dagrun for example_external_task_marker_child to None, run_after=None
[2023-07-08T18:27:20.120-0400] {logging_mixin.py:137} INFO - [2023-07-08T18:27:20.120-0400] {dag.py:3437} INFO - Setting next_dagrun for example_external_task_marker_parent to None, run_after=None
[2023-07-08T18:27:20.137-0400] {processor.py:175} INFO - Processing /Users/admin/opt/anaconda3/envs/python-airflow-venv/lib/python3.10/site-packages/airflow/example_dags/example_external_task_marker_dag.py took 0.932 seconds
[2023-07-08T18:29:27.902-0400] {logging_mixin.py:137} WARNING - /Users/admin/opt/anaconda3/envs/python-airflow-venv/lib/python3.10/site-packages/airflow/settings.py:337 DeprecationWarning: The sql_alchemy_pool_enabled option in [core] has been moved to the sql_alchemy_pool_enabled option in [database] - the old setting has been used, but please update your config.
[2023-07-08T18:29:27.909-0400] {logging_mixin.py:137} WARNING - /Users/admin/opt/anaconda3/envs/python-airflow-venv/lib/python3.10/site-packages/airflow/settings.py:400 DeprecationWarning: The sql_engine_encoding option in [core] has been moved to the sql_engine_encoding option in [database] - the old setting has been used, but please update your config.
[2023-07-08T18:29:27.910-0400] {processor.py:153} INFO - Started process (PID=20511) to work on /Users/admin/opt/anaconda3/envs/python-airflow-venv/lib/python3.10/site-packages/airflow/example_dags/example_external_task_marker_dag.py
[2023-07-08T18:29:27.911-0400] {processor.py:743} INFO - Processing file /Users/admin/opt/anaconda3/envs/python-airflow-venv/lib/python3.10/site-packages/airflow/example_dags/example_external_task_marker_dag.py for tasks to queue
[2023-07-08T18:29:27.911-0400] {logging_mixin.py:137} INFO - [2023-07-08T18:29:27.911-0400] {dagbag.py:538} INFO - Filling up the DagBag from /Users/admin/opt/anaconda3/envs/python-airflow-venv/lib/python3.10/site-packages/airflow/example_dags/example_external_task_marker_dag.py
[2023-07-08T18:29:27.960-0400] {processor.py:753} INFO - DAG(s) dict_keys(['example_external_task_marker_parent', 'example_external_task_marker_child']) retrieved from /Users/admin/opt/anaconda3/envs/python-airflow-venv/lib/python3.10/site-packages/airflow/example_dags/example_external_task_marker_dag.py
[2023-07-08T18:29:28.023-0400] {logging_mixin.py:137} WARNING - /Users/admin/opt/anaconda3/envs/python-airflow-venv/lib/python3.10/site-packages/airflow/jobs/scheduler_job.py:124 DeprecationWarning: The processor_poll_interval option in [scheduler] has been renamed to scheduler_idle_sleep_time - the old setting has been used, but please update your config.
[2023-07-08T18:29:28.791-0400] {logging_mixin.py:137} INFO - [2023-07-08T18:29:28.790-0400] {dag.py:2690} INFO - Sync 2 DAGs
[2023-07-08T18:29:28.806-0400] {logging_mixin.py:137} INFO - [2023-07-08T18:29:28.806-0400] {dag.py:3437} INFO - Setting next_dagrun for example_external_task_marker_child to None, run_after=None
[2023-07-08T18:29:28.808-0400] {logging_mixin.py:137} INFO - [2023-07-08T18:29:28.808-0400] {dag.py:3437} INFO - Setting next_dagrun for example_external_task_marker_parent to None, run_after=None
[2023-07-08T18:29:28.828-0400] {processor.py:175} INFO - Processing /Users/admin/opt/anaconda3/envs/python-airflow-venv/lib/python3.10/site-packages/airflow/example_dags/example_external_task_marker_dag.py took 0.928 seconds
[2023-07-08T18:31:40.090-0400] {logging_mixin.py:137} WARNING - /Users/admin/opt/anaconda3/envs/python-airflow-venv/lib/python3.10/site-packages/airflow/settings.py:337 DeprecationWarning: The sql_alchemy_pool_enabled option in [core] has been moved to the sql_alchemy_pool_enabled option in [database] - the old setting has been used, but please update your config.
[2023-07-08T18:31:40.095-0400] {logging_mixin.py:137} WARNING - /Users/admin/opt/anaconda3/envs/python-airflow-venv/lib/python3.10/site-packages/airflow/settings.py:400 DeprecationWarning: The sql_engine_encoding option in [core] has been moved to the sql_engine_encoding option in [database] - the old setting has been used, but please update your config.
[2023-07-08T18:31:40.096-0400] {processor.py:153} INFO - Started process (PID=20569) to work on /Users/admin/opt/anaconda3/envs/python-airflow-venv/lib/python3.10/site-packages/airflow/example_dags/example_external_task_marker_dag.py
[2023-07-08T18:31:40.096-0400] {processor.py:743} INFO - Processing file /Users/admin/opt/anaconda3/envs/python-airflow-venv/lib/python3.10/site-packages/airflow/example_dags/example_external_task_marker_dag.py for tasks to queue
[2023-07-08T18:31:40.096-0400] {logging_mixin.py:137} INFO - [2023-07-08T18:31:40.096-0400] {dagbag.py:538} INFO - Filling up the DagBag from /Users/admin/opt/anaconda3/envs/python-airflow-venv/lib/python3.10/site-packages/airflow/example_dags/example_external_task_marker_dag.py
[2023-07-08T18:31:40.147-0400] {processor.py:753} INFO - DAG(s) dict_keys(['example_external_task_marker_parent', 'example_external_task_marker_child']) retrieved from /Users/admin/opt/anaconda3/envs/python-airflow-venv/lib/python3.10/site-packages/airflow/example_dags/example_external_task_marker_dag.py
[2023-07-08T18:31:40.210-0400] {logging_mixin.py:137} WARNING - /Users/admin/opt/anaconda3/envs/python-airflow-venv/lib/python3.10/site-packages/airflow/jobs/scheduler_job.py:124 DeprecationWarning: The processor_poll_interval option in [scheduler] has been renamed to scheduler_idle_sleep_time - the old setting has been used, but please update your config.
[2023-07-08T18:31:41.004-0400] {logging_mixin.py:137} INFO - [2023-07-08T18:31:41.004-0400] {dag.py:2690} INFO - Sync 2 DAGs
[2023-07-08T18:31:41.018-0400] {logging_mixin.py:137} INFO - [2023-07-08T18:31:41.018-0400] {dag.py:3437} INFO - Setting next_dagrun for example_external_task_marker_child to None, run_after=None
[2023-07-08T18:31:41.020-0400] {logging_mixin.py:137} INFO - [2023-07-08T18:31:41.020-0400] {dag.py:3437} INFO - Setting next_dagrun for example_external_task_marker_parent to None, run_after=None
[2023-07-08T18:31:41.044-0400] {processor.py:175} INFO - Processing /Users/admin/opt/anaconda3/envs/python-airflow-venv/lib/python3.10/site-packages/airflow/example_dags/example_external_task_marker_dag.py took 0.955 seconds
[2023-07-08T18:33:47.338-0400] {logging_mixin.py:137} WARNING - /Users/admin/opt/anaconda3/envs/python-airflow-venv/lib/python3.10/site-packages/airflow/settings.py:337 DeprecationWarning: The sql_alchemy_pool_enabled option in [core] has been moved to the sql_alchemy_pool_enabled option in [database] - the old setting has been used, but please update your config.
[2023-07-08T18:33:47.343-0400] {logging_mixin.py:137} WARNING - /Users/admin/opt/anaconda3/envs/python-airflow-venv/lib/python3.10/site-packages/airflow/settings.py:400 DeprecationWarning: The sql_engine_encoding option in [core] has been moved to the sql_engine_encoding option in [database] - the old setting has been used, but please update your config.
[2023-07-08T18:33:47.343-0400] {processor.py:153} INFO - Started process (PID=20641) to work on /Users/admin/opt/anaconda3/envs/python-airflow-venv/lib/python3.10/site-packages/airflow/example_dags/example_external_task_marker_dag.py
[2023-07-08T18:33:47.344-0400] {processor.py:743} INFO - Processing file /Users/admin/opt/anaconda3/envs/python-airflow-venv/lib/python3.10/site-packages/airflow/example_dags/example_external_task_marker_dag.py for tasks to queue
[2023-07-08T18:33:47.344-0400] {logging_mixin.py:137} INFO - [2023-07-08T18:33:47.344-0400] {dagbag.py:538} INFO - Filling up the DagBag from /Users/admin/opt/anaconda3/envs/python-airflow-venv/lib/python3.10/site-packages/airflow/example_dags/example_external_task_marker_dag.py
[2023-07-08T18:33:47.388-0400] {processor.py:753} INFO - DAG(s) dict_keys(['example_external_task_marker_child', 'example_external_task_marker_parent']) retrieved from /Users/admin/opt/anaconda3/envs/python-airflow-venv/lib/python3.10/site-packages/airflow/example_dags/example_external_task_marker_dag.py
[2023-07-08T18:33:47.442-0400] {logging_mixin.py:137} WARNING - /Users/admin/opt/anaconda3/envs/python-airflow-venv/lib/python3.10/site-packages/airflow/jobs/scheduler_job.py:124 DeprecationWarning: The processor_poll_interval option in [scheduler] has been renamed to scheduler_idle_sleep_time - the old setting has been used, but please update your config.
[2023-07-08T18:33:48.115-0400] {logging_mixin.py:137} INFO - [2023-07-08T18:33:48.114-0400] {dag.py:2690} INFO - Sync 2 DAGs
[2023-07-08T18:33:48.128-0400] {logging_mixin.py:137} INFO - [2023-07-08T18:33:48.128-0400] {dag.py:3437} INFO - Setting next_dagrun for example_external_task_marker_child to None, run_after=None
[2023-07-08T18:33:48.130-0400] {logging_mixin.py:137} INFO - [2023-07-08T18:33:48.130-0400] {dag.py:3437} INFO - Setting next_dagrun for example_external_task_marker_parent to None, run_after=None
[2023-07-08T18:33:48.146-0400] {processor.py:175} INFO - Processing /Users/admin/opt/anaconda3/envs/python-airflow-venv/lib/python3.10/site-packages/airflow/example_dags/example_external_task_marker_dag.py took 0.808 seconds
[2023-07-08T18:35:49.054-0400] {logging_mixin.py:137} WARNING - /Users/admin/opt/anaconda3/envs/python-airflow-venv/lib/python3.10/site-packages/airflow/settings.py:337 DeprecationWarning: The sql_alchemy_pool_enabled option in [core] has been moved to the sql_alchemy_pool_enabled option in [database] - the old setting has been used, but please update your config.
[2023-07-08T18:35:49.059-0400] {logging_mixin.py:137} WARNING - /Users/admin/opt/anaconda3/envs/python-airflow-venv/lib/python3.10/site-packages/airflow/settings.py:400 DeprecationWarning: The sql_engine_encoding option in [core] has been moved to the sql_engine_encoding option in [database] - the old setting has been used, but please update your config.
[2023-07-08T18:35:49.060-0400] {processor.py:153} INFO - Started process (PID=20698) to work on /Users/admin/opt/anaconda3/envs/python-airflow-venv/lib/python3.10/site-packages/airflow/example_dags/example_external_task_marker_dag.py
[2023-07-08T18:35:49.060-0400] {processor.py:743} INFO - Processing file /Users/admin/opt/anaconda3/envs/python-airflow-venv/lib/python3.10/site-packages/airflow/example_dags/example_external_task_marker_dag.py for tasks to queue
[2023-07-08T18:35:49.061-0400] {logging_mixin.py:137} INFO - [2023-07-08T18:35:49.061-0400] {dagbag.py:538} INFO - Filling up the DagBag from /Users/admin/opt/anaconda3/envs/python-airflow-venv/lib/python3.10/site-packages/airflow/example_dags/example_external_task_marker_dag.py
[2023-07-08T18:35:49.106-0400] {processor.py:753} INFO - DAG(s) dict_keys(['example_external_task_marker_child', 'example_external_task_marker_parent']) retrieved from /Users/admin/opt/anaconda3/envs/python-airflow-venv/lib/python3.10/site-packages/airflow/example_dags/example_external_task_marker_dag.py
[2023-07-08T18:35:49.160-0400] {logging_mixin.py:137} WARNING - /Users/admin/opt/anaconda3/envs/python-airflow-venv/lib/python3.10/site-packages/airflow/jobs/scheduler_job.py:124 DeprecationWarning: The processor_poll_interval option in [scheduler] has been renamed to scheduler_idle_sleep_time - the old setting has been used, but please update your config.
[2023-07-08T18:35:49.833-0400] {logging_mixin.py:137} INFO - [2023-07-08T18:35:49.832-0400] {dag.py:2690} INFO - Sync 2 DAGs
[2023-07-08T18:35:49.846-0400] {logging_mixin.py:137} INFO - [2023-07-08T18:35:49.846-0400] {dag.py:3437} INFO - Setting next_dagrun for example_external_task_marker_child to None, run_after=None
[2023-07-08T18:35:49.848-0400] {logging_mixin.py:137} INFO - [2023-07-08T18:35:49.848-0400] {dag.py:3437} INFO - Setting next_dagrun for example_external_task_marker_parent to None, run_after=None
[2023-07-08T18:35:49.864-0400] {processor.py:175} INFO - Processing /Users/admin/opt/anaconda3/envs/python-airflow-venv/lib/python3.10/site-packages/airflow/example_dags/example_external_task_marker_dag.py took 0.811 seconds
[2023-07-08T19:03:50.269-0400] {logging_mixin.py:137} WARNING - /Users/admin/opt/anaconda3/envs/python-airflow-venv/lib/python3.10/site-packages/airflow/settings.py:337 DeprecationWarning: The sql_alchemy_pool_enabled option in [core] has been moved to the sql_alchemy_pool_enabled option in [database] - the old setting has been used, but please update your config.
[2023-07-08T19:03:50.274-0400] {logging_mixin.py:137} WARNING - /Users/admin/opt/anaconda3/envs/python-airflow-venv/lib/python3.10/site-packages/airflow/settings.py:400 DeprecationWarning: The sql_engine_encoding option in [core] has been moved to the sql_engine_encoding option in [database] - the old setting has been used, but please update your config.
[2023-07-08T19:03:50.274-0400] {processor.py:153} INFO - Started process (PID=20766) to work on /Users/admin/opt/anaconda3/envs/python-airflow-venv/lib/python3.10/site-packages/airflow/example_dags/example_external_task_marker_dag.py
[2023-07-08T19:03:50.274-0400] {processor.py:743} INFO - Processing file /Users/admin/opt/anaconda3/envs/python-airflow-venv/lib/python3.10/site-packages/airflow/example_dags/example_external_task_marker_dag.py for tasks to queue
[2023-07-08T19:03:50.275-0400] {logging_mixin.py:137} INFO - [2023-07-08T19:03:50.275-0400] {dagbag.py:538} INFO - Filling up the DagBag from /Users/admin/opt/anaconda3/envs/python-airflow-venv/lib/python3.10/site-packages/airflow/example_dags/example_external_task_marker_dag.py
[2023-07-08T19:03:50.318-0400] {processor.py:753} INFO - DAG(s) dict_keys(['example_external_task_marker_parent', 'example_external_task_marker_child']) retrieved from /Users/admin/opt/anaconda3/envs/python-airflow-venv/lib/python3.10/site-packages/airflow/example_dags/example_external_task_marker_dag.py
[2023-07-08T19:03:50.372-0400] {logging_mixin.py:137} WARNING - /Users/admin/opt/anaconda3/envs/python-airflow-venv/lib/python3.10/site-packages/airflow/jobs/scheduler_job.py:124 DeprecationWarning: The processor_poll_interval option in [scheduler] has been renamed to scheduler_idle_sleep_time - the old setting has been used, but please update your config.
[2023-07-08T19:03:51.072-0400] {logging_mixin.py:137} INFO - [2023-07-08T19:03:51.072-0400] {dag.py:2690} INFO - Sync 2 DAGs
[2023-07-08T19:03:51.085-0400] {logging_mixin.py:137} INFO - [2023-07-08T19:03:51.085-0400] {dag.py:3437} INFO - Setting next_dagrun for example_external_task_marker_child to None, run_after=None
[2023-07-08T19:03:51.087-0400] {logging_mixin.py:137} INFO - [2023-07-08T19:03:51.087-0400] {dag.py:3437} INFO - Setting next_dagrun for example_external_task_marker_parent to None, run_after=None
[2023-07-08T19:03:51.100-0400] {processor.py:175} INFO - Processing /Users/admin/opt/anaconda3/envs/python-airflow-venv/lib/python3.10/site-packages/airflow/example_dags/example_external_task_marker_dag.py took 0.831 seconds
[2023-07-08T19:05:48.318-0400] {logging_mixin.py:137} WARNING - /Users/admin/opt/anaconda3/envs/python-airflow-venv/lib/python3.10/site-packages/airflow/settings.py:337 DeprecationWarning: The sql_alchemy_pool_enabled option in [core] has been moved to the sql_alchemy_pool_enabled option in [database] - the old setting has been used, but please update your config.
[2023-07-08T19:05:48.322-0400] {logging_mixin.py:137} WARNING - /Users/admin/opt/anaconda3/envs/python-airflow-venv/lib/python3.10/site-packages/airflow/settings.py:400 DeprecationWarning: The sql_engine_encoding option in [core] has been moved to the sql_engine_encoding option in [database] - the old setting has been used, but please update your config.
[2023-07-08T19:05:48.323-0400] {processor.py:153} INFO - Started process (PID=20823) to work on /Users/admin/opt/anaconda3/envs/python-airflow-venv/lib/python3.10/site-packages/airflow/example_dags/example_external_task_marker_dag.py
[2023-07-08T19:05:48.323-0400] {processor.py:743} INFO - Processing file /Users/admin/opt/anaconda3/envs/python-airflow-venv/lib/python3.10/site-packages/airflow/example_dags/example_external_task_marker_dag.py for tasks to queue
[2023-07-08T19:05:48.323-0400] {logging_mixin.py:137} INFO - [2023-07-08T19:05:48.323-0400] {dagbag.py:538} INFO - Filling up the DagBag from /Users/admin/opt/anaconda3/envs/python-airflow-venv/lib/python3.10/site-packages/airflow/example_dags/example_external_task_marker_dag.py
[2023-07-08T19:05:48.367-0400] {processor.py:753} INFO - DAG(s) dict_keys(['example_external_task_marker_parent', 'example_external_task_marker_child']) retrieved from /Users/admin/opt/anaconda3/envs/python-airflow-venv/lib/python3.10/site-packages/airflow/example_dags/example_external_task_marker_dag.py
[2023-07-08T19:05:48.421-0400] {logging_mixin.py:137} WARNING - /Users/admin/opt/anaconda3/envs/python-airflow-venv/lib/python3.10/site-packages/airflow/jobs/scheduler_job.py:124 DeprecationWarning: The processor_poll_interval option in [scheduler] has been renamed to scheduler_idle_sleep_time - the old setting has been used, but please update your config.
[2023-07-08T19:05:49.115-0400] {logging_mixin.py:137} INFO - [2023-07-08T19:05:49.115-0400] {dag.py:2690} INFO - Sync 2 DAGs
[2023-07-08T19:05:49.127-0400] {logging_mixin.py:137} INFO - [2023-07-08T19:05:49.127-0400] {dag.py:3437} INFO - Setting next_dagrun for example_external_task_marker_child to None, run_after=None
[2023-07-08T19:05:49.129-0400] {logging_mixin.py:137} INFO - [2023-07-08T19:05:49.129-0400] {dag.py:3437} INFO - Setting next_dagrun for example_external_task_marker_parent to None, run_after=None
[2023-07-08T19:05:49.146-0400] {processor.py:175} INFO - Processing /Users/admin/opt/anaconda3/envs/python-airflow-venv/lib/python3.10/site-packages/airflow/example_dags/example_external_task_marker_dag.py took 0.829 seconds
[2023-07-08T19:07:49.484-0400] {logging_mixin.py:137} WARNING - /Users/admin/opt/anaconda3/envs/python-airflow-venv/lib/python3.10/site-packages/airflow/settings.py:337 DeprecationWarning: The sql_alchemy_pool_enabled option in [core] has been moved to the sql_alchemy_pool_enabled option in [database] - the old setting has been used, but please update your config.
[2023-07-08T19:07:49.488-0400] {logging_mixin.py:137} WARNING - /Users/admin/opt/anaconda3/envs/python-airflow-venv/lib/python3.10/site-packages/airflow/settings.py:400 DeprecationWarning: The sql_engine_encoding option in [core] has been moved to the sql_engine_encoding option in [database] - the old setting has been used, but please update your config.
[2023-07-08T19:07:49.489-0400] {processor.py:153} INFO - Started process (PID=20883) to work on /Users/admin/opt/anaconda3/envs/python-airflow-venv/lib/python3.10/site-packages/airflow/example_dags/example_external_task_marker_dag.py
[2023-07-08T19:07:49.489-0400] {processor.py:743} INFO - Processing file /Users/admin/opt/anaconda3/envs/python-airflow-venv/lib/python3.10/site-packages/airflow/example_dags/example_external_task_marker_dag.py for tasks to queue
[2023-07-08T19:07:49.489-0400] {logging_mixin.py:137} INFO - [2023-07-08T19:07:49.489-0400] {dagbag.py:538} INFO - Filling up the DagBag from /Users/admin/opt/anaconda3/envs/python-airflow-venv/lib/python3.10/site-packages/airflow/example_dags/example_external_task_marker_dag.py
[2023-07-08T19:07:49.537-0400] {processor.py:753} INFO - DAG(s) dict_keys(['example_external_task_marker_child', 'example_external_task_marker_parent']) retrieved from /Users/admin/opt/anaconda3/envs/python-airflow-venv/lib/python3.10/site-packages/airflow/example_dags/example_external_task_marker_dag.py
[2023-07-08T19:07:49.592-0400] {logging_mixin.py:137} WARNING - /Users/admin/opt/anaconda3/envs/python-airflow-venv/lib/python3.10/site-packages/airflow/jobs/scheduler_job.py:124 DeprecationWarning: The processor_poll_interval option in [scheduler] has been renamed to scheduler_idle_sleep_time - the old setting has been used, but please update your config.
[2023-07-08T19:07:50.263-0400] {logging_mixin.py:137} INFO - [2023-07-08T19:07:50.263-0400] {dag.py:2690} INFO - Sync 2 DAGs
[2023-07-08T19:07:50.277-0400] {logging_mixin.py:137} INFO - [2023-07-08T19:07:50.277-0400] {dag.py:3437} INFO - Setting next_dagrun for example_external_task_marker_child to None, run_after=None
[2023-07-08T19:07:50.279-0400] {logging_mixin.py:137} INFO - [2023-07-08T19:07:50.279-0400] {dag.py:3437} INFO - Setting next_dagrun for example_external_task_marker_parent to None, run_after=None
[2023-07-08T19:07:50.295-0400] {processor.py:175} INFO - Processing /Users/admin/opt/anaconda3/envs/python-airflow-venv/lib/python3.10/site-packages/airflow/example_dags/example_external_task_marker_dag.py took 0.812 seconds
[2023-07-08T19:09:51.941-0400] {logging_mixin.py:137} WARNING - /Users/admin/opt/anaconda3/envs/python-airflow-venv/lib/python3.10/site-packages/airflow/settings.py:337 DeprecationWarning: The sql_alchemy_pool_enabled option in [core] has been moved to the sql_alchemy_pool_enabled option in [database] - the old setting has been used, but please update your config.
[2023-07-08T19:09:51.945-0400] {logging_mixin.py:137} WARNING - /Users/admin/opt/anaconda3/envs/python-airflow-venv/lib/python3.10/site-packages/airflow/settings.py:400 DeprecationWarning: The sql_engine_encoding option in [core] has been moved to the sql_engine_encoding option in [database] - the old setting has been used, but please update your config.
[2023-07-08T19:09:51.946-0400] {processor.py:153} INFO - Started process (PID=20940) to work on /Users/admin/opt/anaconda3/envs/python-airflow-venv/lib/python3.10/site-packages/airflow/example_dags/example_external_task_marker_dag.py
[2023-07-08T19:09:51.946-0400] {processor.py:743} INFO - Processing file /Users/admin/opt/anaconda3/envs/python-airflow-venv/lib/python3.10/site-packages/airflow/example_dags/example_external_task_marker_dag.py for tasks to queue
[2023-07-08T19:09:51.946-0400] {logging_mixin.py:137} INFO - [2023-07-08T19:09:51.946-0400] {dagbag.py:538} INFO - Filling up the DagBag from /Users/admin/opt/anaconda3/envs/python-airflow-venv/lib/python3.10/site-packages/airflow/example_dags/example_external_task_marker_dag.py
[2023-07-08T19:09:51.990-0400] {processor.py:753} INFO - DAG(s) dict_keys(['example_external_task_marker_child', 'example_external_task_marker_parent']) retrieved from /Users/admin/opt/anaconda3/envs/python-airflow-venv/lib/python3.10/site-packages/airflow/example_dags/example_external_task_marker_dag.py
[2023-07-08T19:09:52.044-0400] {logging_mixin.py:137} WARNING - /Users/admin/opt/anaconda3/envs/python-airflow-venv/lib/python3.10/site-packages/airflow/jobs/scheduler_job.py:124 DeprecationWarning: The processor_poll_interval option in [scheduler] has been renamed to scheduler_idle_sleep_time - the old setting has been used, but please update your config.
[2023-07-08T19:09:52.737-0400] {logging_mixin.py:137} INFO - [2023-07-08T19:09:52.737-0400] {dag.py:2690} INFO - Sync 2 DAGs
[2023-07-08T19:09:52.750-0400] {logging_mixin.py:137} INFO - [2023-07-08T19:09:52.750-0400] {dag.py:3437} INFO - Setting next_dagrun for example_external_task_marker_child to None, run_after=None
[2023-07-08T19:09:52.752-0400] {logging_mixin.py:137} INFO - [2023-07-08T19:09:52.752-0400] {dag.py:3437} INFO - Setting next_dagrun for example_external_task_marker_parent to None, run_after=None
[2023-07-08T19:09:52.769-0400] {processor.py:175} INFO - Processing /Users/admin/opt/anaconda3/envs/python-airflow-venv/lib/python3.10/site-packages/airflow/example_dags/example_external_task_marker_dag.py took 0.829 seconds
[2023-07-08T19:11:53.137-0400] {logging_mixin.py:137} WARNING - /Users/admin/opt/anaconda3/envs/python-airflow-venv/lib/python3.10/site-packages/airflow/settings.py:337 DeprecationWarning: The sql_alchemy_pool_enabled option in [core] has been moved to the sql_alchemy_pool_enabled option in [database] - the old setting has been used, but please update your config.
[2023-07-08T19:11:53.145-0400] {logging_mixin.py:137} WARNING - /Users/admin/opt/anaconda3/envs/python-airflow-venv/lib/python3.10/site-packages/airflow/settings.py:400 DeprecationWarning: The sql_engine_encoding option in [core] has been moved to the sql_engine_encoding option in [database] - the old setting has been used, but please update your config.
[2023-07-08T19:11:53.146-0400] {processor.py:153} INFO - Started process (PID=20996) to work on /Users/admin/opt/anaconda3/envs/python-airflow-venv/lib/python3.10/site-packages/airflow/example_dags/example_external_task_marker_dag.py
[2023-07-08T19:11:53.146-0400] {processor.py:743} INFO - Processing file /Users/admin/opt/anaconda3/envs/python-airflow-venv/lib/python3.10/site-packages/airflow/example_dags/example_external_task_marker_dag.py for tasks to queue
[2023-07-08T19:11:53.146-0400] {logging_mixin.py:137} INFO - [2023-07-08T19:11:53.146-0400] {dagbag.py:538} INFO - Filling up the DagBag from /Users/admin/opt/anaconda3/envs/python-airflow-venv/lib/python3.10/site-packages/airflow/example_dags/example_external_task_marker_dag.py
[2023-07-08T19:11:53.211-0400] {processor.py:753} INFO - DAG(s) dict_keys(['example_external_task_marker_child', 'example_external_task_marker_parent']) retrieved from /Users/admin/opt/anaconda3/envs/python-airflow-venv/lib/python3.10/site-packages/airflow/example_dags/example_external_task_marker_dag.py
[2023-07-08T19:11:53.274-0400] {logging_mixin.py:137} WARNING - /Users/admin/opt/anaconda3/envs/python-airflow-venv/lib/python3.10/site-packages/airflow/jobs/scheduler_job.py:124 DeprecationWarning: The processor_poll_interval option in [scheduler] has been renamed to scheduler_idle_sleep_time - the old setting has been used, but please update your config.
[2023-07-08T19:11:54.063-0400] {logging_mixin.py:137} INFO - [2023-07-08T19:11:54.063-0400] {dag.py:2690} INFO - Sync 2 DAGs
[2023-07-08T19:11:54.078-0400] {logging_mixin.py:137} INFO - [2023-07-08T19:11:54.078-0400] {dag.py:3437} INFO - Setting next_dagrun for example_external_task_marker_child to None, run_after=None
[2023-07-08T19:11:54.080-0400] {logging_mixin.py:137} INFO - [2023-07-08T19:11:54.080-0400] {dag.py:3437} INFO - Setting next_dagrun for example_external_task_marker_parent to None, run_after=None
[2023-07-08T19:11:54.098-0400] {processor.py:175} INFO - Processing /Users/admin/opt/anaconda3/envs/python-airflow-venv/lib/python3.10/site-packages/airflow/example_dags/example_external_task_marker_dag.py took 0.962 seconds
[2023-07-08T19:13:52.233-0400] {logging_mixin.py:137} WARNING - /Users/admin/opt/anaconda3/envs/python-airflow-venv/lib/python3.10/site-packages/airflow/settings.py:337 DeprecationWarning: The sql_alchemy_pool_enabled option in [core] has been moved to the sql_alchemy_pool_enabled option in [database] - the old setting has been used, but please update your config.
[2023-07-08T19:13:52.238-0400] {logging_mixin.py:137} WARNING - /Users/admin/opt/anaconda3/envs/python-airflow-venv/lib/python3.10/site-packages/airflow/settings.py:400 DeprecationWarning: The sql_engine_encoding option in [core] has been moved to the sql_engine_encoding option in [database] - the old setting has been used, but please update your config.
[2023-07-08T19:13:52.238-0400] {processor.py:153} INFO - Started process (PID=21054) to work on /Users/admin/opt/anaconda3/envs/python-airflow-venv/lib/python3.10/site-packages/airflow/example_dags/example_external_task_marker_dag.py
[2023-07-08T19:13:52.239-0400] {processor.py:743} INFO - Processing file /Users/admin/opt/anaconda3/envs/python-airflow-venv/lib/python3.10/site-packages/airflow/example_dags/example_external_task_marker_dag.py for tasks to queue
[2023-07-08T19:13:52.239-0400] {logging_mixin.py:137} INFO - [2023-07-08T19:13:52.239-0400] {dagbag.py:538} INFO - Filling up the DagBag from /Users/admin/opt/anaconda3/envs/python-airflow-venv/lib/python3.10/site-packages/airflow/example_dags/example_external_task_marker_dag.py
[2023-07-08T19:13:52.288-0400] {processor.py:753} INFO - DAG(s) dict_keys(['example_external_task_marker_parent', 'example_external_task_marker_child']) retrieved from /Users/admin/opt/anaconda3/envs/python-airflow-venv/lib/python3.10/site-packages/airflow/example_dags/example_external_task_marker_dag.py
[2023-07-08T19:13:52.342-0400] {logging_mixin.py:137} WARNING - /Users/admin/opt/anaconda3/envs/python-airflow-venv/lib/python3.10/site-packages/airflow/jobs/scheduler_job.py:124 DeprecationWarning: The processor_poll_interval option in [scheduler] has been renamed to scheduler_idle_sleep_time - the old setting has been used, but please update your config.
[2023-07-08T19:13:53.020-0400] {logging_mixin.py:137} INFO - [2023-07-08T19:13:53.019-0400] {dag.py:2690} INFO - Sync 2 DAGs
[2023-07-08T19:13:53.033-0400] {logging_mixin.py:137} INFO - [2023-07-08T19:13:53.033-0400] {dag.py:3437} INFO - Setting next_dagrun for example_external_task_marker_child to None, run_after=None
[2023-07-08T19:13:53.035-0400] {logging_mixin.py:137} INFO - [2023-07-08T19:13:53.035-0400] {dag.py:3437} INFO - Setting next_dagrun for example_external_task_marker_parent to None, run_after=None
[2023-07-08T19:13:53.051-0400] {processor.py:175} INFO - Processing /Users/admin/opt/anaconda3/envs/python-airflow-venv/lib/python3.10/site-packages/airflow/example_dags/example_external_task_marker_dag.py took 0.818 seconds
