[2023-07-08T16:51:28.507-0400] {logging_mixin.py:137} WARNING - /Users/admin/opt/anaconda3/envs/python-airflow-venv/lib/python3.10/site-packages/airflow/settings.py:337 DeprecationWarning: The sql_alchemy_pool_enabled option in [core] has been moved to the sql_alchemy_pool_enabled option in [database] - the old setting has been used, but please update your config.
[2023-07-08T16:51:28.513-0400] {logging_mixin.py:137} WARNING - /Users/admin/opt/anaconda3/envs/python-airflow-venv/lib/python3.10/site-packages/airflow/settings.py:400 DeprecationWarning: The sql_engine_encoding option in [core] has been moved to the sql_engine_encoding option in [database] - the old setting has been used, but please update your config.
[2023-07-08T16:51:28.513-0400] {processor.py:153} INFO - Started process (PID=19272) to work on /Users/admin/opt/anaconda3/envs/python-airflow-venv/lib/python3.10/site-packages/airflow/example_dags/example_latest_only_with_trigger.py
[2023-07-08T16:51:28.513-0400] {processor.py:743} INFO - Processing file /Users/admin/opt/anaconda3/envs/python-airflow-venv/lib/python3.10/site-packages/airflow/example_dags/example_latest_only_with_trigger.py for tasks to queue
[2023-07-08T16:51:28.514-0400] {logging_mixin.py:137} INFO - [2023-07-08T16:51:28.514-0400] {dagbag.py:538} INFO - Filling up the DagBag from /Users/admin/opt/anaconda3/envs/python-airflow-venv/lib/python3.10/site-packages/airflow/example_dags/example_latest_only_with_trigger.py
[2023-07-08T16:51:28.564-0400] {processor.py:753} INFO - DAG(s) dict_keys(['latest_only_with_trigger']) retrieved from /Users/admin/opt/anaconda3/envs/python-airflow-venv/lib/python3.10/site-packages/airflow/example_dags/example_latest_only_with_trigger.py
[2023-07-08T16:51:28.618-0400] {logging_mixin.py:137} WARNING - /Users/admin/opt/anaconda3/envs/python-airflow-venv/lib/python3.10/site-packages/airflow/jobs/scheduler_job.py:124 DeprecationWarning: The processor_poll_interval option in [scheduler] has been renamed to scheduler_idle_sleep_time - the old setting has been used, but please update your config.
[2023-07-08T16:51:29.202-0400] {logging_mixin.py:137} INFO - [2023-07-08T16:51:29.202-0400] {dag.py:2690} INFO - Sync 1 DAGs
[2023-07-08T16:51:29.216-0400] {logging_mixin.py:137} INFO - [2023-07-08T16:51:29.216-0400] {dag.py:3437} INFO - Setting next_dagrun for latest_only_with_trigger to 2023-07-08T16:51:29.216229+00:00, run_after=2023-07-08T20:51:29.216229+00:00
[2023-07-08T16:51:29.236-0400] {processor.py:175} INFO - Processing /Users/admin/opt/anaconda3/envs/python-airflow-venv/lib/python3.10/site-packages/airflow/example_dags/example_latest_only_with_trigger.py took 0.730 seconds
[2023-07-08T17:55:26.239-0400] {logging_mixin.py:137} WARNING - /Users/admin/opt/anaconda3/envs/python-airflow-venv/lib/python3.10/site-packages/airflow/settings.py:337 DeprecationWarning: The sql_alchemy_pool_enabled option in [core] has been moved to the sql_alchemy_pool_enabled option in [database] - the old setting has been used, but please update your config.
[2023-07-08T17:55:26.245-0400] {logging_mixin.py:137} WARNING - /Users/admin/opt/anaconda3/envs/python-airflow-venv/lib/python3.10/site-packages/airflow/settings.py:400 DeprecationWarning: The sql_engine_encoding option in [core] has been moved to the sql_engine_encoding option in [database] - the old setting has been used, but please update your config.
[2023-07-08T17:55:26.246-0400] {processor.py:153} INFO - Started process (PID=19563) to work on /Users/admin/opt/anaconda3/envs/python-airflow-venv/lib/python3.10/site-packages/airflow/example_dags/example_latest_only_with_trigger.py
[2023-07-08T17:55:26.246-0400] {processor.py:743} INFO - Processing file /Users/admin/opt/anaconda3/envs/python-airflow-venv/lib/python3.10/site-packages/airflow/example_dags/example_latest_only_with_trigger.py for tasks to queue
[2023-07-08T17:55:26.247-0400] {logging_mixin.py:137} INFO - [2023-07-08T17:55:26.247-0400] {dagbag.py:538} INFO - Filling up the DagBag from /Users/admin/opt/anaconda3/envs/python-airflow-venv/lib/python3.10/site-packages/airflow/example_dags/example_latest_only_with_trigger.py
[2023-07-08T17:55:26.305-0400] {processor.py:753} INFO - DAG(s) dict_keys(['latest_only_with_trigger']) retrieved from /Users/admin/opt/anaconda3/envs/python-airflow-venv/lib/python3.10/site-packages/airflow/example_dags/example_latest_only_with_trigger.py
[2023-07-08T17:55:26.360-0400] {logging_mixin.py:137} WARNING - /Users/admin/opt/anaconda3/envs/python-airflow-venv/lib/python3.10/site-packages/airflow/jobs/scheduler_job.py:124 DeprecationWarning: The processor_poll_interval option in [scheduler] has been renamed to scheduler_idle_sleep_time - the old setting has been used, but please update your config.
[2023-07-08T17:55:27.077-0400] {logging_mixin.py:137} INFO - [2023-07-08T17:55:27.077-0400] {dag.py:2690} INFO - Sync 1 DAGs
[2023-07-08T17:55:27.097-0400] {logging_mixin.py:137} INFO - [2023-07-08T17:55:27.097-0400] {dag.py:3437} INFO - Setting next_dagrun for latest_only_with_trigger to 2023-07-08T17:55:27.097371+00:00, run_after=2023-07-08T21:55:27.097371+00:00
[2023-07-08T17:55:27.117-0400] {processor.py:175} INFO - Processing /Users/admin/opt/anaconda3/envs/python-airflow-venv/lib/python3.10/site-packages/airflow/example_dags/example_latest_only_with_trigger.py took 0.879 seconds
[2023-07-08T18:05:12.668-0400] {logging_mixin.py:137} WARNING - /Users/admin/opt/anaconda3/envs/python-airflow-venv/lib/python3.10/site-packages/airflow/settings.py:337 DeprecationWarning: The sql_alchemy_pool_enabled option in [core] has been moved to the sql_alchemy_pool_enabled option in [database] - the old setting has been used, but please update your config.
[2023-07-08T18:05:12.674-0400] {logging_mixin.py:137} WARNING - /Users/admin/opt/anaconda3/envs/python-airflow-venv/lib/python3.10/site-packages/airflow/settings.py:400 DeprecationWarning: The sql_engine_encoding option in [core] has been moved to the sql_engine_encoding option in [database] - the old setting has been used, but please update your config.
[2023-07-08T18:05:12.675-0400] {processor.py:153} INFO - Started process (PID=19734) to work on /Users/admin/opt/anaconda3/envs/python-airflow-venv/lib/python3.10/site-packages/airflow/example_dags/example_latest_only_with_trigger.py
[2023-07-08T18:05:12.675-0400] {processor.py:743} INFO - Processing file /Users/admin/opt/anaconda3/envs/python-airflow-venv/lib/python3.10/site-packages/airflow/example_dags/example_latest_only_with_trigger.py for tasks to queue
[2023-07-08T18:05:12.675-0400] {logging_mixin.py:137} INFO - [2023-07-08T18:05:12.675-0400] {dagbag.py:538} INFO - Filling up the DagBag from /Users/admin/opt/anaconda3/envs/python-airflow-venv/lib/python3.10/site-packages/airflow/example_dags/example_latest_only_with_trigger.py
[2023-07-08T18:05:12.732-0400] {processor.py:753} INFO - DAG(s) dict_keys(['latest_only_with_trigger']) retrieved from /Users/admin/opt/anaconda3/envs/python-airflow-venv/lib/python3.10/site-packages/airflow/example_dags/example_latest_only_with_trigger.py
[2023-07-08T18:05:12.806-0400] {logging_mixin.py:137} WARNING - /Users/admin/opt/anaconda3/envs/python-airflow-venv/lib/python3.10/site-packages/airflow/jobs/scheduler_job.py:124 DeprecationWarning: The processor_poll_interval option in [scheduler] has been renamed to scheduler_idle_sleep_time - the old setting has been used, but please update your config.
[2023-07-08T18:05:13.518-0400] {logging_mixin.py:137} INFO - [2023-07-08T18:05:13.517-0400] {dag.py:2690} INFO - Sync 1 DAGs
[2023-07-08T18:05:13.540-0400] {logging_mixin.py:137} INFO - [2023-07-08T18:05:13.540-0400] {dag.py:3437} INFO - Setting next_dagrun for latest_only_with_trigger to 2023-07-08T18:05:13.540561+00:00, run_after=2023-07-08T22:05:13.540561+00:00
[2023-07-08T18:05:13.563-0400] {processor.py:175} INFO - Processing /Users/admin/opt/anaconda3/envs/python-airflow-venv/lib/python3.10/site-packages/airflow/example_dags/example_latest_only_with_trigger.py took 0.896 seconds
[2023-07-08T18:07:39.723-0400] {logging_mixin.py:137} WARNING - /Users/admin/opt/anaconda3/envs/python-airflow-venv/lib/python3.10/site-packages/airflow/settings.py:337 DeprecationWarning: The sql_alchemy_pool_enabled option in [core] has been moved to the sql_alchemy_pool_enabled option in [database] - the old setting has been used, but please update your config.
[2023-07-08T18:07:39.732-0400] {logging_mixin.py:137} WARNING - /Users/admin/opt/anaconda3/envs/python-airflow-venv/lib/python3.10/site-packages/airflow/settings.py:400 DeprecationWarning: The sql_engine_encoding option in [core] has been moved to the sql_engine_encoding option in [database] - the old setting has been used, but please update your config.
[2023-07-08T18:07:39.733-0400] {processor.py:153} INFO - Started process (PID=19796) to work on /Users/admin/opt/anaconda3/envs/python-airflow-venv/lib/python3.10/site-packages/airflow/example_dags/example_latest_only_with_trigger.py
[2023-07-08T18:07:39.734-0400] {processor.py:743} INFO - Processing file /Users/admin/opt/anaconda3/envs/python-airflow-venv/lib/python3.10/site-packages/airflow/example_dags/example_latest_only_with_trigger.py for tasks to queue
[2023-07-08T18:07:39.745-0400] {logging_mixin.py:137} INFO - [2023-07-08T18:07:39.734-0400] {dagbag.py:538} INFO - Filling up the DagBag from /Users/admin/opt/anaconda3/envs/python-airflow-venv/lib/python3.10/site-packages/airflow/example_dags/example_latest_only_with_trigger.py
[2023-07-08T18:07:39.823-0400] {processor.py:753} INFO - DAG(s) dict_keys(['latest_only_with_trigger']) retrieved from /Users/admin/opt/anaconda3/envs/python-airflow-venv/lib/python3.10/site-packages/airflow/example_dags/example_latest_only_with_trigger.py
[2023-07-08T18:07:39.928-0400] {logging_mixin.py:137} WARNING - /Users/admin/opt/anaconda3/envs/python-airflow-venv/lib/python3.10/site-packages/airflow/jobs/scheduler_job.py:124 DeprecationWarning: The processor_poll_interval option in [scheduler] has been renamed to scheduler_idle_sleep_time - the old setting has been used, but please update your config.
[2023-07-08T18:07:41.063-0400] {logging_mixin.py:137} INFO - [2023-07-08T18:07:41.063-0400] {dag.py:2690} INFO - Sync 1 DAGs
[2023-07-08T18:07:41.092-0400] {logging_mixin.py:137} INFO - [2023-07-08T18:07:41.092-0400] {dag.py:3437} INFO - Setting next_dagrun for latest_only_with_trigger to 2023-07-08T18:07:41.092457+00:00, run_after=2023-07-08T22:07:41.092457+00:00
[2023-07-08T18:07:41.119-0400] {processor.py:175} INFO - Processing /Users/admin/opt/anaconda3/envs/python-airflow-venv/lib/python3.10/site-packages/airflow/example_dags/example_latest_only_with_trigger.py took 1.397 seconds
[2023-07-08T18:12:33.739-0400] {logging_mixin.py:137} WARNING - /Users/admin/opt/anaconda3/envs/python-airflow-venv/lib/python3.10/site-packages/airflow/settings.py:337 DeprecationWarning: The sql_alchemy_pool_enabled option in [core] has been moved to the sql_alchemy_pool_enabled option in [database] - the old setting has been used, but please update your config.
[2023-07-08T18:12:33.744-0400] {logging_mixin.py:137} WARNING - /Users/admin/opt/anaconda3/envs/python-airflow-venv/lib/python3.10/site-packages/airflow/settings.py:400 DeprecationWarning: The sql_engine_encoding option in [core] has been moved to the sql_engine_encoding option in [database] - the old setting has been used, but please update your config.
[2023-07-08T18:12:33.744-0400] {processor.py:153} INFO - Started process (PID=19970) to work on /Users/admin/opt/anaconda3/envs/python-airflow-venv/lib/python3.10/site-packages/airflow/example_dags/example_latest_only_with_trigger.py
[2023-07-08T18:12:33.745-0400] {processor.py:743} INFO - Processing file /Users/admin/opt/anaconda3/envs/python-airflow-venv/lib/python3.10/site-packages/airflow/example_dags/example_latest_only_with_trigger.py for tasks to queue
[2023-07-08T18:12:33.745-0400] {logging_mixin.py:137} INFO - [2023-07-08T18:12:33.745-0400] {dagbag.py:538} INFO - Filling up the DagBag from /Users/admin/opt/anaconda3/envs/python-airflow-venv/lib/python3.10/site-packages/airflow/example_dags/example_latest_only_with_trigger.py
[2023-07-08T18:12:33.825-0400] {processor.py:753} INFO - DAG(s) dict_keys(['latest_only_with_trigger']) retrieved from /Users/admin/opt/anaconda3/envs/python-airflow-venv/lib/python3.10/site-packages/airflow/example_dags/example_latest_only_with_trigger.py
[2023-07-08T18:12:33.919-0400] {logging_mixin.py:137} WARNING - /Users/admin/opt/anaconda3/envs/python-airflow-venv/lib/python3.10/site-packages/airflow/jobs/scheduler_job.py:124 DeprecationWarning: The processor_poll_interval option in [scheduler] has been renamed to scheduler_idle_sleep_time - the old setting has been used, but please update your config.
[2023-07-08T18:12:34.654-0400] {logging_mixin.py:137} INFO - [2023-07-08T18:12:34.654-0400] {dag.py:2690} INFO - Sync 1 DAGs
[2023-07-08T18:12:34.669-0400] {logging_mixin.py:137} INFO - [2023-07-08T18:12:34.669-0400] {dag.py:3437} INFO - Setting next_dagrun for latest_only_with_trigger to 2023-07-08T18:12:34.669291+00:00, run_after=2023-07-08T22:12:34.669291+00:00
[2023-07-08T18:12:34.688-0400] {processor.py:175} INFO - Processing /Users/admin/opt/anaconda3/envs/python-airflow-venv/lib/python3.10/site-packages/airflow/example_dags/example_latest_only_with_trigger.py took 0.949 seconds
[2023-07-08T18:14:47.041-0400] {logging_mixin.py:137} WARNING - /Users/admin/opt/anaconda3/envs/python-airflow-venv/lib/python3.10/site-packages/airflow/settings.py:337 DeprecationWarning: The sql_alchemy_pool_enabled option in [core] has been moved to the sql_alchemy_pool_enabled option in [database] - the old setting has been used, but please update your config.
[2023-07-08T18:14:47.047-0400] {logging_mixin.py:137} WARNING - /Users/admin/opt/anaconda3/envs/python-airflow-venv/lib/python3.10/site-packages/airflow/settings.py:400 DeprecationWarning: The sql_engine_encoding option in [core] has been moved to the sql_engine_encoding option in [database] - the old setting has been used, but please update your config.
[2023-07-08T18:14:47.048-0400] {processor.py:153} INFO - Started process (PID=20031) to work on /Users/admin/opt/anaconda3/envs/python-airflow-venv/lib/python3.10/site-packages/airflow/example_dags/example_latest_only_with_trigger.py
[2023-07-08T18:14:47.048-0400] {processor.py:743} INFO - Processing file /Users/admin/opt/anaconda3/envs/python-airflow-venv/lib/python3.10/site-packages/airflow/example_dags/example_latest_only_with_trigger.py for tasks to queue
[2023-07-08T18:14:47.049-0400] {logging_mixin.py:137} INFO - [2023-07-08T18:14:47.048-0400] {dagbag.py:538} INFO - Filling up the DagBag from /Users/admin/opt/anaconda3/envs/python-airflow-venv/lib/python3.10/site-packages/airflow/example_dags/example_latest_only_with_trigger.py
[2023-07-08T18:14:47.101-0400] {processor.py:753} INFO - DAG(s) dict_keys(['latest_only_with_trigger']) retrieved from /Users/admin/opt/anaconda3/envs/python-airflow-venv/lib/python3.10/site-packages/airflow/example_dags/example_latest_only_with_trigger.py
[2023-07-08T18:14:47.168-0400] {logging_mixin.py:137} WARNING - /Users/admin/opt/anaconda3/envs/python-airflow-venv/lib/python3.10/site-packages/airflow/jobs/scheduler_job.py:124 DeprecationWarning: The processor_poll_interval option in [scheduler] has been renamed to scheduler_idle_sleep_time - the old setting has been used, but please update your config.
[2023-07-08T18:14:47.815-0400] {logging_mixin.py:137} INFO - [2023-07-08T18:14:47.815-0400] {dag.py:2690} INFO - Sync 1 DAGs
[2023-07-08T18:14:47.830-0400] {logging_mixin.py:137} INFO - [2023-07-08T18:14:47.830-0400] {dag.py:3437} INFO - Setting next_dagrun for latest_only_with_trigger to 2023-07-08T18:14:47.830656+00:00, run_after=2023-07-08T22:14:47.830656+00:00
[2023-07-08T18:14:47.851-0400] {processor.py:175} INFO - Processing /Users/admin/opt/anaconda3/envs/python-airflow-venv/lib/python3.10/site-packages/airflow/example_dags/example_latest_only_with_trigger.py took 0.811 seconds
[2023-07-08T18:16:31.478-0400] {logging_mixin.py:137} WARNING - /Users/admin/opt/anaconda3/envs/python-airflow-venv/lib/python3.10/site-packages/airflow/settings.py:337 DeprecationWarning: The sql_alchemy_pool_enabled option in [core] has been moved to the sql_alchemy_pool_enabled option in [database] - the old setting has been used, but please update your config.
[2023-07-08T18:16:31.483-0400] {logging_mixin.py:137} WARNING - /Users/admin/opt/anaconda3/envs/python-airflow-venv/lib/python3.10/site-packages/airflow/settings.py:400 DeprecationWarning: The sql_engine_encoding option in [core] has been moved to the sql_engine_encoding option in [database] - the old setting has been used, but please update your config.
[2023-07-08T18:16:31.484-0400] {processor.py:153} INFO - Started process (PID=20101) to work on /Users/admin/opt/anaconda3/envs/python-airflow-venv/lib/python3.10/site-packages/airflow/example_dags/example_latest_only_with_trigger.py
[2023-07-08T18:16:31.484-0400] {processor.py:743} INFO - Processing file /Users/admin/opt/anaconda3/envs/python-airflow-venv/lib/python3.10/site-packages/airflow/example_dags/example_latest_only_with_trigger.py for tasks to queue
[2023-07-08T18:16:31.485-0400] {logging_mixin.py:137} INFO - [2023-07-08T18:16:31.485-0400] {dagbag.py:538} INFO - Filling up the DagBag from /Users/admin/opt/anaconda3/envs/python-airflow-venv/lib/python3.10/site-packages/airflow/example_dags/example_latest_only_with_trigger.py
[2023-07-08T18:16:31.534-0400] {processor.py:753} INFO - DAG(s) dict_keys(['latest_only_with_trigger']) retrieved from /Users/admin/opt/anaconda3/envs/python-airflow-venv/lib/python3.10/site-packages/airflow/example_dags/example_latest_only_with_trigger.py
[2023-07-08T18:16:31.592-0400] {logging_mixin.py:137} WARNING - /Users/admin/opt/anaconda3/envs/python-airflow-venv/lib/python3.10/site-packages/airflow/jobs/scheduler_job.py:124 DeprecationWarning: The processor_poll_interval option in [scheduler] has been renamed to scheduler_idle_sleep_time - the old setting has been used, but please update your config.
[2023-07-08T18:16:32.242-0400] {logging_mixin.py:137} INFO - [2023-07-08T18:16:32.242-0400] {dag.py:2690} INFO - Sync 1 DAGs
[2023-07-08T18:16:32.260-0400] {logging_mixin.py:137} INFO - [2023-07-08T18:16:32.260-0400] {dag.py:3437} INFO - Setting next_dagrun for latest_only_with_trigger to 2023-07-08T18:16:32.260283+00:00, run_after=2023-07-08T22:16:32.260283+00:00
[2023-07-08T18:16:32.275-0400] {processor.py:175} INFO - Processing /Users/admin/opt/anaconda3/envs/python-airflow-venv/lib/python3.10/site-packages/airflow/example_dags/example_latest_only_with_trigger.py took 0.797 seconds
[2023-07-08T18:18:04.454-0400] {logging_mixin.py:137} WARNING - /Users/admin/opt/anaconda3/envs/python-airflow-venv/lib/python3.10/site-packages/airflow/settings.py:337 DeprecationWarning: The sql_alchemy_pool_enabled option in [core] has been moved to the sql_alchemy_pool_enabled option in [database] - the old setting has been used, but please update your config.
[2023-07-08T18:18:04.458-0400] {logging_mixin.py:137} WARNING - /Users/admin/opt/anaconda3/envs/python-airflow-venv/lib/python3.10/site-packages/airflow/settings.py:400 DeprecationWarning: The sql_engine_encoding option in [core] has been moved to the sql_engine_encoding option in [database] - the old setting has been used, but please update your config.
[2023-07-08T18:18:04.459-0400] {processor.py:153} INFO - Started process (PID=20163) to work on /Users/admin/opt/anaconda3/envs/python-airflow-venv/lib/python3.10/site-packages/airflow/example_dags/example_latest_only_with_trigger.py
[2023-07-08T18:18:04.459-0400] {processor.py:743} INFO - Processing file /Users/admin/opt/anaconda3/envs/python-airflow-venv/lib/python3.10/site-packages/airflow/example_dags/example_latest_only_with_trigger.py for tasks to queue
[2023-07-08T18:18:04.460-0400] {logging_mixin.py:137} INFO - [2023-07-08T18:18:04.459-0400] {dagbag.py:538} INFO - Filling up the DagBag from /Users/admin/opt/anaconda3/envs/python-airflow-venv/lib/python3.10/site-packages/airflow/example_dags/example_latest_only_with_trigger.py
[2023-07-08T18:18:04.503-0400] {processor.py:753} INFO - DAG(s) dict_keys(['latest_only_with_trigger']) retrieved from /Users/admin/opt/anaconda3/envs/python-airflow-venv/lib/python3.10/site-packages/airflow/example_dags/example_latest_only_with_trigger.py
[2023-07-08T18:18:04.557-0400] {logging_mixin.py:137} WARNING - /Users/admin/opt/anaconda3/envs/python-airflow-venv/lib/python3.10/site-packages/airflow/jobs/scheduler_job.py:124 DeprecationWarning: The processor_poll_interval option in [scheduler] has been renamed to scheduler_idle_sleep_time - the old setting has been used, but please update your config.
[2023-07-08T18:18:05.146-0400] {logging_mixin.py:137} INFO - [2023-07-08T18:18:05.146-0400] {dag.py:2690} INFO - Sync 1 DAGs
[2023-07-08T18:18:05.161-0400] {logging_mixin.py:137} INFO - [2023-07-08T18:18:05.161-0400] {dag.py:3437} INFO - Setting next_dagrun for latest_only_with_trigger to 2023-07-08T18:18:05.161669+00:00, run_after=2023-07-08T22:18:05.161669+00:00
[2023-07-08T18:18:05.180-0400] {processor.py:175} INFO - Processing /Users/admin/opt/anaconda3/envs/python-airflow-venv/lib/python3.10/site-packages/airflow/example_dags/example_latest_only_with_trigger.py took 0.727 seconds
[2023-07-08T18:19:28.176-0400] {logging_mixin.py:137} WARNING - /Users/admin/opt/anaconda3/envs/python-airflow-venv/lib/python3.10/site-packages/airflow/settings.py:337 DeprecationWarning: The sql_alchemy_pool_enabled option in [core] has been moved to the sql_alchemy_pool_enabled option in [database] - the old setting has been used, but please update your config.
[2023-07-08T18:19:28.181-0400] {logging_mixin.py:137} WARNING - /Users/admin/opt/anaconda3/envs/python-airflow-venv/lib/python3.10/site-packages/airflow/settings.py:400 DeprecationWarning: The sql_engine_encoding option in [core] has been moved to the sql_engine_encoding option in [database] - the old setting has been used, but please update your config.
[2023-07-08T18:19:28.181-0400] {processor.py:153} INFO - Started process (PID=20217) to work on /Users/admin/opt/anaconda3/envs/python-airflow-venv/lib/python3.10/site-packages/airflow/example_dags/example_latest_only_with_trigger.py
[2023-07-08T18:19:28.182-0400] {processor.py:743} INFO - Processing file /Users/admin/opt/anaconda3/envs/python-airflow-venv/lib/python3.10/site-packages/airflow/example_dags/example_latest_only_with_trigger.py for tasks to queue
[2023-07-08T18:19:28.182-0400] {logging_mixin.py:137} INFO - [2023-07-08T18:19:28.182-0400] {dagbag.py:538} INFO - Filling up the DagBag from /Users/admin/opt/anaconda3/envs/python-airflow-venv/lib/python3.10/site-packages/airflow/example_dags/example_latest_only_with_trigger.py
[2023-07-08T18:19:28.227-0400] {processor.py:753} INFO - DAG(s) dict_keys(['latest_only_with_trigger']) retrieved from /Users/admin/opt/anaconda3/envs/python-airflow-venv/lib/python3.10/site-packages/airflow/example_dags/example_latest_only_with_trigger.py
[2023-07-08T18:19:28.283-0400] {logging_mixin.py:137} WARNING - /Users/admin/opt/anaconda3/envs/python-airflow-venv/lib/python3.10/site-packages/airflow/jobs/scheduler_job.py:124 DeprecationWarning: The processor_poll_interval option in [scheduler] has been renamed to scheduler_idle_sleep_time - the old setting has been used, but please update your config.
[2023-07-08T18:19:28.873-0400] {logging_mixin.py:137} INFO - [2023-07-08T18:19:28.873-0400] {dag.py:2690} INFO - Sync 1 DAGs
[2023-07-08T18:19:28.888-0400] {logging_mixin.py:137} INFO - [2023-07-08T18:19:28.888-0400] {dag.py:3437} INFO - Setting next_dagrun for latest_only_with_trigger to 2023-07-08T18:19:28.888008+00:00, run_after=2023-07-08T22:19:28.888008+00:00
[2023-07-08T18:19:28.905-0400] {processor.py:175} INFO - Processing /Users/admin/opt/anaconda3/envs/python-airflow-venv/lib/python3.10/site-packages/airflow/example_dags/example_latest_only_with_trigger.py took 0.730 seconds
[2023-07-08T18:21:03.772-0400] {logging_mixin.py:137} WARNING - /Users/admin/opt/anaconda3/envs/python-airflow-venv/lib/python3.10/site-packages/airflow/settings.py:337 DeprecationWarning: The sql_alchemy_pool_enabled option in [core] has been moved to the sql_alchemy_pool_enabled option in [database] - the old setting has been used, but please update your config.
[2023-07-08T18:21:03.776-0400] {logging_mixin.py:137} WARNING - /Users/admin/opt/anaconda3/envs/python-airflow-venv/lib/python3.10/site-packages/airflow/settings.py:400 DeprecationWarning: The sql_engine_encoding option in [core] has been moved to the sql_engine_encoding option in [database] - the old setting has been used, but please update your config.
[2023-07-08T18:21:03.777-0400] {processor.py:153} INFO - Started process (PID=20274) to work on /Users/admin/opt/anaconda3/envs/python-airflow-venv/lib/python3.10/site-packages/airflow/example_dags/example_latest_only_with_trigger.py
[2023-07-08T18:21:03.777-0400] {processor.py:743} INFO - Processing file /Users/admin/opt/anaconda3/envs/python-airflow-venv/lib/python3.10/site-packages/airflow/example_dags/example_latest_only_with_trigger.py for tasks to queue
[2023-07-08T18:21:03.778-0400] {logging_mixin.py:137} INFO - [2023-07-08T18:21:03.778-0400] {dagbag.py:538} INFO - Filling up the DagBag from /Users/admin/opt/anaconda3/envs/python-airflow-venv/lib/python3.10/site-packages/airflow/example_dags/example_latest_only_with_trigger.py
[2023-07-08T18:21:03.821-0400] {processor.py:753} INFO - DAG(s) dict_keys(['latest_only_with_trigger']) retrieved from /Users/admin/opt/anaconda3/envs/python-airflow-venv/lib/python3.10/site-packages/airflow/example_dags/example_latest_only_with_trigger.py
[2023-07-08T18:21:03.875-0400] {logging_mixin.py:137} WARNING - /Users/admin/opt/anaconda3/envs/python-airflow-venv/lib/python3.10/site-packages/airflow/jobs/scheduler_job.py:124 DeprecationWarning: The processor_poll_interval option in [scheduler] has been renamed to scheduler_idle_sleep_time - the old setting has been used, but please update your config.
[2023-07-08T18:21:04.467-0400] {logging_mixin.py:137} INFO - [2023-07-08T18:21:04.467-0400] {dag.py:2690} INFO - Sync 1 DAGs
[2023-07-08T18:21:04.481-0400] {logging_mixin.py:137} INFO - [2023-07-08T18:21:04.481-0400] {dag.py:3437} INFO - Setting next_dagrun for latest_only_with_trigger to 2023-07-08T18:21:04.481316+00:00, run_after=2023-07-08T22:21:04.481316+00:00
[2023-07-08T18:21:04.498-0400] {processor.py:175} INFO - Processing /Users/admin/opt/anaconda3/envs/python-airflow-venv/lib/python3.10/site-packages/airflow/example_dags/example_latest_only_with_trigger.py took 0.726 seconds
[2023-07-08T18:23:03.269-0400] {logging_mixin.py:137} WARNING - /Users/admin/opt/anaconda3/envs/python-airflow-venv/lib/python3.10/site-packages/airflow/settings.py:337 DeprecationWarning: The sql_alchemy_pool_enabled option in [core] has been moved to the sql_alchemy_pool_enabled option in [database] - the old setting has been used, but please update your config.
[2023-07-08T18:23:03.273-0400] {logging_mixin.py:137} WARNING - /Users/admin/opt/anaconda3/envs/python-airflow-venv/lib/python3.10/site-packages/airflow/settings.py:400 DeprecationWarning: The sql_engine_encoding option in [core] has been moved to the sql_engine_encoding option in [database] - the old setting has been used, but please update your config.
[2023-07-08T18:23:03.274-0400] {processor.py:153} INFO - Started process (PID=20331) to work on /Users/admin/opt/anaconda3/envs/python-airflow-venv/lib/python3.10/site-packages/airflow/example_dags/example_latest_only_with_trigger.py
[2023-07-08T18:23:03.274-0400] {processor.py:743} INFO - Processing file /Users/admin/opt/anaconda3/envs/python-airflow-venv/lib/python3.10/site-packages/airflow/example_dags/example_latest_only_with_trigger.py for tasks to queue
[2023-07-08T18:23:03.274-0400] {logging_mixin.py:137} INFO - [2023-07-08T18:23:03.274-0400] {dagbag.py:538} INFO - Filling up the DagBag from /Users/admin/opt/anaconda3/envs/python-airflow-venv/lib/python3.10/site-packages/airflow/example_dags/example_latest_only_with_trigger.py
[2023-07-08T18:23:03.317-0400] {processor.py:753} INFO - DAG(s) dict_keys(['latest_only_with_trigger']) retrieved from /Users/admin/opt/anaconda3/envs/python-airflow-venv/lib/python3.10/site-packages/airflow/example_dags/example_latest_only_with_trigger.py
[2023-07-08T18:23:03.372-0400] {logging_mixin.py:137} WARNING - /Users/admin/opt/anaconda3/envs/python-airflow-venv/lib/python3.10/site-packages/airflow/jobs/scheduler_job.py:124 DeprecationWarning: The processor_poll_interval option in [scheduler] has been renamed to scheduler_idle_sleep_time - the old setting has been used, but please update your config.
[2023-07-08T18:23:03.951-0400] {logging_mixin.py:137} INFO - [2023-07-08T18:23:03.951-0400] {dag.py:2690} INFO - Sync 1 DAGs
[2023-07-08T18:23:03.965-0400] {logging_mixin.py:137} INFO - [2023-07-08T18:23:03.965-0400] {dag.py:3437} INFO - Setting next_dagrun for latest_only_with_trigger to 2023-07-08T18:23:03.965342+00:00, run_after=2023-07-08T22:23:03.965342+00:00
[2023-07-08T18:23:03.982-0400] {processor.py:175} INFO - Processing /Users/admin/opt/anaconda3/envs/python-airflow-venv/lib/python3.10/site-packages/airflow/example_dags/example_latest_only_with_trigger.py took 0.714 seconds
[2023-07-08T18:25:01.187-0400] {logging_mixin.py:137} WARNING - /Users/admin/opt/anaconda3/envs/python-airflow-venv/lib/python3.10/site-packages/airflow/settings.py:337 DeprecationWarning: The sql_alchemy_pool_enabled option in [core] has been moved to the sql_alchemy_pool_enabled option in [database] - the old setting has been used, but please update your config.
[2023-07-08T18:25:01.193-0400] {logging_mixin.py:137} WARNING - /Users/admin/opt/anaconda3/envs/python-airflow-venv/lib/python3.10/site-packages/airflow/settings.py:400 DeprecationWarning: The sql_engine_encoding option in [core] has been moved to the sql_engine_encoding option in [database] - the old setting has been used, but please update your config.
[2023-07-08T18:25:01.194-0400] {processor.py:153} INFO - Started process (PID=20389) to work on /Users/admin/opt/anaconda3/envs/python-airflow-venv/lib/python3.10/site-packages/airflow/example_dags/example_latest_only_with_trigger.py
[2023-07-08T18:25:01.194-0400] {processor.py:743} INFO - Processing file /Users/admin/opt/anaconda3/envs/python-airflow-venv/lib/python3.10/site-packages/airflow/example_dags/example_latest_only_with_trigger.py for tasks to queue
[2023-07-08T18:25:01.194-0400] {logging_mixin.py:137} INFO - [2023-07-08T18:25:01.194-0400] {dagbag.py:538} INFO - Filling up the DagBag from /Users/admin/opt/anaconda3/envs/python-airflow-venv/lib/python3.10/site-packages/airflow/example_dags/example_latest_only_with_trigger.py
[2023-07-08T18:25:01.237-0400] {processor.py:753} INFO - DAG(s) dict_keys(['latest_only_with_trigger']) retrieved from /Users/admin/opt/anaconda3/envs/python-airflow-venv/lib/python3.10/site-packages/airflow/example_dags/example_latest_only_with_trigger.py
[2023-07-08T18:25:01.291-0400] {logging_mixin.py:137} WARNING - /Users/admin/opt/anaconda3/envs/python-airflow-venv/lib/python3.10/site-packages/airflow/jobs/scheduler_job.py:124 DeprecationWarning: The processor_poll_interval option in [scheduler] has been renamed to scheduler_idle_sleep_time - the old setting has been used, but please update your config.
[2023-07-08T18:25:01.872-0400] {logging_mixin.py:137} INFO - [2023-07-08T18:25:01.872-0400] {dag.py:2690} INFO - Sync 1 DAGs
[2023-07-08T18:25:01.886-0400] {logging_mixin.py:137} INFO - [2023-07-08T18:25:01.886-0400] {dag.py:3437} INFO - Setting next_dagrun for latest_only_with_trigger to 2023-07-08T18:25:01.886464+00:00, run_after=2023-07-08T22:25:01.886464+00:00
[2023-07-08T18:25:01.906-0400] {processor.py:175} INFO - Processing /Users/admin/opt/anaconda3/envs/python-airflow-venv/lib/python3.10/site-packages/airflow/example_dags/example_latest_only_with_trigger.py took 0.721 seconds
[2023-07-08T18:27:10.115-0400] {logging_mixin.py:137} WARNING - /Users/admin/opt/anaconda3/envs/python-airflow-venv/lib/python3.10/site-packages/airflow/settings.py:337 DeprecationWarning: The sql_alchemy_pool_enabled option in [core] has been moved to the sql_alchemy_pool_enabled option in [database] - the old setting has been used, but please update your config.
[2023-07-08T18:27:10.123-0400] {logging_mixin.py:137} WARNING - /Users/admin/opt/anaconda3/envs/python-airflow-venv/lib/python3.10/site-packages/airflow/settings.py:400 DeprecationWarning: The sql_engine_encoding option in [core] has been moved to the sql_engine_encoding option in [database] - the old setting has been used, but please update your config.
[2023-07-08T18:27:10.124-0400] {processor.py:153} INFO - Started process (PID=20450) to work on /Users/admin/opt/anaconda3/envs/python-airflow-venv/lib/python3.10/site-packages/airflow/example_dags/example_latest_only_with_trigger.py
[2023-07-08T18:27:10.124-0400] {processor.py:743} INFO - Processing file /Users/admin/opt/anaconda3/envs/python-airflow-venv/lib/python3.10/site-packages/airflow/example_dags/example_latest_only_with_trigger.py for tasks to queue
[2023-07-08T18:27:10.124-0400] {logging_mixin.py:137} INFO - [2023-07-08T18:27:10.124-0400] {dagbag.py:538} INFO - Filling up the DagBag from /Users/admin/opt/anaconda3/envs/python-airflow-venv/lib/python3.10/site-packages/airflow/example_dags/example_latest_only_with_trigger.py
[2023-07-08T18:27:10.173-0400] {processor.py:753} INFO - DAG(s) dict_keys(['latest_only_with_trigger']) retrieved from /Users/admin/opt/anaconda3/envs/python-airflow-venv/lib/python3.10/site-packages/airflow/example_dags/example_latest_only_with_trigger.py
[2023-07-08T18:27:10.238-0400] {logging_mixin.py:137} WARNING - /Users/admin/opt/anaconda3/envs/python-airflow-venv/lib/python3.10/site-packages/airflow/jobs/scheduler_job.py:124 DeprecationWarning: The processor_poll_interval option in [scheduler] has been renamed to scheduler_idle_sleep_time - the old setting has been used, but please update your config.
[2023-07-08T18:27:10.905-0400] {logging_mixin.py:137} INFO - [2023-07-08T18:27:10.904-0400] {dag.py:2690} INFO - Sync 1 DAGs
[2023-07-08T18:27:10.921-0400] {logging_mixin.py:137} INFO - [2023-07-08T18:27:10.921-0400] {dag.py:3437} INFO - Setting next_dagrun for latest_only_with_trigger to 2023-07-08T18:27:10.920994+00:00, run_after=2023-07-08T22:27:10.920994+00:00
[2023-07-08T18:27:10.943-0400] {processor.py:175} INFO - Processing /Users/admin/opt/anaconda3/envs/python-airflow-venv/lib/python3.10/site-packages/airflow/example_dags/example_latest_only_with_trigger.py took 0.830 seconds
[2023-07-08T18:29:19.671-0400] {logging_mixin.py:137} WARNING - /Users/admin/opt/anaconda3/envs/python-airflow-venv/lib/python3.10/site-packages/airflow/settings.py:337 DeprecationWarning: The sql_alchemy_pool_enabled option in [core] has been moved to the sql_alchemy_pool_enabled option in [database] - the old setting has been used, but please update your config.
[2023-07-08T18:29:19.677-0400] {logging_mixin.py:137} WARNING - /Users/admin/opt/anaconda3/envs/python-airflow-venv/lib/python3.10/site-packages/airflow/settings.py:400 DeprecationWarning: The sql_engine_encoding option in [core] has been moved to the sql_engine_encoding option in [database] - the old setting has been used, but please update your config.
[2023-07-08T18:29:19.678-0400] {processor.py:153} INFO - Started process (PID=20508) to work on /Users/admin/opt/anaconda3/envs/python-airflow-venv/lib/python3.10/site-packages/airflow/example_dags/example_latest_only_with_trigger.py
[2023-07-08T18:29:19.678-0400] {processor.py:743} INFO - Processing file /Users/admin/opt/anaconda3/envs/python-airflow-venv/lib/python3.10/site-packages/airflow/example_dags/example_latest_only_with_trigger.py for tasks to queue
[2023-07-08T18:29:19.678-0400] {logging_mixin.py:137} INFO - [2023-07-08T18:29:19.678-0400] {dagbag.py:538} INFO - Filling up the DagBag from /Users/admin/opt/anaconda3/envs/python-airflow-venv/lib/python3.10/site-packages/airflow/example_dags/example_latest_only_with_trigger.py
[2023-07-08T18:29:19.731-0400] {processor.py:753} INFO - DAG(s) dict_keys(['latest_only_with_trigger']) retrieved from /Users/admin/opt/anaconda3/envs/python-airflow-venv/lib/python3.10/site-packages/airflow/example_dags/example_latest_only_with_trigger.py
[2023-07-08T18:29:19.790-0400] {logging_mixin.py:137} WARNING - /Users/admin/opt/anaconda3/envs/python-airflow-venv/lib/python3.10/site-packages/airflow/jobs/scheduler_job.py:124 DeprecationWarning: The processor_poll_interval option in [scheduler] has been renamed to scheduler_idle_sleep_time - the old setting has been used, but please update your config.
[2023-07-08T18:29:20.438-0400] {logging_mixin.py:137} INFO - [2023-07-08T18:29:20.438-0400] {dag.py:2690} INFO - Sync 1 DAGs
[2023-07-08T18:29:20.454-0400] {logging_mixin.py:137} INFO - [2023-07-08T18:29:20.453-0400] {dag.py:3437} INFO - Setting next_dagrun for latest_only_with_trigger to 2023-07-08T18:29:20.453817+00:00, run_after=2023-07-08T22:29:20.453817+00:00
[2023-07-08T18:29:20.470-0400] {processor.py:175} INFO - Processing /Users/admin/opt/anaconda3/envs/python-airflow-venv/lib/python3.10/site-packages/airflow/example_dags/example_latest_only_with_trigger.py took 0.800 seconds
[2023-07-08T18:31:30.967-0400] {logging_mixin.py:137} WARNING - /Users/admin/opt/anaconda3/envs/python-airflow-venv/lib/python3.10/site-packages/airflow/settings.py:337 DeprecationWarning: The sql_alchemy_pool_enabled option in [core] has been moved to the sql_alchemy_pool_enabled option in [database] - the old setting has been used, but please update your config.
[2023-07-08T18:31:30.972-0400] {logging_mixin.py:137} WARNING - /Users/admin/opt/anaconda3/envs/python-airflow-venv/lib/python3.10/site-packages/airflow/settings.py:400 DeprecationWarning: The sql_engine_encoding option in [core] has been moved to the sql_engine_encoding option in [database] - the old setting has been used, but please update your config.
[2023-07-08T18:31:30.973-0400] {processor.py:153} INFO - Started process (PID=20565) to work on /Users/admin/opt/anaconda3/envs/python-airflow-venv/lib/python3.10/site-packages/airflow/example_dags/example_latest_only_with_trigger.py
[2023-07-08T18:31:30.973-0400] {processor.py:743} INFO - Processing file /Users/admin/opt/anaconda3/envs/python-airflow-venv/lib/python3.10/site-packages/airflow/example_dags/example_latest_only_with_trigger.py for tasks to queue
[2023-07-08T18:31:30.973-0400] {logging_mixin.py:137} INFO - [2023-07-08T18:31:30.973-0400] {dagbag.py:538} INFO - Filling up the DagBag from /Users/admin/opt/anaconda3/envs/python-airflow-venv/lib/python3.10/site-packages/airflow/example_dags/example_latest_only_with_trigger.py
[2023-07-08T18:31:31.022-0400] {processor.py:753} INFO - DAG(s) dict_keys(['latest_only_with_trigger']) retrieved from /Users/admin/opt/anaconda3/envs/python-airflow-venv/lib/python3.10/site-packages/airflow/example_dags/example_latest_only_with_trigger.py
[2023-07-08T18:31:31.089-0400] {logging_mixin.py:137} WARNING - /Users/admin/opt/anaconda3/envs/python-airflow-venv/lib/python3.10/site-packages/airflow/jobs/scheduler_job.py:124 DeprecationWarning: The processor_poll_interval option in [scheduler] has been renamed to scheduler_idle_sleep_time - the old setting has been used, but please update your config.
[2023-07-08T18:31:31.764-0400] {logging_mixin.py:137} INFO - [2023-07-08T18:31:31.764-0400] {dag.py:2690} INFO - Sync 1 DAGs
[2023-07-08T18:31:31.780-0400] {logging_mixin.py:137} INFO - [2023-07-08T18:31:31.780-0400] {dag.py:3437} INFO - Setting next_dagrun for latest_only_with_trigger to 2023-07-08T18:31:31.779858+00:00, run_after=2023-07-08T22:31:31.779858+00:00
[2023-07-08T18:31:31.803-0400] {processor.py:175} INFO - Processing /Users/admin/opt/anaconda3/envs/python-airflow-venv/lib/python3.10/site-packages/airflow/example_dags/example_latest_only_with_trigger.py took 0.838 seconds
[2023-07-08T18:33:38.914-0400] {logging_mixin.py:137} WARNING - /Users/admin/opt/anaconda3/envs/python-airflow-venv/lib/python3.10/site-packages/airflow/settings.py:337 DeprecationWarning: The sql_alchemy_pool_enabled option in [core] has been moved to the sql_alchemy_pool_enabled option in [database] - the old setting has been used, but please update your config.
[2023-07-08T18:33:38.919-0400] {logging_mixin.py:137} WARNING - /Users/admin/opt/anaconda3/envs/python-airflow-venv/lib/python3.10/site-packages/airflow/settings.py:400 DeprecationWarning: The sql_engine_encoding option in [core] has been moved to the sql_engine_encoding option in [database] - the old setting has been used, but please update your config.
[2023-07-08T18:33:38.919-0400] {processor.py:153} INFO - Started process (PID=20636) to work on /Users/admin/opt/anaconda3/envs/python-airflow-venv/lib/python3.10/site-packages/airflow/example_dags/example_latest_only_with_trigger.py
[2023-07-08T18:33:38.920-0400] {processor.py:743} INFO - Processing file /Users/admin/opt/anaconda3/envs/python-airflow-venv/lib/python3.10/site-packages/airflow/example_dags/example_latest_only_with_trigger.py for tasks to queue
[2023-07-08T18:33:38.920-0400] {logging_mixin.py:137} INFO - [2023-07-08T18:33:38.920-0400] {dagbag.py:538} INFO - Filling up the DagBag from /Users/admin/opt/anaconda3/envs/python-airflow-venv/lib/python3.10/site-packages/airflow/example_dags/example_latest_only_with_trigger.py
[2023-07-08T18:33:38.964-0400] {processor.py:753} INFO - DAG(s) dict_keys(['latest_only_with_trigger']) retrieved from /Users/admin/opt/anaconda3/envs/python-airflow-venv/lib/python3.10/site-packages/airflow/example_dags/example_latest_only_with_trigger.py
[2023-07-08T18:33:39.020-0400] {logging_mixin.py:137} WARNING - /Users/admin/opt/anaconda3/envs/python-airflow-venv/lib/python3.10/site-packages/airflow/jobs/scheduler_job.py:124 DeprecationWarning: The processor_poll_interval option in [scheduler] has been renamed to scheduler_idle_sleep_time - the old setting has been used, but please update your config.
[2023-07-08T18:33:39.731-0400] {logging_mixin.py:137} INFO - [2023-07-08T18:33:39.731-0400] {dag.py:2690} INFO - Sync 1 DAGs
[2023-07-08T18:33:39.749-0400] {logging_mixin.py:137} INFO - [2023-07-08T18:33:39.748-0400] {dag.py:3437} INFO - Setting next_dagrun for latest_only_with_trigger to 2023-07-08T18:33:39.748734+00:00, run_after=2023-07-08T22:33:39.748734+00:00
[2023-07-08T18:33:39.770-0400] {processor.py:175} INFO - Processing /Users/admin/opt/anaconda3/envs/python-airflow-venv/lib/python3.10/site-packages/airflow/example_dags/example_latest_only_with_trigger.py took 0.857 seconds
[2023-07-08T18:35:40.745-0400] {logging_mixin.py:137} WARNING - /Users/admin/opt/anaconda3/envs/python-airflow-venv/lib/python3.10/site-packages/airflow/settings.py:337 DeprecationWarning: The sql_alchemy_pool_enabled option in [core] has been moved to the sql_alchemy_pool_enabled option in [database] - the old setting has been used, but please update your config.
[2023-07-08T18:35:40.749-0400] {logging_mixin.py:137} WARNING - /Users/admin/opt/anaconda3/envs/python-airflow-venv/lib/python3.10/site-packages/airflow/settings.py:400 DeprecationWarning: The sql_engine_encoding option in [core] has been moved to the sql_engine_encoding option in [database] - the old setting has been used, but please update your config.
[2023-07-08T18:35:40.750-0400] {processor.py:153} INFO - Started process (PID=20693) to work on /Users/admin/opt/anaconda3/envs/python-airflow-venv/lib/python3.10/site-packages/airflow/example_dags/example_latest_only_with_trigger.py
[2023-07-08T18:35:40.750-0400] {processor.py:743} INFO - Processing file /Users/admin/opt/anaconda3/envs/python-airflow-venv/lib/python3.10/site-packages/airflow/example_dags/example_latest_only_with_trigger.py for tasks to queue
[2023-07-08T18:35:40.750-0400] {logging_mixin.py:137} INFO - [2023-07-08T18:35:40.750-0400] {dagbag.py:538} INFO - Filling up the DagBag from /Users/admin/opt/anaconda3/envs/python-airflow-venv/lib/python3.10/site-packages/airflow/example_dags/example_latest_only_with_trigger.py
[2023-07-08T18:35:40.794-0400] {processor.py:753} INFO - DAG(s) dict_keys(['latest_only_with_trigger']) retrieved from /Users/admin/opt/anaconda3/envs/python-airflow-venv/lib/python3.10/site-packages/airflow/example_dags/example_latest_only_with_trigger.py
[2023-07-08T18:35:40.849-0400] {logging_mixin.py:137} WARNING - /Users/admin/opt/anaconda3/envs/python-airflow-venv/lib/python3.10/site-packages/airflow/jobs/scheduler_job.py:124 DeprecationWarning: The processor_poll_interval option in [scheduler] has been renamed to scheduler_idle_sleep_time - the old setting has been used, but please update your config.
[2023-07-08T18:35:41.446-0400] {logging_mixin.py:137} INFO - [2023-07-08T18:35:41.445-0400] {dag.py:2690} INFO - Sync 1 DAGs
[2023-07-08T18:35:41.462-0400] {logging_mixin.py:137} INFO - [2023-07-08T18:35:41.461-0400] {dag.py:3437} INFO - Setting next_dagrun for latest_only_with_trigger to 2023-07-08T18:35:41.461769+00:00, run_after=2023-07-08T22:35:41.461769+00:00
[2023-07-08T18:35:41.478-0400] {processor.py:175} INFO - Processing /Users/admin/opt/anaconda3/envs/python-airflow-venv/lib/python3.10/site-packages/airflow/example_dags/example_latest_only_with_trigger.py took 0.735 seconds
[2023-07-08T19:03:42.077-0400] {logging_mixin.py:137} WARNING - /Users/admin/opt/anaconda3/envs/python-airflow-venv/lib/python3.10/site-packages/airflow/settings.py:337 DeprecationWarning: The sql_alchemy_pool_enabled option in [core] has been moved to the sql_alchemy_pool_enabled option in [database] - the old setting has been used, but please update your config.
[2023-07-08T19:03:42.082-0400] {logging_mixin.py:137} WARNING - /Users/admin/opt/anaconda3/envs/python-airflow-venv/lib/python3.10/site-packages/airflow/settings.py:400 DeprecationWarning: The sql_engine_encoding option in [core] has been moved to the sql_engine_encoding option in [database] - the old setting has been used, but please update your config.
[2023-07-08T19:03:42.083-0400] {processor.py:153} INFO - Started process (PID=20763) to work on /Users/admin/opt/anaconda3/envs/python-airflow-venv/lib/python3.10/site-packages/airflow/example_dags/example_latest_only_with_trigger.py
[2023-07-08T19:03:42.083-0400] {processor.py:743} INFO - Processing file /Users/admin/opt/anaconda3/envs/python-airflow-venv/lib/python3.10/site-packages/airflow/example_dags/example_latest_only_with_trigger.py for tasks to queue
[2023-07-08T19:03:42.083-0400] {logging_mixin.py:137} INFO - [2023-07-08T19:03:42.083-0400] {dagbag.py:538} INFO - Filling up the DagBag from /Users/admin/opt/anaconda3/envs/python-airflow-venv/lib/python3.10/site-packages/airflow/example_dags/example_latest_only_with_trigger.py
[2023-07-08T19:03:42.126-0400] {processor.py:753} INFO - DAG(s) dict_keys(['latest_only_with_trigger']) retrieved from /Users/admin/opt/anaconda3/envs/python-airflow-venv/lib/python3.10/site-packages/airflow/example_dags/example_latest_only_with_trigger.py
[2023-07-08T19:03:42.180-0400] {logging_mixin.py:137} WARNING - /Users/admin/opt/anaconda3/envs/python-airflow-venv/lib/python3.10/site-packages/airflow/jobs/scheduler_job.py:124 DeprecationWarning: The processor_poll_interval option in [scheduler] has been renamed to scheduler_idle_sleep_time - the old setting has been used, but please update your config.
[2023-07-08T19:03:42.766-0400] {logging_mixin.py:137} INFO - [2023-07-08T19:03:42.766-0400] {dag.py:2690} INFO - Sync 1 DAGs
[2023-07-08T19:03:42.781-0400] {logging_mixin.py:137} INFO - [2023-07-08T19:03:42.780-0400] {dag.py:3437} INFO - Setting next_dagrun for latest_only_with_trigger to 2023-07-08T19:03:42.780755+00:00, run_after=2023-07-08T23:03:42.780755+00:00
[2023-07-08T19:03:42.797-0400] {processor.py:175} INFO - Processing /Users/admin/opt/anaconda3/envs/python-airflow-venv/lib/python3.10/site-packages/airflow/example_dags/example_latest_only_with_trigger.py took 0.720 seconds
[2023-07-08T19:05:39.965-0400] {logging_mixin.py:137} WARNING - /Users/admin/opt/anaconda3/envs/python-airflow-venv/lib/python3.10/site-packages/airflow/settings.py:337 DeprecationWarning: The sql_alchemy_pool_enabled option in [core] has been moved to the sql_alchemy_pool_enabled option in [database] - the old setting has been used, but please update your config.
[2023-07-08T19:05:39.970-0400] {logging_mixin.py:137} WARNING - /Users/admin/opt/anaconda3/envs/python-airflow-venv/lib/python3.10/site-packages/airflow/settings.py:400 DeprecationWarning: The sql_engine_encoding option in [core] has been moved to the sql_engine_encoding option in [database] - the old setting has been used, but please update your config.
[2023-07-08T19:05:39.970-0400] {processor.py:153} INFO - Started process (PID=20819) to work on /Users/admin/opt/anaconda3/envs/python-airflow-venv/lib/python3.10/site-packages/airflow/example_dags/example_latest_only_with_trigger.py
[2023-07-08T19:05:39.970-0400] {processor.py:743} INFO - Processing file /Users/admin/opt/anaconda3/envs/python-airflow-venv/lib/python3.10/site-packages/airflow/example_dags/example_latest_only_with_trigger.py for tasks to queue
[2023-07-08T19:05:39.971-0400] {logging_mixin.py:137} INFO - [2023-07-08T19:05:39.971-0400] {dagbag.py:538} INFO - Filling up the DagBag from /Users/admin/opt/anaconda3/envs/python-airflow-venv/lib/python3.10/site-packages/airflow/example_dags/example_latest_only_with_trigger.py
[2023-07-08T19:05:40.014-0400] {processor.py:753} INFO - DAG(s) dict_keys(['latest_only_with_trigger']) retrieved from /Users/admin/opt/anaconda3/envs/python-airflow-venv/lib/python3.10/site-packages/airflow/example_dags/example_latest_only_with_trigger.py
[2023-07-08T19:05:40.068-0400] {logging_mixin.py:137} WARNING - /Users/admin/opt/anaconda3/envs/python-airflow-venv/lib/python3.10/site-packages/airflow/jobs/scheduler_job.py:124 DeprecationWarning: The processor_poll_interval option in [scheduler] has been renamed to scheduler_idle_sleep_time - the old setting has been used, but please update your config.
[2023-07-08T19:05:40.652-0400] {logging_mixin.py:137} INFO - [2023-07-08T19:05:40.652-0400] {dag.py:2690} INFO - Sync 1 DAGs
[2023-07-08T19:05:40.666-0400] {logging_mixin.py:137} INFO - [2023-07-08T19:05:40.666-0400] {dag.py:3437} INFO - Setting next_dagrun for latest_only_with_trigger to 2023-07-08T19:05:40.666456+00:00, run_after=2023-07-08T23:05:40.666456+00:00
[2023-07-08T19:05:40.687-0400] {processor.py:175} INFO - Processing /Users/admin/opt/anaconda3/envs/python-airflow-venv/lib/python3.10/site-packages/airflow/example_dags/example_latest_only_with_trigger.py took 0.722 seconds
[2023-07-08T19:07:41.093-0400] {logging_mixin.py:137} WARNING - /Users/admin/opt/anaconda3/envs/python-airflow-venv/lib/python3.10/site-packages/airflow/settings.py:337 DeprecationWarning: The sql_alchemy_pool_enabled option in [core] has been moved to the sql_alchemy_pool_enabled option in [database] - the old setting has been used, but please update your config.
[2023-07-08T19:07:41.098-0400] {logging_mixin.py:137} WARNING - /Users/admin/opt/anaconda3/envs/python-airflow-venv/lib/python3.10/site-packages/airflow/settings.py:400 DeprecationWarning: The sql_engine_encoding option in [core] has been moved to the sql_engine_encoding option in [database] - the old setting has been used, but please update your config.
[2023-07-08T19:07:41.098-0400] {processor.py:153} INFO - Started process (PID=20879) to work on /Users/admin/opt/anaconda3/envs/python-airflow-venv/lib/python3.10/site-packages/airflow/example_dags/example_latest_only_with_trigger.py
[2023-07-08T19:07:41.098-0400] {processor.py:743} INFO - Processing file /Users/admin/opt/anaconda3/envs/python-airflow-venv/lib/python3.10/site-packages/airflow/example_dags/example_latest_only_with_trigger.py for tasks to queue
[2023-07-08T19:07:41.099-0400] {logging_mixin.py:137} INFO - [2023-07-08T19:07:41.099-0400] {dagbag.py:538} INFO - Filling up the DagBag from /Users/admin/opt/anaconda3/envs/python-airflow-venv/lib/python3.10/site-packages/airflow/example_dags/example_latest_only_with_trigger.py
[2023-07-08T19:07:41.142-0400] {processor.py:753} INFO - DAG(s) dict_keys(['latest_only_with_trigger']) retrieved from /Users/admin/opt/anaconda3/envs/python-airflow-venv/lib/python3.10/site-packages/airflow/example_dags/example_latest_only_with_trigger.py
[2023-07-08T19:07:41.196-0400] {logging_mixin.py:137} WARNING - /Users/admin/opt/anaconda3/envs/python-airflow-venv/lib/python3.10/site-packages/airflow/jobs/scheduler_job.py:124 DeprecationWarning: The processor_poll_interval option in [scheduler] has been renamed to scheduler_idle_sleep_time - the old setting has been used, but please update your config.
[2023-07-08T19:07:41.781-0400] {logging_mixin.py:137} INFO - [2023-07-08T19:07:41.781-0400] {dag.py:2690} INFO - Sync 1 DAGs
[2023-07-08T19:07:41.795-0400] {logging_mixin.py:137} INFO - [2023-07-08T19:07:41.795-0400] {dag.py:3437} INFO - Setting next_dagrun for latest_only_with_trigger to 2023-07-08T19:07:41.795702+00:00, run_after=2023-07-08T23:07:41.795702+00:00
[2023-07-08T19:07:41.812-0400] {processor.py:175} INFO - Processing /Users/admin/opt/anaconda3/envs/python-airflow-venv/lib/python3.10/site-packages/airflow/example_dags/example_latest_only_with_trigger.py took 0.720 seconds
[2023-07-08T19:09:43.617-0400] {logging_mixin.py:137} WARNING - /Users/admin/opt/anaconda3/envs/python-airflow-venv/lib/python3.10/site-packages/airflow/settings.py:337 DeprecationWarning: The sql_alchemy_pool_enabled option in [core] has been moved to the sql_alchemy_pool_enabled option in [database] - the old setting has been used, but please update your config.
[2023-07-08T19:09:43.621-0400] {logging_mixin.py:137} WARNING - /Users/admin/opt/anaconda3/envs/python-airflow-venv/lib/python3.10/site-packages/airflow/settings.py:400 DeprecationWarning: The sql_engine_encoding option in [core] has been moved to the sql_engine_encoding option in [database] - the old setting has been used, but please update your config.
[2023-07-08T19:09:43.622-0400] {processor.py:153} INFO - Started process (PID=20936) to work on /Users/admin/opt/anaconda3/envs/python-airflow-venv/lib/python3.10/site-packages/airflow/example_dags/example_latest_only_with_trigger.py
[2023-07-08T19:09:43.622-0400] {processor.py:743} INFO - Processing file /Users/admin/opt/anaconda3/envs/python-airflow-venv/lib/python3.10/site-packages/airflow/example_dags/example_latest_only_with_trigger.py for tasks to queue
[2023-07-08T19:09:43.622-0400] {logging_mixin.py:137} INFO - [2023-07-08T19:09:43.622-0400] {dagbag.py:538} INFO - Filling up the DagBag from /Users/admin/opt/anaconda3/envs/python-airflow-venv/lib/python3.10/site-packages/airflow/example_dags/example_latest_only_with_trigger.py
[2023-07-08T19:09:43.666-0400] {processor.py:753} INFO - DAG(s) dict_keys(['latest_only_with_trigger']) retrieved from /Users/admin/opt/anaconda3/envs/python-airflow-venv/lib/python3.10/site-packages/airflow/example_dags/example_latest_only_with_trigger.py
[2023-07-08T19:09:43.720-0400] {logging_mixin.py:137} WARNING - /Users/admin/opt/anaconda3/envs/python-airflow-venv/lib/python3.10/site-packages/airflow/jobs/scheduler_job.py:124 DeprecationWarning: The processor_poll_interval option in [scheduler] has been renamed to scheduler_idle_sleep_time - the old setting has been used, but please update your config.
[2023-07-08T19:09:44.305-0400] {logging_mixin.py:137} INFO - [2023-07-08T19:09:44.304-0400] {dag.py:2690} INFO - Sync 1 DAGs
[2023-07-08T19:09:44.319-0400] {logging_mixin.py:137} INFO - [2023-07-08T19:09:44.319-0400] {dag.py:3437} INFO - Setting next_dagrun for latest_only_with_trigger to 2023-07-08T19:09:44.319288+00:00, run_after=2023-07-08T23:09:44.319288+00:00
[2023-07-08T19:09:44.337-0400] {processor.py:175} INFO - Processing /Users/admin/opt/anaconda3/envs/python-airflow-venv/lib/python3.10/site-packages/airflow/example_dags/example_latest_only_with_trigger.py took 0.721 seconds
[2023-07-08T19:11:44.902-0400] {logging_mixin.py:137} WARNING - /Users/admin/opt/anaconda3/envs/python-airflow-venv/lib/python3.10/site-packages/airflow/settings.py:337 DeprecationWarning: The sql_alchemy_pool_enabled option in [core] has been moved to the sql_alchemy_pool_enabled option in [database] - the old setting has been used, but please update your config.
[2023-07-08T19:11:44.906-0400] {logging_mixin.py:137} WARNING - /Users/admin/opt/anaconda3/envs/python-airflow-venv/lib/python3.10/site-packages/airflow/settings.py:400 DeprecationWarning: The sql_engine_encoding option in [core] has been moved to the sql_engine_encoding option in [database] - the old setting has been used, but please update your config.
[2023-07-08T19:11:44.907-0400] {processor.py:153} INFO - Started process (PID=20992) to work on /Users/admin/opt/anaconda3/envs/python-airflow-venv/lib/python3.10/site-packages/airflow/example_dags/example_latest_only_with_trigger.py
[2023-07-08T19:11:44.907-0400] {processor.py:743} INFO - Processing file /Users/admin/opt/anaconda3/envs/python-airflow-venv/lib/python3.10/site-packages/airflow/example_dags/example_latest_only_with_trigger.py for tasks to queue
[2023-07-08T19:11:44.908-0400] {logging_mixin.py:137} INFO - [2023-07-08T19:11:44.908-0400] {dagbag.py:538} INFO - Filling up the DagBag from /Users/admin/opt/anaconda3/envs/python-airflow-venv/lib/python3.10/site-packages/airflow/example_dags/example_latest_only_with_trigger.py
[2023-07-08T19:11:44.951-0400] {processor.py:753} INFO - DAG(s) dict_keys(['latest_only_with_trigger']) retrieved from /Users/admin/opt/anaconda3/envs/python-airflow-venv/lib/python3.10/site-packages/airflow/example_dags/example_latest_only_with_trigger.py
[2023-07-08T19:11:45.005-0400] {logging_mixin.py:137} WARNING - /Users/admin/opt/anaconda3/envs/python-airflow-venv/lib/python3.10/site-packages/airflow/jobs/scheduler_job.py:124 DeprecationWarning: The processor_poll_interval option in [scheduler] has been renamed to scheduler_idle_sleep_time - the old setting has been used, but please update your config.
[2023-07-08T19:11:45.593-0400] {logging_mixin.py:137} INFO - [2023-07-08T19:11:45.592-0400] {dag.py:2690} INFO - Sync 1 DAGs
[2023-07-08T19:11:45.607-0400] {logging_mixin.py:137} INFO - [2023-07-08T19:11:45.606-0400] {dag.py:3437} INFO - Setting next_dagrun for latest_only_with_trigger to 2023-07-08T19:11:45.606858+00:00, run_after=2023-07-08T23:11:45.606858+00:00
[2023-07-08T19:11:45.623-0400] {processor.py:175} INFO - Processing /Users/admin/opt/anaconda3/envs/python-airflow-venv/lib/python3.10/site-packages/airflow/example_dags/example_latest_only_with_trigger.py took 0.722 seconds
[2023-07-08T19:13:43.980-0400] {logging_mixin.py:137} WARNING - /Users/admin/opt/anaconda3/envs/python-airflow-venv/lib/python3.10/site-packages/airflow/settings.py:337 DeprecationWarning: The sql_alchemy_pool_enabled option in [core] has been moved to the sql_alchemy_pool_enabled option in [database] - the old setting has been used, but please update your config.
[2023-07-08T19:13:43.985-0400] {logging_mixin.py:137} WARNING - /Users/admin/opt/anaconda3/envs/python-airflow-venv/lib/python3.10/site-packages/airflow/settings.py:400 DeprecationWarning: The sql_engine_encoding option in [core] has been moved to the sql_engine_encoding option in [database] - the old setting has been used, but please update your config.
[2023-07-08T19:13:43.985-0400] {processor.py:153} INFO - Started process (PID=21051) to work on /Users/admin/opt/anaconda3/envs/python-airflow-venv/lib/python3.10/site-packages/airflow/example_dags/example_latest_only_with_trigger.py
[2023-07-08T19:13:43.985-0400] {processor.py:743} INFO - Processing file /Users/admin/opt/anaconda3/envs/python-airflow-venv/lib/python3.10/site-packages/airflow/example_dags/example_latest_only_with_trigger.py for tasks to queue
[2023-07-08T19:13:43.986-0400] {logging_mixin.py:137} INFO - [2023-07-08T19:13:43.986-0400] {dagbag.py:538} INFO - Filling up the DagBag from /Users/admin/opt/anaconda3/envs/python-airflow-venv/lib/python3.10/site-packages/airflow/example_dags/example_latest_only_with_trigger.py
[2023-07-08T19:13:44.029-0400] {processor.py:753} INFO - DAG(s) dict_keys(['latest_only_with_trigger']) retrieved from /Users/admin/opt/anaconda3/envs/python-airflow-venv/lib/python3.10/site-packages/airflow/example_dags/example_latest_only_with_trigger.py
[2023-07-08T19:13:44.084-0400] {logging_mixin.py:137} WARNING - /Users/admin/opt/anaconda3/envs/python-airflow-venv/lib/python3.10/site-packages/airflow/jobs/scheduler_job.py:124 DeprecationWarning: The processor_poll_interval option in [scheduler] has been renamed to scheduler_idle_sleep_time - the old setting has been used, but please update your config.
[2023-07-08T19:13:44.669-0400] {logging_mixin.py:137} INFO - [2023-07-08T19:13:44.669-0400] {dag.py:2690} INFO - Sync 1 DAGs
[2023-07-08T19:13:44.684-0400] {logging_mixin.py:137} INFO - [2023-07-08T19:13:44.684-0400] {dag.py:3437} INFO - Setting next_dagrun for latest_only_with_trigger to 2023-07-08T19:13:44.683916+00:00, run_after=2023-07-08T23:13:44.683916+00:00
[2023-07-08T19:13:44.700-0400] {processor.py:175} INFO - Processing /Users/admin/opt/anaconda3/envs/python-airflow-venv/lib/python3.10/site-packages/airflow/example_dags/example_latest_only_with_trigger.py took 0.721 seconds
