[2023-03-15T21:24:30.366-0400] {logging_mixin.py:137} WARNING - /Users/admin/opt/anaconda3/envs/python-airflow-venv/lib/python3.10/site-packages/airflow/settings.py:337 DeprecationWarning: The sql_alchemy_pool_enabled option in [core] has been moved to the sql_alchemy_pool_enabled option in [database] - the old setting has been used, but please update your config.
[2023-03-15T21:24:30.371-0400] {logging_mixin.py:137} WARNING - /Users/admin/opt/anaconda3/envs/python-airflow-venv/lib/python3.10/site-packages/airflow/settings.py:400 DeprecationWarning: The sql_engine_encoding option in [core] has been moved to the sql_engine_encoding option in [database] - the old setting has been used, but please update your config.
[2023-03-15T21:24:30.371-0400] {processor.py:153} INFO - Started process (PID=16878) to work on /Users/admin/Desktop/development_folder/airflowe/dags/hello_world.py
[2023-03-15T21:24:30.371-0400] {processor.py:743} INFO - Processing file /Users/admin/Desktop/development_folder/airflowe/dags/hello_world.py for tasks to queue
[2023-03-15T21:24:30.372-0400] {logging_mixin.py:137} INFO - [2023-03-15T21:24:30.372-0400] {dagbag.py:538} INFO - Filling up the DagBag from /Users/admin/Desktop/development_folder/airflowe/dags/hello_world.py
[2023-03-15T21:24:30.436-0400] {processor.py:753} INFO - DAG(s) dict_keys(['hello_world']) retrieved from /Users/admin/Desktop/development_folder/airflowe/dags/hello_world.py
[2023-03-15T21:24:30.484-0400] {logging_mixin.py:137} WARNING - /Users/admin/opt/anaconda3/envs/python-airflow-venv/lib/python3.10/site-packages/airflow/jobs/scheduler_job.py:124 DeprecationWarning: The processor_poll_interval option in [scheduler] has been renamed to scheduler_idle_sleep_time - the old setting has been used, but please update your config.
[2023-03-15T21:24:31.079-0400] {logging_mixin.py:137} INFO - [2023-03-15T21:24:31.078-0400] {dag.py:2690} INFO - Sync 1 DAGs
[2023-03-15T21:24:31.095-0400] {logging_mixin.py:137} INFO - [2023-03-15T21:24:31.094-0400] {dag.py:3437} INFO - Setting next_dagrun for hello_world to 2023-03-14T12:00:00+00:00, run_after=2023-03-15T12:00:00+00:00
[2023-03-15T21:24:31.117-0400] {processor.py:175} INFO - Processing /Users/admin/Desktop/development_folder/airflowe/dags/hello_world.py took 0.752 seconds
[2023-03-15T21:26:30.243-0400] {logging_mixin.py:137} WARNING - /Users/admin/opt/anaconda3/envs/python-airflow-venv/lib/python3.10/site-packages/airflow/settings.py:337 DeprecationWarning: The sql_alchemy_pool_enabled option in [core] has been moved to the sql_alchemy_pool_enabled option in [database] - the old setting has been used, but please update your config.
[2023-03-15T21:26:30.247-0400] {logging_mixin.py:137} WARNING - /Users/admin/opt/anaconda3/envs/python-airflow-venv/lib/python3.10/site-packages/airflow/settings.py:400 DeprecationWarning: The sql_engine_encoding option in [core] has been moved to the sql_engine_encoding option in [database] - the old setting has been used, but please update your config.
[2023-03-15T21:26:30.248-0400] {processor.py:153} INFO - Started process (PID=17048) to work on /Users/admin/Desktop/development_folder/airflowe/dags/hello_world.py
[2023-03-15T21:26:30.248-0400] {processor.py:743} INFO - Processing file /Users/admin/Desktop/development_folder/airflowe/dags/hello_world.py for tasks to queue
[2023-03-15T21:26:30.249-0400] {logging_mixin.py:137} INFO - [2023-03-15T21:26:30.248-0400] {dagbag.py:538} INFO - Filling up the DagBag from /Users/admin/Desktop/development_folder/airflowe/dags/hello_world.py
[2023-03-15T21:26:30.312-0400] {processor.py:753} INFO - DAG(s) dict_keys(['hello_world']) retrieved from /Users/admin/Desktop/development_folder/airflowe/dags/hello_world.py
[2023-03-15T21:26:30.360-0400] {logging_mixin.py:137} WARNING - /Users/admin/opt/anaconda3/envs/python-airflow-venv/lib/python3.10/site-packages/airflow/jobs/scheduler_job.py:124 DeprecationWarning: The processor_poll_interval option in [scheduler] has been renamed to scheduler_idle_sleep_time - the old setting has been used, but please update your config.
[2023-03-15T21:26:30.958-0400] {logging_mixin.py:137} INFO - [2023-03-15T21:26:30.957-0400] {dag.py:2690} INFO - Sync 1 DAGs
[2023-03-15T21:26:30.974-0400] {logging_mixin.py:137} INFO - [2023-03-15T21:26:30.973-0400] {dag.py:3437} INFO - Setting next_dagrun for hello_world to 2023-03-14T12:00:00+00:00, run_after=2023-03-15T12:00:00+00:00
[2023-03-15T21:26:30.994-0400] {processor.py:175} INFO - Processing /Users/admin/Desktop/development_folder/airflowe/dags/hello_world.py took 0.752 seconds
[2023-03-15T21:28:28.107-0400] {logging_mixin.py:137} WARNING - /Users/admin/opt/anaconda3/envs/python-airflow-venv/lib/python3.10/site-packages/airflow/settings.py:337 DeprecationWarning: The sql_alchemy_pool_enabled option in [core] has been moved to the sql_alchemy_pool_enabled option in [database] - the old setting has been used, but please update your config.
[2023-03-15T21:28:28.111-0400] {logging_mixin.py:137} WARNING - /Users/admin/opt/anaconda3/envs/python-airflow-venv/lib/python3.10/site-packages/airflow/settings.py:400 DeprecationWarning: The sql_engine_encoding option in [core] has been moved to the sql_engine_encoding option in [database] - the old setting has been used, but please update your config.
[2023-03-15T21:28:28.112-0400] {processor.py:153} INFO - Started process (PID=17163) to work on /Users/admin/Desktop/development_folder/airflowe/dags/hello_world.py
[2023-03-15T21:28:28.112-0400] {processor.py:743} INFO - Processing file /Users/admin/Desktop/development_folder/airflowe/dags/hello_world.py for tasks to queue
[2023-03-15T21:28:28.112-0400] {logging_mixin.py:137} INFO - [2023-03-15T21:28:28.112-0400] {dagbag.py:538} INFO - Filling up the DagBag from /Users/admin/Desktop/development_folder/airflowe/dags/hello_world.py
[2023-03-15T21:28:28.188-0400] {processor.py:753} INFO - DAG(s) dict_keys(['hello_world']) retrieved from /Users/admin/Desktop/development_folder/airflowe/dags/hello_world.py
[2023-03-15T21:28:28.236-0400] {logging_mixin.py:137} WARNING - /Users/admin/opt/anaconda3/envs/python-airflow-venv/lib/python3.10/site-packages/airflow/jobs/scheduler_job.py:124 DeprecationWarning: The processor_poll_interval option in [scheduler] has been renamed to scheduler_idle_sleep_time - the old setting has been used, but please update your config.
[2023-03-15T21:28:28.841-0400] {logging_mixin.py:137} INFO - [2023-03-15T21:28:28.841-0400] {dag.py:2690} INFO - Sync 1 DAGs
[2023-03-15T21:28:28.857-0400] {logging_mixin.py:137} INFO - [2023-03-15T21:28:28.857-0400] {dag.py:3437} INFO - Setting next_dagrun for hello_world to 2023-03-14T12:00:00+00:00, run_after=2023-03-15T12:00:00+00:00
[2023-03-15T21:28:28.875-0400] {processor.py:175} INFO - Processing /Users/admin/Desktop/development_folder/airflowe/dags/hello_world.py took 0.769 seconds
[2023-03-15T21:30:23.326-0400] {logging_mixin.py:137} WARNING - /Users/admin/opt/anaconda3/envs/python-airflow-venv/lib/python3.10/site-packages/airflow/settings.py:337 DeprecationWarning: The sql_alchemy_pool_enabled option in [core] has been moved to the sql_alchemy_pool_enabled option in [database] - the old setting has been used, but please update your config.
[2023-03-15T21:30:23.330-0400] {logging_mixin.py:137} WARNING - /Users/admin/opt/anaconda3/envs/python-airflow-venv/lib/python3.10/site-packages/airflow/settings.py:400 DeprecationWarning: The sql_engine_encoding option in [core] has been moved to the sql_engine_encoding option in [database] - the old setting has been used, but please update your config.
[2023-03-15T21:30:23.331-0400] {processor.py:153} INFO - Started process (PID=18935) to work on /Users/admin/Desktop/development_folder/airflowe/dags/hello_world.py
[2023-03-15T21:30:23.331-0400] {processor.py:743} INFO - Processing file /Users/admin/Desktop/development_folder/airflowe/dags/hello_world.py for tasks to queue
[2023-03-15T21:30:23.331-0400] {logging_mixin.py:137} INFO - [2023-03-15T21:30:23.331-0400] {dagbag.py:538} INFO - Filling up the DagBag from /Users/admin/Desktop/development_folder/airflowe/dags/hello_world.py
[2023-03-15T21:30:23.394-0400] {processor.py:753} INFO - DAG(s) dict_keys(['hello_world']) retrieved from /Users/admin/Desktop/development_folder/airflowe/dags/hello_world.py
[2023-03-15T21:30:23.441-0400] {logging_mixin.py:137} WARNING - /Users/admin/opt/anaconda3/envs/python-airflow-venv/lib/python3.10/site-packages/airflow/jobs/scheduler_job.py:124 DeprecationWarning: The processor_poll_interval option in [scheduler] has been renamed to scheduler_idle_sleep_time - the old setting has been used, but please update your config.
[2023-03-15T21:30:24.046-0400] {logging_mixin.py:137} INFO - [2023-03-15T21:30:24.045-0400] {dag.py:2690} INFO - Sync 1 DAGs
[2023-03-15T21:30:24.062-0400] {logging_mixin.py:137} INFO - [2023-03-15T21:30:24.062-0400] {dag.py:3437} INFO - Setting next_dagrun for hello_world to 2023-03-14T12:00:00+00:00, run_after=2023-03-15T12:00:00+00:00
[2023-03-15T21:30:24.081-0400] {processor.py:175} INFO - Processing /Users/admin/Desktop/development_folder/airflowe/dags/hello_world.py took 0.756 seconds
[2023-03-15T21:32:14.389-0400] {logging_mixin.py:137} WARNING - /Users/admin/opt/anaconda3/envs/python-airflow-venv/lib/python3.10/site-packages/airflow/settings.py:337 DeprecationWarning: The sql_alchemy_pool_enabled option in [core] has been moved to the sql_alchemy_pool_enabled option in [database] - the old setting has been used, but please update your config.
[2023-03-15T21:32:14.394-0400] {logging_mixin.py:137} WARNING - /Users/admin/opt/anaconda3/envs/python-airflow-venv/lib/python3.10/site-packages/airflow/settings.py:400 DeprecationWarning: The sql_engine_encoding option in [core] has been moved to the sql_engine_encoding option in [database] - the old setting has been used, but please update your config.
[2023-03-15T21:32:14.394-0400] {processor.py:153} INFO - Started process (PID=19003) to work on /Users/admin/Desktop/development_folder/airflowe/dags/hello_world.py
[2023-03-15T21:32:14.395-0400] {processor.py:743} INFO - Processing file /Users/admin/Desktop/development_folder/airflowe/dags/hello_world.py for tasks to queue
[2023-03-15T21:32:14.395-0400] {logging_mixin.py:137} INFO - [2023-03-15T21:32:14.395-0400] {dagbag.py:538} INFO - Filling up the DagBag from /Users/admin/Desktop/development_folder/airflowe/dags/hello_world.py
[2023-03-15T21:32:14.456-0400] {processor.py:753} INFO - DAG(s) dict_keys(['hello_world']) retrieved from /Users/admin/Desktop/development_folder/airflowe/dags/hello_world.py
[2023-03-15T21:32:14.502-0400] {logging_mixin.py:137} WARNING - /Users/admin/opt/anaconda3/envs/python-airflow-venv/lib/python3.10/site-packages/airflow/jobs/scheduler_job.py:124 DeprecationWarning: The processor_poll_interval option in [scheduler] has been renamed to scheduler_idle_sleep_time - the old setting has been used, but please update your config.
[2023-03-15T21:32:15.097-0400] {logging_mixin.py:137} INFO - [2023-03-15T21:32:15.096-0400] {dag.py:2690} INFO - Sync 1 DAGs
[2023-03-15T21:32:15.113-0400] {logging_mixin.py:137} INFO - [2023-03-15T21:32:15.113-0400] {dag.py:3437} INFO - Setting next_dagrun for hello_world to 2023-03-14T12:00:00+00:00, run_after=2023-03-15T12:00:00+00:00
[2023-03-15T21:32:15.133-0400] {processor.py:175} INFO - Processing /Users/admin/Desktop/development_folder/airflowe/dags/hello_world.py took 0.744 seconds
[2023-03-15T21:34:12.952-0400] {logging_mixin.py:137} WARNING - /Users/admin/opt/anaconda3/envs/python-airflow-venv/lib/python3.10/site-packages/airflow/settings.py:337 DeprecationWarning: The sql_alchemy_pool_enabled option in [core] has been moved to the sql_alchemy_pool_enabled option in [database] - the old setting has been used, but please update your config.
[2023-03-15T21:34:12.956-0400] {logging_mixin.py:137} WARNING - /Users/admin/opt/anaconda3/envs/python-airflow-venv/lib/python3.10/site-packages/airflow/settings.py:400 DeprecationWarning: The sql_engine_encoding option in [core] has been moved to the sql_engine_encoding option in [database] - the old setting has been used, but please update your config.
[2023-03-15T21:34:12.957-0400] {processor.py:153} INFO - Started process (PID=19058) to work on /Users/admin/Desktop/development_folder/airflowe/dags/hello_world.py
[2023-03-15T21:34:12.957-0400] {processor.py:743} INFO - Processing file /Users/admin/Desktop/development_folder/airflowe/dags/hello_world.py for tasks to queue
[2023-03-15T21:34:12.958-0400] {logging_mixin.py:137} INFO - [2023-03-15T21:34:12.958-0400] {dagbag.py:538} INFO - Filling up the DagBag from /Users/admin/Desktop/development_folder/airflowe/dags/hello_world.py
[2023-03-15T21:34:13.020-0400] {processor.py:753} INFO - DAG(s) dict_keys(['hello_world']) retrieved from /Users/admin/Desktop/development_folder/airflowe/dags/hello_world.py
[2023-03-15T21:34:13.067-0400] {logging_mixin.py:137} WARNING - /Users/admin/opt/anaconda3/envs/python-airflow-venv/lib/python3.10/site-packages/airflow/jobs/scheduler_job.py:124 DeprecationWarning: The processor_poll_interval option in [scheduler] has been renamed to scheduler_idle_sleep_time - the old setting has been used, but please update your config.
[2023-03-15T21:34:13.666-0400] {logging_mixin.py:137} INFO - [2023-03-15T21:34:13.666-0400] {dag.py:2690} INFO - Sync 1 DAGs
[2023-03-15T21:34:13.682-0400] {logging_mixin.py:137} INFO - [2023-03-15T21:34:13.682-0400] {dag.py:3437} INFO - Setting next_dagrun for hello_world to 2023-03-14T12:00:00+00:00, run_after=2023-03-15T12:00:00+00:00
[2023-03-15T21:34:13.700-0400] {processor.py:175} INFO - Processing /Users/admin/Desktop/development_folder/airflowe/dags/hello_world.py took 0.749 seconds
[2023-03-15T21:36:09.323-0400] {logging_mixin.py:137} WARNING - /Users/admin/opt/anaconda3/envs/python-airflow-venv/lib/python3.10/site-packages/airflow/settings.py:337 DeprecationWarning: The sql_alchemy_pool_enabled option in [core] has been moved to the sql_alchemy_pool_enabled option in [database] - the old setting has been used, but please update your config.
[2023-03-15T21:36:09.328-0400] {logging_mixin.py:137} WARNING - /Users/admin/opt/anaconda3/envs/python-airflow-venv/lib/python3.10/site-packages/airflow/settings.py:400 DeprecationWarning: The sql_engine_encoding option in [core] has been moved to the sql_engine_encoding option in [database] - the old setting has been used, but please update your config.
[2023-03-15T21:36:09.329-0400] {processor.py:153} INFO - Started process (PID=19110) to work on /Users/admin/Desktop/development_folder/airflowe/dags/hello_world.py
[2023-03-15T21:36:09.329-0400] {processor.py:743} INFO - Processing file /Users/admin/Desktop/development_folder/airflowe/dags/hello_world.py for tasks to queue
[2023-03-15T21:36:09.329-0400] {logging_mixin.py:137} INFO - [2023-03-15T21:36:09.329-0400] {dagbag.py:538} INFO - Filling up the DagBag from /Users/admin/Desktop/development_folder/airflowe/dags/hello_world.py
[2023-03-15T21:36:09.390-0400] {processor.py:753} INFO - DAG(s) dict_keys(['hello_world']) retrieved from /Users/admin/Desktop/development_folder/airflowe/dags/hello_world.py
[2023-03-15T21:36:09.437-0400] {logging_mixin.py:137} WARNING - /Users/admin/opt/anaconda3/envs/python-airflow-venv/lib/python3.10/site-packages/airflow/jobs/scheduler_job.py:124 DeprecationWarning: The processor_poll_interval option in [scheduler] has been renamed to scheduler_idle_sleep_time - the old setting has been used, but please update your config.
[2023-03-15T21:36:10.036-0400] {logging_mixin.py:137} INFO - [2023-03-15T21:36:10.036-0400] {dag.py:2690} INFO - Sync 1 DAGs
[2023-03-15T21:36:10.052-0400] {logging_mixin.py:137} INFO - [2023-03-15T21:36:10.052-0400] {dag.py:3437} INFO - Setting next_dagrun for hello_world to 2023-03-14T12:00:00+00:00, run_after=2023-03-15T12:00:00+00:00
[2023-03-15T21:36:10.071-0400] {processor.py:175} INFO - Processing /Users/admin/Desktop/development_folder/airflowe/dags/hello_world.py took 0.749 seconds
[2023-03-15T21:38:18.057-0400] {logging_mixin.py:137} WARNING - /Users/admin/opt/anaconda3/envs/python-airflow-venv/lib/python3.10/site-packages/airflow/settings.py:337 DeprecationWarning: The sql_alchemy_pool_enabled option in [core] has been moved to the sql_alchemy_pool_enabled option in [database] - the old setting has been used, but please update your config.
[2023-03-15T21:38:18.062-0400] {logging_mixin.py:137} WARNING - /Users/admin/opt/anaconda3/envs/python-airflow-venv/lib/python3.10/site-packages/airflow/settings.py:400 DeprecationWarning: The sql_engine_encoding option in [core] has been moved to the sql_engine_encoding option in [database] - the old setting has been used, but please update your config.
[2023-03-15T21:38:18.063-0400] {processor.py:153} INFO - Started process (PID=19237) to work on /Users/admin/Desktop/development_folder/airflowe/dags/hello_world.py
[2023-03-15T21:38:18.063-0400] {processor.py:743} INFO - Processing file /Users/admin/Desktop/development_folder/airflowe/dags/hello_world.py for tasks to queue
[2023-03-15T21:38:18.064-0400] {logging_mixin.py:137} INFO - [2023-03-15T21:38:18.064-0400] {dagbag.py:538} INFO - Filling up the DagBag from /Users/admin/Desktop/development_folder/airflowe/dags/hello_world.py
[2023-03-15T21:38:18.133-0400] {processor.py:753} INFO - DAG(s) dict_keys(['hello_world']) retrieved from /Users/admin/Desktop/development_folder/airflowe/dags/hello_world.py
[2023-03-15T21:38:18.184-0400] {logging_mixin.py:137} WARNING - /Users/admin/opt/anaconda3/envs/python-airflow-venv/lib/python3.10/site-packages/airflow/jobs/scheduler_job.py:124 DeprecationWarning: The processor_poll_interval option in [scheduler] has been renamed to scheduler_idle_sleep_time - the old setting has been used, but please update your config.
[2023-03-15T21:38:18.826-0400] {logging_mixin.py:137} INFO - [2023-03-15T21:38:18.826-0400] {dag.py:2690} INFO - Sync 1 DAGs
[2023-03-15T21:38:18.843-0400] {logging_mixin.py:137} INFO - [2023-03-15T21:38:18.843-0400] {dag.py:3437} INFO - Setting next_dagrun for hello_world to 2023-03-14T12:00:00+00:00, run_after=2023-03-15T12:00:00+00:00
[2023-03-15T21:38:18.861-0400] {processor.py:175} INFO - Processing /Users/admin/Desktop/development_folder/airflowe/dags/hello_world.py took 0.805 seconds
[2023-03-15T21:40:42.121-0400] {logging_mixin.py:137} WARNING - /Users/admin/opt/anaconda3/envs/python-airflow-venv/lib/python3.10/site-packages/airflow/settings.py:337 DeprecationWarning: The sql_alchemy_pool_enabled option in [core] has been moved to the sql_alchemy_pool_enabled option in [database] - the old setting has been used, but please update your config.
[2023-03-15T21:40:42.125-0400] {logging_mixin.py:137} WARNING - /Users/admin/opt/anaconda3/envs/python-airflow-venv/lib/python3.10/site-packages/airflow/settings.py:400 DeprecationWarning: The sql_engine_encoding option in [core] has been moved to the sql_engine_encoding option in [database] - the old setting has been used, but please update your config.
[2023-03-15T21:40:42.126-0400] {processor.py:153} INFO - Started process (PID=19294) to work on /Users/admin/Desktop/development_folder/airflowe/dags/hello_world.py
[2023-03-15T21:40:42.126-0400] {processor.py:743} INFO - Processing file /Users/admin/Desktop/development_folder/airflowe/dags/hello_world.py for tasks to queue
[2023-03-15T21:40:42.127-0400] {logging_mixin.py:137} INFO - [2023-03-15T21:40:42.127-0400] {dagbag.py:538} INFO - Filling up the DagBag from /Users/admin/Desktop/development_folder/airflowe/dags/hello_world.py
[2023-03-15T21:40:42.188-0400] {processor.py:753} INFO - DAG(s) dict_keys(['hello_world']) retrieved from /Users/admin/Desktop/development_folder/airflowe/dags/hello_world.py
[2023-03-15T21:40:42.235-0400] {logging_mixin.py:137} WARNING - /Users/admin/opt/anaconda3/envs/python-airflow-venv/lib/python3.10/site-packages/airflow/jobs/scheduler_job.py:124 DeprecationWarning: The processor_poll_interval option in [scheduler] has been renamed to scheduler_idle_sleep_time - the old setting has been used, but please update your config.
[2023-03-15T21:40:42.879-0400] {logging_mixin.py:137} INFO - [2023-03-15T21:40:42.878-0400] {dag.py:2690} INFO - Sync 1 DAGs
[2023-03-15T21:40:42.895-0400] {logging_mixin.py:137} INFO - [2023-03-15T21:40:42.894-0400] {dag.py:3437} INFO - Setting next_dagrun for hello_world to 2023-03-14T12:00:00+00:00, run_after=2023-03-15T12:00:00+00:00
[2023-03-15T21:40:42.911-0400] {processor.py:175} INFO - Processing /Users/admin/Desktop/development_folder/airflowe/dags/hello_world.py took 0.791 seconds
[2023-03-15T21:42:45.175-0400] {logging_mixin.py:137} WARNING - /Users/admin/opt/anaconda3/envs/python-airflow-venv/lib/python3.10/site-packages/airflow/settings.py:337 DeprecationWarning: The sql_alchemy_pool_enabled option in [core] has been moved to the sql_alchemy_pool_enabled option in [database] - the old setting has been used, but please update your config.
[2023-03-15T21:42:45.181-0400] {logging_mixin.py:137} WARNING - /Users/admin/opt/anaconda3/envs/python-airflow-venv/lib/python3.10/site-packages/airflow/settings.py:400 DeprecationWarning: The sql_engine_encoding option in [core] has been moved to the sql_engine_encoding option in [database] - the old setting has been used, but please update your config.
[2023-03-15T21:42:45.181-0400] {processor.py:153} INFO - Started process (PID=19345) to work on /Users/admin/Desktop/development_folder/airflowe/dags/hello_world.py
[2023-03-15T21:42:45.181-0400] {processor.py:743} INFO - Processing file /Users/admin/Desktop/development_folder/airflowe/dags/hello_world.py for tasks to queue
[2023-03-15T21:42:45.182-0400] {logging_mixin.py:137} INFO - [2023-03-15T21:42:45.182-0400] {dagbag.py:538} INFO - Filling up the DagBag from /Users/admin/Desktop/development_folder/airflowe/dags/hello_world.py
[2023-03-15T21:42:45.248-0400] {processor.py:753} INFO - DAG(s) dict_keys(['hello_world']) retrieved from /Users/admin/Desktop/development_folder/airflowe/dags/hello_world.py
[2023-03-15T21:42:45.301-0400] {logging_mixin.py:137} WARNING - /Users/admin/opt/anaconda3/envs/python-airflow-venv/lib/python3.10/site-packages/airflow/jobs/scheduler_job.py:124 DeprecationWarning: The processor_poll_interval option in [scheduler] has been renamed to scheduler_idle_sleep_time - the old setting has been used, but please update your config.
[2023-03-15T21:42:46.305-0400] {logging_mixin.py:137} INFO - [2023-03-15T21:42:46.304-0400] {dag.py:2690} INFO - Sync 1 DAGs
[2023-03-15T21:42:46.321-0400] {logging_mixin.py:137} INFO - [2023-03-15T21:42:46.321-0400] {dag.py:3437} INFO - Setting next_dagrun for hello_world to 2023-03-14T12:00:00+00:00, run_after=2023-03-15T12:00:00+00:00
[2023-03-15T21:42:46.338-0400] {processor.py:175} INFO - Processing /Users/admin/Desktop/development_folder/airflowe/dags/hello_world.py took 1.164 seconds
[2023-03-15T21:44:49.446-0400] {logging_mixin.py:137} WARNING - /Users/admin/opt/anaconda3/envs/python-airflow-venv/lib/python3.10/site-packages/airflow/settings.py:337 DeprecationWarning: The sql_alchemy_pool_enabled option in [core] has been moved to the sql_alchemy_pool_enabled option in [database] - the old setting has been used, but please update your config.
[2023-03-15T21:44:49.451-0400] {logging_mixin.py:137} WARNING - /Users/admin/opt/anaconda3/envs/python-airflow-venv/lib/python3.10/site-packages/airflow/settings.py:400 DeprecationWarning: The sql_engine_encoding option in [core] has been moved to the sql_engine_encoding option in [database] - the old setting has been used, but please update your config.
[2023-03-15T21:44:49.452-0400] {processor.py:153} INFO - Started process (PID=19403) to work on /Users/admin/Desktop/development_folder/airflowe/dags/hello_world.py
[2023-03-15T21:44:49.452-0400] {processor.py:743} INFO - Processing file /Users/admin/Desktop/development_folder/airflowe/dags/hello_world.py for tasks to queue
[2023-03-15T21:44:49.452-0400] {logging_mixin.py:137} INFO - [2023-03-15T21:44:49.452-0400] {dagbag.py:538} INFO - Filling up the DagBag from /Users/admin/Desktop/development_folder/airflowe/dags/hello_world.py
[2023-03-15T21:44:49.511-0400] {processor.py:753} INFO - DAG(s) dict_keys(['hello_world']) retrieved from /Users/admin/Desktop/development_folder/airflowe/dags/hello_world.py
[2023-03-15T21:44:49.559-0400] {logging_mixin.py:137} WARNING - /Users/admin/opt/anaconda3/envs/python-airflow-venv/lib/python3.10/site-packages/airflow/jobs/scheduler_job.py:124 DeprecationWarning: The processor_poll_interval option in [scheduler] has been renamed to scheduler_idle_sleep_time - the old setting has been used, but please update your config.
[2023-03-15T21:44:50.147-0400] {logging_mixin.py:137} INFO - [2023-03-15T21:44:50.147-0400] {dag.py:2690} INFO - Sync 1 DAGs
[2023-03-15T21:44:50.164-0400] {logging_mixin.py:137} INFO - [2023-03-15T21:44:50.164-0400] {dag.py:3437} INFO - Setting next_dagrun for hello_world to 2023-03-14T12:00:00+00:00, run_after=2023-03-15T12:00:00+00:00
[2023-03-15T21:44:50.182-0400] {processor.py:175} INFO - Processing /Users/admin/Desktop/development_folder/airflowe/dags/hello_world.py took 0.736 seconds
[2023-03-15T21:46:51.248-0400] {logging_mixin.py:137} WARNING - /Users/admin/opt/anaconda3/envs/python-airflow-venv/lib/python3.10/site-packages/airflow/settings.py:337 DeprecationWarning: The sql_alchemy_pool_enabled option in [core] has been moved to the sql_alchemy_pool_enabled option in [database] - the old setting has been used, but please update your config.
[2023-03-15T21:46:51.253-0400] {logging_mixin.py:137} WARNING - /Users/admin/opt/anaconda3/envs/python-airflow-venv/lib/python3.10/site-packages/airflow/settings.py:400 DeprecationWarning: The sql_engine_encoding option in [core] has been moved to the sql_engine_encoding option in [database] - the old setting has been used, but please update your config.
[2023-03-15T21:46:51.254-0400] {processor.py:153} INFO - Started process (PID=19454) to work on /Users/admin/Desktop/development_folder/airflowe/dags/hello_world.py
[2023-03-15T21:46:51.254-0400] {processor.py:743} INFO - Processing file /Users/admin/Desktop/development_folder/airflowe/dags/hello_world.py for tasks to queue
[2023-03-15T21:46:51.254-0400] {logging_mixin.py:137} INFO - [2023-03-15T21:46:51.254-0400] {dagbag.py:538} INFO - Filling up the DagBag from /Users/admin/Desktop/development_folder/airflowe/dags/hello_world.py
[2023-03-15T21:46:51.321-0400] {processor.py:753} INFO - DAG(s) dict_keys(['hello_world']) retrieved from /Users/admin/Desktop/development_folder/airflowe/dags/hello_world.py
[2023-03-15T21:46:51.373-0400] {logging_mixin.py:137} WARNING - /Users/admin/opt/anaconda3/envs/python-airflow-venv/lib/python3.10/site-packages/airflow/jobs/scheduler_job.py:124 DeprecationWarning: The processor_poll_interval option in [scheduler] has been renamed to scheduler_idle_sleep_time - the old setting has been used, but please update your config.
[2023-03-15T21:46:51.976-0400] {logging_mixin.py:137} INFO - [2023-03-15T21:46:51.975-0400] {dag.py:2690} INFO - Sync 1 DAGs
[2023-03-15T21:46:51.992-0400] {logging_mixin.py:137} INFO - [2023-03-15T21:46:51.992-0400] {dag.py:3437} INFO - Setting next_dagrun for hello_world to 2023-03-14T12:00:00+00:00, run_after=2023-03-15T12:00:00+00:00
[2023-03-15T21:46:52.011-0400] {processor.py:175} INFO - Processing /Users/admin/Desktop/development_folder/airflowe/dags/hello_world.py took 0.764 seconds
[2023-03-15T21:48:46.353-0400] {logging_mixin.py:137} WARNING - /Users/admin/opt/anaconda3/envs/python-airflow-venv/lib/python3.10/site-packages/airflow/settings.py:337 DeprecationWarning: The sql_alchemy_pool_enabled option in [core] has been moved to the sql_alchemy_pool_enabled option in [database] - the old setting has been used, but please update your config.
[2023-03-15T21:48:46.361-0400] {logging_mixin.py:137} WARNING - /Users/admin/opt/anaconda3/envs/python-airflow-venv/lib/python3.10/site-packages/airflow/settings.py:400 DeprecationWarning: The sql_engine_encoding option in [core] has been moved to the sql_engine_encoding option in [database] - the old setting has been used, but please update your config.
[2023-03-15T21:48:46.362-0400] {processor.py:153} INFO - Started process (PID=19503) to work on /Users/admin/Desktop/development_folder/airflowe/dags/hello_world.py
[2023-03-15T21:48:46.362-0400] {processor.py:743} INFO - Processing file /Users/admin/Desktop/development_folder/airflowe/dags/hello_world.py for tasks to queue
[2023-03-15T21:48:46.362-0400] {logging_mixin.py:137} INFO - [2023-03-15T21:48:46.362-0400] {dagbag.py:538} INFO - Filling up the DagBag from /Users/admin/Desktop/development_folder/airflowe/dags/hello_world.py
[2023-03-15T21:48:46.422-0400] {processor.py:753} INFO - DAG(s) dict_keys(['hello_world']) retrieved from /Users/admin/Desktop/development_folder/airflowe/dags/hello_world.py
[2023-03-15T21:48:46.469-0400] {logging_mixin.py:137} WARNING - /Users/admin/opt/anaconda3/envs/python-airflow-venv/lib/python3.10/site-packages/airflow/jobs/scheduler_job.py:124 DeprecationWarning: The processor_poll_interval option in [scheduler] has been renamed to scheduler_idle_sleep_time - the old setting has been used, but please update your config.
[2023-03-15T21:48:47.064-0400] {logging_mixin.py:137} INFO - [2023-03-15T21:48:47.064-0400] {dag.py:2690} INFO - Sync 1 DAGs
[2023-03-15T21:48:47.080-0400] {logging_mixin.py:137} INFO - [2023-03-15T21:48:47.080-0400] {dag.py:3437} INFO - Setting next_dagrun for hello_world to 2023-03-14T12:00:00+00:00, run_after=2023-03-15T12:00:00+00:00
[2023-03-15T21:48:47.098-0400] {processor.py:175} INFO - Processing /Users/admin/Desktop/development_folder/airflowe/dags/hello_world.py took 0.747 seconds
[2023-03-15T21:50:44.591-0400] {logging_mixin.py:137} WARNING - /Users/admin/opt/anaconda3/envs/python-airflow-venv/lib/python3.10/site-packages/airflow/settings.py:337 DeprecationWarning: The sql_alchemy_pool_enabled option in [core] has been moved to the sql_alchemy_pool_enabled option in [database] - the old setting has been used, but please update your config.
[2023-03-15T21:50:44.595-0400] {logging_mixin.py:137} WARNING - /Users/admin/opt/anaconda3/envs/python-airflow-venv/lib/python3.10/site-packages/airflow/settings.py:400 DeprecationWarning: The sql_engine_encoding option in [core] has been moved to the sql_engine_encoding option in [database] - the old setting has been used, but please update your config.
[2023-03-15T21:50:44.596-0400] {processor.py:153} INFO - Started process (PID=19559) to work on /Users/admin/Desktop/development_folder/airflowe/dags/hello_world.py
[2023-03-15T21:50:44.596-0400] {processor.py:743} INFO - Processing file /Users/admin/Desktop/development_folder/airflowe/dags/hello_world.py for tasks to queue
[2023-03-15T21:50:44.596-0400] {logging_mixin.py:137} INFO - [2023-03-15T21:50:44.596-0400] {dagbag.py:538} INFO - Filling up the DagBag from /Users/admin/Desktop/development_folder/airflowe/dags/hello_world.py
[2023-03-15T21:50:44.664-0400] {processor.py:753} INFO - DAG(s) dict_keys(['hello_world']) retrieved from /Users/admin/Desktop/development_folder/airflowe/dags/hello_world.py
[2023-03-15T21:50:44.712-0400] {logging_mixin.py:137} WARNING - /Users/admin/opt/anaconda3/envs/python-airflow-venv/lib/python3.10/site-packages/airflow/jobs/scheduler_job.py:124 DeprecationWarning: The processor_poll_interval option in [scheduler] has been renamed to scheduler_idle_sleep_time - the old setting has been used, but please update your config.
[2023-03-15T21:50:45.316-0400] {logging_mixin.py:137} INFO - [2023-03-15T21:50:45.315-0400] {dag.py:2690} INFO - Sync 1 DAGs
[2023-03-15T21:50:45.332-0400] {logging_mixin.py:137} INFO - [2023-03-15T21:50:45.332-0400] {dag.py:3437} INFO - Setting next_dagrun for hello_world to 2023-03-14T12:00:00+00:00, run_after=2023-03-15T12:00:00+00:00
[2023-03-15T21:50:45.349-0400] {processor.py:175} INFO - Processing /Users/admin/Desktop/development_folder/airflowe/dags/hello_world.py took 0.760 seconds
[2023-03-15T21:52:42.677-0400] {logging_mixin.py:137} WARNING - /Users/admin/opt/anaconda3/envs/python-airflow-venv/lib/python3.10/site-packages/airflow/settings.py:337 DeprecationWarning: The sql_alchemy_pool_enabled option in [core] has been moved to the sql_alchemy_pool_enabled option in [database] - the old setting has been used, but please update your config.
[2023-03-15T21:52:42.681-0400] {logging_mixin.py:137} WARNING - /Users/admin/opt/anaconda3/envs/python-airflow-venv/lib/python3.10/site-packages/airflow/settings.py:400 DeprecationWarning: The sql_engine_encoding option in [core] has been moved to the sql_engine_encoding option in [database] - the old setting has been used, but please update your config.
[2023-03-15T21:52:42.682-0400] {processor.py:153} INFO - Started process (PID=19620) to work on /Users/admin/Desktop/development_folder/airflowe/dags/hello_world.py
[2023-03-15T21:52:42.682-0400] {processor.py:743} INFO - Processing file /Users/admin/Desktop/development_folder/airflowe/dags/hello_world.py for tasks to queue
[2023-03-15T21:52:42.683-0400] {logging_mixin.py:137} INFO - [2023-03-15T21:52:42.683-0400] {dagbag.py:538} INFO - Filling up the DagBag from /Users/admin/Desktop/development_folder/airflowe/dags/hello_world.py
[2023-03-15T21:52:42.751-0400] {processor.py:753} INFO - DAG(s) dict_keys(['hello_world']) retrieved from /Users/admin/Desktop/development_folder/airflowe/dags/hello_world.py
[2023-03-15T21:52:42.801-0400] {logging_mixin.py:137} WARNING - /Users/admin/opt/anaconda3/envs/python-airflow-venv/lib/python3.10/site-packages/airflow/jobs/scheduler_job.py:124 DeprecationWarning: The processor_poll_interval option in [scheduler] has been renamed to scheduler_idle_sleep_time - the old setting has been used, but please update your config.
[2023-03-15T21:52:43.419-0400] {logging_mixin.py:137} INFO - [2023-03-15T21:52:43.419-0400] {dag.py:2690} INFO - Sync 1 DAGs
[2023-03-15T21:52:43.435-0400] {logging_mixin.py:137} INFO - [2023-03-15T21:52:43.435-0400] {dag.py:3437} INFO - Setting next_dagrun for hello_world to 2023-03-14T12:00:00+00:00, run_after=2023-03-15T12:00:00+00:00
[2023-03-15T21:52:43.451-0400] {processor.py:175} INFO - Processing /Users/admin/Desktop/development_folder/airflowe/dags/hello_world.py took 0.775 seconds
[2023-03-15T21:54:34.876-0400] {logging_mixin.py:137} WARNING - /Users/admin/opt/anaconda3/envs/python-airflow-venv/lib/python3.10/site-packages/airflow/settings.py:337 DeprecationWarning: The sql_alchemy_pool_enabled option in [core] has been moved to the sql_alchemy_pool_enabled option in [database] - the old setting has been used, but please update your config.
[2023-03-15T21:54:34.881-0400] {logging_mixin.py:137} WARNING - /Users/admin/opt/anaconda3/envs/python-airflow-venv/lib/python3.10/site-packages/airflow/settings.py:400 DeprecationWarning: The sql_engine_encoding option in [core] has been moved to the sql_engine_encoding option in [database] - the old setting has been used, but please update your config.
[2023-03-15T21:54:34.882-0400] {processor.py:153} INFO - Started process (PID=19698) to work on /Users/admin/Desktop/development_folder/airflowe/dags/hello_world.py
[2023-03-15T21:54:34.883-0400] {processor.py:743} INFO - Processing file /Users/admin/Desktop/development_folder/airflowe/dags/hello_world.py for tasks to queue
[2023-03-15T21:54:34.883-0400] {logging_mixin.py:137} INFO - [2023-03-15T21:54:34.883-0400] {dagbag.py:538} INFO - Filling up the DagBag from /Users/admin/Desktop/development_folder/airflowe/dags/hello_world.py
[2023-03-15T21:54:34.952-0400] {processor.py:753} INFO - DAG(s) dict_keys(['hello_world']) retrieved from /Users/admin/Desktop/development_folder/airflowe/dags/hello_world.py
[2023-03-15T21:54:35.009-0400] {logging_mixin.py:137} WARNING - /Users/admin/opt/anaconda3/envs/python-airflow-venv/lib/python3.10/site-packages/airflow/jobs/scheduler_job.py:124 DeprecationWarning: The processor_poll_interval option in [scheduler] has been renamed to scheduler_idle_sleep_time - the old setting has been used, but please update your config.
[2023-03-15T21:54:35.765-0400] {logging_mixin.py:137} INFO - [2023-03-15T21:54:35.765-0400] {dag.py:2690} INFO - Sync 1 DAGs
[2023-03-15T21:54:35.782-0400] {logging_mixin.py:137} INFO - [2023-03-15T21:54:35.781-0400] {dag.py:3437} INFO - Setting next_dagrun for hello_world to 2023-03-14T12:00:00+00:00, run_after=2023-03-15T12:00:00+00:00
[2023-03-15T21:54:35.797-0400] {processor.py:175} INFO - Processing /Users/admin/Desktop/development_folder/airflowe/dags/hello_world.py took 0.922 seconds
[2023-03-15T21:56:33.947-0400] {logging_mixin.py:137} WARNING - /Users/admin/opt/anaconda3/envs/python-airflow-venv/lib/python3.10/site-packages/airflow/settings.py:337 DeprecationWarning: The sql_alchemy_pool_enabled option in [core] has been moved to the sql_alchemy_pool_enabled option in [database] - the old setting has been used, but please update your config.
[2023-03-15T21:56:33.955-0400] {logging_mixin.py:137} WARNING - /Users/admin/opt/anaconda3/envs/python-airflow-venv/lib/python3.10/site-packages/airflow/settings.py:400 DeprecationWarning: The sql_engine_encoding option in [core] has been moved to the sql_engine_encoding option in [database] - the old setting has been used, but please update your config.
[2023-03-15T21:56:33.955-0400] {processor.py:153} INFO - Started process (PID=19758) to work on /Users/admin/Desktop/development_folder/airflowe/dags/hello_world.py
[2023-03-15T21:56:33.956-0400] {processor.py:743} INFO - Processing file /Users/admin/Desktop/development_folder/airflowe/dags/hello_world.py for tasks to queue
[2023-03-15T21:56:33.956-0400] {logging_mixin.py:137} INFO - [2023-03-15T21:56:33.956-0400] {dagbag.py:538} INFO - Filling up the DagBag from /Users/admin/Desktop/development_folder/airflowe/dags/hello_world.py
[2023-03-15T21:56:34.031-0400] {processor.py:753} INFO - DAG(s) dict_keys(['hello_world']) retrieved from /Users/admin/Desktop/development_folder/airflowe/dags/hello_world.py
[2023-03-15T21:56:34.103-0400] {logging_mixin.py:137} WARNING - /Users/admin/opt/anaconda3/envs/python-airflow-venv/lib/python3.10/site-packages/airflow/jobs/scheduler_job.py:124 DeprecationWarning: The processor_poll_interval option in [scheduler] has been renamed to scheduler_idle_sleep_time - the old setting has been used, but please update your config.
[2023-03-15T21:56:34.812-0400] {logging_mixin.py:137} INFO - [2023-03-15T21:56:34.812-0400] {dag.py:2690} INFO - Sync 1 DAGs
[2023-03-15T21:56:34.832-0400] {logging_mixin.py:137} INFO - [2023-03-15T21:56:34.831-0400] {dag.py:3437} INFO - Setting next_dagrun for hello_world to 2023-03-14T12:00:00+00:00, run_after=2023-03-15T12:00:00+00:00
[2023-03-15T21:56:34.853-0400] {processor.py:175} INFO - Processing /Users/admin/Desktop/development_folder/airflowe/dags/hello_world.py took 0.907 seconds
[2023-03-15T21:58:28.639-0400] {logging_mixin.py:137} WARNING - /Users/admin/opt/anaconda3/envs/python-airflow-venv/lib/python3.10/site-packages/airflow/settings.py:337 DeprecationWarning: The sql_alchemy_pool_enabled option in [core] has been moved to the sql_alchemy_pool_enabled option in [database] - the old setting has been used, but please update your config.
[2023-03-15T21:58:28.643-0400] {logging_mixin.py:137} WARNING - /Users/admin/opt/anaconda3/envs/python-airflow-venv/lib/python3.10/site-packages/airflow/settings.py:400 DeprecationWarning: The sql_engine_encoding option in [core] has been moved to the sql_engine_encoding option in [database] - the old setting has been used, but please update your config.
[2023-03-15T21:58:28.644-0400] {processor.py:153} INFO - Started process (PID=19814) to work on /Users/admin/Desktop/development_folder/airflowe/dags/hello_world.py
[2023-03-15T21:58:28.644-0400] {processor.py:743} INFO - Processing file /Users/admin/Desktop/development_folder/airflowe/dags/hello_world.py for tasks to queue
[2023-03-15T21:58:28.645-0400] {logging_mixin.py:137} INFO - [2023-03-15T21:58:28.645-0400] {dagbag.py:538} INFO - Filling up the DagBag from /Users/admin/Desktop/development_folder/airflowe/dags/hello_world.py
[2023-03-15T21:58:28.704-0400] {processor.py:753} INFO - DAG(s) dict_keys(['hello_world']) retrieved from /Users/admin/Desktop/development_folder/airflowe/dags/hello_world.py
[2023-03-15T21:58:28.753-0400] {logging_mixin.py:137} WARNING - /Users/admin/opt/anaconda3/envs/python-airflow-venv/lib/python3.10/site-packages/airflow/jobs/scheduler_job.py:124 DeprecationWarning: The processor_poll_interval option in [scheduler] has been renamed to scheduler_idle_sleep_time - the old setting has been used, but please update your config.
[2023-03-15T21:58:29.339-0400] {logging_mixin.py:137} INFO - [2023-03-15T21:58:29.339-0400] {dag.py:2690} INFO - Sync 1 DAGs
[2023-03-15T21:58:29.355-0400] {logging_mixin.py:137} INFO - [2023-03-15T21:58:29.355-0400] {dag.py:3437} INFO - Setting next_dagrun for hello_world to 2023-03-14T12:00:00+00:00, run_after=2023-03-15T12:00:00+00:00
[2023-03-15T21:58:29.375-0400] {processor.py:175} INFO - Processing /Users/admin/Desktop/development_folder/airflowe/dags/hello_world.py took 0.737 seconds
[2023-03-15T22:02:44.843-0400] {logging_mixin.py:137} WARNING - /Users/admin/opt/anaconda3/envs/python-airflow-venv/lib/python3.10/site-packages/airflow/settings.py:337 DeprecationWarning: The sql_alchemy_pool_enabled option in [core] has been moved to the sql_alchemy_pool_enabled option in [database] - the old setting has been used, but please update your config.
[2023-03-15T22:02:44.847-0400] {logging_mixin.py:137} WARNING - /Users/admin/opt/anaconda3/envs/python-airflow-venv/lib/python3.10/site-packages/airflow/settings.py:400 DeprecationWarning: The sql_engine_encoding option in [core] has been moved to the sql_engine_encoding option in [database] - the old setting has been used, but please update your config.
[2023-03-15T22:02:44.848-0400] {processor.py:153} INFO - Started process (PID=19880) to work on /Users/admin/Desktop/development_folder/airflowe/dags/hello_world.py
[2023-03-15T22:02:44.848-0400] {processor.py:743} INFO - Processing file /Users/admin/Desktop/development_folder/airflowe/dags/hello_world.py for tasks to queue
[2023-03-15T22:02:44.848-0400] {logging_mixin.py:137} INFO - [2023-03-15T22:02:44.848-0400] {dagbag.py:538} INFO - Filling up the DagBag from /Users/admin/Desktop/development_folder/airflowe/dags/hello_world.py
[2023-03-15T22:02:44.907-0400] {processor.py:753} INFO - DAG(s) dict_keys(['hello_world']) retrieved from /Users/admin/Desktop/development_folder/airflowe/dags/hello_world.py
[2023-03-15T22:02:44.953-0400] {logging_mixin.py:137} WARNING - /Users/admin/opt/anaconda3/envs/python-airflow-venv/lib/python3.10/site-packages/airflow/jobs/scheduler_job.py:124 DeprecationWarning: The processor_poll_interval option in [scheduler] has been renamed to scheduler_idle_sleep_time - the old setting has been used, but please update your config.
[2023-03-15T22:02:45.612-0400] {logging_mixin.py:137} INFO - [2023-03-15T22:02:45.611-0400] {dag.py:2690} INFO - Sync 1 DAGs
[2023-03-15T22:02:45.628-0400] {logging_mixin.py:137} INFO - [2023-03-15T22:02:45.628-0400] {dag.py:3437} INFO - Setting next_dagrun for hello_world to 2023-03-14T12:00:00+00:00, run_after=2023-03-15T12:00:00+00:00
[2023-03-15T22:02:45.647-0400] {processor.py:175} INFO - Processing /Users/admin/Desktop/development_folder/airflowe/dags/hello_world.py took 0.805 seconds
[2023-03-15T22:04:42.344-0400] {logging_mixin.py:137} WARNING - /Users/admin/opt/anaconda3/envs/python-airflow-venv/lib/python3.10/site-packages/airflow/settings.py:337 DeprecationWarning: The sql_alchemy_pool_enabled option in [core] has been moved to the sql_alchemy_pool_enabled option in [database] - the old setting has been used, but please update your config.
[2023-03-15T22:04:42.349-0400] {logging_mixin.py:137} WARNING - /Users/admin/opt/anaconda3/envs/python-airflow-venv/lib/python3.10/site-packages/airflow/settings.py:400 DeprecationWarning: The sql_engine_encoding option in [core] has been moved to the sql_engine_encoding option in [database] - the old setting has been used, but please update your config.
[2023-03-15T22:04:42.349-0400] {processor.py:153} INFO - Started process (PID=19931) to work on /Users/admin/Desktop/development_folder/airflowe/dags/hello_world.py
[2023-03-15T22:04:42.349-0400] {processor.py:743} INFO - Processing file /Users/admin/Desktop/development_folder/airflowe/dags/hello_world.py for tasks to queue
[2023-03-15T22:04:42.350-0400] {logging_mixin.py:137} INFO - [2023-03-15T22:04:42.350-0400] {dagbag.py:538} INFO - Filling up the DagBag from /Users/admin/Desktop/development_folder/airflowe/dags/hello_world.py
[2023-03-15T22:04:42.411-0400] {processor.py:753} INFO - DAG(s) dict_keys(['hello_world']) retrieved from /Users/admin/Desktop/development_folder/airflowe/dags/hello_world.py
[2023-03-15T22:04:42.458-0400] {logging_mixin.py:137} WARNING - /Users/admin/opt/anaconda3/envs/python-airflow-venv/lib/python3.10/site-packages/airflow/jobs/scheduler_job.py:124 DeprecationWarning: The processor_poll_interval option in [scheduler] has been renamed to scheduler_idle_sleep_time - the old setting has been used, but please update your config.
[2023-03-15T22:04:43.065-0400] {logging_mixin.py:137} INFO - [2023-03-15T22:04:43.065-0400] {dag.py:2690} INFO - Sync 1 DAGs
[2023-03-15T22:04:43.081-0400] {logging_mixin.py:137} INFO - [2023-03-15T22:04:43.080-0400] {dag.py:3437} INFO - Setting next_dagrun for hello_world to 2023-03-14T12:00:00+00:00, run_after=2023-03-15T12:00:00+00:00
[2023-03-15T22:04:43.098-0400] {processor.py:175} INFO - Processing /Users/admin/Desktop/development_folder/airflowe/dags/hello_world.py took 0.754 seconds
[2023-03-15T22:06:48.584-0400] {logging_mixin.py:137} WARNING - /Users/admin/opt/anaconda3/envs/python-airflow-venv/lib/python3.10/site-packages/airflow/settings.py:337 DeprecationWarning: The sql_alchemy_pool_enabled option in [core] has been moved to the sql_alchemy_pool_enabled option in [database] - the old setting has been used, but please update your config.
[2023-03-15T22:06:48.589-0400] {logging_mixin.py:137} WARNING - /Users/admin/opt/anaconda3/envs/python-airflow-venv/lib/python3.10/site-packages/airflow/settings.py:400 DeprecationWarning: The sql_engine_encoding option in [core] has been moved to the sql_engine_encoding option in [database] - the old setting has been used, but please update your config.
[2023-03-15T22:06:48.590-0400] {processor.py:153} INFO - Started process (PID=19983) to work on /Users/admin/Desktop/development_folder/airflowe/dags/hello_world.py
[2023-03-15T22:06:48.590-0400] {processor.py:743} INFO - Processing file /Users/admin/Desktop/development_folder/airflowe/dags/hello_world.py for tasks to queue
[2023-03-15T22:06:48.590-0400] {logging_mixin.py:137} INFO - [2023-03-15T22:06:48.590-0400] {dagbag.py:538} INFO - Filling up the DagBag from /Users/admin/Desktop/development_folder/airflowe/dags/hello_world.py
[2023-03-15T22:06:48.649-0400] {processor.py:753} INFO - DAG(s) dict_keys(['hello_world']) retrieved from /Users/admin/Desktop/development_folder/airflowe/dags/hello_world.py
[2023-03-15T22:06:48.696-0400] {logging_mixin.py:137} WARNING - /Users/admin/opt/anaconda3/envs/python-airflow-venv/lib/python3.10/site-packages/airflow/jobs/scheduler_job.py:124 DeprecationWarning: The processor_poll_interval option in [scheduler] has been renamed to scheduler_idle_sleep_time - the old setting has been used, but please update your config.
[2023-03-15T22:06:49.298-0400] {logging_mixin.py:137} INFO - [2023-03-15T22:06:49.298-0400] {dag.py:2690} INFO - Sync 1 DAGs
[2023-03-15T22:06:49.315-0400] {logging_mixin.py:137} INFO - [2023-03-15T22:06:49.315-0400] {dag.py:3437} INFO - Setting next_dagrun for hello_world to 2023-03-14T12:00:00+00:00, run_after=2023-03-15T12:00:00+00:00
[2023-03-15T22:06:49.333-0400] {processor.py:175} INFO - Processing /Users/admin/Desktop/development_folder/airflowe/dags/hello_world.py took 0.749 seconds
