[2023-03-26T18:43:27.491-0400] {logging_mixin.py:137} WARNING - /Users/admin/opt/anaconda3/envs/python-airflow-venv/lib/python3.10/site-packages/airflow/settings.py:337 DeprecationWarning: The sql_alchemy_pool_enabled option in [core] has been moved to the sql_alchemy_pool_enabled option in [database] - the old setting has been used, but please update your config.
[2023-03-26T18:43:27.495-0400] {logging_mixin.py:137} WARNING - /Users/admin/opt/anaconda3/envs/python-airflow-venv/lib/python3.10/site-packages/airflow/settings.py:400 DeprecationWarning: The sql_engine_encoding option in [core] has been moved to the sql_engine_encoding option in [database] - the old setting has been used, but please update your config.
[2023-03-26T18:43:27.496-0400] {processor.py:153} INFO - Started process (PID=28755) to work on /Users/admin/Desktop/development_folder/airflowe/dags/hello_world.py
[2023-03-26T18:43:27.496-0400] {processor.py:743} INFO - Processing file /Users/admin/Desktop/development_folder/airflowe/dags/hello_world.py for tasks to queue
[2023-03-26T18:43:27.496-0400] {logging_mixin.py:137} INFO - [2023-03-26T18:43:27.496-0400] {dagbag.py:538} INFO - Filling up the DagBag from /Users/admin/Desktop/development_folder/airflowe/dags/hello_world.py
[2023-03-26T18:43:27.554-0400] {processor.py:753} INFO - DAG(s) dict_keys(['hello_world']) retrieved from /Users/admin/Desktop/development_folder/airflowe/dags/hello_world.py
[2023-03-26T18:43:27.602-0400] {logging_mixin.py:137} WARNING - /Users/admin/opt/anaconda3/envs/python-airflow-venv/lib/python3.10/site-packages/airflow/jobs/scheduler_job.py:124 DeprecationWarning: The processor_poll_interval option in [scheduler] has been renamed to scheduler_idle_sleep_time - the old setting has been used, but please update your config.
[2023-03-26T18:43:28.195-0400] {logging_mixin.py:137} INFO - [2023-03-26T18:43:28.195-0400] {dag.py:2690} INFO - Sync 1 DAGs
[2023-03-26T18:43:28.211-0400] {logging_mixin.py:137} INFO - [2023-03-26T18:43:28.211-0400] {dag.py:3437} INFO - Setting next_dagrun for hello_world to 2023-03-25T12:00:00+00:00, run_after=2023-03-26T12:00:00+00:00
[2023-03-26T18:43:28.230-0400] {processor.py:175} INFO - Processing /Users/admin/Desktop/development_folder/airflowe/dags/hello_world.py took 0.740 seconds
[2023-03-26T18:45:21.560-0400] {logging_mixin.py:137} WARNING - /Users/admin/opt/anaconda3/envs/python-airflow-venv/lib/python3.10/site-packages/airflow/settings.py:337 DeprecationWarning: The sql_alchemy_pool_enabled option in [core] has been moved to the sql_alchemy_pool_enabled option in [database] - the old setting has been used, but please update your config.
[2023-03-26T18:45:21.564-0400] {logging_mixin.py:137} WARNING - /Users/admin/opt/anaconda3/envs/python-airflow-venv/lib/python3.10/site-packages/airflow/settings.py:400 DeprecationWarning: The sql_engine_encoding option in [core] has been moved to the sql_engine_encoding option in [database] - the old setting has been used, but please update your config.
[2023-03-26T18:45:21.565-0400] {processor.py:153} INFO - Started process (PID=28805) to work on /Users/admin/Desktop/development_folder/airflowe/dags/hello_world.py
[2023-03-26T18:45:21.565-0400] {processor.py:743} INFO - Processing file /Users/admin/Desktop/development_folder/airflowe/dags/hello_world.py for tasks to queue
[2023-03-26T18:45:21.565-0400] {logging_mixin.py:137} INFO - [2023-03-26T18:45:21.565-0400] {dagbag.py:538} INFO - Filling up the DagBag from /Users/admin/Desktop/development_folder/airflowe/dags/hello_world.py
[2023-03-26T18:45:21.623-0400] {processor.py:753} INFO - DAG(s) dict_keys(['hello_world']) retrieved from /Users/admin/Desktop/development_folder/airflowe/dags/hello_world.py
[2023-03-26T18:45:21.671-0400] {logging_mixin.py:137} WARNING - /Users/admin/opt/anaconda3/envs/python-airflow-venv/lib/python3.10/site-packages/airflow/jobs/scheduler_job.py:124 DeprecationWarning: The processor_poll_interval option in [scheduler] has been renamed to scheduler_idle_sleep_time - the old setting has been used, but please update your config.
[2023-03-26T18:45:22.269-0400] {logging_mixin.py:137} INFO - [2023-03-26T18:45:22.269-0400] {dag.py:2690} INFO - Sync 1 DAGs
[2023-03-26T18:45:22.285-0400] {logging_mixin.py:137} INFO - [2023-03-26T18:45:22.285-0400] {dag.py:3437} INFO - Setting next_dagrun for hello_world to 2023-03-25T12:00:00+00:00, run_after=2023-03-26T12:00:00+00:00
[2023-03-26T18:45:22.301-0400] {processor.py:175} INFO - Processing /Users/admin/Desktop/development_folder/airflowe/dags/hello_world.py took 0.743 seconds
[2023-03-26T18:47:16.613-0400] {logging_mixin.py:137} WARNING - /Users/admin/opt/anaconda3/envs/python-airflow-venv/lib/python3.10/site-packages/airflow/settings.py:337 DeprecationWarning: The sql_alchemy_pool_enabled option in [core] has been moved to the sql_alchemy_pool_enabled option in [database] - the old setting has been used, but please update your config.
[2023-03-26T18:47:16.617-0400] {logging_mixin.py:137} WARNING - /Users/admin/opt/anaconda3/envs/python-airflow-venv/lib/python3.10/site-packages/airflow/settings.py:400 DeprecationWarning: The sql_engine_encoding option in [core] has been moved to the sql_engine_encoding option in [database] - the old setting has been used, but please update your config.
[2023-03-26T18:47:16.618-0400] {processor.py:153} INFO - Started process (PID=28855) to work on /Users/admin/Desktop/development_folder/airflowe/dags/hello_world.py
[2023-03-26T18:47:16.618-0400] {processor.py:743} INFO - Processing file /Users/admin/Desktop/development_folder/airflowe/dags/hello_world.py for tasks to queue
[2023-03-26T18:47:16.618-0400] {logging_mixin.py:137} INFO - [2023-03-26T18:47:16.618-0400] {dagbag.py:538} INFO - Filling up the DagBag from /Users/admin/Desktop/development_folder/airflowe/dags/hello_world.py
[2023-03-26T18:47:16.677-0400] {processor.py:753} INFO - DAG(s) dict_keys(['hello_world']) retrieved from /Users/admin/Desktop/development_folder/airflowe/dags/hello_world.py
[2023-03-26T18:47:16.729-0400] {logging_mixin.py:137} WARNING - /Users/admin/opt/anaconda3/envs/python-airflow-venv/lib/python3.10/site-packages/airflow/jobs/scheduler_job.py:124 DeprecationWarning: The processor_poll_interval option in [scheduler] has been renamed to scheduler_idle_sleep_time - the old setting has been used, but please update your config.
[2023-03-26T18:47:17.319-0400] {logging_mixin.py:137} INFO - [2023-03-26T18:47:17.319-0400] {dag.py:2690} INFO - Sync 1 DAGs
[2023-03-26T18:47:17.335-0400] {logging_mixin.py:137} INFO - [2023-03-26T18:47:17.335-0400] {dag.py:3437} INFO - Setting next_dagrun for hello_world to 2023-03-25T12:00:00+00:00, run_after=2023-03-26T12:00:00+00:00
[2023-03-26T18:47:17.351-0400] {processor.py:175} INFO - Processing /Users/admin/Desktop/development_folder/airflowe/dags/hello_world.py took 0.739 seconds
[2023-03-26T18:49:11.782-0400] {logging_mixin.py:137} WARNING - /Users/admin/opt/anaconda3/envs/python-airflow-venv/lib/python3.10/site-packages/airflow/settings.py:337 DeprecationWarning: The sql_alchemy_pool_enabled option in [core] has been moved to the sql_alchemy_pool_enabled option in [database] - the old setting has been used, but please update your config.
[2023-03-26T18:49:11.786-0400] {logging_mixin.py:137} WARNING - /Users/admin/opt/anaconda3/envs/python-airflow-venv/lib/python3.10/site-packages/airflow/settings.py:400 DeprecationWarning: The sql_engine_encoding option in [core] has been moved to the sql_engine_encoding option in [database] - the old setting has been used, but please update your config.
[2023-03-26T18:49:11.787-0400] {processor.py:153} INFO - Started process (PID=28906) to work on /Users/admin/Desktop/development_folder/airflowe/dags/hello_world.py
[2023-03-26T18:49:11.787-0400] {processor.py:743} INFO - Processing file /Users/admin/Desktop/development_folder/airflowe/dags/hello_world.py for tasks to queue
[2023-03-26T18:49:11.788-0400] {logging_mixin.py:137} INFO - [2023-03-26T18:49:11.788-0400] {dagbag.py:538} INFO - Filling up the DagBag from /Users/admin/Desktop/development_folder/airflowe/dags/hello_world.py
[2023-03-26T18:49:11.845-0400] {processor.py:753} INFO - DAG(s) dict_keys(['hello_world']) retrieved from /Users/admin/Desktop/development_folder/airflowe/dags/hello_world.py
[2023-03-26T18:49:11.893-0400] {logging_mixin.py:137} WARNING - /Users/admin/opt/anaconda3/envs/python-airflow-venv/lib/python3.10/site-packages/airflow/jobs/scheduler_job.py:124 DeprecationWarning: The processor_poll_interval option in [scheduler] has been renamed to scheduler_idle_sleep_time - the old setting has been used, but please update your config.
[2023-03-26T18:49:12.486-0400] {logging_mixin.py:137} INFO - [2023-03-26T18:49:12.486-0400] {dag.py:2690} INFO - Sync 1 DAGs
[2023-03-26T18:49:12.502-0400] {logging_mixin.py:137} INFO - [2023-03-26T18:49:12.502-0400] {dag.py:3437} INFO - Setting next_dagrun for hello_world to 2023-03-25T12:00:00+00:00, run_after=2023-03-26T12:00:00+00:00
[2023-03-26T18:49:12.520-0400] {processor.py:175} INFO - Processing /Users/admin/Desktop/development_folder/airflowe/dags/hello_world.py took 0.738 seconds
[2023-03-26T18:51:07.231-0400] {logging_mixin.py:137} WARNING - /Users/admin/opt/anaconda3/envs/python-airflow-venv/lib/python3.10/site-packages/airflow/settings.py:337 DeprecationWarning: The sql_alchemy_pool_enabled option in [core] has been moved to the sql_alchemy_pool_enabled option in [database] - the old setting has been used, but please update your config.
[2023-03-26T18:51:07.236-0400] {logging_mixin.py:137} WARNING - /Users/admin/opt/anaconda3/envs/python-airflow-venv/lib/python3.10/site-packages/airflow/settings.py:400 DeprecationWarning: The sql_engine_encoding option in [core] has been moved to the sql_engine_encoding option in [database] - the old setting has been used, but please update your config.
[2023-03-26T18:51:07.236-0400] {processor.py:153} INFO - Started process (PID=28956) to work on /Users/admin/Desktop/development_folder/airflowe/dags/hello_world.py
[2023-03-26T18:51:07.236-0400] {processor.py:743} INFO - Processing file /Users/admin/Desktop/development_folder/airflowe/dags/hello_world.py for tasks to queue
[2023-03-26T18:51:07.237-0400] {logging_mixin.py:137} INFO - [2023-03-26T18:51:07.237-0400] {dagbag.py:538} INFO - Filling up the DagBag from /Users/admin/Desktop/development_folder/airflowe/dags/hello_world.py
[2023-03-26T18:51:07.298-0400] {processor.py:753} INFO - DAG(s) dict_keys(['hello_world']) retrieved from /Users/admin/Desktop/development_folder/airflowe/dags/hello_world.py
[2023-03-26T18:51:07.345-0400] {logging_mixin.py:137} WARNING - /Users/admin/opt/anaconda3/envs/python-airflow-venv/lib/python3.10/site-packages/airflow/jobs/scheduler_job.py:124 DeprecationWarning: The processor_poll_interval option in [scheduler] has been renamed to scheduler_idle_sleep_time - the old setting has been used, but please update your config.
[2023-03-26T18:51:07.936-0400] {logging_mixin.py:137} INFO - [2023-03-26T18:51:07.935-0400] {dag.py:2690} INFO - Sync 1 DAGs
[2023-03-26T18:51:07.951-0400] {logging_mixin.py:137} INFO - [2023-03-26T18:51:07.951-0400] {dag.py:3437} INFO - Setting next_dagrun for hello_world to 2023-03-25T12:00:00+00:00, run_after=2023-03-26T12:00:00+00:00
[2023-03-26T18:51:07.972-0400] {processor.py:175} INFO - Processing /Users/admin/Desktop/development_folder/airflowe/dags/hello_world.py took 0.742 seconds
[2023-03-26T18:53:02.325-0400] {logging_mixin.py:137} WARNING - /Users/admin/opt/anaconda3/envs/python-airflow-venv/lib/python3.10/site-packages/airflow/settings.py:337 DeprecationWarning: The sql_alchemy_pool_enabled option in [core] has been moved to the sql_alchemy_pool_enabled option in [database] - the old setting has been used, but please update your config.
[2023-03-26T18:53:02.330-0400] {logging_mixin.py:137} WARNING - /Users/admin/opt/anaconda3/envs/python-airflow-venv/lib/python3.10/site-packages/airflow/settings.py:400 DeprecationWarning: The sql_engine_encoding option in [core] has been moved to the sql_engine_encoding option in [database] - the old setting has been used, but please update your config.
[2023-03-26T18:53:02.330-0400] {processor.py:153} INFO - Started process (PID=29015) to work on /Users/admin/Desktop/development_folder/airflowe/dags/hello_world.py
[2023-03-26T18:53:02.331-0400] {processor.py:743} INFO - Processing file /Users/admin/Desktop/development_folder/airflowe/dags/hello_world.py for tasks to queue
[2023-03-26T18:53:02.331-0400] {logging_mixin.py:137} INFO - [2023-03-26T18:53:02.331-0400] {dagbag.py:538} INFO - Filling up the DagBag from /Users/admin/Desktop/development_folder/airflowe/dags/hello_world.py
[2023-03-26T18:53:02.389-0400] {processor.py:753} INFO - DAG(s) dict_keys(['hello_world']) retrieved from /Users/admin/Desktop/development_folder/airflowe/dags/hello_world.py
[2023-03-26T18:53:02.436-0400] {logging_mixin.py:137} WARNING - /Users/admin/opt/anaconda3/envs/python-airflow-venv/lib/python3.10/site-packages/airflow/jobs/scheduler_job.py:124 DeprecationWarning: The processor_poll_interval option in [scheduler] has been renamed to scheduler_idle_sleep_time - the old setting has been used, but please update your config.
[2023-03-26T18:53:03.027-0400] {logging_mixin.py:137} INFO - [2023-03-26T18:53:03.027-0400] {dag.py:2690} INFO - Sync 1 DAGs
[2023-03-26T18:53:03.043-0400] {logging_mixin.py:137} INFO - [2023-03-26T18:53:03.043-0400] {dag.py:3437} INFO - Setting next_dagrun for hello_world to 2023-03-25T12:00:00+00:00, run_after=2023-03-26T12:00:00+00:00
[2023-03-26T18:53:03.061-0400] {processor.py:175} INFO - Processing /Users/admin/Desktop/development_folder/airflowe/dags/hello_world.py took 0.736 seconds
[2023-03-26T18:54:57.446-0400] {logging_mixin.py:137} WARNING - /Users/admin/opt/anaconda3/envs/python-airflow-venv/lib/python3.10/site-packages/airflow/settings.py:337 DeprecationWarning: The sql_alchemy_pool_enabled option in [core] has been moved to the sql_alchemy_pool_enabled option in [database] - the old setting has been used, but please update your config.
[2023-03-26T18:54:57.450-0400] {logging_mixin.py:137} WARNING - /Users/admin/opt/anaconda3/envs/python-airflow-venv/lib/python3.10/site-packages/airflow/settings.py:400 DeprecationWarning: The sql_engine_encoding option in [core] has been moved to the sql_engine_encoding option in [database] - the old setting has been used, but please update your config.
[2023-03-26T18:54:57.451-0400] {processor.py:153} INFO - Started process (PID=29064) to work on /Users/admin/Desktop/development_folder/airflowe/dags/hello_world.py
[2023-03-26T18:54:57.451-0400] {processor.py:743} INFO - Processing file /Users/admin/Desktop/development_folder/airflowe/dags/hello_world.py for tasks to queue
[2023-03-26T18:54:57.452-0400] {logging_mixin.py:137} INFO - [2023-03-26T18:54:57.451-0400] {dagbag.py:538} INFO - Filling up the DagBag from /Users/admin/Desktop/development_folder/airflowe/dags/hello_world.py
[2023-03-26T18:54:57.509-0400] {processor.py:753} INFO - DAG(s) dict_keys(['hello_world']) retrieved from /Users/admin/Desktop/development_folder/airflowe/dags/hello_world.py
[2023-03-26T18:54:57.557-0400] {logging_mixin.py:137} WARNING - /Users/admin/opt/anaconda3/envs/python-airflow-venv/lib/python3.10/site-packages/airflow/jobs/scheduler_job.py:124 DeprecationWarning: The processor_poll_interval option in [scheduler] has been renamed to scheduler_idle_sleep_time - the old setting has been used, but please update your config.
[2023-03-26T18:54:58.150-0400] {logging_mixin.py:137} INFO - [2023-03-26T18:54:58.149-0400] {dag.py:2690} INFO - Sync 1 DAGs
[2023-03-26T18:54:58.169-0400] {logging_mixin.py:137} INFO - [2023-03-26T18:54:58.169-0400] {dag.py:3437} INFO - Setting next_dagrun for hello_world to 2023-03-25T12:00:00+00:00, run_after=2023-03-26T12:00:00+00:00
[2023-03-26T18:54:58.185-0400] {processor.py:175} INFO - Processing /Users/admin/Desktop/development_folder/airflowe/dags/hello_world.py took 0.740 seconds
[2023-03-26T18:56:55.944-0400] {logging_mixin.py:137} WARNING - /Users/admin/opt/anaconda3/envs/python-airflow-venv/lib/python3.10/site-packages/airflow/settings.py:337 DeprecationWarning: The sql_alchemy_pool_enabled option in [core] has been moved to the sql_alchemy_pool_enabled option in [database] - the old setting has been used, but please update your config.
[2023-03-26T18:56:55.956-0400] {logging_mixin.py:137} WARNING - /Users/admin/opt/anaconda3/envs/python-airflow-venv/lib/python3.10/site-packages/airflow/settings.py:400 DeprecationWarning: The sql_engine_encoding option in [core] has been moved to the sql_engine_encoding option in [database] - the old setting has been used, but please update your config.
[2023-03-26T18:56:55.957-0400] {processor.py:153} INFO - Started process (PID=29115) to work on /Users/admin/Desktop/development_folder/airflowe/dags/hello_world.py
[2023-03-26T18:56:55.958-0400] {processor.py:743} INFO - Processing file /Users/admin/Desktop/development_folder/airflowe/dags/hello_world.py for tasks to queue
[2023-03-26T18:56:55.958-0400] {logging_mixin.py:137} INFO - [2023-03-26T18:56:55.958-0400] {dagbag.py:538} INFO - Filling up the DagBag from /Users/admin/Desktop/development_folder/airflowe/dags/hello_world.py
[2023-03-26T18:56:56.109-0400] {processor.py:753} INFO - DAG(s) dict_keys(['hello_world']) retrieved from /Users/admin/Desktop/development_folder/airflowe/dags/hello_world.py
[2023-03-26T18:56:56.219-0400] {logging_mixin.py:137} WARNING - /Users/admin/opt/anaconda3/envs/python-airflow-venv/lib/python3.10/site-packages/airflow/jobs/scheduler_job.py:124 DeprecationWarning: The processor_poll_interval option in [scheduler] has been renamed to scheduler_idle_sleep_time - the old setting has been used, but please update your config.
[2023-03-26T18:56:57.369-0400] {logging_mixin.py:137} INFO - [2023-03-26T18:56:57.369-0400] {dag.py:2690} INFO - Sync 1 DAGs
[2023-03-26T18:56:57.389-0400] {logging_mixin.py:137} INFO - [2023-03-26T18:56:57.389-0400] {dag.py:3437} INFO - Setting next_dagrun for hello_world to 2023-03-25T12:00:00+00:00, run_after=2023-03-26T12:00:00+00:00
[2023-03-26T18:56:57.407-0400] {processor.py:175} INFO - Processing /Users/admin/Desktop/development_folder/airflowe/dags/hello_world.py took 1.465 seconds
