[2023-03-26T18:43:21.762-0400] {logging_mixin.py:137} WARNING - /Users/admin/opt/anaconda3/envs/python-airflow-venv/lib/python3.10/site-packages/airflow/settings.py:337 DeprecationWarning: The sql_alchemy_pool_enabled option in [core] has been moved to the sql_alchemy_pool_enabled option in [database] - the old setting has been used, but please update your config.
[2023-03-26T18:43:21.766-0400] {logging_mixin.py:137} WARNING - /Users/admin/opt/anaconda3/envs/python-airflow-venv/lib/python3.10/site-packages/airflow/settings.py:400 DeprecationWarning: The sql_engine_encoding option in [core] has been moved to the sql_engine_encoding option in [database] - the old setting has been used, but please update your config.
[2023-03-26T18:43:21.767-0400] {processor.py:153} INFO - Started process (PID=28752) to work on /Users/admin/opt/anaconda3/envs/python-airflow-venv/lib/python3.10/site-packages/airflow/example_dags/example_branch_datetime_operator.py
[2023-03-26T18:43:21.767-0400] {processor.py:743} INFO - Processing file /Users/admin/opt/anaconda3/envs/python-airflow-venv/lib/python3.10/site-packages/airflow/example_dags/example_branch_datetime_operator.py for tasks to queue
[2023-03-26T18:43:21.767-0400] {logging_mixin.py:137} INFO - [2023-03-26T18:43:21.767-0400] {dagbag.py:538} INFO - Filling up the DagBag from /Users/admin/opt/anaconda3/envs/python-airflow-venv/lib/python3.10/site-packages/airflow/example_dags/example_branch_datetime_operator.py
[2023-03-26T18:43:21.818-0400] {processor.py:753} INFO - DAG(s) dict_keys(['example_branch_datetime_operator_2', 'example_branch_datetime_operator_3', 'example_branch_datetime_operator']) retrieved from /Users/admin/opt/anaconda3/envs/python-airflow-venv/lib/python3.10/site-packages/airflow/example_dags/example_branch_datetime_operator.py
[2023-03-26T18:43:21.875-0400] {logging_mixin.py:137} WARNING - /Users/admin/opt/anaconda3/envs/python-airflow-venv/lib/python3.10/site-packages/airflow/jobs/scheduler_job.py:124 DeprecationWarning: The processor_poll_interval option in [scheduler] has been renamed to scheduler_idle_sleep_time - the old setting has been used, but please update your config.
[2023-03-26T18:43:22.474-0400] {logging_mixin.py:137} INFO - [2023-03-26T18:43:22.473-0400] {dag.py:2690} INFO - Sync 3 DAGs
[2023-03-26T18:43:22.490-0400] {logging_mixin.py:137} INFO - [2023-03-26T18:43:22.490-0400] {dag.py:3437} INFO - Setting next_dagrun for example_branch_datetime_operator to 2023-03-25T00:00:00+00:00, run_after=2023-03-26T00:00:00+00:00
[2023-03-26T18:43:22.493-0400] {logging_mixin.py:137} INFO - [2023-03-26T18:43:22.493-0400] {dag.py:3437} INFO - Setting next_dagrun for example_branch_datetime_operator_2 to 2023-03-25T00:00:00+00:00, run_after=2023-03-26T00:00:00+00:00
[2023-03-26T18:43:22.495-0400] {logging_mixin.py:137} INFO - [2023-03-26T18:43:22.495-0400] {dag.py:3437} INFO - Setting next_dagrun for example_branch_datetime_operator_3 to 2023-03-25T00:00:00+00:00, run_after=2023-03-26T00:00:00+00:00
[2023-03-26T18:43:22.517-0400] {processor.py:175} INFO - Processing /Users/admin/opt/anaconda3/envs/python-airflow-venv/lib/python3.10/site-packages/airflow/example_dags/example_branch_datetime_operator.py took 0.756 seconds
[2023-03-26T18:45:15.887-0400] {logging_mixin.py:137} WARNING - /Users/admin/opt/anaconda3/envs/python-airflow-venv/lib/python3.10/site-packages/airflow/settings.py:337 DeprecationWarning: The sql_alchemy_pool_enabled option in [core] has been moved to the sql_alchemy_pool_enabled option in [database] - the old setting has been used, but please update your config.
[2023-03-26T18:45:15.891-0400] {logging_mixin.py:137} WARNING - /Users/admin/opt/anaconda3/envs/python-airflow-venv/lib/python3.10/site-packages/airflow/settings.py:400 DeprecationWarning: The sql_engine_encoding option in [core] has been moved to the sql_engine_encoding option in [database] - the old setting has been used, but please update your config.
[2023-03-26T18:45:15.891-0400] {processor.py:153} INFO - Started process (PID=28803) to work on /Users/admin/opt/anaconda3/envs/python-airflow-venv/lib/python3.10/site-packages/airflow/example_dags/example_branch_datetime_operator.py
[2023-03-26T18:45:15.892-0400] {processor.py:743} INFO - Processing file /Users/admin/opt/anaconda3/envs/python-airflow-venv/lib/python3.10/site-packages/airflow/example_dags/example_branch_datetime_operator.py for tasks to queue
[2023-03-26T18:45:15.892-0400] {logging_mixin.py:137} INFO - [2023-03-26T18:45:15.892-0400] {dagbag.py:538} INFO - Filling up the DagBag from /Users/admin/opt/anaconda3/envs/python-airflow-venv/lib/python3.10/site-packages/airflow/example_dags/example_branch_datetime_operator.py
[2023-03-26T18:45:15.938-0400] {processor.py:753} INFO - DAG(s) dict_keys(['example_branch_datetime_operator_2', 'example_branch_datetime_operator', 'example_branch_datetime_operator_3']) retrieved from /Users/admin/opt/anaconda3/envs/python-airflow-venv/lib/python3.10/site-packages/airflow/example_dags/example_branch_datetime_operator.py
[2023-03-26T18:45:15.990-0400] {logging_mixin.py:137} WARNING - /Users/admin/opt/anaconda3/envs/python-airflow-venv/lib/python3.10/site-packages/airflow/jobs/scheduler_job.py:124 DeprecationWarning: The processor_poll_interval option in [scheduler] has been renamed to scheduler_idle_sleep_time - the old setting has been used, but please update your config.
[2023-03-26T18:45:16.580-0400] {logging_mixin.py:137} INFO - [2023-03-26T18:45:16.580-0400] {dag.py:2690} INFO - Sync 3 DAGs
[2023-03-26T18:45:16.596-0400] {logging_mixin.py:137} INFO - [2023-03-26T18:45:16.596-0400] {dag.py:3437} INFO - Setting next_dagrun for example_branch_datetime_operator to 2023-03-25T00:00:00+00:00, run_after=2023-03-26T00:00:00+00:00
[2023-03-26T18:45:16.599-0400] {logging_mixin.py:137} INFO - [2023-03-26T18:45:16.599-0400] {dag.py:3437} INFO - Setting next_dagrun for example_branch_datetime_operator_2 to 2023-03-25T00:00:00+00:00, run_after=2023-03-26T00:00:00+00:00
[2023-03-26T18:45:16.601-0400] {logging_mixin.py:137} INFO - [2023-03-26T18:45:16.601-0400] {dag.py:3437} INFO - Setting next_dagrun for example_branch_datetime_operator_3 to 2023-03-25T00:00:00+00:00, run_after=2023-03-26T00:00:00+00:00
[2023-03-26T18:45:16.618-0400] {processor.py:175} INFO - Processing /Users/admin/opt/anaconda3/envs/python-airflow-venv/lib/python3.10/site-packages/airflow/example_dags/example_branch_datetime_operator.py took 0.732 seconds
[2023-03-26T18:47:11.050-0400] {logging_mixin.py:137} WARNING - /Users/admin/opt/anaconda3/envs/python-airflow-venv/lib/python3.10/site-packages/airflow/settings.py:337 DeprecationWarning: The sql_alchemy_pool_enabled option in [core] has been moved to the sql_alchemy_pool_enabled option in [database] - the old setting has been used, but please update your config.
[2023-03-26T18:47:11.054-0400] {logging_mixin.py:137} WARNING - /Users/admin/opt/anaconda3/envs/python-airflow-venv/lib/python3.10/site-packages/airflow/settings.py:400 DeprecationWarning: The sql_engine_encoding option in [core] has been moved to the sql_engine_encoding option in [database] - the old setting has been used, but please update your config.
[2023-03-26T18:47:11.055-0400] {processor.py:153} INFO - Started process (PID=28853) to work on /Users/admin/opt/anaconda3/envs/python-airflow-venv/lib/python3.10/site-packages/airflow/example_dags/example_branch_datetime_operator.py
[2023-03-26T18:47:11.055-0400] {processor.py:743} INFO - Processing file /Users/admin/opt/anaconda3/envs/python-airflow-venv/lib/python3.10/site-packages/airflow/example_dags/example_branch_datetime_operator.py for tasks to queue
[2023-03-26T18:47:11.055-0400] {logging_mixin.py:137} INFO - [2023-03-26T18:47:11.055-0400] {dagbag.py:538} INFO - Filling up the DagBag from /Users/admin/opt/anaconda3/envs/python-airflow-venv/lib/python3.10/site-packages/airflow/example_dags/example_branch_datetime_operator.py
[2023-03-26T18:47:11.101-0400] {processor.py:753} INFO - DAG(s) dict_keys(['example_branch_datetime_operator', 'example_branch_datetime_operator_2', 'example_branch_datetime_operator_3']) retrieved from /Users/admin/opt/anaconda3/envs/python-airflow-venv/lib/python3.10/site-packages/airflow/example_dags/example_branch_datetime_operator.py
[2023-03-26T18:47:11.154-0400] {logging_mixin.py:137} WARNING - /Users/admin/opt/anaconda3/envs/python-airflow-venv/lib/python3.10/site-packages/airflow/jobs/scheduler_job.py:124 DeprecationWarning: The processor_poll_interval option in [scheduler] has been renamed to scheduler_idle_sleep_time - the old setting has been used, but please update your config.
[2023-03-26T18:47:11.749-0400] {logging_mixin.py:137} INFO - [2023-03-26T18:47:11.749-0400] {dag.py:2690} INFO - Sync 3 DAGs
[2023-03-26T18:47:11.766-0400] {logging_mixin.py:137} INFO - [2023-03-26T18:47:11.766-0400] {dag.py:3437} INFO - Setting next_dagrun for example_branch_datetime_operator to 2023-03-25T00:00:00+00:00, run_after=2023-03-26T00:00:00+00:00
[2023-03-26T18:47:11.769-0400] {logging_mixin.py:137} INFO - [2023-03-26T18:47:11.769-0400] {dag.py:3437} INFO - Setting next_dagrun for example_branch_datetime_operator_2 to 2023-03-25T00:00:00+00:00, run_after=2023-03-26T00:00:00+00:00
[2023-03-26T18:47:11.771-0400] {logging_mixin.py:137} INFO - [2023-03-26T18:47:11.771-0400] {dag.py:3437} INFO - Setting next_dagrun for example_branch_datetime_operator_3 to 2023-03-25T00:00:00+00:00, run_after=2023-03-26T00:00:00+00:00
[2023-03-26T18:47:11.786-0400] {processor.py:175} INFO - Processing /Users/admin/opt/anaconda3/envs/python-airflow-venv/lib/python3.10/site-packages/airflow/example_dags/example_branch_datetime_operator.py took 0.737 seconds
[2023-03-26T18:49:06.287-0400] {logging_mixin.py:137} WARNING - /Users/admin/opt/anaconda3/envs/python-airflow-venv/lib/python3.10/site-packages/airflow/settings.py:337 DeprecationWarning: The sql_alchemy_pool_enabled option in [core] has been moved to the sql_alchemy_pool_enabled option in [database] - the old setting has been used, but please update your config.
[2023-03-26T18:49:06.292-0400] {logging_mixin.py:137} WARNING - /Users/admin/opt/anaconda3/envs/python-airflow-venv/lib/python3.10/site-packages/airflow/settings.py:400 DeprecationWarning: The sql_engine_encoding option in [core] has been moved to the sql_engine_encoding option in [database] - the old setting has been used, but please update your config.
[2023-03-26T18:49:06.292-0400] {processor.py:153} INFO - Started process (PID=28904) to work on /Users/admin/opt/anaconda3/envs/python-airflow-venv/lib/python3.10/site-packages/airflow/example_dags/example_branch_datetime_operator.py
[2023-03-26T18:49:06.292-0400] {processor.py:743} INFO - Processing file /Users/admin/opt/anaconda3/envs/python-airflow-venv/lib/python3.10/site-packages/airflow/example_dags/example_branch_datetime_operator.py for tasks to queue
[2023-03-26T18:49:06.293-0400] {logging_mixin.py:137} INFO - [2023-03-26T18:49:06.293-0400] {dagbag.py:538} INFO - Filling up the DagBag from /Users/admin/opt/anaconda3/envs/python-airflow-venv/lib/python3.10/site-packages/airflow/example_dags/example_branch_datetime_operator.py
[2023-03-26T18:49:06.343-0400] {processor.py:753} INFO - DAG(s) dict_keys(['example_branch_datetime_operator', 'example_branch_datetime_operator_2', 'example_branch_datetime_operator_3']) retrieved from /Users/admin/opt/anaconda3/envs/python-airflow-venv/lib/python3.10/site-packages/airflow/example_dags/example_branch_datetime_operator.py
[2023-03-26T18:49:06.399-0400] {logging_mixin.py:137} WARNING - /Users/admin/opt/anaconda3/envs/python-airflow-venv/lib/python3.10/site-packages/airflow/jobs/scheduler_job.py:124 DeprecationWarning: The processor_poll_interval option in [scheduler] has been renamed to scheduler_idle_sleep_time - the old setting has been used, but please update your config.
[2023-03-26T18:49:06.991-0400] {logging_mixin.py:137} INFO - [2023-03-26T18:49:06.991-0400] {dag.py:2690} INFO - Sync 3 DAGs
[2023-03-26T18:49:07.007-0400] {logging_mixin.py:137} INFO - [2023-03-26T18:49:07.007-0400] {dag.py:3437} INFO - Setting next_dagrun for example_branch_datetime_operator to 2023-03-25T00:00:00+00:00, run_after=2023-03-26T00:00:00+00:00
[2023-03-26T18:49:07.011-0400] {logging_mixin.py:137} INFO - [2023-03-26T18:49:07.011-0400] {dag.py:3437} INFO - Setting next_dagrun for example_branch_datetime_operator_2 to 2023-03-25T00:00:00+00:00, run_after=2023-03-26T00:00:00+00:00
[2023-03-26T18:49:07.013-0400] {logging_mixin.py:137} INFO - [2023-03-26T18:49:07.013-0400] {dag.py:3437} INFO - Setting next_dagrun for example_branch_datetime_operator_3 to 2023-03-25T00:00:00+00:00, run_after=2023-03-26T00:00:00+00:00
[2023-03-26T18:49:07.030-0400] {processor.py:175} INFO - Processing /Users/admin/opt/anaconda3/envs/python-airflow-venv/lib/python3.10/site-packages/airflow/example_dags/example_branch_datetime_operator.py took 0.743 seconds
[2023-03-26T18:51:01.551-0400] {logging_mixin.py:137} WARNING - /Users/admin/opt/anaconda3/envs/python-airflow-venv/lib/python3.10/site-packages/airflow/settings.py:337 DeprecationWarning: The sql_alchemy_pool_enabled option in [core] has been moved to the sql_alchemy_pool_enabled option in [database] - the old setting has been used, but please update your config.
[2023-03-26T18:51:01.555-0400] {logging_mixin.py:137} WARNING - /Users/admin/opt/anaconda3/envs/python-airflow-venv/lib/python3.10/site-packages/airflow/settings.py:400 DeprecationWarning: The sql_engine_encoding option in [core] has been moved to the sql_engine_encoding option in [database] - the old setting has been used, but please update your config.
[2023-03-26T18:51:01.556-0400] {processor.py:153} INFO - Started process (PID=28954) to work on /Users/admin/opt/anaconda3/envs/python-airflow-venv/lib/python3.10/site-packages/airflow/example_dags/example_branch_datetime_operator.py
[2023-03-26T18:51:01.556-0400] {processor.py:743} INFO - Processing file /Users/admin/opt/anaconda3/envs/python-airflow-venv/lib/python3.10/site-packages/airflow/example_dags/example_branch_datetime_operator.py for tasks to queue
[2023-03-26T18:51:01.557-0400] {logging_mixin.py:137} INFO - [2023-03-26T18:51:01.556-0400] {dagbag.py:538} INFO - Filling up the DagBag from /Users/admin/opt/anaconda3/envs/python-airflow-venv/lib/python3.10/site-packages/airflow/example_dags/example_branch_datetime_operator.py
[2023-03-26T18:51:01.607-0400] {processor.py:753} INFO - DAG(s) dict_keys(['example_branch_datetime_operator', 'example_branch_datetime_operator_3', 'example_branch_datetime_operator_2']) retrieved from /Users/admin/opt/anaconda3/envs/python-airflow-venv/lib/python3.10/site-packages/airflow/example_dags/example_branch_datetime_operator.py
[2023-03-26T18:51:01.663-0400] {logging_mixin.py:137} WARNING - /Users/admin/opt/anaconda3/envs/python-airflow-venv/lib/python3.10/site-packages/airflow/jobs/scheduler_job.py:124 DeprecationWarning: The processor_poll_interval option in [scheduler] has been renamed to scheduler_idle_sleep_time - the old setting has been used, but please update your config.
[2023-03-26T18:51:02.257-0400] {logging_mixin.py:137} INFO - [2023-03-26T18:51:02.257-0400] {dag.py:2690} INFO - Sync 3 DAGs
[2023-03-26T18:51:02.278-0400] {logging_mixin.py:137} INFO - [2023-03-26T18:51:02.278-0400] {dag.py:3437} INFO - Setting next_dagrun for example_branch_datetime_operator to 2023-03-25T00:00:00+00:00, run_after=2023-03-26T00:00:00+00:00
[2023-03-26T18:51:02.282-0400] {logging_mixin.py:137} INFO - [2023-03-26T18:51:02.282-0400] {dag.py:3437} INFO - Setting next_dagrun for example_branch_datetime_operator_2 to 2023-03-25T00:00:00+00:00, run_after=2023-03-26T00:00:00+00:00
[2023-03-26T18:51:02.284-0400] {logging_mixin.py:137} INFO - [2023-03-26T18:51:02.284-0400] {dag.py:3437} INFO - Setting next_dagrun for example_branch_datetime_operator_3 to 2023-03-25T00:00:00+00:00, run_after=2023-03-26T00:00:00+00:00
[2023-03-26T18:51:02.301-0400] {processor.py:175} INFO - Processing /Users/admin/opt/anaconda3/envs/python-airflow-venv/lib/python3.10/site-packages/airflow/example_dags/example_branch_datetime_operator.py took 0.750 seconds
[2023-03-26T18:52:56.641-0400] {logging_mixin.py:137} WARNING - /Users/admin/opt/anaconda3/envs/python-airflow-venv/lib/python3.10/site-packages/airflow/settings.py:337 DeprecationWarning: The sql_alchemy_pool_enabled option in [core] has been moved to the sql_alchemy_pool_enabled option in [database] - the old setting has been used, but please update your config.
[2023-03-26T18:52:56.645-0400] {logging_mixin.py:137} WARNING - /Users/admin/opt/anaconda3/envs/python-airflow-venv/lib/python3.10/site-packages/airflow/settings.py:400 DeprecationWarning: The sql_engine_encoding option in [core] has been moved to the sql_engine_encoding option in [database] - the old setting has been used, but please update your config.
[2023-03-26T18:52:56.646-0400] {processor.py:153} INFO - Started process (PID=29013) to work on /Users/admin/opt/anaconda3/envs/python-airflow-venv/lib/python3.10/site-packages/airflow/example_dags/example_branch_datetime_operator.py
[2023-03-26T18:52:56.646-0400] {processor.py:743} INFO - Processing file /Users/admin/opt/anaconda3/envs/python-airflow-venv/lib/python3.10/site-packages/airflow/example_dags/example_branch_datetime_operator.py for tasks to queue
[2023-03-26T18:52:56.647-0400] {logging_mixin.py:137} INFO - [2023-03-26T18:52:56.647-0400] {dagbag.py:538} INFO - Filling up the DagBag from /Users/admin/opt/anaconda3/envs/python-airflow-venv/lib/python3.10/site-packages/airflow/example_dags/example_branch_datetime_operator.py
[2023-03-26T18:52:56.697-0400] {processor.py:753} INFO - DAG(s) dict_keys(['example_branch_datetime_operator', 'example_branch_datetime_operator_2', 'example_branch_datetime_operator_3']) retrieved from /Users/admin/opt/anaconda3/envs/python-airflow-venv/lib/python3.10/site-packages/airflow/example_dags/example_branch_datetime_operator.py
[2023-03-26T18:52:56.753-0400] {logging_mixin.py:137} WARNING - /Users/admin/opt/anaconda3/envs/python-airflow-venv/lib/python3.10/site-packages/airflow/jobs/scheduler_job.py:124 DeprecationWarning: The processor_poll_interval option in [scheduler] has been renamed to scheduler_idle_sleep_time - the old setting has been used, but please update your config.
[2023-03-26T18:52:57.354-0400] {logging_mixin.py:137} INFO - [2023-03-26T18:52:57.354-0400] {dag.py:2690} INFO - Sync 3 DAGs
[2023-03-26T18:52:57.371-0400] {logging_mixin.py:137} INFO - [2023-03-26T18:52:57.371-0400] {dag.py:3437} INFO - Setting next_dagrun for example_branch_datetime_operator to 2023-03-25T00:00:00+00:00, run_after=2023-03-26T00:00:00+00:00
[2023-03-26T18:52:57.374-0400] {logging_mixin.py:137} INFO - [2023-03-26T18:52:57.374-0400] {dag.py:3437} INFO - Setting next_dagrun for example_branch_datetime_operator_2 to 2023-03-25T00:00:00+00:00, run_after=2023-03-26T00:00:00+00:00
[2023-03-26T18:52:57.376-0400] {logging_mixin.py:137} INFO - [2023-03-26T18:52:57.376-0400] {dag.py:3437} INFO - Setting next_dagrun for example_branch_datetime_operator_3 to 2023-03-25T00:00:00+00:00, run_after=2023-03-26T00:00:00+00:00
[2023-03-26T18:52:57.394-0400] {processor.py:175} INFO - Processing /Users/admin/opt/anaconda3/envs/python-airflow-venv/lib/python3.10/site-packages/airflow/example_dags/example_branch_datetime_operator.py took 0.754 seconds
[2023-03-26T18:54:51.753-0400] {logging_mixin.py:137} WARNING - /Users/admin/opt/anaconda3/envs/python-airflow-venv/lib/python3.10/site-packages/airflow/settings.py:337 DeprecationWarning: The sql_alchemy_pool_enabled option in [core] has been moved to the sql_alchemy_pool_enabled option in [database] - the old setting has been used, but please update your config.
[2023-03-26T18:54:51.757-0400] {logging_mixin.py:137} WARNING - /Users/admin/opt/anaconda3/envs/python-airflow-venv/lib/python3.10/site-packages/airflow/settings.py:400 DeprecationWarning: The sql_engine_encoding option in [core] has been moved to the sql_engine_encoding option in [database] - the old setting has been used, but please update your config.
[2023-03-26T18:54:51.758-0400] {processor.py:153} INFO - Started process (PID=29061) to work on /Users/admin/opt/anaconda3/envs/python-airflow-venv/lib/python3.10/site-packages/airflow/example_dags/example_branch_datetime_operator.py
[2023-03-26T18:54:51.758-0400] {processor.py:743} INFO - Processing file /Users/admin/opt/anaconda3/envs/python-airflow-venv/lib/python3.10/site-packages/airflow/example_dags/example_branch_datetime_operator.py for tasks to queue
[2023-03-26T18:54:51.759-0400] {logging_mixin.py:137} INFO - [2023-03-26T18:54:51.758-0400] {dagbag.py:538} INFO - Filling up the DagBag from /Users/admin/opt/anaconda3/envs/python-airflow-venv/lib/python3.10/site-packages/airflow/example_dags/example_branch_datetime_operator.py
[2023-03-26T18:54:51.813-0400] {processor.py:753} INFO - DAG(s) dict_keys(['example_branch_datetime_operator_2', 'example_branch_datetime_operator', 'example_branch_datetime_operator_3']) retrieved from /Users/admin/opt/anaconda3/envs/python-airflow-venv/lib/python3.10/site-packages/airflow/example_dags/example_branch_datetime_operator.py
[2023-03-26T18:54:51.868-0400] {logging_mixin.py:137} WARNING - /Users/admin/opt/anaconda3/envs/python-airflow-venv/lib/python3.10/site-packages/airflow/jobs/scheduler_job.py:124 DeprecationWarning: The processor_poll_interval option in [scheduler] has been renamed to scheduler_idle_sleep_time - the old setting has been used, but please update your config.
[2023-03-26T18:54:52.462-0400] {logging_mixin.py:137} INFO - [2023-03-26T18:54:52.462-0400] {dag.py:2690} INFO - Sync 3 DAGs
[2023-03-26T18:54:52.478-0400] {logging_mixin.py:137} INFO - [2023-03-26T18:54:52.478-0400] {dag.py:3437} INFO - Setting next_dagrun for example_branch_datetime_operator to 2023-03-25T00:00:00+00:00, run_after=2023-03-26T00:00:00+00:00
[2023-03-26T18:54:52.481-0400] {logging_mixin.py:137} INFO - [2023-03-26T18:54:52.481-0400] {dag.py:3437} INFO - Setting next_dagrun for example_branch_datetime_operator_2 to 2023-03-25T00:00:00+00:00, run_after=2023-03-26T00:00:00+00:00
[2023-03-26T18:54:52.483-0400] {logging_mixin.py:137} INFO - [2023-03-26T18:54:52.483-0400] {dag.py:3437} INFO - Setting next_dagrun for example_branch_datetime_operator_3 to 2023-03-25T00:00:00+00:00, run_after=2023-03-26T00:00:00+00:00
[2023-03-26T18:54:52.503-0400] {processor.py:175} INFO - Processing /Users/admin/opt/anaconda3/envs/python-airflow-venv/lib/python3.10/site-packages/airflow/example_dags/example_branch_datetime_operator.py took 0.751 seconds
[2023-03-26T18:56:48.978-0400] {logging_mixin.py:137} WARNING - /Users/admin/opt/anaconda3/envs/python-airflow-venv/lib/python3.10/site-packages/airflow/settings.py:337 DeprecationWarning: The sql_alchemy_pool_enabled option in [core] has been moved to the sql_alchemy_pool_enabled option in [database] - the old setting has been used, but please update your config.
[2023-03-26T18:56:48.982-0400] {logging_mixin.py:137} WARNING - /Users/admin/opt/anaconda3/envs/python-airflow-venv/lib/python3.10/site-packages/airflow/settings.py:400 DeprecationWarning: The sql_engine_encoding option in [core] has been moved to the sql_engine_encoding option in [database] - the old setting has been used, but please update your config.
[2023-03-26T18:56:48.983-0400] {processor.py:153} INFO - Started process (PID=29112) to work on /Users/admin/opt/anaconda3/envs/python-airflow-venv/lib/python3.10/site-packages/airflow/example_dags/example_branch_datetime_operator.py
[2023-03-26T18:56:48.983-0400] {processor.py:743} INFO - Processing file /Users/admin/opt/anaconda3/envs/python-airflow-venv/lib/python3.10/site-packages/airflow/example_dags/example_branch_datetime_operator.py for tasks to queue
[2023-03-26T18:56:48.983-0400] {logging_mixin.py:137} INFO - [2023-03-26T18:56:48.983-0400] {dagbag.py:538} INFO - Filling up the DagBag from /Users/admin/opt/anaconda3/envs/python-airflow-venv/lib/python3.10/site-packages/airflow/example_dags/example_branch_datetime_operator.py
[2023-03-26T18:56:49.040-0400] {processor.py:753} INFO - DAG(s) dict_keys(['example_branch_datetime_operator', 'example_branch_datetime_operator_2', 'example_branch_datetime_operator_3']) retrieved from /Users/admin/opt/anaconda3/envs/python-airflow-venv/lib/python3.10/site-packages/airflow/example_dags/example_branch_datetime_operator.py
[2023-03-26T18:56:49.097-0400] {logging_mixin.py:137} WARNING - /Users/admin/opt/anaconda3/envs/python-airflow-venv/lib/python3.10/site-packages/airflow/jobs/scheduler_job.py:124 DeprecationWarning: The processor_poll_interval option in [scheduler] has been renamed to scheduler_idle_sleep_time - the old setting has been used, but please update your config.
[2023-03-26T18:56:49.744-0400] {logging_mixin.py:137} INFO - [2023-03-26T18:56:49.743-0400] {dag.py:2690} INFO - Sync 3 DAGs
[2023-03-26T18:56:49.763-0400] {logging_mixin.py:137} INFO - [2023-03-26T18:56:49.763-0400] {dag.py:3437} INFO - Setting next_dagrun for example_branch_datetime_operator to 2023-03-25T00:00:00+00:00, run_after=2023-03-26T00:00:00+00:00
[2023-03-26T18:56:49.766-0400] {logging_mixin.py:137} INFO - [2023-03-26T18:56:49.766-0400] {dag.py:3437} INFO - Setting next_dagrun for example_branch_datetime_operator_2 to 2023-03-25T00:00:00+00:00, run_after=2023-03-26T00:00:00+00:00
[2023-03-26T18:56:49.770-0400] {logging_mixin.py:137} INFO - [2023-03-26T18:56:49.770-0400] {dag.py:3437} INFO - Setting next_dagrun for example_branch_datetime_operator_3 to 2023-03-25T00:00:00+00:00, run_after=2023-03-26T00:00:00+00:00
[2023-03-26T18:56:49.789-0400] {processor.py:175} INFO - Processing /Users/admin/opt/anaconda3/envs/python-airflow-venv/lib/python3.10/site-packages/airflow/example_dags/example_branch_datetime_operator.py took 0.812 seconds
