[2023-03-13T14:39:48.536-0400] {logging_mixin.py:137} WARNING - /Users/admin/opt/anaconda3/envs/python-airflow-venv/lib/python3.10/site-packages/airflow/settings.py:337 DeprecationWarning: The sql_alchemy_pool_enabled option in [core] has been moved to the sql_alchemy_pool_enabled option in [database] - the old setting has been used, but please update your config.
[2023-03-13T14:39:48.547-0400] {logging_mixin.py:137} WARNING - /Users/admin/opt/anaconda3/envs/python-airflow-venv/lib/python3.10/site-packages/airflow/settings.py:400 DeprecationWarning: The sql_engine_encoding option in [core] has been moved to the sql_engine_encoding option in [database] - the old setting has been used, but please update your config.
[2023-03-13T14:39:48.548-0400] {processor.py:153} INFO - Started process (PID=14850) to work on /Users/admin/opt/anaconda3/envs/python-airflow-venv/lib/python3.10/site-packages/airflow/example_dags/example_nested_branch_dag.py
[2023-03-13T14:39:48.549-0400] {processor.py:743} INFO - Processing file /Users/admin/opt/anaconda3/envs/python-airflow-venv/lib/python3.10/site-packages/airflow/example_dags/example_nested_branch_dag.py for tasks to queue
[2023-03-13T14:39:48.550-0400] {logging_mixin.py:137} INFO - [2023-03-13T14:39:48.550-0400] {dagbag.py:538} INFO - Filling up the DagBag from /Users/admin/opt/anaconda3/envs/python-airflow-venv/lib/python3.10/site-packages/airflow/example_dags/example_nested_branch_dag.py
[2023-03-13T14:39:48.681-0400] {processor.py:753} INFO - DAG(s) dict_keys(['example_nested_branch_dag']) retrieved from /Users/admin/opt/anaconda3/envs/python-airflow-venv/lib/python3.10/site-packages/airflow/example_dags/example_nested_branch_dag.py
[2023-03-13T14:39:48.758-0400] {logging_mixin.py:137} WARNING - /Users/admin/opt/anaconda3/envs/python-airflow-venv/lib/python3.10/site-packages/airflow/jobs/scheduler_job.py:124 DeprecationWarning: The processor_poll_interval option in [scheduler] has been renamed to scheduler_idle_sleep_time - the old setting has been used, but please update your config.
[2023-03-13T14:39:49.868-0400] {logging_mixin.py:137} INFO - [2023-03-13T14:39:49.868-0400] {dag.py:2690} INFO - Sync 1 DAGs
[2023-03-13T14:39:49.895-0400] {logging_mixin.py:137} INFO - [2023-03-13T14:39:49.895-0400] {dag.py:3437} INFO - Setting next_dagrun for example_nested_branch_dag to 2023-03-12T00:00:00+00:00, run_after=2023-03-13T00:00:00+00:00
[2023-03-13T14:39:49.933-0400] {processor.py:175} INFO - Processing /Users/admin/opt/anaconda3/envs/python-airflow-venv/lib/python3.10/site-packages/airflow/example_dags/example_nested_branch_dag.py took 1.398 seconds
[2023-03-13T14:41:52.737-0400] {logging_mixin.py:137} WARNING - /Users/admin/opt/anaconda3/envs/python-airflow-venv/lib/python3.10/site-packages/airflow/settings.py:337 DeprecationWarning: The sql_alchemy_pool_enabled option in [core] has been moved to the sql_alchemy_pool_enabled option in [database] - the old setting has been used, but please update your config.
[2023-03-13T14:41:52.741-0400] {logging_mixin.py:137} WARNING - /Users/admin/opt/anaconda3/envs/python-airflow-venv/lib/python3.10/site-packages/airflow/settings.py:400 DeprecationWarning: The sql_engine_encoding option in [core] has been moved to the sql_engine_encoding option in [database] - the old setting has been used, but please update your config.
[2023-03-13T14:41:52.742-0400] {processor.py:153} INFO - Started process (PID=14910) to work on /Users/admin/opt/anaconda3/envs/python-airflow-venv/lib/python3.10/site-packages/airflow/example_dags/example_nested_branch_dag.py
[2023-03-13T14:41:52.742-0400] {processor.py:743} INFO - Processing file /Users/admin/opt/anaconda3/envs/python-airflow-venv/lib/python3.10/site-packages/airflow/example_dags/example_nested_branch_dag.py for tasks to queue
[2023-03-13T14:41:52.743-0400] {logging_mixin.py:137} INFO - [2023-03-13T14:41:52.743-0400] {dagbag.py:538} INFO - Filling up the DagBag from /Users/admin/opt/anaconda3/envs/python-airflow-venv/lib/python3.10/site-packages/airflow/example_dags/example_nested_branch_dag.py
[2023-03-13T14:41:52.817-0400] {processor.py:753} INFO - DAG(s) dict_keys(['example_nested_branch_dag']) retrieved from /Users/admin/opt/anaconda3/envs/python-airflow-venv/lib/python3.10/site-packages/airflow/example_dags/example_nested_branch_dag.py
[2023-03-13T14:41:52.861-0400] {logging_mixin.py:137} WARNING - /Users/admin/opt/anaconda3/envs/python-airflow-venv/lib/python3.10/site-packages/airflow/jobs/scheduler_job.py:124 DeprecationWarning: The processor_poll_interval option in [scheduler] has been renamed to scheduler_idle_sleep_time - the old setting has been used, but please update your config.
[2023-03-13T14:41:53.445-0400] {logging_mixin.py:137} INFO - [2023-03-13T14:41:53.445-0400] {dag.py:2690} INFO - Sync 1 DAGs
[2023-03-13T14:41:53.460-0400] {logging_mixin.py:137} INFO - [2023-03-13T14:41:53.460-0400] {dag.py:3437} INFO - Setting next_dagrun for example_nested_branch_dag to 2023-03-12T00:00:00+00:00, run_after=2023-03-13T00:00:00+00:00
[2023-03-13T14:41:53.477-0400] {processor.py:175} INFO - Processing /Users/admin/opt/anaconda3/envs/python-airflow-venv/lib/python3.10/site-packages/airflow/example_dags/example_nested_branch_dag.py took 0.741 seconds
[2023-03-13T14:44:20.250-0400] {logging_mixin.py:137} WARNING - /Users/admin/opt/anaconda3/envs/python-airflow-venv/lib/python3.10/site-packages/airflow/settings.py:337 DeprecationWarning: The sql_alchemy_pool_enabled option in [core] has been moved to the sql_alchemy_pool_enabled option in [database] - the old setting has been used, but please update your config.
[2023-03-13T14:44:20.256-0400] {logging_mixin.py:137} WARNING - /Users/admin/opt/anaconda3/envs/python-airflow-venv/lib/python3.10/site-packages/airflow/settings.py:400 DeprecationWarning: The sql_engine_encoding option in [core] has been moved to the sql_engine_encoding option in [database] - the old setting has been used, but please update your config.
[2023-03-13T14:44:20.257-0400] {processor.py:153} INFO - Started process (PID=14973) to work on /Users/admin/opt/anaconda3/envs/python-airflow-venv/lib/python3.10/site-packages/airflow/example_dags/example_nested_branch_dag.py
[2023-03-13T14:44:20.257-0400] {processor.py:743} INFO - Processing file /Users/admin/opt/anaconda3/envs/python-airflow-venv/lib/python3.10/site-packages/airflow/example_dags/example_nested_branch_dag.py for tasks to queue
[2023-03-13T14:44:20.257-0400] {logging_mixin.py:137} INFO - [2023-03-13T14:44:20.257-0400] {dagbag.py:538} INFO - Filling up the DagBag from /Users/admin/opt/anaconda3/envs/python-airflow-venv/lib/python3.10/site-packages/airflow/example_dags/example_nested_branch_dag.py
[2023-03-13T14:44:20.328-0400] {processor.py:753} INFO - DAG(s) dict_keys(['example_nested_branch_dag']) retrieved from /Users/admin/opt/anaconda3/envs/python-airflow-venv/lib/python3.10/site-packages/airflow/example_dags/example_nested_branch_dag.py
[2023-03-13T14:44:20.371-0400] {logging_mixin.py:137} WARNING - /Users/admin/opt/anaconda3/envs/python-airflow-venv/lib/python3.10/site-packages/airflow/jobs/scheduler_job.py:124 DeprecationWarning: The processor_poll_interval option in [scheduler] has been renamed to scheduler_idle_sleep_time - the old setting has been used, but please update your config.
[2023-03-13T14:44:21.105-0400] {logging_mixin.py:137} INFO - [2023-03-13T14:44:21.105-0400] {dag.py:2690} INFO - Sync 1 DAGs
[2023-03-13T14:44:21.121-0400] {logging_mixin.py:137} INFO - [2023-03-13T14:44:21.121-0400] {dag.py:3437} INFO - Setting next_dagrun for example_nested_branch_dag to 2023-03-12T00:00:00+00:00, run_after=2023-03-13T00:00:00+00:00
[2023-03-13T14:44:21.141-0400] {processor.py:175} INFO - Processing /Users/admin/opt/anaconda3/envs/python-airflow-venv/lib/python3.10/site-packages/airflow/example_dags/example_nested_branch_dag.py took 0.892 seconds
[2023-03-13T14:56:34.016-0400] {logging_mixin.py:137} WARNING - /Users/admin/opt/anaconda3/envs/python-airflow-venv/lib/python3.10/site-packages/airflow/settings.py:337 DeprecationWarning: The sql_alchemy_pool_enabled option in [core] has been moved to the sql_alchemy_pool_enabled option in [database] - the old setting has been used, but please update your config.
[2023-03-13T14:56:34.020-0400] {logging_mixin.py:137} WARNING - /Users/admin/opt/anaconda3/envs/python-airflow-venv/lib/python3.10/site-packages/airflow/settings.py:400 DeprecationWarning: The sql_engine_encoding option in [core] has been moved to the sql_engine_encoding option in [database] - the old setting has been used, but please update your config.
[2023-03-13T14:56:34.021-0400] {processor.py:153} INFO - Started process (PID=15158) to work on /Users/admin/opt/anaconda3/envs/python-airflow-venv/lib/python3.10/site-packages/airflow/example_dags/example_nested_branch_dag.py
[2023-03-13T14:56:34.021-0400] {processor.py:743} INFO - Processing file /Users/admin/opt/anaconda3/envs/python-airflow-venv/lib/python3.10/site-packages/airflow/example_dags/example_nested_branch_dag.py for tasks to queue
[2023-03-13T14:56:34.021-0400] {logging_mixin.py:137} INFO - [2023-03-13T14:56:34.021-0400] {dagbag.py:538} INFO - Filling up the DagBag from /Users/admin/opt/anaconda3/envs/python-airflow-venv/lib/python3.10/site-packages/airflow/example_dags/example_nested_branch_dag.py
[2023-03-13T14:56:34.093-0400] {processor.py:753} INFO - DAG(s) dict_keys(['example_nested_branch_dag']) retrieved from /Users/admin/opt/anaconda3/envs/python-airflow-venv/lib/python3.10/site-packages/airflow/example_dags/example_nested_branch_dag.py
[2023-03-13T14:56:34.135-0400] {logging_mixin.py:137} WARNING - /Users/admin/opt/anaconda3/envs/python-airflow-venv/lib/python3.10/site-packages/airflow/jobs/scheduler_job.py:124 DeprecationWarning: The processor_poll_interval option in [scheduler] has been renamed to scheduler_idle_sleep_time - the old setting has been used, but please update your config.
[2023-03-13T14:56:34.709-0400] {logging_mixin.py:137} INFO - [2023-03-13T14:56:34.709-0400] {dag.py:2690} INFO - Sync 1 DAGs
[2023-03-13T14:56:34.725-0400] {logging_mixin.py:137} INFO - [2023-03-13T14:56:34.724-0400] {dag.py:3437} INFO - Setting next_dagrun for example_nested_branch_dag to 2023-03-12T00:00:00+00:00, run_after=2023-03-13T00:00:00+00:00
[2023-03-13T14:56:34.742-0400] {processor.py:175} INFO - Processing /Users/admin/opt/anaconda3/envs/python-airflow-venv/lib/python3.10/site-packages/airflow/example_dags/example_nested_branch_dag.py took 0.728 seconds
[2023-03-13T14:58:27.787-0400] {logging_mixin.py:137} WARNING - /Users/admin/opt/anaconda3/envs/python-airflow-venv/lib/python3.10/site-packages/airflow/settings.py:337 DeprecationWarning: The sql_alchemy_pool_enabled option in [core] has been moved to the sql_alchemy_pool_enabled option in [database] - the old setting has been used, but please update your config.
[2023-03-13T14:58:27.793-0400] {logging_mixin.py:137} WARNING - /Users/admin/opt/anaconda3/envs/python-airflow-venv/lib/python3.10/site-packages/airflow/settings.py:400 DeprecationWarning: The sql_engine_encoding option in [core] has been moved to the sql_engine_encoding option in [database] - the old setting has been used, but please update your config.
[2023-03-13T14:58:27.793-0400] {processor.py:153} INFO - Started process (PID=15207) to work on /Users/admin/opt/anaconda3/envs/python-airflow-venv/lib/python3.10/site-packages/airflow/example_dags/example_nested_branch_dag.py
[2023-03-13T14:58:27.793-0400] {processor.py:743} INFO - Processing file /Users/admin/opt/anaconda3/envs/python-airflow-venv/lib/python3.10/site-packages/airflow/example_dags/example_nested_branch_dag.py for tasks to queue
[2023-03-13T14:58:27.794-0400] {logging_mixin.py:137} INFO - [2023-03-13T14:58:27.794-0400] {dagbag.py:538} INFO - Filling up the DagBag from /Users/admin/opt/anaconda3/envs/python-airflow-venv/lib/python3.10/site-packages/airflow/example_dags/example_nested_branch_dag.py
[2023-03-13T14:58:27.871-0400] {processor.py:753} INFO - DAG(s) dict_keys(['example_nested_branch_dag']) retrieved from /Users/admin/opt/anaconda3/envs/python-airflow-venv/lib/python3.10/site-packages/airflow/example_dags/example_nested_branch_dag.py
[2023-03-13T14:58:27.917-0400] {logging_mixin.py:137} WARNING - /Users/admin/opt/anaconda3/envs/python-airflow-venv/lib/python3.10/site-packages/airflow/jobs/scheduler_job.py:124 DeprecationWarning: The processor_poll_interval option in [scheduler] has been renamed to scheduler_idle_sleep_time - the old setting has been used, but please update your config.
[2023-03-13T14:58:28.515-0400] {logging_mixin.py:137} INFO - [2023-03-13T14:58:28.515-0400] {dag.py:2690} INFO - Sync 1 DAGs
[2023-03-13T14:58:28.530-0400] {logging_mixin.py:137} INFO - [2023-03-13T14:58:28.530-0400] {dag.py:3437} INFO - Setting next_dagrun for example_nested_branch_dag to 2023-03-12T00:00:00+00:00, run_after=2023-03-13T00:00:00+00:00
[2023-03-13T14:58:28.551-0400] {processor.py:175} INFO - Processing /Users/admin/opt/anaconda3/envs/python-airflow-venv/lib/python3.10/site-packages/airflow/example_dags/example_nested_branch_dag.py took 0.765 seconds
[2023-03-13T15:00:22.595-0400] {logging_mixin.py:137} WARNING - /Users/admin/opt/anaconda3/envs/python-airflow-venv/lib/python3.10/site-packages/airflow/settings.py:337 DeprecationWarning: The sql_alchemy_pool_enabled option in [core] has been moved to the sql_alchemy_pool_enabled option in [database] - the old setting has been used, but please update your config.
[2023-03-13T15:00:22.599-0400] {logging_mixin.py:137} WARNING - /Users/admin/opt/anaconda3/envs/python-airflow-venv/lib/python3.10/site-packages/airflow/settings.py:400 DeprecationWarning: The sql_engine_encoding option in [core] has been moved to the sql_engine_encoding option in [database] - the old setting has been used, but please update your config.
[2023-03-13T15:00:22.600-0400] {processor.py:153} INFO - Started process (PID=15263) to work on /Users/admin/opt/anaconda3/envs/python-airflow-venv/lib/python3.10/site-packages/airflow/example_dags/example_nested_branch_dag.py
[2023-03-13T15:00:22.600-0400] {processor.py:743} INFO - Processing file /Users/admin/opt/anaconda3/envs/python-airflow-venv/lib/python3.10/site-packages/airflow/example_dags/example_nested_branch_dag.py for tasks to queue
[2023-03-13T15:00:22.600-0400] {logging_mixin.py:137} INFO - [2023-03-13T15:00:22.600-0400] {dagbag.py:538} INFO - Filling up the DagBag from /Users/admin/opt/anaconda3/envs/python-airflow-venv/lib/python3.10/site-packages/airflow/example_dags/example_nested_branch_dag.py
[2023-03-13T15:00:22.673-0400] {processor.py:753} INFO - DAG(s) dict_keys(['example_nested_branch_dag']) retrieved from /Users/admin/opt/anaconda3/envs/python-airflow-venv/lib/python3.10/site-packages/airflow/example_dags/example_nested_branch_dag.py
[2023-03-13T15:00:22.715-0400] {logging_mixin.py:137} WARNING - /Users/admin/opt/anaconda3/envs/python-airflow-venv/lib/python3.10/site-packages/airflow/jobs/scheduler_job.py:124 DeprecationWarning: The processor_poll_interval option in [scheduler] has been renamed to scheduler_idle_sleep_time - the old setting has been used, but please update your config.
[2023-03-13T15:00:23.299-0400] {logging_mixin.py:137} INFO - [2023-03-13T15:00:23.298-0400] {dag.py:2690} INFO - Sync 1 DAGs
[2023-03-13T15:00:23.314-0400] {logging_mixin.py:137} INFO - [2023-03-13T15:00:23.314-0400] {dag.py:3437} INFO - Setting next_dagrun for example_nested_branch_dag to 2023-03-12T00:00:00+00:00, run_after=2023-03-13T00:00:00+00:00
[2023-03-13T15:00:23.331-0400] {processor.py:175} INFO - Processing /Users/admin/opt/anaconda3/envs/python-airflow-venv/lib/python3.10/site-packages/airflow/example_dags/example_nested_branch_dag.py took 0.737 seconds
[2023-03-13T15:02:17.165-0400] {logging_mixin.py:137} WARNING - /Users/admin/opt/anaconda3/envs/python-airflow-venv/lib/python3.10/site-packages/airflow/settings.py:337 DeprecationWarning: The sql_alchemy_pool_enabled option in [core] has been moved to the sql_alchemy_pool_enabled option in [database] - the old setting has been used, but please update your config.
[2023-03-13T15:02:17.169-0400] {logging_mixin.py:137} WARNING - /Users/admin/opt/anaconda3/envs/python-airflow-venv/lib/python3.10/site-packages/airflow/settings.py:400 DeprecationWarning: The sql_engine_encoding option in [core] has been moved to the sql_engine_encoding option in [database] - the old setting has been used, but please update your config.
[2023-03-13T15:02:17.170-0400] {processor.py:153} INFO - Started process (PID=15316) to work on /Users/admin/opt/anaconda3/envs/python-airflow-venv/lib/python3.10/site-packages/airflow/example_dags/example_nested_branch_dag.py
[2023-03-13T15:02:17.170-0400] {processor.py:743} INFO - Processing file /Users/admin/opt/anaconda3/envs/python-airflow-venv/lib/python3.10/site-packages/airflow/example_dags/example_nested_branch_dag.py for tasks to queue
[2023-03-13T15:02:17.170-0400] {logging_mixin.py:137} INFO - [2023-03-13T15:02:17.170-0400] {dagbag.py:538} INFO - Filling up the DagBag from /Users/admin/opt/anaconda3/envs/python-airflow-venv/lib/python3.10/site-packages/airflow/example_dags/example_nested_branch_dag.py
[2023-03-13T15:02:17.242-0400] {processor.py:753} INFO - DAG(s) dict_keys(['example_nested_branch_dag']) retrieved from /Users/admin/opt/anaconda3/envs/python-airflow-venv/lib/python3.10/site-packages/airflow/example_dags/example_nested_branch_dag.py
[2023-03-13T15:02:17.287-0400] {logging_mixin.py:137} WARNING - /Users/admin/opt/anaconda3/envs/python-airflow-venv/lib/python3.10/site-packages/airflow/jobs/scheduler_job.py:124 DeprecationWarning: The processor_poll_interval option in [scheduler] has been renamed to scheduler_idle_sleep_time - the old setting has been used, but please update your config.
[2023-03-13T15:02:17.868-0400] {logging_mixin.py:137} INFO - [2023-03-13T15:02:17.868-0400] {dag.py:2690} INFO - Sync 1 DAGs
[2023-03-13T15:02:17.885-0400] {logging_mixin.py:137} INFO - [2023-03-13T15:02:17.885-0400] {dag.py:3437} INFO - Setting next_dagrun for example_nested_branch_dag to 2023-03-12T00:00:00+00:00, run_after=2023-03-13T00:00:00+00:00
[2023-03-13T15:02:17.902-0400] {processor.py:175} INFO - Processing /Users/admin/opt/anaconda3/envs/python-airflow-venv/lib/python3.10/site-packages/airflow/example_dags/example_nested_branch_dag.py took 0.738 seconds
[2023-03-13T15:04:12.215-0400] {logging_mixin.py:137} WARNING - /Users/admin/opt/anaconda3/envs/python-airflow-venv/lib/python3.10/site-packages/airflow/settings.py:337 DeprecationWarning: The sql_alchemy_pool_enabled option in [core] has been moved to the sql_alchemy_pool_enabled option in [database] - the old setting has been used, but please update your config.
[2023-03-13T15:04:12.220-0400] {logging_mixin.py:137} WARNING - /Users/admin/opt/anaconda3/envs/python-airflow-venv/lib/python3.10/site-packages/airflow/settings.py:400 DeprecationWarning: The sql_engine_encoding option in [core] has been moved to the sql_engine_encoding option in [database] - the old setting has been used, but please update your config.
[2023-03-13T15:04:12.220-0400] {processor.py:153} INFO - Started process (PID=15368) to work on /Users/admin/opt/anaconda3/envs/python-airflow-venv/lib/python3.10/site-packages/airflow/example_dags/example_nested_branch_dag.py
[2023-03-13T15:04:12.220-0400] {processor.py:743} INFO - Processing file /Users/admin/opt/anaconda3/envs/python-airflow-venv/lib/python3.10/site-packages/airflow/example_dags/example_nested_branch_dag.py for tasks to queue
[2023-03-13T15:04:12.221-0400] {logging_mixin.py:137} INFO - [2023-03-13T15:04:12.221-0400] {dagbag.py:538} INFO - Filling up the DagBag from /Users/admin/opt/anaconda3/envs/python-airflow-venv/lib/python3.10/site-packages/airflow/example_dags/example_nested_branch_dag.py
[2023-03-13T15:04:12.302-0400] {processor.py:753} INFO - DAG(s) dict_keys(['example_nested_branch_dag']) retrieved from /Users/admin/opt/anaconda3/envs/python-airflow-venv/lib/python3.10/site-packages/airflow/example_dags/example_nested_branch_dag.py
[2023-03-13T15:04:12.355-0400] {logging_mixin.py:137} WARNING - /Users/admin/opt/anaconda3/envs/python-airflow-venv/lib/python3.10/site-packages/airflow/jobs/scheduler_job.py:124 DeprecationWarning: The processor_poll_interval option in [scheduler] has been renamed to scheduler_idle_sleep_time - the old setting has been used, but please update your config.
[2023-03-13T15:04:13.005-0400] {logging_mixin.py:137} INFO - [2023-03-13T15:04:13.005-0400] {dag.py:2690} INFO - Sync 1 DAGs
[2023-03-13T15:04:13.021-0400] {logging_mixin.py:137} INFO - [2023-03-13T15:04:13.021-0400] {dag.py:3437} INFO - Setting next_dagrun for example_nested_branch_dag to 2023-03-12T00:00:00+00:00, run_after=2023-03-13T00:00:00+00:00
[2023-03-13T15:04:13.036-0400] {processor.py:175} INFO - Processing /Users/admin/opt/anaconda3/envs/python-airflow-venv/lib/python3.10/site-packages/airflow/example_dags/example_nested_branch_dag.py took 0.822 seconds
[2023-03-13T15:06:07.565-0400] {logging_mixin.py:137} WARNING - /Users/admin/opt/anaconda3/envs/python-airflow-venv/lib/python3.10/site-packages/airflow/settings.py:337 DeprecationWarning: The sql_alchemy_pool_enabled option in [core] has been moved to the sql_alchemy_pool_enabled option in [database] - the old setting has been used, but please update your config.
[2023-03-13T15:06:07.571-0400] {logging_mixin.py:137} WARNING - /Users/admin/opt/anaconda3/envs/python-airflow-venv/lib/python3.10/site-packages/airflow/settings.py:400 DeprecationWarning: The sql_engine_encoding option in [core] has been moved to the sql_engine_encoding option in [database] - the old setting has been used, but please update your config.
[2023-03-13T15:06:07.572-0400] {processor.py:153} INFO - Started process (PID=15438) to work on /Users/admin/opt/anaconda3/envs/python-airflow-venv/lib/python3.10/site-packages/airflow/example_dags/example_nested_branch_dag.py
[2023-03-13T15:06:07.572-0400] {processor.py:743} INFO - Processing file /Users/admin/opt/anaconda3/envs/python-airflow-venv/lib/python3.10/site-packages/airflow/example_dags/example_nested_branch_dag.py for tasks to queue
[2023-03-13T15:06:07.572-0400] {logging_mixin.py:137} INFO - [2023-03-13T15:06:07.572-0400] {dagbag.py:538} INFO - Filling up the DagBag from /Users/admin/opt/anaconda3/envs/python-airflow-venv/lib/python3.10/site-packages/airflow/example_dags/example_nested_branch_dag.py
[2023-03-13T15:06:07.648-0400] {processor.py:753} INFO - DAG(s) dict_keys(['example_nested_branch_dag']) retrieved from /Users/admin/opt/anaconda3/envs/python-airflow-venv/lib/python3.10/site-packages/airflow/example_dags/example_nested_branch_dag.py
[2023-03-13T15:06:07.692-0400] {logging_mixin.py:137} WARNING - /Users/admin/opt/anaconda3/envs/python-airflow-venv/lib/python3.10/site-packages/airflow/jobs/scheduler_job.py:124 DeprecationWarning: The processor_poll_interval option in [scheduler] has been renamed to scheduler_idle_sleep_time - the old setting has been used, but please update your config.
[2023-03-13T15:06:08.295-0400] {logging_mixin.py:137} INFO - [2023-03-13T15:06:08.294-0400] {dag.py:2690} INFO - Sync 1 DAGs
[2023-03-13T15:06:08.311-0400] {logging_mixin.py:137} INFO - [2023-03-13T15:06:08.311-0400] {dag.py:3437} INFO - Setting next_dagrun for example_nested_branch_dag to 2023-03-12T00:00:00+00:00, run_after=2023-03-13T00:00:00+00:00
[2023-03-13T15:06:08.328-0400] {processor.py:175} INFO - Processing /Users/admin/opt/anaconda3/envs/python-airflow-venv/lib/python3.10/site-packages/airflow/example_dags/example_nested_branch_dag.py took 0.763 seconds
[2023-03-13T15:08:02.399-0400] {logging_mixin.py:137} WARNING - /Users/admin/opt/anaconda3/envs/python-airflow-venv/lib/python3.10/site-packages/airflow/settings.py:337 DeprecationWarning: The sql_alchemy_pool_enabled option in [core] has been moved to the sql_alchemy_pool_enabled option in [database] - the old setting has been used, but please update your config.
[2023-03-13T15:08:02.404-0400] {logging_mixin.py:137} WARNING - /Users/admin/opt/anaconda3/envs/python-airflow-venv/lib/python3.10/site-packages/airflow/settings.py:400 DeprecationWarning: The sql_engine_encoding option in [core] has been moved to the sql_engine_encoding option in [database] - the old setting has been used, but please update your config.
[2023-03-13T15:08:02.405-0400] {processor.py:153} INFO - Started process (PID=15506) to work on /Users/admin/opt/anaconda3/envs/python-airflow-venv/lib/python3.10/site-packages/airflow/example_dags/example_nested_branch_dag.py
[2023-03-13T15:08:02.406-0400] {processor.py:743} INFO - Processing file /Users/admin/opt/anaconda3/envs/python-airflow-venv/lib/python3.10/site-packages/airflow/example_dags/example_nested_branch_dag.py for tasks to queue
[2023-03-13T15:08:02.406-0400] {logging_mixin.py:137} INFO - [2023-03-13T15:08:02.406-0400] {dagbag.py:538} INFO - Filling up the DagBag from /Users/admin/opt/anaconda3/envs/python-airflow-venv/lib/python3.10/site-packages/airflow/example_dags/example_nested_branch_dag.py
[2023-03-13T15:08:02.499-0400] {processor.py:753} INFO - DAG(s) dict_keys(['example_nested_branch_dag']) retrieved from /Users/admin/opt/anaconda3/envs/python-airflow-venv/lib/python3.10/site-packages/airflow/example_dags/example_nested_branch_dag.py
[2023-03-13T15:08:02.547-0400] {logging_mixin.py:137} WARNING - /Users/admin/opt/anaconda3/envs/python-airflow-venv/lib/python3.10/site-packages/airflow/jobs/scheduler_job.py:124 DeprecationWarning: The processor_poll_interval option in [scheduler] has been renamed to scheduler_idle_sleep_time - the old setting has been used, but please update your config.
[2023-03-13T15:08:03.185-0400] {logging_mixin.py:137} INFO - [2023-03-13T15:08:03.185-0400] {dag.py:2690} INFO - Sync 1 DAGs
[2023-03-13T15:08:03.200-0400] {logging_mixin.py:137} INFO - [2023-03-13T15:08:03.200-0400] {dag.py:3437} INFO - Setting next_dagrun for example_nested_branch_dag to 2023-03-12T00:00:00+00:00, run_after=2023-03-13T00:00:00+00:00
[2023-03-13T15:08:03.220-0400] {processor.py:175} INFO - Processing /Users/admin/opt/anaconda3/envs/python-airflow-venv/lib/python3.10/site-packages/airflow/example_dags/example_nested_branch_dag.py took 0.822 seconds
[2023-03-13T15:09:55.405-0400] {logging_mixin.py:137} WARNING - /Users/admin/opt/anaconda3/envs/python-airflow-venv/lib/python3.10/site-packages/airflow/settings.py:337 DeprecationWarning: The sql_alchemy_pool_enabled option in [core] has been moved to the sql_alchemy_pool_enabled option in [database] - the old setting has been used, but please update your config.
[2023-03-13T15:09:55.410-0400] {logging_mixin.py:137} WARNING - /Users/admin/opt/anaconda3/envs/python-airflow-venv/lib/python3.10/site-packages/airflow/settings.py:400 DeprecationWarning: The sql_engine_encoding option in [core] has been moved to the sql_engine_encoding option in [database] - the old setting has been used, but please update your config.
[2023-03-13T15:09:55.411-0400] {processor.py:153} INFO - Started process (PID=15556) to work on /Users/admin/opt/anaconda3/envs/python-airflow-venv/lib/python3.10/site-packages/airflow/example_dags/example_nested_branch_dag.py
[2023-03-13T15:09:55.411-0400] {processor.py:743} INFO - Processing file /Users/admin/opt/anaconda3/envs/python-airflow-venv/lib/python3.10/site-packages/airflow/example_dags/example_nested_branch_dag.py for tasks to queue
[2023-03-13T15:09:55.411-0400] {logging_mixin.py:137} INFO - [2023-03-13T15:09:55.411-0400] {dagbag.py:538} INFO - Filling up the DagBag from /Users/admin/opt/anaconda3/envs/python-airflow-venv/lib/python3.10/site-packages/airflow/example_dags/example_nested_branch_dag.py
[2023-03-13T15:09:55.485-0400] {processor.py:753} INFO - DAG(s) dict_keys(['example_nested_branch_dag']) retrieved from /Users/admin/opt/anaconda3/envs/python-airflow-venv/lib/python3.10/site-packages/airflow/example_dags/example_nested_branch_dag.py
[2023-03-13T15:09:55.527-0400] {logging_mixin.py:137} WARNING - /Users/admin/opt/anaconda3/envs/python-airflow-venv/lib/python3.10/site-packages/airflow/jobs/scheduler_job.py:124 DeprecationWarning: The processor_poll_interval option in [scheduler] has been renamed to scheduler_idle_sleep_time - the old setting has been used, but please update your config.
[2023-03-13T15:09:56.106-0400] {logging_mixin.py:137} INFO - [2023-03-13T15:09:56.106-0400] {dag.py:2690} INFO - Sync 1 DAGs
[2023-03-13T15:09:56.121-0400] {logging_mixin.py:137} INFO - [2023-03-13T15:09:56.121-0400] {dag.py:3437} INFO - Setting next_dagrun for example_nested_branch_dag to 2023-03-12T00:00:00+00:00, run_after=2023-03-13T00:00:00+00:00
[2023-03-13T15:09:56.139-0400] {processor.py:175} INFO - Processing /Users/admin/opt/anaconda3/envs/python-airflow-venv/lib/python3.10/site-packages/airflow/example_dags/example_nested_branch_dag.py took 0.735 seconds
[2023-03-13T15:11:49.742-0400] {logging_mixin.py:137} WARNING - /Users/admin/opt/anaconda3/envs/python-airflow-venv/lib/python3.10/site-packages/airflow/settings.py:337 DeprecationWarning: The sql_alchemy_pool_enabled option in [core] has been moved to the sql_alchemy_pool_enabled option in [database] - the old setting has been used, but please update your config.
[2023-03-13T15:11:49.746-0400] {logging_mixin.py:137} WARNING - /Users/admin/opt/anaconda3/envs/python-airflow-venv/lib/python3.10/site-packages/airflow/settings.py:400 DeprecationWarning: The sql_engine_encoding option in [core] has been moved to the sql_engine_encoding option in [database] - the old setting has been used, but please update your config.
[2023-03-13T15:11:49.747-0400] {processor.py:153} INFO - Started process (PID=15607) to work on /Users/admin/opt/anaconda3/envs/python-airflow-venv/lib/python3.10/site-packages/airflow/example_dags/example_nested_branch_dag.py
[2023-03-13T15:11:49.747-0400] {processor.py:743} INFO - Processing file /Users/admin/opt/anaconda3/envs/python-airflow-venv/lib/python3.10/site-packages/airflow/example_dags/example_nested_branch_dag.py for tasks to queue
[2023-03-13T15:11:49.748-0400] {logging_mixin.py:137} INFO - [2023-03-13T15:11:49.748-0400] {dagbag.py:538} INFO - Filling up the DagBag from /Users/admin/opt/anaconda3/envs/python-airflow-venv/lib/python3.10/site-packages/airflow/example_dags/example_nested_branch_dag.py
[2023-03-13T15:11:49.825-0400] {processor.py:753} INFO - DAG(s) dict_keys(['example_nested_branch_dag']) retrieved from /Users/admin/opt/anaconda3/envs/python-airflow-venv/lib/python3.10/site-packages/airflow/example_dags/example_nested_branch_dag.py
[2023-03-13T15:11:49.872-0400] {logging_mixin.py:137} WARNING - /Users/admin/opt/anaconda3/envs/python-airflow-venv/lib/python3.10/site-packages/airflow/jobs/scheduler_job.py:124 DeprecationWarning: The processor_poll_interval option in [scheduler] has been renamed to scheduler_idle_sleep_time - the old setting has been used, but please update your config.
[2023-03-13T15:11:50.446-0400] {logging_mixin.py:137} INFO - [2023-03-13T15:11:50.446-0400] {dag.py:2690} INFO - Sync 1 DAGs
[2023-03-13T15:11:50.461-0400] {logging_mixin.py:137} INFO - [2023-03-13T15:11:50.461-0400] {dag.py:3437} INFO - Setting next_dagrun for example_nested_branch_dag to 2023-03-12T00:00:00+00:00, run_after=2023-03-13T00:00:00+00:00
[2023-03-13T15:11:50.478-0400] {processor.py:175} INFO - Processing /Users/admin/opt/anaconda3/envs/python-airflow-venv/lib/python3.10/site-packages/airflow/example_dags/example_nested_branch_dag.py took 0.737 seconds
[2023-03-13T15:43:48.365-0400] {logging_mixin.py:137} WARNING - /Users/admin/opt/anaconda3/envs/python-airflow-venv/lib/python3.10/site-packages/airflow/settings.py:337 DeprecationWarning: The sql_alchemy_pool_enabled option in [core] has been moved to the sql_alchemy_pool_enabled option in [database] - the old setting has been used, but please update your config.
[2023-03-13T15:43:48.371-0400] {logging_mixin.py:137} WARNING - /Users/admin/opt/anaconda3/envs/python-airflow-venv/lib/python3.10/site-packages/airflow/settings.py:400 DeprecationWarning: The sql_engine_encoding option in [core] has been moved to the sql_engine_encoding option in [database] - the old setting has been used, but please update your config.
[2023-03-13T15:43:48.372-0400] {processor.py:153} INFO - Started process (PID=15676) to work on /Users/admin/opt/anaconda3/envs/python-airflow-venv/lib/python3.10/site-packages/airflow/example_dags/example_nested_branch_dag.py
[2023-03-13T15:43:48.372-0400] {processor.py:743} INFO - Processing file /Users/admin/opt/anaconda3/envs/python-airflow-venv/lib/python3.10/site-packages/airflow/example_dags/example_nested_branch_dag.py for tasks to queue
[2023-03-13T15:43:48.373-0400] {logging_mixin.py:137} INFO - [2023-03-13T15:43:48.372-0400] {dagbag.py:538} INFO - Filling up the DagBag from /Users/admin/opt/anaconda3/envs/python-airflow-venv/lib/python3.10/site-packages/airflow/example_dags/example_nested_branch_dag.py
[2023-03-13T15:43:48.458-0400] {processor.py:753} INFO - DAG(s) dict_keys(['example_nested_branch_dag']) retrieved from /Users/admin/opt/anaconda3/envs/python-airflow-venv/lib/python3.10/site-packages/airflow/example_dags/example_nested_branch_dag.py
[2023-03-13T15:43:48.514-0400] {logging_mixin.py:137} WARNING - /Users/admin/opt/anaconda3/envs/python-airflow-venv/lib/python3.10/site-packages/airflow/jobs/scheduler_job.py:124 DeprecationWarning: The processor_poll_interval option in [scheduler] has been renamed to scheduler_idle_sleep_time - the old setting has been used, but please update your config.
[2023-03-13T15:43:49.163-0400] {logging_mixin.py:137} INFO - [2023-03-13T15:43:49.163-0400] {dag.py:2690} INFO - Sync 1 DAGs
[2023-03-13T15:43:49.178-0400] {logging_mixin.py:137} INFO - [2023-03-13T15:43:49.178-0400] {dag.py:3437} INFO - Setting next_dagrun for example_nested_branch_dag to 2023-03-12T00:00:00+00:00, run_after=2023-03-13T00:00:00+00:00
[2023-03-13T15:43:49.195-0400] {processor.py:175} INFO - Processing /Users/admin/opt/anaconda3/envs/python-airflow-venv/lib/python3.10/site-packages/airflow/example_dags/example_nested_branch_dag.py took 0.831 seconds
[2023-03-13T15:45:51.323-0400] {logging_mixin.py:137} WARNING - /Users/admin/opt/anaconda3/envs/python-airflow-venv/lib/python3.10/site-packages/airflow/settings.py:337 DeprecationWarning: The sql_alchemy_pool_enabled option in [core] has been moved to the sql_alchemy_pool_enabled option in [database] - the old setting has been used, but please update your config.
[2023-03-13T15:45:51.327-0400] {logging_mixin.py:137} WARNING - /Users/admin/opt/anaconda3/envs/python-airflow-venv/lib/python3.10/site-packages/airflow/settings.py:400 DeprecationWarning: The sql_engine_encoding option in [core] has been moved to the sql_engine_encoding option in [database] - the old setting has been used, but please update your config.
[2023-03-13T15:45:51.328-0400] {processor.py:153} INFO - Started process (PID=15742) to work on /Users/admin/opt/anaconda3/envs/python-airflow-venv/lib/python3.10/site-packages/airflow/example_dags/example_nested_branch_dag.py
[2023-03-13T15:45:51.328-0400] {processor.py:743} INFO - Processing file /Users/admin/opt/anaconda3/envs/python-airflow-venv/lib/python3.10/site-packages/airflow/example_dags/example_nested_branch_dag.py for tasks to queue
[2023-03-13T15:45:51.328-0400] {logging_mixin.py:137} INFO - [2023-03-13T15:45:51.328-0400] {dagbag.py:538} INFO - Filling up the DagBag from /Users/admin/opt/anaconda3/envs/python-airflow-venv/lib/python3.10/site-packages/airflow/example_dags/example_nested_branch_dag.py
[2023-03-13T15:45:51.397-0400] {processor.py:753} INFO - DAG(s) dict_keys(['example_nested_branch_dag']) retrieved from /Users/admin/opt/anaconda3/envs/python-airflow-venv/lib/python3.10/site-packages/airflow/example_dags/example_nested_branch_dag.py
[2023-03-13T15:45:51.439-0400] {logging_mixin.py:137} WARNING - /Users/admin/opt/anaconda3/envs/python-airflow-venv/lib/python3.10/site-packages/airflow/jobs/scheduler_job.py:124 DeprecationWarning: The processor_poll_interval option in [scheduler] has been renamed to scheduler_idle_sleep_time - the old setting has been used, but please update your config.
[2023-03-13T15:45:52.009-0400] {logging_mixin.py:137} INFO - [2023-03-13T15:45:52.009-0400] {dag.py:2690} INFO - Sync 1 DAGs
[2023-03-13T15:45:52.024-0400] {logging_mixin.py:137} INFO - [2023-03-13T15:45:52.024-0400] {dag.py:3437} INFO - Setting next_dagrun for example_nested_branch_dag to 2023-03-12T00:00:00+00:00, run_after=2023-03-13T00:00:00+00:00
[2023-03-13T15:45:52.042-0400] {processor.py:175} INFO - Processing /Users/admin/opt/anaconda3/envs/python-airflow-venv/lib/python3.10/site-packages/airflow/example_dags/example_nested_branch_dag.py took 0.719 seconds
[2023-03-13T15:47:53.532-0400] {logging_mixin.py:137} WARNING - /Users/admin/opt/anaconda3/envs/python-airflow-venv/lib/python3.10/site-packages/airflow/settings.py:337 DeprecationWarning: The sql_alchemy_pool_enabled option in [core] has been moved to the sql_alchemy_pool_enabled option in [database] - the old setting has been used, but please update your config.
[2023-03-13T15:47:53.538-0400] {logging_mixin.py:137} WARNING - /Users/admin/opt/anaconda3/envs/python-airflow-venv/lib/python3.10/site-packages/airflow/settings.py:400 DeprecationWarning: The sql_engine_encoding option in [core] has been moved to the sql_engine_encoding option in [database] - the old setting has been used, but please update your config.
[2023-03-13T15:47:53.539-0400] {processor.py:153} INFO - Started process (PID=15795) to work on /Users/admin/opt/anaconda3/envs/python-airflow-venv/lib/python3.10/site-packages/airflow/example_dags/example_nested_branch_dag.py
[2023-03-13T15:47:53.539-0400] {processor.py:743} INFO - Processing file /Users/admin/opt/anaconda3/envs/python-airflow-venv/lib/python3.10/site-packages/airflow/example_dags/example_nested_branch_dag.py for tasks to queue
[2023-03-13T15:47:53.539-0400] {logging_mixin.py:137} INFO - [2023-03-13T15:47:53.539-0400] {dagbag.py:538} INFO - Filling up the DagBag from /Users/admin/opt/anaconda3/envs/python-airflow-venv/lib/python3.10/site-packages/airflow/example_dags/example_nested_branch_dag.py
[2023-03-13T15:47:53.621-0400] {processor.py:753} INFO - DAG(s) dict_keys(['example_nested_branch_dag']) retrieved from /Users/admin/opt/anaconda3/envs/python-airflow-venv/lib/python3.10/site-packages/airflow/example_dags/example_nested_branch_dag.py
[2023-03-13T15:47:53.677-0400] {logging_mixin.py:137} WARNING - /Users/admin/opt/anaconda3/envs/python-airflow-venv/lib/python3.10/site-packages/airflow/jobs/scheduler_job.py:124 DeprecationWarning: The processor_poll_interval option in [scheduler] has been renamed to scheduler_idle_sleep_time - the old setting has been used, but please update your config.
[2023-03-13T15:47:54.477-0400] {logging_mixin.py:137} INFO - [2023-03-13T15:47:54.477-0400] {dag.py:2690} INFO - Sync 1 DAGs
[2023-03-13T15:47:54.505-0400] {logging_mixin.py:137} INFO - [2023-03-13T15:47:54.505-0400] {dag.py:3437} INFO - Setting next_dagrun for example_nested_branch_dag to 2023-03-12T00:00:00+00:00, run_after=2023-03-13T00:00:00+00:00
[2023-03-13T15:47:54.528-0400] {processor.py:175} INFO - Processing /Users/admin/opt/anaconda3/envs/python-airflow-venv/lib/python3.10/site-packages/airflow/example_dags/example_nested_branch_dag.py took 0.997 seconds
[2023-03-13T15:50:08.112-0400] {logging_mixin.py:137} WARNING - /Users/admin/opt/anaconda3/envs/python-airflow-venv/lib/python3.10/site-packages/airflow/settings.py:337 DeprecationWarning: The sql_alchemy_pool_enabled option in [core] has been moved to the sql_alchemy_pool_enabled option in [database] - the old setting has been used, but please update your config.
[2023-03-13T15:50:08.118-0400] {logging_mixin.py:137} WARNING - /Users/admin/opt/anaconda3/envs/python-airflow-venv/lib/python3.10/site-packages/airflow/settings.py:400 DeprecationWarning: The sql_engine_encoding option in [core] has been moved to the sql_engine_encoding option in [database] - the old setting has been used, but please update your config.
[2023-03-13T15:50:08.119-0400] {processor.py:153} INFO - Started process (PID=15849) to work on /Users/admin/opt/anaconda3/envs/python-airflow-venv/lib/python3.10/site-packages/airflow/example_dags/example_nested_branch_dag.py
[2023-03-13T15:50:08.119-0400] {processor.py:743} INFO - Processing file /Users/admin/opt/anaconda3/envs/python-airflow-venv/lib/python3.10/site-packages/airflow/example_dags/example_nested_branch_dag.py for tasks to queue
[2023-03-13T15:50:08.119-0400] {logging_mixin.py:137} INFO - [2023-03-13T15:50:08.119-0400] {dagbag.py:538} INFO - Filling up the DagBag from /Users/admin/opt/anaconda3/envs/python-airflow-venv/lib/python3.10/site-packages/airflow/example_dags/example_nested_branch_dag.py
[2023-03-13T15:50:08.211-0400] {processor.py:753} INFO - DAG(s) dict_keys(['example_nested_branch_dag']) retrieved from /Users/admin/opt/anaconda3/envs/python-airflow-venv/lib/python3.10/site-packages/airflow/example_dags/example_nested_branch_dag.py
[2023-03-13T15:50:08.274-0400] {logging_mixin.py:137} WARNING - /Users/admin/opt/anaconda3/envs/python-airflow-venv/lib/python3.10/site-packages/airflow/jobs/scheduler_job.py:124 DeprecationWarning: The processor_poll_interval option in [scheduler] has been renamed to scheduler_idle_sleep_time - the old setting has been used, but please update your config.
[2023-03-13T15:50:09.150-0400] {logging_mixin.py:137} INFO - [2023-03-13T15:50:09.149-0400] {dag.py:2690} INFO - Sync 1 DAGs
[2023-03-13T15:50:09.173-0400] {logging_mixin.py:137} INFO - [2023-03-13T15:50:09.173-0400] {dag.py:3437} INFO - Setting next_dagrun for example_nested_branch_dag to 2023-03-12T00:00:00+00:00, run_after=2023-03-13T00:00:00+00:00
[2023-03-13T15:50:09.200-0400] {processor.py:175} INFO - Processing /Users/admin/opt/anaconda3/envs/python-airflow-venv/lib/python3.10/site-packages/airflow/example_dags/example_nested_branch_dag.py took 1.090 seconds
[2023-03-13T15:52:25.184-0400] {logging_mixin.py:137} WARNING - /Users/admin/opt/anaconda3/envs/python-airflow-venv/lib/python3.10/site-packages/airflow/settings.py:337 DeprecationWarning: The sql_alchemy_pool_enabled option in [core] has been moved to the sql_alchemy_pool_enabled option in [database] - the old setting has been used, but please update your config.
[2023-03-13T15:52:25.191-0400] {logging_mixin.py:137} WARNING - /Users/admin/opt/anaconda3/envs/python-airflow-venv/lib/python3.10/site-packages/airflow/settings.py:400 DeprecationWarning: The sql_engine_encoding option in [core] has been moved to the sql_engine_encoding option in [database] - the old setting has been used, but please update your config.
[2023-03-13T15:52:25.191-0400] {processor.py:153} INFO - Started process (PID=15903) to work on /Users/admin/opt/anaconda3/envs/python-airflow-venv/lib/python3.10/site-packages/airflow/example_dags/example_nested_branch_dag.py
[2023-03-13T15:52:25.192-0400] {processor.py:743} INFO - Processing file /Users/admin/opt/anaconda3/envs/python-airflow-venv/lib/python3.10/site-packages/airflow/example_dags/example_nested_branch_dag.py for tasks to queue
[2023-03-13T15:52:25.192-0400] {logging_mixin.py:137} INFO - [2023-03-13T15:52:25.192-0400] {dagbag.py:538} INFO - Filling up the DagBag from /Users/admin/opt/anaconda3/envs/python-airflow-venv/lib/python3.10/site-packages/airflow/example_dags/example_nested_branch_dag.py
[2023-03-13T15:52:25.294-0400] {processor.py:753} INFO - DAG(s) dict_keys(['example_nested_branch_dag']) retrieved from /Users/admin/opt/anaconda3/envs/python-airflow-venv/lib/python3.10/site-packages/airflow/example_dags/example_nested_branch_dag.py
[2023-03-13T15:52:25.368-0400] {logging_mixin.py:137} WARNING - /Users/admin/opt/anaconda3/envs/python-airflow-venv/lib/python3.10/site-packages/airflow/jobs/scheduler_job.py:124 DeprecationWarning: The processor_poll_interval option in [scheduler] has been renamed to scheduler_idle_sleep_time - the old setting has been used, but please update your config.
[2023-03-13T15:52:26.391-0400] {logging_mixin.py:137} INFO - [2023-03-13T15:52:26.391-0400] {dag.py:2690} INFO - Sync 1 DAGs
[2023-03-13T15:52:26.416-0400] {logging_mixin.py:137} INFO - [2023-03-13T15:52:26.416-0400] {dag.py:3437} INFO - Setting next_dagrun for example_nested_branch_dag to 2023-03-12T00:00:00+00:00, run_after=2023-03-13T00:00:00+00:00
[2023-03-13T15:52:26.440-0400] {processor.py:175} INFO - Processing /Users/admin/opt/anaconda3/envs/python-airflow-venv/lib/python3.10/site-packages/airflow/example_dags/example_nested_branch_dag.py took 1.257 seconds
[2023-03-13T15:54:46.240-0400] {logging_mixin.py:137} WARNING - /Users/admin/opt/anaconda3/envs/python-airflow-venv/lib/python3.10/site-packages/airflow/settings.py:337 DeprecationWarning: The sql_alchemy_pool_enabled option in [core] has been moved to the sql_alchemy_pool_enabled option in [database] - the old setting has been used, but please update your config.
[2023-03-13T15:54:46.248-0400] {logging_mixin.py:137} WARNING - /Users/admin/opt/anaconda3/envs/python-airflow-venv/lib/python3.10/site-packages/airflow/settings.py:400 DeprecationWarning: The sql_engine_encoding option in [core] has been moved to the sql_engine_encoding option in [database] - the old setting has been used, but please update your config.
[2023-03-13T15:54:46.249-0400] {processor.py:153} INFO - Started process (PID=15956) to work on /Users/admin/opt/anaconda3/envs/python-airflow-venv/lib/python3.10/site-packages/airflow/example_dags/example_nested_branch_dag.py
[2023-03-13T15:54:46.250-0400] {processor.py:743} INFO - Processing file /Users/admin/opt/anaconda3/envs/python-airflow-venv/lib/python3.10/site-packages/airflow/example_dags/example_nested_branch_dag.py for tasks to queue
[2023-03-13T15:54:46.250-0400] {logging_mixin.py:137} INFO - [2023-03-13T15:54:46.250-0400] {dagbag.py:538} INFO - Filling up the DagBag from /Users/admin/opt/anaconda3/envs/python-airflow-venv/lib/python3.10/site-packages/airflow/example_dags/example_nested_branch_dag.py
[2023-03-13T15:54:46.349-0400] {processor.py:753} INFO - DAG(s) dict_keys(['example_nested_branch_dag']) retrieved from /Users/admin/opt/anaconda3/envs/python-airflow-venv/lib/python3.10/site-packages/airflow/example_dags/example_nested_branch_dag.py
[2023-03-13T15:54:46.414-0400] {logging_mixin.py:137} WARNING - /Users/admin/opt/anaconda3/envs/python-airflow-venv/lib/python3.10/site-packages/airflow/jobs/scheduler_job.py:124 DeprecationWarning: The processor_poll_interval option in [scheduler] has been renamed to scheduler_idle_sleep_time - the old setting has been used, but please update your config.
[2023-03-13T15:54:47.324-0400] {logging_mixin.py:137} INFO - [2023-03-13T15:54:47.324-0400] {dag.py:2690} INFO - Sync 1 DAGs
[2023-03-13T15:54:47.349-0400] {logging_mixin.py:137} INFO - [2023-03-13T15:54:47.349-0400] {dag.py:3437} INFO - Setting next_dagrun for example_nested_branch_dag to 2023-03-12T00:00:00+00:00, run_after=2023-03-13T00:00:00+00:00
[2023-03-13T15:54:47.376-0400] {processor.py:175} INFO - Processing /Users/admin/opt/anaconda3/envs/python-airflow-venv/lib/python3.10/site-packages/airflow/example_dags/example_nested_branch_dag.py took 1.137 seconds
[2023-03-13T15:57:14.345-0400] {logging_mixin.py:137} WARNING - /Users/admin/opt/anaconda3/envs/python-airflow-venv/lib/python3.10/site-packages/airflow/settings.py:337 DeprecationWarning: The sql_alchemy_pool_enabled option in [core] has been moved to the sql_alchemy_pool_enabled option in [database] - the old setting has been used, but please update your config.
[2023-03-13T15:57:14.357-0400] {logging_mixin.py:137} WARNING - /Users/admin/opt/anaconda3/envs/python-airflow-venv/lib/python3.10/site-packages/airflow/settings.py:400 DeprecationWarning: The sql_engine_encoding option in [core] has been moved to the sql_engine_encoding option in [database] - the old setting has been used, but please update your config.
[2023-03-13T15:57:14.359-0400] {processor.py:153} INFO - Started process (PID=16009) to work on /Users/admin/opt/anaconda3/envs/python-airflow-venv/lib/python3.10/site-packages/airflow/example_dags/example_nested_branch_dag.py
[2023-03-13T15:57:14.359-0400] {processor.py:743} INFO - Processing file /Users/admin/opt/anaconda3/envs/python-airflow-venv/lib/python3.10/site-packages/airflow/example_dags/example_nested_branch_dag.py for tasks to queue
[2023-03-13T15:57:14.360-0400] {logging_mixin.py:137} INFO - [2023-03-13T15:57:14.360-0400] {dagbag.py:538} INFO - Filling up the DagBag from /Users/admin/opt/anaconda3/envs/python-airflow-venv/lib/python3.10/site-packages/airflow/example_dags/example_nested_branch_dag.py
[2023-03-13T15:57:14.524-0400] {processor.py:753} INFO - DAG(s) dict_keys(['example_nested_branch_dag']) retrieved from /Users/admin/opt/anaconda3/envs/python-airflow-venv/lib/python3.10/site-packages/airflow/example_dags/example_nested_branch_dag.py
[2023-03-13T15:57:14.633-0400] {logging_mixin.py:137} WARNING - /Users/admin/opt/anaconda3/envs/python-airflow-venv/lib/python3.10/site-packages/airflow/jobs/scheduler_job.py:124 DeprecationWarning: The processor_poll_interval option in [scheduler] has been renamed to scheduler_idle_sleep_time - the old setting has been used, but please update your config.
[2023-03-13T15:57:16.208-0400] {logging_mixin.py:137} INFO - [2023-03-13T15:57:16.207-0400] {dag.py:2690} INFO - Sync 1 DAGs
[2023-03-13T15:57:16.251-0400] {logging_mixin.py:137} INFO - [2023-03-13T15:57:16.251-0400] {dag.py:3437} INFO - Setting next_dagrun for example_nested_branch_dag to 2023-03-12T00:00:00+00:00, run_after=2023-03-13T00:00:00+00:00
[2023-03-13T15:57:16.293-0400] {processor.py:175} INFO - Processing /Users/admin/opt/anaconda3/envs/python-airflow-venv/lib/python3.10/site-packages/airflow/example_dags/example_nested_branch_dag.py took 1.950 seconds
[2023-03-13T16:00:04.882-0400] {logging_mixin.py:137} WARNING - /Users/admin/opt/anaconda3/envs/python-airflow-venv/lib/python3.10/site-packages/airflow/settings.py:337 DeprecationWarning: The sql_alchemy_pool_enabled option in [core] has been moved to the sql_alchemy_pool_enabled option in [database] - the old setting has been used, but please update your config.
[2023-03-13T16:00:04.890-0400] {logging_mixin.py:137} WARNING - /Users/admin/opt/anaconda3/envs/python-airflow-venv/lib/python3.10/site-packages/airflow/settings.py:400 DeprecationWarning: The sql_engine_encoding option in [core] has been moved to the sql_engine_encoding option in [database] - the old setting has been used, but please update your config.
[2023-03-13T16:00:04.892-0400] {processor.py:153} INFO - Started process (PID=16072) to work on /Users/admin/opt/anaconda3/envs/python-airflow-venv/lib/python3.10/site-packages/airflow/example_dags/example_nested_branch_dag.py
[2023-03-13T16:00:04.892-0400] {processor.py:743} INFO - Processing file /Users/admin/opt/anaconda3/envs/python-airflow-venv/lib/python3.10/site-packages/airflow/example_dags/example_nested_branch_dag.py for tasks to queue
[2023-03-13T16:00:04.892-0400] {logging_mixin.py:137} INFO - [2023-03-13T16:00:04.892-0400] {dagbag.py:538} INFO - Filling up the DagBag from /Users/admin/opt/anaconda3/envs/python-airflow-venv/lib/python3.10/site-packages/airflow/example_dags/example_nested_branch_dag.py
[2023-03-13T16:00:05.011-0400] {processor.py:753} INFO - DAG(s) dict_keys(['example_nested_branch_dag']) retrieved from /Users/admin/opt/anaconda3/envs/python-airflow-venv/lib/python3.10/site-packages/airflow/example_dags/example_nested_branch_dag.py
[2023-03-13T16:00:05.091-0400] {logging_mixin.py:137} WARNING - /Users/admin/opt/anaconda3/envs/python-airflow-venv/lib/python3.10/site-packages/airflow/jobs/scheduler_job.py:124 DeprecationWarning: The processor_poll_interval option in [scheduler] has been renamed to scheduler_idle_sleep_time - the old setting has been used, but please update your config.
[2023-03-13T16:00:06.212-0400] {logging_mixin.py:137} INFO - [2023-03-13T16:00:06.212-0400] {dag.py:2690} INFO - Sync 1 DAGs
[2023-03-13T16:00:06.241-0400] {logging_mixin.py:137} INFO - [2023-03-13T16:00:06.241-0400] {dag.py:3437} INFO - Setting next_dagrun for example_nested_branch_dag to 2023-03-12T00:00:00+00:00, run_after=2023-03-13T00:00:00+00:00
[2023-03-13T16:00:06.276-0400] {processor.py:175} INFO - Processing /Users/admin/opt/anaconda3/envs/python-airflow-venv/lib/python3.10/site-packages/airflow/example_dags/example_nested_branch_dag.py took 1.395 seconds
[2023-03-13T16:03:46.117-0400] {logging_mixin.py:137} WARNING - /Users/admin/opt/anaconda3/envs/python-airflow-venv/lib/python3.10/site-packages/airflow/settings.py:337 DeprecationWarning: The sql_alchemy_pool_enabled option in [core] has been moved to the sql_alchemy_pool_enabled option in [database] - the old setting has been used, but please update your config.
[2023-03-13T16:03:46.134-0400] {logging_mixin.py:137} WARNING - /Users/admin/opt/anaconda3/envs/python-airflow-venv/lib/python3.10/site-packages/airflow/settings.py:400 DeprecationWarning: The sql_engine_encoding option in [core] has been moved to the sql_engine_encoding option in [database] - the old setting has been used, but please update your config.
[2023-03-13T16:03:46.136-0400] {processor.py:153} INFO - Started process (PID=16139) to work on /Users/admin/opt/anaconda3/envs/python-airflow-venv/lib/python3.10/site-packages/airflow/example_dags/example_nested_branch_dag.py
[2023-03-13T16:03:46.137-0400] {processor.py:743} INFO - Processing file /Users/admin/opt/anaconda3/envs/python-airflow-venv/lib/python3.10/site-packages/airflow/example_dags/example_nested_branch_dag.py for tasks to queue
[2023-03-13T16:03:46.138-0400] {logging_mixin.py:137} INFO - [2023-03-13T16:03:46.137-0400] {dagbag.py:538} INFO - Filling up the DagBag from /Users/admin/opt/anaconda3/envs/python-airflow-venv/lib/python3.10/site-packages/airflow/example_dags/example_nested_branch_dag.py
[2023-03-13T16:03:46.352-0400] {processor.py:753} INFO - DAG(s) dict_keys(['example_nested_branch_dag']) retrieved from /Users/admin/opt/anaconda3/envs/python-airflow-venv/lib/python3.10/site-packages/airflow/example_dags/example_nested_branch_dag.py
[2023-03-13T16:03:46.505-0400] {logging_mixin.py:137} WARNING - /Users/admin/opt/anaconda3/envs/python-airflow-venv/lib/python3.10/site-packages/airflow/jobs/scheduler_job.py:124 DeprecationWarning: The processor_poll_interval option in [scheduler] has been renamed to scheduler_idle_sleep_time - the old setting has been used, but please update your config.
[2023-03-13T16:03:49.816-0400] {logging_mixin.py:137} INFO - [2023-03-13T16:03:49.815-0400] {dag.py:2690} INFO - Sync 1 DAGs
[2023-03-13T16:03:49.867-0400] {logging_mixin.py:137} INFO - [2023-03-13T16:03:49.867-0400] {dag.py:3437} INFO - Setting next_dagrun for example_nested_branch_dag to 2023-03-12T00:00:00+00:00, run_after=2023-03-13T00:00:00+00:00
[2023-03-13T16:03:49.920-0400] {processor.py:175} INFO - Processing /Users/admin/opt/anaconda3/envs/python-airflow-venv/lib/python3.10/site-packages/airflow/example_dags/example_nested_branch_dag.py took 3.806 seconds
[2023-03-13T16:09:42.514-0400] {logging_mixin.py:137} WARNING - /Users/admin/opt/anaconda3/envs/python-airflow-venv/lib/python3.10/site-packages/airflow/settings.py:337 DeprecationWarning: The sql_alchemy_pool_enabled option in [core] has been moved to the sql_alchemy_pool_enabled option in [database] - the old setting has been used, but please update your config.
[2023-03-13T16:09:42.532-0400] {logging_mixin.py:137} WARNING - /Users/admin/opt/anaconda3/envs/python-airflow-venv/lib/python3.10/site-packages/airflow/settings.py:400 DeprecationWarning: The sql_engine_encoding option in [core] has been moved to the sql_engine_encoding option in [database] - the old setting has been used, but please update your config.
[2023-03-13T16:09:42.535-0400] {processor.py:153} INFO - Started process (PID=16207) to work on /Users/admin/opt/anaconda3/envs/python-airflow-venv/lib/python3.10/site-packages/airflow/example_dags/example_nested_branch_dag.py
[2023-03-13T16:09:42.535-0400] {processor.py:743} INFO - Processing file /Users/admin/opt/anaconda3/envs/python-airflow-venv/lib/python3.10/site-packages/airflow/example_dags/example_nested_branch_dag.py for tasks to queue
[2023-03-13T16:09:42.536-0400] {logging_mixin.py:137} INFO - [2023-03-13T16:09:42.536-0400] {dagbag.py:538} INFO - Filling up the DagBag from /Users/admin/opt/anaconda3/envs/python-airflow-venv/lib/python3.10/site-packages/airflow/example_dags/example_nested_branch_dag.py
[2023-03-13T16:09:42.753-0400] {processor.py:753} INFO - DAG(s) dict_keys(['example_nested_branch_dag']) retrieved from /Users/admin/opt/anaconda3/envs/python-airflow-venv/lib/python3.10/site-packages/airflow/example_dags/example_nested_branch_dag.py
[2023-03-13T16:09:42.908-0400] {logging_mixin.py:137} WARNING - /Users/admin/opt/anaconda3/envs/python-airflow-venv/lib/python3.10/site-packages/airflow/jobs/scheduler_job.py:124 DeprecationWarning: The processor_poll_interval option in [scheduler] has been renamed to scheduler_idle_sleep_time - the old setting has been used, but please update your config.
[2023-03-13T16:09:46.135-0400] {logging_mixin.py:137} INFO - [2023-03-13T16:09:46.134-0400] {dag.py:2690} INFO - Sync 1 DAGs
[2023-03-13T16:09:46.190-0400] {logging_mixin.py:137} INFO - [2023-03-13T16:09:46.189-0400] {dag.py:3437} INFO - Setting next_dagrun for example_nested_branch_dag to 2023-03-12T00:00:00+00:00, run_after=2023-03-13T00:00:00+00:00
[2023-03-13T16:09:46.244-0400] {processor.py:175} INFO - Processing /Users/admin/opt/anaconda3/envs/python-airflow-venv/lib/python3.10/site-packages/airflow/example_dags/example_nested_branch_dag.py took 3.732 seconds
[2023-03-13T16:13:28.354-0400] {logging_mixin.py:137} WARNING - /Users/admin/opt/anaconda3/envs/python-airflow-venv/lib/python3.10/site-packages/airflow/settings.py:337 DeprecationWarning: The sql_alchemy_pool_enabled option in [core] has been moved to the sql_alchemy_pool_enabled option in [database] - the old setting has been used, but please update your config.
[2023-03-13T16:13:28.370-0400] {logging_mixin.py:137} WARNING - /Users/admin/opt/anaconda3/envs/python-airflow-venv/lib/python3.10/site-packages/airflow/settings.py:400 DeprecationWarning: The sql_engine_encoding option in [core] has been moved to the sql_engine_encoding option in [database] - the old setting has been used, but please update your config.
[2023-03-13T16:13:28.373-0400] {processor.py:153} INFO - Started process (PID=16270) to work on /Users/admin/opt/anaconda3/envs/python-airflow-venv/lib/python3.10/site-packages/airflow/example_dags/example_nested_branch_dag.py
[2023-03-13T16:13:28.373-0400] {processor.py:743} INFO - Processing file /Users/admin/opt/anaconda3/envs/python-airflow-venv/lib/python3.10/site-packages/airflow/example_dags/example_nested_branch_dag.py for tasks to queue
[2023-03-13T16:13:28.375-0400] {logging_mixin.py:137} INFO - [2023-03-13T16:13:28.375-0400] {dagbag.py:538} INFO - Filling up the DagBag from /Users/admin/opt/anaconda3/envs/python-airflow-venv/lib/python3.10/site-packages/airflow/example_dags/example_nested_branch_dag.py
[2023-03-13T16:13:28.607-0400] {processor.py:753} INFO - DAG(s) dict_keys(['example_nested_branch_dag']) retrieved from /Users/admin/opt/anaconda3/envs/python-airflow-venv/lib/python3.10/site-packages/airflow/example_dags/example_nested_branch_dag.py
[2023-03-13T16:13:28.774-0400] {logging_mixin.py:137} WARNING - /Users/admin/opt/anaconda3/envs/python-airflow-venv/lib/python3.10/site-packages/airflow/jobs/scheduler_job.py:124 DeprecationWarning: The processor_poll_interval option in [scheduler] has been renamed to scheduler_idle_sleep_time - the old setting has been used, but please update your config.
[2023-03-13T16:13:30.903-0400] {logging_mixin.py:137} INFO - [2023-03-13T16:13:30.902-0400] {dag.py:2690} INFO - Sync 1 DAGs
[2023-03-13T16:13:30.956-0400] {logging_mixin.py:137} INFO - [2023-03-13T16:13:30.956-0400] {dag.py:3437} INFO - Setting next_dagrun for example_nested_branch_dag to 2023-03-12T00:00:00+00:00, run_after=2023-03-13T00:00:00+00:00
[2023-03-13T16:13:31.009-0400] {processor.py:175} INFO - Processing /Users/admin/opt/anaconda3/envs/python-airflow-venv/lib/python3.10/site-packages/airflow/example_dags/example_nested_branch_dag.py took 2.658 seconds
[2023-03-13T16:17:27.911-0400] {logging_mixin.py:137} WARNING - /Users/admin/opt/anaconda3/envs/python-airflow-venv/lib/python3.10/site-packages/airflow/settings.py:337 DeprecationWarning: The sql_alchemy_pool_enabled option in [core] has been moved to the sql_alchemy_pool_enabled option in [database] - the old setting has been used, but please update your config.
[2023-03-13T16:17:27.916-0400] {logging_mixin.py:137} WARNING - /Users/admin/opt/anaconda3/envs/python-airflow-venv/lib/python3.10/site-packages/airflow/settings.py:400 DeprecationWarning: The sql_engine_encoding option in [core] has been moved to the sql_engine_encoding option in [database] - the old setting has been used, but please update your config.
[2023-03-13T16:17:27.917-0400] {processor.py:153} INFO - Started process (PID=16331) to work on /Users/admin/opt/anaconda3/envs/python-airflow-venv/lib/python3.10/site-packages/airflow/example_dags/example_nested_branch_dag.py
[2023-03-13T16:17:27.917-0400] {processor.py:743} INFO - Processing file /Users/admin/opt/anaconda3/envs/python-airflow-venv/lib/python3.10/site-packages/airflow/example_dags/example_nested_branch_dag.py for tasks to queue
[2023-03-13T16:17:27.918-0400] {logging_mixin.py:137} INFO - [2023-03-13T16:17:27.918-0400] {dagbag.py:538} INFO - Filling up the DagBag from /Users/admin/opt/anaconda3/envs/python-airflow-venv/lib/python3.10/site-packages/airflow/example_dags/example_nested_branch_dag.py
[2023-03-13T16:17:27.992-0400] {processor.py:753} INFO - DAG(s) dict_keys(['example_nested_branch_dag']) retrieved from /Users/admin/opt/anaconda3/envs/python-airflow-venv/lib/python3.10/site-packages/airflow/example_dags/example_nested_branch_dag.py
[2023-03-13T16:17:28.041-0400] {logging_mixin.py:137} WARNING - /Users/admin/opt/anaconda3/envs/python-airflow-venv/lib/python3.10/site-packages/airflow/jobs/scheduler_job.py:124 DeprecationWarning: The processor_poll_interval option in [scheduler] has been renamed to scheduler_idle_sleep_time - the old setting has been used, but please update your config.
[2023-03-13T16:17:28.689-0400] {logging_mixin.py:137} INFO - [2023-03-13T16:17:28.688-0400] {dag.py:2690} INFO - Sync 1 DAGs
[2023-03-13T16:17:28.707-0400] {logging_mixin.py:137} INFO - [2023-03-13T16:17:28.706-0400] {dag.py:3437} INFO - Setting next_dagrun for example_nested_branch_dag to 2023-03-12T00:00:00+00:00, run_after=2023-03-13T00:00:00+00:00
[2023-03-13T16:17:28.723-0400] {processor.py:175} INFO - Processing /Users/admin/opt/anaconda3/envs/python-airflow-venv/lib/python3.10/site-packages/airflow/example_dags/example_nested_branch_dag.py took 0.813 seconds
[2023-03-13T16:19:25.100-0400] {logging_mixin.py:137} WARNING - /Users/admin/opt/anaconda3/envs/python-airflow-venv/lib/python3.10/site-packages/airflow/settings.py:337 DeprecationWarning: The sql_alchemy_pool_enabled option in [core] has been moved to the sql_alchemy_pool_enabled option in [database] - the old setting has been used, but please update your config.
[2023-03-13T16:19:25.105-0400] {logging_mixin.py:137} WARNING - /Users/admin/opt/anaconda3/envs/python-airflow-venv/lib/python3.10/site-packages/airflow/settings.py:400 DeprecationWarning: The sql_engine_encoding option in [core] has been moved to the sql_engine_encoding option in [database] - the old setting has been used, but please update your config.
[2023-03-13T16:19:25.106-0400] {processor.py:153} INFO - Started process (PID=16389) to work on /Users/admin/opt/anaconda3/envs/python-airflow-venv/lib/python3.10/site-packages/airflow/example_dags/example_nested_branch_dag.py
[2023-03-13T16:19:25.106-0400] {processor.py:743} INFO - Processing file /Users/admin/opt/anaconda3/envs/python-airflow-venv/lib/python3.10/site-packages/airflow/example_dags/example_nested_branch_dag.py for tasks to queue
[2023-03-13T16:19:25.106-0400] {logging_mixin.py:137} INFO - [2023-03-13T16:19:25.106-0400] {dagbag.py:538} INFO - Filling up the DagBag from /Users/admin/opt/anaconda3/envs/python-airflow-venv/lib/python3.10/site-packages/airflow/example_dags/example_nested_branch_dag.py
[2023-03-13T16:19:25.181-0400] {processor.py:753} INFO - DAG(s) dict_keys(['example_nested_branch_dag']) retrieved from /Users/admin/opt/anaconda3/envs/python-airflow-venv/lib/python3.10/site-packages/airflow/example_dags/example_nested_branch_dag.py
[2023-03-13T16:19:25.229-0400] {logging_mixin.py:137} WARNING - /Users/admin/opt/anaconda3/envs/python-airflow-venv/lib/python3.10/site-packages/airflow/jobs/scheduler_job.py:124 DeprecationWarning: The processor_poll_interval option in [scheduler] has been renamed to scheduler_idle_sleep_time - the old setting has been used, but please update your config.
[2023-03-13T16:19:25.892-0400] {logging_mixin.py:137} INFO - [2023-03-13T16:19:25.892-0400] {dag.py:2690} INFO - Sync 1 DAGs
[2023-03-13T16:19:25.910-0400] {logging_mixin.py:137} INFO - [2023-03-13T16:19:25.910-0400] {dag.py:3437} INFO - Setting next_dagrun for example_nested_branch_dag to 2023-03-12T00:00:00+00:00, run_after=2023-03-13T00:00:00+00:00
[2023-03-13T16:19:25.931-0400] {processor.py:175} INFO - Processing /Users/admin/opt/anaconda3/envs/python-airflow-venv/lib/python3.10/site-packages/airflow/example_dags/example_nested_branch_dag.py took 0.832 seconds
[2023-03-13T16:23:25.472-0400] {logging_mixin.py:137} WARNING - /Users/admin/opt/anaconda3/envs/python-airflow-venv/lib/python3.10/site-packages/airflow/settings.py:337 DeprecationWarning: The sql_alchemy_pool_enabled option in [core] has been moved to the sql_alchemy_pool_enabled option in [database] - the old setting has been used, but please update your config.
[2023-03-13T16:23:25.488-0400] {logging_mixin.py:137} WARNING - /Users/admin/opt/anaconda3/envs/python-airflow-venv/lib/python3.10/site-packages/airflow/settings.py:400 DeprecationWarning: The sql_engine_encoding option in [core] has been moved to the sql_engine_encoding option in [database] - the old setting has been used, but please update your config.
[2023-03-13T16:23:25.490-0400] {processor.py:153} INFO - Started process (PID=16458) to work on /Users/admin/opt/anaconda3/envs/python-airflow-venv/lib/python3.10/site-packages/airflow/example_dags/example_nested_branch_dag.py
[2023-03-13T16:23:25.491-0400] {processor.py:743} INFO - Processing file /Users/admin/opt/anaconda3/envs/python-airflow-venv/lib/python3.10/site-packages/airflow/example_dags/example_nested_branch_dag.py for tasks to queue
[2023-03-13T16:23:25.492-0400] {logging_mixin.py:137} INFO - [2023-03-13T16:23:25.492-0400] {dagbag.py:538} INFO - Filling up the DagBag from /Users/admin/opt/anaconda3/envs/python-airflow-venv/lib/python3.10/site-packages/airflow/example_dags/example_nested_branch_dag.py
[2023-03-13T16:23:25.714-0400] {processor.py:753} INFO - DAG(s) dict_keys(['example_nested_branch_dag']) retrieved from /Users/admin/opt/anaconda3/envs/python-airflow-venv/lib/python3.10/site-packages/airflow/example_dags/example_nested_branch_dag.py
[2023-03-13T16:23:25.867-0400] {logging_mixin.py:137} WARNING - /Users/admin/opt/anaconda3/envs/python-airflow-venv/lib/python3.10/site-packages/airflow/jobs/scheduler_job.py:124 DeprecationWarning: The processor_poll_interval option in [scheduler] has been renamed to scheduler_idle_sleep_time - the old setting has been used, but please update your config.
[2023-03-13T16:23:28.028-0400] {logging_mixin.py:137} INFO - [2023-03-13T16:23:28.027-0400] {dag.py:2690} INFO - Sync 1 DAGs
[2023-03-13T16:23:28.080-0400] {logging_mixin.py:137} INFO - [2023-03-13T16:23:28.080-0400] {dag.py:3437} INFO - Setting next_dagrun for example_nested_branch_dag to 2023-03-12T00:00:00+00:00, run_after=2023-03-13T00:00:00+00:00
[2023-03-13T16:23:28.134-0400] {processor.py:175} INFO - Processing /Users/admin/opt/anaconda3/envs/python-airflow-venv/lib/python3.10/site-packages/airflow/example_dags/example_nested_branch_dag.py took 2.664 seconds
[2023-03-13T16:28:52.518-0400] {logging_mixin.py:137} WARNING - /Users/admin/opt/anaconda3/envs/python-airflow-venv/lib/python3.10/site-packages/airflow/settings.py:337 DeprecationWarning: The sql_alchemy_pool_enabled option in [core] has been moved to the sql_alchemy_pool_enabled option in [database] - the old setting has been used, but please update your config.
[2023-03-13T16:28:52.534-0400] {logging_mixin.py:137} WARNING - /Users/admin/opt/anaconda3/envs/python-airflow-venv/lib/python3.10/site-packages/airflow/settings.py:400 DeprecationWarning: The sql_engine_encoding option in [core] has been moved to the sql_engine_encoding option in [database] - the old setting has been used, but please update your config.
[2023-03-13T16:28:52.537-0400] {processor.py:153} INFO - Started process (PID=16528) to work on /Users/admin/opt/anaconda3/envs/python-airflow-venv/lib/python3.10/site-packages/airflow/example_dags/example_nested_branch_dag.py
[2023-03-13T16:28:52.538-0400] {processor.py:743} INFO - Processing file /Users/admin/opt/anaconda3/envs/python-airflow-venv/lib/python3.10/site-packages/airflow/example_dags/example_nested_branch_dag.py for tasks to queue
[2023-03-13T16:28:52.540-0400] {logging_mixin.py:137} INFO - [2023-03-13T16:28:52.540-0400] {dagbag.py:538} INFO - Filling up the DagBag from /Users/admin/opt/anaconda3/envs/python-airflow-venv/lib/python3.10/site-packages/airflow/example_dags/example_nested_branch_dag.py
[2023-03-13T16:28:52.759-0400] {processor.py:753} INFO - DAG(s) dict_keys(['example_nested_branch_dag']) retrieved from /Users/admin/opt/anaconda3/envs/python-airflow-venv/lib/python3.10/site-packages/airflow/example_dags/example_nested_branch_dag.py
[2023-03-13T16:28:52.917-0400] {logging_mixin.py:137} WARNING - /Users/admin/opt/anaconda3/envs/python-airflow-venv/lib/python3.10/site-packages/airflow/jobs/scheduler_job.py:124 DeprecationWarning: The processor_poll_interval option in [scheduler] has been renamed to scheduler_idle_sleep_time - the old setting has been used, but please update your config.
[2023-03-13T16:28:56.280-0400] {logging_mixin.py:137} INFO - [2023-03-13T16:28:56.279-0400] {dag.py:2690} INFO - Sync 1 DAGs
[2023-03-13T16:28:56.340-0400] {logging_mixin.py:137} INFO - [2023-03-13T16:28:56.340-0400] {dag.py:3437} INFO - Setting next_dagrun for example_nested_branch_dag to 2023-03-12T00:00:00+00:00, run_after=2023-03-13T00:00:00+00:00
[2023-03-13T16:28:56.389-0400] {processor.py:175} INFO - Processing /Users/admin/opt/anaconda3/envs/python-airflow-venv/lib/python3.10/site-packages/airflow/example_dags/example_nested_branch_dag.py took 3.873 seconds
[2023-03-13T16:55:17.349-0400] {logging_mixin.py:137} WARNING - /Users/admin/opt/anaconda3/envs/python-airflow-venv/lib/python3.10/site-packages/airflow/settings.py:337 DeprecationWarning: The sql_alchemy_pool_enabled option in [core] has been moved to the sql_alchemy_pool_enabled option in [database] - the old setting has been used, but please update your config.
[2023-03-13T16:55:17.353-0400] {logging_mixin.py:137} WARNING - /Users/admin/opt/anaconda3/envs/python-airflow-venv/lib/python3.10/site-packages/airflow/settings.py:400 DeprecationWarning: The sql_engine_encoding option in [core] has been moved to the sql_engine_encoding option in [database] - the old setting has been used, but please update your config.
[2023-03-13T16:55:17.354-0400] {processor.py:153} INFO - Started process (PID=16599) to work on /Users/admin/opt/anaconda3/envs/python-airflow-venv/lib/python3.10/site-packages/airflow/example_dags/example_nested_branch_dag.py
[2023-03-13T16:55:17.354-0400] {processor.py:743} INFO - Processing file /Users/admin/opt/anaconda3/envs/python-airflow-venv/lib/python3.10/site-packages/airflow/example_dags/example_nested_branch_dag.py for tasks to queue
[2023-03-13T16:55:17.355-0400] {logging_mixin.py:137} INFO - [2023-03-13T16:55:17.354-0400] {dagbag.py:538} INFO - Filling up the DagBag from /Users/admin/opt/anaconda3/envs/python-airflow-venv/lib/python3.10/site-packages/airflow/example_dags/example_nested_branch_dag.py
[2023-03-13T16:55:17.419-0400] {processor.py:753} INFO - DAG(s) dict_keys(['example_nested_branch_dag']) retrieved from /Users/admin/opt/anaconda3/envs/python-airflow-venv/lib/python3.10/site-packages/airflow/example_dags/example_nested_branch_dag.py
[2023-03-13T16:55:17.461-0400] {logging_mixin.py:137} WARNING - /Users/admin/opt/anaconda3/envs/python-airflow-venv/lib/python3.10/site-packages/airflow/jobs/scheduler_job.py:124 DeprecationWarning: The processor_poll_interval option in [scheduler] has been renamed to scheduler_idle_sleep_time - the old setting has been used, but please update your config.
[2023-03-13T16:55:18.025-0400] {logging_mixin.py:137} INFO - [2023-03-13T16:55:18.025-0400] {dag.py:2690} INFO - Sync 1 DAGs
[2023-03-13T16:55:18.040-0400] {logging_mixin.py:137} INFO - [2023-03-13T16:55:18.040-0400] {dag.py:3437} INFO - Setting next_dagrun for example_nested_branch_dag to 2023-03-12T00:00:00+00:00, run_after=2023-03-13T00:00:00+00:00
[2023-03-13T16:55:18.060-0400] {processor.py:175} INFO - Processing /Users/admin/opt/anaconda3/envs/python-airflow-venv/lib/python3.10/site-packages/airflow/example_dags/example_nested_branch_dag.py took 0.712 seconds
[2023-03-13T17:12:30.869-0400] {logging_mixin.py:137} WARNING - /Users/admin/opt/anaconda3/envs/python-airflow-venv/lib/python3.10/site-packages/airflow/settings.py:337 DeprecationWarning: The sql_alchemy_pool_enabled option in [core] has been moved to the sql_alchemy_pool_enabled option in [database] - the old setting has been used, but please update your config.
[2023-03-13T17:12:30.873-0400] {logging_mixin.py:137} WARNING - /Users/admin/opt/anaconda3/envs/python-airflow-venv/lib/python3.10/site-packages/airflow/settings.py:400 DeprecationWarning: The sql_engine_encoding option in [core] has been moved to the sql_engine_encoding option in [database] - the old setting has been used, but please update your config.
[2023-03-13T17:12:30.874-0400] {processor.py:153} INFO - Started process (PID=16660) to work on /Users/admin/opt/anaconda3/envs/python-airflow-venv/lib/python3.10/site-packages/airflow/example_dags/example_nested_branch_dag.py
[2023-03-13T17:12:30.874-0400] {processor.py:743} INFO - Processing file /Users/admin/opt/anaconda3/envs/python-airflow-venv/lib/python3.10/site-packages/airflow/example_dags/example_nested_branch_dag.py for tasks to queue
[2023-03-13T17:12:30.874-0400] {logging_mixin.py:137} INFO - [2023-03-13T17:12:30.874-0400] {dagbag.py:538} INFO - Filling up the DagBag from /Users/admin/opt/anaconda3/envs/python-airflow-venv/lib/python3.10/site-packages/airflow/example_dags/example_nested_branch_dag.py
[2023-03-13T17:12:30.945-0400] {processor.py:753} INFO - DAG(s) dict_keys(['example_nested_branch_dag']) retrieved from /Users/admin/opt/anaconda3/envs/python-airflow-venv/lib/python3.10/site-packages/airflow/example_dags/example_nested_branch_dag.py
[2023-03-13T17:12:30.989-0400] {logging_mixin.py:137} WARNING - /Users/admin/opt/anaconda3/envs/python-airflow-venv/lib/python3.10/site-packages/airflow/jobs/scheduler_job.py:124 DeprecationWarning: The processor_poll_interval option in [scheduler] has been renamed to scheduler_idle_sleep_time - the old setting has been used, but please update your config.
[2023-03-13T17:12:31.574-0400] {logging_mixin.py:137} INFO - [2023-03-13T17:12:31.573-0400] {dag.py:2690} INFO - Sync 1 DAGs
[2023-03-13T17:12:31.589-0400] {logging_mixin.py:137} INFO - [2023-03-13T17:12:31.589-0400] {dag.py:3437} INFO - Setting next_dagrun for example_nested_branch_dag to 2023-03-12T00:00:00+00:00, run_after=2023-03-13T00:00:00+00:00
[2023-03-13T17:12:31.607-0400] {processor.py:175} INFO - Processing /Users/admin/opt/anaconda3/envs/python-airflow-venv/lib/python3.10/site-packages/airflow/example_dags/example_nested_branch_dag.py took 0.740 seconds
