[2023-03-13T14:39:57.888-0400] {logging_mixin.py:137} WARNING - /Users/admin/opt/anaconda3/envs/python-airflow-venv/lib/python3.10/site-packages/airflow/settings.py:337 DeprecationWarning: The sql_alchemy_pool_enabled option in [core] has been moved to the sql_alchemy_pool_enabled option in [database] - the old setting has been used, but please update your config.
[2023-03-13T14:39:57.892-0400] {logging_mixin.py:137} WARNING - /Users/admin/opt/anaconda3/envs/python-airflow-venv/lib/python3.10/site-packages/airflow/settings.py:400 DeprecationWarning: The sql_engine_encoding option in [core] has been moved to the sql_engine_encoding option in [database] - the old setting has been used, but please update your config.
[2023-03-13T14:39:57.893-0400] {processor.py:153} INFO - Started process (PID=14853) to work on /Users/admin/opt/anaconda3/envs/python-airflow-venv/lib/python3.10/site-packages/airflow/example_dags/example_latest_only_with_trigger.py
[2023-03-13T14:39:57.893-0400] {processor.py:743} INFO - Processing file /Users/admin/opt/anaconda3/envs/python-airflow-venv/lib/python3.10/site-packages/airflow/example_dags/example_latest_only_with_trigger.py for tasks to queue
[2023-03-13T14:39:57.894-0400] {logging_mixin.py:137} INFO - [2023-03-13T14:39:57.894-0400] {dagbag.py:538} INFO - Filling up the DagBag from /Users/admin/opt/anaconda3/envs/python-airflow-venv/lib/python3.10/site-packages/airflow/example_dags/example_latest_only_with_trigger.py
[2023-03-13T14:39:57.944-0400] {processor.py:753} INFO - DAG(s) dict_keys(['latest_only_with_trigger']) retrieved from /Users/admin/opt/anaconda3/envs/python-airflow-venv/lib/python3.10/site-packages/airflow/example_dags/example_latest_only_with_trigger.py
[2023-03-13T14:39:58.002-0400] {logging_mixin.py:137} WARNING - /Users/admin/opt/anaconda3/envs/python-airflow-venv/lib/python3.10/site-packages/airflow/jobs/scheduler_job.py:124 DeprecationWarning: The processor_poll_interval option in [scheduler] has been renamed to scheduler_idle_sleep_time - the old setting has been used, but please update your config.
[2023-03-13T14:39:58.604-0400] {logging_mixin.py:137} INFO - [2023-03-13T14:39:58.604-0400] {dag.py:2690} INFO - Sync 1 DAGs
[2023-03-13T14:39:58.619-0400] {logging_mixin.py:137} INFO - [2023-03-13T14:39:58.619-0400] {dag.py:3437} INFO - Setting next_dagrun for latest_only_with_trigger to 2023-03-13T14:39:58.619177+00:00, run_after=2023-03-13T18:39:58.619177+00:00
[2023-03-13T14:39:58.636-0400] {processor.py:175} INFO - Processing /Users/admin/opt/anaconda3/envs/python-airflow-venv/lib/python3.10/site-packages/airflow/example_dags/example_latest_only_with_trigger.py took 0.749 seconds
[2023-03-13T14:41:58.335-0400] {logging_mixin.py:137} WARNING - /Users/admin/opt/anaconda3/envs/python-airflow-venv/lib/python3.10/site-packages/airflow/settings.py:337 DeprecationWarning: The sql_alchemy_pool_enabled option in [core] has been moved to the sql_alchemy_pool_enabled option in [database] - the old setting has been used, but please update your config.
[2023-03-13T14:41:58.340-0400] {logging_mixin.py:137} WARNING - /Users/admin/opt/anaconda3/envs/python-airflow-venv/lib/python3.10/site-packages/airflow/settings.py:400 DeprecationWarning: The sql_engine_encoding option in [core] has been moved to the sql_engine_encoding option in [database] - the old setting has been used, but please update your config.
[2023-03-13T14:41:58.340-0400] {processor.py:153} INFO - Started process (PID=14913) to work on /Users/admin/opt/anaconda3/envs/python-airflow-venv/lib/python3.10/site-packages/airflow/example_dags/example_latest_only_with_trigger.py
[2023-03-13T14:41:58.341-0400] {processor.py:743} INFO - Processing file /Users/admin/opt/anaconda3/envs/python-airflow-venv/lib/python3.10/site-packages/airflow/example_dags/example_latest_only_with_trigger.py for tasks to queue
[2023-03-13T14:41:58.341-0400] {logging_mixin.py:137} INFO - [2023-03-13T14:41:58.341-0400] {dagbag.py:538} INFO - Filling up the DagBag from /Users/admin/opt/anaconda3/envs/python-airflow-venv/lib/python3.10/site-packages/airflow/example_dags/example_latest_only_with_trigger.py
[2023-03-13T14:41:58.394-0400] {processor.py:753} INFO - DAG(s) dict_keys(['latest_only_with_trigger']) retrieved from /Users/admin/opt/anaconda3/envs/python-airflow-venv/lib/python3.10/site-packages/airflow/example_dags/example_latest_only_with_trigger.py
[2023-03-13T14:41:58.449-0400] {logging_mixin.py:137} WARNING - /Users/admin/opt/anaconda3/envs/python-airflow-venv/lib/python3.10/site-packages/airflow/jobs/scheduler_job.py:124 DeprecationWarning: The processor_poll_interval option in [scheduler] has been renamed to scheduler_idle_sleep_time - the old setting has been used, but please update your config.
[2023-03-13T14:41:59.043-0400] {logging_mixin.py:137} INFO - [2023-03-13T14:41:59.043-0400] {dag.py:2690} INFO - Sync 1 DAGs
[2023-03-13T14:41:59.058-0400] {logging_mixin.py:137} INFO - [2023-03-13T14:41:59.057-0400] {dag.py:3437} INFO - Setting next_dagrun for latest_only_with_trigger to 2023-03-13T14:41:59.057761+00:00, run_after=2023-03-13T18:41:59.057761+00:00
[2023-03-13T14:41:59.075-0400] {processor.py:175} INFO - Processing /Users/admin/opt/anaconda3/envs/python-airflow-venv/lib/python3.10/site-packages/airflow/example_dags/example_latest_only_with_trigger.py took 0.741 seconds
[2023-03-13T14:44:26.131-0400] {logging_mixin.py:137} WARNING - /Users/admin/opt/anaconda3/envs/python-airflow-venv/lib/python3.10/site-packages/airflow/settings.py:337 DeprecationWarning: The sql_alchemy_pool_enabled option in [core] has been moved to the sql_alchemy_pool_enabled option in [database] - the old setting has been used, but please update your config.
[2023-03-13T14:44:26.136-0400] {logging_mixin.py:137} WARNING - /Users/admin/opt/anaconda3/envs/python-airflow-venv/lib/python3.10/site-packages/airflow/settings.py:400 DeprecationWarning: The sql_engine_encoding option in [core] has been moved to the sql_engine_encoding option in [database] - the old setting has been used, but please update your config.
[2023-03-13T14:44:26.136-0400] {processor.py:153} INFO - Started process (PID=14976) to work on /Users/admin/opt/anaconda3/envs/python-airflow-venv/lib/python3.10/site-packages/airflow/example_dags/example_latest_only_with_trigger.py
[2023-03-13T14:44:26.136-0400] {processor.py:743} INFO - Processing file /Users/admin/opt/anaconda3/envs/python-airflow-venv/lib/python3.10/site-packages/airflow/example_dags/example_latest_only_with_trigger.py for tasks to queue
[2023-03-13T14:44:26.137-0400] {logging_mixin.py:137} INFO - [2023-03-13T14:44:26.137-0400] {dagbag.py:538} INFO - Filling up the DagBag from /Users/admin/opt/anaconda3/envs/python-airflow-venv/lib/python3.10/site-packages/airflow/example_dags/example_latest_only_with_trigger.py
[2023-03-13T14:44:26.188-0400] {processor.py:753} INFO - DAG(s) dict_keys(['latest_only_with_trigger']) retrieved from /Users/admin/opt/anaconda3/envs/python-airflow-venv/lib/python3.10/site-packages/airflow/example_dags/example_latest_only_with_trigger.py
[2023-03-13T14:44:26.242-0400] {logging_mixin.py:137} WARNING - /Users/admin/opt/anaconda3/envs/python-airflow-venv/lib/python3.10/site-packages/airflow/jobs/scheduler_job.py:124 DeprecationWarning: The processor_poll_interval option in [scheduler] has been renamed to scheduler_idle_sleep_time - the old setting has been used, but please update your config.
[2023-03-13T14:44:26.820-0400] {logging_mixin.py:137} INFO - [2023-03-13T14:44:26.820-0400] {dag.py:2690} INFO - Sync 1 DAGs
[2023-03-13T14:44:26.834-0400] {logging_mixin.py:137} INFO - [2023-03-13T14:44:26.834-0400] {dag.py:3437} INFO - Setting next_dagrun for latest_only_with_trigger to 2023-03-13T14:44:26.834561+00:00, run_after=2023-03-13T18:44:26.834561+00:00
[2023-03-13T14:44:26.855-0400] {processor.py:175} INFO - Processing /Users/admin/opt/anaconda3/envs/python-airflow-venv/lib/python3.10/site-packages/airflow/example_dags/example_latest_only_with_trigger.py took 0.725 seconds
[2023-03-13T14:56:39.553-0400] {logging_mixin.py:137} WARNING - /Users/admin/opt/anaconda3/envs/python-airflow-venv/lib/python3.10/site-packages/airflow/settings.py:337 DeprecationWarning: The sql_alchemy_pool_enabled option in [core] has been moved to the sql_alchemy_pool_enabled option in [database] - the old setting has been used, but please update your config.
[2023-03-13T14:56:39.557-0400] {logging_mixin.py:137} WARNING - /Users/admin/opt/anaconda3/envs/python-airflow-venv/lib/python3.10/site-packages/airflow/settings.py:400 DeprecationWarning: The sql_engine_encoding option in [core] has been moved to the sql_engine_encoding option in [database] - the old setting has been used, but please update your config.
[2023-03-13T14:56:39.558-0400] {processor.py:153} INFO - Started process (PID=15160) to work on /Users/admin/opt/anaconda3/envs/python-airflow-venv/lib/python3.10/site-packages/airflow/example_dags/example_latest_only_with_trigger.py
[2023-03-13T14:56:39.558-0400] {processor.py:743} INFO - Processing file /Users/admin/opt/anaconda3/envs/python-airflow-venv/lib/python3.10/site-packages/airflow/example_dags/example_latest_only_with_trigger.py for tasks to queue
[2023-03-13T14:56:39.559-0400] {logging_mixin.py:137} INFO - [2023-03-13T14:56:39.559-0400] {dagbag.py:538} INFO - Filling up the DagBag from /Users/admin/opt/anaconda3/envs/python-airflow-venv/lib/python3.10/site-packages/airflow/example_dags/example_latest_only_with_trigger.py
[2023-03-13T14:56:39.607-0400] {processor.py:753} INFO - DAG(s) dict_keys(['latest_only_with_trigger']) retrieved from /Users/admin/opt/anaconda3/envs/python-airflow-venv/lib/python3.10/site-packages/airflow/example_dags/example_latest_only_with_trigger.py
[2023-03-13T14:56:39.661-0400] {logging_mixin.py:137} WARNING - /Users/admin/opt/anaconda3/envs/python-airflow-venv/lib/python3.10/site-packages/airflow/jobs/scheduler_job.py:124 DeprecationWarning: The processor_poll_interval option in [scheduler] has been renamed to scheduler_idle_sleep_time - the old setting has been used, but please update your config.
[2023-03-13T14:56:40.240-0400] {logging_mixin.py:137} INFO - [2023-03-13T14:56:40.240-0400] {dag.py:2690} INFO - Sync 1 DAGs
[2023-03-13T14:56:40.254-0400] {logging_mixin.py:137} INFO - [2023-03-13T14:56:40.254-0400] {dag.py:3437} INFO - Setting next_dagrun for latest_only_with_trigger to 2023-03-13T14:56:40.254333+00:00, run_after=2023-03-13T18:56:40.254333+00:00
[2023-03-13T14:56:40.275-0400] {processor.py:175} INFO - Processing /Users/admin/opt/anaconda3/envs/python-airflow-venv/lib/python3.10/site-packages/airflow/example_dags/example_latest_only_with_trigger.py took 0.723 seconds
[2023-03-13T14:58:33.345-0400] {logging_mixin.py:137} WARNING - /Users/admin/opt/anaconda3/envs/python-airflow-venv/lib/python3.10/site-packages/airflow/settings.py:337 DeprecationWarning: The sql_alchemy_pool_enabled option in [core] has been moved to the sql_alchemy_pool_enabled option in [database] - the old setting has been used, but please update your config.
[2023-03-13T14:58:33.349-0400] {logging_mixin.py:137} WARNING - /Users/admin/opt/anaconda3/envs/python-airflow-venv/lib/python3.10/site-packages/airflow/settings.py:400 DeprecationWarning: The sql_engine_encoding option in [core] has been moved to the sql_engine_encoding option in [database] - the old setting has been used, but please update your config.
[2023-03-13T14:58:33.350-0400] {processor.py:153} INFO - Started process (PID=15210) to work on /Users/admin/opt/anaconda3/envs/python-airflow-venv/lib/python3.10/site-packages/airflow/example_dags/example_latest_only_with_trigger.py
[2023-03-13T14:58:33.350-0400] {processor.py:743} INFO - Processing file /Users/admin/opt/anaconda3/envs/python-airflow-venv/lib/python3.10/site-packages/airflow/example_dags/example_latest_only_with_trigger.py for tasks to queue
[2023-03-13T14:58:33.351-0400] {logging_mixin.py:137} INFO - [2023-03-13T14:58:33.351-0400] {dagbag.py:538} INFO - Filling up the DagBag from /Users/admin/opt/anaconda3/envs/python-airflow-venv/lib/python3.10/site-packages/airflow/example_dags/example_latest_only_with_trigger.py
[2023-03-13T14:58:33.402-0400] {processor.py:753} INFO - DAG(s) dict_keys(['latest_only_with_trigger']) retrieved from /Users/admin/opt/anaconda3/envs/python-airflow-venv/lib/python3.10/site-packages/airflow/example_dags/example_latest_only_with_trigger.py
[2023-03-13T14:58:33.456-0400] {logging_mixin.py:137} WARNING - /Users/admin/opt/anaconda3/envs/python-airflow-venv/lib/python3.10/site-packages/airflow/jobs/scheduler_job.py:124 DeprecationWarning: The processor_poll_interval option in [scheduler] has been renamed to scheduler_idle_sleep_time - the old setting has been used, but please update your config.
[2023-03-13T14:58:34.056-0400] {logging_mixin.py:137} INFO - [2023-03-13T14:58:34.055-0400] {dag.py:2690} INFO - Sync 1 DAGs
[2023-03-13T14:58:34.071-0400] {logging_mixin.py:137} INFO - [2023-03-13T14:58:34.071-0400] {dag.py:3437} INFO - Setting next_dagrun for latest_only_with_trigger to 2023-03-13T14:58:34.070911+00:00, run_after=2023-03-13T18:58:34.070911+00:00
[2023-03-13T14:58:34.088-0400] {processor.py:175} INFO - Processing /Users/admin/opt/anaconda3/envs/python-airflow-venv/lib/python3.10/site-packages/airflow/example_dags/example_latest_only_with_trigger.py took 0.745 seconds
[2023-03-13T15:00:28.120-0400] {logging_mixin.py:137} WARNING - /Users/admin/opt/anaconda3/envs/python-airflow-venv/lib/python3.10/site-packages/airflow/settings.py:337 DeprecationWarning: The sql_alchemy_pool_enabled option in [core] has been moved to the sql_alchemy_pool_enabled option in [database] - the old setting has been used, but please update your config.
[2023-03-13T15:00:28.124-0400] {logging_mixin.py:137} WARNING - /Users/admin/opt/anaconda3/envs/python-airflow-venv/lib/python3.10/site-packages/airflow/settings.py:400 DeprecationWarning: The sql_engine_encoding option in [core] has been moved to the sql_engine_encoding option in [database] - the old setting has been used, but please update your config.
[2023-03-13T15:00:28.125-0400] {processor.py:153} INFO - Started process (PID=15266) to work on /Users/admin/opt/anaconda3/envs/python-airflow-venv/lib/python3.10/site-packages/airflow/example_dags/example_latest_only_with_trigger.py
[2023-03-13T15:00:28.125-0400] {processor.py:743} INFO - Processing file /Users/admin/opt/anaconda3/envs/python-airflow-venv/lib/python3.10/site-packages/airflow/example_dags/example_latest_only_with_trigger.py for tasks to queue
[2023-03-13T15:00:28.126-0400] {logging_mixin.py:137} INFO - [2023-03-13T15:00:28.125-0400] {dagbag.py:538} INFO - Filling up the DagBag from /Users/admin/opt/anaconda3/envs/python-airflow-venv/lib/python3.10/site-packages/airflow/example_dags/example_latest_only_with_trigger.py
[2023-03-13T15:00:28.173-0400] {processor.py:753} INFO - DAG(s) dict_keys(['latest_only_with_trigger']) retrieved from /Users/admin/opt/anaconda3/envs/python-airflow-venv/lib/python3.10/site-packages/airflow/example_dags/example_latest_only_with_trigger.py
[2023-03-13T15:00:28.227-0400] {logging_mixin.py:137} WARNING - /Users/admin/opt/anaconda3/envs/python-airflow-venv/lib/python3.10/site-packages/airflow/jobs/scheduler_job.py:124 DeprecationWarning: The processor_poll_interval option in [scheduler] has been renamed to scheduler_idle_sleep_time - the old setting has been used, but please update your config.
[2023-03-13T15:00:28.802-0400] {logging_mixin.py:137} INFO - [2023-03-13T15:00:28.801-0400] {dag.py:2690} INFO - Sync 1 DAGs
[2023-03-13T15:00:28.816-0400] {logging_mixin.py:137} INFO - [2023-03-13T15:00:28.816-0400] {dag.py:3437} INFO - Setting next_dagrun for latest_only_with_trigger to 2023-03-13T15:00:28.816154+00:00, run_after=2023-03-13T19:00:28.816154+00:00
[2023-03-13T15:00:28.837-0400] {processor.py:175} INFO - Processing /Users/admin/opt/anaconda3/envs/python-airflow-venv/lib/python3.10/site-packages/airflow/example_dags/example_latest_only_with_trigger.py took 0.718 seconds
[2023-03-13T15:02:22.724-0400] {logging_mixin.py:137} WARNING - /Users/admin/opt/anaconda3/envs/python-airflow-venv/lib/python3.10/site-packages/airflow/settings.py:337 DeprecationWarning: The sql_alchemy_pool_enabled option in [core] has been moved to the sql_alchemy_pool_enabled option in [database] - the old setting has been used, but please update your config.
[2023-03-13T15:02:22.729-0400] {logging_mixin.py:137} WARNING - /Users/admin/opt/anaconda3/envs/python-airflow-venv/lib/python3.10/site-packages/airflow/settings.py:400 DeprecationWarning: The sql_engine_encoding option in [core] has been moved to the sql_engine_encoding option in [database] - the old setting has been used, but please update your config.
[2023-03-13T15:02:22.729-0400] {processor.py:153} INFO - Started process (PID=15318) to work on /Users/admin/opt/anaconda3/envs/python-airflow-venv/lib/python3.10/site-packages/airflow/example_dags/example_latest_only_with_trigger.py
[2023-03-13T15:02:22.729-0400] {processor.py:743} INFO - Processing file /Users/admin/opt/anaconda3/envs/python-airflow-venv/lib/python3.10/site-packages/airflow/example_dags/example_latest_only_with_trigger.py for tasks to queue
[2023-03-13T15:02:22.730-0400] {logging_mixin.py:137} INFO - [2023-03-13T15:02:22.730-0400] {dagbag.py:538} INFO - Filling up the DagBag from /Users/admin/opt/anaconda3/envs/python-airflow-venv/lib/python3.10/site-packages/airflow/example_dags/example_latest_only_with_trigger.py
[2023-03-13T15:02:22.782-0400] {processor.py:753} INFO - DAG(s) dict_keys(['latest_only_with_trigger']) retrieved from /Users/admin/opt/anaconda3/envs/python-airflow-venv/lib/python3.10/site-packages/airflow/example_dags/example_latest_only_with_trigger.py
[2023-03-13T15:02:22.838-0400] {logging_mixin.py:137} WARNING - /Users/admin/opt/anaconda3/envs/python-airflow-venv/lib/python3.10/site-packages/airflow/jobs/scheduler_job.py:124 DeprecationWarning: The processor_poll_interval option in [scheduler] has been renamed to scheduler_idle_sleep_time - the old setting has been used, but please update your config.
[2023-03-13T15:02:23.430-0400] {logging_mixin.py:137} INFO - [2023-03-13T15:02:23.430-0400] {dag.py:2690} INFO - Sync 1 DAGs
[2023-03-13T15:02:23.444-0400] {logging_mixin.py:137} INFO - [2023-03-13T15:02:23.444-0400] {dag.py:3437} INFO - Setting next_dagrun for latest_only_with_trigger to 2023-03-13T15:02:23.444697+00:00, run_after=2023-03-13T19:02:23.444697+00:00
[2023-03-13T15:02:23.462-0400] {processor.py:175} INFO - Processing /Users/admin/opt/anaconda3/envs/python-airflow-venv/lib/python3.10/site-packages/airflow/example_dags/example_latest_only_with_trigger.py took 0.738 seconds
[2023-03-13T15:04:17.981-0400] {logging_mixin.py:137} WARNING - /Users/admin/opt/anaconda3/envs/python-airflow-venv/lib/python3.10/site-packages/airflow/settings.py:337 DeprecationWarning: The sql_alchemy_pool_enabled option in [core] has been moved to the sql_alchemy_pool_enabled option in [database] - the old setting has been used, but please update your config.
[2023-03-13T15:04:17.987-0400] {logging_mixin.py:137} WARNING - /Users/admin/opt/anaconda3/envs/python-airflow-venv/lib/python3.10/site-packages/airflow/settings.py:400 DeprecationWarning: The sql_engine_encoding option in [core] has been moved to the sql_engine_encoding option in [database] - the old setting has been used, but please update your config.
[2023-03-13T15:04:17.988-0400] {processor.py:153} INFO - Started process (PID=15371) to work on /Users/admin/opt/anaconda3/envs/python-airflow-venv/lib/python3.10/site-packages/airflow/example_dags/example_latest_only_with_trigger.py
[2023-03-13T15:04:17.988-0400] {processor.py:743} INFO - Processing file /Users/admin/opt/anaconda3/envs/python-airflow-venv/lib/python3.10/site-packages/airflow/example_dags/example_latest_only_with_trigger.py for tasks to queue
[2023-03-13T15:04:17.988-0400] {logging_mixin.py:137} INFO - [2023-03-13T15:04:17.988-0400] {dagbag.py:538} INFO - Filling up the DagBag from /Users/admin/opt/anaconda3/envs/python-airflow-venv/lib/python3.10/site-packages/airflow/example_dags/example_latest_only_with_trigger.py
[2023-03-13T15:04:18.041-0400] {processor.py:753} INFO - DAG(s) dict_keys(['latest_only_with_trigger']) retrieved from /Users/admin/opt/anaconda3/envs/python-airflow-venv/lib/python3.10/site-packages/airflow/example_dags/example_latest_only_with_trigger.py
[2023-03-13T15:04:18.097-0400] {logging_mixin.py:137} WARNING - /Users/admin/opt/anaconda3/envs/python-airflow-venv/lib/python3.10/site-packages/airflow/jobs/scheduler_job.py:124 DeprecationWarning: The processor_poll_interval option in [scheduler] has been renamed to scheduler_idle_sleep_time - the old setting has been used, but please update your config.
[2023-03-13T15:04:18.704-0400] {logging_mixin.py:137} INFO - [2023-03-13T15:04:18.704-0400] {dag.py:2690} INFO - Sync 1 DAGs
[2023-03-13T15:04:18.718-0400] {logging_mixin.py:137} INFO - [2023-03-13T15:04:18.718-0400] {dag.py:3437} INFO - Setting next_dagrun for latest_only_with_trigger to 2023-03-13T15:04:18.718415+00:00, run_after=2023-03-13T19:04:18.718415+00:00
[2023-03-13T15:04:18.732-0400] {processor.py:175} INFO - Processing /Users/admin/opt/anaconda3/envs/python-airflow-venv/lib/python3.10/site-packages/airflow/example_dags/example_latest_only_with_trigger.py took 0.752 seconds
[2023-03-13T15:06:13.062-0400] {logging_mixin.py:137} WARNING - /Users/admin/opt/anaconda3/envs/python-airflow-venv/lib/python3.10/site-packages/airflow/settings.py:337 DeprecationWarning: The sql_alchemy_pool_enabled option in [core] has been moved to the sql_alchemy_pool_enabled option in [database] - the old setting has been used, but please update your config.
[2023-03-13T15:06:13.067-0400] {logging_mixin.py:137} WARNING - /Users/admin/opt/anaconda3/envs/python-airflow-venv/lib/python3.10/site-packages/airflow/settings.py:400 DeprecationWarning: The sql_engine_encoding option in [core] has been moved to the sql_engine_encoding option in [database] - the old setting has been used, but please update your config.
[2023-03-13T15:06:13.067-0400] {processor.py:153} INFO - Started process (PID=15441) to work on /Users/admin/opt/anaconda3/envs/python-airflow-venv/lib/python3.10/site-packages/airflow/example_dags/example_latest_only_with_trigger.py
[2023-03-13T15:06:13.068-0400] {processor.py:743} INFO - Processing file /Users/admin/opt/anaconda3/envs/python-airflow-venv/lib/python3.10/site-packages/airflow/example_dags/example_latest_only_with_trigger.py for tasks to queue
[2023-03-13T15:06:13.068-0400] {logging_mixin.py:137} INFO - [2023-03-13T15:06:13.068-0400] {dagbag.py:538} INFO - Filling up the DagBag from /Users/admin/opt/anaconda3/envs/python-airflow-venv/lib/python3.10/site-packages/airflow/example_dags/example_latest_only_with_trigger.py
[2023-03-13T15:06:13.117-0400] {processor.py:753} INFO - DAG(s) dict_keys(['latest_only_with_trigger']) retrieved from /Users/admin/opt/anaconda3/envs/python-airflow-venv/lib/python3.10/site-packages/airflow/example_dags/example_latest_only_with_trigger.py
[2023-03-13T15:06:13.172-0400] {logging_mixin.py:137} WARNING - /Users/admin/opt/anaconda3/envs/python-airflow-venv/lib/python3.10/site-packages/airflow/jobs/scheduler_job.py:124 DeprecationWarning: The processor_poll_interval option in [scheduler] has been renamed to scheduler_idle_sleep_time - the old setting has been used, but please update your config.
[2023-03-13T15:06:13.793-0400] {logging_mixin.py:137} INFO - [2023-03-13T15:06:13.792-0400] {dag.py:2690} INFO - Sync 1 DAGs
[2023-03-13T15:06:13.807-0400] {logging_mixin.py:137} INFO - [2023-03-13T15:06:13.807-0400] {dag.py:3437} INFO - Setting next_dagrun for latest_only_with_trigger to 2023-03-13T15:06:13.807184+00:00, run_after=2023-03-13T19:06:13.807184+00:00
[2023-03-13T15:06:13.824-0400] {processor.py:175} INFO - Processing /Users/admin/opt/anaconda3/envs/python-airflow-venv/lib/python3.10/site-packages/airflow/example_dags/example_latest_only_with_trigger.py took 0.763 seconds
[2023-03-13T15:08:07.846-0400] {logging_mixin.py:137} WARNING - /Users/admin/opt/anaconda3/envs/python-airflow-venv/lib/python3.10/site-packages/airflow/settings.py:337 DeprecationWarning: The sql_alchemy_pool_enabled option in [core] has been moved to the sql_alchemy_pool_enabled option in [database] - the old setting has been used, but please update your config.
[2023-03-13T15:08:07.850-0400] {logging_mixin.py:137} WARNING - /Users/admin/opt/anaconda3/envs/python-airflow-venv/lib/python3.10/site-packages/airflow/settings.py:400 DeprecationWarning: The sql_engine_encoding option in [core] has been moved to the sql_engine_encoding option in [database] - the old setting has been used, but please update your config.
[2023-03-13T15:08:07.851-0400] {processor.py:153} INFO - Started process (PID=15509) to work on /Users/admin/opt/anaconda3/envs/python-airflow-venv/lib/python3.10/site-packages/airflow/example_dags/example_latest_only_with_trigger.py
[2023-03-13T15:08:07.851-0400] {processor.py:743} INFO - Processing file /Users/admin/opt/anaconda3/envs/python-airflow-venv/lib/python3.10/site-packages/airflow/example_dags/example_latest_only_with_trigger.py for tasks to queue
[2023-03-13T15:08:07.851-0400] {logging_mixin.py:137} INFO - [2023-03-13T15:08:07.851-0400] {dagbag.py:538} INFO - Filling up the DagBag from /Users/admin/opt/anaconda3/envs/python-airflow-venv/lib/python3.10/site-packages/airflow/example_dags/example_latest_only_with_trigger.py
[2023-03-13T15:08:07.900-0400] {processor.py:753} INFO - DAG(s) dict_keys(['latest_only_with_trigger']) retrieved from /Users/admin/opt/anaconda3/envs/python-airflow-venv/lib/python3.10/site-packages/airflow/example_dags/example_latest_only_with_trigger.py
[2023-03-13T15:08:07.954-0400] {logging_mixin.py:137} WARNING - /Users/admin/opt/anaconda3/envs/python-airflow-venv/lib/python3.10/site-packages/airflow/jobs/scheduler_job.py:124 DeprecationWarning: The processor_poll_interval option in [scheduler] has been renamed to scheduler_idle_sleep_time - the old setting has been used, but please update your config.
[2023-03-13T15:08:08.529-0400] {logging_mixin.py:137} INFO - [2023-03-13T15:08:08.529-0400] {dag.py:2690} INFO - Sync 1 DAGs
[2023-03-13T15:08:08.543-0400] {logging_mixin.py:137} INFO - [2023-03-13T15:08:08.543-0400] {dag.py:3437} INFO - Setting next_dagrun for latest_only_with_trigger to 2023-03-13T15:08:08.543418+00:00, run_after=2023-03-13T19:08:08.543418+00:00
[2023-03-13T15:08:08.563-0400] {processor.py:175} INFO - Processing /Users/admin/opt/anaconda3/envs/python-airflow-venv/lib/python3.10/site-packages/airflow/example_dags/example_latest_only_with_trigger.py took 0.719 seconds
[2023-03-13T15:10:00.939-0400] {logging_mixin.py:137} WARNING - /Users/admin/opt/anaconda3/envs/python-airflow-venv/lib/python3.10/site-packages/airflow/settings.py:337 DeprecationWarning: The sql_alchemy_pool_enabled option in [core] has been moved to the sql_alchemy_pool_enabled option in [database] - the old setting has been used, but please update your config.
[2023-03-13T15:10:00.944-0400] {logging_mixin.py:137} WARNING - /Users/admin/opt/anaconda3/envs/python-airflow-venv/lib/python3.10/site-packages/airflow/settings.py:400 DeprecationWarning: The sql_engine_encoding option in [core] has been moved to the sql_engine_encoding option in [database] - the old setting has been used, but please update your config.
[2023-03-13T15:10:00.944-0400] {processor.py:153} INFO - Started process (PID=15559) to work on /Users/admin/opt/anaconda3/envs/python-airflow-venv/lib/python3.10/site-packages/airflow/example_dags/example_latest_only_with_trigger.py
[2023-03-13T15:10:00.945-0400] {processor.py:743} INFO - Processing file /Users/admin/opt/anaconda3/envs/python-airflow-venv/lib/python3.10/site-packages/airflow/example_dags/example_latest_only_with_trigger.py for tasks to queue
[2023-03-13T15:10:00.945-0400] {logging_mixin.py:137} INFO - [2023-03-13T15:10:00.945-0400] {dagbag.py:538} INFO - Filling up the DagBag from /Users/admin/opt/anaconda3/envs/python-airflow-venv/lib/python3.10/site-packages/airflow/example_dags/example_latest_only_with_trigger.py
[2023-03-13T15:10:00.991-0400] {processor.py:753} INFO - DAG(s) dict_keys(['latest_only_with_trigger']) retrieved from /Users/admin/opt/anaconda3/envs/python-airflow-venv/lib/python3.10/site-packages/airflow/example_dags/example_latest_only_with_trigger.py
[2023-03-13T15:10:01.046-0400] {logging_mixin.py:137} WARNING - /Users/admin/opt/anaconda3/envs/python-airflow-venv/lib/python3.10/site-packages/airflow/jobs/scheduler_job.py:124 DeprecationWarning: The processor_poll_interval option in [scheduler] has been renamed to scheduler_idle_sleep_time - the old setting has been used, but please update your config.
[2023-03-13T15:10:01.622-0400] {logging_mixin.py:137} INFO - [2023-03-13T15:10:01.621-0400] {dag.py:2690} INFO - Sync 1 DAGs
[2023-03-13T15:10:01.636-0400] {logging_mixin.py:137} INFO - [2023-03-13T15:10:01.636-0400] {dag.py:3437} INFO - Setting next_dagrun for latest_only_with_trigger to 2023-03-13T15:10:01.635905+00:00, run_after=2023-03-13T19:10:01.635905+00:00
[2023-03-13T15:10:01.652-0400] {processor.py:175} INFO - Processing /Users/admin/opt/anaconda3/envs/python-airflow-venv/lib/python3.10/site-packages/airflow/example_dags/example_latest_only_with_trigger.py took 0.714 seconds
[2023-03-13T15:11:55.265-0400] {logging_mixin.py:137} WARNING - /Users/admin/opt/anaconda3/envs/python-airflow-venv/lib/python3.10/site-packages/airflow/settings.py:337 DeprecationWarning: The sql_alchemy_pool_enabled option in [core] has been moved to the sql_alchemy_pool_enabled option in [database] - the old setting has been used, but please update your config.
[2023-03-13T15:11:55.270-0400] {logging_mixin.py:137} WARNING - /Users/admin/opt/anaconda3/envs/python-airflow-venv/lib/python3.10/site-packages/airflow/settings.py:400 DeprecationWarning: The sql_engine_encoding option in [core] has been moved to the sql_engine_encoding option in [database] - the old setting has been used, but please update your config.
[2023-03-13T15:11:55.271-0400] {processor.py:153} INFO - Started process (PID=15609) to work on /Users/admin/opt/anaconda3/envs/python-airflow-venv/lib/python3.10/site-packages/airflow/example_dags/example_latest_only_with_trigger.py
[2023-03-13T15:11:55.271-0400] {processor.py:743} INFO - Processing file /Users/admin/opt/anaconda3/envs/python-airflow-venv/lib/python3.10/site-packages/airflow/example_dags/example_latest_only_with_trigger.py for tasks to queue
[2023-03-13T15:11:55.271-0400] {logging_mixin.py:137} INFO - [2023-03-13T15:11:55.271-0400] {dagbag.py:538} INFO - Filling up the DagBag from /Users/admin/opt/anaconda3/envs/python-airflow-venv/lib/python3.10/site-packages/airflow/example_dags/example_latest_only_with_trigger.py
[2023-03-13T15:11:55.322-0400] {processor.py:753} INFO - DAG(s) dict_keys(['latest_only_with_trigger']) retrieved from /Users/admin/opt/anaconda3/envs/python-airflow-venv/lib/python3.10/site-packages/airflow/example_dags/example_latest_only_with_trigger.py
[2023-03-13T15:11:55.377-0400] {logging_mixin.py:137} WARNING - /Users/admin/opt/anaconda3/envs/python-airflow-venv/lib/python3.10/site-packages/airflow/jobs/scheduler_job.py:124 DeprecationWarning: The processor_poll_interval option in [scheduler] has been renamed to scheduler_idle_sleep_time - the old setting has been used, but please update your config.
[2023-03-13T15:11:55.958-0400] {logging_mixin.py:137} INFO - [2023-03-13T15:11:55.958-0400] {dag.py:2690} INFO - Sync 1 DAGs
[2023-03-13T15:11:55.972-0400] {logging_mixin.py:137} INFO - [2023-03-13T15:11:55.972-0400] {dag.py:3437} INFO - Setting next_dagrun for latest_only_with_trigger to 2023-03-13T15:11:55.972233+00:00, run_after=2023-03-13T19:11:55.972233+00:00
[2023-03-13T15:11:55.989-0400] {processor.py:175} INFO - Processing /Users/admin/opt/anaconda3/envs/python-airflow-venv/lib/python3.10/site-packages/airflow/example_dags/example_latest_only_with_trigger.py took 0.724 seconds
[2023-03-13T15:43:53.768-0400] {logging_mixin.py:137} WARNING - /Users/admin/opt/anaconda3/envs/python-airflow-venv/lib/python3.10/site-packages/airflow/settings.py:337 DeprecationWarning: The sql_alchemy_pool_enabled option in [core] has been moved to the sql_alchemy_pool_enabled option in [database] - the old setting has been used, but please update your config.
[2023-03-13T15:43:53.775-0400] {logging_mixin.py:137} WARNING - /Users/admin/opt/anaconda3/envs/python-airflow-venv/lib/python3.10/site-packages/airflow/settings.py:400 DeprecationWarning: The sql_engine_encoding option in [core] has been moved to the sql_engine_encoding option in [database] - the old setting has been used, but please update your config.
[2023-03-13T15:43:53.776-0400] {processor.py:153} INFO - Started process (PID=15683) to work on /Users/admin/opt/anaconda3/envs/python-airflow-venv/lib/python3.10/site-packages/airflow/example_dags/example_latest_only_with_trigger.py
[2023-03-13T15:43:53.776-0400] {processor.py:743} INFO - Processing file /Users/admin/opt/anaconda3/envs/python-airflow-venv/lib/python3.10/site-packages/airflow/example_dags/example_latest_only_with_trigger.py for tasks to queue
[2023-03-13T15:43:53.777-0400] {logging_mixin.py:137} INFO - [2023-03-13T15:43:53.777-0400] {dagbag.py:538} INFO - Filling up the DagBag from /Users/admin/opt/anaconda3/envs/python-airflow-venv/lib/python3.10/site-packages/airflow/example_dags/example_latest_only_with_trigger.py
[2023-03-13T15:43:53.825-0400] {processor.py:753} INFO - DAG(s) dict_keys(['latest_only_with_trigger']) retrieved from /Users/admin/opt/anaconda3/envs/python-airflow-venv/lib/python3.10/site-packages/airflow/example_dags/example_latest_only_with_trigger.py
[2023-03-13T15:43:53.886-0400] {logging_mixin.py:137} WARNING - /Users/admin/opt/anaconda3/envs/python-airflow-venv/lib/python3.10/site-packages/airflow/jobs/scheduler_job.py:124 DeprecationWarning: The processor_poll_interval option in [scheduler] has been renamed to scheduler_idle_sleep_time - the old setting has been used, but please update your config.
[2023-03-13T15:43:54.569-0400] {logging_mixin.py:137} INFO - [2023-03-13T15:43:54.569-0400] {dag.py:2690} INFO - Sync 1 DAGs
[2023-03-13T15:43:54.588-0400] {logging_mixin.py:137} INFO - [2023-03-13T15:43:54.588-0400] {dag.py:3437} INFO - Setting next_dagrun for latest_only_with_trigger to 2023-03-13T15:43:54.588334+00:00, run_after=2023-03-13T19:43:54.588334+00:00
[2023-03-13T15:43:54.608-0400] {processor.py:175} INFO - Processing /Users/admin/opt/anaconda3/envs/python-airflow-venv/lib/python3.10/site-packages/airflow/example_dags/example_latest_only_with_trigger.py took 0.841 seconds
[2023-03-13T15:45:56.968-0400] {logging_mixin.py:137} WARNING - /Users/admin/opt/anaconda3/envs/python-airflow-venv/lib/python3.10/site-packages/airflow/settings.py:337 DeprecationWarning: The sql_alchemy_pool_enabled option in [core] has been moved to the sql_alchemy_pool_enabled option in [database] - the old setting has been used, but please update your config.
[2023-03-13T15:45:56.972-0400] {logging_mixin.py:137} WARNING - /Users/admin/opt/anaconda3/envs/python-airflow-venv/lib/python3.10/site-packages/airflow/settings.py:400 DeprecationWarning: The sql_engine_encoding option in [core] has been moved to the sql_engine_encoding option in [database] - the old setting has been used, but please update your config.
[2023-03-13T15:45:56.973-0400] {processor.py:153} INFO - Started process (PID=15748) to work on /Users/admin/opt/anaconda3/envs/python-airflow-venv/lib/python3.10/site-packages/airflow/example_dags/example_latest_only_with_trigger.py
[2023-03-13T15:45:56.973-0400] {processor.py:743} INFO - Processing file /Users/admin/opt/anaconda3/envs/python-airflow-venv/lib/python3.10/site-packages/airflow/example_dags/example_latest_only_with_trigger.py for tasks to queue
[2023-03-13T15:45:56.974-0400] {logging_mixin.py:137} INFO - [2023-03-13T15:45:56.974-0400] {dagbag.py:538} INFO - Filling up the DagBag from /Users/admin/opt/anaconda3/envs/python-airflow-venv/lib/python3.10/site-packages/airflow/example_dags/example_latest_only_with_trigger.py
[2023-03-13T15:45:57.018-0400] {processor.py:753} INFO - DAG(s) dict_keys(['latest_only_with_trigger']) retrieved from /Users/admin/opt/anaconda3/envs/python-airflow-venv/lib/python3.10/site-packages/airflow/example_dags/example_latest_only_with_trigger.py
[2023-03-13T15:45:57.071-0400] {logging_mixin.py:137} WARNING - /Users/admin/opt/anaconda3/envs/python-airflow-venv/lib/python3.10/site-packages/airflow/jobs/scheduler_job.py:124 DeprecationWarning: The processor_poll_interval option in [scheduler] has been renamed to scheduler_idle_sleep_time - the old setting has been used, but please update your config.
[2023-03-13T15:45:57.642-0400] {logging_mixin.py:137} INFO - [2023-03-13T15:45:57.642-0400] {dag.py:2690} INFO - Sync 1 DAGs
[2023-03-13T15:45:57.656-0400] {logging_mixin.py:137} INFO - [2023-03-13T15:45:57.656-0400] {dag.py:3437} INFO - Setting next_dagrun for latest_only_with_trigger to 2023-03-13T15:45:57.656637+00:00, run_after=2023-03-13T19:45:57.656637+00:00
[2023-03-13T15:45:57.673-0400] {processor.py:175} INFO - Processing /Users/admin/opt/anaconda3/envs/python-airflow-venv/lib/python3.10/site-packages/airflow/example_dags/example_latest_only_with_trigger.py took 0.706 seconds
[2023-03-13T15:48:00.088-0400] {logging_mixin.py:137} WARNING - /Users/admin/opt/anaconda3/envs/python-airflow-venv/lib/python3.10/site-packages/airflow/settings.py:337 DeprecationWarning: The sql_alchemy_pool_enabled option in [core] has been moved to the sql_alchemy_pool_enabled option in [database] - the old setting has been used, but please update your config.
[2023-03-13T15:48:00.095-0400] {logging_mixin.py:137} WARNING - /Users/admin/opt/anaconda3/envs/python-airflow-venv/lib/python3.10/site-packages/airflow/settings.py:400 DeprecationWarning: The sql_engine_encoding option in [core] has been moved to the sql_engine_encoding option in [database] - the old setting has been used, but please update your config.
[2023-03-13T15:48:00.096-0400] {processor.py:153} INFO - Started process (PID=15798) to work on /Users/admin/opt/anaconda3/envs/python-airflow-venv/lib/python3.10/site-packages/airflow/example_dags/example_latest_only_with_trigger.py
[2023-03-13T15:48:00.096-0400] {processor.py:743} INFO - Processing file /Users/admin/opt/anaconda3/envs/python-airflow-venv/lib/python3.10/site-packages/airflow/example_dags/example_latest_only_with_trigger.py for tasks to queue
[2023-03-13T15:48:00.097-0400] {logging_mixin.py:137} INFO - [2023-03-13T15:48:00.097-0400] {dagbag.py:538} INFO - Filling up the DagBag from /Users/admin/opt/anaconda3/envs/python-airflow-venv/lib/python3.10/site-packages/airflow/example_dags/example_latest_only_with_trigger.py
[2023-03-13T15:48:00.151-0400] {processor.py:753} INFO - DAG(s) dict_keys(['latest_only_with_trigger']) retrieved from /Users/admin/opt/anaconda3/envs/python-airflow-venv/lib/python3.10/site-packages/airflow/example_dags/example_latest_only_with_trigger.py
[2023-03-13T15:48:00.221-0400] {logging_mixin.py:137} WARNING - /Users/admin/opt/anaconda3/envs/python-airflow-venv/lib/python3.10/site-packages/airflow/jobs/scheduler_job.py:124 DeprecationWarning: The processor_poll_interval option in [scheduler] has been renamed to scheduler_idle_sleep_time - the old setting has been used, but please update your config.
[2023-03-13T15:48:00.998-0400] {logging_mixin.py:137} INFO - [2023-03-13T15:48:00.998-0400] {dag.py:2690} INFO - Sync 1 DAGs
[2023-03-13T15:48:01.016-0400] {logging_mixin.py:137} INFO - [2023-03-13T15:48:01.016-0400] {dag.py:3437} INFO - Setting next_dagrun for latest_only_with_trigger to 2023-03-13T15:48:01.016505+00:00, run_after=2023-03-13T19:48:01.016505+00:00
[2023-03-13T15:48:01.039-0400] {processor.py:175} INFO - Processing /Users/admin/opt/anaconda3/envs/python-airflow-venv/lib/python3.10/site-packages/airflow/example_dags/example_latest_only_with_trigger.py took 0.953 seconds
[2023-03-13T15:50:14.825-0400] {logging_mixin.py:137} WARNING - /Users/admin/opt/anaconda3/envs/python-airflow-venv/lib/python3.10/site-packages/airflow/settings.py:337 DeprecationWarning: The sql_alchemy_pool_enabled option in [core] has been moved to the sql_alchemy_pool_enabled option in [database] - the old setting has been used, but please update your config.
[2023-03-13T15:50:14.833-0400] {logging_mixin.py:137} WARNING - /Users/admin/opt/anaconda3/envs/python-airflow-venv/lib/python3.10/site-packages/airflow/settings.py:400 DeprecationWarning: The sql_engine_encoding option in [core] has been moved to the sql_engine_encoding option in [database] - the old setting has been used, but please update your config.
[2023-03-13T15:50:14.834-0400] {processor.py:153} INFO - Started process (PID=15851) to work on /Users/admin/opt/anaconda3/envs/python-airflow-venv/lib/python3.10/site-packages/airflow/example_dags/example_latest_only_with_trigger.py
[2023-03-13T15:50:14.834-0400] {processor.py:743} INFO - Processing file /Users/admin/opt/anaconda3/envs/python-airflow-venv/lib/python3.10/site-packages/airflow/example_dags/example_latest_only_with_trigger.py for tasks to queue
[2023-03-13T15:50:14.835-0400] {logging_mixin.py:137} INFO - [2023-03-13T15:50:14.835-0400] {dagbag.py:538} INFO - Filling up the DagBag from /Users/admin/opt/anaconda3/envs/python-airflow-venv/lib/python3.10/site-packages/airflow/example_dags/example_latest_only_with_trigger.py
[2023-03-13T15:50:14.891-0400] {processor.py:753} INFO - DAG(s) dict_keys(['latest_only_with_trigger']) retrieved from /Users/admin/opt/anaconda3/envs/python-airflow-venv/lib/python3.10/site-packages/airflow/example_dags/example_latest_only_with_trigger.py
[2023-03-13T15:50:14.964-0400] {logging_mixin.py:137} WARNING - /Users/admin/opt/anaconda3/envs/python-airflow-venv/lib/python3.10/site-packages/airflow/jobs/scheduler_job.py:124 DeprecationWarning: The processor_poll_interval option in [scheduler] has been renamed to scheduler_idle_sleep_time - the old setting has been used, but please update your config.
[2023-03-13T15:50:15.767-0400] {logging_mixin.py:137} INFO - [2023-03-13T15:50:15.767-0400] {dag.py:2690} INFO - Sync 1 DAGs
[2023-03-13T15:50:15.789-0400] {logging_mixin.py:137} INFO - [2023-03-13T15:50:15.788-0400] {dag.py:3437} INFO - Setting next_dagrun for latest_only_with_trigger to 2023-03-13T15:50:15.788811+00:00, run_after=2023-03-13T19:50:15.788811+00:00
[2023-03-13T15:50:15.811-0400] {processor.py:175} INFO - Processing /Users/admin/opt/anaconda3/envs/python-airflow-venv/lib/python3.10/site-packages/airflow/example_dags/example_latest_only_with_trigger.py took 0.988 seconds
[2023-03-13T15:52:32.254-0400] {logging_mixin.py:137} WARNING - /Users/admin/opt/anaconda3/envs/python-airflow-venv/lib/python3.10/site-packages/airflow/settings.py:337 DeprecationWarning: The sql_alchemy_pool_enabled option in [core] has been moved to the sql_alchemy_pool_enabled option in [database] - the old setting has been used, but please update your config.
[2023-03-13T15:52:32.260-0400] {logging_mixin.py:137} WARNING - /Users/admin/opt/anaconda3/envs/python-airflow-venv/lib/python3.10/site-packages/airflow/settings.py:400 DeprecationWarning: The sql_engine_encoding option in [core] has been moved to the sql_engine_encoding option in [database] - the old setting has been used, but please update your config.
[2023-03-13T15:52:32.261-0400] {processor.py:153} INFO - Started process (PID=15905) to work on /Users/admin/opt/anaconda3/envs/python-airflow-venv/lib/python3.10/site-packages/airflow/example_dags/example_latest_only_with_trigger.py
[2023-03-13T15:52:32.261-0400] {processor.py:743} INFO - Processing file /Users/admin/opt/anaconda3/envs/python-airflow-venv/lib/python3.10/site-packages/airflow/example_dags/example_latest_only_with_trigger.py for tasks to queue
[2023-03-13T15:52:32.261-0400] {logging_mixin.py:137} INFO - [2023-03-13T15:52:32.261-0400] {dagbag.py:538} INFO - Filling up the DagBag from /Users/admin/opt/anaconda3/envs/python-airflow-venv/lib/python3.10/site-packages/airflow/example_dags/example_latest_only_with_trigger.py
[2023-03-13T15:52:32.317-0400] {processor.py:753} INFO - DAG(s) dict_keys(['latest_only_with_trigger']) retrieved from /Users/admin/opt/anaconda3/envs/python-airflow-venv/lib/python3.10/site-packages/airflow/example_dags/example_latest_only_with_trigger.py
[2023-03-13T15:52:32.396-0400] {logging_mixin.py:137} WARNING - /Users/admin/opt/anaconda3/envs/python-airflow-venv/lib/python3.10/site-packages/airflow/jobs/scheduler_job.py:124 DeprecationWarning: The processor_poll_interval option in [scheduler] has been renamed to scheduler_idle_sleep_time - the old setting has been used, but please update your config.
[2023-03-13T15:52:33.195-0400] {logging_mixin.py:137} INFO - [2023-03-13T15:52:33.195-0400] {dag.py:2690} INFO - Sync 1 DAGs
[2023-03-13T15:52:33.213-0400] {logging_mixin.py:137} INFO - [2023-03-13T15:52:33.213-0400] {dag.py:3437} INFO - Setting next_dagrun for latest_only_with_trigger to 2023-03-13T15:52:33.213505+00:00, run_after=2023-03-13T19:52:33.213505+00:00
[2023-03-13T15:52:33.233-0400] {processor.py:175} INFO - Processing /Users/admin/opt/anaconda3/envs/python-airflow-venv/lib/python3.10/site-packages/airflow/example_dags/example_latest_only_with_trigger.py took 0.980 seconds
[2023-03-13T15:54:53.078-0400] {logging_mixin.py:137} WARNING - /Users/admin/opt/anaconda3/envs/python-airflow-venv/lib/python3.10/site-packages/airflow/settings.py:337 DeprecationWarning: The sql_alchemy_pool_enabled option in [core] has been moved to the sql_alchemy_pool_enabled option in [database] - the old setting has been used, but please update your config.
[2023-03-13T15:54:53.084-0400] {logging_mixin.py:137} WARNING - /Users/admin/opt/anaconda3/envs/python-airflow-venv/lib/python3.10/site-packages/airflow/settings.py:400 DeprecationWarning: The sql_engine_encoding option in [core] has been moved to the sql_engine_encoding option in [database] - the old setting has been used, but please update your config.
[2023-03-13T15:54:53.085-0400] {processor.py:153} INFO - Started process (PID=15958) to work on /Users/admin/opt/anaconda3/envs/python-airflow-venv/lib/python3.10/site-packages/airflow/example_dags/example_latest_only_with_trigger.py
[2023-03-13T15:54:53.086-0400] {processor.py:743} INFO - Processing file /Users/admin/opt/anaconda3/envs/python-airflow-venv/lib/python3.10/site-packages/airflow/example_dags/example_latest_only_with_trigger.py for tasks to queue
[2023-03-13T15:54:53.086-0400] {logging_mixin.py:137} INFO - [2023-03-13T15:54:53.086-0400] {dagbag.py:538} INFO - Filling up the DagBag from /Users/admin/opt/anaconda3/envs/python-airflow-venv/lib/python3.10/site-packages/airflow/example_dags/example_latest_only_with_trigger.py
[2023-03-13T15:54:53.144-0400] {processor.py:753} INFO - DAG(s) dict_keys(['latest_only_with_trigger']) retrieved from /Users/admin/opt/anaconda3/envs/python-airflow-venv/lib/python3.10/site-packages/airflow/example_dags/example_latest_only_with_trigger.py
[2023-03-13T15:54:53.221-0400] {logging_mixin.py:137} WARNING - /Users/admin/opt/anaconda3/envs/python-airflow-venv/lib/python3.10/site-packages/airflow/jobs/scheduler_job.py:124 DeprecationWarning: The processor_poll_interval option in [scheduler] has been renamed to scheduler_idle_sleep_time - the old setting has been used, but please update your config.
[2023-03-13T15:54:54.008-0400] {logging_mixin.py:137} INFO - [2023-03-13T15:54:54.008-0400] {dag.py:2690} INFO - Sync 1 DAGs
[2023-03-13T15:54:54.028-0400] {logging_mixin.py:137} INFO - [2023-03-13T15:54:54.028-0400] {dag.py:3437} INFO - Setting next_dagrun for latest_only_with_trigger to 2023-03-13T15:54:54.028327+00:00, run_after=2023-03-13T19:54:54.028327+00:00
[2023-03-13T15:54:54.048-0400] {processor.py:175} INFO - Processing /Users/admin/opt/anaconda3/envs/python-airflow-venv/lib/python3.10/site-packages/airflow/example_dags/example_latest_only_with_trigger.py took 0.971 seconds
[2023-03-13T15:57:25.925-0400] {logging_mixin.py:137} WARNING - /Users/admin/opt/anaconda3/envs/python-airflow-venv/lib/python3.10/site-packages/airflow/settings.py:337 DeprecationWarning: The sql_alchemy_pool_enabled option in [core] has been moved to the sql_alchemy_pool_enabled option in [database] - the old setting has been used, but please update your config.
[2023-03-13T15:57:25.937-0400] {logging_mixin.py:137} WARNING - /Users/admin/opt/anaconda3/envs/python-airflow-venv/lib/python3.10/site-packages/airflow/settings.py:400 DeprecationWarning: The sql_engine_encoding option in [core] has been moved to the sql_engine_encoding option in [database] - the old setting has been used, but please update your config.
[2023-03-13T15:57:25.939-0400] {processor.py:153} INFO - Started process (PID=16012) to work on /Users/admin/opt/anaconda3/envs/python-airflow-venv/lib/python3.10/site-packages/airflow/example_dags/example_latest_only_with_trigger.py
[2023-03-13T15:57:25.940-0400] {processor.py:743} INFO - Processing file /Users/admin/opt/anaconda3/envs/python-airflow-venv/lib/python3.10/site-packages/airflow/example_dags/example_latest_only_with_trigger.py for tasks to queue
[2023-03-13T15:57:25.941-0400] {logging_mixin.py:137} INFO - [2023-03-13T15:57:25.940-0400] {dagbag.py:538} INFO - Filling up the DagBag from /Users/admin/opt/anaconda3/envs/python-airflow-venv/lib/python3.10/site-packages/airflow/example_dags/example_latest_only_with_trigger.py
[2023-03-13T15:57:26.062-0400] {processor.py:753} INFO - DAG(s) dict_keys(['latest_only_with_trigger']) retrieved from /Users/admin/opt/anaconda3/envs/python-airflow-venv/lib/python3.10/site-packages/airflow/example_dags/example_latest_only_with_trigger.py
[2023-03-13T15:57:26.244-0400] {logging_mixin.py:137} WARNING - /Users/admin/opt/anaconda3/envs/python-airflow-venv/lib/python3.10/site-packages/airflow/jobs/scheduler_job.py:124 DeprecationWarning: The processor_poll_interval option in [scheduler] has been renamed to scheduler_idle_sleep_time - the old setting has been used, but please update your config.
[2023-03-13T15:57:27.936-0400] {logging_mixin.py:137} INFO - [2023-03-13T15:57:27.936-0400] {dag.py:2690} INFO - Sync 1 DAGs
[2023-03-13T15:57:27.980-0400] {logging_mixin.py:137} INFO - [2023-03-13T15:57:27.979-0400] {dag.py:3437} INFO - Setting next_dagrun for latest_only_with_trigger to 2023-03-13T15:57:27.979547+00:00, run_after=2023-03-13T19:57:27.979547+00:00
[2023-03-13T15:57:28.021-0400] {processor.py:175} INFO - Processing /Users/admin/opt/anaconda3/envs/python-airflow-venv/lib/python3.10/site-packages/airflow/example_dags/example_latest_only_with_trigger.py took 2.099 seconds
[2023-03-13T16:00:13.385-0400] {logging_mixin.py:137} WARNING - /Users/admin/opt/anaconda3/envs/python-airflow-venv/lib/python3.10/site-packages/airflow/settings.py:337 DeprecationWarning: The sql_alchemy_pool_enabled option in [core] has been moved to the sql_alchemy_pool_enabled option in [database] - the old setting has been used, but please update your config.
[2023-03-13T16:00:13.394-0400] {logging_mixin.py:137} WARNING - /Users/admin/opt/anaconda3/envs/python-airflow-venv/lib/python3.10/site-packages/airflow/settings.py:400 DeprecationWarning: The sql_engine_encoding option in [core] has been moved to the sql_engine_encoding option in [database] - the old setting has been used, but please update your config.
[2023-03-13T16:00:13.395-0400] {processor.py:153} INFO - Started process (PID=16075) to work on /Users/admin/opt/anaconda3/envs/python-airflow-venv/lib/python3.10/site-packages/airflow/example_dags/example_latest_only_with_trigger.py
[2023-03-13T16:00:13.395-0400] {processor.py:743} INFO - Processing file /Users/admin/opt/anaconda3/envs/python-airflow-venv/lib/python3.10/site-packages/airflow/example_dags/example_latest_only_with_trigger.py for tasks to queue
[2023-03-13T16:00:13.396-0400] {logging_mixin.py:137} INFO - [2023-03-13T16:00:13.396-0400] {dagbag.py:538} INFO - Filling up the DagBag from /Users/admin/opt/anaconda3/envs/python-airflow-venv/lib/python3.10/site-packages/airflow/example_dags/example_latest_only_with_trigger.py
[2023-03-13T16:00:13.474-0400] {processor.py:753} INFO - DAG(s) dict_keys(['latest_only_with_trigger']) retrieved from /Users/admin/opt/anaconda3/envs/python-airflow-venv/lib/python3.10/site-packages/airflow/example_dags/example_latest_only_with_trigger.py
[2023-03-13T16:00:13.584-0400] {logging_mixin.py:137} WARNING - /Users/admin/opt/anaconda3/envs/python-airflow-venv/lib/python3.10/site-packages/airflow/jobs/scheduler_job.py:124 DeprecationWarning: The processor_poll_interval option in [scheduler] has been renamed to scheduler_idle_sleep_time - the old setting has been used, but please update your config.
[2023-03-13T16:00:14.807-0400] {logging_mixin.py:137} INFO - [2023-03-13T16:00:14.807-0400] {dag.py:2690} INFO - Sync 1 DAGs
[2023-03-13T16:00:14.836-0400] {logging_mixin.py:137} INFO - [2023-03-13T16:00:14.836-0400] {dag.py:3437} INFO - Setting next_dagrun for latest_only_with_trigger to 2023-03-13T16:00:14.836441+00:00, run_after=2023-03-13T20:00:14.836441+00:00
[2023-03-13T16:00:14.870-0400] {processor.py:175} INFO - Processing /Users/admin/opt/anaconda3/envs/python-airflow-venv/lib/python3.10/site-packages/airflow/example_dags/example_latest_only_with_trigger.py took 1.486 seconds
[2023-03-13T16:04:02.522-0400] {logging_mixin.py:137} WARNING - /Users/admin/opt/anaconda3/envs/python-airflow-venv/lib/python3.10/site-packages/airflow/settings.py:337 DeprecationWarning: The sql_alchemy_pool_enabled option in [core] has been moved to the sql_alchemy_pool_enabled option in [database] - the old setting has been used, but please update your config.
[2023-03-13T16:04:02.537-0400] {logging_mixin.py:137} WARNING - /Users/admin/opt/anaconda3/envs/python-airflow-venv/lib/python3.10/site-packages/airflow/settings.py:400 DeprecationWarning: The sql_engine_encoding option in [core] has been moved to the sql_engine_encoding option in [database] - the old setting has been used, but please update your config.
[2023-03-13T16:04:02.540-0400] {processor.py:153} INFO - Started process (PID=16143) to work on /Users/admin/opt/anaconda3/envs/python-airflow-venv/lib/python3.10/site-packages/airflow/example_dags/example_latest_only_with_trigger.py
[2023-03-13T16:04:02.541-0400] {processor.py:743} INFO - Processing file /Users/admin/opt/anaconda3/envs/python-airflow-venv/lib/python3.10/site-packages/airflow/example_dags/example_latest_only_with_trigger.py for tasks to queue
[2023-03-13T16:04:02.542-0400] {logging_mixin.py:137} INFO - [2023-03-13T16:04:02.542-0400] {dagbag.py:538} INFO - Filling up the DagBag from /Users/admin/opt/anaconda3/envs/python-airflow-venv/lib/python3.10/site-packages/airflow/example_dags/example_latest_only_with_trigger.py
[2023-03-13T16:04:02.670-0400] {processor.py:753} INFO - DAG(s) dict_keys(['latest_only_with_trigger']) retrieved from /Users/admin/opt/anaconda3/envs/python-airflow-venv/lib/python3.10/site-packages/airflow/example_dags/example_latest_only_with_trigger.py
[2023-03-13T16:04:02.866-0400] {logging_mixin.py:137} WARNING - /Users/admin/opt/anaconda3/envs/python-airflow-venv/lib/python3.10/site-packages/airflow/jobs/scheduler_job.py:124 DeprecationWarning: The processor_poll_interval option in [scheduler] has been renamed to scheduler_idle_sleep_time - the old setting has been used, but please update your config.
[2023-03-13T16:04:06.519-0400] {logging_mixin.py:137} INFO - [2023-03-13T16:04:06.518-0400] {dag.py:2690} INFO - Sync 1 DAGs
[2023-03-13T16:04:06.569-0400] {logging_mixin.py:137} INFO - [2023-03-13T16:04:06.568-0400] {dag.py:3437} INFO - Setting next_dagrun for latest_only_with_trigger to 2023-03-13T16:04:06.568326+00:00, run_after=2023-03-13T20:04:06.568326+00:00
[2023-03-13T16:04:06.623-0400] {processor.py:175} INFO - Processing /Users/admin/opt/anaconda3/envs/python-airflow-venv/lib/python3.10/site-packages/airflow/example_dags/example_latest_only_with_trigger.py took 4.104 seconds
[2023-03-13T16:09:57.759-0400] {logging_mixin.py:137} WARNING - /Users/admin/opt/anaconda3/envs/python-airflow-venv/lib/python3.10/site-packages/airflow/settings.py:337 DeprecationWarning: The sql_alchemy_pool_enabled option in [core] has been moved to the sql_alchemy_pool_enabled option in [database] - the old setting has been used, but please update your config.
[2023-03-13T16:09:57.774-0400] {logging_mixin.py:137} WARNING - /Users/admin/opt/anaconda3/envs/python-airflow-venv/lib/python3.10/site-packages/airflow/settings.py:400 DeprecationWarning: The sql_engine_encoding option in [core] has been moved to the sql_engine_encoding option in [database] - the old setting has been used, but please update your config.
[2023-03-13T16:09:57.776-0400] {processor.py:153} INFO - Started process (PID=16213) to work on /Users/admin/opt/anaconda3/envs/python-airflow-venv/lib/python3.10/site-packages/airflow/example_dags/example_latest_only_with_trigger.py
[2023-03-13T16:09:57.777-0400] {processor.py:743} INFO - Processing file /Users/admin/opt/anaconda3/envs/python-airflow-venv/lib/python3.10/site-packages/airflow/example_dags/example_latest_only_with_trigger.py for tasks to queue
[2023-03-13T16:09:57.778-0400] {logging_mixin.py:137} INFO - [2023-03-13T16:09:57.778-0400] {dagbag.py:538} INFO - Filling up the DagBag from /Users/admin/opt/anaconda3/envs/python-airflow-venv/lib/python3.10/site-packages/airflow/example_dags/example_latest_only_with_trigger.py
[2023-03-13T16:09:57.909-0400] {processor.py:753} INFO - DAG(s) dict_keys(['latest_only_with_trigger']) retrieved from /Users/admin/opt/anaconda3/envs/python-airflow-venv/lib/python3.10/site-packages/airflow/example_dags/example_latest_only_with_trigger.py
[2023-03-13T16:09:58.117-0400] {logging_mixin.py:137} WARNING - /Users/admin/opt/anaconda3/envs/python-airflow-venv/lib/python3.10/site-packages/airflow/jobs/scheduler_job.py:124 DeprecationWarning: The processor_poll_interval option in [scheduler] has been renamed to scheduler_idle_sleep_time - the old setting has been used, but please update your config.
[2023-03-13T16:10:01.158-0400] {logging_mixin.py:137} INFO - [2023-03-13T16:10:01.156-0400] {dag.py:2690} INFO - Sync 1 DAGs
[2023-03-13T16:10:01.295-0400] {logging_mixin.py:137} INFO - [2023-03-13T16:10:01.294-0400] {dag.py:3437} INFO - Setting next_dagrun for latest_only_with_trigger to 2023-03-13T16:10:01.292821+00:00, run_after=2023-03-13T20:10:01.292821+00:00
[2023-03-13T16:10:01.429-0400] {processor.py:175} INFO - Processing /Users/admin/opt/anaconda3/envs/python-airflow-venv/lib/python3.10/site-packages/airflow/example_dags/example_latest_only_with_trigger.py took 3.673 seconds
[2023-03-13T16:13:42.087-0400] {logging_mixin.py:137} WARNING - /Users/admin/opt/anaconda3/envs/python-airflow-venv/lib/python3.10/site-packages/airflow/settings.py:337 DeprecationWarning: The sql_alchemy_pool_enabled option in [core] has been moved to the sql_alchemy_pool_enabled option in [database] - the old setting has been used, but please update your config.
[2023-03-13T16:13:42.101-0400] {logging_mixin.py:137} WARNING - /Users/admin/opt/anaconda3/envs/python-airflow-venv/lib/python3.10/site-packages/airflow/settings.py:400 DeprecationWarning: The sql_engine_encoding option in [core] has been moved to the sql_engine_encoding option in [database] - the old setting has been used, but please update your config.
[2023-03-13T16:13:42.103-0400] {processor.py:153} INFO - Started process (PID=16272) to work on /Users/admin/opt/anaconda3/envs/python-airflow-venv/lib/python3.10/site-packages/airflow/example_dags/example_latest_only_with_trigger.py
[2023-03-13T16:13:42.103-0400] {processor.py:743} INFO - Processing file /Users/admin/opt/anaconda3/envs/python-airflow-venv/lib/python3.10/site-packages/airflow/example_dags/example_latest_only_with_trigger.py for tasks to queue
[2023-03-13T16:13:42.104-0400] {logging_mixin.py:137} INFO - [2023-03-13T16:13:42.104-0400] {dagbag.py:538} INFO - Filling up the DagBag from /Users/admin/opt/anaconda3/envs/python-airflow-venv/lib/python3.10/site-packages/airflow/example_dags/example_latest_only_with_trigger.py
[2023-03-13T16:13:42.231-0400] {processor.py:753} INFO - DAG(s) dict_keys(['latest_only_with_trigger']) retrieved from /Users/admin/opt/anaconda3/envs/python-airflow-venv/lib/python3.10/site-packages/airflow/example_dags/example_latest_only_with_trigger.py
[2023-03-13T16:13:42.411-0400] {logging_mixin.py:137} WARNING - /Users/admin/opt/anaconda3/envs/python-airflow-venv/lib/python3.10/site-packages/airflow/jobs/scheduler_job.py:124 DeprecationWarning: The processor_poll_interval option in [scheduler] has been renamed to scheduler_idle_sleep_time - the old setting has been used, but please update your config.
[2023-03-13T16:13:44.474-0400] {logging_mixin.py:137} INFO - [2023-03-13T16:13:44.473-0400] {dag.py:2690} INFO - Sync 1 DAGs
[2023-03-13T16:13:44.523-0400] {logging_mixin.py:137} INFO - [2023-03-13T16:13:44.523-0400] {dag.py:3437} INFO - Setting next_dagrun for latest_only_with_trigger to 2023-03-13T16:13:44.522738+00:00, run_after=2023-03-13T20:13:44.522738+00:00
[2023-03-13T16:13:44.581-0400] {processor.py:175} INFO - Processing /Users/admin/opt/anaconda3/envs/python-airflow-venv/lib/python3.10/site-packages/airflow/example_dags/example_latest_only_with_trigger.py took 2.497 seconds
[2023-03-13T16:17:33.715-0400] {logging_mixin.py:137} WARNING - /Users/admin/opt/anaconda3/envs/python-airflow-venv/lib/python3.10/site-packages/airflow/settings.py:337 DeprecationWarning: The sql_alchemy_pool_enabled option in [core] has been moved to the sql_alchemy_pool_enabled option in [database] - the old setting has been used, but please update your config.
[2023-03-13T16:17:33.723-0400] {logging_mixin.py:137} WARNING - /Users/admin/opt/anaconda3/envs/python-airflow-venv/lib/python3.10/site-packages/airflow/settings.py:400 DeprecationWarning: The sql_engine_encoding option in [core] has been moved to the sql_engine_encoding option in [database] - the old setting has been used, but please update your config.
[2023-03-13T16:17:33.724-0400] {processor.py:153} INFO - Started process (PID=16334) to work on /Users/admin/opt/anaconda3/envs/python-airflow-venv/lib/python3.10/site-packages/airflow/example_dags/example_latest_only_with_trigger.py
[2023-03-13T16:17:33.724-0400] {processor.py:743} INFO - Processing file /Users/admin/opt/anaconda3/envs/python-airflow-venv/lib/python3.10/site-packages/airflow/example_dags/example_latest_only_with_trigger.py for tasks to queue
[2023-03-13T16:17:33.725-0400] {logging_mixin.py:137} INFO - [2023-03-13T16:17:33.724-0400] {dagbag.py:538} INFO - Filling up the DagBag from /Users/admin/opt/anaconda3/envs/python-airflow-venv/lib/python3.10/site-packages/airflow/example_dags/example_latest_only_with_trigger.py
[2023-03-13T16:17:33.777-0400] {processor.py:753} INFO - DAG(s) dict_keys(['latest_only_with_trigger']) retrieved from /Users/admin/opt/anaconda3/envs/python-airflow-venv/lib/python3.10/site-packages/airflow/example_dags/example_latest_only_with_trigger.py
[2023-03-13T16:17:33.840-0400] {logging_mixin.py:137} WARNING - /Users/admin/opt/anaconda3/envs/python-airflow-venv/lib/python3.10/site-packages/airflow/jobs/scheduler_job.py:124 DeprecationWarning: The processor_poll_interval option in [scheduler] has been renamed to scheduler_idle_sleep_time - the old setting has been used, but please update your config.
[2023-03-13T16:17:34.624-0400] {logging_mixin.py:137} INFO - [2023-03-13T16:17:34.624-0400] {dag.py:2690} INFO - Sync 1 DAGs
[2023-03-13T16:17:34.641-0400] {logging_mixin.py:137} INFO - [2023-03-13T16:17:34.641-0400] {dag.py:3437} INFO - Setting next_dagrun for latest_only_with_trigger to 2023-03-13T16:17:34.641434+00:00, run_after=2023-03-13T20:17:34.641434+00:00
[2023-03-13T16:17:34.662-0400] {processor.py:175} INFO - Processing /Users/admin/opt/anaconda3/envs/python-airflow-venv/lib/python3.10/site-packages/airflow/example_dags/example_latest_only_with_trigger.py took 0.948 seconds
[2023-03-13T16:19:30.164-0400] {logging_mixin.py:137} WARNING - /Users/admin/opt/anaconda3/envs/python-airflow-venv/lib/python3.10/site-packages/airflow/settings.py:337 DeprecationWarning: The sql_alchemy_pool_enabled option in [core] has been moved to the sql_alchemy_pool_enabled option in [database] - the old setting has been used, but please update your config.
[2023-03-13T16:19:30.169-0400] {logging_mixin.py:137} WARNING - /Users/admin/opt/anaconda3/envs/python-airflow-venv/lib/python3.10/site-packages/airflow/settings.py:400 DeprecationWarning: The sql_engine_encoding option in [core] has been moved to the sql_engine_encoding option in [database] - the old setting has been used, but please update your config.
[2023-03-13T16:19:30.170-0400] {processor.py:153} INFO - Started process (PID=16391) to work on /Users/admin/opt/anaconda3/envs/python-airflow-venv/lib/python3.10/site-packages/airflow/example_dags/example_latest_only_with_trigger.py
[2023-03-13T16:19:30.170-0400] {processor.py:743} INFO - Processing file /Users/admin/opt/anaconda3/envs/python-airflow-venv/lib/python3.10/site-packages/airflow/example_dags/example_latest_only_with_trigger.py for tasks to queue
[2023-03-13T16:19:30.171-0400] {logging_mixin.py:137} INFO - [2023-03-13T16:19:30.171-0400] {dagbag.py:538} INFO - Filling up the DagBag from /Users/admin/opt/anaconda3/envs/python-airflow-venv/lib/python3.10/site-packages/airflow/example_dags/example_latest_only_with_trigger.py
[2023-03-13T16:19:30.218-0400] {processor.py:753} INFO - DAG(s) dict_keys(['latest_only_with_trigger']) retrieved from /Users/admin/opt/anaconda3/envs/python-airflow-venv/lib/python3.10/site-packages/airflow/example_dags/example_latest_only_with_trigger.py
[2023-03-13T16:19:30.279-0400] {logging_mixin.py:137} WARNING - /Users/admin/opt/anaconda3/envs/python-airflow-venv/lib/python3.10/site-packages/airflow/jobs/scheduler_job.py:124 DeprecationWarning: The processor_poll_interval option in [scheduler] has been renamed to scheduler_idle_sleep_time - the old setting has been used, but please update your config.
[2023-03-13T16:19:30.945-0400] {logging_mixin.py:137} INFO - [2023-03-13T16:19:30.945-0400] {dag.py:2690} INFO - Sync 1 DAGs
[2023-03-13T16:19:30.961-0400] {logging_mixin.py:137} INFO - [2023-03-13T16:19:30.961-0400] {dag.py:3437} INFO - Setting next_dagrun for latest_only_with_trigger to 2023-03-13T16:19:30.961572+00:00, run_after=2023-03-13T20:19:30.961572+00:00
[2023-03-13T16:19:30.983-0400] {processor.py:175} INFO - Processing /Users/admin/opt/anaconda3/envs/python-airflow-venv/lib/python3.10/site-packages/airflow/example_dags/example_latest_only_with_trigger.py took 0.819 seconds
[2023-03-13T16:23:41.090-0400] {logging_mixin.py:137} WARNING - /Users/admin/opt/anaconda3/envs/python-airflow-venv/lib/python3.10/site-packages/airflow/settings.py:337 DeprecationWarning: The sql_alchemy_pool_enabled option in [core] has been moved to the sql_alchemy_pool_enabled option in [database] - the old setting has been used, but please update your config.
[2023-03-13T16:23:41.110-0400] {logging_mixin.py:137} WARNING - /Users/admin/opt/anaconda3/envs/python-airflow-venv/lib/python3.10/site-packages/airflow/settings.py:400 DeprecationWarning: The sql_engine_encoding option in [core] has been moved to the sql_engine_encoding option in [database] - the old setting has been used, but please update your config.
[2023-03-13T16:23:41.113-0400] {processor.py:153} INFO - Started process (PID=16461) to work on /Users/admin/opt/anaconda3/envs/python-airflow-venv/lib/python3.10/site-packages/airflow/example_dags/example_latest_only_with_trigger.py
[2023-03-13T16:23:41.113-0400] {processor.py:743} INFO - Processing file /Users/admin/opt/anaconda3/envs/python-airflow-venv/lib/python3.10/site-packages/airflow/example_dags/example_latest_only_with_trigger.py for tasks to queue
[2023-03-13T16:23:41.114-0400] {logging_mixin.py:137} INFO - [2023-03-13T16:23:41.114-0400] {dagbag.py:538} INFO - Filling up the DagBag from /Users/admin/opt/anaconda3/envs/python-airflow-venv/lib/python3.10/site-packages/airflow/example_dags/example_latest_only_with_trigger.py
[2023-03-13T16:23:41.260-0400] {processor.py:753} INFO - DAG(s) dict_keys(['latest_only_with_trigger']) retrieved from /Users/admin/opt/anaconda3/envs/python-airflow-venv/lib/python3.10/site-packages/airflow/example_dags/example_latest_only_with_trigger.py
[2023-03-13T16:23:41.458-0400] {logging_mixin.py:137} WARNING - /Users/admin/opt/anaconda3/envs/python-airflow-venv/lib/python3.10/site-packages/airflow/jobs/scheduler_job.py:124 DeprecationWarning: The processor_poll_interval option in [scheduler] has been renamed to scheduler_idle_sleep_time - the old setting has been used, but please update your config.
[2023-03-13T16:23:43.688-0400] {logging_mixin.py:137} INFO - [2023-03-13T16:23:43.687-0400] {dag.py:2690} INFO - Sync 1 DAGs
[2023-03-13T16:23:43.746-0400] {logging_mixin.py:137} INFO - [2023-03-13T16:23:43.746-0400] {dag.py:3437} INFO - Setting next_dagrun for latest_only_with_trigger to 2023-03-13T16:23:43.745299+00:00, run_after=2023-03-13T20:23:43.745299+00:00
[2023-03-13T16:23:43.813-0400] {processor.py:175} INFO - Processing /Users/admin/opt/anaconda3/envs/python-airflow-venv/lib/python3.10/site-packages/airflow/example_dags/example_latest_only_with_trigger.py took 2.726 seconds
[2023-03-13T16:29:08.779-0400] {logging_mixin.py:137} WARNING - /Users/admin/opt/anaconda3/envs/python-airflow-venv/lib/python3.10/site-packages/airflow/settings.py:337 DeprecationWarning: The sql_alchemy_pool_enabled option in [core] has been moved to the sql_alchemy_pool_enabled option in [database] - the old setting has been used, but please update your config.
[2023-03-13T16:29:08.797-0400] {logging_mixin.py:137} WARNING - /Users/admin/opt/anaconda3/envs/python-airflow-venv/lib/python3.10/site-packages/airflow/settings.py:400 DeprecationWarning: The sql_engine_encoding option in [core] has been moved to the sql_engine_encoding option in [database] - the old setting has been used, but please update your config.
[2023-03-13T16:29:08.800-0400] {processor.py:153} INFO - Started process (PID=16531) to work on /Users/admin/opt/anaconda3/envs/python-airflow-venv/lib/python3.10/site-packages/airflow/example_dags/example_latest_only_with_trigger.py
[2023-03-13T16:29:08.800-0400] {processor.py:743} INFO - Processing file /Users/admin/opt/anaconda3/envs/python-airflow-venv/lib/python3.10/site-packages/airflow/example_dags/example_latest_only_with_trigger.py for tasks to queue
[2023-03-13T16:29:08.801-0400] {logging_mixin.py:137} INFO - [2023-03-13T16:29:08.801-0400] {dagbag.py:538} INFO - Filling up the DagBag from /Users/admin/opt/anaconda3/envs/python-airflow-venv/lib/python3.10/site-packages/airflow/example_dags/example_latest_only_with_trigger.py
[2023-03-13T16:29:08.934-0400] {processor.py:753} INFO - DAG(s) dict_keys(['latest_only_with_trigger']) retrieved from /Users/admin/opt/anaconda3/envs/python-airflow-venv/lib/python3.10/site-packages/airflow/example_dags/example_latest_only_with_trigger.py
[2023-03-13T16:29:09.130-0400] {logging_mixin.py:137} WARNING - /Users/admin/opt/anaconda3/envs/python-airflow-venv/lib/python3.10/site-packages/airflow/jobs/scheduler_job.py:124 DeprecationWarning: The processor_poll_interval option in [scheduler] has been renamed to scheduler_idle_sleep_time - the old setting has been used, but please update your config.
[2023-03-13T16:29:11.238-0400] {logging_mixin.py:137} INFO - [2023-03-13T16:29:11.237-0400] {dag.py:2690} INFO - Sync 1 DAGs
[2023-03-13T16:29:11.287-0400] {logging_mixin.py:137} INFO - [2023-03-13T16:29:11.287-0400] {dag.py:3437} INFO - Setting next_dagrun for latest_only_with_trigger to 2023-03-13T16:29:11.286797+00:00, run_after=2023-03-13T20:29:11.286797+00:00
[2023-03-13T16:29:11.347-0400] {processor.py:175} INFO - Processing /Users/admin/opt/anaconda3/envs/python-airflow-venv/lib/python3.10/site-packages/airflow/example_dags/example_latest_only_with_trigger.py took 2.571 seconds
[2023-03-13T16:55:22.945-0400] {logging_mixin.py:137} WARNING - /Users/admin/opt/anaconda3/envs/python-airflow-venv/lib/python3.10/site-packages/airflow/settings.py:337 DeprecationWarning: The sql_alchemy_pool_enabled option in [core] has been moved to the sql_alchemy_pool_enabled option in [database] - the old setting has been used, but please update your config.
[2023-03-13T16:55:22.950-0400] {logging_mixin.py:137} WARNING - /Users/admin/opt/anaconda3/envs/python-airflow-venv/lib/python3.10/site-packages/airflow/settings.py:400 DeprecationWarning: The sql_engine_encoding option in [core] has been moved to the sql_engine_encoding option in [database] - the old setting has been used, but please update your config.
[2023-03-13T16:55:22.950-0400] {processor.py:153} INFO - Started process (PID=16601) to work on /Users/admin/opt/anaconda3/envs/python-airflow-venv/lib/python3.10/site-packages/airflow/example_dags/example_latest_only_with_trigger.py
[2023-03-13T16:55:22.951-0400] {processor.py:743} INFO - Processing file /Users/admin/opt/anaconda3/envs/python-airflow-venv/lib/python3.10/site-packages/airflow/example_dags/example_latest_only_with_trigger.py for tasks to queue
[2023-03-13T16:55:22.951-0400] {logging_mixin.py:137} INFO - [2023-03-13T16:55:22.951-0400] {dagbag.py:538} INFO - Filling up the DagBag from /Users/admin/opt/anaconda3/envs/python-airflow-venv/lib/python3.10/site-packages/airflow/example_dags/example_latest_only_with_trigger.py
[2023-03-13T16:55:22.999-0400] {processor.py:753} INFO - DAG(s) dict_keys(['latest_only_with_trigger']) retrieved from /Users/admin/opt/anaconda3/envs/python-airflow-venv/lib/python3.10/site-packages/airflow/example_dags/example_latest_only_with_trigger.py
[2023-03-13T16:55:23.052-0400] {logging_mixin.py:137} WARNING - /Users/admin/opt/anaconda3/envs/python-airflow-venv/lib/python3.10/site-packages/airflow/jobs/scheduler_job.py:124 DeprecationWarning: The processor_poll_interval option in [scheduler] has been renamed to scheduler_idle_sleep_time - the old setting has been used, but please update your config.
[2023-03-13T16:55:23.618-0400] {logging_mixin.py:137} INFO - [2023-03-13T16:55:23.618-0400] {dag.py:2690} INFO - Sync 1 DAGs
[2023-03-13T16:55:23.633-0400] {logging_mixin.py:137} INFO - [2023-03-13T16:55:23.632-0400] {dag.py:3437} INFO - Setting next_dagrun for latest_only_with_trigger to 2023-03-13T16:55:23.632757+00:00, run_after=2023-03-13T20:55:23.632757+00:00
[2023-03-13T16:55:23.649-0400] {processor.py:175} INFO - Processing /Users/admin/opt/anaconda3/envs/python-airflow-venv/lib/python3.10/site-packages/airflow/example_dags/example_latest_only_with_trigger.py took 0.705 seconds
[2023-03-13T17:12:36.457-0400] {logging_mixin.py:137} WARNING - /Users/admin/opt/anaconda3/envs/python-airflow-venv/lib/python3.10/site-packages/airflow/settings.py:337 DeprecationWarning: The sql_alchemy_pool_enabled option in [core] has been moved to the sql_alchemy_pool_enabled option in [database] - the old setting has been used, but please update your config.
[2023-03-13T17:12:36.462-0400] {logging_mixin.py:137} WARNING - /Users/admin/opt/anaconda3/envs/python-airflow-venv/lib/python3.10/site-packages/airflow/settings.py:400 DeprecationWarning: The sql_engine_encoding option in [core] has been moved to the sql_engine_encoding option in [database] - the old setting has been used, but please update your config.
[2023-03-13T17:12:36.462-0400] {processor.py:153} INFO - Started process (PID=16662) to work on /Users/admin/opt/anaconda3/envs/python-airflow-venv/lib/python3.10/site-packages/airflow/example_dags/example_latest_only_with_trigger.py
[2023-03-13T17:12:36.463-0400] {processor.py:743} INFO - Processing file /Users/admin/opt/anaconda3/envs/python-airflow-venv/lib/python3.10/site-packages/airflow/example_dags/example_latest_only_with_trigger.py for tasks to queue
[2023-03-13T17:12:36.463-0400] {logging_mixin.py:137} INFO - [2023-03-13T17:12:36.463-0400] {dagbag.py:538} INFO - Filling up the DagBag from /Users/admin/opt/anaconda3/envs/python-airflow-venv/lib/python3.10/site-packages/airflow/example_dags/example_latest_only_with_trigger.py
[2023-03-13T17:12:36.509-0400] {processor.py:753} INFO - DAG(s) dict_keys(['latest_only_with_trigger']) retrieved from /Users/admin/opt/anaconda3/envs/python-airflow-venv/lib/python3.10/site-packages/airflow/example_dags/example_latest_only_with_trigger.py
[2023-03-13T17:12:36.565-0400] {logging_mixin.py:137} WARNING - /Users/admin/opt/anaconda3/envs/python-airflow-venv/lib/python3.10/site-packages/airflow/jobs/scheduler_job.py:124 DeprecationWarning: The processor_poll_interval option in [scheduler] has been renamed to scheduler_idle_sleep_time - the old setting has been used, but please update your config.
[2023-03-13T17:12:37.167-0400] {logging_mixin.py:137} INFO - [2023-03-13T17:12:37.167-0400] {dag.py:2690} INFO - Sync 1 DAGs
[2023-03-13T17:12:37.182-0400] {logging_mixin.py:137} INFO - [2023-03-13T17:12:37.182-0400] {dag.py:3437} INFO - Setting next_dagrun for latest_only_with_trigger to 2023-03-13T17:12:37.182566+00:00, run_after=2023-03-13T21:12:37.182566+00:00
[2023-03-13T17:12:37.200-0400] {processor.py:175} INFO - Processing /Users/admin/opt/anaconda3/envs/python-airflow-venv/lib/python3.10/site-packages/airflow/example_dags/example_latest_only_with_trigger.py took 0.743 seconds
