[2023-03-13T14:39:29.141-0400] {logging_mixin.py:137} WARNING - /Users/admin/opt/anaconda3/envs/python-airflow-venv/lib/python3.10/site-packages/airflow/settings.py:337 DeprecationWarning: The sql_alchemy_pool_enabled option in [core] has been moved to the sql_alchemy_pool_enabled option in [database] - the old setting has been used, but please update your config.
[2023-03-13T14:39:29.147-0400] {logging_mixin.py:137} WARNING - /Users/admin/opt/anaconda3/envs/python-airflow-venv/lib/python3.10/site-packages/airflow/settings.py:400 DeprecationWarning: The sql_engine_encoding option in [core] has been moved to the sql_engine_encoding option in [database] - the old setting has been used, but please update your config.
[2023-03-13T14:39:29.148-0400] {processor.py:153} INFO - Started process (PID=14843) to work on /Users/admin/opt/anaconda3/envs/python-airflow-venv/lib/python3.10/site-packages/airflow/example_dags/example_short_circuit_operator.py
[2023-03-13T14:39:29.148-0400] {processor.py:743} INFO - Processing file /Users/admin/opt/anaconda3/envs/python-airflow-venv/lib/python3.10/site-packages/airflow/example_dags/example_short_circuit_operator.py for tasks to queue
[2023-03-13T14:39:29.148-0400] {logging_mixin.py:137} INFO - [2023-03-13T14:39:29.148-0400] {dagbag.py:538} INFO - Filling up the DagBag from /Users/admin/opt/anaconda3/envs/python-airflow-venv/lib/python3.10/site-packages/airflow/example_dags/example_short_circuit_operator.py
[2023-03-13T14:39:29.219-0400] {processor.py:753} INFO - DAG(s) dict_keys(['example_short_circuit_operator']) retrieved from /Users/admin/opt/anaconda3/envs/python-airflow-venv/lib/python3.10/site-packages/airflow/example_dags/example_short_circuit_operator.py
[2023-03-13T14:39:29.270-0400] {logging_mixin.py:137} WARNING - /Users/admin/opt/anaconda3/envs/python-airflow-venv/lib/python3.10/site-packages/airflow/jobs/scheduler_job.py:124 DeprecationWarning: The processor_poll_interval option in [scheduler] has been renamed to scheduler_idle_sleep_time - the old setting has been used, but please update your config.
[2023-03-13T14:39:29.904-0400] {logging_mixin.py:137} INFO - [2023-03-13T14:39:29.904-0400] {dag.py:2690} INFO - Sync 1 DAGs
[2023-03-13T14:39:29.920-0400] {logging_mixin.py:137} INFO - [2023-03-13T14:39:29.919-0400] {dag.py:3437} INFO - Setting next_dagrun for example_short_circuit_operator to 2023-03-12T18:39:29.919830+00:00, run_after=2023-03-13T18:39:29.919830+00:00
[2023-03-13T14:39:29.936-0400] {processor.py:175} INFO - Processing /Users/admin/opt/anaconda3/envs/python-airflow-venv/lib/python3.10/site-packages/airflow/example_dags/example_short_circuit_operator.py took 0.796 seconds
[2023-03-13T14:41:35.919-0400] {logging_mixin.py:137} WARNING - /Users/admin/opt/anaconda3/envs/python-airflow-venv/lib/python3.10/site-packages/airflow/settings.py:337 DeprecationWarning: The sql_alchemy_pool_enabled option in [core] has been moved to the sql_alchemy_pool_enabled option in [database] - the old setting has been used, but please update your config.
[2023-03-13T14:41:35.924-0400] {logging_mixin.py:137} WARNING - /Users/admin/opt/anaconda3/envs/python-airflow-venv/lib/python3.10/site-packages/airflow/settings.py:400 DeprecationWarning: The sql_engine_encoding option in [core] has been moved to the sql_engine_encoding option in [database] - the old setting has been used, but please update your config.
[2023-03-13T14:41:35.924-0400] {processor.py:153} INFO - Started process (PID=14903) to work on /Users/admin/opt/anaconda3/envs/python-airflow-venv/lib/python3.10/site-packages/airflow/example_dags/example_short_circuit_operator.py
[2023-03-13T14:41:35.925-0400] {processor.py:743} INFO - Processing file /Users/admin/opt/anaconda3/envs/python-airflow-venv/lib/python3.10/site-packages/airflow/example_dags/example_short_circuit_operator.py for tasks to queue
[2023-03-13T14:41:35.925-0400] {logging_mixin.py:137} INFO - [2023-03-13T14:41:35.925-0400] {dagbag.py:538} INFO - Filling up the DagBag from /Users/admin/opt/anaconda3/envs/python-airflow-venv/lib/python3.10/site-packages/airflow/example_dags/example_short_circuit_operator.py
[2023-03-13T14:41:35.985-0400] {processor.py:753} INFO - DAG(s) dict_keys(['example_short_circuit_operator']) retrieved from /Users/admin/opt/anaconda3/envs/python-airflow-venv/lib/python3.10/site-packages/airflow/example_dags/example_short_circuit_operator.py
[2023-03-13T14:41:36.032-0400] {logging_mixin.py:137} WARNING - /Users/admin/opt/anaconda3/envs/python-airflow-venv/lib/python3.10/site-packages/airflow/jobs/scheduler_job.py:124 DeprecationWarning: The processor_poll_interval option in [scheduler] has been renamed to scheduler_idle_sleep_time - the old setting has been used, but please update your config.
[2023-03-13T14:41:36.610-0400] {logging_mixin.py:137} INFO - [2023-03-13T14:41:36.610-0400] {dag.py:2690} INFO - Sync 1 DAGs
[2023-03-13T14:41:36.624-0400] {logging_mixin.py:137} INFO - [2023-03-13T14:41:36.624-0400] {dag.py:3437} INFO - Setting next_dagrun for example_short_circuit_operator to 2023-03-12T18:41:36.623918+00:00, run_after=2023-03-13T18:41:36.623918+00:00
[2023-03-13T14:41:36.641-0400] {processor.py:175} INFO - Processing /Users/admin/opt/anaconda3/envs/python-airflow-venv/lib/python3.10/site-packages/airflow/example_dags/example_short_circuit_operator.py took 0.722 seconds
[2023-03-13T14:44:04.475-0400] {logging_mixin.py:137} WARNING - /Users/admin/opt/anaconda3/envs/python-airflow-venv/lib/python3.10/site-packages/airflow/settings.py:337 DeprecationWarning: The sql_alchemy_pool_enabled option in [core] has been moved to the sql_alchemy_pool_enabled option in [database] - the old setting has been used, but please update your config.
[2023-03-13T14:44:04.479-0400] {logging_mixin.py:137} WARNING - /Users/admin/opt/anaconda3/envs/python-airflow-venv/lib/python3.10/site-packages/airflow/settings.py:400 DeprecationWarning: The sql_engine_encoding option in [core] has been moved to the sql_engine_encoding option in [database] - the old setting has been used, but please update your config.
[2023-03-13T14:44:04.480-0400] {processor.py:153} INFO - Started process (PID=14967) to work on /Users/admin/opt/anaconda3/envs/python-airflow-venv/lib/python3.10/site-packages/airflow/example_dags/example_short_circuit_operator.py
[2023-03-13T14:44:04.480-0400] {processor.py:743} INFO - Processing file /Users/admin/opt/anaconda3/envs/python-airflow-venv/lib/python3.10/site-packages/airflow/example_dags/example_short_circuit_operator.py for tasks to queue
[2023-03-13T14:44:04.480-0400] {logging_mixin.py:137} INFO - [2023-03-13T14:44:04.480-0400] {dagbag.py:538} INFO - Filling up the DagBag from /Users/admin/opt/anaconda3/envs/python-airflow-venv/lib/python3.10/site-packages/airflow/example_dags/example_short_circuit_operator.py
[2023-03-13T14:44:04.543-0400] {processor.py:753} INFO - DAG(s) dict_keys(['example_short_circuit_operator']) retrieved from /Users/admin/opt/anaconda3/envs/python-airflow-venv/lib/python3.10/site-packages/airflow/example_dags/example_short_circuit_operator.py
[2023-03-13T14:44:04.592-0400] {logging_mixin.py:137} WARNING - /Users/admin/opt/anaconda3/envs/python-airflow-venv/lib/python3.10/site-packages/airflow/jobs/scheduler_job.py:124 DeprecationWarning: The processor_poll_interval option in [scheduler] has been renamed to scheduler_idle_sleep_time - the old setting has been used, but please update your config.
[2023-03-13T14:44:05.170-0400] {logging_mixin.py:137} INFO - [2023-03-13T14:44:05.169-0400] {dag.py:2690} INFO - Sync 1 DAGs
[2023-03-13T14:44:05.184-0400] {logging_mixin.py:137} INFO - [2023-03-13T14:44:05.183-0400] {dag.py:3437} INFO - Setting next_dagrun for example_short_circuit_operator to 2023-03-12T18:44:05.183859+00:00, run_after=2023-03-13T18:44:05.183859+00:00
[2023-03-13T14:44:05.204-0400] {processor.py:175} INFO - Processing /Users/admin/opt/anaconda3/envs/python-airflow-venv/lib/python3.10/site-packages/airflow/example_dags/example_short_circuit_operator.py took 0.730 seconds
[2023-03-13T14:56:17.171-0400] {logging_mixin.py:137} WARNING - /Users/admin/opt/anaconda3/envs/python-airflow-venv/lib/python3.10/site-packages/airflow/settings.py:337 DeprecationWarning: The sql_alchemy_pool_enabled option in [core] has been moved to the sql_alchemy_pool_enabled option in [database] - the old setting has been used, but please update your config.
[2023-03-13T14:56:17.180-0400] {logging_mixin.py:137} WARNING - /Users/admin/opt/anaconda3/envs/python-airflow-venv/lib/python3.10/site-packages/airflow/settings.py:400 DeprecationWarning: The sql_engine_encoding option in [core] has been moved to the sql_engine_encoding option in [database] - the old setting has been used, but please update your config.
[2023-03-13T14:56:17.180-0400] {processor.py:153} INFO - Started process (PID=15150) to work on /Users/admin/opt/anaconda3/envs/python-airflow-venv/lib/python3.10/site-packages/airflow/example_dags/example_short_circuit_operator.py
[2023-03-13T14:56:17.181-0400] {processor.py:743} INFO - Processing file /Users/admin/opt/anaconda3/envs/python-airflow-venv/lib/python3.10/site-packages/airflow/example_dags/example_short_circuit_operator.py for tasks to queue
[2023-03-13T14:56:17.181-0400] {logging_mixin.py:137} INFO - [2023-03-13T14:56:17.181-0400] {dagbag.py:538} INFO - Filling up the DagBag from /Users/admin/opt/anaconda3/envs/python-airflow-venv/lib/python3.10/site-packages/airflow/example_dags/example_short_circuit_operator.py
[2023-03-13T14:56:17.258-0400] {processor.py:753} INFO - DAG(s) dict_keys(['example_short_circuit_operator']) retrieved from /Users/admin/opt/anaconda3/envs/python-airflow-venv/lib/python3.10/site-packages/airflow/example_dags/example_short_circuit_operator.py
[2023-03-13T14:56:17.313-0400] {logging_mixin.py:137} WARNING - /Users/admin/opt/anaconda3/envs/python-airflow-venv/lib/python3.10/site-packages/airflow/jobs/scheduler_job.py:124 DeprecationWarning: The processor_poll_interval option in [scheduler] has been renamed to scheduler_idle_sleep_time - the old setting has been used, but please update your config.
[2023-03-13T14:56:17.907-0400] {logging_mixin.py:137} INFO - [2023-03-13T14:56:17.907-0400] {dag.py:2690} INFO - Sync 1 DAGs
[2023-03-13T14:56:17.921-0400] {logging_mixin.py:137} INFO - [2023-03-13T14:56:17.921-0400] {dag.py:3437} INFO - Setting next_dagrun for example_short_circuit_operator to 2023-03-12T18:56:17.921404+00:00, run_after=2023-03-13T18:56:17.921404+00:00
[2023-03-13T14:56:17.941-0400] {processor.py:175} INFO - Processing /Users/admin/opt/anaconda3/envs/python-airflow-venv/lib/python3.10/site-packages/airflow/example_dags/example_short_circuit_operator.py took 0.772 seconds
[2023-03-13T14:58:10.626-0400] {logging_mixin.py:137} WARNING - /Users/admin/opt/anaconda3/envs/python-airflow-venv/lib/python3.10/site-packages/airflow/settings.py:337 DeprecationWarning: The sql_alchemy_pool_enabled option in [core] has been moved to the sql_alchemy_pool_enabled option in [database] - the old setting has been used, but please update your config.
[2023-03-13T14:58:10.631-0400] {logging_mixin.py:137} WARNING - /Users/admin/opt/anaconda3/envs/python-airflow-venv/lib/python3.10/site-packages/airflow/settings.py:400 DeprecationWarning: The sql_engine_encoding option in [core] has been moved to the sql_engine_encoding option in [database] - the old setting has been used, but please update your config.
[2023-03-13T14:58:10.631-0400] {processor.py:153} INFO - Started process (PID=15200) to work on /Users/admin/opt/anaconda3/envs/python-airflow-venv/lib/python3.10/site-packages/airflow/example_dags/example_short_circuit_operator.py
[2023-03-13T14:58:10.631-0400] {processor.py:743} INFO - Processing file /Users/admin/opt/anaconda3/envs/python-airflow-venv/lib/python3.10/site-packages/airflow/example_dags/example_short_circuit_operator.py for tasks to queue
[2023-03-13T14:58:10.632-0400] {logging_mixin.py:137} INFO - [2023-03-13T14:58:10.632-0400] {dagbag.py:538} INFO - Filling up the DagBag from /Users/admin/opt/anaconda3/envs/python-airflow-venv/lib/python3.10/site-packages/airflow/example_dags/example_short_circuit_operator.py
[2023-03-13T14:58:10.697-0400] {processor.py:753} INFO - DAG(s) dict_keys(['example_short_circuit_operator']) retrieved from /Users/admin/opt/anaconda3/envs/python-airflow-venv/lib/python3.10/site-packages/airflow/example_dags/example_short_circuit_operator.py
[2023-03-13T14:58:10.744-0400] {logging_mixin.py:137} WARNING - /Users/admin/opt/anaconda3/envs/python-airflow-venv/lib/python3.10/site-packages/airflow/jobs/scheduler_job.py:124 DeprecationWarning: The processor_poll_interval option in [scheduler] has been renamed to scheduler_idle_sleep_time - the old setting has been used, but please update your config.
[2023-03-13T14:58:11.331-0400] {logging_mixin.py:137} INFO - [2023-03-13T14:58:11.331-0400] {dag.py:2690} INFO - Sync 1 DAGs
[2023-03-13T14:58:11.345-0400] {logging_mixin.py:137} INFO - [2023-03-13T14:58:11.345-0400] {dag.py:3437} INFO - Setting next_dagrun for example_short_circuit_operator to 2023-03-12T18:58:11.345079+00:00, run_after=2023-03-13T18:58:11.345079+00:00
[2023-03-13T14:58:11.363-0400] {processor.py:175} INFO - Processing /Users/admin/opt/anaconda3/envs/python-airflow-venv/lib/python3.10/site-packages/airflow/example_dags/example_short_circuit_operator.py took 0.738 seconds
[2023-03-13T15:00:05.620-0400] {logging_mixin.py:137} WARNING - /Users/admin/opt/anaconda3/envs/python-airflow-venv/lib/python3.10/site-packages/airflow/settings.py:337 DeprecationWarning: The sql_alchemy_pool_enabled option in [core] has been moved to the sql_alchemy_pool_enabled option in [database] - the old setting has been used, but please update your config.
[2023-03-13T15:00:05.624-0400] {logging_mixin.py:137} WARNING - /Users/admin/opt/anaconda3/envs/python-airflow-venv/lib/python3.10/site-packages/airflow/settings.py:400 DeprecationWarning: The sql_engine_encoding option in [core] has been moved to the sql_engine_encoding option in [database] - the old setting has been used, but please update your config.
[2023-03-13T15:00:05.625-0400] {processor.py:153} INFO - Started process (PID=15256) to work on /Users/admin/opt/anaconda3/envs/python-airflow-venv/lib/python3.10/site-packages/airflow/example_dags/example_short_circuit_operator.py
[2023-03-13T15:00:05.625-0400] {processor.py:743} INFO - Processing file /Users/admin/opt/anaconda3/envs/python-airflow-venv/lib/python3.10/site-packages/airflow/example_dags/example_short_circuit_operator.py for tasks to queue
[2023-03-13T15:00:05.626-0400] {logging_mixin.py:137} INFO - [2023-03-13T15:00:05.625-0400] {dagbag.py:538} INFO - Filling up the DagBag from /Users/admin/opt/anaconda3/envs/python-airflow-venv/lib/python3.10/site-packages/airflow/example_dags/example_short_circuit_operator.py
[2023-03-13T15:00:05.684-0400] {processor.py:753} INFO - DAG(s) dict_keys(['example_short_circuit_operator']) retrieved from /Users/admin/opt/anaconda3/envs/python-airflow-venv/lib/python3.10/site-packages/airflow/example_dags/example_short_circuit_operator.py
[2023-03-13T15:00:05.730-0400] {logging_mixin.py:137} WARNING - /Users/admin/opt/anaconda3/envs/python-airflow-venv/lib/python3.10/site-packages/airflow/jobs/scheduler_job.py:124 DeprecationWarning: The processor_poll_interval option in [scheduler] has been renamed to scheduler_idle_sleep_time - the old setting has been used, but please update your config.
[2023-03-13T15:00:06.319-0400] {logging_mixin.py:137} INFO - [2023-03-13T15:00:06.319-0400] {dag.py:2690} INFO - Sync 1 DAGs
[2023-03-13T15:00:06.333-0400] {logging_mixin.py:137} INFO - [2023-03-13T15:00:06.333-0400] {dag.py:3437} INFO - Setting next_dagrun for example_short_circuit_operator to 2023-03-12T19:00:06.333127+00:00, run_after=2023-03-13T19:00:06.333127+00:00
[2023-03-13T15:00:06.348-0400] {processor.py:175} INFO - Processing /Users/admin/opt/anaconda3/envs/python-airflow-venv/lib/python3.10/site-packages/airflow/example_dags/example_short_circuit_operator.py took 0.729 seconds
[2023-03-13T15:02:00.368-0400] {logging_mixin.py:137} WARNING - /Users/admin/opt/anaconda3/envs/python-airflow-venv/lib/python3.10/site-packages/airflow/settings.py:337 DeprecationWarning: The sql_alchemy_pool_enabled option in [core] has been moved to the sql_alchemy_pool_enabled option in [database] - the old setting has been used, but please update your config.
[2023-03-13T15:02:00.372-0400] {logging_mixin.py:137} WARNING - /Users/admin/opt/anaconda3/envs/python-airflow-venv/lib/python3.10/site-packages/airflow/settings.py:400 DeprecationWarning: The sql_engine_encoding option in [core] has been moved to the sql_engine_encoding option in [database] - the old setting has been used, but please update your config.
[2023-03-13T15:02:00.373-0400] {processor.py:153} INFO - Started process (PID=15308) to work on /Users/admin/opt/anaconda3/envs/python-airflow-venv/lib/python3.10/site-packages/airflow/example_dags/example_short_circuit_operator.py
[2023-03-13T15:02:00.373-0400] {processor.py:743} INFO - Processing file /Users/admin/opt/anaconda3/envs/python-airflow-venv/lib/python3.10/site-packages/airflow/example_dags/example_short_circuit_operator.py for tasks to queue
[2023-03-13T15:02:00.373-0400] {logging_mixin.py:137} INFO - [2023-03-13T15:02:00.373-0400] {dagbag.py:538} INFO - Filling up the DagBag from /Users/admin/opt/anaconda3/envs/python-airflow-venv/lib/python3.10/site-packages/airflow/example_dags/example_short_circuit_operator.py
[2023-03-13T15:02:00.433-0400] {processor.py:753} INFO - DAG(s) dict_keys(['example_short_circuit_operator']) retrieved from /Users/admin/opt/anaconda3/envs/python-airflow-venv/lib/python3.10/site-packages/airflow/example_dags/example_short_circuit_operator.py
[2023-03-13T15:02:00.479-0400] {logging_mixin.py:137} WARNING - /Users/admin/opt/anaconda3/envs/python-airflow-venv/lib/python3.10/site-packages/airflow/jobs/scheduler_job.py:124 DeprecationWarning: The processor_poll_interval option in [scheduler] has been renamed to scheduler_idle_sleep_time - the old setting has been used, but please update your config.
[2023-03-13T15:02:01.063-0400] {logging_mixin.py:137} INFO - [2023-03-13T15:02:01.063-0400] {dag.py:2690} INFO - Sync 1 DAGs
[2023-03-13T15:02:01.077-0400] {logging_mixin.py:137} INFO - [2023-03-13T15:02:01.077-0400] {dag.py:3437} INFO - Setting next_dagrun for example_short_circuit_operator to 2023-03-12T19:02:01.077488+00:00, run_after=2023-03-13T19:02:01.077488+00:00
[2023-03-13T15:02:01.093-0400] {processor.py:175} INFO - Processing /Users/admin/opt/anaconda3/envs/python-airflow-venv/lib/python3.10/site-packages/airflow/example_dags/example_short_circuit_operator.py took 0.726 seconds
[2023-03-13T15:03:55.315-0400] {logging_mixin.py:137} WARNING - /Users/admin/opt/anaconda3/envs/python-airflow-venv/lib/python3.10/site-packages/airflow/settings.py:337 DeprecationWarning: The sql_alchemy_pool_enabled option in [core] has been moved to the sql_alchemy_pool_enabled option in [database] - the old setting has been used, but please update your config.
[2023-03-13T15:03:55.320-0400] {logging_mixin.py:137} WARNING - /Users/admin/opt/anaconda3/envs/python-airflow-venv/lib/python3.10/site-packages/airflow/settings.py:400 DeprecationWarning: The sql_engine_encoding option in [core] has been moved to the sql_engine_encoding option in [database] - the old setting has been used, but please update your config.
[2023-03-13T15:03:55.321-0400] {processor.py:153} INFO - Started process (PID=15360) to work on /Users/admin/opt/anaconda3/envs/python-airflow-venv/lib/python3.10/site-packages/airflow/example_dags/example_short_circuit_operator.py
[2023-03-13T15:03:55.321-0400] {processor.py:743} INFO - Processing file /Users/admin/opt/anaconda3/envs/python-airflow-venv/lib/python3.10/site-packages/airflow/example_dags/example_short_circuit_operator.py for tasks to queue
[2023-03-13T15:03:55.321-0400] {logging_mixin.py:137} INFO - [2023-03-13T15:03:55.321-0400] {dagbag.py:538} INFO - Filling up the DagBag from /Users/admin/opt/anaconda3/envs/python-airflow-venv/lib/python3.10/site-packages/airflow/example_dags/example_short_circuit_operator.py
[2023-03-13T15:03:55.380-0400] {processor.py:753} INFO - DAG(s) dict_keys(['example_short_circuit_operator']) retrieved from /Users/admin/opt/anaconda3/envs/python-airflow-venv/lib/python3.10/site-packages/airflow/example_dags/example_short_circuit_operator.py
[2023-03-13T15:03:55.426-0400] {logging_mixin.py:137} WARNING - /Users/admin/opt/anaconda3/envs/python-airflow-venv/lib/python3.10/site-packages/airflow/jobs/scheduler_job.py:124 DeprecationWarning: The processor_poll_interval option in [scheduler] has been renamed to scheduler_idle_sleep_time - the old setting has been used, but please update your config.
[2023-03-13T15:03:56.015-0400] {logging_mixin.py:137} INFO - [2023-03-13T15:03:56.015-0400] {dag.py:2690} INFO - Sync 1 DAGs
[2023-03-13T15:03:56.029-0400] {logging_mixin.py:137} INFO - [2023-03-13T15:03:56.029-0400] {dag.py:3437} INFO - Setting next_dagrun for example_short_circuit_operator to 2023-03-12T19:03:56.029019+00:00, run_after=2023-03-13T19:03:56.029019+00:00
[2023-03-13T15:03:56.047-0400] {processor.py:175} INFO - Processing /Users/admin/opt/anaconda3/envs/python-airflow-venv/lib/python3.10/site-packages/airflow/example_dags/example_short_circuit_operator.py took 0.733 seconds
[2023-03-13T15:05:50.917-0400] {logging_mixin.py:137} WARNING - /Users/admin/opt/anaconda3/envs/python-airflow-venv/lib/python3.10/site-packages/airflow/settings.py:337 DeprecationWarning: The sql_alchemy_pool_enabled option in [core] has been moved to the sql_alchemy_pool_enabled option in [database] - the old setting has been used, but please update your config.
[2023-03-13T15:05:50.922-0400] {logging_mixin.py:137} WARNING - /Users/admin/opt/anaconda3/envs/python-airflow-venv/lib/python3.10/site-packages/airflow/settings.py:400 DeprecationWarning: The sql_engine_encoding option in [core] has been moved to the sql_engine_encoding option in [database] - the old setting has been used, but please update your config.
[2023-03-13T15:05:50.922-0400] {processor.py:153} INFO - Started process (PID=15427) to work on /Users/admin/opt/anaconda3/envs/python-airflow-venv/lib/python3.10/site-packages/airflow/example_dags/example_short_circuit_operator.py
[2023-03-13T15:05:50.923-0400] {processor.py:743} INFO - Processing file /Users/admin/opt/anaconda3/envs/python-airflow-venv/lib/python3.10/site-packages/airflow/example_dags/example_short_circuit_operator.py for tasks to queue
[2023-03-13T15:05:50.923-0400] {logging_mixin.py:137} INFO - [2023-03-13T15:05:50.923-0400] {dagbag.py:538} INFO - Filling up the DagBag from /Users/admin/opt/anaconda3/envs/python-airflow-venv/lib/python3.10/site-packages/airflow/example_dags/example_short_circuit_operator.py
[2023-03-13T15:05:50.985-0400] {processor.py:753} INFO - DAG(s) dict_keys(['example_short_circuit_operator']) retrieved from /Users/admin/opt/anaconda3/envs/python-airflow-venv/lib/python3.10/site-packages/airflow/example_dags/example_short_circuit_operator.py
[2023-03-13T15:05:51.030-0400] {logging_mixin.py:137} WARNING - /Users/admin/opt/anaconda3/envs/python-airflow-venv/lib/python3.10/site-packages/airflow/jobs/scheduler_job.py:124 DeprecationWarning: The processor_poll_interval option in [scheduler] has been renamed to scheduler_idle_sleep_time - the old setting has been used, but please update your config.
[2023-03-13T15:05:51.606-0400] {logging_mixin.py:137} INFO - [2023-03-13T15:05:51.606-0400] {dag.py:2690} INFO - Sync 1 DAGs
[2023-03-13T15:05:51.620-0400] {logging_mixin.py:137} INFO - [2023-03-13T15:05:51.620-0400] {dag.py:3437} INFO - Setting next_dagrun for example_short_circuit_operator to 2023-03-12T19:05:51.620407+00:00, run_after=2023-03-13T19:05:51.620407+00:00
[2023-03-13T15:05:51.638-0400] {processor.py:175} INFO - Processing /Users/admin/opt/anaconda3/envs/python-airflow-venv/lib/python3.10/site-packages/airflow/example_dags/example_short_circuit_operator.py took 0.722 seconds
[2023-03-13T15:07:45.398-0400] {logging_mixin.py:137} WARNING - /Users/admin/opt/anaconda3/envs/python-airflow-venv/lib/python3.10/site-packages/airflow/settings.py:337 DeprecationWarning: The sql_alchemy_pool_enabled option in [core] has been moved to the sql_alchemy_pool_enabled option in [database] - the old setting has been used, but please update your config.
[2023-03-13T15:07:45.402-0400] {logging_mixin.py:137} WARNING - /Users/admin/opt/anaconda3/envs/python-airflow-venv/lib/python3.10/site-packages/airflow/settings.py:400 DeprecationWarning: The sql_engine_encoding option in [core] has been moved to the sql_engine_encoding option in [database] - the old setting has been used, but please update your config.
[2023-03-13T15:07:45.403-0400] {processor.py:153} INFO - Started process (PID=15498) to work on /Users/admin/opt/anaconda3/envs/python-airflow-venv/lib/python3.10/site-packages/airflow/example_dags/example_short_circuit_operator.py
[2023-03-13T15:07:45.403-0400] {processor.py:743} INFO - Processing file /Users/admin/opt/anaconda3/envs/python-airflow-venv/lib/python3.10/site-packages/airflow/example_dags/example_short_circuit_operator.py for tasks to queue
[2023-03-13T15:07:45.403-0400] {logging_mixin.py:137} INFO - [2023-03-13T15:07:45.403-0400] {dagbag.py:538} INFO - Filling up the DagBag from /Users/admin/opt/anaconda3/envs/python-airflow-venv/lib/python3.10/site-packages/airflow/example_dags/example_short_circuit_operator.py
[2023-03-13T15:07:45.463-0400] {processor.py:753} INFO - DAG(s) dict_keys(['example_short_circuit_operator']) retrieved from /Users/admin/opt/anaconda3/envs/python-airflow-venv/lib/python3.10/site-packages/airflow/example_dags/example_short_circuit_operator.py
[2023-03-13T15:07:45.509-0400] {logging_mixin.py:137} WARNING - /Users/admin/opt/anaconda3/envs/python-airflow-venv/lib/python3.10/site-packages/airflow/jobs/scheduler_job.py:124 DeprecationWarning: The processor_poll_interval option in [scheduler] has been renamed to scheduler_idle_sleep_time - the old setting has been used, but please update your config.
[2023-03-13T15:07:46.091-0400] {logging_mixin.py:137} INFO - [2023-03-13T15:07:46.091-0400] {dag.py:2690} INFO - Sync 1 DAGs
[2023-03-13T15:07:46.105-0400] {logging_mixin.py:137} INFO - [2023-03-13T15:07:46.105-0400] {dag.py:3437} INFO - Setting next_dagrun for example_short_circuit_operator to 2023-03-12T19:07:46.105536+00:00, run_after=2023-03-13T19:07:46.105536+00:00
[2023-03-13T15:07:46.121-0400] {processor.py:175} INFO - Processing /Users/admin/opt/anaconda3/envs/python-airflow-venv/lib/python3.10/site-packages/airflow/example_dags/example_short_circuit_operator.py took 0.725 seconds
[2023-03-13T15:09:40.203-0400] {logging_mixin.py:137} WARNING - /Users/admin/opt/anaconda3/envs/python-airflow-venv/lib/python3.10/site-packages/airflow/settings.py:337 DeprecationWarning: The sql_alchemy_pool_enabled option in [core] has been moved to the sql_alchemy_pool_enabled option in [database] - the old setting has been used, but please update your config.
[2023-03-13T15:09:40.207-0400] {logging_mixin.py:137} WARNING - /Users/admin/opt/anaconda3/envs/python-airflow-venv/lib/python3.10/site-packages/airflow/settings.py:400 DeprecationWarning: The sql_engine_encoding option in [core] has been moved to the sql_engine_encoding option in [database] - the old setting has been used, but please update your config.
[2023-03-13T15:09:40.208-0400] {processor.py:153} INFO - Started process (PID=15550) to work on /Users/admin/opt/anaconda3/envs/python-airflow-venv/lib/python3.10/site-packages/airflow/example_dags/example_short_circuit_operator.py
[2023-03-13T15:09:40.208-0400] {processor.py:743} INFO - Processing file /Users/admin/opt/anaconda3/envs/python-airflow-venv/lib/python3.10/site-packages/airflow/example_dags/example_short_circuit_operator.py for tasks to queue
[2023-03-13T15:09:40.208-0400] {logging_mixin.py:137} INFO - [2023-03-13T15:09:40.208-0400] {dagbag.py:538} INFO - Filling up the DagBag from /Users/admin/opt/anaconda3/envs/python-airflow-venv/lib/python3.10/site-packages/airflow/example_dags/example_short_circuit_operator.py
[2023-03-13T15:09:40.272-0400] {processor.py:753} INFO - DAG(s) dict_keys(['example_short_circuit_operator']) retrieved from /Users/admin/opt/anaconda3/envs/python-airflow-venv/lib/python3.10/site-packages/airflow/example_dags/example_short_circuit_operator.py
[2023-03-13T15:09:40.318-0400] {logging_mixin.py:137} WARNING - /Users/admin/opt/anaconda3/envs/python-airflow-venv/lib/python3.10/site-packages/airflow/jobs/scheduler_job.py:124 DeprecationWarning: The processor_poll_interval option in [scheduler] has been renamed to scheduler_idle_sleep_time - the old setting has been used, but please update your config.
[2023-03-13T15:09:40.899-0400] {logging_mixin.py:137} INFO - [2023-03-13T15:09:40.899-0400] {dag.py:2690} INFO - Sync 1 DAGs
[2023-03-13T15:09:40.913-0400] {logging_mixin.py:137} INFO - [2023-03-13T15:09:40.913-0400] {dag.py:3437} INFO - Setting next_dagrun for example_short_circuit_operator to 2023-03-12T19:09:40.913486+00:00, run_after=2023-03-13T19:09:40.913486+00:00
[2023-03-13T15:09:40.930-0400] {processor.py:175} INFO - Processing /Users/admin/opt/anaconda3/envs/python-airflow-venv/lib/python3.10/site-packages/airflow/example_dags/example_short_circuit_operator.py took 0.727 seconds
[2023-03-13T15:11:32.984-0400] {logging_mixin.py:137} WARNING - /Users/admin/opt/anaconda3/envs/python-airflow-venv/lib/python3.10/site-packages/airflow/settings.py:337 DeprecationWarning: The sql_alchemy_pool_enabled option in [core] has been moved to the sql_alchemy_pool_enabled option in [database] - the old setting has been used, but please update your config.
[2023-03-13T15:11:32.990-0400] {logging_mixin.py:137} WARNING - /Users/admin/opt/anaconda3/envs/python-airflow-venv/lib/python3.10/site-packages/airflow/settings.py:400 DeprecationWarning: The sql_engine_encoding option in [core] has been moved to the sql_engine_encoding option in [database] - the old setting has been used, but please update your config.
[2023-03-13T15:11:32.991-0400] {processor.py:153} INFO - Started process (PID=15600) to work on /Users/admin/opt/anaconda3/envs/python-airflow-venv/lib/python3.10/site-packages/airflow/example_dags/example_short_circuit_operator.py
[2023-03-13T15:11:32.991-0400] {processor.py:743} INFO - Processing file /Users/admin/opt/anaconda3/envs/python-airflow-venv/lib/python3.10/site-packages/airflow/example_dags/example_short_circuit_operator.py for tasks to queue
[2023-03-13T15:11:32.991-0400] {logging_mixin.py:137} INFO - [2023-03-13T15:11:32.991-0400] {dagbag.py:538} INFO - Filling up the DagBag from /Users/admin/opt/anaconda3/envs/python-airflow-venv/lib/python3.10/site-packages/airflow/example_dags/example_short_circuit_operator.py
[2023-03-13T15:11:33.050-0400] {processor.py:753} INFO - DAG(s) dict_keys(['example_short_circuit_operator']) retrieved from /Users/admin/opt/anaconda3/envs/python-airflow-venv/lib/python3.10/site-packages/airflow/example_dags/example_short_circuit_operator.py
[2023-03-13T15:11:33.096-0400] {logging_mixin.py:137} WARNING - /Users/admin/opt/anaconda3/envs/python-airflow-venv/lib/python3.10/site-packages/airflow/jobs/scheduler_job.py:124 DeprecationWarning: The processor_poll_interval option in [scheduler] has been renamed to scheduler_idle_sleep_time - the old setting has been used, but please update your config.
[2023-03-13T15:11:33.668-0400] {logging_mixin.py:137} INFO - [2023-03-13T15:11:33.667-0400] {dag.py:2690} INFO - Sync 1 DAGs
[2023-03-13T15:11:33.682-0400] {logging_mixin.py:137} INFO - [2023-03-13T15:11:33.681-0400] {dag.py:3437} INFO - Setting next_dagrun for example_short_circuit_operator to 2023-03-12T19:11:33.681786+00:00, run_after=2023-03-13T19:11:33.681786+00:00
[2023-03-13T15:11:33.699-0400] {processor.py:175} INFO - Processing /Users/admin/opt/anaconda3/envs/python-airflow-venv/lib/python3.10/site-packages/airflow/example_dags/example_short_circuit_operator.py took 0.716 seconds
[2023-03-13T15:13:27.615-0400] {logging_mixin.py:137} WARNING - /Users/admin/opt/anaconda3/envs/python-airflow-venv/lib/python3.10/site-packages/airflow/settings.py:337 DeprecationWarning: The sql_alchemy_pool_enabled option in [core] has been moved to the sql_alchemy_pool_enabled option in [database] - the old setting has been used, but please update your config.
[2023-03-13T15:13:27.620-0400] {logging_mixin.py:137} WARNING - /Users/admin/opt/anaconda3/envs/python-airflow-venv/lib/python3.10/site-packages/airflow/settings.py:400 DeprecationWarning: The sql_engine_encoding option in [core] has been moved to the sql_engine_encoding option in [database] - the old setting has been used, but please update your config.
[2023-03-13T15:13:27.621-0400] {processor.py:153} INFO - Started process (PID=15659) to work on /Users/admin/opt/anaconda3/envs/python-airflow-venv/lib/python3.10/site-packages/airflow/example_dags/example_short_circuit_operator.py
[2023-03-13T15:13:27.621-0400] {processor.py:743} INFO - Processing file /Users/admin/opt/anaconda3/envs/python-airflow-venv/lib/python3.10/site-packages/airflow/example_dags/example_short_circuit_operator.py for tasks to queue
[2023-03-13T15:13:27.621-0400] {logging_mixin.py:137} INFO - [2023-03-13T15:13:27.621-0400] {dagbag.py:538} INFO - Filling up the DagBag from /Users/admin/opt/anaconda3/envs/python-airflow-venv/lib/python3.10/site-packages/airflow/example_dags/example_short_circuit_operator.py
[2023-03-13T15:13:27.680-0400] {processor.py:753} INFO - DAG(s) dict_keys(['example_short_circuit_operator']) retrieved from /Users/admin/opt/anaconda3/envs/python-airflow-venv/lib/python3.10/site-packages/airflow/example_dags/example_short_circuit_operator.py
[2023-03-13T15:13:27.729-0400] {logging_mixin.py:137} WARNING - /Users/admin/opt/anaconda3/envs/python-airflow-venv/lib/python3.10/site-packages/airflow/jobs/scheduler_job.py:124 DeprecationWarning: The processor_poll_interval option in [scheduler] has been renamed to scheduler_idle_sleep_time - the old setting has been used, but please update your config.
[2023-03-13T15:13:28.338-0400] {logging_mixin.py:137} INFO - [2023-03-13T15:13:28.338-0400] {dag.py:2690} INFO - Sync 1 DAGs
[2023-03-13T15:13:28.352-0400] {logging_mixin.py:137} INFO - [2023-03-13T15:13:28.352-0400] {dag.py:3437} INFO - Setting next_dagrun for example_short_circuit_operator to 2023-03-12T19:13:28.352298+00:00, run_after=2023-03-13T19:13:28.352298+00:00
[2023-03-13T15:13:28.370-0400] {processor.py:175} INFO - Processing /Users/admin/opt/anaconda3/envs/python-airflow-venv/lib/python3.10/site-packages/airflow/example_dags/example_short_circuit_operator.py took 0.755 seconds
[2023-03-13T15:45:34.419-0400] {logging_mixin.py:137} WARNING - /Users/admin/opt/anaconda3/envs/python-airflow-venv/lib/python3.10/site-packages/airflow/settings.py:337 DeprecationWarning: The sql_alchemy_pool_enabled option in [core] has been moved to the sql_alchemy_pool_enabled option in [database] - the old setting has been used, but please update your config.
[2023-03-13T15:45:34.423-0400] {logging_mixin.py:137} WARNING - /Users/admin/opt/anaconda3/envs/python-airflow-venv/lib/python3.10/site-packages/airflow/settings.py:400 DeprecationWarning: The sql_engine_encoding option in [core] has been moved to the sql_engine_encoding option in [database] - the old setting has been used, but please update your config.
[2023-03-13T15:45:34.424-0400] {processor.py:153} INFO - Started process (PID=15735) to work on /Users/admin/opt/anaconda3/envs/python-airflow-venv/lib/python3.10/site-packages/airflow/example_dags/example_short_circuit_operator.py
[2023-03-13T15:45:34.424-0400] {processor.py:743} INFO - Processing file /Users/admin/opt/anaconda3/envs/python-airflow-venv/lib/python3.10/site-packages/airflow/example_dags/example_short_circuit_operator.py for tasks to queue
[2023-03-13T15:45:34.424-0400] {logging_mixin.py:137} INFO - [2023-03-13T15:45:34.424-0400] {dagbag.py:538} INFO - Filling up the DagBag from /Users/admin/opt/anaconda3/envs/python-airflow-venv/lib/python3.10/site-packages/airflow/example_dags/example_short_circuit_operator.py
[2023-03-13T15:45:34.481-0400] {processor.py:753} INFO - DAG(s) dict_keys(['example_short_circuit_operator']) retrieved from /Users/admin/opt/anaconda3/envs/python-airflow-venv/lib/python3.10/site-packages/airflow/example_dags/example_short_circuit_operator.py
[2023-03-13T15:45:34.527-0400] {logging_mixin.py:137} WARNING - /Users/admin/opt/anaconda3/envs/python-airflow-venv/lib/python3.10/site-packages/airflow/jobs/scheduler_job.py:124 DeprecationWarning: The processor_poll_interval option in [scheduler] has been renamed to scheduler_idle_sleep_time - the old setting has been used, but please update your config.
[2023-03-13T15:45:35.103-0400] {logging_mixin.py:137} INFO - [2023-03-13T15:45:35.103-0400] {dag.py:2690} INFO - Sync 1 DAGs
[2023-03-13T15:45:35.117-0400] {logging_mixin.py:137} INFO - [2023-03-13T15:45:35.117-0400] {dag.py:3437} INFO - Setting next_dagrun for example_short_circuit_operator to 2023-03-12T19:45:35.117262+00:00, run_after=2023-03-13T19:45:35.117262+00:00
[2023-03-13T15:45:35.138-0400] {processor.py:175} INFO - Processing /Users/admin/opt/anaconda3/envs/python-airflow-venv/lib/python3.10/site-packages/airflow/example_dags/example_short_circuit_operator.py took 0.720 seconds
[2023-03-13T15:47:34.056-0400] {logging_mixin.py:137} WARNING - /Users/admin/opt/anaconda3/envs/python-airflow-venv/lib/python3.10/site-packages/airflow/settings.py:337 DeprecationWarning: The sql_alchemy_pool_enabled option in [core] has been moved to the sql_alchemy_pool_enabled option in [database] - the old setting has been used, but please update your config.
[2023-03-13T15:47:34.062-0400] {logging_mixin.py:137} WARNING - /Users/admin/opt/anaconda3/envs/python-airflow-venv/lib/python3.10/site-packages/airflow/settings.py:400 DeprecationWarning: The sql_engine_encoding option in [core] has been moved to the sql_engine_encoding option in [database] - the old setting has been used, but please update your config.
[2023-03-13T15:47:34.062-0400] {processor.py:153} INFO - Started process (PID=15787) to work on /Users/admin/opt/anaconda3/envs/python-airflow-venv/lib/python3.10/site-packages/airflow/example_dags/example_short_circuit_operator.py
[2023-03-13T15:47:34.063-0400] {processor.py:743} INFO - Processing file /Users/admin/opt/anaconda3/envs/python-airflow-venv/lib/python3.10/site-packages/airflow/example_dags/example_short_circuit_operator.py for tasks to queue
[2023-03-13T15:47:34.063-0400] {logging_mixin.py:137} INFO - [2023-03-13T15:47:34.063-0400] {dagbag.py:538} INFO - Filling up the DagBag from /Users/admin/opt/anaconda3/envs/python-airflow-venv/lib/python3.10/site-packages/airflow/example_dags/example_short_circuit_operator.py
[2023-03-13T15:47:34.129-0400] {processor.py:753} INFO - DAG(s) dict_keys(['example_short_circuit_operator']) retrieved from /Users/admin/opt/anaconda3/envs/python-airflow-venv/lib/python3.10/site-packages/airflow/example_dags/example_short_circuit_operator.py
[2023-03-13T15:47:34.189-0400] {logging_mixin.py:137} WARNING - /Users/admin/opt/anaconda3/envs/python-airflow-venv/lib/python3.10/site-packages/airflow/jobs/scheduler_job.py:124 DeprecationWarning: The processor_poll_interval option in [scheduler] has been renamed to scheduler_idle_sleep_time - the old setting has been used, but please update your config.
[2023-03-13T15:47:34.944-0400] {logging_mixin.py:137} INFO - [2023-03-13T15:47:34.943-0400] {dag.py:2690} INFO - Sync 1 DAGs
[2023-03-13T15:47:34.963-0400] {logging_mixin.py:137} INFO - [2023-03-13T15:47:34.962-0400] {dag.py:3437} INFO - Setting next_dagrun for example_short_circuit_operator to 2023-03-12T19:47:34.962798+00:00, run_after=2023-03-13T19:47:34.962798+00:00
[2023-03-13T15:47:34.983-0400] {processor.py:175} INFO - Processing /Users/admin/opt/anaconda3/envs/python-airflow-venv/lib/python3.10/site-packages/airflow/example_dags/example_short_circuit_operator.py took 0.928 seconds
[2023-03-13T15:49:47.018-0400] {logging_mixin.py:137} WARNING - /Users/admin/opt/anaconda3/envs/python-airflow-venv/lib/python3.10/site-packages/airflow/settings.py:337 DeprecationWarning: The sql_alchemy_pool_enabled option in [core] has been moved to the sql_alchemy_pool_enabled option in [database] - the old setting has been used, but please update your config.
[2023-03-13T15:49:47.023-0400] {logging_mixin.py:137} WARNING - /Users/admin/opt/anaconda3/envs/python-airflow-venv/lib/python3.10/site-packages/airflow/settings.py:400 DeprecationWarning: The sql_engine_encoding option in [core] has been moved to the sql_engine_encoding option in [database] - the old setting has been used, but please update your config.
[2023-03-13T15:49:47.024-0400] {processor.py:153} INFO - Started process (PID=15840) to work on /Users/admin/opt/anaconda3/envs/python-airflow-venv/lib/python3.10/site-packages/airflow/example_dags/example_short_circuit_operator.py
[2023-03-13T15:49:47.024-0400] {processor.py:743} INFO - Processing file /Users/admin/opt/anaconda3/envs/python-airflow-venv/lib/python3.10/site-packages/airflow/example_dags/example_short_circuit_operator.py for tasks to queue
[2023-03-13T15:49:47.025-0400] {logging_mixin.py:137} INFO - [2023-03-13T15:49:47.025-0400] {dagbag.py:538} INFO - Filling up the DagBag from /Users/admin/opt/anaconda3/envs/python-airflow-venv/lib/python3.10/site-packages/airflow/example_dags/example_short_circuit_operator.py
[2023-03-13T15:49:47.095-0400] {processor.py:753} INFO - DAG(s) dict_keys(['example_short_circuit_operator']) retrieved from /Users/admin/opt/anaconda3/envs/python-airflow-venv/lib/python3.10/site-packages/airflow/example_dags/example_short_circuit_operator.py
[2023-03-13T15:49:47.153-0400] {logging_mixin.py:137} WARNING - /Users/admin/opt/anaconda3/envs/python-airflow-venv/lib/python3.10/site-packages/airflow/jobs/scheduler_job.py:124 DeprecationWarning: The processor_poll_interval option in [scheduler] has been renamed to scheduler_idle_sleep_time - the old setting has been used, but please update your config.
[2023-03-13T15:49:47.954-0400] {logging_mixin.py:137} INFO - [2023-03-13T15:49:47.954-0400] {dag.py:2690} INFO - Sync 1 DAGs
[2023-03-13T15:49:47.972-0400] {logging_mixin.py:137} INFO - [2023-03-13T15:49:47.972-0400] {dag.py:3437} INFO - Setting next_dagrun for example_short_circuit_operator to 2023-03-12T19:49:47.972548+00:00, run_after=2023-03-13T19:49:47.972548+00:00
[2023-03-13T15:49:47.999-0400] {processor.py:175} INFO - Processing /Users/admin/opt/anaconda3/envs/python-airflow-venv/lib/python3.10/site-packages/airflow/example_dags/example_short_circuit_operator.py took 0.982 seconds
[2023-03-13T15:52:05.174-0400] {logging_mixin.py:137} WARNING - /Users/admin/opt/anaconda3/envs/python-airflow-venv/lib/python3.10/site-packages/airflow/settings.py:337 DeprecationWarning: The sql_alchemy_pool_enabled option in [core] has been moved to the sql_alchemy_pool_enabled option in [database] - the old setting has been used, but please update your config.
[2023-03-13T15:52:05.181-0400] {logging_mixin.py:137} WARNING - /Users/admin/opt/anaconda3/envs/python-airflow-venv/lib/python3.10/site-packages/airflow/settings.py:400 DeprecationWarning: The sql_engine_encoding option in [core] has been moved to the sql_engine_encoding option in [database] - the old setting has been used, but please update your config.
[2023-03-13T15:52:05.182-0400] {processor.py:153} INFO - Started process (PID=15895) to work on /Users/admin/opt/anaconda3/envs/python-airflow-venv/lib/python3.10/site-packages/airflow/example_dags/example_short_circuit_operator.py
[2023-03-13T15:52:05.182-0400] {processor.py:743} INFO - Processing file /Users/admin/opt/anaconda3/envs/python-airflow-venv/lib/python3.10/site-packages/airflow/example_dags/example_short_circuit_operator.py for tasks to queue
[2023-03-13T15:52:05.183-0400] {logging_mixin.py:137} INFO - [2023-03-13T15:52:05.183-0400] {dagbag.py:538} INFO - Filling up the DagBag from /Users/admin/opt/anaconda3/envs/python-airflow-venv/lib/python3.10/site-packages/airflow/example_dags/example_short_circuit_operator.py
[2023-03-13T15:52:05.245-0400] {processor.py:753} INFO - DAG(s) dict_keys(['example_short_circuit_operator']) retrieved from /Users/admin/opt/anaconda3/envs/python-airflow-venv/lib/python3.10/site-packages/airflow/example_dags/example_short_circuit_operator.py
[2023-03-13T15:52:05.300-0400] {logging_mixin.py:137} WARNING - /Users/admin/opt/anaconda3/envs/python-airflow-venv/lib/python3.10/site-packages/airflow/jobs/scheduler_job.py:124 DeprecationWarning: The processor_poll_interval option in [scheduler] has been renamed to scheduler_idle_sleep_time - the old setting has been used, but please update your config.
[2023-03-13T15:52:06.022-0400] {logging_mixin.py:137} INFO - [2023-03-13T15:52:06.021-0400] {dag.py:2690} INFO - Sync 1 DAGs
[2023-03-13T15:52:06.040-0400] {logging_mixin.py:137} INFO - [2023-03-13T15:52:06.039-0400] {dag.py:3437} INFO - Setting next_dagrun for example_short_circuit_operator to 2023-03-12T19:52:06.039710+00:00, run_after=2023-03-13T19:52:06.039710+00:00
[2023-03-13T15:52:06.061-0400] {processor.py:175} INFO - Processing /Users/admin/opt/anaconda3/envs/python-airflow-venv/lib/python3.10/site-packages/airflow/example_dags/example_short_circuit_operator.py took 0.889 seconds
[2023-03-13T15:54:25.647-0400] {logging_mixin.py:137} WARNING - /Users/admin/opt/anaconda3/envs/python-airflow-venv/lib/python3.10/site-packages/airflow/settings.py:337 DeprecationWarning: The sql_alchemy_pool_enabled option in [core] has been moved to the sql_alchemy_pool_enabled option in [database] - the old setting has been used, but please update your config.
[2023-03-13T15:54:25.653-0400] {logging_mixin.py:137} WARNING - /Users/admin/opt/anaconda3/envs/python-airflow-venv/lib/python3.10/site-packages/airflow/settings.py:400 DeprecationWarning: The sql_engine_encoding option in [core] has been moved to the sql_engine_encoding option in [database] - the old setting has been used, but please update your config.
[2023-03-13T15:54:25.654-0400] {processor.py:153} INFO - Started process (PID=15949) to work on /Users/admin/opt/anaconda3/envs/python-airflow-venv/lib/python3.10/site-packages/airflow/example_dags/example_short_circuit_operator.py
[2023-03-13T15:54:25.654-0400] {processor.py:743} INFO - Processing file /Users/admin/opt/anaconda3/envs/python-airflow-venv/lib/python3.10/site-packages/airflow/example_dags/example_short_circuit_operator.py for tasks to queue
[2023-03-13T15:54:25.655-0400] {logging_mixin.py:137} INFO - [2023-03-13T15:54:25.655-0400] {dagbag.py:538} INFO - Filling up the DagBag from /Users/admin/opt/anaconda3/envs/python-airflow-venv/lib/python3.10/site-packages/airflow/example_dags/example_short_circuit_operator.py
[2023-03-13T15:54:25.730-0400] {processor.py:753} INFO - DAG(s) dict_keys(['example_short_circuit_operator']) retrieved from /Users/admin/opt/anaconda3/envs/python-airflow-venv/lib/python3.10/site-packages/airflow/example_dags/example_short_circuit_operator.py
[2023-03-13T15:54:25.796-0400] {logging_mixin.py:137} WARNING - /Users/admin/opt/anaconda3/envs/python-airflow-venv/lib/python3.10/site-packages/airflow/jobs/scheduler_job.py:124 DeprecationWarning: The processor_poll_interval option in [scheduler] has been renamed to scheduler_idle_sleep_time - the old setting has been used, but please update your config.
[2023-03-13T15:54:26.626-0400] {logging_mixin.py:137} INFO - [2023-03-13T15:54:26.626-0400] {dag.py:2690} INFO - Sync 1 DAGs
[2023-03-13T15:54:26.645-0400] {logging_mixin.py:137} INFO - [2023-03-13T15:54:26.645-0400] {dag.py:3437} INFO - Setting next_dagrun for example_short_circuit_operator to 2023-03-12T19:54:26.645149+00:00, run_after=2023-03-13T19:54:26.645149+00:00
[2023-03-13T15:54:26.668-0400] {processor.py:175} INFO - Processing /Users/admin/opt/anaconda3/envs/python-airflow-venv/lib/python3.10/site-packages/airflow/example_dags/example_short_circuit_operator.py took 1.022 seconds
[2023-03-13T15:56:47.318-0400] {logging_mixin.py:137} WARNING - /Users/admin/opt/anaconda3/envs/python-airflow-venv/lib/python3.10/site-packages/airflow/settings.py:337 DeprecationWarning: The sql_alchemy_pool_enabled option in [core] has been moved to the sql_alchemy_pool_enabled option in [database] - the old setting has been used, but please update your config.
[2023-03-13T15:56:47.327-0400] {logging_mixin.py:137} WARNING - /Users/admin/opt/anaconda3/envs/python-airflow-venv/lib/python3.10/site-packages/airflow/settings.py:400 DeprecationWarning: The sql_engine_encoding option in [core] has been moved to the sql_engine_encoding option in [database] - the old setting has been used, but please update your config.
[2023-03-13T15:56:47.328-0400] {processor.py:153} INFO - Started process (PID=16001) to work on /Users/admin/opt/anaconda3/envs/python-airflow-venv/lib/python3.10/site-packages/airflow/example_dags/example_short_circuit_operator.py
[2023-03-13T15:56:47.328-0400] {processor.py:743} INFO - Processing file /Users/admin/opt/anaconda3/envs/python-airflow-venv/lib/python3.10/site-packages/airflow/example_dags/example_short_circuit_operator.py for tasks to queue
[2023-03-13T15:56:47.329-0400] {logging_mixin.py:137} INFO - [2023-03-13T15:56:47.328-0400] {dagbag.py:538} INFO - Filling up the DagBag from /Users/admin/opt/anaconda3/envs/python-airflow-venv/lib/python3.10/site-packages/airflow/example_dags/example_short_circuit_operator.py
[2023-03-13T15:56:47.406-0400] {processor.py:753} INFO - DAG(s) dict_keys(['example_short_circuit_operator']) retrieved from /Users/admin/opt/anaconda3/envs/python-airflow-venv/lib/python3.10/site-packages/airflow/example_dags/example_short_circuit_operator.py
[2023-03-13T15:56:47.486-0400] {logging_mixin.py:137} WARNING - /Users/admin/opt/anaconda3/envs/python-airflow-venv/lib/python3.10/site-packages/airflow/jobs/scheduler_job.py:124 DeprecationWarning: The processor_poll_interval option in [scheduler] has been renamed to scheduler_idle_sleep_time - the old setting has been used, but please update your config.
[2023-03-13T15:56:48.407-0400] {logging_mixin.py:137} INFO - [2023-03-13T15:56:48.407-0400] {dag.py:2690} INFO - Sync 1 DAGs
[2023-03-13T15:56:48.433-0400] {logging_mixin.py:137} INFO - [2023-03-13T15:56:48.433-0400] {dag.py:3437} INFO - Setting next_dagrun for example_short_circuit_operator to 2023-03-12T19:56:48.433525+00:00, run_after=2023-03-13T19:56:48.433525+00:00
[2023-03-13T15:56:48.459-0400] {processor.py:175} INFO - Processing /Users/admin/opt/anaconda3/envs/python-airflow-venv/lib/python3.10/site-packages/airflow/example_dags/example_short_circuit_operator.py took 1.142 seconds
[2023-03-13T15:59:39.607-0400] {logging_mixin.py:137} WARNING - /Users/admin/opt/anaconda3/envs/python-airflow-venv/lib/python3.10/site-packages/airflow/settings.py:337 DeprecationWarning: The sql_alchemy_pool_enabled option in [core] has been moved to the sql_alchemy_pool_enabled option in [database] - the old setting has been used, but please update your config.
[2023-03-13T15:59:39.616-0400] {logging_mixin.py:137} WARNING - /Users/admin/opt/anaconda3/envs/python-airflow-venv/lib/python3.10/site-packages/airflow/settings.py:400 DeprecationWarning: The sql_engine_encoding option in [core] has been moved to the sql_engine_encoding option in [database] - the old setting has been used, but please update your config.
[2023-03-13T15:59:39.617-0400] {processor.py:153} INFO - Started process (PID=16064) to work on /Users/admin/opt/anaconda3/envs/python-airflow-venv/lib/python3.10/site-packages/airflow/example_dags/example_short_circuit_operator.py
[2023-03-13T15:59:39.617-0400] {processor.py:743} INFO - Processing file /Users/admin/opt/anaconda3/envs/python-airflow-venv/lib/python3.10/site-packages/airflow/example_dags/example_short_circuit_operator.py for tasks to queue
[2023-03-13T15:59:39.617-0400] {logging_mixin.py:137} INFO - [2023-03-13T15:59:39.617-0400] {dagbag.py:538} INFO - Filling up the DagBag from /Users/admin/opt/anaconda3/envs/python-airflow-venv/lib/python3.10/site-packages/airflow/example_dags/example_short_circuit_operator.py
[2023-03-13T15:59:39.695-0400] {processor.py:753} INFO - DAG(s) dict_keys(['example_short_circuit_operator']) retrieved from /Users/admin/opt/anaconda3/envs/python-airflow-venv/lib/python3.10/site-packages/airflow/example_dags/example_short_circuit_operator.py
[2023-03-13T15:59:39.774-0400] {logging_mixin.py:137} WARNING - /Users/admin/opt/anaconda3/envs/python-airflow-venv/lib/python3.10/site-packages/airflow/jobs/scheduler_job.py:124 DeprecationWarning: The processor_poll_interval option in [scheduler] has been renamed to scheduler_idle_sleep_time - the old setting has been used, but please update your config.
[2023-03-13T15:59:40.733-0400] {logging_mixin.py:137} INFO - [2023-03-13T15:59:40.732-0400] {dag.py:2690} INFO - Sync 1 DAGs
[2023-03-13T15:59:40.755-0400] {logging_mixin.py:137} INFO - [2023-03-13T15:59:40.755-0400] {dag.py:3437} INFO - Setting next_dagrun for example_short_circuit_operator to 2023-03-12T19:59:40.754979+00:00, run_after=2023-03-13T19:59:40.754979+00:00
[2023-03-13T15:59:40.780-0400] {processor.py:175} INFO - Processing /Users/admin/opt/anaconda3/envs/python-airflow-venv/lib/python3.10/site-packages/airflow/example_dags/example_short_circuit_operator.py took 1.175 seconds
[2023-03-13T16:03:05.131-0400] {logging_mixin.py:137} WARNING - /Users/admin/opt/anaconda3/envs/python-airflow-venv/lib/python3.10/site-packages/airflow/settings.py:337 DeprecationWarning: The sql_alchemy_pool_enabled option in [core] has been moved to the sql_alchemy_pool_enabled option in [database] - the old setting has been used, but please update your config.
[2023-03-13T16:03:05.144-0400] {logging_mixin.py:137} WARNING - /Users/admin/opt/anaconda3/envs/python-airflow-venv/lib/python3.10/site-packages/airflow/settings.py:400 DeprecationWarning: The sql_engine_encoding option in [core] has been moved to the sql_engine_encoding option in [database] - the old setting has been used, but please update your config.
[2023-03-13T16:03:05.146-0400] {processor.py:153} INFO - Started process (PID=16129) to work on /Users/admin/opt/anaconda3/envs/python-airflow-venv/lib/python3.10/site-packages/airflow/example_dags/example_short_circuit_operator.py
[2023-03-13T16:03:05.147-0400] {processor.py:743} INFO - Processing file /Users/admin/opt/anaconda3/envs/python-airflow-venv/lib/python3.10/site-packages/airflow/example_dags/example_short_circuit_operator.py for tasks to queue
[2023-03-13T16:03:05.147-0400] {logging_mixin.py:137} INFO - [2023-03-13T16:03:05.147-0400] {dagbag.py:538} INFO - Filling up the DagBag from /Users/admin/opt/anaconda3/envs/python-airflow-venv/lib/python3.10/site-packages/airflow/example_dags/example_short_circuit_operator.py
[2023-03-13T16:03:05.293-0400] {processor.py:753} INFO - DAG(s) dict_keys(['example_short_circuit_operator']) retrieved from /Users/admin/opt/anaconda3/envs/python-airflow-venv/lib/python3.10/site-packages/airflow/example_dags/example_short_circuit_operator.py
[2023-03-13T16:03:05.452-0400] {logging_mixin.py:137} WARNING - /Users/admin/opt/anaconda3/envs/python-airflow-venv/lib/python3.10/site-packages/airflow/jobs/scheduler_job.py:124 DeprecationWarning: The processor_poll_interval option in [scheduler] has been renamed to scheduler_idle_sleep_time - the old setting has been used, but please update your config.
[2023-03-13T16:03:07.238-0400] {logging_mixin.py:137} INFO - [2023-03-13T16:03:07.237-0400] {dag.py:2690} INFO - Sync 1 DAGs
[2023-03-13T16:03:07.287-0400] {logging_mixin.py:137} INFO - [2023-03-13T16:03:07.287-0400] {dag.py:3437} INFO - Setting next_dagrun for example_short_circuit_operator to 2023-03-12T20:03:07.287048+00:00, run_after=2023-03-13T20:03:07.287048+00:00
[2023-03-13T16:03:07.334-0400] {processor.py:175} INFO - Processing /Users/admin/opt/anaconda3/envs/python-airflow-venv/lib/python3.10/site-packages/airflow/example_dags/example_short_circuit_operator.py took 2.205 seconds
[2023-03-13T16:08:55.815-0400] {logging_mixin.py:137} WARNING - /Users/admin/opt/anaconda3/envs/python-airflow-venv/lib/python3.10/site-packages/airflow/settings.py:337 DeprecationWarning: The sql_alchemy_pool_enabled option in [core] has been moved to the sql_alchemy_pool_enabled option in [database] - the old setting has been used, but please update your config.
[2023-03-13T16:08:55.831-0400] {logging_mixin.py:137} WARNING - /Users/admin/opt/anaconda3/envs/python-airflow-venv/lib/python3.10/site-packages/airflow/settings.py:400 DeprecationWarning: The sql_engine_encoding option in [core] has been moved to the sql_engine_encoding option in [database] - the old setting has been used, but please update your config.
[2023-03-13T16:08:55.833-0400] {processor.py:153} INFO - Started process (PID=16198) to work on /Users/admin/opt/anaconda3/envs/python-airflow-venv/lib/python3.10/site-packages/airflow/example_dags/example_short_circuit_operator.py
[2023-03-13T16:08:55.834-0400] {processor.py:743} INFO - Processing file /Users/admin/opt/anaconda3/envs/python-airflow-venv/lib/python3.10/site-packages/airflow/example_dags/example_short_circuit_operator.py for tasks to queue
[2023-03-13T16:08:55.835-0400] {logging_mixin.py:137} INFO - [2023-03-13T16:08:55.835-0400] {dagbag.py:538} INFO - Filling up the DagBag from /Users/admin/opt/anaconda3/envs/python-airflow-venv/lib/python3.10/site-packages/airflow/example_dags/example_short_circuit_operator.py
[2023-03-13T16:08:56.006-0400] {processor.py:753} INFO - DAG(s) dict_keys(['example_short_circuit_operator']) retrieved from /Users/admin/opt/anaconda3/envs/python-airflow-venv/lib/python3.10/site-packages/airflow/example_dags/example_short_circuit_operator.py
[2023-03-13T16:08:56.178-0400] {logging_mixin.py:137} WARNING - /Users/admin/opt/anaconda3/envs/python-airflow-venv/lib/python3.10/site-packages/airflow/jobs/scheduler_job.py:124 DeprecationWarning: The processor_poll_interval option in [scheduler] has been renamed to scheduler_idle_sleep_time - the old setting has been used, but please update your config.
[2023-03-13T16:08:58.297-0400] {logging_mixin.py:137} INFO - [2023-03-13T16:08:58.296-0400] {dag.py:2690} INFO - Sync 1 DAGs
[2023-03-13T16:08:58.348-0400] {logging_mixin.py:137} INFO - [2023-03-13T16:08:58.348-0400] {dag.py:3437} INFO - Setting next_dagrun for example_short_circuit_operator to 2023-03-12T20:08:58.348227+00:00, run_after=2023-03-13T20:08:58.348227+00:00
[2023-03-13T16:08:58.405-0400] {processor.py:175} INFO - Processing /Users/admin/opt/anaconda3/envs/python-airflow-venv/lib/python3.10/site-packages/airflow/example_dags/example_short_circuit_operator.py took 2.592 seconds
[2023-03-13T16:13:03.386-0400] {logging_mixin.py:137} WARNING - /Users/admin/opt/anaconda3/envs/python-airflow-venv/lib/python3.10/site-packages/airflow/settings.py:337 DeprecationWarning: The sql_alchemy_pool_enabled option in [core] has been moved to the sql_alchemy_pool_enabled option in [database] - the old setting has been used, but please update your config.
[2023-03-13T16:13:03.391-0400] {logging_mixin.py:137} WARNING - /Users/admin/opt/anaconda3/envs/python-airflow-venv/lib/python3.10/site-packages/airflow/settings.py:400 DeprecationWarning: The sql_engine_encoding option in [core] has been moved to the sql_engine_encoding option in [database] - the old setting has been used, but please update your config.
[2023-03-13T16:13:03.392-0400] {processor.py:153} INFO - Started process (PID=16262) to work on /Users/admin/opt/anaconda3/envs/python-airflow-venv/lib/python3.10/site-packages/airflow/example_dags/example_short_circuit_operator.py
[2023-03-13T16:13:03.392-0400] {processor.py:743} INFO - Processing file /Users/admin/opt/anaconda3/envs/python-airflow-venv/lib/python3.10/site-packages/airflow/example_dags/example_short_circuit_operator.py for tasks to queue
[2023-03-13T16:13:03.393-0400] {logging_mixin.py:137} INFO - [2023-03-13T16:13:03.393-0400] {dagbag.py:538} INFO - Filling up the DagBag from /Users/admin/opt/anaconda3/envs/python-airflow-venv/lib/python3.10/site-packages/airflow/example_dags/example_short_circuit_operator.py
[2023-03-13T16:13:03.459-0400] {processor.py:753} INFO - DAG(s) dict_keys(['example_short_circuit_operator']) retrieved from /Users/admin/opt/anaconda3/envs/python-airflow-venv/lib/python3.10/site-packages/airflow/example_dags/example_short_circuit_operator.py
[2023-03-13T16:13:03.520-0400] {logging_mixin.py:137} WARNING - /Users/admin/opt/anaconda3/envs/python-airflow-venv/lib/python3.10/site-packages/airflow/jobs/scheduler_job.py:124 DeprecationWarning: The processor_poll_interval option in [scheduler] has been renamed to scheduler_idle_sleep_time - the old setting has been used, but please update your config.
[2023-03-13T16:13:04.270-0400] {logging_mixin.py:137} INFO - [2023-03-13T16:13:04.270-0400] {dag.py:2690} INFO - Sync 1 DAGs
[2023-03-13T16:13:04.289-0400] {logging_mixin.py:137} INFO - [2023-03-13T16:13:04.289-0400] {dag.py:3437} INFO - Setting next_dagrun for example_short_circuit_operator to 2023-03-12T20:13:04.289299+00:00, run_after=2023-03-13T20:13:04.289299+00:00
[2023-03-13T16:13:04.313-0400] {processor.py:175} INFO - Processing /Users/admin/opt/anaconda3/envs/python-airflow-venv/lib/python3.10/site-packages/airflow/example_dags/example_short_circuit_operator.py took 0.928 seconds
[2023-03-13T16:17:10.956-0400] {logging_mixin.py:137} WARNING - /Users/admin/opt/anaconda3/envs/python-airflow-venv/lib/python3.10/site-packages/airflow/settings.py:337 DeprecationWarning: The sql_alchemy_pool_enabled option in [core] has been moved to the sql_alchemy_pool_enabled option in [database] - the old setting has been used, but please update your config.
[2023-03-13T16:17:10.961-0400] {logging_mixin.py:137} WARNING - /Users/admin/opt/anaconda3/envs/python-airflow-venv/lib/python3.10/site-packages/airflow/settings.py:400 DeprecationWarning: The sql_engine_encoding option in [core] has been moved to the sql_engine_encoding option in [database] - the old setting has been used, but please update your config.
[2023-03-13T16:17:10.961-0400] {processor.py:153} INFO - Started process (PID=16322) to work on /Users/admin/opt/anaconda3/envs/python-airflow-venv/lib/python3.10/site-packages/airflow/example_dags/example_short_circuit_operator.py
[2023-03-13T16:17:10.962-0400] {processor.py:743} INFO - Processing file /Users/admin/opt/anaconda3/envs/python-airflow-venv/lib/python3.10/site-packages/airflow/example_dags/example_short_circuit_operator.py for tasks to queue
[2023-03-13T16:17:10.962-0400] {logging_mixin.py:137} INFO - [2023-03-13T16:17:10.962-0400] {dagbag.py:538} INFO - Filling up the DagBag from /Users/admin/opt/anaconda3/envs/python-airflow-venv/lib/python3.10/site-packages/airflow/example_dags/example_short_circuit_operator.py
[2023-03-13T16:17:11.024-0400] {processor.py:753} INFO - DAG(s) dict_keys(['example_short_circuit_operator']) retrieved from /Users/admin/opt/anaconda3/envs/python-airflow-venv/lib/python3.10/site-packages/airflow/example_dags/example_short_circuit_operator.py
[2023-03-13T16:17:11.074-0400] {logging_mixin.py:137} WARNING - /Users/admin/opt/anaconda3/envs/python-airflow-venv/lib/python3.10/site-packages/airflow/jobs/scheduler_job.py:124 DeprecationWarning: The processor_poll_interval option in [scheduler] has been renamed to scheduler_idle_sleep_time - the old setting has been used, but please update your config.
[2023-03-13T16:17:11.709-0400] {logging_mixin.py:137} INFO - [2023-03-13T16:17:11.709-0400] {dag.py:2690} INFO - Sync 1 DAGs
[2023-03-13T16:17:11.724-0400] {logging_mixin.py:137} INFO - [2023-03-13T16:17:11.724-0400] {dag.py:3437} INFO - Setting next_dagrun for example_short_circuit_operator to 2023-03-12T20:17:11.724636+00:00, run_after=2023-03-13T20:17:11.724636+00:00
[2023-03-13T16:17:11.745-0400] {processor.py:175} INFO - Processing /Users/admin/opt/anaconda3/envs/python-airflow-venv/lib/python3.10/site-packages/airflow/example_dags/example_short_circuit_operator.py took 0.790 seconds
[2023-03-13T16:19:07.823-0400] {logging_mixin.py:137} WARNING - /Users/admin/opt/anaconda3/envs/python-airflow-venv/lib/python3.10/site-packages/airflow/settings.py:337 DeprecationWarning: The sql_alchemy_pool_enabled option in [core] has been moved to the sql_alchemy_pool_enabled option in [database] - the old setting has been used, but please update your config.
[2023-03-13T16:19:07.828-0400] {logging_mixin.py:137} WARNING - /Users/admin/opt/anaconda3/envs/python-airflow-venv/lib/python3.10/site-packages/airflow/settings.py:400 DeprecationWarning: The sql_engine_encoding option in [core] has been moved to the sql_engine_encoding option in [database] - the old setting has been used, but please update your config.
[2023-03-13T16:19:07.829-0400] {processor.py:153} INFO - Started process (PID=16381) to work on /Users/admin/opt/anaconda3/envs/python-airflow-venv/lib/python3.10/site-packages/airflow/example_dags/example_short_circuit_operator.py
[2023-03-13T16:19:07.829-0400] {processor.py:743} INFO - Processing file /Users/admin/opt/anaconda3/envs/python-airflow-venv/lib/python3.10/site-packages/airflow/example_dags/example_short_circuit_operator.py for tasks to queue
[2023-03-13T16:19:07.829-0400] {logging_mixin.py:137} INFO - [2023-03-13T16:19:07.829-0400] {dagbag.py:538} INFO - Filling up the DagBag from /Users/admin/opt/anaconda3/envs/python-airflow-venv/lib/python3.10/site-packages/airflow/example_dags/example_short_circuit_operator.py
[2023-03-13T16:19:07.894-0400] {processor.py:753} INFO - DAG(s) dict_keys(['example_short_circuit_operator']) retrieved from /Users/admin/opt/anaconda3/envs/python-airflow-venv/lib/python3.10/site-packages/airflow/example_dags/example_short_circuit_operator.py
[2023-03-13T16:19:07.950-0400] {logging_mixin.py:137} WARNING - /Users/admin/opt/anaconda3/envs/python-airflow-venv/lib/python3.10/site-packages/airflow/jobs/scheduler_job.py:124 DeprecationWarning: The processor_poll_interval option in [scheduler] has been renamed to scheduler_idle_sleep_time - the old setting has been used, but please update your config.
[2023-03-13T16:19:08.655-0400] {logging_mixin.py:137} INFO - [2023-03-13T16:19:08.654-0400] {dag.py:2690} INFO - Sync 1 DAGs
[2023-03-13T16:19:08.672-0400] {logging_mixin.py:137} INFO - [2023-03-13T16:19:08.672-0400] {dag.py:3437} INFO - Setting next_dagrun for example_short_circuit_operator to 2023-03-12T20:19:08.672262+00:00, run_after=2023-03-13T20:19:08.672262+00:00
[2023-03-13T16:19:08.694-0400] {processor.py:175} INFO - Processing /Users/admin/opt/anaconda3/envs/python-airflow-venv/lib/python3.10/site-packages/airflow/example_dags/example_short_circuit_operator.py took 0.872 seconds
[2023-03-13T16:22:45.784-0400] {logging_mixin.py:137} WARNING - /Users/admin/opt/anaconda3/envs/python-airflow-venv/lib/python3.10/site-packages/airflow/settings.py:337 DeprecationWarning: The sql_alchemy_pool_enabled option in [core] has been moved to the sql_alchemy_pool_enabled option in [database] - the old setting has been used, but please update your config.
[2023-03-13T16:22:45.794-0400] {logging_mixin.py:137} WARNING - /Users/admin/opt/anaconda3/envs/python-airflow-venv/lib/python3.10/site-packages/airflow/settings.py:400 DeprecationWarning: The sql_engine_encoding option in [core] has been moved to the sql_engine_encoding option in [database] - the old setting has been used, but please update your config.
[2023-03-13T16:22:45.795-0400] {processor.py:153} INFO - Started process (PID=16449) to work on /Users/admin/opt/anaconda3/envs/python-airflow-venv/lib/python3.10/site-packages/airflow/example_dags/example_short_circuit_operator.py
[2023-03-13T16:22:45.795-0400] {processor.py:743} INFO - Processing file /Users/admin/opt/anaconda3/envs/python-airflow-venv/lib/python3.10/site-packages/airflow/example_dags/example_short_circuit_operator.py for tasks to queue
[2023-03-13T16:22:45.796-0400] {logging_mixin.py:137} INFO - [2023-03-13T16:22:45.796-0400] {dagbag.py:538} INFO - Filling up the DagBag from /Users/admin/opt/anaconda3/envs/python-airflow-venv/lib/python3.10/site-packages/airflow/example_dags/example_short_circuit_operator.py
[2023-03-13T16:22:45.910-0400] {processor.py:753} INFO - DAG(s) dict_keys(['example_short_circuit_operator']) retrieved from /Users/admin/opt/anaconda3/envs/python-airflow-venv/lib/python3.10/site-packages/airflow/example_dags/example_short_circuit_operator.py
[2023-03-13T16:22:46.023-0400] {logging_mixin.py:137} WARNING - /Users/admin/opt/anaconda3/envs/python-airflow-venv/lib/python3.10/site-packages/airflow/jobs/scheduler_job.py:124 DeprecationWarning: The processor_poll_interval option in [scheduler] has been renamed to scheduler_idle_sleep_time - the old setting has been used, but please update your config.
[2023-03-13T16:22:47.468-0400] {logging_mixin.py:137} INFO - [2023-03-13T16:22:47.467-0400] {dag.py:2690} INFO - Sync 1 DAGs
[2023-03-13T16:22:47.504-0400] {logging_mixin.py:137} INFO - [2023-03-13T16:22:47.503-0400] {dag.py:3437} INFO - Setting next_dagrun for example_short_circuit_operator to 2023-03-12T20:22:47.503288+00:00, run_after=2023-03-13T20:22:47.503288+00:00
[2023-03-13T16:22:47.542-0400] {processor.py:175} INFO - Processing /Users/admin/opt/anaconda3/envs/python-airflow-venv/lib/python3.10/site-packages/airflow/example_dags/example_short_circuit_operator.py took 1.760 seconds
[2023-03-13T16:28:09.264-0400] {logging_mixin.py:137} WARNING - /Users/admin/opt/anaconda3/envs/python-airflow-venv/lib/python3.10/site-packages/airflow/settings.py:337 DeprecationWarning: The sql_alchemy_pool_enabled option in [core] has been moved to the sql_alchemy_pool_enabled option in [database] - the old setting has been used, but please update your config.
[2023-03-13T16:28:09.279-0400] {logging_mixin.py:137} WARNING - /Users/admin/opt/anaconda3/envs/python-airflow-venv/lib/python3.10/site-packages/airflow/settings.py:400 DeprecationWarning: The sql_engine_encoding option in [core] has been moved to the sql_engine_encoding option in [database] - the old setting has been used, but please update your config.
[2023-03-13T16:28:09.281-0400] {processor.py:153} INFO - Started process (PID=16518) to work on /Users/admin/opt/anaconda3/envs/python-airflow-venv/lib/python3.10/site-packages/airflow/example_dags/example_short_circuit_operator.py
[2023-03-13T16:28:09.282-0400] {processor.py:743} INFO - Processing file /Users/admin/opt/anaconda3/envs/python-airflow-venv/lib/python3.10/site-packages/airflow/example_dags/example_short_circuit_operator.py for tasks to queue
[2023-03-13T16:28:09.283-0400] {logging_mixin.py:137} INFO - [2023-03-13T16:28:09.283-0400] {dagbag.py:538} INFO - Filling up the DagBag from /Users/admin/opt/anaconda3/envs/python-airflow-venv/lib/python3.10/site-packages/airflow/example_dags/example_short_circuit_operator.py
[2023-03-13T16:28:09.452-0400] {processor.py:753} INFO - DAG(s) dict_keys(['example_short_circuit_operator']) retrieved from /Users/admin/opt/anaconda3/envs/python-airflow-venv/lib/python3.10/site-packages/airflow/example_dags/example_short_circuit_operator.py
[2023-03-13T16:28:09.624-0400] {logging_mixin.py:137} WARNING - /Users/admin/opt/anaconda3/envs/python-airflow-venv/lib/python3.10/site-packages/airflow/jobs/scheduler_job.py:124 DeprecationWarning: The processor_poll_interval option in [scheduler] has been renamed to scheduler_idle_sleep_time - the old setting has been used, but please update your config.
[2023-03-13T16:28:11.713-0400] {logging_mixin.py:137} INFO - [2023-03-13T16:28:11.712-0400] {dag.py:2690} INFO - Sync 1 DAGs
[2023-03-13T16:28:11.763-0400] {logging_mixin.py:137} INFO - [2023-03-13T16:28:11.762-0400] {dag.py:3437} INFO - Setting next_dagrun for example_short_circuit_operator to 2023-03-12T20:28:11.762368+00:00, run_after=2023-03-13T20:28:11.762368+00:00
[2023-03-13T16:28:11.820-0400] {processor.py:175} INFO - Processing /Users/admin/opt/anaconda3/envs/python-airflow-venv/lib/python3.10/site-packages/airflow/example_dags/example_short_circuit_operator.py took 2.559 seconds
[2023-03-13T16:55:00.607-0400] {logging_mixin.py:137} WARNING - /Users/admin/opt/anaconda3/envs/python-airflow-venv/lib/python3.10/site-packages/airflow/settings.py:337 DeprecationWarning: The sql_alchemy_pool_enabled option in [core] has been moved to the sql_alchemy_pool_enabled option in [database] - the old setting has been used, but please update your config.
[2023-03-13T16:55:00.611-0400] {logging_mixin.py:137} WARNING - /Users/admin/opt/anaconda3/envs/python-airflow-venv/lib/python3.10/site-packages/airflow/settings.py:400 DeprecationWarning: The sql_engine_encoding option in [core] has been moved to the sql_engine_encoding option in [database] - the old setting has been used, but please update your config.
[2023-03-13T16:55:00.612-0400] {processor.py:153} INFO - Started process (PID=16591) to work on /Users/admin/opt/anaconda3/envs/python-airflow-venv/lib/python3.10/site-packages/airflow/example_dags/example_short_circuit_operator.py
[2023-03-13T16:55:00.612-0400] {processor.py:743} INFO - Processing file /Users/admin/opt/anaconda3/envs/python-airflow-venv/lib/python3.10/site-packages/airflow/example_dags/example_short_circuit_operator.py for tasks to queue
[2023-03-13T16:55:00.612-0400] {logging_mixin.py:137} INFO - [2023-03-13T16:55:00.612-0400] {dagbag.py:538} INFO - Filling up the DagBag from /Users/admin/opt/anaconda3/envs/python-airflow-venv/lib/python3.10/site-packages/airflow/example_dags/example_short_circuit_operator.py
[2023-03-13T16:55:00.665-0400] {processor.py:753} INFO - DAG(s) dict_keys(['example_short_circuit_operator']) retrieved from /Users/admin/opt/anaconda3/envs/python-airflow-venv/lib/python3.10/site-packages/airflow/example_dags/example_short_circuit_operator.py
[2023-03-13T16:55:00.711-0400] {logging_mixin.py:137} WARNING - /Users/admin/opt/anaconda3/envs/python-airflow-venv/lib/python3.10/site-packages/airflow/jobs/scheduler_job.py:124 DeprecationWarning: The processor_poll_interval option in [scheduler] has been renamed to scheduler_idle_sleep_time - the old setting has been used, but please update your config.
[2023-03-13T16:55:01.278-0400] {logging_mixin.py:137} INFO - [2023-03-13T16:55:01.278-0400] {dag.py:2690} INFO - Sync 1 DAGs
[2023-03-13T16:55:01.292-0400] {logging_mixin.py:137} INFO - [2023-03-13T16:55:01.292-0400] {dag.py:3437} INFO - Setting next_dagrun for example_short_circuit_operator to 2023-03-12T20:55:01.292591+00:00, run_after=2023-03-13T20:55:01.292591+00:00
[2023-03-13T16:55:01.309-0400] {processor.py:175} INFO - Processing /Users/admin/opt/anaconda3/envs/python-airflow-venv/lib/python3.10/site-packages/airflow/example_dags/example_short_circuit_operator.py took 0.703 seconds
[2023-03-13T17:12:14.259-0400] {logging_mixin.py:137} WARNING - /Users/admin/opt/anaconda3/envs/python-airflow-venv/lib/python3.10/site-packages/airflow/settings.py:337 DeprecationWarning: The sql_alchemy_pool_enabled option in [core] has been moved to the sql_alchemy_pool_enabled option in [database] - the old setting has been used, but please update your config.
[2023-03-13T17:12:14.264-0400] {logging_mixin.py:137} WARNING - /Users/admin/opt/anaconda3/envs/python-airflow-venv/lib/python3.10/site-packages/airflow/settings.py:400 DeprecationWarning: The sql_engine_encoding option in [core] has been moved to the sql_engine_encoding option in [database] - the old setting has been used, but please update your config.
[2023-03-13T17:12:14.264-0400] {processor.py:153} INFO - Started process (PID=16651) to work on /Users/admin/opt/anaconda3/envs/python-airflow-venv/lib/python3.10/site-packages/airflow/example_dags/example_short_circuit_operator.py
[2023-03-13T17:12:14.264-0400] {processor.py:743} INFO - Processing file /Users/admin/opt/anaconda3/envs/python-airflow-venv/lib/python3.10/site-packages/airflow/example_dags/example_short_circuit_operator.py for tasks to queue
[2023-03-13T17:12:14.265-0400] {logging_mixin.py:137} INFO - [2023-03-13T17:12:14.265-0400] {dagbag.py:538} INFO - Filling up the DagBag from /Users/admin/opt/anaconda3/envs/python-airflow-venv/lib/python3.10/site-packages/airflow/example_dags/example_short_circuit_operator.py
[2023-03-13T17:12:14.323-0400] {processor.py:753} INFO - DAG(s) dict_keys(['example_short_circuit_operator']) retrieved from /Users/admin/opt/anaconda3/envs/python-airflow-venv/lib/python3.10/site-packages/airflow/example_dags/example_short_circuit_operator.py
[2023-03-13T17:12:14.371-0400] {logging_mixin.py:137} WARNING - /Users/admin/opt/anaconda3/envs/python-airflow-venv/lib/python3.10/site-packages/airflow/jobs/scheduler_job.py:124 DeprecationWarning: The processor_poll_interval option in [scheduler] has been renamed to scheduler_idle_sleep_time - the old setting has been used, but please update your config.
[2023-03-13T17:12:14.959-0400] {logging_mixin.py:137} INFO - [2023-03-13T17:12:14.959-0400] {dag.py:2690} INFO - Sync 1 DAGs
[2023-03-13T17:12:14.973-0400] {logging_mixin.py:137} INFO - [2023-03-13T17:12:14.973-0400] {dag.py:3437} INFO - Setting next_dagrun for example_short_circuit_operator to 2023-03-12T21:12:14.973657+00:00, run_after=2023-03-13T21:12:14.973657+00:00
[2023-03-13T17:12:14.994-0400] {processor.py:175} INFO - Processing /Users/admin/opt/anaconda3/envs/python-airflow-venv/lib/python3.10/site-packages/airflow/example_dags/example_short_circuit_operator.py took 0.736 seconds
