[2023-03-13T14:39:38.353-0400] {logging_mixin.py:137} WARNING - /Users/admin/opt/anaconda3/envs/python-airflow-venv/lib/python3.10/site-packages/airflow/settings.py:337 DeprecationWarning: The sql_alchemy_pool_enabled option in [core] has been moved to the sql_alchemy_pool_enabled option in [database] - the old setting has been used, but please update your config.
[2023-03-13T14:39:38.358-0400] {logging_mixin.py:137} WARNING - /Users/admin/opt/anaconda3/envs/python-airflow-venv/lib/python3.10/site-packages/airflow/settings.py:400 DeprecationWarning: The sql_engine_encoding option in [core] has been moved to the sql_engine_encoding option in [database] - the old setting has been used, but please update your config.
[2023-03-13T14:39:38.359-0400] {processor.py:153} INFO - Started process (PID=14847) to work on /Users/admin/opt/anaconda3/envs/python-airflow-venv/lib/python3.10/site-packages/airflow/example_dags/example_sensor_decorator.py
[2023-03-13T14:39:38.359-0400] {processor.py:743} INFO - Processing file /Users/admin/opt/anaconda3/envs/python-airflow-venv/lib/python3.10/site-packages/airflow/example_dags/example_sensor_decorator.py for tasks to queue
[2023-03-13T14:39:38.360-0400] {logging_mixin.py:137} INFO - [2023-03-13T14:39:38.360-0400] {dagbag.py:538} INFO - Filling up the DagBag from /Users/admin/opt/anaconda3/envs/python-airflow-venv/lib/python3.10/site-packages/airflow/example_dags/example_sensor_decorator.py
[2023-03-13T14:39:38.444-0400] {processor.py:753} INFO - DAG(s) dict_keys(['example_sensor_decorator']) retrieved from /Users/admin/opt/anaconda3/envs/python-airflow-venv/lib/python3.10/site-packages/airflow/example_dags/example_sensor_decorator.py
[2023-03-13T14:39:38.494-0400] {logging_mixin.py:137} WARNING - /Users/admin/opt/anaconda3/envs/python-airflow-venv/lib/python3.10/site-packages/airflow/jobs/scheduler_job.py:124 DeprecationWarning: The processor_poll_interval option in [scheduler] has been renamed to scheduler_idle_sleep_time - the old setting has been used, but please update your config.
[2023-03-13T14:39:39.284-0400] {logging_mixin.py:137} INFO - [2023-03-13T14:39:39.284-0400] {dag.py:2690} INFO - Sync 1 DAGs
[2023-03-13T14:39:39.301-0400] {logging_mixin.py:137} INFO - [2023-03-13T14:39:39.301-0400] {dag.py:3437} INFO - Setting next_dagrun for example_sensor_decorator to None, run_after=None
[2023-03-13T14:39:39.327-0400] {processor.py:175} INFO - Processing /Users/admin/opt/anaconda3/envs/python-airflow-venv/lib/python3.10/site-packages/airflow/example_dags/example_sensor_decorator.py took 0.975 seconds
[2023-03-13T14:41:44.405-0400] {logging_mixin.py:137} WARNING - /Users/admin/opt/anaconda3/envs/python-airflow-venv/lib/python3.10/site-packages/airflow/settings.py:337 DeprecationWarning: The sql_alchemy_pool_enabled option in [core] has been moved to the sql_alchemy_pool_enabled option in [database] - the old setting has been used, but please update your config.
[2023-03-13T14:41:44.410-0400] {logging_mixin.py:137} WARNING - /Users/admin/opt/anaconda3/envs/python-airflow-venv/lib/python3.10/site-packages/airflow/settings.py:400 DeprecationWarning: The sql_engine_encoding option in [core] has been moved to the sql_engine_encoding option in [database] - the old setting has been used, but please update your config.
[2023-03-13T14:41:44.410-0400] {processor.py:153} INFO - Started process (PID=14906) to work on /Users/admin/opt/anaconda3/envs/python-airflow-venv/lib/python3.10/site-packages/airflow/example_dags/example_sensor_decorator.py
[2023-03-13T14:41:44.410-0400] {processor.py:743} INFO - Processing file /Users/admin/opt/anaconda3/envs/python-airflow-venv/lib/python3.10/site-packages/airflow/example_dags/example_sensor_decorator.py for tasks to queue
[2023-03-13T14:41:44.411-0400] {logging_mixin.py:137} INFO - [2023-03-13T14:41:44.411-0400] {dagbag.py:538} INFO - Filling up the DagBag from /Users/admin/opt/anaconda3/envs/python-airflow-venv/lib/python3.10/site-packages/airflow/example_dags/example_sensor_decorator.py
[2023-03-13T14:41:44.484-0400] {processor.py:753} INFO - DAG(s) dict_keys(['example_sensor_decorator']) retrieved from /Users/admin/opt/anaconda3/envs/python-airflow-venv/lib/python3.10/site-packages/airflow/example_dags/example_sensor_decorator.py
[2023-03-13T14:41:44.526-0400] {logging_mixin.py:137} WARNING - /Users/admin/opt/anaconda3/envs/python-airflow-venv/lib/python3.10/site-packages/airflow/jobs/scheduler_job.py:124 DeprecationWarning: The processor_poll_interval option in [scheduler] has been renamed to scheduler_idle_sleep_time - the old setting has been used, but please update your config.
[2023-03-13T14:41:45.189-0400] {logging_mixin.py:137} INFO - [2023-03-13T14:41:45.188-0400] {dag.py:2690} INFO - Sync 1 DAGs
[2023-03-13T14:41:45.202-0400] {logging_mixin.py:137} INFO - [2023-03-13T14:41:45.202-0400] {dag.py:3437} INFO - Setting next_dagrun for example_sensor_decorator to None, run_after=None
[2023-03-13T14:41:45.219-0400] {processor.py:175} INFO - Processing /Users/admin/opt/anaconda3/envs/python-airflow-venv/lib/python3.10/site-packages/airflow/example_dags/example_sensor_decorator.py took 0.815 seconds
[2023-03-13T14:44:11.401-0400] {logging_mixin.py:137} WARNING - /Users/admin/opt/anaconda3/envs/python-airflow-venv/lib/python3.10/site-packages/airflow/settings.py:337 DeprecationWarning: The sql_alchemy_pool_enabled option in [core] has been moved to the sql_alchemy_pool_enabled option in [database] - the old setting has been used, but please update your config.
[2023-03-13T14:44:11.406-0400] {logging_mixin.py:137} WARNING - /Users/admin/opt/anaconda3/envs/python-airflow-venv/lib/python3.10/site-packages/airflow/settings.py:400 DeprecationWarning: The sql_engine_encoding option in [core] has been moved to the sql_engine_encoding option in [database] - the old setting has been used, but please update your config.
[2023-03-13T14:44:11.407-0400] {processor.py:153} INFO - Started process (PID=14970) to work on /Users/admin/opt/anaconda3/envs/python-airflow-venv/lib/python3.10/site-packages/airflow/example_dags/example_sensor_decorator.py
[2023-03-13T14:44:11.407-0400] {processor.py:743} INFO - Processing file /Users/admin/opt/anaconda3/envs/python-airflow-venv/lib/python3.10/site-packages/airflow/example_dags/example_sensor_decorator.py for tasks to queue
[2023-03-13T14:44:11.407-0400] {logging_mixin.py:137} INFO - [2023-03-13T14:44:11.407-0400] {dagbag.py:538} INFO - Filling up the DagBag from /Users/admin/opt/anaconda3/envs/python-airflow-venv/lib/python3.10/site-packages/airflow/example_dags/example_sensor_decorator.py
[2023-03-13T14:44:11.483-0400] {processor.py:753} INFO - DAG(s) dict_keys(['example_sensor_decorator']) retrieved from /Users/admin/opt/anaconda3/envs/python-airflow-venv/lib/python3.10/site-packages/airflow/example_dags/example_sensor_decorator.py
[2023-03-13T14:44:11.529-0400] {logging_mixin.py:137} WARNING - /Users/admin/opt/anaconda3/envs/python-airflow-venv/lib/python3.10/site-packages/airflow/jobs/scheduler_job.py:124 DeprecationWarning: The processor_poll_interval option in [scheduler] has been renamed to scheduler_idle_sleep_time - the old setting has been used, but please update your config.
[2023-03-13T14:44:12.251-0400] {logging_mixin.py:137} INFO - [2023-03-13T14:44:12.250-0400] {dag.py:2690} INFO - Sync 1 DAGs
[2023-03-13T14:44:12.263-0400] {logging_mixin.py:137} INFO - [2023-03-13T14:44:12.263-0400] {dag.py:3437} INFO - Setting next_dagrun for example_sensor_decorator to None, run_after=None
[2023-03-13T14:44:12.282-0400] {processor.py:175} INFO - Processing /Users/admin/opt/anaconda3/envs/python-airflow-venv/lib/python3.10/site-packages/airflow/example_dags/example_sensor_decorator.py took 0.882 seconds
[2023-03-13T14:56:25.513-0400] {logging_mixin.py:137} WARNING - /Users/admin/opt/anaconda3/envs/python-airflow-venv/lib/python3.10/site-packages/airflow/settings.py:337 DeprecationWarning: The sql_alchemy_pool_enabled option in [core] has been moved to the sql_alchemy_pool_enabled option in [database] - the old setting has been used, but please update your config.
[2023-03-13T14:56:25.518-0400] {logging_mixin.py:137} WARNING - /Users/admin/opt/anaconda3/envs/python-airflow-venv/lib/python3.10/site-packages/airflow/settings.py:400 DeprecationWarning: The sql_engine_encoding option in [core] has been moved to the sql_engine_encoding option in [database] - the old setting has been used, but please update your config.
[2023-03-13T14:56:25.518-0400] {processor.py:153} INFO - Started process (PID=15154) to work on /Users/admin/opt/anaconda3/envs/python-airflow-venv/lib/python3.10/site-packages/airflow/example_dags/example_sensor_decorator.py
[2023-03-13T14:56:25.518-0400] {processor.py:743} INFO - Processing file /Users/admin/opt/anaconda3/envs/python-airflow-venv/lib/python3.10/site-packages/airflow/example_dags/example_sensor_decorator.py for tasks to queue
[2023-03-13T14:56:25.519-0400] {logging_mixin.py:137} INFO - [2023-03-13T14:56:25.519-0400] {dagbag.py:538} INFO - Filling up the DagBag from /Users/admin/opt/anaconda3/envs/python-airflow-venv/lib/python3.10/site-packages/airflow/example_dags/example_sensor_decorator.py
[2023-03-13T14:56:25.587-0400] {processor.py:753} INFO - DAG(s) dict_keys(['example_sensor_decorator']) retrieved from /Users/admin/opt/anaconda3/envs/python-airflow-venv/lib/python3.10/site-packages/airflow/example_dags/example_sensor_decorator.py
[2023-03-13T14:56:25.631-0400] {logging_mixin.py:137} WARNING - /Users/admin/opt/anaconda3/envs/python-airflow-venv/lib/python3.10/site-packages/airflow/jobs/scheduler_job.py:124 DeprecationWarning: The processor_poll_interval option in [scheduler] has been renamed to scheduler_idle_sleep_time - the old setting has been used, but please update your config.
[2023-03-13T14:56:26.295-0400] {logging_mixin.py:137} INFO - [2023-03-13T14:56:26.295-0400] {dag.py:2690} INFO - Sync 1 DAGs
[2023-03-13T14:56:26.308-0400] {logging_mixin.py:137} INFO - [2023-03-13T14:56:26.308-0400] {dag.py:3437} INFO - Setting next_dagrun for example_sensor_decorator to None, run_after=None
[2023-03-13T14:56:26.325-0400] {processor.py:175} INFO - Processing /Users/admin/opt/anaconda3/envs/python-airflow-venv/lib/python3.10/site-packages/airflow/example_dags/example_sensor_decorator.py took 0.813 seconds
[2023-03-13T14:58:19.178-0400] {logging_mixin.py:137} WARNING - /Users/admin/opt/anaconda3/envs/python-airflow-venv/lib/python3.10/site-packages/airflow/settings.py:337 DeprecationWarning: The sql_alchemy_pool_enabled option in [core] has been moved to the sql_alchemy_pool_enabled option in [database] - the old setting has been used, but please update your config.
[2023-03-13T14:58:19.185-0400] {logging_mixin.py:137} WARNING - /Users/admin/opt/anaconda3/envs/python-airflow-venv/lib/python3.10/site-packages/airflow/settings.py:400 DeprecationWarning: The sql_engine_encoding option in [core] has been moved to the sql_engine_encoding option in [database] - the old setting has been used, but please update your config.
[2023-03-13T14:58:19.186-0400] {processor.py:153} INFO - Started process (PID=15204) to work on /Users/admin/opt/anaconda3/envs/python-airflow-venv/lib/python3.10/site-packages/airflow/example_dags/example_sensor_decorator.py
[2023-03-13T14:58:19.189-0400] {processor.py:743} INFO - Processing file /Users/admin/opt/anaconda3/envs/python-airflow-venv/lib/python3.10/site-packages/airflow/example_dags/example_sensor_decorator.py for tasks to queue
[2023-03-13T14:58:19.189-0400] {logging_mixin.py:137} INFO - [2023-03-13T14:58:19.189-0400] {dagbag.py:538} INFO - Filling up the DagBag from /Users/admin/opt/anaconda3/envs/python-airflow-venv/lib/python3.10/site-packages/airflow/example_dags/example_sensor_decorator.py
[2023-03-13T14:58:19.280-0400] {processor.py:753} INFO - DAG(s) dict_keys(['example_sensor_decorator']) retrieved from /Users/admin/opt/anaconda3/envs/python-airflow-venv/lib/python3.10/site-packages/airflow/example_dags/example_sensor_decorator.py
[2023-03-13T14:58:19.335-0400] {logging_mixin.py:137} WARNING - /Users/admin/opt/anaconda3/envs/python-airflow-venv/lib/python3.10/site-packages/airflow/jobs/scheduler_job.py:124 DeprecationWarning: The processor_poll_interval option in [scheduler] has been renamed to scheduler_idle_sleep_time - the old setting has been used, but please update your config.
[2023-03-13T14:58:20.076-0400] {logging_mixin.py:137} INFO - [2023-03-13T14:58:20.076-0400] {dag.py:2690} INFO - Sync 1 DAGs
[2023-03-13T14:58:20.089-0400] {logging_mixin.py:137} INFO - [2023-03-13T14:58:20.089-0400] {dag.py:3437} INFO - Setting next_dagrun for example_sensor_decorator to None, run_after=None
[2023-03-13T14:58:20.107-0400] {processor.py:175} INFO - Processing /Users/admin/opt/anaconda3/envs/python-airflow-venv/lib/python3.10/site-packages/airflow/example_dags/example_sensor_decorator.py took 0.931 seconds
[2023-03-13T15:00:14.083-0400] {logging_mixin.py:137} WARNING - /Users/admin/opt/anaconda3/envs/python-airflow-venv/lib/python3.10/site-packages/airflow/settings.py:337 DeprecationWarning: The sql_alchemy_pool_enabled option in [core] has been moved to the sql_alchemy_pool_enabled option in [database] - the old setting has been used, but please update your config.
[2023-03-13T15:00:14.087-0400] {logging_mixin.py:137} WARNING - /Users/admin/opt/anaconda3/envs/python-airflow-venv/lib/python3.10/site-packages/airflow/settings.py:400 DeprecationWarning: The sql_engine_encoding option in [core] has been moved to the sql_engine_encoding option in [database] - the old setting has been used, but please update your config.
[2023-03-13T15:00:14.088-0400] {processor.py:153} INFO - Started process (PID=15259) to work on /Users/admin/opt/anaconda3/envs/python-airflow-venv/lib/python3.10/site-packages/airflow/example_dags/example_sensor_decorator.py
[2023-03-13T15:00:14.088-0400] {processor.py:743} INFO - Processing file /Users/admin/opt/anaconda3/envs/python-airflow-venv/lib/python3.10/site-packages/airflow/example_dags/example_sensor_decorator.py for tasks to queue
[2023-03-13T15:00:14.089-0400] {logging_mixin.py:137} INFO - [2023-03-13T15:00:14.088-0400] {dagbag.py:538} INFO - Filling up the DagBag from /Users/admin/opt/anaconda3/envs/python-airflow-venv/lib/python3.10/site-packages/airflow/example_dags/example_sensor_decorator.py
[2023-03-13T15:00:14.156-0400] {processor.py:753} INFO - DAG(s) dict_keys(['example_sensor_decorator']) retrieved from /Users/admin/opt/anaconda3/envs/python-airflow-venv/lib/python3.10/site-packages/airflow/example_dags/example_sensor_decorator.py
[2023-03-13T15:00:14.199-0400] {logging_mixin.py:137} WARNING - /Users/admin/opt/anaconda3/envs/python-airflow-venv/lib/python3.10/site-packages/airflow/jobs/scheduler_job.py:124 DeprecationWarning: The processor_poll_interval option in [scheduler] has been renamed to scheduler_idle_sleep_time - the old setting has been used, but please update your config.
[2023-03-13T15:00:14.867-0400] {logging_mixin.py:137} INFO - [2023-03-13T15:00:14.866-0400] {dag.py:2690} INFO - Sync 1 DAGs
[2023-03-13T15:00:14.880-0400] {logging_mixin.py:137} INFO - [2023-03-13T15:00:14.880-0400] {dag.py:3437} INFO - Setting next_dagrun for example_sensor_decorator to None, run_after=None
[2023-03-13T15:00:14.899-0400] {processor.py:175} INFO - Processing /Users/admin/opt/anaconda3/envs/python-airflow-venv/lib/python3.10/site-packages/airflow/example_dags/example_sensor_decorator.py took 0.817 seconds
[2023-03-13T15:02:08.869-0400] {logging_mixin.py:137} WARNING - /Users/admin/opt/anaconda3/envs/python-airflow-venv/lib/python3.10/site-packages/airflow/settings.py:337 DeprecationWarning: The sql_alchemy_pool_enabled option in [core] has been moved to the sql_alchemy_pool_enabled option in [database] - the old setting has been used, but please update your config.
[2023-03-13T15:02:08.874-0400] {logging_mixin.py:137} WARNING - /Users/admin/opt/anaconda3/envs/python-airflow-venv/lib/python3.10/site-packages/airflow/settings.py:400 DeprecationWarning: The sql_engine_encoding option in [core] has been moved to the sql_engine_encoding option in [database] - the old setting has been used, but please update your config.
[2023-03-13T15:02:08.875-0400] {processor.py:153} INFO - Started process (PID=15313) to work on /Users/admin/opt/anaconda3/envs/python-airflow-venv/lib/python3.10/site-packages/airflow/example_dags/example_sensor_decorator.py
[2023-03-13T15:02:08.875-0400] {processor.py:743} INFO - Processing file /Users/admin/opt/anaconda3/envs/python-airflow-venv/lib/python3.10/site-packages/airflow/example_dags/example_sensor_decorator.py for tasks to queue
[2023-03-13T15:02:08.875-0400] {logging_mixin.py:137} INFO - [2023-03-13T15:02:08.875-0400] {dagbag.py:538} INFO - Filling up the DagBag from /Users/admin/opt/anaconda3/envs/python-airflow-venv/lib/python3.10/site-packages/airflow/example_dags/example_sensor_decorator.py
[2023-03-13T15:02:08.948-0400] {processor.py:753} INFO - DAG(s) dict_keys(['example_sensor_decorator']) retrieved from /Users/admin/opt/anaconda3/envs/python-airflow-venv/lib/python3.10/site-packages/airflow/example_dags/example_sensor_decorator.py
[2023-03-13T15:02:08.991-0400] {logging_mixin.py:137} WARNING - /Users/admin/opt/anaconda3/envs/python-airflow-venv/lib/python3.10/site-packages/airflow/jobs/scheduler_job.py:124 DeprecationWarning: The processor_poll_interval option in [scheduler] has been renamed to scheduler_idle_sleep_time - the old setting has been used, but please update your config.
[2023-03-13T15:02:09.649-0400] {logging_mixin.py:137} INFO - [2023-03-13T15:02:09.649-0400] {dag.py:2690} INFO - Sync 1 DAGs
[2023-03-13T15:02:09.662-0400] {logging_mixin.py:137} INFO - [2023-03-13T15:02:09.662-0400] {dag.py:3437} INFO - Setting next_dagrun for example_sensor_decorator to None, run_after=None
[2023-03-13T15:02:09.679-0400] {processor.py:175} INFO - Processing /Users/admin/opt/anaconda3/envs/python-airflow-venv/lib/python3.10/site-packages/airflow/example_dags/example_sensor_decorator.py took 0.811 seconds
[2023-03-13T15:04:03.792-0400] {logging_mixin.py:137} WARNING - /Users/admin/opt/anaconda3/envs/python-airflow-venv/lib/python3.10/site-packages/airflow/settings.py:337 DeprecationWarning: The sql_alchemy_pool_enabled option in [core] has been moved to the sql_alchemy_pool_enabled option in [database] - the old setting has been used, but please update your config.
[2023-03-13T15:04:03.797-0400] {logging_mixin.py:137} WARNING - /Users/admin/opt/anaconda3/envs/python-airflow-venv/lib/python3.10/site-packages/airflow/settings.py:400 DeprecationWarning: The sql_engine_encoding option in [core] has been moved to the sql_engine_encoding option in [database] - the old setting has been used, but please update your config.
[2023-03-13T15:04:03.798-0400] {processor.py:153} INFO - Started process (PID=15365) to work on /Users/admin/opt/anaconda3/envs/python-airflow-venv/lib/python3.10/site-packages/airflow/example_dags/example_sensor_decorator.py
[2023-03-13T15:04:03.798-0400] {processor.py:743} INFO - Processing file /Users/admin/opt/anaconda3/envs/python-airflow-venv/lib/python3.10/site-packages/airflow/example_dags/example_sensor_decorator.py for tasks to queue
[2023-03-13T15:04:03.799-0400] {logging_mixin.py:137} INFO - [2023-03-13T15:04:03.799-0400] {dagbag.py:538} INFO - Filling up the DagBag from /Users/admin/opt/anaconda3/envs/python-airflow-venv/lib/python3.10/site-packages/airflow/example_dags/example_sensor_decorator.py
[2023-03-13T15:04:03.873-0400] {processor.py:753} INFO - DAG(s) dict_keys(['example_sensor_decorator']) retrieved from /Users/admin/opt/anaconda3/envs/python-airflow-venv/lib/python3.10/site-packages/airflow/example_dags/example_sensor_decorator.py
[2023-03-13T15:04:03.917-0400] {logging_mixin.py:137} WARNING - /Users/admin/opt/anaconda3/envs/python-airflow-venv/lib/python3.10/site-packages/airflow/jobs/scheduler_job.py:124 DeprecationWarning: The processor_poll_interval option in [scheduler] has been renamed to scheduler_idle_sleep_time - the old setting has been used, but please update your config.
[2023-03-13T15:04:04.578-0400] {logging_mixin.py:137} INFO - [2023-03-13T15:04:04.578-0400] {dag.py:2690} INFO - Sync 1 DAGs
[2023-03-13T15:04:04.591-0400] {logging_mixin.py:137} INFO - [2023-03-13T15:04:04.591-0400] {dag.py:3437} INFO - Setting next_dagrun for example_sensor_decorator to None, run_after=None
[2023-03-13T15:04:04.606-0400] {processor.py:175} INFO - Processing /Users/admin/opt/anaconda3/envs/python-airflow-venv/lib/python3.10/site-packages/airflow/example_dags/example_sensor_decorator.py took 0.815 seconds
[2023-03-13T15:05:59.100-0400] {logging_mixin.py:137} WARNING - /Users/admin/opt/anaconda3/envs/python-airflow-venv/lib/python3.10/site-packages/airflow/settings.py:337 DeprecationWarning: The sql_alchemy_pool_enabled option in [core] has been moved to the sql_alchemy_pool_enabled option in [database] - the old setting has been used, but please update your config.
[2023-03-13T15:05:59.108-0400] {logging_mixin.py:137} WARNING - /Users/admin/opt/anaconda3/envs/python-airflow-venv/lib/python3.10/site-packages/airflow/settings.py:400 DeprecationWarning: The sql_engine_encoding option in [core] has been moved to the sql_engine_encoding option in [database] - the old setting has been used, but please update your config.
[2023-03-13T15:05:59.109-0400] {processor.py:153} INFO - Started process (PID=15432) to work on /Users/admin/opt/anaconda3/envs/python-airflow-venv/lib/python3.10/site-packages/airflow/example_dags/example_sensor_decorator.py
[2023-03-13T15:05:59.109-0400] {processor.py:743} INFO - Processing file /Users/admin/opt/anaconda3/envs/python-airflow-venv/lib/python3.10/site-packages/airflow/example_dags/example_sensor_decorator.py for tasks to queue
[2023-03-13T15:05:59.109-0400] {logging_mixin.py:137} INFO - [2023-03-13T15:05:59.109-0400] {dagbag.py:538} INFO - Filling up the DagBag from /Users/admin/opt/anaconda3/envs/python-airflow-venv/lib/python3.10/site-packages/airflow/example_dags/example_sensor_decorator.py
[2023-03-13T15:05:59.188-0400] {processor.py:753} INFO - DAG(s) dict_keys(['example_sensor_decorator']) retrieved from /Users/admin/opt/anaconda3/envs/python-airflow-venv/lib/python3.10/site-packages/airflow/example_dags/example_sensor_decorator.py
[2023-03-13T15:05:59.234-0400] {logging_mixin.py:137} WARNING - /Users/admin/opt/anaconda3/envs/python-airflow-venv/lib/python3.10/site-packages/airflow/jobs/scheduler_job.py:124 DeprecationWarning: The processor_poll_interval option in [scheduler] has been renamed to scheduler_idle_sleep_time - the old setting has been used, but please update your config.
[2023-03-13T15:06:00.009-0400] {logging_mixin.py:137} INFO - [2023-03-13T15:06:00.009-0400] {dag.py:2690} INFO - Sync 1 DAGs
[2023-03-13T15:06:00.025-0400] {logging_mixin.py:137} INFO - [2023-03-13T15:06:00.025-0400] {dag.py:3437} INFO - Setting next_dagrun for example_sensor_decorator to None, run_after=None
[2023-03-13T15:06:00.041-0400] {processor.py:175} INFO - Processing /Users/admin/opt/anaconda3/envs/python-airflow-venv/lib/python3.10/site-packages/airflow/example_dags/example_sensor_decorator.py took 0.942 seconds
[2023-03-13T15:07:53.844-0400] {logging_mixin.py:137} WARNING - /Users/admin/opt/anaconda3/envs/python-airflow-venv/lib/python3.10/site-packages/airflow/settings.py:337 DeprecationWarning: The sql_alchemy_pool_enabled option in [core] has been moved to the sql_alchemy_pool_enabled option in [database] - the old setting has been used, but please update your config.
[2023-03-13T15:07:53.850-0400] {logging_mixin.py:137} WARNING - /Users/admin/opt/anaconda3/envs/python-airflow-venv/lib/python3.10/site-packages/airflow/settings.py:400 DeprecationWarning: The sql_engine_encoding option in [core] has been moved to the sql_engine_encoding option in [database] - the old setting has been used, but please update your config.
[2023-03-13T15:07:53.850-0400] {processor.py:153} INFO - Started process (PID=15501) to work on /Users/admin/opt/anaconda3/envs/python-airflow-venv/lib/python3.10/site-packages/airflow/example_dags/example_sensor_decorator.py
[2023-03-13T15:07:53.850-0400] {processor.py:743} INFO - Processing file /Users/admin/opt/anaconda3/envs/python-airflow-venv/lib/python3.10/site-packages/airflow/example_dags/example_sensor_decorator.py for tasks to queue
[2023-03-13T15:07:53.851-0400] {logging_mixin.py:137} INFO - [2023-03-13T15:07:53.851-0400] {dagbag.py:538} INFO - Filling up the DagBag from /Users/admin/opt/anaconda3/envs/python-airflow-venv/lib/python3.10/site-packages/airflow/example_dags/example_sensor_decorator.py
[2023-03-13T15:07:53.922-0400] {processor.py:753} INFO - DAG(s) dict_keys(['example_sensor_decorator']) retrieved from /Users/admin/opt/anaconda3/envs/python-airflow-venv/lib/python3.10/site-packages/airflow/example_dags/example_sensor_decorator.py
[2023-03-13T15:07:53.965-0400] {logging_mixin.py:137} WARNING - /Users/admin/opt/anaconda3/envs/python-airflow-venv/lib/python3.10/site-packages/airflow/jobs/scheduler_job.py:124 DeprecationWarning: The processor_poll_interval option in [scheduler] has been renamed to scheduler_idle_sleep_time - the old setting has been used, but please update your config.
[2023-03-13T15:07:54.631-0400] {logging_mixin.py:137} INFO - [2023-03-13T15:07:54.630-0400] {dag.py:2690} INFO - Sync 1 DAGs
[2023-03-13T15:07:54.644-0400] {logging_mixin.py:137} INFO - [2023-03-13T15:07:54.644-0400] {dag.py:3437} INFO - Setting next_dagrun for example_sensor_decorator to None, run_after=None
[2023-03-13T15:07:54.664-0400] {processor.py:175} INFO - Processing /Users/admin/opt/anaconda3/envs/python-airflow-venv/lib/python3.10/site-packages/airflow/example_dags/example_sensor_decorator.py took 0.821 seconds
[2023-03-13T15:09:47.827-0400] {logging_mixin.py:137} WARNING - /Users/admin/opt/anaconda3/envs/python-airflow-venv/lib/python3.10/site-packages/airflow/settings.py:337 DeprecationWarning: The sql_alchemy_pool_enabled option in [core] has been moved to the sql_alchemy_pool_enabled option in [database] - the old setting has been used, but please update your config.
[2023-03-13T15:09:47.833-0400] {logging_mixin.py:137} WARNING - /Users/admin/opt/anaconda3/envs/python-airflow-venv/lib/python3.10/site-packages/airflow/settings.py:400 DeprecationWarning: The sql_engine_encoding option in [core] has been moved to the sql_engine_encoding option in [database] - the old setting has been used, but please update your config.
[2023-03-13T15:09:47.834-0400] {processor.py:153} INFO - Started process (PID=15553) to work on /Users/admin/opt/anaconda3/envs/python-airflow-venv/lib/python3.10/site-packages/airflow/example_dags/example_sensor_decorator.py
[2023-03-13T15:09:47.834-0400] {processor.py:743} INFO - Processing file /Users/admin/opt/anaconda3/envs/python-airflow-venv/lib/python3.10/site-packages/airflow/example_dags/example_sensor_decorator.py for tasks to queue
[2023-03-13T15:09:47.835-0400] {logging_mixin.py:137} INFO - [2023-03-13T15:09:47.834-0400] {dagbag.py:538} INFO - Filling up the DagBag from /Users/admin/opt/anaconda3/envs/python-airflow-venv/lib/python3.10/site-packages/airflow/example_dags/example_sensor_decorator.py
[2023-03-13T15:09:47.912-0400] {processor.py:753} INFO - DAG(s) dict_keys(['example_sensor_decorator']) retrieved from /Users/admin/opt/anaconda3/envs/python-airflow-venv/lib/python3.10/site-packages/airflow/example_dags/example_sensor_decorator.py
[2023-03-13T15:09:47.954-0400] {logging_mixin.py:137} WARNING - /Users/admin/opt/anaconda3/envs/python-airflow-venv/lib/python3.10/site-packages/airflow/jobs/scheduler_job.py:124 DeprecationWarning: The processor_poll_interval option in [scheduler] has been renamed to scheduler_idle_sleep_time - the old setting has been used, but please update your config.
[2023-03-13T15:09:48.614-0400] {logging_mixin.py:137} INFO - [2023-03-13T15:09:48.614-0400] {dag.py:2690} INFO - Sync 1 DAGs
[2023-03-13T15:09:48.627-0400] {logging_mixin.py:137} INFO - [2023-03-13T15:09:48.627-0400] {dag.py:3437} INFO - Setting next_dagrun for example_sensor_decorator to None, run_after=None
[2023-03-13T15:09:48.644-0400] {processor.py:175} INFO - Processing /Users/admin/opt/anaconda3/envs/python-airflow-venv/lib/python3.10/site-packages/airflow/example_dags/example_sensor_decorator.py took 0.818 seconds
[2023-03-13T15:11:41.509-0400] {logging_mixin.py:137} WARNING - /Users/admin/opt/anaconda3/envs/python-airflow-venv/lib/python3.10/site-packages/airflow/settings.py:337 DeprecationWarning: The sql_alchemy_pool_enabled option in [core] has been moved to the sql_alchemy_pool_enabled option in [database] - the old setting has been used, but please update your config.
[2023-03-13T15:11:41.515-0400] {logging_mixin.py:137} WARNING - /Users/admin/opt/anaconda3/envs/python-airflow-venv/lib/python3.10/site-packages/airflow/settings.py:400 DeprecationWarning: The sql_engine_encoding option in [core] has been moved to the sql_engine_encoding option in [database] - the old setting has been used, but please update your config.
[2023-03-13T15:11:41.516-0400] {processor.py:153} INFO - Started process (PID=15604) to work on /Users/admin/opt/anaconda3/envs/python-airflow-venv/lib/python3.10/site-packages/airflow/example_dags/example_sensor_decorator.py
[2023-03-13T15:11:41.516-0400] {processor.py:743} INFO - Processing file /Users/admin/opt/anaconda3/envs/python-airflow-venv/lib/python3.10/site-packages/airflow/example_dags/example_sensor_decorator.py for tasks to queue
[2023-03-13T15:11:41.516-0400] {logging_mixin.py:137} INFO - [2023-03-13T15:11:41.516-0400] {dagbag.py:538} INFO - Filling up the DagBag from /Users/admin/opt/anaconda3/envs/python-airflow-venv/lib/python3.10/site-packages/airflow/example_dags/example_sensor_decorator.py
[2023-03-13T15:11:41.586-0400] {processor.py:753} INFO - DAG(s) dict_keys(['example_sensor_decorator']) retrieved from /Users/admin/opt/anaconda3/envs/python-airflow-venv/lib/python3.10/site-packages/airflow/example_dags/example_sensor_decorator.py
[2023-03-13T15:11:41.629-0400] {logging_mixin.py:137} WARNING - /Users/admin/opt/anaconda3/envs/python-airflow-venv/lib/python3.10/site-packages/airflow/jobs/scheduler_job.py:124 DeprecationWarning: The processor_poll_interval option in [scheduler] has been renamed to scheduler_idle_sleep_time - the old setting has been used, but please update your config.
[2023-03-13T15:11:42.294-0400] {logging_mixin.py:137} INFO - [2023-03-13T15:11:42.294-0400] {dag.py:2690} INFO - Sync 1 DAGs
[2023-03-13T15:11:42.307-0400] {logging_mixin.py:137} INFO - [2023-03-13T15:11:42.307-0400] {dag.py:3437} INFO - Setting next_dagrun for example_sensor_decorator to None, run_after=None
[2023-03-13T15:11:42.327-0400] {processor.py:175} INFO - Processing /Users/admin/opt/anaconda3/envs/python-airflow-venv/lib/python3.10/site-packages/airflow/example_dags/example_sensor_decorator.py took 0.819 seconds
[2023-03-13T15:43:31.686-0400] {logging_mixin.py:137} WARNING - /Users/admin/opt/anaconda3/envs/python-airflow-venv/lib/python3.10/site-packages/airflow/settings.py:337 DeprecationWarning: The sql_alchemy_pool_enabled option in [core] has been moved to the sql_alchemy_pool_enabled option in [database] - the old setting has been used, but please update your config.
[2023-03-13T15:43:31.694-0400] {logging_mixin.py:137} WARNING - /Users/admin/opt/anaconda3/envs/python-airflow-venv/lib/python3.10/site-packages/airflow/settings.py:400 DeprecationWarning: The sql_engine_encoding option in [core] has been moved to the sql_engine_encoding option in [database] - the old setting has been used, but please update your config.
[2023-03-13T15:43:31.695-0400] {processor.py:153} INFO - Started process (PID=15670) to work on /Users/admin/opt/anaconda3/envs/python-airflow-venv/lib/python3.10/site-packages/airflow/example_dags/example_sensor_decorator.py
[2023-03-13T15:43:31.695-0400] {processor.py:743} INFO - Processing file /Users/admin/opt/anaconda3/envs/python-airflow-venv/lib/python3.10/site-packages/airflow/example_dags/example_sensor_decorator.py for tasks to queue
[2023-03-13T15:43:31.696-0400] {logging_mixin.py:137} INFO - [2023-03-13T15:43:31.696-0400] {dagbag.py:538} INFO - Filling up the DagBag from /Users/admin/opt/anaconda3/envs/python-airflow-venv/lib/python3.10/site-packages/airflow/example_dags/example_sensor_decorator.py
[2023-03-13T15:43:31.777-0400] {processor.py:753} INFO - DAG(s) dict_keys(['example_sensor_decorator']) retrieved from /Users/admin/opt/anaconda3/envs/python-airflow-venv/lib/python3.10/site-packages/airflow/example_dags/example_sensor_decorator.py
[2023-03-13T15:43:31.843-0400] {logging_mixin.py:137} WARNING - /Users/admin/opt/anaconda3/envs/python-airflow-venv/lib/python3.10/site-packages/airflow/jobs/scheduler_job.py:124 DeprecationWarning: The processor_poll_interval option in [scheduler] has been renamed to scheduler_idle_sleep_time - the old setting has been used, but please update your config.
[2023-03-13T15:43:32.551-0400] {logging_mixin.py:137} INFO - [2023-03-13T15:43:32.551-0400] {dag.py:2690} INFO - Sync 1 DAGs
[2023-03-13T15:43:32.564-0400] {logging_mixin.py:137} INFO - [2023-03-13T15:43:32.564-0400] {dag.py:3437} INFO - Setting next_dagrun for example_sensor_decorator to None, run_after=None
[2023-03-13T15:43:32.578-0400] {processor.py:175} INFO - Processing /Users/admin/opt/anaconda3/envs/python-airflow-venv/lib/python3.10/site-packages/airflow/example_dags/example_sensor_decorator.py took 0.894 seconds
[2023-03-13T15:45:42.968-0400] {logging_mixin.py:137} WARNING - /Users/admin/opt/anaconda3/envs/python-airflow-venv/lib/python3.10/site-packages/airflow/settings.py:337 DeprecationWarning: The sql_alchemy_pool_enabled option in [core] has been moved to the sql_alchemy_pool_enabled option in [database] - the old setting has been used, but please update your config.
[2023-03-13T15:45:42.972-0400] {logging_mixin.py:137} WARNING - /Users/admin/opt/anaconda3/envs/python-airflow-venv/lib/python3.10/site-packages/airflow/settings.py:400 DeprecationWarning: The sql_engine_encoding option in [core] has been moved to the sql_engine_encoding option in [database] - the old setting has been used, but please update your config.
[2023-03-13T15:45:42.973-0400] {processor.py:153} INFO - Started process (PID=15739) to work on /Users/admin/opt/anaconda3/envs/python-airflow-venv/lib/python3.10/site-packages/airflow/example_dags/example_sensor_decorator.py
[2023-03-13T15:45:42.973-0400] {processor.py:743} INFO - Processing file /Users/admin/opt/anaconda3/envs/python-airflow-venv/lib/python3.10/site-packages/airflow/example_dags/example_sensor_decorator.py for tasks to queue
[2023-03-13T15:45:42.974-0400] {logging_mixin.py:137} INFO - [2023-03-13T15:45:42.973-0400] {dagbag.py:538} INFO - Filling up the DagBag from /Users/admin/opt/anaconda3/envs/python-airflow-venv/lib/python3.10/site-packages/airflow/example_dags/example_sensor_decorator.py
[2023-03-13T15:45:43.038-0400] {processor.py:753} INFO - DAG(s) dict_keys(['example_sensor_decorator']) retrieved from /Users/admin/opt/anaconda3/envs/python-airflow-venv/lib/python3.10/site-packages/airflow/example_dags/example_sensor_decorator.py
[2023-03-13T15:45:43.081-0400] {logging_mixin.py:137} WARNING - /Users/admin/opt/anaconda3/envs/python-airflow-venv/lib/python3.10/site-packages/airflow/jobs/scheduler_job.py:124 DeprecationWarning: The processor_poll_interval option in [scheduler] has been renamed to scheduler_idle_sleep_time - the old setting has been used, but please update your config.
[2023-03-13T15:45:43.854-0400] {logging_mixin.py:137} INFO - [2023-03-13T15:45:43.854-0400] {dag.py:2690} INFO - Sync 1 DAGs
[2023-03-13T15:45:43.869-0400] {logging_mixin.py:137} INFO - [2023-03-13T15:45:43.869-0400] {dag.py:3437} INFO - Setting next_dagrun for example_sensor_decorator to None, run_after=None
[2023-03-13T15:45:43.890-0400] {processor.py:175} INFO - Processing /Users/admin/opt/anaconda3/envs/python-airflow-venv/lib/python3.10/site-packages/airflow/example_dags/example_sensor_decorator.py took 0.923 seconds
[2023-03-13T15:47:43.082-0400] {logging_mixin.py:137} WARNING - /Users/admin/opt/anaconda3/envs/python-airflow-venv/lib/python3.10/site-packages/airflow/settings.py:337 DeprecationWarning: The sql_alchemy_pool_enabled option in [core] has been moved to the sql_alchemy_pool_enabled option in [database] - the old setting has been used, but please update your config.
[2023-03-13T15:47:43.091-0400] {logging_mixin.py:137} WARNING - /Users/admin/opt/anaconda3/envs/python-airflow-venv/lib/python3.10/site-packages/airflow/settings.py:400 DeprecationWarning: The sql_engine_encoding option in [core] has been moved to the sql_engine_encoding option in [database] - the old setting has been used, but please update your config.
[2023-03-13T15:47:43.092-0400] {processor.py:153} INFO - Started process (PID=15790) to work on /Users/admin/opt/anaconda3/envs/python-airflow-venv/lib/python3.10/site-packages/airflow/example_dags/example_sensor_decorator.py
[2023-03-13T15:47:43.092-0400] {processor.py:743} INFO - Processing file /Users/admin/opt/anaconda3/envs/python-airflow-venv/lib/python3.10/site-packages/airflow/example_dags/example_sensor_decorator.py for tasks to queue
[2023-03-13T15:47:43.093-0400] {logging_mixin.py:137} INFO - [2023-03-13T15:47:43.093-0400] {dagbag.py:538} INFO - Filling up the DagBag from /Users/admin/opt/anaconda3/envs/python-airflow-venv/lib/python3.10/site-packages/airflow/example_dags/example_sensor_decorator.py
[2023-03-13T15:47:43.176-0400] {processor.py:753} INFO - DAG(s) dict_keys(['example_sensor_decorator']) retrieved from /Users/admin/opt/anaconda3/envs/python-airflow-venv/lib/python3.10/site-packages/airflow/example_dags/example_sensor_decorator.py
[2023-03-13T15:47:43.236-0400] {logging_mixin.py:137} WARNING - /Users/admin/opt/anaconda3/envs/python-airflow-venv/lib/python3.10/site-packages/airflow/jobs/scheduler_job.py:124 DeprecationWarning: The processor_poll_interval option in [scheduler] has been renamed to scheduler_idle_sleep_time - the old setting has been used, but please update your config.
[2023-03-13T15:47:44.165-0400] {logging_mixin.py:137} INFO - [2023-03-13T15:47:44.164-0400] {dag.py:2690} INFO - Sync 1 DAGs
[2023-03-13T15:47:44.185-0400] {logging_mixin.py:137} INFO - [2023-03-13T15:47:44.184-0400] {dag.py:3437} INFO - Setting next_dagrun for example_sensor_decorator to None, run_after=None
[2023-03-13T15:47:44.209-0400] {processor.py:175} INFO - Processing /Users/admin/opt/anaconda3/envs/python-airflow-venv/lib/python3.10/site-packages/airflow/example_dags/example_sensor_decorator.py took 1.129 seconds
[2023-03-13T15:49:57.687-0400] {logging_mixin.py:137} WARNING - /Users/admin/opt/anaconda3/envs/python-airflow-venv/lib/python3.10/site-packages/airflow/settings.py:337 DeprecationWarning: The sql_alchemy_pool_enabled option in [core] has been moved to the sql_alchemy_pool_enabled option in [database] - the old setting has been used, but please update your config.
[2023-03-13T15:49:57.694-0400] {logging_mixin.py:137} WARNING - /Users/admin/opt/anaconda3/envs/python-airflow-venv/lib/python3.10/site-packages/airflow/settings.py:400 DeprecationWarning: The sql_engine_encoding option in [core] has been moved to the sql_engine_encoding option in [database] - the old setting has been used, but please update your config.
[2023-03-13T15:49:57.695-0400] {processor.py:153} INFO - Started process (PID=15846) to work on /Users/admin/opt/anaconda3/envs/python-airflow-venv/lib/python3.10/site-packages/airflow/example_dags/example_sensor_decorator.py
[2023-03-13T15:49:57.695-0400] {processor.py:743} INFO - Processing file /Users/admin/opt/anaconda3/envs/python-airflow-venv/lib/python3.10/site-packages/airflow/example_dags/example_sensor_decorator.py for tasks to queue
[2023-03-13T15:49:57.695-0400] {logging_mixin.py:137} INFO - [2023-03-13T15:49:57.695-0400] {dagbag.py:538} INFO - Filling up the DagBag from /Users/admin/opt/anaconda3/envs/python-airflow-venv/lib/python3.10/site-packages/airflow/example_dags/example_sensor_decorator.py
[2023-03-13T15:49:57.783-0400] {processor.py:753} INFO - DAG(s) dict_keys(['example_sensor_decorator']) retrieved from /Users/admin/opt/anaconda3/envs/python-airflow-venv/lib/python3.10/site-packages/airflow/example_dags/example_sensor_decorator.py
[2023-03-13T15:49:57.846-0400] {logging_mixin.py:137} WARNING - /Users/admin/opt/anaconda3/envs/python-airflow-venv/lib/python3.10/site-packages/airflow/jobs/scheduler_job.py:124 DeprecationWarning: The processor_poll_interval option in [scheduler] has been renamed to scheduler_idle_sleep_time - the old setting has been used, but please update your config.
[2023-03-13T15:49:58.850-0400] {logging_mixin.py:137} INFO - [2023-03-13T15:49:58.849-0400] {dag.py:2690} INFO - Sync 1 DAGs
[2023-03-13T15:49:58.868-0400] {logging_mixin.py:137} INFO - [2023-03-13T15:49:58.868-0400] {dag.py:3437} INFO - Setting next_dagrun for example_sensor_decorator to None, run_after=None
[2023-03-13T15:49:58.892-0400] {processor.py:175} INFO - Processing /Users/admin/opt/anaconda3/envs/python-airflow-venv/lib/python3.10/site-packages/airflow/example_dags/example_sensor_decorator.py took 1.206 seconds
[2023-03-13T15:52:14.391-0400] {logging_mixin.py:137} WARNING - /Users/admin/opt/anaconda3/envs/python-airflow-venv/lib/python3.10/site-packages/airflow/settings.py:337 DeprecationWarning: The sql_alchemy_pool_enabled option in [core] has been moved to the sql_alchemy_pool_enabled option in [database] - the old setting has been used, but please update your config.
[2023-03-13T15:52:14.397-0400] {logging_mixin.py:137} WARNING - /Users/admin/opt/anaconda3/envs/python-airflow-venv/lib/python3.10/site-packages/airflow/settings.py:400 DeprecationWarning: The sql_engine_encoding option in [core] has been moved to the sql_engine_encoding option in [database] - the old setting has been used, but please update your config.
[2023-03-13T15:52:14.397-0400] {processor.py:153} INFO - Started process (PID=15898) to work on /Users/admin/opt/anaconda3/envs/python-airflow-venv/lib/python3.10/site-packages/airflow/example_dags/example_sensor_decorator.py
[2023-03-13T15:52:14.398-0400] {processor.py:743} INFO - Processing file /Users/admin/opt/anaconda3/envs/python-airflow-venv/lib/python3.10/site-packages/airflow/example_dags/example_sensor_decorator.py for tasks to queue
[2023-03-13T15:52:14.398-0400] {logging_mixin.py:137} INFO - [2023-03-13T15:52:14.398-0400] {dagbag.py:538} INFO - Filling up the DagBag from /Users/admin/opt/anaconda3/envs/python-airflow-venv/lib/python3.10/site-packages/airflow/example_dags/example_sensor_decorator.py
[2023-03-13T15:52:14.489-0400] {processor.py:753} INFO - DAG(s) dict_keys(['example_sensor_decorator']) retrieved from /Users/admin/opt/anaconda3/envs/python-airflow-venv/lib/python3.10/site-packages/airflow/example_dags/example_sensor_decorator.py
[2023-03-13T15:52:14.553-0400] {logging_mixin.py:137} WARNING - /Users/admin/opt/anaconda3/envs/python-airflow-venv/lib/python3.10/site-packages/airflow/jobs/scheduler_job.py:124 DeprecationWarning: The processor_poll_interval option in [scheduler] has been renamed to scheduler_idle_sleep_time - the old setting has been used, but please update your config.
[2023-03-13T15:52:15.464-0400] {logging_mixin.py:137} INFO - [2023-03-13T15:52:15.464-0400] {dag.py:2690} INFO - Sync 1 DAGs
[2023-03-13T15:52:15.483-0400] {logging_mixin.py:137} INFO - [2023-03-13T15:52:15.483-0400] {dag.py:3437} INFO - Setting next_dagrun for example_sensor_decorator to None, run_after=None
[2023-03-13T15:52:15.504-0400] {processor.py:175} INFO - Processing /Users/admin/opt/anaconda3/envs/python-airflow-venv/lib/python3.10/site-packages/airflow/example_dags/example_sensor_decorator.py took 1.114 seconds
[2023-03-13T15:54:35.845-0400] {logging_mixin.py:137} WARNING - /Users/admin/opt/anaconda3/envs/python-airflow-venv/lib/python3.10/site-packages/airflow/settings.py:337 DeprecationWarning: The sql_alchemy_pool_enabled option in [core] has been moved to the sql_alchemy_pool_enabled option in [database] - the old setting has been used, but please update your config.
[2023-03-13T15:54:35.851-0400] {logging_mixin.py:137} WARNING - /Users/admin/opt/anaconda3/envs/python-airflow-venv/lib/python3.10/site-packages/airflow/settings.py:400 DeprecationWarning: The sql_engine_encoding option in [core] has been moved to the sql_engine_encoding option in [database] - the old setting has been used, but please update your config.
[2023-03-13T15:54:35.852-0400] {processor.py:153} INFO - Started process (PID=15953) to work on /Users/admin/opt/anaconda3/envs/python-airflow-venv/lib/python3.10/site-packages/airflow/example_dags/example_sensor_decorator.py
[2023-03-13T15:54:35.853-0400] {processor.py:743} INFO - Processing file /Users/admin/opt/anaconda3/envs/python-airflow-venv/lib/python3.10/site-packages/airflow/example_dags/example_sensor_decorator.py for tasks to queue
[2023-03-13T15:54:35.853-0400] {logging_mixin.py:137} INFO - [2023-03-13T15:54:35.853-0400] {dagbag.py:538} INFO - Filling up the DagBag from /Users/admin/opt/anaconda3/envs/python-airflow-venv/lib/python3.10/site-packages/airflow/example_dags/example_sensor_decorator.py
[2023-03-13T15:54:35.945-0400] {processor.py:753} INFO - DAG(s) dict_keys(['example_sensor_decorator']) retrieved from /Users/admin/opt/anaconda3/envs/python-airflow-venv/lib/python3.10/site-packages/airflow/example_dags/example_sensor_decorator.py
[2023-03-13T15:54:36.008-0400] {logging_mixin.py:137} WARNING - /Users/admin/opt/anaconda3/envs/python-airflow-venv/lib/python3.10/site-packages/airflow/jobs/scheduler_job.py:124 DeprecationWarning: The processor_poll_interval option in [scheduler] has been renamed to scheduler_idle_sleep_time - the old setting has been used, but please update your config.
[2023-03-13T15:54:37.006-0400] {logging_mixin.py:137} INFO - [2023-03-13T15:54:37.005-0400] {dag.py:2690} INFO - Sync 1 DAGs
[2023-03-13T15:54:37.025-0400] {logging_mixin.py:137} INFO - [2023-03-13T15:54:37.025-0400] {dag.py:3437} INFO - Setting next_dagrun for example_sensor_decorator to None, run_after=None
[2023-03-13T15:54:37.049-0400] {processor.py:175} INFO - Processing /Users/admin/opt/anaconda3/envs/python-airflow-venv/lib/python3.10/site-packages/airflow/example_dags/example_sensor_decorator.py took 1.204 seconds
[2023-03-13T15:56:59.973-0400] {logging_mixin.py:137} WARNING - /Users/admin/opt/anaconda3/envs/python-airflow-venv/lib/python3.10/site-packages/airflow/settings.py:337 DeprecationWarning: The sql_alchemy_pool_enabled option in [core] has been moved to the sql_alchemy_pool_enabled option in [database] - the old setting has been used, but please update your config.
[2023-03-13T15:56:59.984-0400] {logging_mixin.py:137} WARNING - /Users/admin/opt/anaconda3/envs/python-airflow-venv/lib/python3.10/site-packages/airflow/settings.py:400 DeprecationWarning: The sql_engine_encoding option in [core] has been moved to the sql_engine_encoding option in [database] - the old setting has been used, but please update your config.
[2023-03-13T15:56:59.985-0400] {processor.py:153} INFO - Started process (PID=16005) to work on /Users/admin/opt/anaconda3/envs/python-airflow-venv/lib/python3.10/site-packages/airflow/example_dags/example_sensor_decorator.py
[2023-03-13T15:56:59.986-0400] {processor.py:743} INFO - Processing file /Users/admin/opt/anaconda3/envs/python-airflow-venv/lib/python3.10/site-packages/airflow/example_dags/example_sensor_decorator.py for tasks to queue
[2023-03-13T15:56:59.986-0400] {logging_mixin.py:137} INFO - [2023-03-13T15:56:59.986-0400] {dagbag.py:538} INFO - Filling up the DagBag from /Users/admin/opt/anaconda3/envs/python-airflow-venv/lib/python3.10/site-packages/airflow/example_dags/example_sensor_decorator.py
[2023-03-13T15:57:00.137-0400] {processor.py:753} INFO - DAG(s) dict_keys(['example_sensor_decorator']) retrieved from /Users/admin/opt/anaconda3/envs/python-airflow-venv/lib/python3.10/site-packages/airflow/example_dags/example_sensor_decorator.py
[2023-03-13T15:57:00.243-0400] {logging_mixin.py:137} WARNING - /Users/admin/opt/anaconda3/envs/python-airflow-venv/lib/python3.10/site-packages/airflow/jobs/scheduler_job.py:124 DeprecationWarning: The processor_poll_interval option in [scheduler] has been renamed to scheduler_idle_sleep_time - the old setting has been used, but please update your config.
[2023-03-13T15:57:01.863-0400] {logging_mixin.py:137} INFO - [2023-03-13T15:57:01.863-0400] {dag.py:2690} INFO - Sync 1 DAGs
[2023-03-13T15:57:01.893-0400] {logging_mixin.py:137} INFO - [2023-03-13T15:57:01.893-0400] {dag.py:3437} INFO - Setting next_dagrun for example_sensor_decorator to None, run_after=None
[2023-03-13T15:57:01.926-0400] {processor.py:175} INFO - Processing /Users/admin/opt/anaconda3/envs/python-airflow-venv/lib/python3.10/site-packages/airflow/example_dags/example_sensor_decorator.py took 1.955 seconds
[2023-03-13T15:59:52.040-0400] {logging_mixin.py:137} WARNING - /Users/admin/opt/anaconda3/envs/python-airflow-venv/lib/python3.10/site-packages/airflow/settings.py:337 DeprecationWarning: The sql_alchemy_pool_enabled option in [core] has been moved to the sql_alchemy_pool_enabled option in [database] - the old setting has been used, but please update your config.
[2023-03-13T15:59:52.049-0400] {logging_mixin.py:137} WARNING - /Users/admin/opt/anaconda3/envs/python-airflow-venv/lib/python3.10/site-packages/airflow/settings.py:400 DeprecationWarning: The sql_engine_encoding option in [core] has been moved to the sql_engine_encoding option in [database] - the old setting has been used, but please update your config.
[2023-03-13T15:59:52.050-0400] {processor.py:153} INFO - Started process (PID=16067) to work on /Users/admin/opt/anaconda3/envs/python-airflow-venv/lib/python3.10/site-packages/airflow/example_dags/example_sensor_decorator.py
[2023-03-13T15:59:52.051-0400] {processor.py:743} INFO - Processing file /Users/admin/opt/anaconda3/envs/python-airflow-venv/lib/python3.10/site-packages/airflow/example_dags/example_sensor_decorator.py for tasks to queue
[2023-03-13T15:59:52.051-0400] {logging_mixin.py:137} INFO - [2023-03-13T15:59:52.051-0400] {dagbag.py:538} INFO - Filling up the DagBag from /Users/admin/opt/anaconda3/envs/python-airflow-venv/lib/python3.10/site-packages/airflow/example_dags/example_sensor_decorator.py
[2023-03-13T15:59:52.170-0400] {processor.py:753} INFO - DAG(s) dict_keys(['example_sensor_decorator']) retrieved from /Users/admin/opt/anaconda3/envs/python-airflow-venv/lib/python3.10/site-packages/airflow/example_dags/example_sensor_decorator.py
[2023-03-13T15:59:52.257-0400] {logging_mixin.py:137} WARNING - /Users/admin/opt/anaconda3/envs/python-airflow-venv/lib/python3.10/site-packages/airflow/jobs/scheduler_job.py:124 DeprecationWarning: The processor_poll_interval option in [scheduler] has been renamed to scheduler_idle_sleep_time - the old setting has been used, but please update your config.
[2023-03-13T15:59:53.714-0400] {logging_mixin.py:137} INFO - [2023-03-13T15:59:53.713-0400] {dag.py:2690} INFO - Sync 1 DAGs
[2023-03-13T15:59:53.741-0400] {logging_mixin.py:137} INFO - [2023-03-13T15:59:53.741-0400] {dag.py:3437} INFO - Setting next_dagrun for example_sensor_decorator to None, run_after=None
[2023-03-13T15:59:53.773-0400] {processor.py:175} INFO - Processing /Users/admin/opt/anaconda3/envs/python-airflow-venv/lib/python3.10/site-packages/airflow/example_dags/example_sensor_decorator.py took 1.735 seconds
[2023-03-13T16:03:24.251-0400] {logging_mixin.py:137} WARNING - /Users/admin/opt/anaconda3/envs/python-airflow-venv/lib/python3.10/site-packages/airflow/settings.py:337 DeprecationWarning: The sql_alchemy_pool_enabled option in [core] has been moved to the sql_alchemy_pool_enabled option in [database] - the old setting has been used, but please update your config.
[2023-03-13T16:03:24.267-0400] {logging_mixin.py:137} WARNING - /Users/admin/opt/anaconda3/envs/python-airflow-venv/lib/python3.10/site-packages/airflow/settings.py:400 DeprecationWarning: The sql_engine_encoding option in [core] has been moved to the sql_engine_encoding option in [database] - the old setting has been used, but please update your config.
[2023-03-13T16:03:24.269-0400] {processor.py:153} INFO - Started process (PID=16133) to work on /Users/admin/opt/anaconda3/envs/python-airflow-venv/lib/python3.10/site-packages/airflow/example_dags/example_sensor_decorator.py
[2023-03-13T16:03:24.269-0400] {processor.py:743} INFO - Processing file /Users/admin/opt/anaconda3/envs/python-airflow-venv/lib/python3.10/site-packages/airflow/example_dags/example_sensor_decorator.py for tasks to queue
[2023-03-13T16:03:24.271-0400] {logging_mixin.py:137} INFO - [2023-03-13T16:03:24.270-0400] {dagbag.py:538} INFO - Filling up the DagBag from /Users/admin/opt/anaconda3/envs/python-airflow-venv/lib/python3.10/site-packages/airflow/example_dags/example_sensor_decorator.py
[2023-03-13T16:03:24.468-0400] {processor.py:753} INFO - DAG(s) dict_keys(['example_sensor_decorator']) retrieved from /Users/admin/opt/anaconda3/envs/python-airflow-venv/lib/python3.10/site-packages/airflow/example_dags/example_sensor_decorator.py
[2023-03-13T16:03:24.619-0400] {logging_mixin.py:137} WARNING - /Users/admin/opt/anaconda3/envs/python-airflow-venv/lib/python3.10/site-packages/airflow/jobs/scheduler_job.py:124 DeprecationWarning: The processor_poll_interval option in [scheduler] has been renamed to scheduler_idle_sleep_time - the old setting has been used, but please update your config.
[2023-03-13T16:03:27.069-0400] {logging_mixin.py:137} INFO - [2023-03-13T16:03:27.068-0400] {dag.py:2690} INFO - Sync 1 DAGs
[2023-03-13T16:03:27.122-0400] {logging_mixin.py:137} INFO - [2023-03-13T16:03:27.122-0400] {dag.py:3437} INFO - Setting next_dagrun for example_sensor_decorator to None, run_after=None
[2023-03-13T16:03:27.178-0400] {processor.py:175} INFO - Processing /Users/admin/opt/anaconda3/envs/python-airflow-venv/lib/python3.10/site-packages/airflow/example_dags/example_sensor_decorator.py took 2.930 seconds
[2023-03-13T16:09:19.471-0400] {logging_mixin.py:137} WARNING - /Users/admin/opt/anaconda3/envs/python-airflow-venv/lib/python3.10/site-packages/airflow/settings.py:337 DeprecationWarning: The sql_alchemy_pool_enabled option in [core] has been moved to the sql_alchemy_pool_enabled option in [database] - the old setting has been used, but please update your config.
[2023-03-13T16:09:19.487-0400] {logging_mixin.py:137} WARNING - /Users/admin/opt/anaconda3/envs/python-airflow-venv/lib/python3.10/site-packages/airflow/settings.py:400 DeprecationWarning: The sql_engine_encoding option in [core] has been moved to the sql_engine_encoding option in [database] - the old setting has been used, but please update your config.
[2023-03-13T16:09:19.489-0400] {processor.py:153} INFO - Started process (PID=16202) to work on /Users/admin/opt/anaconda3/envs/python-airflow-venv/lib/python3.10/site-packages/airflow/example_dags/example_sensor_decorator.py
[2023-03-13T16:09:19.490-0400] {processor.py:743} INFO - Processing file /Users/admin/opt/anaconda3/envs/python-airflow-venv/lib/python3.10/site-packages/airflow/example_dags/example_sensor_decorator.py for tasks to queue
[2023-03-13T16:09:19.491-0400] {logging_mixin.py:137} INFO - [2023-03-13T16:09:19.491-0400] {dagbag.py:538} INFO - Filling up the DagBag from /Users/admin/opt/anaconda3/envs/python-airflow-venv/lib/python3.10/site-packages/airflow/example_dags/example_sensor_decorator.py
[2023-03-13T16:09:19.701-0400] {processor.py:753} INFO - DAG(s) dict_keys(['example_sensor_decorator']) retrieved from /Users/admin/opt/anaconda3/envs/python-airflow-venv/lib/python3.10/site-packages/airflow/example_dags/example_sensor_decorator.py
[2023-03-13T16:09:19.860-0400] {logging_mixin.py:137} WARNING - /Users/admin/opt/anaconda3/envs/python-airflow-venv/lib/python3.10/site-packages/airflow/jobs/scheduler_job.py:124 DeprecationWarning: The processor_poll_interval option in [scheduler] has been renamed to scheduler_idle_sleep_time - the old setting has been used, but please update your config.
[2023-03-13T16:09:22.420-0400] {logging_mixin.py:137} INFO - [2023-03-13T16:09:22.419-0400] {dag.py:2690} INFO - Sync 1 DAGs
[2023-03-13T16:09:22.468-0400] {logging_mixin.py:137} INFO - [2023-03-13T16:09:22.468-0400] {dag.py:3437} INFO - Setting next_dagrun for example_sensor_decorator to None, run_after=None
[2023-03-13T16:09:22.518-0400] {processor.py:175} INFO - Processing /Users/admin/opt/anaconda3/envs/python-airflow-venv/lib/python3.10/site-packages/airflow/example_dags/example_sensor_decorator.py took 3.050 seconds
[2023-03-13T16:13:12.348-0400] {logging_mixin.py:137} WARNING - /Users/admin/opt/anaconda3/envs/python-airflow-venv/lib/python3.10/site-packages/airflow/settings.py:337 DeprecationWarning: The sql_alchemy_pool_enabled option in [core] has been moved to the sql_alchemy_pool_enabled option in [database] - the old setting has been used, but please update your config.
[2023-03-13T16:13:12.354-0400] {logging_mixin.py:137} WARNING - /Users/admin/opt/anaconda3/envs/python-airflow-venv/lib/python3.10/site-packages/airflow/settings.py:400 DeprecationWarning: The sql_engine_encoding option in [core] has been moved to the sql_engine_encoding option in [database] - the old setting has been used, but please update your config.
[2023-03-13T16:13:12.355-0400] {processor.py:153} INFO - Started process (PID=16265) to work on /Users/admin/opt/anaconda3/envs/python-airflow-venv/lib/python3.10/site-packages/airflow/example_dags/example_sensor_decorator.py
[2023-03-13T16:13:12.355-0400] {processor.py:743} INFO - Processing file /Users/admin/opt/anaconda3/envs/python-airflow-venv/lib/python3.10/site-packages/airflow/example_dags/example_sensor_decorator.py for tasks to queue
[2023-03-13T16:13:12.355-0400] {logging_mixin.py:137} INFO - [2023-03-13T16:13:12.355-0400] {dagbag.py:538} INFO - Filling up the DagBag from /Users/admin/opt/anaconda3/envs/python-airflow-venv/lib/python3.10/site-packages/airflow/example_dags/example_sensor_decorator.py
[2023-03-13T16:13:12.438-0400] {processor.py:753} INFO - DAG(s) dict_keys(['example_sensor_decorator']) retrieved from /Users/admin/opt/anaconda3/envs/python-airflow-venv/lib/python3.10/site-packages/airflow/example_dags/example_sensor_decorator.py
[2023-03-13T16:13:12.495-0400] {logging_mixin.py:137} WARNING - /Users/admin/opt/anaconda3/envs/python-airflow-venv/lib/python3.10/site-packages/airflow/jobs/scheduler_job.py:124 DeprecationWarning: The processor_poll_interval option in [scheduler] has been renamed to scheduler_idle_sleep_time - the old setting has been used, but please update your config.
[2023-03-13T16:13:13.484-0400] {logging_mixin.py:137} INFO - [2023-03-13T16:13:13.484-0400] {dag.py:2690} INFO - Sync 1 DAGs
[2023-03-13T16:13:13.503-0400] {logging_mixin.py:137} INFO - [2023-03-13T16:13:13.503-0400] {dag.py:3437} INFO - Setting next_dagrun for example_sensor_decorator to None, run_after=None
[2023-03-13T16:13:13.526-0400] {processor.py:175} INFO - Processing /Users/admin/opt/anaconda3/envs/python-airflow-venv/lib/python3.10/site-packages/airflow/example_dags/example_sensor_decorator.py took 1.178 seconds
[2023-03-13T16:17:19.691-0400] {logging_mixin.py:137} WARNING - /Users/admin/opt/anaconda3/envs/python-airflow-venv/lib/python3.10/site-packages/airflow/settings.py:337 DeprecationWarning: The sql_alchemy_pool_enabled option in [core] has been moved to the sql_alchemy_pool_enabled option in [database] - the old setting has been used, but please update your config.
[2023-03-13T16:17:19.697-0400] {logging_mixin.py:137} WARNING - /Users/admin/opt/anaconda3/envs/python-airflow-venv/lib/python3.10/site-packages/airflow/settings.py:400 DeprecationWarning: The sql_engine_encoding option in [core] has been moved to the sql_engine_encoding option in [database] - the old setting has been used, but please update your config.
[2023-03-13T16:17:19.698-0400] {processor.py:153} INFO - Started process (PID=16325) to work on /Users/admin/opt/anaconda3/envs/python-airflow-venv/lib/python3.10/site-packages/airflow/example_dags/example_sensor_decorator.py
[2023-03-13T16:17:19.698-0400] {processor.py:743} INFO - Processing file /Users/admin/opt/anaconda3/envs/python-airflow-venv/lib/python3.10/site-packages/airflow/example_dags/example_sensor_decorator.py for tasks to queue
[2023-03-13T16:17:19.698-0400] {logging_mixin.py:137} INFO - [2023-03-13T16:17:19.698-0400] {dagbag.py:538} INFO - Filling up the DagBag from /Users/admin/opt/anaconda3/envs/python-airflow-venv/lib/python3.10/site-packages/airflow/example_dags/example_sensor_decorator.py
[2023-03-13T16:17:19.765-0400] {processor.py:753} INFO - DAG(s) dict_keys(['example_sensor_decorator']) retrieved from /Users/admin/opt/anaconda3/envs/python-airflow-venv/lib/python3.10/site-packages/airflow/example_dags/example_sensor_decorator.py
[2023-03-13T16:17:19.810-0400] {logging_mixin.py:137} WARNING - /Users/admin/opt/anaconda3/envs/python-airflow-venv/lib/python3.10/site-packages/airflow/jobs/scheduler_job.py:124 DeprecationWarning: The processor_poll_interval option in [scheduler] has been renamed to scheduler_idle_sleep_time - the old setting has been used, but please update your config.
[2023-03-13T16:17:20.523-0400] {logging_mixin.py:137} INFO - [2023-03-13T16:17:20.523-0400] {dag.py:2690} INFO - Sync 1 DAGs
[2023-03-13T16:17:20.537-0400] {logging_mixin.py:137} INFO - [2023-03-13T16:17:20.537-0400] {dag.py:3437} INFO - Setting next_dagrun for example_sensor_decorator to None, run_after=None
[2023-03-13T16:17:20.554-0400] {processor.py:175} INFO - Processing /Users/admin/opt/anaconda3/envs/python-airflow-venv/lib/python3.10/site-packages/airflow/example_dags/example_sensor_decorator.py took 0.864 seconds
[2023-03-13T16:19:16.310-0400] {logging_mixin.py:137} WARNING - /Users/admin/opt/anaconda3/envs/python-airflow-venv/lib/python3.10/site-packages/airflow/settings.py:337 DeprecationWarning: The sql_alchemy_pool_enabled option in [core] has been moved to the sql_alchemy_pool_enabled option in [database] - the old setting has been used, but please update your config.
[2023-03-13T16:19:16.315-0400] {logging_mixin.py:137} WARNING - /Users/admin/opt/anaconda3/envs/python-airflow-venv/lib/python3.10/site-packages/airflow/settings.py:400 DeprecationWarning: The sql_engine_encoding option in [core] has been moved to the sql_engine_encoding option in [database] - the old setting has been used, but please update your config.
[2023-03-13T16:19:16.316-0400] {processor.py:153} INFO - Started process (PID=16384) to work on /Users/admin/opt/anaconda3/envs/python-airflow-venv/lib/python3.10/site-packages/airflow/example_dags/example_sensor_decorator.py
[2023-03-13T16:19:16.316-0400] {processor.py:743} INFO - Processing file /Users/admin/opt/anaconda3/envs/python-airflow-venv/lib/python3.10/site-packages/airflow/example_dags/example_sensor_decorator.py for tasks to queue
[2023-03-13T16:19:16.316-0400] {logging_mixin.py:137} INFO - [2023-03-13T16:19:16.316-0400] {dagbag.py:538} INFO - Filling up the DagBag from /Users/admin/opt/anaconda3/envs/python-airflow-venv/lib/python3.10/site-packages/airflow/example_dags/example_sensor_decorator.py
[2023-03-13T16:19:16.386-0400] {processor.py:753} INFO - DAG(s) dict_keys(['example_sensor_decorator']) retrieved from /Users/admin/opt/anaconda3/envs/python-airflow-venv/lib/python3.10/site-packages/airflow/example_dags/example_sensor_decorator.py
[2023-03-13T16:19:16.434-0400] {logging_mixin.py:137} WARNING - /Users/admin/opt/anaconda3/envs/python-airflow-venv/lib/python3.10/site-packages/airflow/jobs/scheduler_job.py:124 DeprecationWarning: The processor_poll_interval option in [scheduler] has been renamed to scheduler_idle_sleep_time - the old setting has been used, but please update your config.
[2023-03-13T16:19:17.179-0400] {logging_mixin.py:137} INFO - [2023-03-13T16:19:17.179-0400] {dag.py:2690} INFO - Sync 1 DAGs
[2023-03-13T16:19:17.194-0400] {logging_mixin.py:137} INFO - [2023-03-13T16:19:17.194-0400] {dag.py:3437} INFO - Setting next_dagrun for example_sensor_decorator to None, run_after=None
[2023-03-13T16:19:17.214-0400] {processor.py:175} INFO - Processing /Users/admin/opt/anaconda3/envs/python-airflow-venv/lib/python3.10/site-packages/airflow/example_dags/example_sensor_decorator.py took 0.905 seconds
[2023-03-13T16:23:02.521-0400] {logging_mixin.py:137} WARNING - /Users/admin/opt/anaconda3/envs/python-airflow-venv/lib/python3.10/site-packages/airflow/settings.py:337 DeprecationWarning: The sql_alchemy_pool_enabled option in [core] has been moved to the sql_alchemy_pool_enabled option in [database] - the old setting has been used, but please update your config.
[2023-03-13T16:23:02.534-0400] {logging_mixin.py:137} WARNING - /Users/admin/opt/anaconda3/envs/python-airflow-venv/lib/python3.10/site-packages/airflow/settings.py:400 DeprecationWarning: The sql_engine_encoding option in [core] has been moved to the sql_engine_encoding option in [database] - the old setting has been used, but please update your config.
[2023-03-13T16:23:02.535-0400] {processor.py:153} INFO - Started process (PID=16453) to work on /Users/admin/opt/anaconda3/envs/python-airflow-venv/lib/python3.10/site-packages/airflow/example_dags/example_sensor_decorator.py
[2023-03-13T16:23:02.536-0400] {processor.py:743} INFO - Processing file /Users/admin/opt/anaconda3/envs/python-airflow-venv/lib/python3.10/site-packages/airflow/example_dags/example_sensor_decorator.py for tasks to queue
[2023-03-13T16:23:02.537-0400] {logging_mixin.py:137} INFO - [2023-03-13T16:23:02.537-0400] {dagbag.py:538} INFO - Filling up the DagBag from /Users/admin/opt/anaconda3/envs/python-airflow-venv/lib/python3.10/site-packages/airflow/example_dags/example_sensor_decorator.py
[2023-03-13T16:23:02.937-0400] {processor.py:753} INFO - DAG(s) dict_keys(['example_sensor_decorator']) retrieved from /Users/admin/opt/anaconda3/envs/python-airflow-venv/lib/python3.10/site-packages/airflow/example_dags/example_sensor_decorator.py
[2023-03-13T16:23:03.200-0400] {logging_mixin.py:137} WARNING - /Users/admin/opt/anaconda3/envs/python-airflow-venv/lib/python3.10/site-packages/airflow/jobs/scheduler_job.py:124 DeprecationWarning: The processor_poll_interval option in [scheduler] has been renamed to scheduler_idle_sleep_time - the old setting has been used, but please update your config.
[2023-03-13T16:23:06.558-0400] {logging_mixin.py:137} INFO - [2023-03-13T16:23:06.557-0400] {dag.py:2690} INFO - Sync 1 DAGs
[2023-03-13T16:23:06.594-0400] {logging_mixin.py:137} INFO - [2023-03-13T16:23:06.594-0400] {dag.py:3437} INFO - Setting next_dagrun for example_sensor_decorator to None, run_after=None
[2023-03-13T16:23:06.633-0400] {processor.py:175} INFO - Processing /Users/admin/opt/anaconda3/envs/python-airflow-venv/lib/python3.10/site-packages/airflow/example_dags/example_sensor_decorator.py took 4.115 seconds
[2023-03-13T16:28:30.918-0400] {logging_mixin.py:137} WARNING - /Users/admin/opt/anaconda3/envs/python-airflow-venv/lib/python3.10/site-packages/airflow/settings.py:337 DeprecationWarning: The sql_alchemy_pool_enabled option in [core] has been moved to the sql_alchemy_pool_enabled option in [database] - the old setting has been used, but please update your config.
[2023-03-13T16:28:30.933-0400] {logging_mixin.py:137} WARNING - /Users/admin/opt/anaconda3/envs/python-airflow-venv/lib/python3.10/site-packages/airflow/settings.py:400 DeprecationWarning: The sql_engine_encoding option in [core] has been moved to the sql_engine_encoding option in [database] - the old setting has been used, but please update your config.
[2023-03-13T16:28:30.936-0400] {processor.py:153} INFO - Started process (PID=16524) to work on /Users/admin/opt/anaconda3/envs/python-airflow-venv/lib/python3.10/site-packages/airflow/example_dags/example_sensor_decorator.py
[2023-03-13T16:28:30.936-0400] {processor.py:743} INFO - Processing file /Users/admin/opt/anaconda3/envs/python-airflow-venv/lib/python3.10/site-packages/airflow/example_dags/example_sensor_decorator.py for tasks to queue
[2023-03-13T16:28:30.938-0400] {logging_mixin.py:137} INFO - [2023-03-13T16:28:30.937-0400] {dagbag.py:538} INFO - Filling up the DagBag from /Users/admin/opt/anaconda3/envs/python-airflow-venv/lib/python3.10/site-packages/airflow/example_dags/example_sensor_decorator.py
[2023-03-13T16:28:31.155-0400] {processor.py:753} INFO - DAG(s) dict_keys(['example_sensor_decorator']) retrieved from /Users/admin/opt/anaconda3/envs/python-airflow-venv/lib/python3.10/site-packages/airflow/example_dags/example_sensor_decorator.py
[2023-03-13T16:28:31.315-0400] {logging_mixin.py:137} WARNING - /Users/admin/opt/anaconda3/envs/python-airflow-venv/lib/python3.10/site-packages/airflow/jobs/scheduler_job.py:124 DeprecationWarning: The processor_poll_interval option in [scheduler] has been renamed to scheduler_idle_sleep_time - the old setting has been used, but please update your config.
[2023-03-13T16:28:33.749-0400] {logging_mixin.py:137} INFO - [2023-03-13T16:28:33.749-0400] {dag.py:2690} INFO - Sync 1 DAGs
[2023-03-13T16:28:33.796-0400] {logging_mixin.py:137} INFO - [2023-03-13T16:28:33.796-0400] {dag.py:3437} INFO - Setting next_dagrun for example_sensor_decorator to None, run_after=None
[2023-03-13T16:28:33.852-0400] {processor.py:175} INFO - Processing /Users/admin/opt/anaconda3/envs/python-airflow-venv/lib/python3.10/site-packages/airflow/example_dags/example_sensor_decorator.py took 2.937 seconds
[2023-03-13T16:55:09.062-0400] {logging_mixin.py:137} WARNING - /Users/admin/opt/anaconda3/envs/python-airflow-venv/lib/python3.10/site-packages/airflow/settings.py:337 DeprecationWarning: The sql_alchemy_pool_enabled option in [core] has been moved to the sql_alchemy_pool_enabled option in [database] - the old setting has been used, but please update your config.
[2023-03-13T16:55:09.066-0400] {logging_mixin.py:137} WARNING - /Users/admin/opt/anaconda3/envs/python-airflow-venv/lib/python3.10/site-packages/airflow/settings.py:400 DeprecationWarning: The sql_engine_encoding option in [core] has been moved to the sql_engine_encoding option in [database] - the old setting has been used, but please update your config.
[2023-03-13T16:55:09.067-0400] {processor.py:153} INFO - Started process (PID=16596) to work on /Users/admin/opt/anaconda3/envs/python-airflow-venv/lib/python3.10/site-packages/airflow/example_dags/example_sensor_decorator.py
[2023-03-13T16:55:09.067-0400] {processor.py:743} INFO - Processing file /Users/admin/opt/anaconda3/envs/python-airflow-venv/lib/python3.10/site-packages/airflow/example_dags/example_sensor_decorator.py for tasks to queue
[2023-03-13T16:55:09.067-0400] {logging_mixin.py:137} INFO - [2023-03-13T16:55:09.067-0400] {dagbag.py:538} INFO - Filling up the DagBag from /Users/admin/opt/anaconda3/envs/python-airflow-venv/lib/python3.10/site-packages/airflow/example_dags/example_sensor_decorator.py
[2023-03-13T16:55:09.130-0400] {processor.py:753} INFO - DAG(s) dict_keys(['example_sensor_decorator']) retrieved from /Users/admin/opt/anaconda3/envs/python-airflow-venv/lib/python3.10/site-packages/airflow/example_dags/example_sensor_decorator.py
[2023-03-13T16:55:09.172-0400] {logging_mixin.py:137} WARNING - /Users/admin/opt/anaconda3/envs/python-airflow-venv/lib/python3.10/site-packages/airflow/jobs/scheduler_job.py:124 DeprecationWarning: The processor_poll_interval option in [scheduler] has been renamed to scheduler_idle_sleep_time - the old setting has been used, but please update your config.
[2023-03-13T16:55:09.821-0400] {logging_mixin.py:137} INFO - [2023-03-13T16:55:09.821-0400] {dag.py:2690} INFO - Sync 1 DAGs
[2023-03-13T16:55:09.833-0400] {logging_mixin.py:137} INFO - [2023-03-13T16:55:09.833-0400] {dag.py:3437} INFO - Setting next_dagrun for example_sensor_decorator to None, run_after=None
[2023-03-13T16:55:09.854-0400] {processor.py:175} INFO - Processing /Users/admin/opt/anaconda3/envs/python-airflow-venv/lib/python3.10/site-packages/airflow/example_dags/example_sensor_decorator.py took 0.793 seconds
[2023-03-13T17:12:22.778-0400] {logging_mixin.py:137} WARNING - /Users/admin/opt/anaconda3/envs/python-airflow-venv/lib/python3.10/site-packages/airflow/settings.py:337 DeprecationWarning: The sql_alchemy_pool_enabled option in [core] has been moved to the sql_alchemy_pool_enabled option in [database] - the old setting has been used, but please update your config.
[2023-03-13T17:12:22.783-0400] {logging_mixin.py:137} WARNING - /Users/admin/opt/anaconda3/envs/python-airflow-venv/lib/python3.10/site-packages/airflow/settings.py:400 DeprecationWarning: The sql_engine_encoding option in [core] has been moved to the sql_engine_encoding option in [database] - the old setting has been used, but please update your config.
[2023-03-13T17:12:22.784-0400] {processor.py:153} INFO - Started process (PID=16655) to work on /Users/admin/opt/anaconda3/envs/python-airflow-venv/lib/python3.10/site-packages/airflow/example_dags/example_sensor_decorator.py
[2023-03-13T17:12:22.784-0400] {processor.py:743} INFO - Processing file /Users/admin/opt/anaconda3/envs/python-airflow-venv/lib/python3.10/site-packages/airflow/example_dags/example_sensor_decorator.py for tasks to queue
[2023-03-13T17:12:22.784-0400] {logging_mixin.py:137} INFO - [2023-03-13T17:12:22.784-0400] {dagbag.py:538} INFO - Filling up the DagBag from /Users/admin/opt/anaconda3/envs/python-airflow-venv/lib/python3.10/site-packages/airflow/example_dags/example_sensor_decorator.py
[2023-03-13T17:12:22.856-0400] {processor.py:753} INFO - DAG(s) dict_keys(['example_sensor_decorator']) retrieved from /Users/admin/opt/anaconda3/envs/python-airflow-venv/lib/python3.10/site-packages/airflow/example_dags/example_sensor_decorator.py
[2023-03-13T17:12:22.901-0400] {logging_mixin.py:137} WARNING - /Users/admin/opt/anaconda3/envs/python-airflow-venv/lib/python3.10/site-packages/airflow/jobs/scheduler_job.py:124 DeprecationWarning: The processor_poll_interval option in [scheduler] has been renamed to scheduler_idle_sleep_time - the old setting has been used, but please update your config.
[2023-03-13T17:12:23.575-0400] {logging_mixin.py:137} INFO - [2023-03-13T17:12:23.575-0400] {dag.py:2690} INFO - Sync 1 DAGs
[2023-03-13T17:12:23.588-0400] {logging_mixin.py:137} INFO - [2023-03-13T17:12:23.588-0400] {dag.py:3437} INFO - Setting next_dagrun for example_sensor_decorator to None, run_after=None
[2023-03-13T17:12:23.604-0400] {processor.py:175} INFO - Processing /Users/admin/opt/anaconda3/envs/python-airflow-venv/lib/python3.10/site-packages/airflow/example_dags/example_sensor_decorator.py took 0.826 seconds
