[2023-03-13T14:38:50.305-0400] {logging_mixin.py:137} WARNING - /Users/admin/opt/anaconda3/envs/python-airflow-venv/lib/python3.10/site-packages/airflow/settings.py:337 DeprecationWarning: The sql_alchemy_pool_enabled option in [core] has been moved to the sql_alchemy_pool_enabled option in [database] - the old setting has been used, but please update your config.
[2023-03-13T14:38:50.310-0400] {logging_mixin.py:137} WARNING - /Users/admin/opt/anaconda3/envs/python-airflow-venv/lib/python3.10/site-packages/airflow/settings.py:400 DeprecationWarning: The sql_engine_encoding option in [core] has been moved to the sql_engine_encoding option in [database] - the old setting has been used, but please update your config.
[2023-03-13T14:38:50.311-0400] {processor.py:153} INFO - Started process (PID=14825) to work on /Users/admin/opt/anaconda3/envs/python-airflow-venv/lib/python3.10/site-packages/airflow/example_dags/tutorial_dag.py
[2023-03-13T14:38:50.311-0400] {processor.py:743} INFO - Processing file /Users/admin/opt/anaconda3/envs/python-airflow-venv/lib/python3.10/site-packages/airflow/example_dags/tutorial_dag.py for tasks to queue
[2023-03-13T14:38:50.311-0400] {logging_mixin.py:137} INFO - [2023-03-13T14:38:50.311-0400] {dagbag.py:538} INFO - Filling up the DagBag from /Users/admin/opt/anaconda3/envs/python-airflow-venv/lib/python3.10/site-packages/airflow/example_dags/tutorial_dag.py
[2023-03-13T14:38:50.369-0400] {processor.py:753} INFO - DAG(s) dict_keys(['tutorial_dag']) retrieved from /Users/admin/opt/anaconda3/envs/python-airflow-venv/lib/python3.10/site-packages/airflow/example_dags/tutorial_dag.py
[2023-03-13T14:38:50.416-0400] {logging_mixin.py:137} WARNING - /Users/admin/opt/anaconda3/envs/python-airflow-venv/lib/python3.10/site-packages/airflow/jobs/scheduler_job.py:124 DeprecationWarning: The processor_poll_interval option in [scheduler] has been renamed to scheduler_idle_sleep_time - the old setting has been used, but please update your config.
[2023-03-13T14:38:51.018-0400] {logging_mixin.py:137} INFO - [2023-03-13T14:38:51.017-0400] {dag.py:2690} INFO - Sync 1 DAGs
[2023-03-13T14:38:51.032-0400] {logging_mixin.py:137} INFO - [2023-03-13T14:38:51.032-0400] {dag.py:3437} INFO - Setting next_dagrun for tutorial_dag to None, run_after=None
[2023-03-13T14:38:51.047-0400] {processor.py:175} INFO - Processing /Users/admin/opt/anaconda3/envs/python-airflow-venv/lib/python3.10/site-packages/airflow/example_dags/tutorial_dag.py took 0.743 seconds
[2023-03-13T14:41:02.104-0400] {logging_mixin.py:137} WARNING - /Users/admin/opt/anaconda3/envs/python-airflow-venv/lib/python3.10/site-packages/airflow/settings.py:337 DeprecationWarning: The sql_alchemy_pool_enabled option in [core] has been moved to the sql_alchemy_pool_enabled option in [database] - the old setting has been used, but please update your config.
[2023-03-13T14:41:02.109-0400] {logging_mixin.py:137} WARNING - /Users/admin/opt/anaconda3/envs/python-airflow-venv/lib/python3.10/site-packages/airflow/settings.py:400 DeprecationWarning: The sql_engine_encoding option in [core] has been moved to the sql_engine_encoding option in [database] - the old setting has been used, but please update your config.
[2023-03-13T14:41:02.110-0400] {processor.py:153} INFO - Started process (PID=14888) to work on /Users/admin/opt/anaconda3/envs/python-airflow-venv/lib/python3.10/site-packages/airflow/example_dags/tutorial_dag.py
[2023-03-13T14:41:02.110-0400] {processor.py:743} INFO - Processing file /Users/admin/opt/anaconda3/envs/python-airflow-venv/lib/python3.10/site-packages/airflow/example_dags/tutorial_dag.py for tasks to queue
[2023-03-13T14:41:02.110-0400] {logging_mixin.py:137} INFO - [2023-03-13T14:41:02.110-0400] {dagbag.py:538} INFO - Filling up the DagBag from /Users/admin/opt/anaconda3/envs/python-airflow-venv/lib/python3.10/site-packages/airflow/example_dags/tutorial_dag.py
[2023-03-13T14:41:02.172-0400] {processor.py:753} INFO - DAG(s) dict_keys(['tutorial_dag']) retrieved from /Users/admin/opt/anaconda3/envs/python-airflow-venv/lib/python3.10/site-packages/airflow/example_dags/tutorial_dag.py
[2023-03-13T14:41:02.218-0400] {logging_mixin.py:137} WARNING - /Users/admin/opt/anaconda3/envs/python-airflow-venv/lib/python3.10/site-packages/airflow/jobs/scheduler_job.py:124 DeprecationWarning: The processor_poll_interval option in [scheduler] has been renamed to scheduler_idle_sleep_time - the old setting has been used, but please update your config.
[2023-03-13T14:41:02.799-0400] {logging_mixin.py:137} INFO - [2023-03-13T14:41:02.798-0400] {dag.py:2690} INFO - Sync 1 DAGs
[2023-03-13T14:41:02.813-0400] {logging_mixin.py:137} INFO - [2023-03-13T14:41:02.813-0400] {dag.py:3437} INFO - Setting next_dagrun for tutorial_dag to None, run_after=None
[2023-03-13T14:41:02.832-0400] {processor.py:175} INFO - Processing /Users/admin/opt/anaconda3/envs/python-airflow-venv/lib/python3.10/site-packages/airflow/example_dags/tutorial_dag.py took 0.729 seconds
[2023-03-13T14:43:29.625-0400] {logging_mixin.py:137} WARNING - /Users/admin/opt/anaconda3/envs/python-airflow-venv/lib/python3.10/site-packages/airflow/settings.py:337 DeprecationWarning: The sql_alchemy_pool_enabled option in [core] has been moved to the sql_alchemy_pool_enabled option in [database] - the old setting has been used, but please update your config.
[2023-03-13T14:43:29.630-0400] {logging_mixin.py:137} WARNING - /Users/admin/opt/anaconda3/envs/python-airflow-venv/lib/python3.10/site-packages/airflow/settings.py:400 DeprecationWarning: The sql_engine_encoding option in [core] has been moved to the sql_engine_encoding option in [database] - the old setting has been used, but please update your config.
[2023-03-13T14:43:29.631-0400] {processor.py:153} INFO - Started process (PID=14948) to work on /Users/admin/opt/anaconda3/envs/python-airflow-venv/lib/python3.10/site-packages/airflow/example_dags/tutorial_dag.py
[2023-03-13T14:43:29.631-0400] {processor.py:743} INFO - Processing file /Users/admin/opt/anaconda3/envs/python-airflow-venv/lib/python3.10/site-packages/airflow/example_dags/tutorial_dag.py for tasks to queue
[2023-03-13T14:43:29.631-0400] {logging_mixin.py:137} INFO - [2023-03-13T14:43:29.631-0400] {dagbag.py:538} INFO - Filling up the DagBag from /Users/admin/opt/anaconda3/envs/python-airflow-venv/lib/python3.10/site-packages/airflow/example_dags/tutorial_dag.py
[2023-03-13T14:43:29.698-0400] {processor.py:753} INFO - DAG(s) dict_keys(['tutorial_dag']) retrieved from /Users/admin/opt/anaconda3/envs/python-airflow-venv/lib/python3.10/site-packages/airflow/example_dags/tutorial_dag.py
[2023-03-13T14:43:29.753-0400] {logging_mixin.py:137} WARNING - /Users/admin/opt/anaconda3/envs/python-airflow-venv/lib/python3.10/site-packages/airflow/jobs/scheduler_job.py:124 DeprecationWarning: The processor_poll_interval option in [scheduler] has been renamed to scheduler_idle_sleep_time - the old setting has been used, but please update your config.
[2023-03-13T14:43:30.361-0400] {logging_mixin.py:137} INFO - [2023-03-13T14:43:30.360-0400] {dag.py:2690} INFO - Sync 1 DAGs
[2023-03-13T14:43:30.377-0400] {logging_mixin.py:137} INFO - [2023-03-13T14:43:30.377-0400] {dag.py:3437} INFO - Setting next_dagrun for tutorial_dag to None, run_after=None
[2023-03-13T14:43:30.397-0400] {processor.py:175} INFO - Processing /Users/admin/opt/anaconda3/envs/python-airflow-venv/lib/python3.10/site-packages/airflow/example_dags/tutorial_dag.py took 0.773 seconds
[2023-03-13T14:55:05.373-0400] {logging_mixin.py:137} WARNING - /Users/admin/opt/anaconda3/envs/python-airflow-venv/lib/python3.10/site-packages/airflow/settings.py:337 DeprecationWarning: The sql_alchemy_pool_enabled option in [core] has been moved to the sql_alchemy_pool_enabled option in [database] - the old setting has been used, but please update your config.
[2023-03-13T14:55:05.378-0400] {logging_mixin.py:137} WARNING - /Users/admin/opt/anaconda3/envs/python-airflow-venv/lib/python3.10/site-packages/airflow/settings.py:400 DeprecationWarning: The sql_engine_encoding option in [core] has been moved to the sql_engine_encoding option in [database] - the old setting has been used, but please update your config.
[2023-03-13T14:55:05.379-0400] {processor.py:153} INFO - Started process (PID=15114) to work on /Users/admin/opt/anaconda3/envs/python-airflow-venv/lib/python3.10/site-packages/airflow/example_dags/tutorial_dag.py
[2023-03-13T14:55:05.379-0400] {processor.py:743} INFO - Processing file /Users/admin/opt/anaconda3/envs/python-airflow-venv/lib/python3.10/site-packages/airflow/example_dags/tutorial_dag.py for tasks to queue
[2023-03-13T14:55:05.379-0400] {logging_mixin.py:137} INFO - [2023-03-13T14:55:05.379-0400] {dagbag.py:538} INFO - Filling up the DagBag from /Users/admin/opt/anaconda3/envs/python-airflow-venv/lib/python3.10/site-packages/airflow/example_dags/tutorial_dag.py
[2023-03-13T14:55:05.446-0400] {processor.py:753} INFO - DAG(s) dict_keys(['tutorial_dag']) retrieved from /Users/admin/opt/anaconda3/envs/python-airflow-venv/lib/python3.10/site-packages/airflow/example_dags/tutorial_dag.py
[2023-03-13T14:55:05.503-0400] {logging_mixin.py:137} WARNING - /Users/admin/opt/anaconda3/envs/python-airflow-venv/lib/python3.10/site-packages/airflow/jobs/scheduler_job.py:124 DeprecationWarning: The processor_poll_interval option in [scheduler] has been renamed to scheduler_idle_sleep_time - the old setting has been used, but please update your config.
[2023-03-13T14:55:06.235-0400] {logging_mixin.py:137} INFO - [2023-03-13T14:55:06.234-0400] {dag.py:2690} INFO - Sync 1 DAGs
[2023-03-13T14:55:06.251-0400] {logging_mixin.py:137} INFO - [2023-03-13T14:55:06.251-0400] {dag.py:3437} INFO - Setting next_dagrun for tutorial_dag to None, run_after=None
[2023-03-13T14:55:06.270-0400] {processor.py:175} INFO - Processing /Users/admin/opt/anaconda3/envs/python-airflow-venv/lib/python3.10/site-packages/airflow/example_dags/tutorial_dag.py took 0.898 seconds
[2023-03-13T14:57:37.947-0400] {logging_mixin.py:137} WARNING - /Users/admin/opt/anaconda3/envs/python-airflow-venv/lib/python3.10/site-packages/airflow/settings.py:337 DeprecationWarning: The sql_alchemy_pool_enabled option in [core] has been moved to the sql_alchemy_pool_enabled option in [database] - the old setting has been used, but please update your config.
[2023-03-13T14:57:37.952-0400] {logging_mixin.py:137} WARNING - /Users/admin/opt/anaconda3/envs/python-airflow-venv/lib/python3.10/site-packages/airflow/settings.py:400 DeprecationWarning: The sql_engine_encoding option in [core] has been moved to the sql_engine_encoding option in [database] - the old setting has been used, but please update your config.
[2023-03-13T14:57:37.953-0400] {processor.py:153} INFO - Started process (PID=15185) to work on /Users/admin/opt/anaconda3/envs/python-airflow-venv/lib/python3.10/site-packages/airflow/example_dags/tutorial_dag.py
[2023-03-13T14:57:37.953-0400] {processor.py:743} INFO - Processing file /Users/admin/opt/anaconda3/envs/python-airflow-venv/lib/python3.10/site-packages/airflow/example_dags/tutorial_dag.py for tasks to queue
[2023-03-13T14:57:37.953-0400] {logging_mixin.py:137} INFO - [2023-03-13T14:57:37.953-0400] {dagbag.py:538} INFO - Filling up the DagBag from /Users/admin/opt/anaconda3/envs/python-airflow-venv/lib/python3.10/site-packages/airflow/example_dags/tutorial_dag.py
[2023-03-13T14:57:38.010-0400] {processor.py:753} INFO - DAG(s) dict_keys(['tutorial_dag']) retrieved from /Users/admin/opt/anaconda3/envs/python-airflow-venv/lib/python3.10/site-packages/airflow/example_dags/tutorial_dag.py
[2023-03-13T14:57:38.057-0400] {logging_mixin.py:137} WARNING - /Users/admin/opt/anaconda3/envs/python-airflow-venv/lib/python3.10/site-packages/airflow/jobs/scheduler_job.py:124 DeprecationWarning: The processor_poll_interval option in [scheduler] has been renamed to scheduler_idle_sleep_time - the old setting has been used, but please update your config.
[2023-03-13T14:57:38.632-0400] {logging_mixin.py:137} INFO - [2023-03-13T14:57:38.631-0400] {dag.py:2690} INFO - Sync 1 DAGs
[2023-03-13T14:57:38.646-0400] {logging_mixin.py:137} INFO - [2023-03-13T14:57:38.645-0400] {dag.py:3437} INFO - Setting next_dagrun for tutorial_dag to None, run_after=None
[2023-03-13T14:57:38.663-0400] {processor.py:175} INFO - Processing /Users/admin/opt/anaconda3/envs/python-airflow-venv/lib/python3.10/site-packages/airflow/example_dags/tutorial_dag.py took 0.717 seconds
[2023-03-13T14:59:32.026-0400] {logging_mixin.py:137} WARNING - /Users/admin/opt/anaconda3/envs/python-airflow-venv/lib/python3.10/site-packages/airflow/settings.py:337 DeprecationWarning: The sql_alchemy_pool_enabled option in [core] has been moved to the sql_alchemy_pool_enabled option in [database] - the old setting has been used, but please update your config.
[2023-03-13T14:59:32.031-0400] {logging_mixin.py:137} WARNING - /Users/admin/opt/anaconda3/envs/python-airflow-venv/lib/python3.10/site-packages/airflow/settings.py:400 DeprecationWarning: The sql_engine_encoding option in [core] has been moved to the sql_engine_encoding option in [database] - the old setting has been used, but please update your config.
[2023-03-13T14:59:32.032-0400] {processor.py:153} INFO - Started process (PID=15242) to work on /Users/admin/opt/anaconda3/envs/python-airflow-venv/lib/python3.10/site-packages/airflow/example_dags/tutorial_dag.py
[2023-03-13T14:59:32.032-0400] {processor.py:743} INFO - Processing file /Users/admin/opt/anaconda3/envs/python-airflow-venv/lib/python3.10/site-packages/airflow/example_dags/tutorial_dag.py for tasks to queue
[2023-03-13T14:59:32.033-0400] {logging_mixin.py:137} INFO - [2023-03-13T14:59:32.033-0400] {dagbag.py:538} INFO - Filling up the DagBag from /Users/admin/opt/anaconda3/envs/python-airflow-venv/lib/python3.10/site-packages/airflow/example_dags/tutorial_dag.py
[2023-03-13T14:59:32.101-0400] {processor.py:753} INFO - DAG(s) dict_keys(['tutorial_dag']) retrieved from /Users/admin/opt/anaconda3/envs/python-airflow-venv/lib/python3.10/site-packages/airflow/example_dags/tutorial_dag.py
[2023-03-13T14:59:32.159-0400] {logging_mixin.py:137} WARNING - /Users/admin/opt/anaconda3/envs/python-airflow-venv/lib/python3.10/site-packages/airflow/jobs/scheduler_job.py:124 DeprecationWarning: The processor_poll_interval option in [scheduler] has been renamed to scheduler_idle_sleep_time - the old setting has been used, but please update your config.
[2023-03-13T14:59:32.747-0400] {logging_mixin.py:137} INFO - [2023-03-13T14:59:32.747-0400] {dag.py:2690} INFO - Sync 1 DAGs
[2023-03-13T14:59:32.761-0400] {logging_mixin.py:137} INFO - [2023-03-13T14:59:32.761-0400] {dag.py:3437} INFO - Setting next_dagrun for tutorial_dag to None, run_after=None
[2023-03-13T14:59:32.782-0400] {processor.py:175} INFO - Processing /Users/admin/opt/anaconda3/envs/python-airflow-venv/lib/python3.10/site-packages/airflow/example_dags/tutorial_dag.py took 0.757 seconds
[2023-03-13T15:01:26.822-0400] {logging_mixin.py:137} WARNING - /Users/admin/opt/anaconda3/envs/python-airflow-venv/lib/python3.10/site-packages/airflow/settings.py:337 DeprecationWarning: The sql_alchemy_pool_enabled option in [core] has been moved to the sql_alchemy_pool_enabled option in [database] - the old setting has been used, but please update your config.
[2023-03-13T15:01:26.827-0400] {logging_mixin.py:137} WARNING - /Users/admin/opt/anaconda3/envs/python-airflow-venv/lib/python3.10/site-packages/airflow/settings.py:400 DeprecationWarning: The sql_engine_encoding option in [core] has been moved to the sql_engine_encoding option in [database] - the old setting has been used, but please update your config.
[2023-03-13T15:01:26.828-0400] {processor.py:153} INFO - Started process (PID=15294) to work on /Users/admin/opt/anaconda3/envs/python-airflow-venv/lib/python3.10/site-packages/airflow/example_dags/tutorial_dag.py
[2023-03-13T15:01:26.828-0400] {processor.py:743} INFO - Processing file /Users/admin/opt/anaconda3/envs/python-airflow-venv/lib/python3.10/site-packages/airflow/example_dags/tutorial_dag.py for tasks to queue
[2023-03-13T15:01:26.828-0400] {logging_mixin.py:137} INFO - [2023-03-13T15:01:26.828-0400] {dagbag.py:538} INFO - Filling up the DagBag from /Users/admin/opt/anaconda3/envs/python-airflow-venv/lib/python3.10/site-packages/airflow/example_dags/tutorial_dag.py
[2023-03-13T15:01:26.897-0400] {processor.py:753} INFO - DAG(s) dict_keys(['tutorial_dag']) retrieved from /Users/admin/opt/anaconda3/envs/python-airflow-venv/lib/python3.10/site-packages/airflow/example_dags/tutorial_dag.py
[2023-03-13T15:01:26.943-0400] {logging_mixin.py:137} WARNING - /Users/admin/opt/anaconda3/envs/python-airflow-venv/lib/python3.10/site-packages/airflow/jobs/scheduler_job.py:124 DeprecationWarning: The processor_poll_interval option in [scheduler] has been renamed to scheduler_idle_sleep_time - the old setting has been used, but please update your config.
[2023-03-13T15:01:27.520-0400] {logging_mixin.py:137} INFO - [2023-03-13T15:01:27.520-0400] {dag.py:2690} INFO - Sync 1 DAGs
[2023-03-13T15:01:27.534-0400] {logging_mixin.py:137} INFO - [2023-03-13T15:01:27.533-0400] {dag.py:3437} INFO - Setting next_dagrun for tutorial_dag to None, run_after=None
[2023-03-13T15:01:27.551-0400] {processor.py:175} INFO - Processing /Users/admin/opt/anaconda3/envs/python-airflow-venv/lib/python3.10/site-packages/airflow/example_dags/tutorial_dag.py took 0.730 seconds
[2023-03-13T15:03:21.592-0400] {logging_mixin.py:137} WARNING - /Users/admin/opt/anaconda3/envs/python-airflow-venv/lib/python3.10/site-packages/airflow/settings.py:337 DeprecationWarning: The sql_alchemy_pool_enabled option in [core] has been moved to the sql_alchemy_pool_enabled option in [database] - the old setting has been used, but please update your config.
[2023-03-13T15:03:21.597-0400] {logging_mixin.py:137} WARNING - /Users/admin/opt/anaconda3/envs/python-airflow-venv/lib/python3.10/site-packages/airflow/settings.py:400 DeprecationWarning: The sql_engine_encoding option in [core] has been moved to the sql_engine_encoding option in [database] - the old setting has been used, but please update your config.
[2023-03-13T15:03:21.598-0400] {processor.py:153} INFO - Started process (PID=15344) to work on /Users/admin/opt/anaconda3/envs/python-airflow-venv/lib/python3.10/site-packages/airflow/example_dags/tutorial_dag.py
[2023-03-13T15:03:21.598-0400] {processor.py:743} INFO - Processing file /Users/admin/opt/anaconda3/envs/python-airflow-venv/lib/python3.10/site-packages/airflow/example_dags/tutorial_dag.py for tasks to queue
[2023-03-13T15:03:21.598-0400] {logging_mixin.py:137} INFO - [2023-03-13T15:03:21.598-0400] {dagbag.py:538} INFO - Filling up the DagBag from /Users/admin/opt/anaconda3/envs/python-airflow-venv/lib/python3.10/site-packages/airflow/example_dags/tutorial_dag.py
[2023-03-13T15:03:21.658-0400] {processor.py:753} INFO - DAG(s) dict_keys(['tutorial_dag']) retrieved from /Users/admin/opt/anaconda3/envs/python-airflow-venv/lib/python3.10/site-packages/airflow/example_dags/tutorial_dag.py
[2023-03-13T15:03:21.706-0400] {logging_mixin.py:137} WARNING - /Users/admin/opt/anaconda3/envs/python-airflow-venv/lib/python3.10/site-packages/airflow/jobs/scheduler_job.py:124 DeprecationWarning: The processor_poll_interval option in [scheduler] has been renamed to scheduler_idle_sleep_time - the old setting has been used, but please update your config.
[2023-03-13T15:03:22.330-0400] {logging_mixin.py:137} INFO - [2023-03-13T15:03:22.329-0400] {dag.py:2690} INFO - Sync 1 DAGs
[2023-03-13T15:03:22.347-0400] {logging_mixin.py:137} INFO - [2023-03-13T15:03:22.346-0400] {dag.py:3437} INFO - Setting next_dagrun for tutorial_dag to None, run_after=None
[2023-03-13T15:03:22.361-0400] {processor.py:175} INFO - Processing /Users/admin/opt/anaconda3/envs/python-airflow-venv/lib/python3.10/site-packages/airflow/example_dags/tutorial_dag.py took 0.770 seconds
[2023-03-13T15:05:17.023-0400] {logging_mixin.py:137} WARNING - /Users/admin/opt/anaconda3/envs/python-airflow-venv/lib/python3.10/site-packages/airflow/settings.py:337 DeprecationWarning: The sql_alchemy_pool_enabled option in [core] has been moved to the sql_alchemy_pool_enabled option in [database] - the old setting has been used, but please update your config.
[2023-03-13T15:05:17.027-0400] {logging_mixin.py:137} WARNING - /Users/admin/opt/anaconda3/envs/python-airflow-venv/lib/python3.10/site-packages/airflow/settings.py:400 DeprecationWarning: The sql_engine_encoding option in [core] has been moved to the sql_engine_encoding option in [database] - the old setting has been used, but please update your config.
[2023-03-13T15:05:17.028-0400] {processor.py:153} INFO - Started process (PID=15409) to work on /Users/admin/opt/anaconda3/envs/python-airflow-venv/lib/python3.10/site-packages/airflow/example_dags/tutorial_dag.py
[2023-03-13T15:05:17.028-0400] {processor.py:743} INFO - Processing file /Users/admin/opt/anaconda3/envs/python-airflow-venv/lib/python3.10/site-packages/airflow/example_dags/tutorial_dag.py for tasks to queue
[2023-03-13T15:05:17.028-0400] {logging_mixin.py:137} INFO - [2023-03-13T15:05:17.028-0400] {dagbag.py:538} INFO - Filling up the DagBag from /Users/admin/opt/anaconda3/envs/python-airflow-venv/lib/python3.10/site-packages/airflow/example_dags/tutorial_dag.py
[2023-03-13T15:05:17.089-0400] {processor.py:753} INFO - DAG(s) dict_keys(['tutorial_dag']) retrieved from /Users/admin/opt/anaconda3/envs/python-airflow-venv/lib/python3.10/site-packages/airflow/example_dags/tutorial_dag.py
[2023-03-13T15:05:17.137-0400] {logging_mixin.py:137} WARNING - /Users/admin/opt/anaconda3/envs/python-airflow-venv/lib/python3.10/site-packages/airflow/jobs/scheduler_job.py:124 DeprecationWarning: The processor_poll_interval option in [scheduler] has been renamed to scheduler_idle_sleep_time - the old setting has been used, but please update your config.
[2023-03-13T15:05:17.723-0400] {logging_mixin.py:137} INFO - [2023-03-13T15:05:17.723-0400] {dag.py:2690} INFO - Sync 1 DAGs
[2023-03-13T15:05:17.737-0400] {logging_mixin.py:137} INFO - [2023-03-13T15:05:17.737-0400] {dag.py:3437} INFO - Setting next_dagrun for tutorial_dag to None, run_after=None
[2023-03-13T15:05:17.753-0400] {processor.py:175} INFO - Processing /Users/admin/opt/anaconda3/envs/python-airflow-venv/lib/python3.10/site-packages/airflow/example_dags/tutorial_dag.py took 0.731 seconds
[2023-03-13T15:07:11.840-0400] {logging_mixin.py:137} WARNING - /Users/admin/opt/anaconda3/envs/python-airflow-venv/lib/python3.10/site-packages/airflow/settings.py:337 DeprecationWarning: The sql_alchemy_pool_enabled option in [core] has been moved to the sql_alchemy_pool_enabled option in [database] - the old setting has been used, but please update your config.
[2023-03-13T15:07:11.845-0400] {logging_mixin.py:137} WARNING - /Users/admin/opt/anaconda3/envs/python-airflow-venv/lib/python3.10/site-packages/airflow/settings.py:400 DeprecationWarning: The sql_engine_encoding option in [core] has been moved to the sql_engine_encoding option in [database] - the old setting has been used, but please update your config.
[2023-03-13T15:07:11.846-0400] {processor.py:153} INFO - Started process (PID=15484) to work on /Users/admin/opt/anaconda3/envs/python-airflow-venv/lib/python3.10/site-packages/airflow/example_dags/tutorial_dag.py
[2023-03-13T15:07:11.846-0400] {processor.py:743} INFO - Processing file /Users/admin/opt/anaconda3/envs/python-airflow-venv/lib/python3.10/site-packages/airflow/example_dags/tutorial_dag.py for tasks to queue
[2023-03-13T15:07:11.847-0400] {logging_mixin.py:137} INFO - [2023-03-13T15:07:11.847-0400] {dagbag.py:538} INFO - Filling up the DagBag from /Users/admin/opt/anaconda3/envs/python-airflow-venv/lib/python3.10/site-packages/airflow/example_dags/tutorial_dag.py
[2023-03-13T15:07:11.908-0400] {processor.py:753} INFO - DAG(s) dict_keys(['tutorial_dag']) retrieved from /Users/admin/opt/anaconda3/envs/python-airflow-venv/lib/python3.10/site-packages/airflow/example_dags/tutorial_dag.py
[2023-03-13T15:07:11.955-0400] {logging_mixin.py:137} WARNING - /Users/admin/opt/anaconda3/envs/python-airflow-venv/lib/python3.10/site-packages/airflow/jobs/scheduler_job.py:124 DeprecationWarning: The processor_poll_interval option in [scheduler] has been renamed to scheduler_idle_sleep_time - the old setting has been used, but please update your config.
[2023-03-13T15:07:12.531-0400] {logging_mixin.py:137} INFO - [2023-03-13T15:07:12.531-0400] {dag.py:2690} INFO - Sync 1 DAGs
[2023-03-13T15:07:12.545-0400] {logging_mixin.py:137} INFO - [2023-03-13T15:07:12.545-0400] {dag.py:3437} INFO - Setting next_dagrun for tutorial_dag to None, run_after=None
[2023-03-13T15:07:12.566-0400] {processor.py:175} INFO - Processing /Users/admin/opt/anaconda3/envs/python-airflow-venv/lib/python3.10/site-packages/airflow/example_dags/tutorial_dag.py took 0.727 seconds
[2023-03-13T15:09:06.479-0400] {logging_mixin.py:137} WARNING - /Users/admin/opt/anaconda3/envs/python-airflow-venv/lib/python3.10/site-packages/airflow/settings.py:337 DeprecationWarning: The sql_alchemy_pool_enabled option in [core] has been moved to the sql_alchemy_pool_enabled option in [database] - the old setting has been used, but please update your config.
[2023-03-13T15:09:06.484-0400] {logging_mixin.py:137} WARNING - /Users/admin/opt/anaconda3/envs/python-airflow-venv/lib/python3.10/site-packages/airflow/settings.py:400 DeprecationWarning: The sql_engine_encoding option in [core] has been moved to the sql_engine_encoding option in [database] - the old setting has been used, but please update your config.
[2023-03-13T15:09:06.484-0400] {processor.py:153} INFO - Started process (PID=15536) to work on /Users/admin/opt/anaconda3/envs/python-airflow-venv/lib/python3.10/site-packages/airflow/example_dags/tutorial_dag.py
[2023-03-13T15:09:06.484-0400] {processor.py:743} INFO - Processing file /Users/admin/opt/anaconda3/envs/python-airflow-venv/lib/python3.10/site-packages/airflow/example_dags/tutorial_dag.py for tasks to queue
[2023-03-13T15:09:06.485-0400] {logging_mixin.py:137} INFO - [2023-03-13T15:09:06.485-0400] {dagbag.py:538} INFO - Filling up the DagBag from /Users/admin/opt/anaconda3/envs/python-airflow-venv/lib/python3.10/site-packages/airflow/example_dags/tutorial_dag.py
[2023-03-13T15:09:06.546-0400] {processor.py:753} INFO - DAG(s) dict_keys(['tutorial_dag']) retrieved from /Users/admin/opt/anaconda3/envs/python-airflow-venv/lib/python3.10/site-packages/airflow/example_dags/tutorial_dag.py
[2023-03-13T15:09:06.592-0400] {logging_mixin.py:137} WARNING - /Users/admin/opt/anaconda3/envs/python-airflow-venv/lib/python3.10/site-packages/airflow/jobs/scheduler_job.py:124 DeprecationWarning: The processor_poll_interval option in [scheduler] has been renamed to scheduler_idle_sleep_time - the old setting has been used, but please update your config.
[2023-03-13T15:09:07.175-0400] {logging_mixin.py:137} INFO - [2023-03-13T15:09:07.175-0400] {dag.py:2690} INFO - Sync 1 DAGs
[2023-03-13T15:09:07.189-0400] {logging_mixin.py:137} INFO - [2023-03-13T15:09:07.189-0400] {dag.py:3437} INFO - Setting next_dagrun for tutorial_dag to None, run_after=None
[2023-03-13T15:09:07.207-0400] {processor.py:175} INFO - Processing /Users/admin/opt/anaconda3/envs/python-airflow-venv/lib/python3.10/site-packages/airflow/example_dags/tutorial_dag.py took 0.729 seconds
[2023-03-13T15:10:59.421-0400] {logging_mixin.py:137} WARNING - /Users/admin/opt/anaconda3/envs/python-airflow-venv/lib/python3.10/site-packages/airflow/settings.py:337 DeprecationWarning: The sql_alchemy_pool_enabled option in [core] has been moved to the sql_alchemy_pool_enabled option in [database] - the old setting has been used, but please update your config.
[2023-03-13T15:10:59.426-0400] {logging_mixin.py:137} WARNING - /Users/admin/opt/anaconda3/envs/python-airflow-venv/lib/python3.10/site-packages/airflow/settings.py:400 DeprecationWarning: The sql_engine_encoding option in [core] has been moved to the sql_engine_encoding option in [database] - the old setting has been used, but please update your config.
[2023-03-13T15:10:59.427-0400] {processor.py:153} INFO - Started process (PID=15584) to work on /Users/admin/opt/anaconda3/envs/python-airflow-venv/lib/python3.10/site-packages/airflow/example_dags/tutorial_dag.py
[2023-03-13T15:10:59.427-0400] {processor.py:743} INFO - Processing file /Users/admin/opt/anaconda3/envs/python-airflow-venv/lib/python3.10/site-packages/airflow/example_dags/tutorial_dag.py for tasks to queue
[2023-03-13T15:10:59.427-0400] {logging_mixin.py:137} INFO - [2023-03-13T15:10:59.427-0400] {dagbag.py:538} INFO - Filling up the DagBag from /Users/admin/opt/anaconda3/envs/python-airflow-venv/lib/python3.10/site-packages/airflow/example_dags/tutorial_dag.py
[2023-03-13T15:10:59.482-0400] {processor.py:753} INFO - DAG(s) dict_keys(['tutorial_dag']) retrieved from /Users/admin/opt/anaconda3/envs/python-airflow-venv/lib/python3.10/site-packages/airflow/example_dags/tutorial_dag.py
[2023-03-13T15:10:59.528-0400] {logging_mixin.py:137} WARNING - /Users/admin/opt/anaconda3/envs/python-airflow-venv/lib/python3.10/site-packages/airflow/jobs/scheduler_job.py:124 DeprecationWarning: The processor_poll_interval option in [scheduler] has been renamed to scheduler_idle_sleep_time - the old setting has been used, but please update your config.
[2023-03-13T15:11:00.114-0400] {logging_mixin.py:137} INFO - [2023-03-13T15:11:00.114-0400] {dag.py:2690} INFO - Sync 1 DAGs
[2023-03-13T15:11:00.128-0400] {logging_mixin.py:137} INFO - [2023-03-13T15:11:00.128-0400] {dag.py:3437} INFO - Setting next_dagrun for tutorial_dag to None, run_after=None
[2023-03-13T15:11:00.144-0400] {processor.py:175} INFO - Processing /Users/admin/opt/anaconda3/envs/python-airflow-venv/lib/python3.10/site-packages/airflow/example_dags/tutorial_dag.py took 0.724 seconds
[2023-03-13T15:12:53.899-0400] {logging_mixin.py:137} WARNING - /Users/admin/opt/anaconda3/envs/python-airflow-venv/lib/python3.10/site-packages/airflow/settings.py:337 DeprecationWarning: The sql_alchemy_pool_enabled option in [core] has been moved to the sql_alchemy_pool_enabled option in [database] - the old setting has been used, but please update your config.
[2023-03-13T15:12:53.904-0400] {logging_mixin.py:137} WARNING - /Users/admin/opt/anaconda3/envs/python-airflow-venv/lib/python3.10/site-packages/airflow/settings.py:400 DeprecationWarning: The sql_engine_encoding option in [core] has been moved to the sql_engine_encoding option in [database] - the old setting has been used, but please update your config.
[2023-03-13T15:12:53.905-0400] {processor.py:153} INFO - Started process (PID=15644) to work on /Users/admin/opt/anaconda3/envs/python-airflow-venv/lib/python3.10/site-packages/airflow/example_dags/tutorial_dag.py
[2023-03-13T15:12:53.905-0400] {processor.py:743} INFO - Processing file /Users/admin/opt/anaconda3/envs/python-airflow-venv/lib/python3.10/site-packages/airflow/example_dags/tutorial_dag.py for tasks to queue
[2023-03-13T15:12:53.905-0400] {logging_mixin.py:137} INFO - [2023-03-13T15:12:53.905-0400] {dagbag.py:538} INFO - Filling up the DagBag from /Users/admin/opt/anaconda3/envs/python-airflow-venv/lib/python3.10/site-packages/airflow/example_dags/tutorial_dag.py
[2023-03-13T15:12:53.961-0400] {processor.py:753} INFO - DAG(s) dict_keys(['tutorial_dag']) retrieved from /Users/admin/opt/anaconda3/envs/python-airflow-venv/lib/python3.10/site-packages/airflow/example_dags/tutorial_dag.py
[2023-03-13T15:12:54.008-0400] {logging_mixin.py:137} WARNING - /Users/admin/opt/anaconda3/envs/python-airflow-venv/lib/python3.10/site-packages/airflow/jobs/scheduler_job.py:124 DeprecationWarning: The processor_poll_interval option in [scheduler] has been renamed to scheduler_idle_sleep_time - the old setting has been used, but please update your config.
[2023-03-13T15:12:54.588-0400] {logging_mixin.py:137} INFO - [2023-03-13T15:12:54.588-0400] {dag.py:2690} INFO - Sync 1 DAGs
[2023-03-13T15:12:54.603-0400] {logging_mixin.py:137} INFO - [2023-03-13T15:12:54.602-0400] {dag.py:3437} INFO - Setting next_dagrun for tutorial_dag to None, run_after=None
[2023-03-13T15:12:54.623-0400] {processor.py:175} INFO - Processing /Users/admin/opt/anaconda3/envs/python-airflow-venv/lib/python3.10/site-packages/airflow/example_dags/tutorial_dag.py took 0.724 seconds
[2023-03-13T15:45:00.901-0400] {logging_mixin.py:137} WARNING - /Users/admin/opt/anaconda3/envs/python-airflow-venv/lib/python3.10/site-packages/airflow/settings.py:337 DeprecationWarning: The sql_alchemy_pool_enabled option in [core] has been moved to the sql_alchemy_pool_enabled option in [database] - the old setting has been used, but please update your config.
[2023-03-13T15:45:00.906-0400] {logging_mixin.py:137} WARNING - /Users/admin/opt/anaconda3/envs/python-airflow-venv/lib/python3.10/site-packages/airflow/settings.py:400 DeprecationWarning: The sql_engine_encoding option in [core] has been moved to the sql_engine_encoding option in [database] - the old setting has been used, but please update your config.
[2023-03-13T15:45:00.906-0400] {processor.py:153} INFO - Started process (PID=15721) to work on /Users/admin/opt/anaconda3/envs/python-airflow-venv/lib/python3.10/site-packages/airflow/example_dags/tutorial_dag.py
[2023-03-13T15:45:00.907-0400] {processor.py:743} INFO - Processing file /Users/admin/opt/anaconda3/envs/python-airflow-venv/lib/python3.10/site-packages/airflow/example_dags/tutorial_dag.py for tasks to queue
[2023-03-13T15:45:00.907-0400] {logging_mixin.py:137} INFO - [2023-03-13T15:45:00.907-0400] {dagbag.py:538} INFO - Filling up the DagBag from /Users/admin/opt/anaconda3/envs/python-airflow-venv/lib/python3.10/site-packages/airflow/example_dags/tutorial_dag.py
[2023-03-13T15:45:00.967-0400] {processor.py:753} INFO - DAG(s) dict_keys(['tutorial_dag']) retrieved from /Users/admin/opt/anaconda3/envs/python-airflow-venv/lib/python3.10/site-packages/airflow/example_dags/tutorial_dag.py
[2023-03-13T15:45:01.018-0400] {logging_mixin.py:137} WARNING - /Users/admin/opt/anaconda3/envs/python-airflow-venv/lib/python3.10/site-packages/airflow/jobs/scheduler_job.py:124 DeprecationWarning: The processor_poll_interval option in [scheduler] has been renamed to scheduler_idle_sleep_time - the old setting has been used, but please update your config.
[2023-03-13T15:45:01.671-0400] {logging_mixin.py:137} INFO - [2023-03-13T15:45:01.671-0400] {dag.py:2690} INFO - Sync 1 DAGs
[2023-03-13T15:45:01.686-0400] {logging_mixin.py:137} INFO - [2023-03-13T15:45:01.686-0400] {dag.py:3437} INFO - Setting next_dagrun for tutorial_dag to None, run_after=None
[2023-03-13T15:45:01.704-0400] {processor.py:175} INFO - Processing /Users/admin/opt/anaconda3/envs/python-airflow-venv/lib/python3.10/site-packages/airflow/example_dags/tutorial_dag.py took 0.804 seconds
[2023-03-13T15:46:57.200-0400] {logging_mixin.py:137} WARNING - /Users/admin/opt/anaconda3/envs/python-airflow-venv/lib/python3.10/site-packages/airflow/settings.py:337 DeprecationWarning: The sql_alchemy_pool_enabled option in [core] has been moved to the sql_alchemy_pool_enabled option in [database] - the old setting has been used, but please update your config.
[2023-03-13T15:46:57.205-0400] {logging_mixin.py:137} WARNING - /Users/admin/opt/anaconda3/envs/python-airflow-venv/lib/python3.10/site-packages/airflow/settings.py:400 DeprecationWarning: The sql_engine_encoding option in [core] has been moved to the sql_engine_encoding option in [database] - the old setting has been used, but please update your config.
[2023-03-13T15:46:57.206-0400] {processor.py:153} INFO - Started process (PID=15773) to work on /Users/admin/opt/anaconda3/envs/python-airflow-venv/lib/python3.10/site-packages/airflow/example_dags/tutorial_dag.py
[2023-03-13T15:46:57.206-0400] {processor.py:743} INFO - Processing file /Users/admin/opt/anaconda3/envs/python-airflow-venv/lib/python3.10/site-packages/airflow/example_dags/tutorial_dag.py for tasks to queue
[2023-03-13T15:46:57.206-0400] {logging_mixin.py:137} INFO - [2023-03-13T15:46:57.206-0400] {dagbag.py:538} INFO - Filling up the DagBag from /Users/admin/opt/anaconda3/envs/python-airflow-venv/lib/python3.10/site-packages/airflow/example_dags/tutorial_dag.py
[2023-03-13T15:46:57.265-0400] {processor.py:753} INFO - DAG(s) dict_keys(['tutorial_dag']) retrieved from /Users/admin/opt/anaconda3/envs/python-airflow-venv/lib/python3.10/site-packages/airflow/example_dags/tutorial_dag.py
[2023-03-13T15:46:57.318-0400] {logging_mixin.py:137} WARNING - /Users/admin/opt/anaconda3/envs/python-airflow-venv/lib/python3.10/site-packages/airflow/jobs/scheduler_job.py:124 DeprecationWarning: The processor_poll_interval option in [scheduler] has been renamed to scheduler_idle_sleep_time - the old setting has been used, but please update your config.
[2023-03-13T15:46:57.923-0400] {logging_mixin.py:137} INFO - [2023-03-13T15:46:57.923-0400] {dag.py:2690} INFO - Sync 1 DAGs
[2023-03-13T15:46:57.939-0400] {logging_mixin.py:137} INFO - [2023-03-13T15:46:57.939-0400] {dag.py:3437} INFO - Setting next_dagrun for tutorial_dag to None, run_after=None
[2023-03-13T15:46:57.954-0400] {processor.py:175} INFO - Processing /Users/admin/opt/anaconda3/envs/python-airflow-venv/lib/python3.10/site-packages/airflow/example_dags/tutorial_dag.py took 0.754 seconds
[2023-03-13T15:49:07.205-0400] {logging_mixin.py:137} WARNING - /Users/admin/opt/anaconda3/envs/python-airflow-venv/lib/python3.10/site-packages/airflow/settings.py:337 DeprecationWarning: The sql_alchemy_pool_enabled option in [core] has been moved to the sql_alchemy_pool_enabled option in [database] - the old setting has been used, but please update your config.
[2023-03-13T15:49:07.211-0400] {logging_mixin.py:137} WARNING - /Users/admin/opt/anaconda3/envs/python-airflow-venv/lib/python3.10/site-packages/airflow/settings.py:400 DeprecationWarning: The sql_engine_encoding option in [core] has been moved to the sql_engine_encoding option in [database] - the old setting has been used, but please update your config.
[2023-03-13T15:49:07.212-0400] {processor.py:153} INFO - Started process (PID=15826) to work on /Users/admin/opt/anaconda3/envs/python-airflow-venv/lib/python3.10/site-packages/airflow/example_dags/tutorial_dag.py
[2023-03-13T15:49:07.212-0400] {processor.py:743} INFO - Processing file /Users/admin/opt/anaconda3/envs/python-airflow-venv/lib/python3.10/site-packages/airflow/example_dags/tutorial_dag.py for tasks to queue
[2023-03-13T15:49:07.213-0400] {logging_mixin.py:137} INFO - [2023-03-13T15:49:07.212-0400] {dagbag.py:538} INFO - Filling up the DagBag from /Users/admin/opt/anaconda3/envs/python-airflow-venv/lib/python3.10/site-packages/airflow/example_dags/tutorial_dag.py
[2023-03-13T15:49:07.290-0400] {processor.py:753} INFO - DAG(s) dict_keys(['tutorial_dag']) retrieved from /Users/admin/opt/anaconda3/envs/python-airflow-venv/lib/python3.10/site-packages/airflow/example_dags/tutorial_dag.py
[2023-03-13T15:49:07.354-0400] {logging_mixin.py:137} WARNING - /Users/admin/opt/anaconda3/envs/python-airflow-venv/lib/python3.10/site-packages/airflow/jobs/scheduler_job.py:124 DeprecationWarning: The processor_poll_interval option in [scheduler] has been renamed to scheduler_idle_sleep_time - the old setting has been used, but please update your config.
[2023-03-13T15:49:08.183-0400] {logging_mixin.py:137} INFO - [2023-03-13T15:49:08.183-0400] {dag.py:2690} INFO - Sync 1 DAGs
[2023-03-13T15:49:08.204-0400] {logging_mixin.py:137} INFO - [2023-03-13T15:49:08.204-0400] {dag.py:3437} INFO - Setting next_dagrun for tutorial_dag to None, run_after=None
[2023-03-13T15:49:08.225-0400] {processor.py:175} INFO - Processing /Users/admin/opt/anaconda3/envs/python-airflow-venv/lib/python3.10/site-packages/airflow/example_dags/tutorial_dag.py took 1.022 seconds
[2023-03-13T15:51:24.945-0400] {logging_mixin.py:137} WARNING - /Users/admin/opt/anaconda3/envs/python-airflow-venv/lib/python3.10/site-packages/airflow/settings.py:337 DeprecationWarning: The sql_alchemy_pool_enabled option in [core] has been moved to the sql_alchemy_pool_enabled option in [database] - the old setting has been used, but please update your config.
[2023-03-13T15:51:24.953-0400] {logging_mixin.py:137} WARNING - /Users/admin/opt/anaconda3/envs/python-airflow-venv/lib/python3.10/site-packages/airflow/settings.py:400 DeprecationWarning: The sql_engine_encoding option in [core] has been moved to the sql_engine_encoding option in [database] - the old setting has been used, but please update your config.
[2023-03-13T15:51:24.954-0400] {processor.py:153} INFO - Started process (PID=15880) to work on /Users/admin/opt/anaconda3/envs/python-airflow-venv/lib/python3.10/site-packages/airflow/example_dags/tutorial_dag.py
[2023-03-13T15:51:24.954-0400] {processor.py:743} INFO - Processing file /Users/admin/opt/anaconda3/envs/python-airflow-venv/lib/python3.10/site-packages/airflow/example_dags/tutorial_dag.py for tasks to queue
[2023-03-13T15:51:24.955-0400] {logging_mixin.py:137} INFO - [2023-03-13T15:51:24.955-0400] {dagbag.py:538} INFO - Filling up the DagBag from /Users/admin/opt/anaconda3/envs/python-airflow-venv/lib/python3.10/site-packages/airflow/example_dags/tutorial_dag.py
[2023-03-13T15:51:25.042-0400] {processor.py:753} INFO - DAG(s) dict_keys(['tutorial_dag']) retrieved from /Users/admin/opt/anaconda3/envs/python-airflow-venv/lib/python3.10/site-packages/airflow/example_dags/tutorial_dag.py
[2023-03-13T15:51:25.124-0400] {logging_mixin.py:137} WARNING - /Users/admin/opt/anaconda3/envs/python-airflow-venv/lib/python3.10/site-packages/airflow/jobs/scheduler_job.py:124 DeprecationWarning: The processor_poll_interval option in [scheduler] has been renamed to scheduler_idle_sleep_time - the old setting has been used, but please update your config.
[2023-03-13T15:51:26.098-0400] {logging_mixin.py:137} INFO - [2023-03-13T15:51:26.098-0400] {dag.py:2690} INFO - Sync 1 DAGs
[2023-03-13T15:51:26.120-0400] {logging_mixin.py:137} INFO - [2023-03-13T15:51:26.120-0400] {dag.py:3437} INFO - Setting next_dagrun for tutorial_dag to None, run_after=None
[2023-03-13T15:51:26.146-0400] {processor.py:175} INFO - Processing /Users/admin/opt/anaconda3/envs/python-airflow-venv/lib/python3.10/site-packages/airflow/example_dags/tutorial_dag.py took 1.203 seconds
[2023-03-13T15:53:43.551-0400] {logging_mixin.py:137} WARNING - /Users/admin/opt/anaconda3/envs/python-airflow-venv/lib/python3.10/site-packages/airflow/settings.py:337 DeprecationWarning: The sql_alchemy_pool_enabled option in [core] has been moved to the sql_alchemy_pool_enabled option in [database] - the old setting has been used, but please update your config.
[2023-03-13T15:53:43.557-0400] {logging_mixin.py:137} WARNING - /Users/admin/opt/anaconda3/envs/python-airflow-venv/lib/python3.10/site-packages/airflow/settings.py:400 DeprecationWarning: The sql_engine_encoding option in [core] has been moved to the sql_engine_encoding option in [database] - the old setting has been used, but please update your config.
[2023-03-13T15:53:43.558-0400] {processor.py:153} INFO - Started process (PID=15934) to work on /Users/admin/opt/anaconda3/envs/python-airflow-venv/lib/python3.10/site-packages/airflow/example_dags/tutorial_dag.py
[2023-03-13T15:53:43.558-0400] {processor.py:743} INFO - Processing file /Users/admin/opt/anaconda3/envs/python-airflow-venv/lib/python3.10/site-packages/airflow/example_dags/tutorial_dag.py for tasks to queue
[2023-03-13T15:53:43.558-0400] {logging_mixin.py:137} INFO - [2023-03-13T15:53:43.558-0400] {dagbag.py:538} INFO - Filling up the DagBag from /Users/admin/opt/anaconda3/envs/python-airflow-venv/lib/python3.10/site-packages/airflow/example_dags/tutorial_dag.py
[2023-03-13T15:53:43.631-0400] {processor.py:753} INFO - DAG(s) dict_keys(['tutorial_dag']) retrieved from /Users/admin/opt/anaconda3/envs/python-airflow-venv/lib/python3.10/site-packages/airflow/example_dags/tutorial_dag.py
[2023-03-13T15:53:43.697-0400] {logging_mixin.py:137} WARNING - /Users/admin/opt/anaconda3/envs/python-airflow-venv/lib/python3.10/site-packages/airflow/jobs/scheduler_job.py:124 DeprecationWarning: The processor_poll_interval option in [scheduler] has been renamed to scheduler_idle_sleep_time - the old setting has been used, but please update your config.
[2023-03-13T15:53:44.512-0400] {logging_mixin.py:137} INFO - [2023-03-13T15:53:44.512-0400] {dag.py:2690} INFO - Sync 1 DAGs
[2023-03-13T15:53:44.532-0400] {logging_mixin.py:137} INFO - [2023-03-13T15:53:44.532-0400] {dag.py:3437} INFO - Setting next_dagrun for tutorial_dag to None, run_after=None
[2023-03-13T15:53:44.552-0400] {processor.py:175} INFO - Processing /Users/admin/opt/anaconda3/envs/python-airflow-venv/lib/python3.10/site-packages/airflow/example_dags/tutorial_dag.py took 1.003 seconds
[2023-03-13T15:56:05.313-0400] {logging_mixin.py:137} WARNING - /Users/admin/opt/anaconda3/envs/python-airflow-venv/lib/python3.10/site-packages/airflow/settings.py:337 DeprecationWarning: The sql_alchemy_pool_enabled option in [core] has been moved to the sql_alchemy_pool_enabled option in [database] - the old setting has been used, but please update your config.
[2023-03-13T15:56:05.320-0400] {logging_mixin.py:137} WARNING - /Users/admin/opt/anaconda3/envs/python-airflow-venv/lib/python3.10/site-packages/airflow/settings.py:400 DeprecationWarning: The sql_engine_encoding option in [core] has been moved to the sql_engine_encoding option in [database] - the old setting has been used, but please update your config.
[2023-03-13T15:56:05.320-0400] {processor.py:153} INFO - Started process (PID=15987) to work on /Users/admin/opt/anaconda3/envs/python-airflow-venv/lib/python3.10/site-packages/airflow/example_dags/tutorial_dag.py
[2023-03-13T15:56:05.321-0400] {processor.py:743} INFO - Processing file /Users/admin/opt/anaconda3/envs/python-airflow-venv/lib/python3.10/site-packages/airflow/example_dags/tutorial_dag.py for tasks to queue
[2023-03-13T15:56:05.321-0400] {logging_mixin.py:137} INFO - [2023-03-13T15:56:05.321-0400] {dagbag.py:538} INFO - Filling up the DagBag from /Users/admin/opt/anaconda3/envs/python-airflow-venv/lib/python3.10/site-packages/airflow/example_dags/tutorial_dag.py
[2023-03-13T15:56:05.390-0400] {processor.py:753} INFO - DAG(s) dict_keys(['tutorial_dag']) retrieved from /Users/admin/opt/anaconda3/envs/python-airflow-venv/lib/python3.10/site-packages/airflow/example_dags/tutorial_dag.py
[2023-03-13T15:56:05.456-0400] {logging_mixin.py:137} WARNING - /Users/admin/opt/anaconda3/envs/python-airflow-venv/lib/python3.10/site-packages/airflow/jobs/scheduler_job.py:124 DeprecationWarning: The processor_poll_interval option in [scheduler] has been renamed to scheduler_idle_sleep_time - the old setting has been used, but please update your config.
[2023-03-13T15:56:06.345-0400] {logging_mixin.py:137} INFO - [2023-03-13T15:56:06.345-0400] {dag.py:2690} INFO - Sync 1 DAGs
[2023-03-13T15:56:06.367-0400] {logging_mixin.py:137} INFO - [2023-03-13T15:56:06.367-0400] {dag.py:3437} INFO - Setting next_dagrun for tutorial_dag to None, run_after=None
[2023-03-13T15:56:06.390-0400] {processor.py:175} INFO - Processing /Users/admin/opt/anaconda3/envs/python-airflow-venv/lib/python3.10/site-packages/airflow/example_dags/tutorial_dag.py took 1.078 seconds
[2023-03-13T15:58:46.927-0400] {logging_mixin.py:137} WARNING - /Users/admin/opt/anaconda3/envs/python-airflow-venv/lib/python3.10/site-packages/airflow/settings.py:337 DeprecationWarning: The sql_alchemy_pool_enabled option in [core] has been moved to the sql_alchemy_pool_enabled option in [database] - the old setting has been used, but please update your config.
[2023-03-13T15:58:46.936-0400] {logging_mixin.py:137} WARNING - /Users/admin/opt/anaconda3/envs/python-airflow-venv/lib/python3.10/site-packages/airflow/settings.py:400 DeprecationWarning: The sql_engine_encoding option in [core] has been moved to the sql_engine_encoding option in [database] - the old setting has been used, but please update your config.
[2023-03-13T15:58:46.937-0400] {processor.py:153} INFO - Started process (PID=16040) to work on /Users/admin/opt/anaconda3/envs/python-airflow-venv/lib/python3.10/site-packages/airflow/example_dags/tutorial_dag.py
[2023-03-13T15:58:46.938-0400] {processor.py:743} INFO - Processing file /Users/admin/opt/anaconda3/envs/python-airflow-venv/lib/python3.10/site-packages/airflow/example_dags/tutorial_dag.py for tasks to queue
[2023-03-13T15:58:46.938-0400] {logging_mixin.py:137} INFO - [2023-03-13T15:58:46.938-0400] {dagbag.py:538} INFO - Filling up the DagBag from /Users/admin/opt/anaconda3/envs/python-airflow-venv/lib/python3.10/site-packages/airflow/example_dags/tutorial_dag.py
[2023-03-13T15:58:47.032-0400] {processor.py:753} INFO - DAG(s) dict_keys(['tutorial_dag']) retrieved from /Users/admin/opt/anaconda3/envs/python-airflow-venv/lib/python3.10/site-packages/airflow/example_dags/tutorial_dag.py
[2023-03-13T15:58:47.128-0400] {logging_mixin.py:137} WARNING - /Users/admin/opt/anaconda3/envs/python-airflow-venv/lib/python3.10/site-packages/airflow/jobs/scheduler_job.py:124 DeprecationWarning: The processor_poll_interval option in [scheduler] has been renamed to scheduler_idle_sleep_time - the old setting has been used, but please update your config.
[2023-03-13T15:58:48.322-0400] {logging_mixin.py:137} INFO - [2023-03-13T15:58:48.321-0400] {dag.py:2690} INFO - Sync 1 DAGs
[2023-03-13T15:58:48.351-0400] {logging_mixin.py:137} INFO - [2023-03-13T15:58:48.350-0400] {dag.py:3437} INFO - Setting next_dagrun for tutorial_dag to None, run_after=None
[2023-03-13T15:58:48.382-0400] {processor.py:175} INFO - Processing /Users/admin/opt/anaconda3/envs/python-airflow-venv/lib/python3.10/site-packages/airflow/example_dags/tutorial_dag.py took 1.457 seconds
[2023-03-13T16:01:53.162-0400] {logging_mixin.py:137} WARNING - /Users/admin/opt/anaconda3/envs/python-airflow-venv/lib/python3.10/site-packages/airflow/settings.py:337 DeprecationWarning: The sql_alchemy_pool_enabled option in [core] has been moved to the sql_alchemy_pool_enabled option in [database] - the old setting has been used, but please update your config.
[2023-03-13T16:01:53.173-0400] {logging_mixin.py:137} WARNING - /Users/admin/opt/anaconda3/envs/python-airflow-venv/lib/python3.10/site-packages/airflow/settings.py:400 DeprecationWarning: The sql_engine_encoding option in [core] has been moved to the sql_engine_encoding option in [database] - the old setting has been used, but please update your config.
[2023-03-13T16:01:53.174-0400] {processor.py:153} INFO - Started process (PID=16110) to work on /Users/admin/opt/anaconda3/envs/python-airflow-venv/lib/python3.10/site-packages/airflow/example_dags/tutorial_dag.py
[2023-03-13T16:01:53.175-0400] {processor.py:743} INFO - Processing file /Users/admin/opt/anaconda3/envs/python-airflow-venv/lib/python3.10/site-packages/airflow/example_dags/tutorial_dag.py for tasks to queue
[2023-03-13T16:01:53.176-0400] {logging_mixin.py:137} INFO - [2023-03-13T16:01:53.175-0400] {dagbag.py:538} INFO - Filling up the DagBag from /Users/admin/opt/anaconda3/envs/python-airflow-venv/lib/python3.10/site-packages/airflow/example_dags/tutorial_dag.py
[2023-03-13T16:01:53.305-0400] {processor.py:753} INFO - DAG(s) dict_keys(['tutorial_dag']) retrieved from /Users/admin/opt/anaconda3/envs/python-airflow-venv/lib/python3.10/site-packages/airflow/example_dags/tutorial_dag.py
[2023-03-13T16:01:53.434-0400] {logging_mixin.py:137} WARNING - /Users/admin/opt/anaconda3/envs/python-airflow-venv/lib/python3.10/site-packages/airflow/jobs/scheduler_job.py:124 DeprecationWarning: The processor_poll_interval option in [scheduler] has been renamed to scheduler_idle_sleep_time - the old setting has been used, but please update your config.
[2023-03-13T16:01:54.940-0400] {logging_mixin.py:137} INFO - [2023-03-13T16:01:54.940-0400] {dag.py:2690} INFO - Sync 1 DAGs
[2023-03-13T16:01:54.981-0400] {logging_mixin.py:137} INFO - [2023-03-13T16:01:54.981-0400] {dag.py:3437} INFO - Setting next_dagrun for tutorial_dag to None, run_after=None
[2023-03-13T16:01:55.022-0400] {processor.py:175} INFO - Processing /Users/admin/opt/anaconda3/envs/python-airflow-venv/lib/python3.10/site-packages/airflow/example_dags/tutorial_dag.py took 1.863 seconds
[2023-03-13T16:07:13.319-0400] {logging_mixin.py:137} WARNING - /Users/admin/opt/anaconda3/envs/python-airflow-venv/lib/python3.10/site-packages/airflow/settings.py:337 DeprecationWarning: The sql_alchemy_pool_enabled option in [core] has been moved to the sql_alchemy_pool_enabled option in [database] - the old setting has been used, but please update your config.
[2023-03-13T16:07:13.335-0400] {logging_mixin.py:137} WARNING - /Users/admin/opt/anaconda3/envs/python-airflow-venv/lib/python3.10/site-packages/airflow/settings.py:400 DeprecationWarning: The sql_engine_encoding option in [core] has been moved to the sql_engine_encoding option in [database] - the old setting has been used, but please update your config.
[2023-03-13T16:07:13.338-0400] {processor.py:153} INFO - Started process (PID=16178) to work on /Users/admin/opt/anaconda3/envs/python-airflow-venv/lib/python3.10/site-packages/airflow/example_dags/tutorial_dag.py
[2023-03-13T16:07:13.338-0400] {processor.py:743} INFO - Processing file /Users/admin/opt/anaconda3/envs/python-airflow-venv/lib/python3.10/site-packages/airflow/example_dags/tutorial_dag.py for tasks to queue
[2023-03-13T16:07:13.340-0400] {logging_mixin.py:137} INFO - [2023-03-13T16:07:13.339-0400] {dagbag.py:538} INFO - Filling up the DagBag from /Users/admin/opt/anaconda3/envs/python-airflow-venv/lib/python3.10/site-packages/airflow/example_dags/tutorial_dag.py
[2023-03-13T16:07:13.503-0400] {processor.py:753} INFO - DAG(s) dict_keys(['tutorial_dag']) retrieved from /Users/admin/opt/anaconda3/envs/python-airflow-venv/lib/python3.10/site-packages/airflow/example_dags/tutorial_dag.py
[2023-03-13T16:07:13.672-0400] {logging_mixin.py:137} WARNING - /Users/admin/opt/anaconda3/envs/python-airflow-venv/lib/python3.10/site-packages/airflow/jobs/scheduler_job.py:124 DeprecationWarning: The processor_poll_interval option in [scheduler] has been renamed to scheduler_idle_sleep_time - the old setting has been used, but please update your config.
[2023-03-13T16:07:16.167-0400] {logging_mixin.py:137} INFO - [2023-03-13T16:07:16.165-0400] {dag.py:2690} INFO - Sync 1 DAGs
[2023-03-13T16:07:16.319-0400] {logging_mixin.py:137} INFO - [2023-03-13T16:07:16.318-0400] {dag.py:3437} INFO - Setting next_dagrun for tutorial_dag to None, run_after=None
[2023-03-13T16:07:16.453-0400] {processor.py:175} INFO - Processing /Users/admin/opt/anaconda3/envs/python-airflow-venv/lib/python3.10/site-packages/airflow/example_dags/tutorial_dag.py took 3.137 seconds
[2023-03-13T16:12:24.925-0400] {logging_mixin.py:137} WARNING - /Users/admin/opt/anaconda3/envs/python-airflow-venv/lib/python3.10/site-packages/airflow/settings.py:337 DeprecationWarning: The sql_alchemy_pool_enabled option in [core] has been moved to the sql_alchemy_pool_enabled option in [database] - the old setting has been used, but please update your config.
[2023-03-13T16:12:24.933-0400] {logging_mixin.py:137} WARNING - /Users/admin/opt/anaconda3/envs/python-airflow-venv/lib/python3.10/site-packages/airflow/settings.py:400 DeprecationWarning: The sql_engine_encoding option in [core] has been moved to the sql_engine_encoding option in [database] - the old setting has been used, but please update your config.
[2023-03-13T16:12:24.934-0400] {processor.py:153} INFO - Started process (PID=16246) to work on /Users/admin/opt/anaconda3/envs/python-airflow-venv/lib/python3.10/site-packages/airflow/example_dags/tutorial_dag.py
[2023-03-13T16:12:24.934-0400] {processor.py:743} INFO - Processing file /Users/admin/opt/anaconda3/envs/python-airflow-venv/lib/python3.10/site-packages/airflow/example_dags/tutorial_dag.py for tasks to queue
[2023-03-13T16:12:24.935-0400] {logging_mixin.py:137} INFO - [2023-03-13T16:12:24.935-0400] {dagbag.py:538} INFO - Filling up the DagBag from /Users/admin/opt/anaconda3/envs/python-airflow-venv/lib/python3.10/site-packages/airflow/example_dags/tutorial_dag.py
[2023-03-13T16:12:25.024-0400] {processor.py:753} INFO - DAG(s) dict_keys(['tutorial_dag']) retrieved from /Users/admin/opt/anaconda3/envs/python-airflow-venv/lib/python3.10/site-packages/airflow/example_dags/tutorial_dag.py
[2023-03-13T16:12:25.121-0400] {logging_mixin.py:137} WARNING - /Users/admin/opt/anaconda3/envs/python-airflow-venv/lib/python3.10/site-packages/airflow/jobs/scheduler_job.py:124 DeprecationWarning: The processor_poll_interval option in [scheduler] has been renamed to scheduler_idle_sleep_time - the old setting has been used, but please update your config.
[2023-03-13T16:12:26.220-0400] {logging_mixin.py:137} INFO - [2023-03-13T16:12:26.220-0400] {dag.py:2690} INFO - Sync 1 DAGs
[2023-03-13T16:12:26.247-0400] {logging_mixin.py:137} INFO - [2023-03-13T16:12:26.246-0400] {dag.py:3437} INFO - Setting next_dagrun for tutorial_dag to None, run_after=None
[2023-03-13T16:12:26.273-0400] {processor.py:175} INFO - Processing /Users/admin/opt/anaconda3/envs/python-airflow-venv/lib/python3.10/site-packages/airflow/example_dags/tutorial_dag.py took 1.350 seconds
[2023-03-13T16:16:05.182-0400] {logging_mixin.py:137} WARNING - /Users/admin/opt/anaconda3/envs/python-airflow-venv/lib/python3.10/site-packages/airflow/settings.py:337 DeprecationWarning: The sql_alchemy_pool_enabled option in [core] has been moved to the sql_alchemy_pool_enabled option in [database] - the old setting has been used, but please update your config.
[2023-03-13T16:16:05.198-0400] {logging_mixin.py:137} WARNING - /Users/admin/opt/anaconda3/envs/python-airflow-venv/lib/python3.10/site-packages/airflow/settings.py:400 DeprecationWarning: The sql_engine_encoding option in [core] has been moved to the sql_engine_encoding option in [database] - the old setting has been used, but please update your config.
[2023-03-13T16:16:05.200-0400] {processor.py:153} INFO - Started process (PID=16306) to work on /Users/admin/opt/anaconda3/envs/python-airflow-venv/lib/python3.10/site-packages/airflow/example_dags/tutorial_dag.py
[2023-03-13T16:16:05.200-0400] {processor.py:743} INFO - Processing file /Users/admin/opt/anaconda3/envs/python-airflow-venv/lib/python3.10/site-packages/airflow/example_dags/tutorial_dag.py for tasks to queue
[2023-03-13T16:16:05.202-0400] {logging_mixin.py:137} INFO - [2023-03-13T16:16:05.201-0400] {dagbag.py:538} INFO - Filling up the DagBag from /Users/admin/opt/anaconda3/envs/python-airflow-venv/lib/python3.10/site-packages/airflow/example_dags/tutorial_dag.py
[2023-03-13T16:16:05.366-0400] {processor.py:753} INFO - DAG(s) dict_keys(['tutorial_dag']) retrieved from /Users/admin/opt/anaconda3/envs/python-airflow-venv/lib/python3.10/site-packages/airflow/example_dags/tutorial_dag.py
[2023-03-13T16:16:05.548-0400] {logging_mixin.py:137} WARNING - /Users/admin/opt/anaconda3/envs/python-airflow-venv/lib/python3.10/site-packages/airflow/jobs/scheduler_job.py:124 DeprecationWarning: The processor_poll_interval option in [scheduler] has been renamed to scheduler_idle_sleep_time - the old setting has been used, but please update your config.
[2023-03-13T16:16:07.629-0400] {logging_mixin.py:137} INFO - [2023-03-13T16:16:07.628-0400] {dag.py:2690} INFO - Sync 1 DAGs
[2023-03-13T16:16:07.677-0400] {logging_mixin.py:137} INFO - [2023-03-13T16:16:07.677-0400] {dag.py:3437} INFO - Setting next_dagrun for tutorial_dag to None, run_after=None
[2023-03-13T16:16:07.732-0400] {processor.py:175} INFO - Processing /Users/admin/opt/anaconda3/envs/python-airflow-venv/lib/python3.10/site-packages/airflow/example_dags/tutorial_dag.py took 2.552 seconds
[2023-03-13T16:18:33.196-0400] {logging_mixin.py:137} WARNING - /Users/admin/opt/anaconda3/envs/python-airflow-venv/lib/python3.10/site-packages/airflow/settings.py:337 DeprecationWarning: The sql_alchemy_pool_enabled option in [core] has been moved to the sql_alchemy_pool_enabled option in [database] - the old setting has been used, but please update your config.
[2023-03-13T16:18:33.201-0400] {logging_mixin.py:137} WARNING - /Users/admin/opt/anaconda3/envs/python-airflow-venv/lib/python3.10/site-packages/airflow/settings.py:400 DeprecationWarning: The sql_engine_encoding option in [core] has been moved to the sql_engine_encoding option in [database] - the old setting has been used, but please update your config.
[2023-03-13T16:18:33.201-0400] {processor.py:153} INFO - Started process (PID=16363) to work on /Users/admin/opt/anaconda3/envs/python-airflow-venv/lib/python3.10/site-packages/airflow/example_dags/tutorial_dag.py
[2023-03-13T16:18:33.201-0400] {processor.py:743} INFO - Processing file /Users/admin/opt/anaconda3/envs/python-airflow-venv/lib/python3.10/site-packages/airflow/example_dags/tutorial_dag.py for tasks to queue
[2023-03-13T16:18:33.202-0400] {logging_mixin.py:137} INFO - [2023-03-13T16:18:33.202-0400] {dagbag.py:538} INFO - Filling up the DagBag from /Users/admin/opt/anaconda3/envs/python-airflow-venv/lib/python3.10/site-packages/airflow/example_dags/tutorial_dag.py
[2023-03-13T16:18:33.256-0400] {processor.py:753} INFO - DAG(s) dict_keys(['tutorial_dag']) retrieved from /Users/admin/opt/anaconda3/envs/python-airflow-venv/lib/python3.10/site-packages/airflow/example_dags/tutorial_dag.py
[2023-03-13T16:18:33.306-0400] {logging_mixin.py:137} WARNING - /Users/admin/opt/anaconda3/envs/python-airflow-venv/lib/python3.10/site-packages/airflow/jobs/scheduler_job.py:124 DeprecationWarning: The processor_poll_interval option in [scheduler] has been renamed to scheduler_idle_sleep_time - the old setting has been used, but please update your config.
[2023-03-13T16:18:33.941-0400] {logging_mixin.py:137} INFO - [2023-03-13T16:18:33.941-0400] {dag.py:2690} INFO - Sync 1 DAGs
[2023-03-13T16:18:33.956-0400] {logging_mixin.py:137} INFO - [2023-03-13T16:18:33.956-0400] {dag.py:3437} INFO - Setting next_dagrun for tutorial_dag to None, run_after=None
[2023-03-13T16:18:33.974-0400] {processor.py:175} INFO - Processing /Users/admin/opt/anaconda3/envs/python-airflow-venv/lib/python3.10/site-packages/airflow/example_dags/tutorial_dag.py took 0.779 seconds
[2023-03-13T16:21:23.297-0400] {logging_mixin.py:137} WARNING - /Users/admin/opt/anaconda3/envs/python-airflow-venv/lib/python3.10/site-packages/airflow/settings.py:337 DeprecationWarning: The sql_alchemy_pool_enabled option in [core] has been moved to the sql_alchemy_pool_enabled option in [database] - the old setting has been used, but please update your config.
[2023-03-13T16:21:23.314-0400] {logging_mixin.py:137} WARNING - /Users/admin/opt/anaconda3/envs/python-airflow-venv/lib/python3.10/site-packages/airflow/settings.py:400 DeprecationWarning: The sql_engine_encoding option in [core] has been moved to the sql_engine_encoding option in [database] - the old setting has been used, but please update your config.
[2023-03-13T16:21:23.316-0400] {processor.py:153} INFO - Started process (PID=16428) to work on /Users/admin/opt/anaconda3/envs/python-airflow-venv/lib/python3.10/site-packages/airflow/example_dags/tutorial_dag.py
[2023-03-13T16:21:23.316-0400] {processor.py:743} INFO - Processing file /Users/admin/opt/anaconda3/envs/python-airflow-venv/lib/python3.10/site-packages/airflow/example_dags/tutorial_dag.py for tasks to queue
[2023-03-13T16:21:23.317-0400] {logging_mixin.py:137} INFO - [2023-03-13T16:21:23.317-0400] {dagbag.py:538} INFO - Filling up the DagBag from /Users/admin/opt/anaconda3/envs/python-airflow-venv/lib/python3.10/site-packages/airflow/example_dags/tutorial_dag.py
[2023-03-13T16:21:23.483-0400] {processor.py:753} INFO - DAG(s) dict_keys(['tutorial_dag']) retrieved from /Users/admin/opt/anaconda3/envs/python-airflow-venv/lib/python3.10/site-packages/airflow/example_dags/tutorial_dag.py
[2023-03-13T16:21:23.651-0400] {logging_mixin.py:137} WARNING - /Users/admin/opt/anaconda3/envs/python-airflow-venv/lib/python3.10/site-packages/airflow/jobs/scheduler_job.py:124 DeprecationWarning: The processor_poll_interval option in [scheduler] has been renamed to scheduler_idle_sleep_time - the old setting has been used, but please update your config.
[2023-03-13T16:21:25.734-0400] {logging_mixin.py:137} INFO - [2023-03-13T16:21:25.733-0400] {dag.py:2690} INFO - Sync 1 DAGs
[2023-03-13T16:21:25.785-0400] {logging_mixin.py:137} INFO - [2023-03-13T16:21:25.784-0400] {dag.py:3437} INFO - Setting next_dagrun for tutorial_dag to None, run_after=None
[2023-03-13T16:21:25.838-0400] {processor.py:175} INFO - Processing /Users/admin/opt/anaconda3/envs/python-airflow-venv/lib/python3.10/site-packages/airflow/example_dags/tutorial_dag.py took 2.543 seconds
[2023-03-13T16:26:31.432-0400] {logging_mixin.py:137} WARNING - /Users/admin/opt/anaconda3/envs/python-airflow-venv/lib/python3.10/site-packages/airflow/settings.py:337 DeprecationWarning: The sql_alchemy_pool_enabled option in [core] has been moved to the sql_alchemy_pool_enabled option in [database] - the old setting has been used, but please update your config.
[2023-03-13T16:26:31.449-0400] {logging_mixin.py:137} WARNING - /Users/admin/opt/anaconda3/envs/python-airflow-venv/lib/python3.10/site-packages/airflow/settings.py:400 DeprecationWarning: The sql_engine_encoding option in [core] has been moved to the sql_engine_encoding option in [database] - the old setting has been used, but please update your config.
[2023-03-13T16:26:31.451-0400] {processor.py:153} INFO - Started process (PID=16498) to work on /Users/admin/opt/anaconda3/envs/python-airflow-venv/lib/python3.10/site-packages/airflow/example_dags/tutorial_dag.py
[2023-03-13T16:26:31.452-0400] {processor.py:743} INFO - Processing file /Users/admin/opt/anaconda3/envs/python-airflow-venv/lib/python3.10/site-packages/airflow/example_dags/tutorial_dag.py for tasks to queue
[2023-03-13T16:26:31.453-0400] {logging_mixin.py:137} INFO - [2023-03-13T16:26:31.453-0400] {dagbag.py:538} INFO - Filling up the DagBag from /Users/admin/opt/anaconda3/envs/python-airflow-venv/lib/python3.10/site-packages/airflow/example_dags/tutorial_dag.py
[2023-03-13T16:26:31.620-0400] {processor.py:753} INFO - DAG(s) dict_keys(['tutorial_dag']) retrieved from /Users/admin/opt/anaconda3/envs/python-airflow-venv/lib/python3.10/site-packages/airflow/example_dags/tutorial_dag.py
[2023-03-13T16:26:31.790-0400] {logging_mixin.py:137} WARNING - /Users/admin/opt/anaconda3/envs/python-airflow-venv/lib/python3.10/site-packages/airflow/jobs/scheduler_job.py:124 DeprecationWarning: The processor_poll_interval option in [scheduler] has been renamed to scheduler_idle_sleep_time - the old setting has been used, but please update your config.
[2023-03-13T16:26:33.888-0400] {logging_mixin.py:137} INFO - [2023-03-13T16:26:33.887-0400] {dag.py:2690} INFO - Sync 1 DAGs
[2023-03-13T16:26:33.940-0400] {logging_mixin.py:137} INFO - [2023-03-13T16:26:33.939-0400] {dag.py:3437} INFO - Setting next_dagrun for tutorial_dag to None, run_after=None
[2023-03-13T16:26:33.994-0400] {processor.py:175} INFO - Processing /Users/admin/opt/anaconda3/envs/python-airflow-venv/lib/python3.10/site-packages/airflow/example_dags/tutorial_dag.py took 2.565 seconds
[2023-03-13T16:54:27.423-0400] {logging_mixin.py:137} WARNING - /Users/admin/opt/anaconda3/envs/python-airflow-venv/lib/python3.10/site-packages/airflow/settings.py:337 DeprecationWarning: The sql_alchemy_pool_enabled option in [core] has been moved to the sql_alchemy_pool_enabled option in [database] - the old setting has been used, but please update your config.
[2023-03-13T16:54:27.427-0400] {logging_mixin.py:137} WARNING - /Users/admin/opt/anaconda3/envs/python-airflow-venv/lib/python3.10/site-packages/airflow/settings.py:400 DeprecationWarning: The sql_engine_encoding option in [core] has been moved to the sql_engine_encoding option in [database] - the old setting has been used, but please update your config.
[2023-03-13T16:54:27.428-0400] {processor.py:153} INFO - Started process (PID=16576) to work on /Users/admin/opt/anaconda3/envs/python-airflow-venv/lib/python3.10/site-packages/airflow/example_dags/tutorial_dag.py
[2023-03-13T16:54:27.428-0400] {processor.py:743} INFO - Processing file /Users/admin/opt/anaconda3/envs/python-airflow-venv/lib/python3.10/site-packages/airflow/example_dags/tutorial_dag.py for tasks to queue
[2023-03-13T16:54:27.428-0400] {logging_mixin.py:137} INFO - [2023-03-13T16:54:27.428-0400] {dagbag.py:538} INFO - Filling up the DagBag from /Users/admin/opt/anaconda3/envs/python-airflow-venv/lib/python3.10/site-packages/airflow/example_dags/tutorial_dag.py
[2023-03-13T16:54:27.485-0400] {processor.py:753} INFO - DAG(s) dict_keys(['tutorial_dag']) retrieved from /Users/admin/opt/anaconda3/envs/python-airflow-venv/lib/python3.10/site-packages/airflow/example_dags/tutorial_dag.py
[2023-03-13T16:54:27.531-0400] {logging_mixin.py:137} WARNING - /Users/admin/opt/anaconda3/envs/python-airflow-venv/lib/python3.10/site-packages/airflow/jobs/scheduler_job.py:124 DeprecationWarning: The processor_poll_interval option in [scheduler] has been renamed to scheduler_idle_sleep_time - the old setting has been used, but please update your config.
[2023-03-13T16:54:28.109-0400] {logging_mixin.py:137} INFO - [2023-03-13T16:54:28.109-0400] {dag.py:2690} INFO - Sync 1 DAGs
[2023-03-13T16:54:28.123-0400] {logging_mixin.py:137} INFO - [2023-03-13T16:54:28.123-0400] {dag.py:3437} INFO - Setting next_dagrun for tutorial_dag to None, run_after=None
[2023-03-13T16:54:28.187-0400] {processor.py:175} INFO - Processing /Users/admin/opt/anaconda3/envs/python-airflow-venv/lib/python3.10/site-packages/airflow/example_dags/tutorial_dag.py took 0.765 seconds
[2023-03-13T16:56:20.173-0400] {logging_mixin.py:137} WARNING - /Users/admin/opt/anaconda3/envs/python-airflow-venv/lib/python3.10/site-packages/airflow/settings.py:337 DeprecationWarning: The sql_alchemy_pool_enabled option in [core] has been moved to the sql_alchemy_pool_enabled option in [database] - the old setting has been used, but please update your config.
[2023-03-13T16:56:20.180-0400] {logging_mixin.py:137} WARNING - /Users/admin/opt/anaconda3/envs/python-airflow-venv/lib/python3.10/site-packages/airflow/settings.py:400 DeprecationWarning: The sql_engine_encoding option in [core] has been moved to the sql_engine_encoding option in [database] - the old setting has been used, but please update your config.
[2023-03-13T16:56:20.180-0400] {processor.py:153} INFO - Started process (PID=16627) to work on /Users/admin/opt/anaconda3/envs/python-airflow-venv/lib/python3.10/site-packages/airflow/example_dags/tutorial_dag.py
[2023-03-13T16:56:20.181-0400] {processor.py:743} INFO - Processing file /Users/admin/opt/anaconda3/envs/python-airflow-venv/lib/python3.10/site-packages/airflow/example_dags/tutorial_dag.py for tasks to queue
[2023-03-13T16:56:20.181-0400] {logging_mixin.py:137} INFO - [2023-03-13T16:56:20.181-0400] {dagbag.py:538} INFO - Filling up the DagBag from /Users/admin/opt/anaconda3/envs/python-airflow-venv/lib/python3.10/site-packages/airflow/example_dags/tutorial_dag.py
[2023-03-13T16:56:20.233-0400] {processor.py:753} INFO - DAG(s) dict_keys(['tutorial_dag']) retrieved from /Users/admin/opt/anaconda3/envs/python-airflow-venv/lib/python3.10/site-packages/airflow/example_dags/tutorial_dag.py
[2023-03-13T16:56:20.278-0400] {logging_mixin.py:137} WARNING - /Users/admin/opt/anaconda3/envs/python-airflow-venv/lib/python3.10/site-packages/airflow/jobs/scheduler_job.py:124 DeprecationWarning: The processor_poll_interval option in [scheduler] has been renamed to scheduler_idle_sleep_time - the old setting has been used, but please update your config.
[2023-03-13T16:56:20.848-0400] {logging_mixin.py:137} INFO - [2023-03-13T16:56:20.847-0400] {dag.py:2690} INFO - Sync 1 DAGs
[2023-03-13T16:56:20.861-0400] {logging_mixin.py:137} INFO - [2023-03-13T16:56:20.861-0400] {dag.py:3437} INFO - Setting next_dagrun for tutorial_dag to None, run_after=None
[2023-03-13T16:56:20.881-0400] {processor.py:175} INFO - Processing /Users/admin/opt/anaconda3/envs/python-airflow-venv/lib/python3.10/site-packages/airflow/example_dags/tutorial_dag.py took 0.709 seconds
