[2023-04-22T12:59:12.646-0400] {logging_mixin.py:137} WARNING - /Users/admin/opt/anaconda3/envs/python-airflow-venv/lib/python3.10/site-packages/airflow/settings.py:337 DeprecationWarning: The sql_alchemy_pool_enabled option in [core] has been moved to the sql_alchemy_pool_enabled option in [database] - the old setting has been used, but please update your config.
[2023-04-22T12:59:12.650-0400] {logging_mixin.py:137} WARNING - /Users/admin/opt/anaconda3/envs/python-airflow-venv/lib/python3.10/site-packages/airflow/settings.py:400 DeprecationWarning: The sql_engine_encoding option in [core] has been moved to the sql_engine_encoding option in [database] - the old setting has been used, but please update your config.
[2023-04-22T12:59:12.651-0400] {processor.py:153} INFO - Started process (PID=2578) to work on /Users/admin/Desktop/development_folder/airflowe/dags/dbt/my_first_dbt_project/my_first_dbt_dag.py
[2023-04-22T12:59:12.651-0400] {processor.py:743} INFO - Processing file /Users/admin/Desktop/development_folder/airflowe/dags/dbt/my_first_dbt_project/my_first_dbt_dag.py for tasks to queue
[2023-04-22T12:59:12.651-0400] {logging_mixin.py:137} INFO - [2023-04-22T12:59:12.651-0400] {dagbag.py:538} INFO - Filling up the DagBag from /Users/admin/Desktop/development_folder/airflowe/dags/dbt/my_first_dbt_project/my_first_dbt_dag.py
[2023-04-22T12:59:12.713-0400] {processor.py:753} INFO - DAG(s) dict_keys(['first_dbt_model_dag']) retrieved from /Users/admin/Desktop/development_folder/airflowe/dags/dbt/my_first_dbt_project/my_first_dbt_dag.py
[2023-04-22T12:59:12.759-0400] {logging_mixin.py:137} WARNING - /Users/admin/opt/anaconda3/envs/python-airflow-venv/lib/python3.10/site-packages/airflow/jobs/scheduler_job.py:124 DeprecationWarning: The processor_poll_interval option in [scheduler] has been renamed to scheduler_idle_sleep_time - the old setting has been used, but please update your config.
[2023-04-22T12:59:13.398-0400] {logging_mixin.py:137} INFO - [2023-04-22T12:59:13.398-0400] {dag.py:2690} INFO - Sync 1 DAGs
[2023-04-22T12:59:13.413-0400] {logging_mixin.py:137} INFO - [2023-04-22T12:59:13.413-0400] {dag.py:3437} INFO - Setting next_dagrun for first_dbt_model_dag to 2023-04-21T12:00:00+00:00, run_after=2023-04-22T12:00:00+00:00
[2023-04-22T12:59:13.428-0400] {processor.py:175} INFO - Processing /Users/admin/Desktop/development_folder/airflowe/dags/dbt/my_first_dbt_project/my_first_dbt_dag.py took 0.783 seconds
[2023-04-22T13:01:57.415-0400] {logging_mixin.py:137} WARNING - /Users/admin/opt/anaconda3/envs/python-airflow-venv/lib/python3.10/site-packages/airflow/settings.py:337 DeprecationWarning: The sql_alchemy_pool_enabled option in [core] has been moved to the sql_alchemy_pool_enabled option in [database] - the old setting has been used, but please update your config.
[2023-04-22T13:01:57.419-0400] {logging_mixin.py:137} WARNING - /Users/admin/opt/anaconda3/envs/python-airflow-venv/lib/python3.10/site-packages/airflow/settings.py:400 DeprecationWarning: The sql_engine_encoding option in [core] has been moved to the sql_engine_encoding option in [database] - the old setting has been used, but please update your config.
[2023-04-22T13:01:57.420-0400] {processor.py:153} INFO - Started process (PID=2779) to work on /Users/admin/Desktop/development_folder/airflowe/dags/dbt/my_first_dbt_project/my_first_dbt_dag.py
[2023-04-22T13:01:57.420-0400] {processor.py:743} INFO - Processing file /Users/admin/Desktop/development_folder/airflowe/dags/dbt/my_first_dbt_project/my_first_dbt_dag.py for tasks to queue
[2023-04-22T13:01:57.420-0400] {logging_mixin.py:137} INFO - [2023-04-22T13:01:57.420-0400] {dagbag.py:538} INFO - Filling up the DagBag from /Users/admin/Desktop/development_folder/airflowe/dags/dbt/my_first_dbt_project/my_first_dbt_dag.py
[2023-04-22T13:01:57.488-0400] {processor.py:753} INFO - DAG(s) dict_keys(['first_dbt_model_dag']) retrieved from /Users/admin/Desktop/development_folder/airflowe/dags/dbt/my_first_dbt_project/my_first_dbt_dag.py
[2023-04-22T13:01:57.539-0400] {logging_mixin.py:137} WARNING - /Users/admin/opt/anaconda3/envs/python-airflow-venv/lib/python3.10/site-packages/airflow/jobs/scheduler_job.py:124 DeprecationWarning: The processor_poll_interval option in [scheduler] has been renamed to scheduler_idle_sleep_time - the old setting has been used, but please update your config.
[2023-04-22T13:01:58.132-0400] {logging_mixin.py:137} INFO - [2023-04-22T13:01:58.132-0400] {dag.py:2690} INFO - Sync 1 DAGs
[2023-04-22T13:01:58.147-0400] {logging_mixin.py:137} INFO - [2023-04-22T13:01:58.147-0400] {dag.py:3437} INFO - Setting next_dagrun for first_dbt_model_dag to 2023-04-21T12:00:00+00:00, run_after=2023-04-22T12:00:00+00:00
[2023-04-22T13:01:58.167-0400] {processor.py:175} INFO - Processing /Users/admin/Desktop/development_folder/airflowe/dags/dbt/my_first_dbt_project/my_first_dbt_dag.py took 0.753 seconds
[2023-04-22T13:04:48.410-0400] {logging_mixin.py:137} WARNING - /Users/admin/opt/anaconda3/envs/python-airflow-venv/lib/python3.10/site-packages/airflow/settings.py:337 DeprecationWarning: The sql_alchemy_pool_enabled option in [core] has been moved to the sql_alchemy_pool_enabled option in [database] - the old setting has been used, but please update your config.
[2023-04-22T13:04:48.417-0400] {logging_mixin.py:137} WARNING - /Users/admin/opt/anaconda3/envs/python-airflow-venv/lib/python3.10/site-packages/airflow/settings.py:400 DeprecationWarning: The sql_engine_encoding option in [core] has been moved to the sql_engine_encoding option in [database] - the old setting has been used, but please update your config.
[2023-04-22T13:04:48.418-0400] {processor.py:153} INFO - Started process (PID=3028) to work on /Users/admin/Desktop/development_folder/airflowe/dags/dbt/my_first_dbt_project/my_first_dbt_dag.py
[2023-04-22T13:04:48.418-0400] {processor.py:743} INFO - Processing file /Users/admin/Desktop/development_folder/airflowe/dags/dbt/my_first_dbt_project/my_first_dbt_dag.py for tasks to queue
[2023-04-22T13:04:48.418-0400] {logging_mixin.py:137} INFO - [2023-04-22T13:04:48.418-0400] {dagbag.py:538} INFO - Filling up the DagBag from /Users/admin/Desktop/development_folder/airflowe/dags/dbt/my_first_dbt_project/my_first_dbt_dag.py
[2023-04-22T13:04:48.480-0400] {processor.py:753} INFO - DAG(s) dict_keys(['first_dbt_model_dag']) retrieved from /Users/admin/Desktop/development_folder/airflowe/dags/dbt/my_first_dbt_project/my_first_dbt_dag.py
[2023-04-22T13:04:48.530-0400] {logging_mixin.py:137} WARNING - /Users/admin/opt/anaconda3/envs/python-airflow-venv/lib/python3.10/site-packages/airflow/jobs/scheduler_job.py:124 DeprecationWarning: The processor_poll_interval option in [scheduler] has been renamed to scheduler_idle_sleep_time - the old setting has been used, but please update your config.
[2023-04-22T13:04:49.229-0400] {logging_mixin.py:137} INFO - [2023-04-22T13:04:49.228-0400] {dag.py:2690} INFO - Sync 1 DAGs
[2023-04-22T13:04:49.246-0400] {logging_mixin.py:137} INFO - [2023-04-22T13:04:49.246-0400] {dag.py:3437} INFO - Setting next_dagrun for first_dbt_model_dag to 2023-04-21T12:00:00+00:00, run_after=2023-04-22T12:00:00+00:00
[2023-04-22T13:04:49.266-0400] {processor.py:175} INFO - Processing /Users/admin/Desktop/development_folder/airflowe/dags/dbt/my_first_dbt_project/my_first_dbt_dag.py took 0.856 seconds
[2023-04-22T13:06:18.784-0400] {logging_mixin.py:137} WARNING - /Users/admin/opt/anaconda3/envs/python-airflow-venv/lib/python3.10/site-packages/airflow/settings.py:337 DeprecationWarning: The sql_alchemy_pool_enabled option in [core] has been moved to the sql_alchemy_pool_enabled option in [database] - the old setting has been used, but please update your config.
[2023-04-22T13:06:18.791-0400] {logging_mixin.py:137} WARNING - /Users/admin/opt/anaconda3/envs/python-airflow-venv/lib/python3.10/site-packages/airflow/settings.py:400 DeprecationWarning: The sql_engine_encoding option in [core] has been moved to the sql_engine_encoding option in [database] - the old setting has been used, but please update your config.
[2023-04-22T13:06:18.792-0400] {processor.py:153} INFO - Started process (PID=3109) to work on /Users/admin/Desktop/development_folder/airflowe/dags/dbt/my_first_dbt_project/my_first_dbt_dag.py
[2023-04-22T13:06:18.792-0400] {processor.py:743} INFO - Processing file /Users/admin/Desktop/development_folder/airflowe/dags/dbt/my_first_dbt_project/my_first_dbt_dag.py for tasks to queue
[2023-04-22T13:06:18.792-0400] {logging_mixin.py:137} INFO - [2023-04-22T13:06:18.792-0400] {dagbag.py:538} INFO - Filling up the DagBag from /Users/admin/Desktop/development_folder/airflowe/dags/dbt/my_first_dbt_project/my_first_dbt_dag.py
[2023-04-22T13:06:18.855-0400] {processor.py:753} INFO - DAG(s) dict_keys(['first_dbt_model_dag']) retrieved from /Users/admin/Desktop/development_folder/airflowe/dags/dbt/my_first_dbt_project/my_first_dbt_dag.py
[2023-04-22T13:06:18.900-0400] {logging_mixin.py:137} WARNING - /Users/admin/opt/anaconda3/envs/python-airflow-venv/lib/python3.10/site-packages/airflow/jobs/scheduler_job.py:124 DeprecationWarning: The processor_poll_interval option in [scheduler] has been renamed to scheduler_idle_sleep_time - the old setting has been used, but please update your config.
[2023-04-22T13:06:19.485-0400] {logging_mixin.py:137} INFO - [2023-04-22T13:06:19.485-0400] {dag.py:2690} INFO - Sync 1 DAGs
[2023-04-22T13:06:19.501-0400] {logging_mixin.py:137} INFO - [2023-04-22T13:06:19.501-0400] {dag.py:3437} INFO - Setting next_dagrun for first_dbt_model_dag to 2023-04-21T12:00:00+00:00, run_after=2023-04-22T12:00:00+00:00
[2023-04-22T13:06:19.522-0400] {processor.py:175} INFO - Processing /Users/admin/Desktop/development_folder/airflowe/dags/dbt/my_first_dbt_project/my_first_dbt_dag.py took 0.738 seconds
[2023-04-22T13:09:02.889-0400] {logging_mixin.py:137} WARNING - /Users/admin/opt/anaconda3/envs/python-airflow-venv/lib/python3.10/site-packages/airflow/settings.py:337 DeprecationWarning: The sql_alchemy_pool_enabled option in [core] has been moved to the sql_alchemy_pool_enabled option in [database] - the old setting has been used, but please update your config.
[2023-04-22T13:09:02.895-0400] {logging_mixin.py:137} WARNING - /Users/admin/opt/anaconda3/envs/python-airflow-venv/lib/python3.10/site-packages/airflow/settings.py:400 DeprecationWarning: The sql_engine_encoding option in [core] has been moved to the sql_engine_encoding option in [database] - the old setting has been used, but please update your config.
[2023-04-22T13:09:02.895-0400] {processor.py:153} INFO - Started process (PID=3213) to work on /Users/admin/Desktop/development_folder/airflowe/dags/dbt/my_first_dbt_project/my_first_dbt_dag.py
[2023-04-22T13:09:02.895-0400] {processor.py:743} INFO - Processing file /Users/admin/Desktop/development_folder/airflowe/dags/dbt/my_first_dbt_project/my_first_dbt_dag.py for tasks to queue
[2023-04-22T13:09:02.896-0400] {logging_mixin.py:137} INFO - [2023-04-22T13:09:02.896-0400] {dagbag.py:538} INFO - Filling up the DagBag from /Users/admin/Desktop/development_folder/airflowe/dags/dbt/my_first_dbt_project/my_first_dbt_dag.py
[2023-04-22T13:09:02.958-0400] {processor.py:753} INFO - DAG(s) dict_keys(['first_dbt_model_dag']) retrieved from /Users/admin/Desktop/development_folder/airflowe/dags/dbt/my_first_dbt_project/my_first_dbt_dag.py
[2023-04-22T13:09:03.003-0400] {logging_mixin.py:137} WARNING - /Users/admin/opt/anaconda3/envs/python-airflow-venv/lib/python3.10/site-packages/airflow/jobs/scheduler_job.py:124 DeprecationWarning: The processor_poll_interval option in [scheduler] has been renamed to scheduler_idle_sleep_time - the old setting has been used, but please update your config.
[2023-04-22T13:09:03.573-0400] {logging_mixin.py:137} INFO - [2023-04-22T13:09:03.573-0400] {dag.py:2690} INFO - Sync 1 DAGs
[2023-04-22T13:09:03.588-0400] {logging_mixin.py:137} INFO - [2023-04-22T13:09:03.588-0400] {dag.py:3437} INFO - Setting next_dagrun for first_dbt_model_dag to 2023-04-21T12:00:00+00:00, run_after=2023-04-22T12:00:00+00:00
[2023-04-22T13:09:03.604-0400] {processor.py:175} INFO - Processing /Users/admin/Desktop/development_folder/airflowe/dags/dbt/my_first_dbt_project/my_first_dbt_dag.py took 0.716 seconds
[2023-04-22T13:11:04.914-0400] {logging_mixin.py:137} WARNING - /Users/admin/opt/anaconda3/envs/python-airflow-venv/lib/python3.10/site-packages/airflow/settings.py:337 DeprecationWarning: The sql_alchemy_pool_enabled option in [core] has been moved to the sql_alchemy_pool_enabled option in [database] - the old setting has been used, but please update your config.
[2023-04-22T13:11:04.918-0400] {logging_mixin.py:137} WARNING - /Users/admin/opt/anaconda3/envs/python-airflow-venv/lib/python3.10/site-packages/airflow/settings.py:400 DeprecationWarning: The sql_engine_encoding option in [core] has been moved to the sql_engine_encoding option in [database] - the old setting has been used, but please update your config.
[2023-04-22T13:11:04.919-0400] {processor.py:153} INFO - Started process (PID=3271) to work on /Users/admin/Desktop/development_folder/airflowe/dags/dbt/my_first_dbt_project/my_first_dbt_dag.py
[2023-04-22T13:11:04.919-0400] {processor.py:743} INFO - Processing file /Users/admin/Desktop/development_folder/airflowe/dags/dbt/my_first_dbt_project/my_first_dbt_dag.py for tasks to queue
[2023-04-22T13:11:04.919-0400] {logging_mixin.py:137} INFO - [2023-04-22T13:11:04.919-0400] {dagbag.py:538} INFO - Filling up the DagBag from /Users/admin/Desktop/development_folder/airflowe/dags/dbt/my_first_dbt_project/my_first_dbt_dag.py
[2023-04-22T13:11:04.980-0400] {processor.py:753} INFO - DAG(s) dict_keys(['first_dbt_model_dag']) retrieved from /Users/admin/Desktop/development_folder/airflowe/dags/dbt/my_first_dbt_project/my_first_dbt_dag.py
[2023-04-22T13:11:05.025-0400] {logging_mixin.py:137} WARNING - /Users/admin/opt/anaconda3/envs/python-airflow-venv/lib/python3.10/site-packages/airflow/jobs/scheduler_job.py:124 DeprecationWarning: The processor_poll_interval option in [scheduler] has been renamed to scheduler_idle_sleep_time - the old setting has been used, but please update your config.
[2023-04-22T13:11:05.600-0400] {logging_mixin.py:137} INFO - [2023-04-22T13:11:05.600-0400] {dag.py:2690} INFO - Sync 1 DAGs
[2023-04-22T13:11:05.615-0400] {logging_mixin.py:137} INFO - [2023-04-22T13:11:05.615-0400] {dag.py:3437} INFO - Setting next_dagrun for first_dbt_model_dag to 2023-04-21T12:00:00+00:00, run_after=2023-04-22T12:00:00+00:00
[2023-04-22T13:11:05.635-0400] {processor.py:175} INFO - Processing /Users/admin/Desktop/development_folder/airflowe/dags/dbt/my_first_dbt_project/my_first_dbt_dag.py took 0.722 seconds
[2023-04-22T13:13:01.380-0400] {logging_mixin.py:137} WARNING - /Users/admin/opt/anaconda3/envs/python-airflow-venv/lib/python3.10/site-packages/airflow/settings.py:337 DeprecationWarning: The sql_alchemy_pool_enabled option in [core] has been moved to the sql_alchemy_pool_enabled option in [database] - the old setting has been used, but please update your config.
[2023-04-22T13:13:01.384-0400] {logging_mixin.py:137} WARNING - /Users/admin/opt/anaconda3/envs/python-airflow-venv/lib/python3.10/site-packages/airflow/settings.py:400 DeprecationWarning: The sql_engine_encoding option in [core] has been moved to the sql_engine_encoding option in [database] - the old setting has been used, but please update your config.
[2023-04-22T13:13:01.385-0400] {processor.py:153} INFO - Started process (PID=3322) to work on /Users/admin/Desktop/development_folder/airflowe/dags/dbt/my_first_dbt_project/my_first_dbt_dag.py
[2023-04-22T13:13:01.385-0400] {processor.py:743} INFO - Processing file /Users/admin/Desktop/development_folder/airflowe/dags/dbt/my_first_dbt_project/my_first_dbt_dag.py for tasks to queue
[2023-04-22T13:13:01.385-0400] {logging_mixin.py:137} INFO - [2023-04-22T13:13:01.385-0400] {dagbag.py:538} INFO - Filling up the DagBag from /Users/admin/Desktop/development_folder/airflowe/dags/dbt/my_first_dbt_project/my_first_dbt_dag.py
[2023-04-22T13:13:01.446-0400] {processor.py:753} INFO - DAG(s) dict_keys(['first_dbt_model_dag']) retrieved from /Users/admin/Desktop/development_folder/airflowe/dags/dbt/my_first_dbt_project/my_first_dbt_dag.py
[2023-04-22T13:13:01.492-0400] {logging_mixin.py:137} WARNING - /Users/admin/opt/anaconda3/envs/python-airflow-venv/lib/python3.10/site-packages/airflow/jobs/scheduler_job.py:124 DeprecationWarning: The processor_poll_interval option in [scheduler] has been renamed to scheduler_idle_sleep_time - the old setting has been used, but please update your config.
[2023-04-22T13:13:02.072-0400] {logging_mixin.py:137} INFO - [2023-04-22T13:13:02.072-0400] {dag.py:2690} INFO - Sync 1 DAGs
[2023-04-22T13:13:02.088-0400] {logging_mixin.py:137} INFO - [2023-04-22T13:13:02.088-0400] {dag.py:3437} INFO - Setting next_dagrun for first_dbt_model_dag to 2023-04-21T12:00:00+00:00, run_after=2023-04-22T12:00:00+00:00
[2023-04-22T13:13:02.107-0400] {processor.py:175} INFO - Processing /Users/admin/Desktop/development_folder/airflowe/dags/dbt/my_first_dbt_project/my_first_dbt_dag.py took 0.728 seconds
[2023-04-22T13:14:58.102-0400] {logging_mixin.py:137} WARNING - /Users/admin/opt/anaconda3/envs/python-airflow-venv/lib/python3.10/site-packages/airflow/settings.py:337 DeprecationWarning: The sql_alchemy_pool_enabled option in [core] has been moved to the sql_alchemy_pool_enabled option in [database] - the old setting has been used, but please update your config.
[2023-04-22T13:14:58.106-0400] {logging_mixin.py:137} WARNING - /Users/admin/opt/anaconda3/envs/python-airflow-venv/lib/python3.10/site-packages/airflow/settings.py:400 DeprecationWarning: The sql_engine_encoding option in [core] has been moved to the sql_engine_encoding option in [database] - the old setting has been used, but please update your config.
[2023-04-22T13:14:58.106-0400] {processor.py:153} INFO - Started process (PID=3377) to work on /Users/admin/Desktop/development_folder/airflowe/dags/dbt/my_first_dbt_project/my_first_dbt_dag.py
[2023-04-22T13:14:58.107-0400] {processor.py:743} INFO - Processing file /Users/admin/Desktop/development_folder/airflowe/dags/dbt/my_first_dbt_project/my_first_dbt_dag.py for tasks to queue
[2023-04-22T13:14:58.107-0400] {logging_mixin.py:137} INFO - [2023-04-22T13:14:58.107-0400] {dagbag.py:538} INFO - Filling up the DagBag from /Users/admin/Desktop/development_folder/airflowe/dags/dbt/my_first_dbt_project/my_first_dbt_dag.py
[2023-04-22T13:14:58.168-0400] {processor.py:753} INFO - DAG(s) dict_keys(['first_dbt_model_dag']) retrieved from /Users/admin/Desktop/development_folder/airflowe/dags/dbt/my_first_dbt_project/my_first_dbt_dag.py
[2023-04-22T13:14:58.213-0400] {logging_mixin.py:137} WARNING - /Users/admin/opt/anaconda3/envs/python-airflow-venv/lib/python3.10/site-packages/airflow/jobs/scheduler_job.py:124 DeprecationWarning: The processor_poll_interval option in [scheduler] has been renamed to scheduler_idle_sleep_time - the old setting has been used, but please update your config.
[2023-04-22T13:14:58.783-0400] {logging_mixin.py:137} INFO - [2023-04-22T13:14:58.782-0400] {dag.py:2690} INFO - Sync 1 DAGs
[2023-04-22T13:14:58.798-0400] {logging_mixin.py:137} INFO - [2023-04-22T13:14:58.798-0400] {dag.py:3437} INFO - Setting next_dagrun for first_dbt_model_dag to 2023-04-21T12:00:00+00:00, run_after=2023-04-22T12:00:00+00:00
[2023-04-22T13:14:58.814-0400] {processor.py:175} INFO - Processing /Users/admin/Desktop/development_folder/airflowe/dags/dbt/my_first_dbt_project/my_first_dbt_dag.py took 0.713 seconds
[2023-04-22T13:16:54.942-0400] {logging_mixin.py:137} WARNING - /Users/admin/opt/anaconda3/envs/python-airflow-venv/lib/python3.10/site-packages/airflow/settings.py:337 DeprecationWarning: The sql_alchemy_pool_enabled option in [core] has been moved to the sql_alchemy_pool_enabled option in [database] - the old setting has been used, but please update your config.
[2023-04-22T13:16:54.946-0400] {logging_mixin.py:137} WARNING - /Users/admin/opt/anaconda3/envs/python-airflow-venv/lib/python3.10/site-packages/airflow/settings.py:400 DeprecationWarning: The sql_engine_encoding option in [core] has been moved to the sql_engine_encoding option in [database] - the old setting has been used, but please update your config.
[2023-04-22T13:16:54.947-0400] {processor.py:153} INFO - Started process (PID=3430) to work on /Users/admin/Desktop/development_folder/airflowe/dags/dbt/my_first_dbt_project/my_first_dbt_dag.py
[2023-04-22T13:16:54.947-0400] {processor.py:743} INFO - Processing file /Users/admin/Desktop/development_folder/airflowe/dags/dbt/my_first_dbt_project/my_first_dbt_dag.py for tasks to queue
[2023-04-22T13:16:54.947-0400] {logging_mixin.py:137} INFO - [2023-04-22T13:16:54.947-0400] {dagbag.py:538} INFO - Filling up the DagBag from /Users/admin/Desktop/development_folder/airflowe/dags/dbt/my_first_dbt_project/my_first_dbt_dag.py
[2023-04-22T13:16:55.009-0400] {processor.py:753} INFO - DAG(s) dict_keys(['first_dbt_model_dag']) retrieved from /Users/admin/Desktop/development_folder/airflowe/dags/dbt/my_first_dbt_project/my_first_dbt_dag.py
[2023-04-22T13:16:55.055-0400] {logging_mixin.py:137} WARNING - /Users/admin/opt/anaconda3/envs/python-airflow-venv/lib/python3.10/site-packages/airflow/jobs/scheduler_job.py:124 DeprecationWarning: The processor_poll_interval option in [scheduler] has been renamed to scheduler_idle_sleep_time - the old setting has been used, but please update your config.
[2023-04-22T13:16:55.625-0400] {logging_mixin.py:137} INFO - [2023-04-22T13:16:55.624-0400] {dag.py:2690} INFO - Sync 1 DAGs
[2023-04-22T13:16:55.640-0400] {logging_mixin.py:137} INFO - [2023-04-22T13:16:55.640-0400] {dag.py:3437} INFO - Setting next_dagrun for first_dbt_model_dag to 2023-04-21T12:00:00+00:00, run_after=2023-04-22T12:00:00+00:00
[2023-04-22T13:16:55.657-0400] {processor.py:175} INFO - Processing /Users/admin/Desktop/development_folder/airflowe/dags/dbt/my_first_dbt_project/my_first_dbt_dag.py took 0.716 seconds
[2023-04-22T13:18:51.849-0400] {logging_mixin.py:137} WARNING - /Users/admin/opt/anaconda3/envs/python-airflow-venv/lib/python3.10/site-packages/airflow/settings.py:337 DeprecationWarning: The sql_alchemy_pool_enabled option in [core] has been moved to the sql_alchemy_pool_enabled option in [database] - the old setting has been used, but please update your config.
[2023-04-22T13:18:51.854-0400] {logging_mixin.py:137} WARNING - /Users/admin/opt/anaconda3/envs/python-airflow-venv/lib/python3.10/site-packages/airflow/settings.py:400 DeprecationWarning: The sql_engine_encoding option in [core] has been moved to the sql_engine_encoding option in [database] - the old setting has been used, but please update your config.
[2023-04-22T13:18:51.854-0400] {processor.py:153} INFO - Started process (PID=3483) to work on /Users/admin/Desktop/development_folder/airflowe/dags/dbt/my_first_dbt_project/my_first_dbt_dag.py
[2023-04-22T13:18:51.854-0400] {processor.py:743} INFO - Processing file /Users/admin/Desktop/development_folder/airflowe/dags/dbt/my_first_dbt_project/my_first_dbt_dag.py for tasks to queue
[2023-04-22T13:18:51.855-0400] {logging_mixin.py:137} INFO - [2023-04-22T13:18:51.855-0400] {dagbag.py:538} INFO - Filling up the DagBag from /Users/admin/Desktop/development_folder/airflowe/dags/dbt/my_first_dbt_project/my_first_dbt_dag.py
[2023-04-22T13:18:51.918-0400] {processor.py:753} INFO - DAG(s) dict_keys(['first_dbt_model_dag']) retrieved from /Users/admin/Desktop/development_folder/airflowe/dags/dbt/my_first_dbt_project/my_first_dbt_dag.py
[2023-04-22T13:18:51.963-0400] {logging_mixin.py:137} WARNING - /Users/admin/opt/anaconda3/envs/python-airflow-venv/lib/python3.10/site-packages/airflow/jobs/scheduler_job.py:124 DeprecationWarning: The processor_poll_interval option in [scheduler] has been renamed to scheduler_idle_sleep_time - the old setting has been used, but please update your config.
[2023-04-22T13:18:52.554-0400] {logging_mixin.py:137} INFO - [2023-04-22T13:18:52.554-0400] {dag.py:2690} INFO - Sync 1 DAGs
[2023-04-22T13:18:52.570-0400] {logging_mixin.py:137} INFO - [2023-04-22T13:18:52.570-0400] {dag.py:3437} INFO - Setting next_dagrun for first_dbt_model_dag to 2023-04-21T12:00:00+00:00, run_after=2023-04-22T12:00:00+00:00
[2023-04-22T13:18:52.584-0400] {processor.py:175} INFO - Processing /Users/admin/Desktop/development_folder/airflowe/dags/dbt/my_first_dbt_project/my_first_dbt_dag.py took 0.736 seconds
[2023-04-22T13:20:48.563-0400] {logging_mixin.py:137} WARNING - /Users/admin/opt/anaconda3/envs/python-airflow-venv/lib/python3.10/site-packages/airflow/settings.py:337 DeprecationWarning: The sql_alchemy_pool_enabled option in [core] has been moved to the sql_alchemy_pool_enabled option in [database] - the old setting has been used, but please update your config.
[2023-04-22T13:20:48.567-0400] {logging_mixin.py:137} WARNING - /Users/admin/opt/anaconda3/envs/python-airflow-venv/lib/python3.10/site-packages/airflow/settings.py:400 DeprecationWarning: The sql_engine_encoding option in [core] has been moved to the sql_engine_encoding option in [database] - the old setting has been used, but please update your config.
[2023-04-22T13:20:48.567-0400] {processor.py:153} INFO - Started process (PID=3539) to work on /Users/admin/Desktop/development_folder/airflowe/dags/dbt/my_first_dbt_project/my_first_dbt_dag.py
[2023-04-22T13:20:48.568-0400] {processor.py:743} INFO - Processing file /Users/admin/Desktop/development_folder/airflowe/dags/dbt/my_first_dbt_project/my_first_dbt_dag.py for tasks to queue
[2023-04-22T13:20:48.568-0400] {logging_mixin.py:137} INFO - [2023-04-22T13:20:48.568-0400] {dagbag.py:538} INFO - Filling up the DagBag from /Users/admin/Desktop/development_folder/airflowe/dags/dbt/my_first_dbt_project/my_first_dbt_dag.py
[2023-04-22T13:20:48.627-0400] {processor.py:753} INFO - DAG(s) dict_keys(['first_dbt_model_dag']) retrieved from /Users/admin/Desktop/development_folder/airflowe/dags/dbt/my_first_dbt_project/my_first_dbt_dag.py
[2023-04-22T13:20:48.673-0400] {logging_mixin.py:137} WARNING - /Users/admin/opt/anaconda3/envs/python-airflow-venv/lib/python3.10/site-packages/airflow/jobs/scheduler_job.py:124 DeprecationWarning: The processor_poll_interval option in [scheduler] has been renamed to scheduler_idle_sleep_time - the old setting has been used, but please update your config.
[2023-04-22T13:20:49.245-0400] {logging_mixin.py:137} INFO - [2023-04-22T13:20:49.245-0400] {dag.py:2690} INFO - Sync 1 DAGs
[2023-04-22T13:20:49.261-0400] {logging_mixin.py:137} INFO - [2023-04-22T13:20:49.261-0400] {dag.py:3437} INFO - Setting next_dagrun for first_dbt_model_dag to 2023-04-21T12:00:00+00:00, run_after=2023-04-22T12:00:00+00:00
[2023-04-22T13:20:49.281-0400] {processor.py:175} INFO - Processing /Users/admin/Desktop/development_folder/airflowe/dags/dbt/my_first_dbt_project/my_first_dbt_dag.py took 0.719 seconds
[2023-04-22T13:22:45.103-0400] {logging_mixin.py:137} WARNING - /Users/admin/opt/anaconda3/envs/python-airflow-venv/lib/python3.10/site-packages/airflow/settings.py:337 DeprecationWarning: The sql_alchemy_pool_enabled option in [core] has been moved to the sql_alchemy_pool_enabled option in [database] - the old setting has been used, but please update your config.
[2023-04-22T13:22:45.108-0400] {logging_mixin.py:137} WARNING - /Users/admin/opt/anaconda3/envs/python-airflow-venv/lib/python3.10/site-packages/airflow/settings.py:400 DeprecationWarning: The sql_engine_encoding option in [core] has been moved to the sql_engine_encoding option in [database] - the old setting has been used, but please update your config.
[2023-04-22T13:22:45.108-0400] {processor.py:153} INFO - Started process (PID=3592) to work on /Users/admin/Desktop/development_folder/airflowe/dags/dbt/my_first_dbt_project/my_first_dbt_dag.py
[2023-04-22T13:22:45.108-0400] {processor.py:743} INFO - Processing file /Users/admin/Desktop/development_folder/airflowe/dags/dbt/my_first_dbt_project/my_first_dbt_dag.py for tasks to queue
[2023-04-22T13:22:45.109-0400] {logging_mixin.py:137} INFO - [2023-04-22T13:22:45.109-0400] {dagbag.py:538} INFO - Filling up the DagBag from /Users/admin/Desktop/development_folder/airflowe/dags/dbt/my_first_dbt_project/my_first_dbt_dag.py
[2023-04-22T13:22:45.172-0400] {processor.py:753} INFO - DAG(s) dict_keys(['first_dbt_model_dag']) retrieved from /Users/admin/Desktop/development_folder/airflowe/dags/dbt/my_first_dbt_project/my_first_dbt_dag.py
[2023-04-22T13:22:45.217-0400] {logging_mixin.py:137} WARNING - /Users/admin/opt/anaconda3/envs/python-airflow-venv/lib/python3.10/site-packages/airflow/jobs/scheduler_job.py:124 DeprecationWarning: The processor_poll_interval option in [scheduler] has been renamed to scheduler_idle_sleep_time - the old setting has been used, but please update your config.
[2023-04-22T13:22:45.789-0400] {logging_mixin.py:137} INFO - [2023-04-22T13:22:45.789-0400] {dag.py:2690} INFO - Sync 1 DAGs
[2023-04-22T13:22:45.805-0400] {logging_mixin.py:137} INFO - [2023-04-22T13:22:45.805-0400] {dag.py:3437} INFO - Setting next_dagrun for first_dbt_model_dag to 2023-04-21T12:00:00+00:00, run_after=2023-04-22T12:00:00+00:00
[2023-04-22T13:22:45.824-0400] {processor.py:175} INFO - Processing /Users/admin/Desktop/development_folder/airflowe/dags/dbt/my_first_dbt_project/my_first_dbt_dag.py took 0.721 seconds
[2023-04-22T13:24:41.986-0400] {logging_mixin.py:137} WARNING - /Users/admin/opt/anaconda3/envs/python-airflow-venv/lib/python3.10/site-packages/airflow/settings.py:337 DeprecationWarning: The sql_alchemy_pool_enabled option in [core] has been moved to the sql_alchemy_pool_enabled option in [database] - the old setting has been used, but please update your config.
[2023-04-22T13:24:41.990-0400] {logging_mixin.py:137} WARNING - /Users/admin/opt/anaconda3/envs/python-airflow-venv/lib/python3.10/site-packages/airflow/settings.py:400 DeprecationWarning: The sql_engine_encoding option in [core] has been moved to the sql_engine_encoding option in [database] - the old setting has been used, but please update your config.
[2023-04-22T13:24:41.991-0400] {processor.py:153} INFO - Started process (PID=3646) to work on /Users/admin/Desktop/development_folder/airflowe/dags/dbt/my_first_dbt_project/my_first_dbt_dag.py
[2023-04-22T13:24:41.991-0400] {processor.py:743} INFO - Processing file /Users/admin/Desktop/development_folder/airflowe/dags/dbt/my_first_dbt_project/my_first_dbt_dag.py for tasks to queue
[2023-04-22T13:24:41.992-0400] {logging_mixin.py:137} INFO - [2023-04-22T13:24:41.991-0400] {dagbag.py:538} INFO - Filling up the DagBag from /Users/admin/Desktop/development_folder/airflowe/dags/dbt/my_first_dbt_project/my_first_dbt_dag.py
[2023-04-22T13:24:42.054-0400] {processor.py:753} INFO - DAG(s) dict_keys(['first_dbt_model_dag']) retrieved from /Users/admin/Desktop/development_folder/airflowe/dags/dbt/my_first_dbt_project/my_first_dbt_dag.py
[2023-04-22T13:24:42.099-0400] {logging_mixin.py:137} WARNING - /Users/admin/opt/anaconda3/envs/python-airflow-venv/lib/python3.10/site-packages/airflow/jobs/scheduler_job.py:124 DeprecationWarning: The processor_poll_interval option in [scheduler] has been renamed to scheduler_idle_sleep_time - the old setting has been used, but please update your config.
[2023-04-22T13:24:42.667-0400] {logging_mixin.py:137} INFO - [2023-04-22T13:24:42.667-0400] {dag.py:2690} INFO - Sync 1 DAGs
[2023-04-22T13:24:42.682-0400] {logging_mixin.py:137} INFO - [2023-04-22T13:24:42.682-0400] {dag.py:3437} INFO - Setting next_dagrun for first_dbt_model_dag to 2023-04-21T12:00:00+00:00, run_after=2023-04-22T12:00:00+00:00
[2023-04-22T13:24:42.698-0400] {processor.py:175} INFO - Processing /Users/admin/Desktop/development_folder/airflowe/dags/dbt/my_first_dbt_project/my_first_dbt_dag.py took 0.713 seconds
[2023-04-22T13:53:23.406-0400] {logging_mixin.py:137} WARNING - /Users/admin/opt/anaconda3/envs/python-airflow-venv/lib/python3.10/site-packages/airflow/settings.py:337 DeprecationWarning: The sql_alchemy_pool_enabled option in [core] has been moved to the sql_alchemy_pool_enabled option in [database] - the old setting has been used, but please update your config.
[2023-04-22T13:53:23.410-0400] {logging_mixin.py:137} WARNING - /Users/admin/opt/anaconda3/envs/python-airflow-venv/lib/python3.10/site-packages/airflow/settings.py:400 DeprecationWarning: The sql_engine_encoding option in [core] has been moved to the sql_engine_encoding option in [database] - the old setting has been used, but please update your config.
[2023-04-22T13:53:23.410-0400] {processor.py:153} INFO - Started process (PID=3712) to work on /Users/admin/Desktop/development_folder/airflowe/dags/dbt/my_first_dbt_project/my_first_dbt_dag.py
[2023-04-22T13:53:23.411-0400] {processor.py:743} INFO - Processing file /Users/admin/Desktop/development_folder/airflowe/dags/dbt/my_first_dbt_project/my_first_dbt_dag.py for tasks to queue
[2023-04-22T13:53:23.411-0400] {logging_mixin.py:137} INFO - [2023-04-22T13:53:23.411-0400] {dagbag.py:538} INFO - Filling up the DagBag from /Users/admin/Desktop/development_folder/airflowe/dags/dbt/my_first_dbt_project/my_first_dbt_dag.py
[2023-04-22T13:53:23.470-0400] {processor.py:753} INFO - DAG(s) dict_keys(['first_dbt_model_dag']) retrieved from /Users/admin/Desktop/development_folder/airflowe/dags/dbt/my_first_dbt_project/my_first_dbt_dag.py
[2023-04-22T13:53:23.515-0400] {logging_mixin.py:137} WARNING - /Users/admin/opt/anaconda3/envs/python-airflow-venv/lib/python3.10/site-packages/airflow/jobs/scheduler_job.py:124 DeprecationWarning: The processor_poll_interval option in [scheduler] has been renamed to scheduler_idle_sleep_time - the old setting has been used, but please update your config.
[2023-04-22T13:53:24.083-0400] {logging_mixin.py:137} INFO - [2023-04-22T13:53:24.083-0400] {dag.py:2690} INFO - Sync 1 DAGs
[2023-04-22T13:53:24.098-0400] {logging_mixin.py:137} INFO - [2023-04-22T13:53:24.098-0400] {dag.py:3437} INFO - Setting next_dagrun for first_dbt_model_dag to 2023-04-21T12:00:00+00:00, run_after=2023-04-22T12:00:00+00:00
[2023-04-22T13:53:24.119-0400] {processor.py:175} INFO - Processing /Users/admin/Desktop/development_folder/airflowe/dags/dbt/my_first_dbt_project/my_first_dbt_dag.py took 0.715 seconds
[2023-04-22T14:29:17.992-0400] {logging_mixin.py:137} WARNING - /Users/admin/opt/anaconda3/envs/python-airflow-venv/lib/python3.10/site-packages/airflow/settings.py:337 DeprecationWarning: The sql_alchemy_pool_enabled option in [core] has been moved to the sql_alchemy_pool_enabled option in [database] - the old setting has been used, but please update your config.
[2023-04-22T14:29:17.997-0400] {logging_mixin.py:137} WARNING - /Users/admin/opt/anaconda3/envs/python-airflow-venv/lib/python3.10/site-packages/airflow/settings.py:400 DeprecationWarning: The sql_engine_encoding option in [core] has been moved to the sql_engine_encoding option in [database] - the old setting has been used, but please update your config.
[2023-04-22T14:29:17.997-0400] {processor.py:153} INFO - Started process (PID=3788) to work on /Users/admin/Desktop/development_folder/airflowe/dags/dbt/my_first_dbt_project/my_first_dbt_dag.py
[2023-04-22T14:29:17.997-0400] {processor.py:743} INFO - Processing file /Users/admin/Desktop/development_folder/airflowe/dags/dbt/my_first_dbt_project/my_first_dbt_dag.py for tasks to queue
[2023-04-22T14:29:17.998-0400] {logging_mixin.py:137} INFO - [2023-04-22T14:29:17.998-0400] {dagbag.py:538} INFO - Filling up the DagBag from /Users/admin/Desktop/development_folder/airflowe/dags/dbt/my_first_dbt_project/my_first_dbt_dag.py
[2023-04-22T14:29:18.059-0400] {processor.py:753} INFO - DAG(s) dict_keys(['first_dbt_model_dag']) retrieved from /Users/admin/Desktop/development_folder/airflowe/dags/dbt/my_first_dbt_project/my_first_dbt_dag.py
[2023-04-22T14:29:18.104-0400] {logging_mixin.py:137} WARNING - /Users/admin/opt/anaconda3/envs/python-airflow-venv/lib/python3.10/site-packages/airflow/jobs/scheduler_job.py:124 DeprecationWarning: The processor_poll_interval option in [scheduler] has been renamed to scheduler_idle_sleep_time - the old setting has been used, but please update your config.
[2023-04-22T14:29:18.675-0400] {logging_mixin.py:137} INFO - [2023-04-22T14:29:18.675-0400] {dag.py:2690} INFO - Sync 1 DAGs
[2023-04-22T14:29:18.690-0400] {logging_mixin.py:137} INFO - [2023-04-22T14:29:18.690-0400] {dag.py:3437} INFO - Setting next_dagrun for first_dbt_model_dag to 2023-04-21T12:00:00+00:00, run_after=2023-04-22T12:00:00+00:00
[2023-04-22T14:29:18.709-0400] {processor.py:175} INFO - Processing /Users/admin/Desktop/development_folder/airflowe/dags/dbt/my_first_dbt_project/my_first_dbt_dag.py took 0.717 seconds
[2023-04-22T14:31:14.363-0400] {logging_mixin.py:137} WARNING - /Users/admin/opt/anaconda3/envs/python-airflow-venv/lib/python3.10/site-packages/airflow/settings.py:337 DeprecationWarning: The sql_alchemy_pool_enabled option in [core] has been moved to the sql_alchemy_pool_enabled option in [database] - the old setting has been used, but please update your config.
[2023-04-22T14:31:14.368-0400] {logging_mixin.py:137} WARNING - /Users/admin/opt/anaconda3/envs/python-airflow-venv/lib/python3.10/site-packages/airflow/settings.py:400 DeprecationWarning: The sql_engine_encoding option in [core] has been moved to the sql_engine_encoding option in [database] - the old setting has been used, but please update your config.
[2023-04-22T14:31:14.368-0400] {processor.py:153} INFO - Started process (PID=3843) to work on /Users/admin/Desktop/development_folder/airflowe/dags/dbt/my_first_dbt_project/my_first_dbt_dag.py
[2023-04-22T14:31:14.368-0400] {processor.py:743} INFO - Processing file /Users/admin/Desktop/development_folder/airflowe/dags/dbt/my_first_dbt_project/my_first_dbt_dag.py for tasks to queue
[2023-04-22T14:31:14.369-0400] {logging_mixin.py:137} INFO - [2023-04-22T14:31:14.369-0400] {dagbag.py:538} INFO - Filling up the DagBag from /Users/admin/Desktop/development_folder/airflowe/dags/dbt/my_first_dbt_project/my_first_dbt_dag.py
[2023-04-22T14:31:14.430-0400] {processor.py:753} INFO - DAG(s) dict_keys(['first_dbt_model_dag']) retrieved from /Users/admin/Desktop/development_folder/airflowe/dags/dbt/my_first_dbt_project/my_first_dbt_dag.py
[2023-04-22T14:31:14.476-0400] {logging_mixin.py:137} WARNING - /Users/admin/opt/anaconda3/envs/python-airflow-venv/lib/python3.10/site-packages/airflow/jobs/scheduler_job.py:124 DeprecationWarning: The processor_poll_interval option in [scheduler] has been renamed to scheduler_idle_sleep_time - the old setting has been used, but please update your config.
[2023-04-22T14:31:15.044-0400] {logging_mixin.py:137} INFO - [2023-04-22T14:31:15.043-0400] {dag.py:2690} INFO - Sync 1 DAGs
[2023-04-22T14:31:15.059-0400] {logging_mixin.py:137} INFO - [2023-04-22T14:31:15.059-0400] {dag.py:3437} INFO - Setting next_dagrun for first_dbt_model_dag to 2023-04-21T12:00:00+00:00, run_after=2023-04-22T12:00:00+00:00
[2023-04-22T14:31:15.079-0400] {processor.py:175} INFO - Processing /Users/admin/Desktop/development_folder/airflowe/dags/dbt/my_first_dbt_project/my_first_dbt_dag.py took 0.717 seconds
[2023-04-22T14:33:13.440-0400] {logging_mixin.py:137} WARNING - /Users/admin/opt/anaconda3/envs/python-airflow-venv/lib/python3.10/site-packages/airflow/settings.py:337 DeprecationWarning: The sql_alchemy_pool_enabled option in [core] has been moved to the sql_alchemy_pool_enabled option in [database] - the old setting has been used, but please update your config.
[2023-04-22T14:33:13.444-0400] {logging_mixin.py:137} WARNING - /Users/admin/opt/anaconda3/envs/python-airflow-venv/lib/python3.10/site-packages/airflow/settings.py:400 DeprecationWarning: The sql_engine_encoding option in [core] has been moved to the sql_engine_encoding option in [database] - the old setting has been used, but please update your config.
[2023-04-22T14:33:13.445-0400] {processor.py:153} INFO - Started process (PID=3941) to work on /Users/admin/Desktop/development_folder/airflowe/dags/dbt/my_first_dbt_project/my_first_dbt_dag.py
[2023-04-22T14:33:13.445-0400] {processor.py:743} INFO - Processing file /Users/admin/Desktop/development_folder/airflowe/dags/dbt/my_first_dbt_project/my_first_dbt_dag.py for tasks to queue
[2023-04-22T14:33:13.445-0400] {logging_mixin.py:137} INFO - [2023-04-22T14:33:13.445-0400] {dagbag.py:538} INFO - Filling up the DagBag from /Users/admin/Desktop/development_folder/airflowe/dags/dbt/my_first_dbt_project/my_first_dbt_dag.py
[2023-04-22T14:33:13.506-0400] {processor.py:753} INFO - DAG(s) dict_keys(['first_dbt_model_dag']) retrieved from /Users/admin/Desktop/development_folder/airflowe/dags/dbt/my_first_dbt_project/my_first_dbt_dag.py
[2023-04-22T14:33:13.551-0400] {logging_mixin.py:137} WARNING - /Users/admin/opt/anaconda3/envs/python-airflow-venv/lib/python3.10/site-packages/airflow/jobs/scheduler_job.py:124 DeprecationWarning: The processor_poll_interval option in [scheduler] has been renamed to scheduler_idle_sleep_time - the old setting has been used, but please update your config.
[2023-04-22T14:33:14.132-0400] {logging_mixin.py:137} INFO - [2023-04-22T14:33:14.132-0400] {dag.py:2690} INFO - Sync 1 DAGs
[2023-04-22T14:33:14.148-0400] {logging_mixin.py:137} INFO - [2023-04-22T14:33:14.148-0400] {dag.py:3437} INFO - Setting next_dagrun for first_dbt_model_dag to 2023-04-21T12:00:00+00:00, run_after=2023-04-22T12:00:00+00:00
[2023-04-22T14:33:14.168-0400] {processor.py:175} INFO - Processing /Users/admin/Desktop/development_folder/airflowe/dags/dbt/my_first_dbt_project/my_first_dbt_dag.py took 0.728 seconds
[2023-04-22T14:35:12.431-0400] {logging_mixin.py:137} WARNING - /Users/admin/opt/anaconda3/envs/python-airflow-venv/lib/python3.10/site-packages/airflow/settings.py:337 DeprecationWarning: The sql_alchemy_pool_enabled option in [core] has been moved to the sql_alchemy_pool_enabled option in [database] - the old setting has been used, but please update your config.
[2023-04-22T14:35:12.435-0400] {logging_mixin.py:137} WARNING - /Users/admin/opt/anaconda3/envs/python-airflow-venv/lib/python3.10/site-packages/airflow/settings.py:400 DeprecationWarning: The sql_engine_encoding option in [core] has been moved to the sql_engine_encoding option in [database] - the old setting has been used, but please update your config.
[2023-04-22T14:35:12.436-0400] {processor.py:153} INFO - Started process (PID=4025) to work on /Users/admin/Desktop/development_folder/airflowe/dags/dbt/my_first_dbt_project/my_first_dbt_dag.py
[2023-04-22T14:35:12.436-0400] {processor.py:743} INFO - Processing file /Users/admin/Desktop/development_folder/airflowe/dags/dbt/my_first_dbt_project/my_first_dbt_dag.py for tasks to queue
[2023-04-22T14:35:12.436-0400] {logging_mixin.py:137} INFO - [2023-04-22T14:35:12.436-0400] {dagbag.py:538} INFO - Filling up the DagBag from /Users/admin/Desktop/development_folder/airflowe/dags/dbt/my_first_dbt_project/my_first_dbt_dag.py
[2023-04-22T14:35:12.505-0400] {processor.py:753} INFO - DAG(s) dict_keys(['first_dbt_model_dag']) retrieved from /Users/admin/Desktop/development_folder/airflowe/dags/dbt/my_first_dbt_project/my_first_dbt_dag.py
[2023-04-22T14:35:12.554-0400] {logging_mixin.py:137} WARNING - /Users/admin/opt/anaconda3/envs/python-airflow-venv/lib/python3.10/site-packages/airflow/jobs/scheduler_job.py:124 DeprecationWarning: The processor_poll_interval option in [scheduler] has been renamed to scheduler_idle_sleep_time - the old setting has been used, but please update your config.
[2023-04-22T14:35:13.178-0400] {logging_mixin.py:137} INFO - [2023-04-22T14:35:13.177-0400] {dag.py:2690} INFO - Sync 1 DAGs
[2023-04-22T14:35:13.193-0400] {logging_mixin.py:137} INFO - [2023-04-22T14:35:13.193-0400] {dag.py:3437} INFO - Setting next_dagrun for first_dbt_model_dag to 2023-04-21T12:00:00+00:00, run_after=2023-04-22T12:00:00+00:00
[2023-04-22T14:35:13.209-0400] {processor.py:175} INFO - Processing /Users/admin/Desktop/development_folder/airflowe/dags/dbt/my_first_dbt_project/my_first_dbt_dag.py took 0.779 seconds
[2023-04-22T14:37:08.153-0400] {logging_mixin.py:137} WARNING - /Users/admin/opt/anaconda3/envs/python-airflow-venv/lib/python3.10/site-packages/airflow/settings.py:337 DeprecationWarning: The sql_alchemy_pool_enabled option in [core] has been moved to the sql_alchemy_pool_enabled option in [database] - the old setting has been used, but please update your config.
[2023-04-22T14:37:08.157-0400] {logging_mixin.py:137} WARNING - /Users/admin/opt/anaconda3/envs/python-airflow-venv/lib/python3.10/site-packages/airflow/settings.py:400 DeprecationWarning: The sql_engine_encoding option in [core] has been moved to the sql_engine_encoding option in [database] - the old setting has been used, but please update your config.
[2023-04-22T14:37:08.158-0400] {processor.py:153} INFO - Started process (PID=4089) to work on /Users/admin/Desktop/development_folder/airflowe/dags/dbt/my_first_dbt_project/my_first_dbt_dag.py
[2023-04-22T14:37:08.158-0400] {processor.py:743} INFO - Processing file /Users/admin/Desktop/development_folder/airflowe/dags/dbt/my_first_dbt_project/my_first_dbt_dag.py for tasks to queue
[2023-04-22T14:37:08.158-0400] {logging_mixin.py:137} INFO - [2023-04-22T14:37:08.158-0400] {dagbag.py:538} INFO - Filling up the DagBag from /Users/admin/Desktop/development_folder/airflowe/dags/dbt/my_first_dbt_project/my_first_dbt_dag.py
[2023-04-22T14:37:08.219-0400] {processor.py:753} INFO - DAG(s) dict_keys(['first_dbt_model_dag']) retrieved from /Users/admin/Desktop/development_folder/airflowe/dags/dbt/my_first_dbt_project/my_first_dbt_dag.py
[2023-04-22T14:37:08.264-0400] {logging_mixin.py:137} WARNING - /Users/admin/opt/anaconda3/envs/python-airflow-venv/lib/python3.10/site-packages/airflow/jobs/scheduler_job.py:124 DeprecationWarning: The processor_poll_interval option in [scheduler] has been renamed to scheduler_idle_sleep_time - the old setting has been used, but please update your config.
[2023-04-22T14:37:08.832-0400] {logging_mixin.py:137} INFO - [2023-04-22T14:37:08.831-0400] {dag.py:2690} INFO - Sync 1 DAGs
[2023-04-22T14:37:08.847-0400] {logging_mixin.py:137} INFO - [2023-04-22T14:37:08.847-0400] {dag.py:3437} INFO - Setting next_dagrun for first_dbt_model_dag to 2023-04-21T12:00:00+00:00, run_after=2023-04-22T12:00:00+00:00
[2023-04-22T14:37:08.868-0400] {processor.py:175} INFO - Processing /Users/admin/Desktop/development_folder/airflowe/dags/dbt/my_first_dbt_project/my_first_dbt_dag.py took 0.716 seconds
