[2023-08-19T16:19:18.274-0400] {logging_mixin.py:137} WARNING - /Users/admin/opt/anaconda3/envs/python-airflow-venv/lib/python3.10/site-packages/airflow/settings.py:337 DeprecationWarning: The sql_alchemy_pool_enabled option in [core] has been moved to the sql_alchemy_pool_enabled option in [database] - the old setting has been used, but please update your config.
[2023-08-19T16:19:18.278-0400] {logging_mixin.py:137} WARNING - /Users/admin/opt/anaconda3/envs/python-airflow-venv/lib/python3.10/site-packages/airflow/settings.py:400 DeprecationWarning: The sql_engine_encoding option in [core] has been moved to the sql_engine_encoding option in [database] - the old setting has been used, but please update your config.
[2023-08-19T16:19:18.279-0400] {processor.py:153} INFO - Started process (PID=26082) to work on /Users/admin/opt/anaconda3/envs/python-airflow-venv/lib/python3.10/site-packages/airflow/example_dags/example_sla_dag.py
[2023-08-19T16:19:18.279-0400] {processor.py:743} INFO - Processing file /Users/admin/opt/anaconda3/envs/python-airflow-venv/lib/python3.10/site-packages/airflow/example_dags/example_sla_dag.py for tasks to queue
[2023-08-19T16:19:18.279-0400] {logging_mixin.py:137} INFO - [2023-08-19T16:19:18.279-0400] {dagbag.py:538} INFO - Filling up the DagBag from /Users/admin/opt/anaconda3/envs/python-airflow-venv/lib/python3.10/site-packages/airflow/example_dags/example_sla_dag.py
[2023-08-19T16:19:18.360-0400] {processor.py:753} INFO - DAG(s) dict_keys(['example_sla_dag']) retrieved from /Users/admin/opt/anaconda3/envs/python-airflow-venv/lib/python3.10/site-packages/airflow/example_dags/example_sla_dag.py
[2023-08-19T16:19:18.418-0400] {logging_mixin.py:137} WARNING - /Users/admin/opt/anaconda3/envs/python-airflow-venv/lib/python3.10/site-packages/airflow/jobs/scheduler_job.py:124 DeprecationWarning: The processor_poll_interval option in [scheduler] has been renamed to scheduler_idle_sleep_time - the old setting has been used, but please update your config.
[2023-08-19T16:19:19.085-0400] {logging_mixin.py:137} INFO - [2023-08-19T16:19:19.085-0400] {dag.py:2690} INFO - Sync 1 DAGs
[2023-08-19T16:19:19.104-0400] {logging_mixin.py:137} INFO - [2023-08-19T16:19:19.104-0400] {dag.py:3437} INFO - Setting next_dagrun for example_sla_dag to 2023-08-19T20:16:00+00:00, run_after=2023-08-19T20:18:00+00:00
[2023-08-19T16:19:19.122-0400] {processor.py:175} INFO - Processing /Users/admin/opt/anaconda3/envs/python-airflow-venv/lib/python3.10/site-packages/airflow/example_dags/example_sla_dag.py took 0.849 seconds
[2023-08-19T17:04:08.158-0400] {logging_mixin.py:137} WARNING - /Users/admin/opt/anaconda3/envs/python-airflow-venv/lib/python3.10/site-packages/airflow/settings.py:337 DeprecationWarning: The sql_alchemy_pool_enabled option in [core] has been moved to the sql_alchemy_pool_enabled option in [database] - the old setting has been used, but please update your config.
[2023-08-19T17:04:08.171-0400] {logging_mixin.py:137} WARNING - /Users/admin/opt/anaconda3/envs/python-airflow-venv/lib/python3.10/site-packages/airflow/settings.py:400 DeprecationWarning: The sql_engine_encoding option in [core] has been moved to the sql_engine_encoding option in [database] - the old setting has been used, but please update your config.
[2023-08-19T17:04:08.171-0400] {processor.py:153} INFO - Started process (PID=1524) to work on /Users/admin/opt/anaconda3/envs/python-airflow-venv/lib/python3.10/site-packages/airflow/example_dags/example_sla_dag.py
[2023-08-19T17:04:08.172-0400] {processor.py:743} INFO - Processing file /Users/admin/opt/anaconda3/envs/python-airflow-venv/lib/python3.10/site-packages/airflow/example_dags/example_sla_dag.py for tasks to queue
[2023-08-19T17:04:08.172-0400] {logging_mixin.py:137} INFO - [2023-08-19T17:04:08.172-0400] {dagbag.py:538} INFO - Filling up the DagBag from /Users/admin/opt/anaconda3/envs/python-airflow-venv/lib/python3.10/site-packages/airflow/example_dags/example_sla_dag.py
[2023-08-19T17:04:08.308-0400] {processor.py:753} INFO - DAG(s) dict_keys(['example_sla_dag']) retrieved from /Users/admin/opt/anaconda3/envs/python-airflow-venv/lib/python3.10/site-packages/airflow/example_dags/example_sla_dag.py
[2023-08-19T17:04:08.368-0400] {logging_mixin.py:137} WARNING - /Users/admin/opt/anaconda3/envs/python-airflow-venv/lib/python3.10/site-packages/airflow/jobs/scheduler_job.py:124 DeprecationWarning: The processor_poll_interval option in [scheduler] has been renamed to scheduler_idle_sleep_time - the old setting has been used, but please update your config.
[2023-08-19T17:04:09.376-0400] {logging_mixin.py:137} INFO - [2023-08-19T17:04:09.376-0400] {dag.py:2690} INFO - Sync 1 DAGs
[2023-08-19T17:04:09.396-0400] {logging_mixin.py:137} INFO - [2023-08-19T17:04:09.396-0400] {dag.py:3437} INFO - Setting next_dagrun for example_sla_dag to 2023-08-19T21:02:00+00:00, run_after=2023-08-19T21:04:00+00:00
[2023-08-19T17:04:09.416-0400] {processor.py:175} INFO - Processing /Users/admin/opt/anaconda3/envs/python-airflow-venv/lib/python3.10/site-packages/airflow/example_dags/example_sla_dag.py took 1.261 seconds
[2023-08-19T17:06:21.829-0400] {logging_mixin.py:137} WARNING - /Users/admin/opt/anaconda3/envs/python-airflow-venv/lib/python3.10/site-packages/airflow/settings.py:337 DeprecationWarning: The sql_alchemy_pool_enabled option in [core] has been moved to the sql_alchemy_pool_enabled option in [database] - the old setting has been used, but please update your config.
[2023-08-19T17:06:21.835-0400] {logging_mixin.py:137} WARNING - /Users/admin/opt/anaconda3/envs/python-airflow-venv/lib/python3.10/site-packages/airflow/settings.py:400 DeprecationWarning: The sql_engine_encoding option in [core] has been moved to the sql_engine_encoding option in [database] - the old setting has been used, but please update your config.
[2023-08-19T17:06:21.835-0400] {processor.py:153} INFO - Started process (PID=1614) to work on /Users/admin/opt/anaconda3/envs/python-airflow-venv/lib/python3.10/site-packages/airflow/example_dags/example_sla_dag.py
[2023-08-19T17:06:21.835-0400] {processor.py:743} INFO - Processing file /Users/admin/opt/anaconda3/envs/python-airflow-venv/lib/python3.10/site-packages/airflow/example_dags/example_sla_dag.py for tasks to queue
[2023-08-19T17:06:21.836-0400] {logging_mixin.py:137} INFO - [2023-08-19T17:06:21.836-0400] {dagbag.py:538} INFO - Filling up the DagBag from /Users/admin/opt/anaconda3/envs/python-airflow-venv/lib/python3.10/site-packages/airflow/example_dags/example_sla_dag.py
[2023-08-19T17:06:21.910-0400] {processor.py:753} INFO - DAG(s) dict_keys(['example_sla_dag']) retrieved from /Users/admin/opt/anaconda3/envs/python-airflow-venv/lib/python3.10/site-packages/airflow/example_dags/example_sla_dag.py
[2023-08-19T17:06:21.956-0400] {logging_mixin.py:137} WARNING - /Users/admin/opt/anaconda3/envs/python-airflow-venv/lib/python3.10/site-packages/airflow/jobs/scheduler_job.py:124 DeprecationWarning: The processor_poll_interval option in [scheduler] has been renamed to scheduler_idle_sleep_time - the old setting has been used, but please update your config.
[2023-08-19T17:06:22.622-0400] {logging_mixin.py:137} INFO - [2023-08-19T17:06:22.622-0400] {dag.py:2690} INFO - Sync 1 DAGs
[2023-08-19T17:06:22.641-0400] {logging_mixin.py:137} INFO - [2023-08-19T17:06:22.641-0400] {dag.py:3437} INFO - Setting next_dagrun for example_sla_dag to 2023-08-19T21:04:00+00:00, run_after=2023-08-19T21:06:00+00:00
[2023-08-19T17:06:22.659-0400] {processor.py:175} INFO - Processing /Users/admin/opt/anaconda3/envs/python-airflow-venv/lib/python3.10/site-packages/airflow/example_dags/example_sla_dag.py took 0.832 seconds
[2023-08-19T17:08:31.655-0400] {logging_mixin.py:137} WARNING - /Users/admin/opt/anaconda3/envs/python-airflow-venv/lib/python3.10/site-packages/airflow/settings.py:337 DeprecationWarning: The sql_alchemy_pool_enabled option in [core] has been moved to the sql_alchemy_pool_enabled option in [database] - the old setting has been used, but please update your config.
[2023-08-19T17:08:31.659-0400] {logging_mixin.py:137} WARNING - /Users/admin/opt/anaconda3/envs/python-airflow-venv/lib/python3.10/site-packages/airflow/settings.py:400 DeprecationWarning: The sql_engine_encoding option in [core] has been moved to the sql_engine_encoding option in [database] - the old setting has been used, but please update your config.
[2023-08-19T17:08:31.660-0400] {processor.py:153} INFO - Started process (PID=1692) to work on /Users/admin/opt/anaconda3/envs/python-airflow-venv/lib/python3.10/site-packages/airflow/example_dags/example_sla_dag.py
[2023-08-19T17:08:31.660-0400] {processor.py:743} INFO - Processing file /Users/admin/opt/anaconda3/envs/python-airflow-venv/lib/python3.10/site-packages/airflow/example_dags/example_sla_dag.py for tasks to queue
[2023-08-19T17:08:31.661-0400] {logging_mixin.py:137} INFO - [2023-08-19T17:08:31.660-0400] {dagbag.py:538} INFO - Filling up the DagBag from /Users/admin/opt/anaconda3/envs/python-airflow-venv/lib/python3.10/site-packages/airflow/example_dags/example_sla_dag.py
[2023-08-19T17:08:31.743-0400] {processor.py:753} INFO - DAG(s) dict_keys(['example_sla_dag']) retrieved from /Users/admin/opt/anaconda3/envs/python-airflow-venv/lib/python3.10/site-packages/airflow/example_dags/example_sla_dag.py
[2023-08-19T17:08:31.787-0400] {logging_mixin.py:137} WARNING - /Users/admin/opt/anaconda3/envs/python-airflow-venv/lib/python3.10/site-packages/airflow/jobs/scheduler_job.py:124 DeprecationWarning: The processor_poll_interval option in [scheduler] has been renamed to scheduler_idle_sleep_time - the old setting has been used, but please update your config.
[2023-08-19T17:08:32.406-0400] {logging_mixin.py:137} INFO - [2023-08-19T17:08:32.406-0400] {dag.py:2690} INFO - Sync 1 DAGs
[2023-08-19T17:08:32.424-0400] {logging_mixin.py:137} INFO - [2023-08-19T17:08:32.424-0400] {dag.py:3437} INFO - Setting next_dagrun for example_sla_dag to 2023-08-19T21:06:00+00:00, run_after=2023-08-19T21:08:00+00:00
[2023-08-19T17:08:32.445-0400] {processor.py:175} INFO - Processing /Users/admin/opt/anaconda3/envs/python-airflow-venv/lib/python3.10/site-packages/airflow/example_dags/example_sla_dag.py took 0.792 seconds
[2023-08-19T17:10:56.477-0400] {logging_mixin.py:137} WARNING - /Users/admin/opt/anaconda3/envs/python-airflow-venv/lib/python3.10/site-packages/airflow/settings.py:337 DeprecationWarning: The sql_alchemy_pool_enabled option in [core] has been moved to the sql_alchemy_pool_enabled option in [database] - the old setting has been used, but please update your config.
[2023-08-19T17:10:56.482-0400] {logging_mixin.py:137} WARNING - /Users/admin/opt/anaconda3/envs/python-airflow-venv/lib/python3.10/site-packages/airflow/settings.py:400 DeprecationWarning: The sql_engine_encoding option in [core] has been moved to the sql_engine_encoding option in [database] - the old setting has been used, but please update your config.
[2023-08-19T17:10:56.482-0400] {processor.py:153} INFO - Started process (PID=1763) to work on /Users/admin/opt/anaconda3/envs/python-airflow-venv/lib/python3.10/site-packages/airflow/example_dags/example_sla_dag.py
[2023-08-19T17:10:56.482-0400] {processor.py:743} INFO - Processing file /Users/admin/opt/anaconda3/envs/python-airflow-venv/lib/python3.10/site-packages/airflow/example_dags/example_sla_dag.py for tasks to queue
[2023-08-19T17:10:56.483-0400] {logging_mixin.py:137} INFO - [2023-08-19T17:10:56.483-0400] {dagbag.py:538} INFO - Filling up the DagBag from /Users/admin/opt/anaconda3/envs/python-airflow-venv/lib/python3.10/site-packages/airflow/example_dags/example_sla_dag.py
[2023-08-19T17:10:56.553-0400] {processor.py:753} INFO - DAG(s) dict_keys(['example_sla_dag']) retrieved from /Users/admin/opt/anaconda3/envs/python-airflow-venv/lib/python3.10/site-packages/airflow/example_dags/example_sla_dag.py
[2023-08-19T17:10:56.598-0400] {logging_mixin.py:137} WARNING - /Users/admin/opt/anaconda3/envs/python-airflow-venv/lib/python3.10/site-packages/airflow/jobs/scheduler_job.py:124 DeprecationWarning: The processor_poll_interval option in [scheduler] has been renamed to scheduler_idle_sleep_time - the old setting has been used, but please update your config.
[2023-08-19T17:10:57.215-0400] {logging_mixin.py:137} INFO - [2023-08-19T17:10:57.215-0400] {dag.py:2690} INFO - Sync 1 DAGs
[2023-08-19T17:10:57.232-0400] {logging_mixin.py:137} INFO - [2023-08-19T17:10:57.232-0400] {dag.py:3437} INFO - Setting next_dagrun for example_sla_dag to 2023-08-19T21:08:00+00:00, run_after=2023-08-19T21:10:00+00:00
[2023-08-19T17:10:57.254-0400] {processor.py:175} INFO - Processing /Users/admin/opt/anaconda3/envs/python-airflow-venv/lib/python3.10/site-packages/airflow/example_dags/example_sla_dag.py took 0.778 seconds
[2023-08-19T17:13:02.172-0400] {logging_mixin.py:137} WARNING - /Users/admin/opt/anaconda3/envs/python-airflow-venv/lib/python3.10/site-packages/airflow/settings.py:337 DeprecationWarning: The sql_alchemy_pool_enabled option in [core] has been moved to the sql_alchemy_pool_enabled option in [database] - the old setting has been used, but please update your config.
[2023-08-19T17:13:02.176-0400] {logging_mixin.py:137} WARNING - /Users/admin/opt/anaconda3/envs/python-airflow-venv/lib/python3.10/site-packages/airflow/settings.py:400 DeprecationWarning: The sql_engine_encoding option in [core] has been moved to the sql_engine_encoding option in [database] - the old setting has been used, but please update your config.
[2023-08-19T17:13:02.177-0400] {processor.py:153} INFO - Started process (PID=1941) to work on /Users/admin/opt/anaconda3/envs/python-airflow-venv/lib/python3.10/site-packages/airflow/example_dags/example_sla_dag.py
[2023-08-19T17:13:02.177-0400] {processor.py:743} INFO - Processing file /Users/admin/opt/anaconda3/envs/python-airflow-venv/lib/python3.10/site-packages/airflow/example_dags/example_sla_dag.py for tasks to queue
[2023-08-19T17:13:02.177-0400] {logging_mixin.py:137} INFO - [2023-08-19T17:13:02.177-0400] {dagbag.py:538} INFO - Filling up the DagBag from /Users/admin/opt/anaconda3/envs/python-airflow-venv/lib/python3.10/site-packages/airflow/example_dags/example_sla_dag.py
[2023-08-19T17:13:02.244-0400] {processor.py:753} INFO - DAG(s) dict_keys(['example_sla_dag']) retrieved from /Users/admin/opt/anaconda3/envs/python-airflow-venv/lib/python3.10/site-packages/airflow/example_dags/example_sla_dag.py
[2023-08-19T17:13:02.288-0400] {logging_mixin.py:137} WARNING - /Users/admin/opt/anaconda3/envs/python-airflow-venv/lib/python3.10/site-packages/airflow/jobs/scheduler_job.py:124 DeprecationWarning: The processor_poll_interval option in [scheduler] has been renamed to scheduler_idle_sleep_time - the old setting has been used, but please update your config.
[2023-08-19T17:13:02.898-0400] {logging_mixin.py:137} INFO - [2023-08-19T17:13:02.898-0400] {dag.py:2690} INFO - Sync 1 DAGs
[2023-08-19T17:13:02.916-0400] {logging_mixin.py:137} INFO - [2023-08-19T17:13:02.916-0400] {dag.py:3437} INFO - Setting next_dagrun for example_sla_dag to 2023-08-19T21:10:00+00:00, run_after=2023-08-19T21:12:00+00:00
[2023-08-19T17:13:02.934-0400] {processor.py:175} INFO - Processing /Users/admin/opt/anaconda3/envs/python-airflow-venv/lib/python3.10/site-packages/airflow/example_dags/example_sla_dag.py took 0.763 seconds
[2023-08-19T17:15:11.344-0400] {logging_mixin.py:137} WARNING - /Users/admin/opt/anaconda3/envs/python-airflow-venv/lib/python3.10/site-packages/airflow/settings.py:337 DeprecationWarning: The sql_alchemy_pool_enabled option in [core] has been moved to the sql_alchemy_pool_enabled option in [database] - the old setting has been used, but please update your config.
[2023-08-19T17:15:11.348-0400] {logging_mixin.py:137} WARNING - /Users/admin/opt/anaconda3/envs/python-airflow-venv/lib/python3.10/site-packages/airflow/settings.py:400 DeprecationWarning: The sql_engine_encoding option in [core] has been moved to the sql_engine_encoding option in [database] - the old setting has been used, but please update your config.
[2023-08-19T17:15:11.349-0400] {processor.py:153} INFO - Started process (PID=2017) to work on /Users/admin/opt/anaconda3/envs/python-airflow-venv/lib/python3.10/site-packages/airflow/example_dags/example_sla_dag.py
[2023-08-19T17:15:11.349-0400] {processor.py:743} INFO - Processing file /Users/admin/opt/anaconda3/envs/python-airflow-venv/lib/python3.10/site-packages/airflow/example_dags/example_sla_dag.py for tasks to queue
[2023-08-19T17:15:11.349-0400] {logging_mixin.py:137} INFO - [2023-08-19T17:15:11.349-0400] {dagbag.py:538} INFO - Filling up the DagBag from /Users/admin/opt/anaconda3/envs/python-airflow-venv/lib/python3.10/site-packages/airflow/example_dags/example_sla_dag.py
[2023-08-19T17:15:11.422-0400] {processor.py:753} INFO - DAG(s) dict_keys(['example_sla_dag']) retrieved from /Users/admin/opt/anaconda3/envs/python-airflow-venv/lib/python3.10/site-packages/airflow/example_dags/example_sla_dag.py
[2023-08-19T17:15:11.468-0400] {logging_mixin.py:137} WARNING - /Users/admin/opt/anaconda3/envs/python-airflow-venv/lib/python3.10/site-packages/airflow/jobs/scheduler_job.py:124 DeprecationWarning: The processor_poll_interval option in [scheduler] has been renamed to scheduler_idle_sleep_time - the old setting has been used, but please update your config.
[2023-08-19T17:15:12.082-0400] {logging_mixin.py:137} INFO - [2023-08-19T17:15:12.082-0400] {dag.py:2690} INFO - Sync 1 DAGs
[2023-08-19T17:15:12.101-0400] {logging_mixin.py:137} INFO - [2023-08-19T17:15:12.101-0400] {dag.py:3437} INFO - Setting next_dagrun for example_sla_dag to 2023-08-19T21:12:00+00:00, run_after=2023-08-19T21:14:00+00:00
[2023-08-19T17:15:12.119-0400] {processor.py:175} INFO - Processing /Users/admin/opt/anaconda3/envs/python-airflow-venv/lib/python3.10/site-packages/airflow/example_dags/example_sla_dag.py took 0.777 seconds
[2023-08-19T17:17:17.689-0400] {logging_mixin.py:137} WARNING - /Users/admin/opt/anaconda3/envs/python-airflow-venv/lib/python3.10/site-packages/airflow/settings.py:337 DeprecationWarning: The sql_alchemy_pool_enabled option in [core] has been moved to the sql_alchemy_pool_enabled option in [database] - the old setting has been used, but please update your config.
[2023-08-19T17:17:17.694-0400] {logging_mixin.py:137} WARNING - /Users/admin/opt/anaconda3/envs/python-airflow-venv/lib/python3.10/site-packages/airflow/settings.py:400 DeprecationWarning: The sql_engine_encoding option in [core] has been moved to the sql_engine_encoding option in [database] - the old setting has been used, but please update your config.
[2023-08-19T17:17:17.694-0400] {processor.py:153} INFO - Started process (PID=2101) to work on /Users/admin/opt/anaconda3/envs/python-airflow-venv/lib/python3.10/site-packages/airflow/example_dags/example_sla_dag.py
[2023-08-19T17:17:17.695-0400] {processor.py:743} INFO - Processing file /Users/admin/opt/anaconda3/envs/python-airflow-venv/lib/python3.10/site-packages/airflow/example_dags/example_sla_dag.py for tasks to queue
[2023-08-19T17:17:17.695-0400] {logging_mixin.py:137} INFO - [2023-08-19T17:17:17.695-0400] {dagbag.py:538} INFO - Filling up the DagBag from /Users/admin/opt/anaconda3/envs/python-airflow-venv/lib/python3.10/site-packages/airflow/example_dags/example_sla_dag.py
[2023-08-19T17:17:17.771-0400] {processor.py:753} INFO - DAG(s) dict_keys(['example_sla_dag']) retrieved from /Users/admin/opt/anaconda3/envs/python-airflow-venv/lib/python3.10/site-packages/airflow/example_dags/example_sla_dag.py
[2023-08-19T17:17:17.825-0400] {logging_mixin.py:137} WARNING - /Users/admin/opt/anaconda3/envs/python-airflow-venv/lib/python3.10/site-packages/airflow/jobs/scheduler_job.py:124 DeprecationWarning: The processor_poll_interval option in [scheduler] has been renamed to scheduler_idle_sleep_time - the old setting has been used, but please update your config.
[2023-08-19T17:17:18.585-0400] {logging_mixin.py:137} INFO - [2023-08-19T17:17:18.585-0400] {dag.py:2690} INFO - Sync 1 DAGs
[2023-08-19T17:17:18.602-0400] {logging_mixin.py:137} INFO - [2023-08-19T17:17:18.602-0400] {dag.py:3437} INFO - Setting next_dagrun for example_sla_dag to 2023-08-19T21:14:00+00:00, run_after=2023-08-19T21:16:00+00:00
[2023-08-19T17:17:18.618-0400] {processor.py:175} INFO - Processing /Users/admin/opt/anaconda3/envs/python-airflow-venv/lib/python3.10/site-packages/airflow/example_dags/example_sla_dag.py took 0.930 seconds
[2023-08-19T17:19:26.147-0400] {logging_mixin.py:137} WARNING - /Users/admin/opt/anaconda3/envs/python-airflow-venv/lib/python3.10/site-packages/airflow/settings.py:337 DeprecationWarning: The sql_alchemy_pool_enabled option in [core] has been moved to the sql_alchemy_pool_enabled option in [database] - the old setting has been used, but please update your config.
[2023-08-19T17:19:26.166-0400] {logging_mixin.py:137} WARNING - /Users/admin/opt/anaconda3/envs/python-airflow-venv/lib/python3.10/site-packages/airflow/settings.py:400 DeprecationWarning: The sql_engine_encoding option in [core] has been moved to the sql_engine_encoding option in [database] - the old setting has been used, but please update your config.
[2023-08-19T17:19:26.167-0400] {processor.py:153} INFO - Started process (PID=2184) to work on /Users/admin/opt/anaconda3/envs/python-airflow-venv/lib/python3.10/site-packages/airflow/example_dags/example_sla_dag.py
[2023-08-19T17:19:26.168-0400] {processor.py:743} INFO - Processing file /Users/admin/opt/anaconda3/envs/python-airflow-venv/lib/python3.10/site-packages/airflow/example_dags/example_sla_dag.py for tasks to queue
[2023-08-19T17:19:26.172-0400] {logging_mixin.py:137} INFO - [2023-08-19T17:19:26.172-0400] {dagbag.py:538} INFO - Filling up the DagBag from /Users/admin/opt/anaconda3/envs/python-airflow-venv/lib/python3.10/site-packages/airflow/example_dags/example_sla_dag.py
[2023-08-19T17:19:26.391-0400] {processor.py:753} INFO - DAG(s) dict_keys(['example_sla_dag']) retrieved from /Users/admin/opt/anaconda3/envs/python-airflow-venv/lib/python3.10/site-packages/airflow/example_dags/example_sla_dag.py
[2023-08-19T17:19:26.468-0400] {logging_mixin.py:137} WARNING - /Users/admin/opt/anaconda3/envs/python-airflow-venv/lib/python3.10/site-packages/airflow/jobs/scheduler_job.py:124 DeprecationWarning: The processor_poll_interval option in [scheduler] has been renamed to scheduler_idle_sleep_time - the old setting has been used, but please update your config.
[2023-08-19T17:19:27.553-0400] {logging_mixin.py:137} INFO - [2023-08-19T17:19:27.553-0400] {dag.py:2690} INFO - Sync 1 DAGs
[2023-08-19T17:19:27.574-0400] {logging_mixin.py:137} INFO - [2023-08-19T17:19:27.574-0400] {dag.py:3437} INFO - Setting next_dagrun for example_sla_dag to 2023-08-19T21:16:00+00:00, run_after=2023-08-19T21:18:00+00:00
[2023-08-19T17:19:27.595-0400] {processor.py:175} INFO - Processing /Users/admin/opt/anaconda3/envs/python-airflow-venv/lib/python3.10/site-packages/airflow/example_dags/example_sla_dag.py took 1.450 seconds
[2023-08-19T17:21:39.196-0400] {logging_mixin.py:137} WARNING - /Users/admin/opt/anaconda3/envs/python-airflow-venv/lib/python3.10/site-packages/airflow/settings.py:337 DeprecationWarning: The sql_alchemy_pool_enabled option in [core] has been moved to the sql_alchemy_pool_enabled option in [database] - the old setting has been used, but please update your config.
[2023-08-19T17:21:39.200-0400] {logging_mixin.py:137} WARNING - /Users/admin/opt/anaconda3/envs/python-airflow-venv/lib/python3.10/site-packages/airflow/settings.py:400 DeprecationWarning: The sql_engine_encoding option in [core] has been moved to the sql_engine_encoding option in [database] - the old setting has been used, but please update your config.
[2023-08-19T17:21:39.201-0400] {processor.py:153} INFO - Started process (PID=2257) to work on /Users/admin/opt/anaconda3/envs/python-airflow-venv/lib/python3.10/site-packages/airflow/example_dags/example_sla_dag.py
[2023-08-19T17:21:39.201-0400] {processor.py:743} INFO - Processing file /Users/admin/opt/anaconda3/envs/python-airflow-venv/lib/python3.10/site-packages/airflow/example_dags/example_sla_dag.py for tasks to queue
[2023-08-19T17:21:39.201-0400] {logging_mixin.py:137} INFO - [2023-08-19T17:21:39.201-0400] {dagbag.py:538} INFO - Filling up the DagBag from /Users/admin/opt/anaconda3/envs/python-airflow-venv/lib/python3.10/site-packages/airflow/example_dags/example_sla_dag.py
[2023-08-19T17:21:39.272-0400] {processor.py:753} INFO - DAG(s) dict_keys(['example_sla_dag']) retrieved from /Users/admin/opt/anaconda3/envs/python-airflow-venv/lib/python3.10/site-packages/airflow/example_dags/example_sla_dag.py
[2023-08-19T17:21:39.318-0400] {logging_mixin.py:137} WARNING - /Users/admin/opt/anaconda3/envs/python-airflow-venv/lib/python3.10/site-packages/airflow/jobs/scheduler_job.py:124 DeprecationWarning: The processor_poll_interval option in [scheduler] has been renamed to scheduler_idle_sleep_time - the old setting has been used, but please update your config.
[2023-08-19T17:21:39.973-0400] {logging_mixin.py:137} INFO - [2023-08-19T17:21:39.973-0400] {dag.py:2690} INFO - Sync 1 DAGs
[2023-08-19T17:21:39.990-0400] {logging_mixin.py:137} INFO - [2023-08-19T17:21:39.990-0400] {dag.py:3437} INFO - Setting next_dagrun for example_sla_dag to 2023-08-19T21:18:00+00:00, run_after=2023-08-19T21:20:00+00:00
[2023-08-19T17:21:40.005-0400] {processor.py:175} INFO - Processing /Users/admin/opt/anaconda3/envs/python-airflow-venv/lib/python3.10/site-packages/airflow/example_dags/example_sla_dag.py took 0.811 seconds
[2023-08-19T17:23:50.696-0400] {logging_mixin.py:137} WARNING - /Users/admin/opt/anaconda3/envs/python-airflow-venv/lib/python3.10/site-packages/airflow/settings.py:337 DeprecationWarning: The sql_alchemy_pool_enabled option in [core] has been moved to the sql_alchemy_pool_enabled option in [database] - the old setting has been used, but please update your config.
[2023-08-19T17:23:50.701-0400] {logging_mixin.py:137} WARNING - /Users/admin/opt/anaconda3/envs/python-airflow-venv/lib/python3.10/site-packages/airflow/settings.py:400 DeprecationWarning: The sql_engine_encoding option in [core] has been moved to the sql_engine_encoding option in [database] - the old setting has been used, but please update your config.
[2023-08-19T17:23:50.702-0400] {processor.py:153} INFO - Started process (PID=2331) to work on /Users/admin/opt/anaconda3/envs/python-airflow-venv/lib/python3.10/site-packages/airflow/example_dags/example_sla_dag.py
[2023-08-19T17:23:50.703-0400] {processor.py:743} INFO - Processing file /Users/admin/opt/anaconda3/envs/python-airflow-venv/lib/python3.10/site-packages/airflow/example_dags/example_sla_dag.py for tasks to queue
[2023-08-19T17:23:50.703-0400] {logging_mixin.py:137} INFO - [2023-08-19T17:23:50.703-0400] {dagbag.py:538} INFO - Filling up the DagBag from /Users/admin/opt/anaconda3/envs/python-airflow-venv/lib/python3.10/site-packages/airflow/example_dags/example_sla_dag.py
[2023-08-19T17:23:50.778-0400] {processor.py:753} INFO - DAG(s) dict_keys(['example_sla_dag']) retrieved from /Users/admin/opt/anaconda3/envs/python-airflow-venv/lib/python3.10/site-packages/airflow/example_dags/example_sla_dag.py
[2023-08-19T17:23:50.832-0400] {logging_mixin.py:137} WARNING - /Users/admin/opt/anaconda3/envs/python-airflow-venv/lib/python3.10/site-packages/airflow/jobs/scheduler_job.py:124 DeprecationWarning: The processor_poll_interval option in [scheduler] has been renamed to scheduler_idle_sleep_time - the old setting has been used, but please update your config.
[2023-08-19T17:23:51.479-0400] {logging_mixin.py:137} INFO - [2023-08-19T17:23:51.479-0400] {dag.py:2690} INFO - Sync 1 DAGs
[2023-08-19T17:23:51.496-0400] {logging_mixin.py:137} INFO - [2023-08-19T17:23:51.496-0400] {dag.py:3437} INFO - Setting next_dagrun for example_sla_dag to 2023-08-19T21:20:00+00:00, run_after=2023-08-19T21:22:00+00:00
[2023-08-19T17:23:51.514-0400] {processor.py:175} INFO - Processing /Users/admin/opt/anaconda3/envs/python-airflow-venv/lib/python3.10/site-packages/airflow/example_dags/example_sla_dag.py took 0.818 seconds
[2023-08-19T17:26:05.680-0400] {logging_mixin.py:137} WARNING - /Users/admin/opt/anaconda3/envs/python-airflow-venv/lib/python3.10/site-packages/airflow/settings.py:337 DeprecationWarning: The sql_alchemy_pool_enabled option in [core] has been moved to the sql_alchemy_pool_enabled option in [database] - the old setting has been used, but please update your config.
[2023-08-19T17:26:05.685-0400] {logging_mixin.py:137} WARNING - /Users/admin/opt/anaconda3/envs/python-airflow-venv/lib/python3.10/site-packages/airflow/settings.py:400 DeprecationWarning: The sql_engine_encoding option in [core] has been moved to the sql_engine_encoding option in [database] - the old setting has been used, but please update your config.
[2023-08-19T17:26:05.686-0400] {processor.py:153} INFO - Started process (PID=2391) to work on /Users/admin/opt/anaconda3/envs/python-airflow-venv/lib/python3.10/site-packages/airflow/example_dags/example_sla_dag.py
[2023-08-19T17:26:05.686-0400] {processor.py:743} INFO - Processing file /Users/admin/opt/anaconda3/envs/python-airflow-venv/lib/python3.10/site-packages/airflow/example_dags/example_sla_dag.py for tasks to queue
[2023-08-19T17:26:05.686-0400] {logging_mixin.py:137} INFO - [2023-08-19T17:26:05.686-0400] {dagbag.py:538} INFO - Filling up the DagBag from /Users/admin/opt/anaconda3/envs/python-airflow-venv/lib/python3.10/site-packages/airflow/example_dags/example_sla_dag.py
[2023-08-19T17:26:05.755-0400] {processor.py:753} INFO - DAG(s) dict_keys(['example_sla_dag']) retrieved from /Users/admin/opt/anaconda3/envs/python-airflow-venv/lib/python3.10/site-packages/airflow/example_dags/example_sla_dag.py
[2023-08-19T17:26:05.801-0400] {logging_mixin.py:137} WARNING - /Users/admin/opt/anaconda3/envs/python-airflow-venv/lib/python3.10/site-packages/airflow/jobs/scheduler_job.py:124 DeprecationWarning: The processor_poll_interval option in [scheduler] has been renamed to scheduler_idle_sleep_time - the old setting has been used, but please update your config.
[2023-08-19T17:26:06.409-0400] {logging_mixin.py:137} INFO - [2023-08-19T17:26:06.409-0400] {dag.py:2690} INFO - Sync 1 DAGs
[2023-08-19T17:26:06.426-0400] {logging_mixin.py:137} INFO - [2023-08-19T17:26:06.425-0400] {dag.py:3437} INFO - Setting next_dagrun for example_sla_dag to 2023-08-19T21:24:00+00:00, run_after=2023-08-19T21:26:00+00:00
[2023-08-19T17:26:06.442-0400] {processor.py:175} INFO - Processing /Users/admin/opt/anaconda3/envs/python-airflow-venv/lib/python3.10/site-packages/airflow/example_dags/example_sla_dag.py took 0.763 seconds
[2023-08-19T17:28:56.204-0400] {logging_mixin.py:137} WARNING - /Users/admin/opt/anaconda3/envs/python-airflow-venv/lib/python3.10/site-packages/airflow/settings.py:337 DeprecationWarning: The sql_alchemy_pool_enabled option in [core] has been moved to the sql_alchemy_pool_enabled option in [database] - the old setting has been used, but please update your config.
[2023-08-19T17:28:56.209-0400] {logging_mixin.py:137} WARNING - /Users/admin/opt/anaconda3/envs/python-airflow-venv/lib/python3.10/site-packages/airflow/settings.py:400 DeprecationWarning: The sql_engine_encoding option in [core] has been moved to the sql_engine_encoding option in [database] - the old setting has been used, but please update your config.
[2023-08-19T17:28:56.210-0400] {processor.py:153} INFO - Started process (PID=2475) to work on /Users/admin/opt/anaconda3/envs/python-airflow-venv/lib/python3.10/site-packages/airflow/example_dags/example_sla_dag.py
[2023-08-19T17:28:56.210-0400] {processor.py:743} INFO - Processing file /Users/admin/opt/anaconda3/envs/python-airflow-venv/lib/python3.10/site-packages/airflow/example_dags/example_sla_dag.py for tasks to queue
[2023-08-19T17:28:56.210-0400] {logging_mixin.py:137} INFO - [2023-08-19T17:28:56.210-0400] {dagbag.py:538} INFO - Filling up the DagBag from /Users/admin/opt/anaconda3/envs/python-airflow-venv/lib/python3.10/site-packages/airflow/example_dags/example_sla_dag.py
[2023-08-19T17:28:56.294-0400] {processor.py:753} INFO - DAG(s) dict_keys(['example_sla_dag']) retrieved from /Users/admin/opt/anaconda3/envs/python-airflow-venv/lib/python3.10/site-packages/airflow/example_dags/example_sla_dag.py
[2023-08-19T17:28:56.348-0400] {logging_mixin.py:137} WARNING - /Users/admin/opt/anaconda3/envs/python-airflow-venv/lib/python3.10/site-packages/airflow/jobs/scheduler_job.py:124 DeprecationWarning: The processor_poll_interval option in [scheduler] has been renamed to scheduler_idle_sleep_time - the old setting has been used, but please update your config.
[2023-08-19T17:28:57.023-0400] {logging_mixin.py:137} INFO - [2023-08-19T17:28:57.023-0400] {dag.py:2690} INFO - Sync 1 DAGs
[2023-08-19T17:28:57.040-0400] {logging_mixin.py:137} INFO - [2023-08-19T17:28:57.040-0400] {dag.py:3437} INFO - Setting next_dagrun for example_sla_dag to 2023-08-19T21:26:00+00:00, run_after=2023-08-19T21:28:00+00:00
[2023-08-19T17:28:57.057-0400] {processor.py:175} INFO - Processing /Users/admin/opt/anaconda3/envs/python-airflow-venv/lib/python3.10/site-packages/airflow/example_dags/example_sla_dag.py took 0.853 seconds
[2023-08-19T17:30:59.422-0400] {logging_mixin.py:137} WARNING - /Users/admin/opt/anaconda3/envs/python-airflow-venv/lib/python3.10/site-packages/airflow/settings.py:337 DeprecationWarning: The sql_alchemy_pool_enabled option in [core] has been moved to the sql_alchemy_pool_enabled option in [database] - the old setting has been used, but please update your config.
[2023-08-19T17:30:59.427-0400] {logging_mixin.py:137} WARNING - /Users/admin/opt/anaconda3/envs/python-airflow-venv/lib/python3.10/site-packages/airflow/settings.py:400 DeprecationWarning: The sql_engine_encoding option in [core] has been moved to the sql_engine_encoding option in [database] - the old setting has been used, but please update your config.
[2023-08-19T17:30:59.428-0400] {processor.py:153} INFO - Started process (PID=2547) to work on /Users/admin/opt/anaconda3/envs/python-airflow-venv/lib/python3.10/site-packages/airflow/example_dags/example_sla_dag.py
[2023-08-19T17:30:59.428-0400] {processor.py:743} INFO - Processing file /Users/admin/opt/anaconda3/envs/python-airflow-venv/lib/python3.10/site-packages/airflow/example_dags/example_sla_dag.py for tasks to queue
[2023-08-19T17:30:59.428-0400] {logging_mixin.py:137} INFO - [2023-08-19T17:30:59.428-0400] {dagbag.py:538} INFO - Filling up the DagBag from /Users/admin/opt/anaconda3/envs/python-airflow-venv/lib/python3.10/site-packages/airflow/example_dags/example_sla_dag.py
[2023-08-19T17:30:59.494-0400] {processor.py:753} INFO - DAG(s) dict_keys(['example_sla_dag']) retrieved from /Users/admin/opt/anaconda3/envs/python-airflow-venv/lib/python3.10/site-packages/airflow/example_dags/example_sla_dag.py
[2023-08-19T17:30:59.539-0400] {logging_mixin.py:137} WARNING - /Users/admin/opt/anaconda3/envs/python-airflow-venv/lib/python3.10/site-packages/airflow/jobs/scheduler_job.py:124 DeprecationWarning: The processor_poll_interval option in [scheduler] has been renamed to scheduler_idle_sleep_time - the old setting has been used, but please update your config.
[2023-08-19T17:31:00.146-0400] {logging_mixin.py:137} INFO - [2023-08-19T17:31:00.146-0400] {dag.py:2690} INFO - Sync 1 DAGs
[2023-08-19T17:31:00.163-0400] {logging_mixin.py:137} INFO - [2023-08-19T17:31:00.163-0400] {dag.py:3437} INFO - Setting next_dagrun for example_sla_dag to 2023-08-19T21:28:00+00:00, run_after=2023-08-19T21:30:00+00:00
[2023-08-19T17:31:00.180-0400] {processor.py:175} INFO - Processing /Users/admin/opt/anaconda3/envs/python-airflow-venv/lib/python3.10/site-packages/airflow/example_dags/example_sla_dag.py took 0.759 seconds
[2023-08-19T17:33:09.372-0400] {logging_mixin.py:137} WARNING - /Users/admin/opt/anaconda3/envs/python-airflow-venv/lib/python3.10/site-packages/airflow/settings.py:337 DeprecationWarning: The sql_alchemy_pool_enabled option in [core] has been moved to the sql_alchemy_pool_enabled option in [database] - the old setting has been used, but please update your config.
[2023-08-19T17:33:09.377-0400] {logging_mixin.py:137} WARNING - /Users/admin/opt/anaconda3/envs/python-airflow-venv/lib/python3.10/site-packages/airflow/settings.py:400 DeprecationWarning: The sql_engine_encoding option in [core] has been moved to the sql_engine_encoding option in [database] - the old setting has been used, but please update your config.
[2023-08-19T17:33:09.377-0400] {processor.py:153} INFO - Started process (PID=2611) to work on /Users/admin/opt/anaconda3/envs/python-airflow-venv/lib/python3.10/site-packages/airflow/example_dags/example_sla_dag.py
[2023-08-19T17:33:09.378-0400] {processor.py:743} INFO - Processing file /Users/admin/opt/anaconda3/envs/python-airflow-venv/lib/python3.10/site-packages/airflow/example_dags/example_sla_dag.py for tasks to queue
[2023-08-19T17:33:09.378-0400] {logging_mixin.py:137} INFO - [2023-08-19T17:33:09.378-0400] {dagbag.py:538} INFO - Filling up the DagBag from /Users/admin/opt/anaconda3/envs/python-airflow-venv/lib/python3.10/site-packages/airflow/example_dags/example_sla_dag.py
[2023-08-19T17:33:09.448-0400] {processor.py:753} INFO - DAG(s) dict_keys(['example_sla_dag']) retrieved from /Users/admin/opt/anaconda3/envs/python-airflow-venv/lib/python3.10/site-packages/airflow/example_dags/example_sla_dag.py
[2023-08-19T17:33:09.494-0400] {logging_mixin.py:137} WARNING - /Users/admin/opt/anaconda3/envs/python-airflow-venv/lib/python3.10/site-packages/airflow/jobs/scheduler_job.py:124 DeprecationWarning: The processor_poll_interval option in [scheduler] has been renamed to scheduler_idle_sleep_time - the old setting has been used, but please update your config.
[2023-08-19T17:33:10.327-0400] {logging_mixin.py:137} INFO - [2023-08-19T17:33:10.327-0400] {dag.py:2690} INFO - Sync 1 DAGs
[2023-08-19T17:33:10.351-0400] {logging_mixin.py:137} INFO - [2023-08-19T17:33:10.351-0400] {dag.py:3437} INFO - Setting next_dagrun for example_sla_dag to 2023-08-19T21:30:00+00:00, run_after=2023-08-19T21:32:00+00:00
[2023-08-19T17:33:10.373-0400] {processor.py:175} INFO - Processing /Users/admin/opt/anaconda3/envs/python-airflow-venv/lib/python3.10/site-packages/airflow/example_dags/example_sla_dag.py took 1.002 seconds
[2023-08-19T17:35:20.520-0400] {logging_mixin.py:137} WARNING - /Users/admin/opt/anaconda3/envs/python-airflow-venv/lib/python3.10/site-packages/airflow/settings.py:337 DeprecationWarning: The sql_alchemy_pool_enabled option in [core] has been moved to the sql_alchemy_pool_enabled option in [database] - the old setting has been used, but please update your config.
[2023-08-19T17:35:20.525-0400] {logging_mixin.py:137} WARNING - /Users/admin/opt/anaconda3/envs/python-airflow-venv/lib/python3.10/site-packages/airflow/settings.py:400 DeprecationWarning: The sql_engine_encoding option in [core] has been moved to the sql_engine_encoding option in [database] - the old setting has been used, but please update your config.
[2023-08-19T17:35:20.525-0400] {processor.py:153} INFO - Started process (PID=2675) to work on /Users/admin/opt/anaconda3/envs/python-airflow-venv/lib/python3.10/site-packages/airflow/example_dags/example_sla_dag.py
[2023-08-19T17:35:20.526-0400] {processor.py:743} INFO - Processing file /Users/admin/opt/anaconda3/envs/python-airflow-venv/lib/python3.10/site-packages/airflow/example_dags/example_sla_dag.py for tasks to queue
[2023-08-19T17:35:20.526-0400] {logging_mixin.py:137} INFO - [2023-08-19T17:35:20.526-0400] {dagbag.py:538} INFO - Filling up the DagBag from /Users/admin/opt/anaconda3/envs/python-airflow-venv/lib/python3.10/site-packages/airflow/example_dags/example_sla_dag.py
[2023-08-19T17:35:20.594-0400] {processor.py:753} INFO - DAG(s) dict_keys(['example_sla_dag']) retrieved from /Users/admin/opt/anaconda3/envs/python-airflow-venv/lib/python3.10/site-packages/airflow/example_dags/example_sla_dag.py
[2023-08-19T17:35:20.643-0400] {logging_mixin.py:137} WARNING - /Users/admin/opt/anaconda3/envs/python-airflow-venv/lib/python3.10/site-packages/airflow/jobs/scheduler_job.py:124 DeprecationWarning: The processor_poll_interval option in [scheduler] has been renamed to scheduler_idle_sleep_time - the old setting has been used, but please update your config.
[2023-08-19T17:35:21.400-0400] {logging_mixin.py:137} INFO - [2023-08-19T17:35:21.400-0400] {dag.py:2690} INFO - Sync 1 DAGs
[2023-08-19T17:35:21.424-0400] {logging_mixin.py:137} INFO - [2023-08-19T17:35:21.424-0400] {dag.py:3437} INFO - Setting next_dagrun for example_sla_dag to 2023-08-19T21:32:00+00:00, run_after=2023-08-19T21:34:00+00:00
[2023-08-19T17:35:21.444-0400] {processor.py:175} INFO - Processing /Users/admin/opt/anaconda3/envs/python-airflow-venv/lib/python3.10/site-packages/airflow/example_dags/example_sla_dag.py took 0.925 seconds
[2023-08-19T17:37:38.402-0400] {logging_mixin.py:137} WARNING - /Users/admin/opt/anaconda3/envs/python-airflow-venv/lib/python3.10/site-packages/airflow/settings.py:337 DeprecationWarning: The sql_alchemy_pool_enabled option in [core] has been moved to the sql_alchemy_pool_enabled option in [database] - the old setting has been used, but please update your config.
[2023-08-19T17:37:38.406-0400] {logging_mixin.py:137} WARNING - /Users/admin/opt/anaconda3/envs/python-airflow-venv/lib/python3.10/site-packages/airflow/settings.py:400 DeprecationWarning: The sql_engine_encoding option in [core] has been moved to the sql_engine_encoding option in [database] - the old setting has been used, but please update your config.
[2023-08-19T17:37:38.407-0400] {processor.py:153} INFO - Started process (PID=2773) to work on /Users/admin/opt/anaconda3/envs/python-airflow-venv/lib/python3.10/site-packages/airflow/example_dags/example_sla_dag.py
[2023-08-19T17:37:38.407-0400] {processor.py:743} INFO - Processing file /Users/admin/opt/anaconda3/envs/python-airflow-venv/lib/python3.10/site-packages/airflow/example_dags/example_sla_dag.py for tasks to queue
[2023-08-19T17:37:38.407-0400] {logging_mixin.py:137} INFO - [2023-08-19T17:37:38.407-0400] {dagbag.py:538} INFO - Filling up the DagBag from /Users/admin/opt/anaconda3/envs/python-airflow-venv/lib/python3.10/site-packages/airflow/example_dags/example_sla_dag.py
[2023-08-19T17:37:38.475-0400] {processor.py:753} INFO - DAG(s) dict_keys(['example_sla_dag']) retrieved from /Users/admin/opt/anaconda3/envs/python-airflow-venv/lib/python3.10/site-packages/airflow/example_dags/example_sla_dag.py
[2023-08-19T17:37:38.519-0400] {logging_mixin.py:137} WARNING - /Users/admin/opt/anaconda3/envs/python-airflow-venv/lib/python3.10/site-packages/airflow/jobs/scheduler_job.py:124 DeprecationWarning: The processor_poll_interval option in [scheduler] has been renamed to scheduler_idle_sleep_time - the old setting has been used, but please update your config.
[2023-08-19T17:37:39.197-0400] {logging_mixin.py:137} INFO - [2023-08-19T17:37:39.196-0400] {dag.py:2690} INFO - Sync 1 DAGs
[2023-08-19T17:37:39.214-0400] {logging_mixin.py:137} INFO - [2023-08-19T17:37:39.213-0400] {dag.py:3437} INFO - Setting next_dagrun for example_sla_dag to 2023-08-19T21:34:00+00:00, run_after=2023-08-19T21:36:00+00:00
[2023-08-19T17:37:39.234-0400] {processor.py:175} INFO - Processing /Users/admin/opt/anaconda3/envs/python-airflow-venv/lib/python3.10/site-packages/airflow/example_dags/example_sla_dag.py took 0.833 seconds
[2023-08-19T17:39:49.200-0400] {logging_mixin.py:137} WARNING - /Users/admin/opt/anaconda3/envs/python-airflow-venv/lib/python3.10/site-packages/airflow/settings.py:337 DeprecationWarning: The sql_alchemy_pool_enabled option in [core] has been moved to the sql_alchemy_pool_enabled option in [database] - the old setting has been used, but please update your config.
[2023-08-19T17:39:49.205-0400] {logging_mixin.py:137} WARNING - /Users/admin/opt/anaconda3/envs/python-airflow-venv/lib/python3.10/site-packages/airflow/settings.py:400 DeprecationWarning: The sql_engine_encoding option in [core] has been moved to the sql_engine_encoding option in [database] - the old setting has been used, but please update your config.
[2023-08-19T17:39:49.206-0400] {processor.py:153} INFO - Started process (PID=2835) to work on /Users/admin/opt/anaconda3/envs/python-airflow-venv/lib/python3.10/site-packages/airflow/example_dags/example_sla_dag.py
[2023-08-19T17:39:49.206-0400] {processor.py:743} INFO - Processing file /Users/admin/opt/anaconda3/envs/python-airflow-venv/lib/python3.10/site-packages/airflow/example_dags/example_sla_dag.py for tasks to queue
[2023-08-19T17:39:49.207-0400] {logging_mixin.py:137} INFO - [2023-08-19T17:39:49.206-0400] {dagbag.py:538} INFO - Filling up the DagBag from /Users/admin/opt/anaconda3/envs/python-airflow-venv/lib/python3.10/site-packages/airflow/example_dags/example_sla_dag.py
[2023-08-19T17:39:49.293-0400] {processor.py:753} INFO - DAG(s) dict_keys(['example_sla_dag']) retrieved from /Users/admin/opt/anaconda3/envs/python-airflow-venv/lib/python3.10/site-packages/airflow/example_dags/example_sla_dag.py
[2023-08-19T17:39:49.346-0400] {logging_mixin.py:137} WARNING - /Users/admin/opt/anaconda3/envs/python-airflow-venv/lib/python3.10/site-packages/airflow/jobs/scheduler_job.py:124 DeprecationWarning: The processor_poll_interval option in [scheduler] has been renamed to scheduler_idle_sleep_time - the old setting has been used, but please update your config.
[2023-08-19T17:39:50.304-0400] {logging_mixin.py:137} INFO - [2023-08-19T17:39:50.304-0400] {dag.py:2690} INFO - Sync 1 DAGs
[2023-08-19T17:39:50.322-0400] {logging_mixin.py:137} INFO - [2023-08-19T17:39:50.322-0400] {dag.py:3437} INFO - Setting next_dagrun for example_sla_dag to 2023-08-19T21:36:00+00:00, run_after=2023-08-19T21:38:00+00:00
[2023-08-19T17:39:50.341-0400] {processor.py:175} INFO - Processing /Users/admin/opt/anaconda3/envs/python-airflow-venv/lib/python3.10/site-packages/airflow/example_dags/example_sla_dag.py took 1.142 seconds
[2023-08-19T17:41:59.427-0400] {logging_mixin.py:137} WARNING - /Users/admin/opt/anaconda3/envs/python-airflow-venv/lib/python3.10/site-packages/airflow/settings.py:337 DeprecationWarning: The sql_alchemy_pool_enabled option in [core] has been moved to the sql_alchemy_pool_enabled option in [database] - the old setting has been used, but please update your config.
[2023-08-19T17:41:59.433-0400] {logging_mixin.py:137} WARNING - /Users/admin/opt/anaconda3/envs/python-airflow-venv/lib/python3.10/site-packages/airflow/settings.py:400 DeprecationWarning: The sql_engine_encoding option in [core] has been moved to the sql_engine_encoding option in [database] - the old setting has been used, but please update your config.
[2023-08-19T17:41:59.434-0400] {processor.py:153} INFO - Started process (PID=2898) to work on /Users/admin/opt/anaconda3/envs/python-airflow-venv/lib/python3.10/site-packages/airflow/example_dags/example_sla_dag.py
[2023-08-19T17:41:59.434-0400] {processor.py:743} INFO - Processing file /Users/admin/opt/anaconda3/envs/python-airflow-venv/lib/python3.10/site-packages/airflow/example_dags/example_sla_dag.py for tasks to queue
[2023-08-19T17:41:59.435-0400] {logging_mixin.py:137} INFO - [2023-08-19T17:41:59.435-0400] {dagbag.py:538} INFO - Filling up the DagBag from /Users/admin/opt/anaconda3/envs/python-airflow-venv/lib/python3.10/site-packages/airflow/example_dags/example_sla_dag.py
[2023-08-19T17:41:59.546-0400] {processor.py:753} INFO - DAG(s) dict_keys(['example_sla_dag']) retrieved from /Users/admin/opt/anaconda3/envs/python-airflow-venv/lib/python3.10/site-packages/airflow/example_dags/example_sla_dag.py
[2023-08-19T17:41:59.610-0400] {logging_mixin.py:137} WARNING - /Users/admin/opt/anaconda3/envs/python-airflow-venv/lib/python3.10/site-packages/airflow/jobs/scheduler_job.py:124 DeprecationWarning: The processor_poll_interval option in [scheduler] has been renamed to scheduler_idle_sleep_time - the old setting has been used, but please update your config.
[2023-08-19T17:42:00.250-0400] {logging_mixin.py:137} INFO - [2023-08-19T17:42:00.250-0400] {dag.py:2690} INFO - Sync 1 DAGs
[2023-08-19T17:42:00.274-0400] {logging_mixin.py:137} INFO - [2023-08-19T17:42:00.273-0400] {dag.py:3437} INFO - Setting next_dagrun for example_sla_dag to 2023-08-19T21:40:00+00:00, run_after=2023-08-19T21:42:00+00:00
[2023-08-19T17:42:00.293-0400] {processor.py:175} INFO - Processing /Users/admin/opt/anaconda3/envs/python-airflow-venv/lib/python3.10/site-packages/airflow/example_dags/example_sla_dag.py took 0.869 seconds
[2023-08-19T17:44:14.218-0400] {logging_mixin.py:137} WARNING - /Users/admin/opt/anaconda3/envs/python-airflow-venv/lib/python3.10/site-packages/airflow/settings.py:337 DeprecationWarning: The sql_alchemy_pool_enabled option in [core] has been moved to the sql_alchemy_pool_enabled option in [database] - the old setting has been used, but please update your config.
[2023-08-19T17:44:14.222-0400] {logging_mixin.py:137} WARNING - /Users/admin/opt/anaconda3/envs/python-airflow-venv/lib/python3.10/site-packages/airflow/settings.py:400 DeprecationWarning: The sql_engine_encoding option in [core] has been moved to the sql_engine_encoding option in [database] - the old setting has been used, but please update your config.
[2023-08-19T17:44:14.223-0400] {processor.py:153} INFO - Started process (PID=2972) to work on /Users/admin/opt/anaconda3/envs/python-airflow-venv/lib/python3.10/site-packages/airflow/example_dags/example_sla_dag.py
[2023-08-19T17:44:14.223-0400] {processor.py:743} INFO - Processing file /Users/admin/opt/anaconda3/envs/python-airflow-venv/lib/python3.10/site-packages/airflow/example_dags/example_sla_dag.py for tasks to queue
[2023-08-19T17:44:14.224-0400] {logging_mixin.py:137} INFO - [2023-08-19T17:44:14.224-0400] {dagbag.py:538} INFO - Filling up the DagBag from /Users/admin/opt/anaconda3/envs/python-airflow-venv/lib/python3.10/site-packages/airflow/example_dags/example_sla_dag.py
[2023-08-19T17:44:14.290-0400] {processor.py:753} INFO - DAG(s) dict_keys(['example_sla_dag']) retrieved from /Users/admin/opt/anaconda3/envs/python-airflow-venv/lib/python3.10/site-packages/airflow/example_dags/example_sla_dag.py
[2023-08-19T17:44:14.333-0400] {logging_mixin.py:137} WARNING - /Users/admin/opt/anaconda3/envs/python-airflow-venv/lib/python3.10/site-packages/airflow/jobs/scheduler_job.py:124 DeprecationWarning: The processor_poll_interval option in [scheduler] has been renamed to scheduler_idle_sleep_time - the old setting has been used, but please update your config.
[2023-08-19T17:44:14.923-0400] {logging_mixin.py:137} INFO - [2023-08-19T17:44:14.923-0400] {dag.py:2690} INFO - Sync 1 DAGs
[2023-08-19T17:44:14.940-0400] {logging_mixin.py:137} INFO - [2023-08-19T17:44:14.940-0400] {dag.py:3437} INFO - Setting next_dagrun for example_sla_dag to 2023-08-19T21:42:00+00:00, run_after=2023-08-19T21:44:00+00:00
[2023-08-19T17:44:14.953-0400] {processor.py:175} INFO - Processing /Users/admin/opt/anaconda3/envs/python-airflow-venv/lib/python3.10/site-packages/airflow/example_dags/example_sla_dag.py took 0.736 seconds
[2023-08-19T17:46:27.276-0400] {logging_mixin.py:137} WARNING - /Users/admin/opt/anaconda3/envs/python-airflow-venv/lib/python3.10/site-packages/airflow/settings.py:337 DeprecationWarning: The sql_alchemy_pool_enabled option in [core] has been moved to the sql_alchemy_pool_enabled option in [database] - the old setting has been used, but please update your config.
[2023-08-19T17:46:27.281-0400] {logging_mixin.py:137} WARNING - /Users/admin/opt/anaconda3/envs/python-airflow-venv/lib/python3.10/site-packages/airflow/settings.py:400 DeprecationWarning: The sql_engine_encoding option in [core] has been moved to the sql_engine_encoding option in [database] - the old setting has been used, but please update your config.
[2023-08-19T17:46:27.282-0400] {processor.py:153} INFO - Started process (PID=3042) to work on /Users/admin/opt/anaconda3/envs/python-airflow-venv/lib/python3.10/site-packages/airflow/example_dags/example_sla_dag.py
[2023-08-19T17:46:27.282-0400] {processor.py:743} INFO - Processing file /Users/admin/opt/anaconda3/envs/python-airflow-venv/lib/python3.10/site-packages/airflow/example_dags/example_sla_dag.py for tasks to queue
[2023-08-19T17:46:27.282-0400] {logging_mixin.py:137} INFO - [2023-08-19T17:46:27.282-0400] {dagbag.py:538} INFO - Filling up the DagBag from /Users/admin/opt/anaconda3/envs/python-airflow-venv/lib/python3.10/site-packages/airflow/example_dags/example_sla_dag.py
[2023-08-19T17:46:27.354-0400] {processor.py:753} INFO - DAG(s) dict_keys(['example_sla_dag']) retrieved from /Users/admin/opt/anaconda3/envs/python-airflow-venv/lib/python3.10/site-packages/airflow/example_dags/example_sla_dag.py
[2023-08-19T17:46:27.402-0400] {logging_mixin.py:137} WARNING - /Users/admin/opt/anaconda3/envs/python-airflow-venv/lib/python3.10/site-packages/airflow/jobs/scheduler_job.py:124 DeprecationWarning: The processor_poll_interval option in [scheduler] has been renamed to scheduler_idle_sleep_time - the old setting has been used, but please update your config.
[2023-08-19T17:46:28.119-0400] {logging_mixin.py:137} INFO - [2023-08-19T17:46:28.118-0400] {dag.py:2690} INFO - Sync 1 DAGs
[2023-08-19T17:46:28.135-0400] {logging_mixin.py:137} INFO - [2023-08-19T17:46:28.135-0400] {dag.py:3437} INFO - Setting next_dagrun for example_sla_dag to 2023-08-19T21:44:00+00:00, run_after=2023-08-19T21:46:00+00:00
[2023-08-19T17:46:28.155-0400] {processor.py:175} INFO - Processing /Users/admin/opt/anaconda3/envs/python-airflow-venv/lib/python3.10/site-packages/airflow/example_dags/example_sla_dag.py took 0.880 seconds
[2023-08-19T17:48:41.884-0400] {logging_mixin.py:137} WARNING - /Users/admin/opt/anaconda3/envs/python-airflow-venv/lib/python3.10/site-packages/airflow/settings.py:337 DeprecationWarning: The sql_alchemy_pool_enabled option in [core] has been moved to the sql_alchemy_pool_enabled option in [database] - the old setting has been used, but please update your config.
[2023-08-19T17:48:41.888-0400] {logging_mixin.py:137} WARNING - /Users/admin/opt/anaconda3/envs/python-airflow-venv/lib/python3.10/site-packages/airflow/settings.py:400 DeprecationWarning: The sql_engine_encoding option in [core] has been moved to the sql_engine_encoding option in [database] - the old setting has been used, but please update your config.
[2023-08-19T17:48:41.889-0400] {processor.py:153} INFO - Started process (PID=3106) to work on /Users/admin/opt/anaconda3/envs/python-airflow-venv/lib/python3.10/site-packages/airflow/example_dags/example_sla_dag.py
[2023-08-19T17:48:41.889-0400] {processor.py:743} INFO - Processing file /Users/admin/opt/anaconda3/envs/python-airflow-venv/lib/python3.10/site-packages/airflow/example_dags/example_sla_dag.py for tasks to queue
[2023-08-19T17:48:41.889-0400] {logging_mixin.py:137} INFO - [2023-08-19T17:48:41.889-0400] {dagbag.py:538} INFO - Filling up the DagBag from /Users/admin/opt/anaconda3/envs/python-airflow-venv/lib/python3.10/site-packages/airflow/example_dags/example_sla_dag.py
[2023-08-19T17:48:41.959-0400] {processor.py:753} INFO - DAG(s) dict_keys(['example_sla_dag']) retrieved from /Users/admin/opt/anaconda3/envs/python-airflow-venv/lib/python3.10/site-packages/airflow/example_dags/example_sla_dag.py
[2023-08-19T17:48:42.005-0400] {logging_mixin.py:137} WARNING - /Users/admin/opt/anaconda3/envs/python-airflow-venv/lib/python3.10/site-packages/airflow/jobs/scheduler_job.py:124 DeprecationWarning: The processor_poll_interval option in [scheduler] has been renamed to scheduler_idle_sleep_time - the old setting has been used, but please update your config.
[2023-08-19T17:48:42.706-0400] {logging_mixin.py:137} INFO - [2023-08-19T17:48:42.706-0400] {dag.py:2690} INFO - Sync 1 DAGs
[2023-08-19T17:48:42.723-0400] {logging_mixin.py:137} INFO - [2023-08-19T17:48:42.723-0400] {dag.py:3437} INFO - Setting next_dagrun for example_sla_dag to 2023-08-19T21:46:00+00:00, run_after=2023-08-19T21:48:00+00:00
[2023-08-19T17:48:42.739-0400] {processor.py:175} INFO - Processing /Users/admin/opt/anaconda3/envs/python-airflow-venv/lib/python3.10/site-packages/airflow/example_dags/example_sla_dag.py took 0.857 seconds
[2023-08-19T17:50:52.624-0400] {logging_mixin.py:137} WARNING - /Users/admin/opt/anaconda3/envs/python-airflow-venv/lib/python3.10/site-packages/airflow/settings.py:337 DeprecationWarning: The sql_alchemy_pool_enabled option in [core] has been moved to the sql_alchemy_pool_enabled option in [database] - the old setting has been used, but please update your config.
[2023-08-19T17:50:52.628-0400] {logging_mixin.py:137} WARNING - /Users/admin/opt/anaconda3/envs/python-airflow-venv/lib/python3.10/site-packages/airflow/settings.py:400 DeprecationWarning: The sql_engine_encoding option in [core] has been moved to the sql_engine_encoding option in [database] - the old setting has been used, but please update your config.
[2023-08-19T17:50:52.629-0400] {processor.py:153} INFO - Started process (PID=3165) to work on /Users/admin/opt/anaconda3/envs/python-airflow-venv/lib/python3.10/site-packages/airflow/example_dags/example_sla_dag.py
[2023-08-19T17:50:52.629-0400] {processor.py:743} INFO - Processing file /Users/admin/opt/anaconda3/envs/python-airflow-venv/lib/python3.10/site-packages/airflow/example_dags/example_sla_dag.py for tasks to queue
[2023-08-19T17:50:52.630-0400] {logging_mixin.py:137} INFO - [2023-08-19T17:50:52.629-0400] {dagbag.py:538} INFO - Filling up the DagBag from /Users/admin/opt/anaconda3/envs/python-airflow-venv/lib/python3.10/site-packages/airflow/example_dags/example_sla_dag.py
[2023-08-19T17:50:52.696-0400] {processor.py:753} INFO - DAG(s) dict_keys(['example_sla_dag']) retrieved from /Users/admin/opt/anaconda3/envs/python-airflow-venv/lib/python3.10/site-packages/airflow/example_dags/example_sla_dag.py
[2023-08-19T17:50:52.741-0400] {logging_mixin.py:137} WARNING - /Users/admin/opt/anaconda3/envs/python-airflow-venv/lib/python3.10/site-packages/airflow/jobs/scheduler_job.py:124 DeprecationWarning: The processor_poll_interval option in [scheduler] has been renamed to scheduler_idle_sleep_time - the old setting has been used, but please update your config.
[2023-08-19T17:50:53.342-0400] {logging_mixin.py:137} INFO - [2023-08-19T17:50:53.342-0400] {dag.py:2690} INFO - Sync 1 DAGs
[2023-08-19T17:50:53.362-0400] {logging_mixin.py:137} INFO - [2023-08-19T17:50:53.362-0400] {dag.py:3437} INFO - Setting next_dagrun for example_sla_dag to 2023-08-19T21:48:00+00:00, run_after=2023-08-19T21:50:00+00:00
[2023-08-19T17:50:53.380-0400] {processor.py:175} INFO - Processing /Users/admin/opt/anaconda3/envs/python-airflow-venv/lib/python3.10/site-packages/airflow/example_dags/example_sla_dag.py took 0.757 seconds
[2023-08-19T17:53:03.770-0400] {logging_mixin.py:137} WARNING - /Users/admin/opt/anaconda3/envs/python-airflow-venv/lib/python3.10/site-packages/airflow/settings.py:337 DeprecationWarning: The sql_alchemy_pool_enabled option in [core] has been moved to the sql_alchemy_pool_enabled option in [database] - the old setting has been used, but please update your config.
[2023-08-19T17:53:03.775-0400] {logging_mixin.py:137} WARNING - /Users/admin/opt/anaconda3/envs/python-airflow-venv/lib/python3.10/site-packages/airflow/settings.py:400 DeprecationWarning: The sql_engine_encoding option in [core] has been moved to the sql_engine_encoding option in [database] - the old setting has been used, but please update your config.
[2023-08-19T17:53:03.775-0400] {processor.py:153} INFO - Started process (PID=3227) to work on /Users/admin/opt/anaconda3/envs/python-airflow-venv/lib/python3.10/site-packages/airflow/example_dags/example_sla_dag.py
[2023-08-19T17:53:03.776-0400] {processor.py:743} INFO - Processing file /Users/admin/opt/anaconda3/envs/python-airflow-venv/lib/python3.10/site-packages/airflow/example_dags/example_sla_dag.py for tasks to queue
[2023-08-19T17:53:03.776-0400] {logging_mixin.py:137} INFO - [2023-08-19T17:53:03.776-0400] {dagbag.py:538} INFO - Filling up the DagBag from /Users/admin/opt/anaconda3/envs/python-airflow-venv/lib/python3.10/site-packages/airflow/example_dags/example_sla_dag.py
[2023-08-19T17:53:03.842-0400] {processor.py:753} INFO - DAG(s) dict_keys(['example_sla_dag']) retrieved from /Users/admin/opt/anaconda3/envs/python-airflow-venv/lib/python3.10/site-packages/airflow/example_dags/example_sla_dag.py
[2023-08-19T17:53:03.886-0400] {logging_mixin.py:137} WARNING - /Users/admin/opt/anaconda3/envs/python-airflow-venv/lib/python3.10/site-packages/airflow/jobs/scheduler_job.py:124 DeprecationWarning: The processor_poll_interval option in [scheduler] has been renamed to scheduler_idle_sleep_time - the old setting has been used, but please update your config.
[2023-08-19T17:53:04.559-0400] {logging_mixin.py:137} INFO - [2023-08-19T17:53:04.558-0400] {dag.py:2690} INFO - Sync 1 DAGs
[2023-08-19T17:53:04.585-0400] {logging_mixin.py:137} INFO - [2023-08-19T17:53:04.585-0400] {dag.py:3437} INFO - Setting next_dagrun for example_sla_dag to 2023-08-19T21:50:00+00:00, run_after=2023-08-19T21:52:00+00:00
[2023-08-19T17:53:04.608-0400] {processor.py:175} INFO - Processing /Users/admin/opt/anaconda3/envs/python-airflow-venv/lib/python3.10/site-packages/airflow/example_dags/example_sla_dag.py took 0.839 seconds
[2023-08-19T17:55:13.239-0400] {logging_mixin.py:137} WARNING - /Users/admin/opt/anaconda3/envs/python-airflow-venv/lib/python3.10/site-packages/airflow/settings.py:337 DeprecationWarning: The sql_alchemy_pool_enabled option in [core] has been moved to the sql_alchemy_pool_enabled option in [database] - the old setting has been used, but please update your config.
[2023-08-19T17:55:13.244-0400] {logging_mixin.py:137} WARNING - /Users/admin/opt/anaconda3/envs/python-airflow-venv/lib/python3.10/site-packages/airflow/settings.py:400 DeprecationWarning: The sql_engine_encoding option in [core] has been moved to the sql_engine_encoding option in [database] - the old setting has been used, but please update your config.
[2023-08-19T17:55:13.245-0400] {processor.py:153} INFO - Started process (PID=3292) to work on /Users/admin/opt/anaconda3/envs/python-airflow-venv/lib/python3.10/site-packages/airflow/example_dags/example_sla_dag.py
[2023-08-19T17:55:13.245-0400] {processor.py:743} INFO - Processing file /Users/admin/opt/anaconda3/envs/python-airflow-venv/lib/python3.10/site-packages/airflow/example_dags/example_sla_dag.py for tasks to queue
[2023-08-19T17:55:13.245-0400] {logging_mixin.py:137} INFO - [2023-08-19T17:55:13.245-0400] {dagbag.py:538} INFO - Filling up the DagBag from /Users/admin/opt/anaconda3/envs/python-airflow-venv/lib/python3.10/site-packages/airflow/example_dags/example_sla_dag.py
[2023-08-19T17:55:13.326-0400] {processor.py:753} INFO - DAG(s) dict_keys(['example_sla_dag']) retrieved from /Users/admin/opt/anaconda3/envs/python-airflow-venv/lib/python3.10/site-packages/airflow/example_dags/example_sla_dag.py
[2023-08-19T17:55:13.370-0400] {logging_mixin.py:137} WARNING - /Users/admin/opt/anaconda3/envs/python-airflow-venv/lib/python3.10/site-packages/airflow/jobs/scheduler_job.py:124 DeprecationWarning: The processor_poll_interval option in [scheduler] has been renamed to scheduler_idle_sleep_time - the old setting has been used, but please update your config.
[2023-08-19T17:55:13.965-0400] {logging_mixin.py:137} INFO - [2023-08-19T17:55:13.964-0400] {dag.py:2690} INFO - Sync 1 DAGs
[2023-08-19T17:55:13.982-0400] {logging_mixin.py:137} INFO - [2023-08-19T17:55:13.981-0400] {dag.py:3437} INFO - Setting next_dagrun for example_sla_dag to 2023-08-19T21:52:00+00:00, run_after=2023-08-19T21:54:00+00:00
[2023-08-19T17:55:13.998-0400] {processor.py:175} INFO - Processing /Users/admin/opt/anaconda3/envs/python-airflow-venv/lib/python3.10/site-packages/airflow/example_dags/example_sla_dag.py took 0.760 seconds
[2023-08-19T17:57:21.532-0400] {logging_mixin.py:137} WARNING - /Users/admin/opt/anaconda3/envs/python-airflow-venv/lib/python3.10/site-packages/airflow/settings.py:337 DeprecationWarning: The sql_alchemy_pool_enabled option in [core] has been moved to the sql_alchemy_pool_enabled option in [database] - the old setting has been used, but please update your config.
[2023-08-19T17:57:21.537-0400] {logging_mixin.py:137} WARNING - /Users/admin/opt/anaconda3/envs/python-airflow-venv/lib/python3.10/site-packages/airflow/settings.py:400 DeprecationWarning: The sql_engine_encoding option in [core] has been moved to the sql_engine_encoding option in [database] - the old setting has been used, but please update your config.
[2023-08-19T17:57:21.538-0400] {processor.py:153} INFO - Started process (PID=3352) to work on /Users/admin/opt/anaconda3/envs/python-airflow-venv/lib/python3.10/site-packages/airflow/example_dags/example_sla_dag.py
[2023-08-19T17:57:21.538-0400] {processor.py:743} INFO - Processing file /Users/admin/opt/anaconda3/envs/python-airflow-venv/lib/python3.10/site-packages/airflow/example_dags/example_sla_dag.py for tasks to queue
[2023-08-19T17:57:21.538-0400] {logging_mixin.py:137} INFO - [2023-08-19T17:57:21.538-0400] {dagbag.py:538} INFO - Filling up the DagBag from /Users/admin/opt/anaconda3/envs/python-airflow-venv/lib/python3.10/site-packages/airflow/example_dags/example_sla_dag.py
[2023-08-19T17:57:21.610-0400] {processor.py:753} INFO - DAG(s) dict_keys(['example_sla_dag']) retrieved from /Users/admin/opt/anaconda3/envs/python-airflow-venv/lib/python3.10/site-packages/airflow/example_dags/example_sla_dag.py
[2023-08-19T17:57:21.658-0400] {logging_mixin.py:137} WARNING - /Users/admin/opt/anaconda3/envs/python-airflow-venv/lib/python3.10/site-packages/airflow/jobs/scheduler_job.py:124 DeprecationWarning: The processor_poll_interval option in [scheduler] has been renamed to scheduler_idle_sleep_time - the old setting has been used, but please update your config.
[2023-08-19T17:57:22.258-0400] {logging_mixin.py:137} INFO - [2023-08-19T17:57:22.258-0400] {dag.py:2690} INFO - Sync 1 DAGs
[2023-08-19T17:57:22.274-0400] {logging_mixin.py:137} INFO - [2023-08-19T17:57:22.274-0400] {dag.py:3437} INFO - Setting next_dagrun for example_sla_dag to 2023-08-19T21:54:00+00:00, run_after=2023-08-19T21:56:00+00:00
[2023-08-19T17:57:22.295-0400] {processor.py:175} INFO - Processing /Users/admin/opt/anaconda3/envs/python-airflow-venv/lib/python3.10/site-packages/airflow/example_dags/example_sla_dag.py took 0.764 seconds
[2023-08-19T17:59:31.399-0400] {logging_mixin.py:137} WARNING - /Users/admin/opt/anaconda3/envs/python-airflow-venv/lib/python3.10/site-packages/airflow/settings.py:337 DeprecationWarning: The sql_alchemy_pool_enabled option in [core] has been moved to the sql_alchemy_pool_enabled option in [database] - the old setting has been used, but please update your config.
[2023-08-19T17:59:31.404-0400] {logging_mixin.py:137} WARNING - /Users/admin/opt/anaconda3/envs/python-airflow-venv/lib/python3.10/site-packages/airflow/settings.py:400 DeprecationWarning: The sql_engine_encoding option in [core] has been moved to the sql_engine_encoding option in [database] - the old setting has been used, but please update your config.
[2023-08-19T17:59:31.405-0400] {processor.py:153} INFO - Started process (PID=3411) to work on /Users/admin/opt/anaconda3/envs/python-airflow-venv/lib/python3.10/site-packages/airflow/example_dags/example_sla_dag.py
[2023-08-19T17:59:31.405-0400] {processor.py:743} INFO - Processing file /Users/admin/opt/anaconda3/envs/python-airflow-venv/lib/python3.10/site-packages/airflow/example_dags/example_sla_dag.py for tasks to queue
[2023-08-19T17:59:31.405-0400] {logging_mixin.py:137} INFO - [2023-08-19T17:59:31.405-0400] {dagbag.py:538} INFO - Filling up the DagBag from /Users/admin/opt/anaconda3/envs/python-airflow-venv/lib/python3.10/site-packages/airflow/example_dags/example_sla_dag.py
[2023-08-19T17:59:31.475-0400] {processor.py:753} INFO - DAG(s) dict_keys(['example_sla_dag']) retrieved from /Users/admin/opt/anaconda3/envs/python-airflow-venv/lib/python3.10/site-packages/airflow/example_dags/example_sla_dag.py
[2023-08-19T17:59:31.522-0400] {logging_mixin.py:137} WARNING - /Users/admin/opt/anaconda3/envs/python-airflow-venv/lib/python3.10/site-packages/airflow/jobs/scheduler_job.py:124 DeprecationWarning: The processor_poll_interval option in [scheduler] has been renamed to scheduler_idle_sleep_time - the old setting has been used, but please update your config.
[2023-08-19T17:59:32.145-0400] {logging_mixin.py:137} INFO - [2023-08-19T17:59:32.145-0400] {dag.py:2690} INFO - Sync 1 DAGs
[2023-08-19T17:59:32.162-0400] {logging_mixin.py:137} INFO - [2023-08-19T17:59:32.161-0400] {dag.py:3437} INFO - Setting next_dagrun for example_sla_dag to 2023-08-19T21:56:00+00:00, run_after=2023-08-19T21:58:00+00:00
[2023-08-19T17:59:32.180-0400] {processor.py:175} INFO - Processing /Users/admin/opt/anaconda3/envs/python-airflow-venv/lib/python3.10/site-packages/airflow/example_dags/example_sla_dag.py took 0.782 seconds
[2023-08-19T18:31:32.265-0400] {logging_mixin.py:137} WARNING - /Users/admin/opt/anaconda3/envs/python-airflow-venv/lib/python3.10/site-packages/airflow/settings.py:337 DeprecationWarning: The sql_alchemy_pool_enabled option in [core] has been moved to the sql_alchemy_pool_enabled option in [database] - the old setting has been used, but please update your config.
[2023-08-19T18:31:32.271-0400] {logging_mixin.py:137} WARNING - /Users/admin/opt/anaconda3/envs/python-airflow-venv/lib/python3.10/site-packages/airflow/settings.py:400 DeprecationWarning: The sql_engine_encoding option in [core] has been moved to the sql_engine_encoding option in [database] - the old setting has been used, but please update your config.
[2023-08-19T18:31:32.272-0400] {processor.py:153} INFO - Started process (PID=3800) to work on /Users/admin/opt/anaconda3/envs/python-airflow-venv/lib/python3.10/site-packages/airflow/example_dags/example_sla_dag.py
[2023-08-19T18:31:32.272-0400] {processor.py:743} INFO - Processing file /Users/admin/opt/anaconda3/envs/python-airflow-venv/lib/python3.10/site-packages/airflow/example_dags/example_sla_dag.py for tasks to queue
[2023-08-19T18:31:32.273-0400] {logging_mixin.py:137} INFO - [2023-08-19T18:31:32.273-0400] {dagbag.py:538} INFO - Filling up the DagBag from /Users/admin/opt/anaconda3/envs/python-airflow-venv/lib/python3.10/site-packages/airflow/example_dags/example_sla_dag.py
[2023-08-19T18:31:32.348-0400] {processor.py:753} INFO - DAG(s) dict_keys(['example_sla_dag']) retrieved from /Users/admin/opt/anaconda3/envs/python-airflow-venv/lib/python3.10/site-packages/airflow/example_dags/example_sla_dag.py
[2023-08-19T18:31:32.391-0400] {logging_mixin.py:137} WARNING - /Users/admin/opt/anaconda3/envs/python-airflow-venv/lib/python3.10/site-packages/airflow/jobs/scheduler_job.py:124 DeprecationWarning: The processor_poll_interval option in [scheduler] has been renamed to scheduler_idle_sleep_time - the old setting has been used, but please update your config.
[2023-08-19T18:31:32.992-0400] {logging_mixin.py:137} INFO - [2023-08-19T18:31:32.991-0400] {dag.py:2690} INFO - Sync 1 DAGs
[2023-08-19T18:31:33.009-0400] {logging_mixin.py:137} INFO - [2023-08-19T18:31:33.009-0400] {dag.py:3437} INFO - Setting next_dagrun for example_sla_dag to 2023-08-19T22:28:00+00:00, run_after=2023-08-19T22:30:00+00:00
[2023-08-19T18:31:33.030-0400] {processor.py:175} INFO - Processing /Users/admin/opt/anaconda3/envs/python-airflow-venv/lib/python3.10/site-packages/airflow/example_dags/example_sla_dag.py took 0.766 seconds
[2023-08-19T18:34:04.562-0400] {logging_mixin.py:137} WARNING - /Users/admin/opt/anaconda3/envs/python-airflow-venv/lib/python3.10/site-packages/airflow/settings.py:337 DeprecationWarning: The sql_alchemy_pool_enabled option in [core] has been moved to the sql_alchemy_pool_enabled option in [database] - the old setting has been used, but please update your config.
[2023-08-19T18:34:04.569-0400] {logging_mixin.py:137} WARNING - /Users/admin/opt/anaconda3/envs/python-airflow-venv/lib/python3.10/site-packages/airflow/settings.py:400 DeprecationWarning: The sql_engine_encoding option in [core] has been moved to the sql_engine_encoding option in [database] - the old setting has been used, but please update your config.
[2023-08-19T18:34:04.569-0400] {processor.py:153} INFO - Started process (PID=3868) to work on /Users/admin/opt/anaconda3/envs/python-airflow-venv/lib/python3.10/site-packages/airflow/example_dags/example_sla_dag.py
[2023-08-19T18:34:04.570-0400] {processor.py:743} INFO - Processing file /Users/admin/opt/anaconda3/envs/python-airflow-venv/lib/python3.10/site-packages/airflow/example_dags/example_sla_dag.py for tasks to queue
[2023-08-19T18:34:04.570-0400] {logging_mixin.py:137} INFO - [2023-08-19T18:34:04.570-0400] {dagbag.py:538} INFO - Filling up the DagBag from /Users/admin/opt/anaconda3/envs/python-airflow-venv/lib/python3.10/site-packages/airflow/example_dags/example_sla_dag.py
[2023-08-19T18:34:04.642-0400] {processor.py:753} INFO - DAG(s) dict_keys(['example_sla_dag']) retrieved from /Users/admin/opt/anaconda3/envs/python-airflow-venv/lib/python3.10/site-packages/airflow/example_dags/example_sla_dag.py
[2023-08-19T18:34:04.686-0400] {logging_mixin.py:137} WARNING - /Users/admin/opt/anaconda3/envs/python-airflow-venv/lib/python3.10/site-packages/airflow/jobs/scheduler_job.py:124 DeprecationWarning: The processor_poll_interval option in [scheduler] has been renamed to scheduler_idle_sleep_time - the old setting has been used, but please update your config.
[2023-08-19T18:34:05.343-0400] {logging_mixin.py:137} INFO - [2023-08-19T18:34:05.343-0400] {dag.py:2690} INFO - Sync 1 DAGs
[2023-08-19T18:34:05.368-0400] {logging_mixin.py:137} INFO - [2023-08-19T18:34:05.368-0400] {dag.py:3437} INFO - Setting next_dagrun for example_sla_dag to 2023-08-19T22:32:00+00:00, run_after=2023-08-19T22:34:00+00:00
[2023-08-19T18:34:05.389-0400] {processor.py:175} INFO - Processing /Users/admin/opt/anaconda3/envs/python-airflow-venv/lib/python3.10/site-packages/airflow/example_dags/example_sla_dag.py took 0.828 seconds
[2023-08-19T18:36:31.839-0400] {logging_mixin.py:137} WARNING - /Users/admin/opt/anaconda3/envs/python-airflow-venv/lib/python3.10/site-packages/airflow/settings.py:337 DeprecationWarning: The sql_alchemy_pool_enabled option in [core] has been moved to the sql_alchemy_pool_enabled option in [database] - the old setting has been used, but please update your config.
[2023-08-19T18:36:31.844-0400] {logging_mixin.py:137} WARNING - /Users/admin/opt/anaconda3/envs/python-airflow-venv/lib/python3.10/site-packages/airflow/settings.py:400 DeprecationWarning: The sql_engine_encoding option in [core] has been moved to the sql_engine_encoding option in [database] - the old setting has been used, but please update your config.
[2023-08-19T18:36:31.844-0400] {processor.py:153} INFO - Started process (PID=3937) to work on /Users/admin/opt/anaconda3/envs/python-airflow-venv/lib/python3.10/site-packages/airflow/example_dags/example_sla_dag.py
[2023-08-19T18:36:31.844-0400] {processor.py:743} INFO - Processing file /Users/admin/opt/anaconda3/envs/python-airflow-venv/lib/python3.10/site-packages/airflow/example_dags/example_sla_dag.py for tasks to queue
[2023-08-19T18:36:31.845-0400] {logging_mixin.py:137} INFO - [2023-08-19T18:36:31.845-0400] {dagbag.py:538} INFO - Filling up the DagBag from /Users/admin/opt/anaconda3/envs/python-airflow-venv/lib/python3.10/site-packages/airflow/example_dags/example_sla_dag.py
[2023-08-19T18:36:31.913-0400] {processor.py:753} INFO - DAG(s) dict_keys(['example_sla_dag']) retrieved from /Users/admin/opt/anaconda3/envs/python-airflow-venv/lib/python3.10/site-packages/airflow/example_dags/example_sla_dag.py
[2023-08-19T18:36:31.957-0400] {logging_mixin.py:137} WARNING - /Users/admin/opt/anaconda3/envs/python-airflow-venv/lib/python3.10/site-packages/airflow/jobs/scheduler_job.py:124 DeprecationWarning: The processor_poll_interval option in [scheduler] has been renamed to scheduler_idle_sleep_time - the old setting has been used, but please update your config.
[2023-08-19T18:36:32.551-0400] {logging_mixin.py:137} INFO - [2023-08-19T18:36:32.551-0400] {dag.py:2690} INFO - Sync 1 DAGs
[2023-08-19T18:36:32.568-0400] {logging_mixin.py:137} INFO - [2023-08-19T18:36:32.568-0400] {dag.py:3437} INFO - Setting next_dagrun for example_sla_dag to 2023-08-19T22:34:00+00:00, run_after=2023-08-19T22:36:00+00:00
[2023-08-19T18:36:32.582-0400] {processor.py:175} INFO - Processing /Users/admin/opt/anaconda3/envs/python-airflow-venv/lib/python3.10/site-packages/airflow/example_dags/example_sla_dag.py took 0.744 seconds
[2023-08-19T18:38:34.915-0400] {logging_mixin.py:137} WARNING - /Users/admin/opt/anaconda3/envs/python-airflow-venv/lib/python3.10/site-packages/airflow/settings.py:337 DeprecationWarning: The sql_alchemy_pool_enabled option in [core] has been moved to the sql_alchemy_pool_enabled option in [database] - the old setting has been used, but please update your config.
[2023-08-19T18:38:34.919-0400] {logging_mixin.py:137} WARNING - /Users/admin/opt/anaconda3/envs/python-airflow-venv/lib/python3.10/site-packages/airflow/settings.py:400 DeprecationWarning: The sql_engine_encoding option in [core] has been moved to the sql_engine_encoding option in [database] - the old setting has been used, but please update your config.
[2023-08-19T18:38:34.920-0400] {processor.py:153} INFO - Started process (PID=3995) to work on /Users/admin/opt/anaconda3/envs/python-airflow-venv/lib/python3.10/site-packages/airflow/example_dags/example_sla_dag.py
[2023-08-19T18:38:34.920-0400] {processor.py:743} INFO - Processing file /Users/admin/opt/anaconda3/envs/python-airflow-venv/lib/python3.10/site-packages/airflow/example_dags/example_sla_dag.py for tasks to queue
[2023-08-19T18:38:34.920-0400] {logging_mixin.py:137} INFO - [2023-08-19T18:38:34.920-0400] {dagbag.py:538} INFO - Filling up the DagBag from /Users/admin/opt/anaconda3/envs/python-airflow-venv/lib/python3.10/site-packages/airflow/example_dags/example_sla_dag.py
[2023-08-19T18:38:34.987-0400] {processor.py:753} INFO - DAG(s) dict_keys(['example_sla_dag']) retrieved from /Users/admin/opt/anaconda3/envs/python-airflow-venv/lib/python3.10/site-packages/airflow/example_dags/example_sla_dag.py
[2023-08-19T18:38:35.030-0400] {logging_mixin.py:137} WARNING - /Users/admin/opt/anaconda3/envs/python-airflow-venv/lib/python3.10/site-packages/airflow/jobs/scheduler_job.py:124 DeprecationWarning: The processor_poll_interval option in [scheduler] has been renamed to scheduler_idle_sleep_time - the old setting has been used, but please update your config.
[2023-08-19T18:38:35.652-0400] {logging_mixin.py:137} INFO - [2023-08-19T18:38:35.652-0400] {dag.py:2690} INFO - Sync 1 DAGs
[2023-08-19T18:38:35.669-0400] {logging_mixin.py:137} INFO - [2023-08-19T18:38:35.669-0400] {dag.py:3437} INFO - Setting next_dagrun for example_sla_dag to 2023-08-19T22:36:00+00:00, run_after=2023-08-19T22:38:00+00:00
[2023-08-19T18:38:35.686-0400] {processor.py:175} INFO - Processing /Users/admin/opt/anaconda3/envs/python-airflow-venv/lib/python3.10/site-packages/airflow/example_dags/example_sla_dag.py took 0.772 seconds
[2023-08-19T18:40:42.150-0400] {logging_mixin.py:137} WARNING - /Users/admin/opt/anaconda3/envs/python-airflow-venv/lib/python3.10/site-packages/airflow/settings.py:337 DeprecationWarning: The sql_alchemy_pool_enabled option in [core] has been moved to the sql_alchemy_pool_enabled option in [database] - the old setting has been used, but please update your config.
[2023-08-19T18:40:42.157-0400] {logging_mixin.py:137} WARNING - /Users/admin/opt/anaconda3/envs/python-airflow-venv/lib/python3.10/site-packages/airflow/settings.py:400 DeprecationWarning: The sql_engine_encoding option in [core] has been moved to the sql_engine_encoding option in [database] - the old setting has been used, but please update your config.
[2023-08-19T18:40:42.157-0400] {processor.py:153} INFO - Started process (PID=4091) to work on /Users/admin/opt/anaconda3/envs/python-airflow-venv/lib/python3.10/site-packages/airflow/example_dags/example_sla_dag.py
[2023-08-19T18:40:42.158-0400] {processor.py:743} INFO - Processing file /Users/admin/opt/anaconda3/envs/python-airflow-venv/lib/python3.10/site-packages/airflow/example_dags/example_sla_dag.py for tasks to queue
[2023-08-19T18:40:42.158-0400] {logging_mixin.py:137} INFO - [2023-08-19T18:40:42.158-0400] {dagbag.py:538} INFO - Filling up the DagBag from /Users/admin/opt/anaconda3/envs/python-airflow-venv/lib/python3.10/site-packages/airflow/example_dags/example_sla_dag.py
[2023-08-19T18:40:42.247-0400] {processor.py:753} INFO - DAG(s) dict_keys(['example_sla_dag']) retrieved from /Users/admin/opt/anaconda3/envs/python-airflow-venv/lib/python3.10/site-packages/airflow/example_dags/example_sla_dag.py
[2023-08-19T18:40:42.306-0400] {logging_mixin.py:137} WARNING - /Users/admin/opt/anaconda3/envs/python-airflow-venv/lib/python3.10/site-packages/airflow/jobs/scheduler_job.py:124 DeprecationWarning: The processor_poll_interval option in [scheduler] has been renamed to scheduler_idle_sleep_time - the old setting has been used, but please update your config.
[2023-08-19T18:40:42.957-0400] {logging_mixin.py:137} INFO - [2023-08-19T18:40:42.957-0400] {dag.py:2690} INFO - Sync 1 DAGs
[2023-08-19T18:40:42.974-0400] {logging_mixin.py:137} INFO - [2023-08-19T18:40:42.974-0400] {dag.py:3437} INFO - Setting next_dagrun for example_sla_dag to 2023-08-19T22:38:00+00:00, run_after=2023-08-19T22:40:00+00:00
[2023-08-19T18:40:42.994-0400] {processor.py:175} INFO - Processing /Users/admin/opt/anaconda3/envs/python-airflow-venv/lib/python3.10/site-packages/airflow/example_dags/example_sla_dag.py took 0.847 seconds
