[2023-08-19T16:19:44.174-0400] {logging_mixin.py:137} WARNING - /Users/admin/opt/anaconda3/envs/python-airflow-venv/lib/python3.10/site-packages/airflow/settings.py:337 DeprecationWarning: The sql_alchemy_pool_enabled option in [core] has been moved to the sql_alchemy_pool_enabled option in [database] - the old setting has been used, but please update your config.
[2023-08-19T16:19:44.179-0400] {logging_mixin.py:137} WARNING - /Users/admin/opt/anaconda3/envs/python-airflow-venv/lib/python3.10/site-packages/airflow/settings.py:400 DeprecationWarning: The sql_engine_encoding option in [core] has been moved to the sql_engine_encoding option in [database] - the old setting has been used, but please update your config.
[2023-08-19T16:19:44.179-0400] {processor.py:153} INFO - Started process (PID=26092) to work on /Users/admin/opt/anaconda3/envs/python-airflow-venv/lib/python3.10/site-packages/airflow/example_dags/example_nested_branch_dag.py
[2023-08-19T16:19:44.180-0400] {processor.py:743} INFO - Processing file /Users/admin/opt/anaconda3/envs/python-airflow-venv/lib/python3.10/site-packages/airflow/example_dags/example_nested_branch_dag.py for tasks to queue
[2023-08-19T16:19:44.180-0400] {logging_mixin.py:137} INFO - [2023-08-19T16:19:44.180-0400] {dagbag.py:538} INFO - Filling up the DagBag from /Users/admin/opt/anaconda3/envs/python-airflow-venv/lib/python3.10/site-packages/airflow/example_dags/example_nested_branch_dag.py
[2023-08-19T16:19:44.253-0400] {processor.py:753} INFO - DAG(s) dict_keys(['example_nested_branch_dag']) retrieved from /Users/admin/opt/anaconda3/envs/python-airflow-venv/lib/python3.10/site-packages/airflow/example_dags/example_nested_branch_dag.py
[2023-08-19T16:19:44.297-0400] {logging_mixin.py:137} WARNING - /Users/admin/opt/anaconda3/envs/python-airflow-venv/lib/python3.10/site-packages/airflow/jobs/scheduler_job.py:124 DeprecationWarning: The processor_poll_interval option in [scheduler] has been renamed to scheduler_idle_sleep_time - the old setting has been used, but please update your config.
[2023-08-19T16:19:44.886-0400] {logging_mixin.py:137} INFO - [2023-08-19T16:19:44.886-0400] {dag.py:2690} INFO - Sync 1 DAGs
[2023-08-19T16:19:44.901-0400] {logging_mixin.py:137} INFO - [2023-08-19T16:19:44.901-0400] {dag.py:3437} INFO - Setting next_dagrun for example_nested_branch_dag to 2023-08-18T00:00:00+00:00, run_after=2023-08-19T00:00:00+00:00
[2023-08-19T16:19:44.918-0400] {processor.py:175} INFO - Processing /Users/admin/opt/anaconda3/envs/python-airflow-venv/lib/python3.10/site-packages/airflow/example_dags/example_nested_branch_dag.py took 0.744 seconds
[2023-08-19T17:04:32.805-0400] {logging_mixin.py:137} WARNING - /Users/admin/opt/anaconda3/envs/python-airflow-venv/lib/python3.10/site-packages/airflow/settings.py:337 DeprecationWarning: The sql_alchemy_pool_enabled option in [core] has been moved to the sql_alchemy_pool_enabled option in [database] - the old setting has been used, but please update your config.
[2023-08-19T17:04:32.812-0400] {logging_mixin.py:137} WARNING - /Users/admin/opt/anaconda3/envs/python-airflow-venv/lib/python3.10/site-packages/airflow/settings.py:400 DeprecationWarning: The sql_engine_encoding option in [core] has been moved to the sql_engine_encoding option in [database] - the old setting has been used, but please update your config.
[2023-08-19T17:04:32.812-0400] {processor.py:153} INFO - Started process (PID=1536) to work on /Users/admin/opt/anaconda3/envs/python-airflow-venv/lib/python3.10/site-packages/airflow/example_dags/example_nested_branch_dag.py
[2023-08-19T17:04:32.813-0400] {processor.py:743} INFO - Processing file /Users/admin/opt/anaconda3/envs/python-airflow-venv/lib/python3.10/site-packages/airflow/example_dags/example_nested_branch_dag.py for tasks to queue
[2023-08-19T17:04:32.813-0400] {logging_mixin.py:137} INFO - [2023-08-19T17:04:32.813-0400] {dagbag.py:538} INFO - Filling up the DagBag from /Users/admin/opt/anaconda3/envs/python-airflow-venv/lib/python3.10/site-packages/airflow/example_dags/example_nested_branch_dag.py
[2023-08-19T17:04:32.887-0400] {processor.py:753} INFO - DAG(s) dict_keys(['example_nested_branch_dag']) retrieved from /Users/admin/opt/anaconda3/envs/python-airflow-venv/lib/python3.10/site-packages/airflow/example_dags/example_nested_branch_dag.py
[2023-08-19T17:04:32.934-0400] {logging_mixin.py:137} WARNING - /Users/admin/opt/anaconda3/envs/python-airflow-venv/lib/python3.10/site-packages/airflow/jobs/scheduler_job.py:124 DeprecationWarning: The processor_poll_interval option in [scheduler] has been renamed to scheduler_idle_sleep_time - the old setting has been used, but please update your config.
[2023-08-19T17:04:33.579-0400] {logging_mixin.py:137} INFO - [2023-08-19T17:04:33.579-0400] {dag.py:2690} INFO - Sync 1 DAGs
[2023-08-19T17:04:33.595-0400] {logging_mixin.py:137} INFO - [2023-08-19T17:04:33.595-0400] {dag.py:3437} INFO - Setting next_dagrun for example_nested_branch_dag to 2023-08-18T00:00:00+00:00, run_after=2023-08-19T00:00:00+00:00
[2023-08-19T17:04:33.613-0400] {processor.py:175} INFO - Processing /Users/admin/opt/anaconda3/envs/python-airflow-venv/lib/python3.10/site-packages/airflow/example_dags/example_nested_branch_dag.py took 0.809 seconds
[2023-08-19T17:06:46.169-0400] {logging_mixin.py:137} WARNING - /Users/admin/opt/anaconda3/envs/python-airflow-venv/lib/python3.10/site-packages/airflow/settings.py:337 DeprecationWarning: The sql_alchemy_pool_enabled option in [core] has been moved to the sql_alchemy_pool_enabled option in [database] - the old setting has been used, but please update your config.
[2023-08-19T17:06:46.174-0400] {logging_mixin.py:137} WARNING - /Users/admin/opt/anaconda3/envs/python-airflow-venv/lib/python3.10/site-packages/airflow/settings.py:400 DeprecationWarning: The sql_engine_encoding option in [core] has been moved to the sql_engine_encoding option in [database] - the old setting has been used, but please update your config.
[2023-08-19T17:06:46.175-0400] {processor.py:153} INFO - Started process (PID=1628) to work on /Users/admin/opt/anaconda3/envs/python-airflow-venv/lib/python3.10/site-packages/airflow/example_dags/example_nested_branch_dag.py
[2023-08-19T17:06:46.175-0400] {processor.py:743} INFO - Processing file /Users/admin/opt/anaconda3/envs/python-airflow-venv/lib/python3.10/site-packages/airflow/example_dags/example_nested_branch_dag.py for tasks to queue
[2023-08-19T17:06:46.175-0400] {logging_mixin.py:137} INFO - [2023-08-19T17:06:46.175-0400] {dagbag.py:538} INFO - Filling up the DagBag from /Users/admin/opt/anaconda3/envs/python-airflow-venv/lib/python3.10/site-packages/airflow/example_dags/example_nested_branch_dag.py
[2023-08-19T17:06:46.256-0400] {processor.py:753} INFO - DAG(s) dict_keys(['example_nested_branch_dag']) retrieved from /Users/admin/opt/anaconda3/envs/python-airflow-venv/lib/python3.10/site-packages/airflow/example_dags/example_nested_branch_dag.py
[2023-08-19T17:06:46.304-0400] {logging_mixin.py:137} WARNING - /Users/admin/opt/anaconda3/envs/python-airflow-venv/lib/python3.10/site-packages/airflow/jobs/scheduler_job.py:124 DeprecationWarning: The processor_poll_interval option in [scheduler] has been renamed to scheduler_idle_sleep_time - the old setting has been used, but please update your config.
[2023-08-19T17:06:46.981-0400] {logging_mixin.py:137} INFO - [2023-08-19T17:06:46.981-0400] {dag.py:2690} INFO - Sync 1 DAGs
[2023-08-19T17:06:46.999-0400] {logging_mixin.py:137} INFO - [2023-08-19T17:06:46.999-0400] {dag.py:3437} INFO - Setting next_dagrun for example_nested_branch_dag to 2023-08-18T00:00:00+00:00, run_after=2023-08-19T00:00:00+00:00
[2023-08-19T17:06:47.017-0400] {processor.py:175} INFO - Processing /Users/admin/opt/anaconda3/envs/python-airflow-venv/lib/python3.10/site-packages/airflow/example_dags/example_nested_branch_dag.py took 0.849 seconds
[2023-08-19T17:08:58.443-0400] {logging_mixin.py:137} WARNING - /Users/admin/opt/anaconda3/envs/python-airflow-venv/lib/python3.10/site-packages/airflow/settings.py:337 DeprecationWarning: The sql_alchemy_pool_enabled option in [core] has been moved to the sql_alchemy_pool_enabled option in [database] - the old setting has been used, but please update your config.
[2023-08-19T17:08:58.447-0400] {logging_mixin.py:137} WARNING - /Users/admin/opt/anaconda3/envs/python-airflow-venv/lib/python3.10/site-packages/airflow/settings.py:400 DeprecationWarning: The sql_engine_encoding option in [core] has been moved to the sql_engine_encoding option in [database] - the old setting has been used, but please update your config.
[2023-08-19T17:08:58.448-0400] {processor.py:153} INFO - Started process (PID=1707) to work on /Users/admin/opt/anaconda3/envs/python-airflow-venv/lib/python3.10/site-packages/airflow/example_dags/example_nested_branch_dag.py
[2023-08-19T17:08:58.448-0400] {processor.py:743} INFO - Processing file /Users/admin/opt/anaconda3/envs/python-airflow-venv/lib/python3.10/site-packages/airflow/example_dags/example_nested_branch_dag.py for tasks to queue
[2023-08-19T17:08:58.448-0400] {logging_mixin.py:137} INFO - [2023-08-19T17:08:58.448-0400] {dagbag.py:538} INFO - Filling up the DagBag from /Users/admin/opt/anaconda3/envs/python-airflow-venv/lib/python3.10/site-packages/airflow/example_dags/example_nested_branch_dag.py
[2023-08-19T17:08:58.525-0400] {processor.py:753} INFO - DAG(s) dict_keys(['example_nested_branch_dag']) retrieved from /Users/admin/opt/anaconda3/envs/python-airflow-venv/lib/python3.10/site-packages/airflow/example_dags/example_nested_branch_dag.py
[2023-08-19T17:08:58.575-0400] {logging_mixin.py:137} WARNING - /Users/admin/opt/anaconda3/envs/python-airflow-venv/lib/python3.10/site-packages/airflow/jobs/scheduler_job.py:124 DeprecationWarning: The processor_poll_interval option in [scheduler] has been renamed to scheduler_idle_sleep_time - the old setting has been used, but please update your config.
[2023-08-19T17:08:59.269-0400] {logging_mixin.py:137} INFO - [2023-08-19T17:08:59.269-0400] {dag.py:2690} INFO - Sync 1 DAGs
[2023-08-19T17:08:59.284-0400] {logging_mixin.py:137} INFO - [2023-08-19T17:08:59.284-0400] {dag.py:3437} INFO - Setting next_dagrun for example_nested_branch_dag to 2023-08-18T00:00:00+00:00, run_after=2023-08-19T00:00:00+00:00
[2023-08-19T17:08:59.301-0400] {processor.py:175} INFO - Processing /Users/admin/opt/anaconda3/envs/python-airflow-venv/lib/python3.10/site-packages/airflow/example_dags/example_nested_branch_dag.py took 0.860 seconds
[2023-08-19T17:11:18.545-0400] {logging_mixin.py:137} WARNING - /Users/admin/opt/anaconda3/envs/python-airflow-venv/lib/python3.10/site-packages/airflow/settings.py:337 DeprecationWarning: The sql_alchemy_pool_enabled option in [core] has been moved to the sql_alchemy_pool_enabled option in [database] - the old setting has been used, but please update your config.
[2023-08-19T17:11:18.550-0400] {logging_mixin.py:137} WARNING - /Users/admin/opt/anaconda3/envs/python-airflow-venv/lib/python3.10/site-packages/airflow/settings.py:400 DeprecationWarning: The sql_engine_encoding option in [core] has been moved to the sql_engine_encoding option in [database] - the old setting has been used, but please update your config.
[2023-08-19T17:11:18.550-0400] {processor.py:153} INFO - Started process (PID=1774) to work on /Users/admin/opt/anaconda3/envs/python-airflow-venv/lib/python3.10/site-packages/airflow/example_dags/example_nested_branch_dag.py
[2023-08-19T17:11:18.551-0400] {processor.py:743} INFO - Processing file /Users/admin/opt/anaconda3/envs/python-airflow-venv/lib/python3.10/site-packages/airflow/example_dags/example_nested_branch_dag.py for tasks to queue
[2023-08-19T17:11:18.551-0400] {logging_mixin.py:137} INFO - [2023-08-19T17:11:18.551-0400] {dagbag.py:538} INFO - Filling up the DagBag from /Users/admin/opt/anaconda3/envs/python-airflow-venv/lib/python3.10/site-packages/airflow/example_dags/example_nested_branch_dag.py
[2023-08-19T17:11:18.623-0400] {processor.py:753} INFO - DAG(s) dict_keys(['example_nested_branch_dag']) retrieved from /Users/admin/opt/anaconda3/envs/python-airflow-venv/lib/python3.10/site-packages/airflow/example_dags/example_nested_branch_dag.py
[2023-08-19T17:11:18.670-0400] {logging_mixin.py:137} WARNING - /Users/admin/opt/anaconda3/envs/python-airflow-venv/lib/python3.10/site-packages/airflow/jobs/scheduler_job.py:124 DeprecationWarning: The processor_poll_interval option in [scheduler] has been renamed to scheduler_idle_sleep_time - the old setting has been used, but please update your config.
[2023-08-19T17:11:19.289-0400] {logging_mixin.py:137} INFO - [2023-08-19T17:11:19.289-0400] {dag.py:2690} INFO - Sync 1 DAGs
[2023-08-19T17:11:19.305-0400] {logging_mixin.py:137} INFO - [2023-08-19T17:11:19.305-0400] {dag.py:3437} INFO - Setting next_dagrun for example_nested_branch_dag to 2023-08-18T00:00:00+00:00, run_after=2023-08-19T00:00:00+00:00
[2023-08-19T17:11:19.326-0400] {processor.py:175} INFO - Processing /Users/admin/opt/anaconda3/envs/python-airflow-venv/lib/python3.10/site-packages/airflow/example_dags/example_nested_branch_dag.py took 0.782 seconds
[2023-08-19T17:13:25.085-0400] {logging_mixin.py:137} WARNING - /Users/admin/opt/anaconda3/envs/python-airflow-venv/lib/python3.10/site-packages/airflow/settings.py:337 DeprecationWarning: The sql_alchemy_pool_enabled option in [core] has been moved to the sql_alchemy_pool_enabled option in [database] - the old setting has been used, but please update your config.
[2023-08-19T17:13:25.089-0400] {logging_mixin.py:137} WARNING - /Users/admin/opt/anaconda3/envs/python-airflow-venv/lib/python3.10/site-packages/airflow/settings.py:400 DeprecationWarning: The sql_engine_encoding option in [core] has been moved to the sql_engine_encoding option in [database] - the old setting has been used, but please update your config.
[2023-08-19T17:13:25.090-0400] {processor.py:153} INFO - Started process (PID=1953) to work on /Users/admin/opt/anaconda3/envs/python-airflow-venv/lib/python3.10/site-packages/airflow/example_dags/example_nested_branch_dag.py
[2023-08-19T17:13:25.090-0400] {processor.py:743} INFO - Processing file /Users/admin/opt/anaconda3/envs/python-airflow-venv/lib/python3.10/site-packages/airflow/example_dags/example_nested_branch_dag.py for tasks to queue
[2023-08-19T17:13:25.090-0400] {logging_mixin.py:137} INFO - [2023-08-19T17:13:25.090-0400] {dagbag.py:538} INFO - Filling up the DagBag from /Users/admin/opt/anaconda3/envs/python-airflow-venv/lib/python3.10/site-packages/airflow/example_dags/example_nested_branch_dag.py
[2023-08-19T17:13:25.166-0400] {processor.py:753} INFO - DAG(s) dict_keys(['example_nested_branch_dag']) retrieved from /Users/admin/opt/anaconda3/envs/python-airflow-venv/lib/python3.10/site-packages/airflow/example_dags/example_nested_branch_dag.py
[2023-08-19T17:13:25.212-0400] {logging_mixin.py:137} WARNING - /Users/admin/opt/anaconda3/envs/python-airflow-venv/lib/python3.10/site-packages/airflow/jobs/scheduler_job.py:124 DeprecationWarning: The processor_poll_interval option in [scheduler] has been renamed to scheduler_idle_sleep_time - the old setting has been used, but please update your config.
[2023-08-19T17:13:25.827-0400] {logging_mixin.py:137} INFO - [2023-08-19T17:13:25.827-0400] {dag.py:2690} INFO - Sync 1 DAGs
[2023-08-19T17:13:25.843-0400] {logging_mixin.py:137} INFO - [2023-08-19T17:13:25.843-0400] {dag.py:3437} INFO - Setting next_dagrun for example_nested_branch_dag to 2023-08-18T00:00:00+00:00, run_after=2023-08-19T00:00:00+00:00
[2023-08-19T17:13:25.862-0400] {processor.py:175} INFO - Processing /Users/admin/opt/anaconda3/envs/python-airflow-venv/lib/python3.10/site-packages/airflow/example_dags/example_nested_branch_dag.py took 0.778 seconds
[2023-08-19T17:15:33.838-0400] {logging_mixin.py:137} WARNING - /Users/admin/opt/anaconda3/envs/python-airflow-venv/lib/python3.10/site-packages/airflow/settings.py:337 DeprecationWarning: The sql_alchemy_pool_enabled option in [core] has been moved to the sql_alchemy_pool_enabled option in [database] - the old setting has been used, but please update your config.
[2023-08-19T17:15:33.843-0400] {logging_mixin.py:137} WARNING - /Users/admin/opt/anaconda3/envs/python-airflow-venv/lib/python3.10/site-packages/airflow/settings.py:400 DeprecationWarning: The sql_engine_encoding option in [core] has been moved to the sql_engine_encoding option in [database] - the old setting has been used, but please update your config.
[2023-08-19T17:15:33.844-0400] {processor.py:153} INFO - Started process (PID=2031) to work on /Users/admin/opt/anaconda3/envs/python-airflow-venv/lib/python3.10/site-packages/airflow/example_dags/example_nested_branch_dag.py
[2023-08-19T17:15:33.844-0400] {processor.py:743} INFO - Processing file /Users/admin/opt/anaconda3/envs/python-airflow-venv/lib/python3.10/site-packages/airflow/example_dags/example_nested_branch_dag.py for tasks to queue
[2023-08-19T17:15:33.845-0400] {logging_mixin.py:137} INFO - [2023-08-19T17:15:33.845-0400] {dagbag.py:538} INFO - Filling up the DagBag from /Users/admin/opt/anaconda3/envs/python-airflow-venv/lib/python3.10/site-packages/airflow/example_dags/example_nested_branch_dag.py
[2023-08-19T17:15:33.920-0400] {processor.py:753} INFO - DAG(s) dict_keys(['example_nested_branch_dag']) retrieved from /Users/admin/opt/anaconda3/envs/python-airflow-venv/lib/python3.10/site-packages/airflow/example_dags/example_nested_branch_dag.py
[2023-08-19T17:15:33.966-0400] {logging_mixin.py:137} WARNING - /Users/admin/opt/anaconda3/envs/python-airflow-venv/lib/python3.10/site-packages/airflow/jobs/scheduler_job.py:124 DeprecationWarning: The processor_poll_interval option in [scheduler] has been renamed to scheduler_idle_sleep_time - the old setting has been used, but please update your config.
[2023-08-19T17:15:34.601-0400] {logging_mixin.py:137} INFO - [2023-08-19T17:15:34.600-0400] {dag.py:2690} INFO - Sync 1 DAGs
[2023-08-19T17:15:34.616-0400] {logging_mixin.py:137} INFO - [2023-08-19T17:15:34.616-0400] {dag.py:3437} INFO - Setting next_dagrun for example_nested_branch_dag to 2023-08-18T00:00:00+00:00, run_after=2023-08-19T00:00:00+00:00
[2023-08-19T17:15:34.631-0400] {processor.py:175} INFO - Processing /Users/admin/opt/anaconda3/envs/python-airflow-venv/lib/python3.10/site-packages/airflow/example_dags/example_nested_branch_dag.py took 0.794 seconds
[2023-08-19T17:17:42.807-0400] {logging_mixin.py:137} WARNING - /Users/admin/opt/anaconda3/envs/python-airflow-venv/lib/python3.10/site-packages/airflow/settings.py:337 DeprecationWarning: The sql_alchemy_pool_enabled option in [core] has been moved to the sql_alchemy_pool_enabled option in [database] - the old setting has been used, but please update your config.
[2023-08-19T17:17:42.815-0400] {logging_mixin.py:137} WARNING - /Users/admin/opt/anaconda3/envs/python-airflow-venv/lib/python3.10/site-packages/airflow/settings.py:400 DeprecationWarning: The sql_engine_encoding option in [core] has been moved to the sql_engine_encoding option in [database] - the old setting has been used, but please update your config.
[2023-08-19T17:17:42.815-0400] {processor.py:153} INFO - Started process (PID=2118) to work on /Users/admin/opt/anaconda3/envs/python-airflow-venv/lib/python3.10/site-packages/airflow/example_dags/example_nested_branch_dag.py
[2023-08-19T17:17:42.816-0400] {processor.py:743} INFO - Processing file /Users/admin/opt/anaconda3/envs/python-airflow-venv/lib/python3.10/site-packages/airflow/example_dags/example_nested_branch_dag.py for tasks to queue
[2023-08-19T17:17:42.816-0400] {logging_mixin.py:137} INFO - [2023-08-19T17:17:42.816-0400] {dagbag.py:538} INFO - Filling up the DagBag from /Users/admin/opt/anaconda3/envs/python-airflow-venv/lib/python3.10/site-packages/airflow/example_dags/example_nested_branch_dag.py
[2023-08-19T17:17:42.883-0400] {processor.py:753} INFO - DAG(s) dict_keys(['example_nested_branch_dag']) retrieved from /Users/admin/opt/anaconda3/envs/python-airflow-venv/lib/python3.10/site-packages/airflow/example_dags/example_nested_branch_dag.py
[2023-08-19T17:17:42.927-0400] {logging_mixin.py:137} WARNING - /Users/admin/opt/anaconda3/envs/python-airflow-venv/lib/python3.10/site-packages/airflow/jobs/scheduler_job.py:124 DeprecationWarning: The processor_poll_interval option in [scheduler] has been renamed to scheduler_idle_sleep_time - the old setting has been used, but please update your config.
[2023-08-19T17:17:43.542-0400] {logging_mixin.py:137} INFO - [2023-08-19T17:17:43.542-0400] {dag.py:2690} INFO - Sync 1 DAGs
[2023-08-19T17:17:43.559-0400] {logging_mixin.py:137} INFO - [2023-08-19T17:17:43.559-0400] {dag.py:3437} INFO - Setting next_dagrun for example_nested_branch_dag to 2023-08-18T00:00:00+00:00, run_after=2023-08-19T00:00:00+00:00
[2023-08-19T17:17:43.574-0400] {processor.py:175} INFO - Processing /Users/admin/opt/anaconda3/envs/python-airflow-venv/lib/python3.10/site-packages/airflow/example_dags/example_nested_branch_dag.py took 0.768 seconds
[2023-08-19T17:19:53.798-0400] {logging_mixin.py:137} WARNING - /Users/admin/opt/anaconda3/envs/python-airflow-venv/lib/python3.10/site-packages/airflow/settings.py:337 DeprecationWarning: The sql_alchemy_pool_enabled option in [core] has been moved to the sql_alchemy_pool_enabled option in [database] - the old setting has been used, but please update your config.
[2023-08-19T17:19:53.803-0400] {logging_mixin.py:137} WARNING - /Users/admin/opt/anaconda3/envs/python-airflow-venv/lib/python3.10/site-packages/airflow/settings.py:400 DeprecationWarning: The sql_engine_encoding option in [core] has been moved to the sql_engine_encoding option in [database] - the old setting has been used, but please update your config.
[2023-08-19T17:19:53.804-0400] {processor.py:153} INFO - Started process (PID=2204) to work on /Users/admin/opt/anaconda3/envs/python-airflow-venv/lib/python3.10/site-packages/airflow/example_dags/example_nested_branch_dag.py
[2023-08-19T17:19:53.804-0400] {processor.py:743} INFO - Processing file /Users/admin/opt/anaconda3/envs/python-airflow-venv/lib/python3.10/site-packages/airflow/example_dags/example_nested_branch_dag.py for tasks to queue
[2023-08-19T17:19:53.804-0400] {logging_mixin.py:137} INFO - [2023-08-19T17:19:53.804-0400] {dagbag.py:538} INFO - Filling up the DagBag from /Users/admin/opt/anaconda3/envs/python-airflow-venv/lib/python3.10/site-packages/airflow/example_dags/example_nested_branch_dag.py
[2023-08-19T17:19:53.890-0400] {processor.py:753} INFO - DAG(s) dict_keys(['example_nested_branch_dag']) retrieved from /Users/admin/opt/anaconda3/envs/python-airflow-venv/lib/python3.10/site-packages/airflow/example_dags/example_nested_branch_dag.py
[2023-08-19T17:19:53.941-0400] {logging_mixin.py:137} WARNING - /Users/admin/opt/anaconda3/envs/python-airflow-venv/lib/python3.10/site-packages/airflow/jobs/scheduler_job.py:124 DeprecationWarning: The processor_poll_interval option in [scheduler] has been renamed to scheduler_idle_sleep_time - the old setting has been used, but please update your config.
[2023-08-19T17:19:54.840-0400] {logging_mixin.py:137} INFO - [2023-08-19T17:19:54.840-0400] {dag.py:2690} INFO - Sync 1 DAGs
[2023-08-19T17:19:54.858-0400] {logging_mixin.py:137} INFO - [2023-08-19T17:19:54.857-0400] {dag.py:3437} INFO - Setting next_dagrun for example_nested_branch_dag to 2023-08-18T00:00:00+00:00, run_after=2023-08-19T00:00:00+00:00
[2023-08-19T17:19:54.876-0400] {processor.py:175} INFO - Processing /Users/admin/opt/anaconda3/envs/python-airflow-venv/lib/python3.10/site-packages/airflow/example_dags/example_nested_branch_dag.py took 1.080 seconds
[2023-08-19T17:22:03.067-0400] {logging_mixin.py:137} WARNING - /Users/admin/opt/anaconda3/envs/python-airflow-venv/lib/python3.10/site-packages/airflow/settings.py:337 DeprecationWarning: The sql_alchemy_pool_enabled option in [core] has been moved to the sql_alchemy_pool_enabled option in [database] - the old setting has been used, but please update your config.
[2023-08-19T17:22:03.073-0400] {logging_mixin.py:137} WARNING - /Users/admin/opt/anaconda3/envs/python-airflow-venv/lib/python3.10/site-packages/airflow/settings.py:400 DeprecationWarning: The sql_engine_encoding option in [core] has been moved to the sql_engine_encoding option in [database] - the old setting has been used, but please update your config.
[2023-08-19T17:22:03.073-0400] {processor.py:153} INFO - Started process (PID=2271) to work on /Users/admin/opt/anaconda3/envs/python-airflow-venv/lib/python3.10/site-packages/airflow/example_dags/example_nested_branch_dag.py
[2023-08-19T17:22:03.073-0400] {processor.py:743} INFO - Processing file /Users/admin/opt/anaconda3/envs/python-airflow-venv/lib/python3.10/site-packages/airflow/example_dags/example_nested_branch_dag.py for tasks to queue
[2023-08-19T17:22:03.074-0400] {logging_mixin.py:137} INFO - [2023-08-19T17:22:03.074-0400] {dagbag.py:538} INFO - Filling up the DagBag from /Users/admin/opt/anaconda3/envs/python-airflow-venv/lib/python3.10/site-packages/airflow/example_dags/example_nested_branch_dag.py
[2023-08-19T17:22:03.152-0400] {processor.py:753} INFO - DAG(s) dict_keys(['example_nested_branch_dag']) retrieved from /Users/admin/opt/anaconda3/envs/python-airflow-venv/lib/python3.10/site-packages/airflow/example_dags/example_nested_branch_dag.py
[2023-08-19T17:22:03.204-0400] {logging_mixin.py:137} WARNING - /Users/admin/opt/anaconda3/envs/python-airflow-venv/lib/python3.10/site-packages/airflow/jobs/scheduler_job.py:124 DeprecationWarning: The processor_poll_interval option in [scheduler] has been renamed to scheduler_idle_sleep_time - the old setting has been used, but please update your config.
[2023-08-19T17:22:03.809-0400] {logging_mixin.py:137} INFO - [2023-08-19T17:22:03.809-0400] {dag.py:2690} INFO - Sync 1 DAGs
[2023-08-19T17:22:03.829-0400] {logging_mixin.py:137} INFO - [2023-08-19T17:22:03.829-0400] {dag.py:3437} INFO - Setting next_dagrun for example_nested_branch_dag to 2023-08-18T00:00:00+00:00, run_after=2023-08-19T00:00:00+00:00
[2023-08-19T17:22:03.847-0400] {processor.py:175} INFO - Processing /Users/admin/opt/anaconda3/envs/python-airflow-venv/lib/python3.10/site-packages/airflow/example_dags/example_nested_branch_dag.py took 0.780 seconds
[2023-08-19T17:24:14.831-0400] {logging_mixin.py:137} WARNING - /Users/admin/opt/anaconda3/envs/python-airflow-venv/lib/python3.10/site-packages/airflow/settings.py:337 DeprecationWarning: The sql_alchemy_pool_enabled option in [core] has been moved to the sql_alchemy_pool_enabled option in [database] - the old setting has been used, but please update your config.
[2023-08-19T17:24:14.836-0400] {logging_mixin.py:137} WARNING - /Users/admin/opt/anaconda3/envs/python-airflow-venv/lib/python3.10/site-packages/airflow/settings.py:400 DeprecationWarning: The sql_engine_encoding option in [core] has been moved to the sql_engine_encoding option in [database] - the old setting has been used, but please update your config.
[2023-08-19T17:24:14.836-0400] {processor.py:153} INFO - Started process (PID=2340) to work on /Users/admin/opt/anaconda3/envs/python-airflow-venv/lib/python3.10/site-packages/airflow/example_dags/example_nested_branch_dag.py
[2023-08-19T17:24:14.836-0400] {processor.py:743} INFO - Processing file /Users/admin/opt/anaconda3/envs/python-airflow-venv/lib/python3.10/site-packages/airflow/example_dags/example_nested_branch_dag.py for tasks to queue
[2023-08-19T17:24:14.837-0400] {logging_mixin.py:137} INFO - [2023-08-19T17:24:14.837-0400] {dagbag.py:538} INFO - Filling up the DagBag from /Users/admin/opt/anaconda3/envs/python-airflow-venv/lib/python3.10/site-packages/airflow/example_dags/example_nested_branch_dag.py
[2023-08-19T17:24:14.904-0400] {processor.py:753} INFO - DAG(s) dict_keys(['example_nested_branch_dag']) retrieved from /Users/admin/opt/anaconda3/envs/python-airflow-venv/lib/python3.10/site-packages/airflow/example_dags/example_nested_branch_dag.py
[2023-08-19T17:24:14.948-0400] {logging_mixin.py:137} WARNING - /Users/admin/opt/anaconda3/envs/python-airflow-venv/lib/python3.10/site-packages/airflow/jobs/scheduler_job.py:124 DeprecationWarning: The processor_poll_interval option in [scheduler] has been renamed to scheduler_idle_sleep_time - the old setting has been used, but please update your config.
[2023-08-19T17:24:15.694-0400] {logging_mixin.py:137} INFO - [2023-08-19T17:24:15.694-0400] {dag.py:2690} INFO - Sync 1 DAGs
[2023-08-19T17:24:15.710-0400] {logging_mixin.py:137} INFO - [2023-08-19T17:24:15.710-0400] {dag.py:3437} INFO - Setting next_dagrun for example_nested_branch_dag to 2023-08-18T00:00:00+00:00, run_after=2023-08-19T00:00:00+00:00
[2023-08-19T17:24:15.727-0400] {processor.py:175} INFO - Processing /Users/admin/opt/anaconda3/envs/python-airflow-venv/lib/python3.10/site-packages/airflow/example_dags/example_nested_branch_dag.py took 0.897 seconds
[2023-08-19T17:26:26.685-0400] {logging_mixin.py:137} WARNING - /Users/admin/opt/anaconda3/envs/python-airflow-venv/lib/python3.10/site-packages/airflow/settings.py:337 DeprecationWarning: The sql_alchemy_pool_enabled option in [core] has been moved to the sql_alchemy_pool_enabled option in [database] - the old setting has been used, but please update your config.
[2023-08-19T17:26:26.690-0400] {logging_mixin.py:137} WARNING - /Users/admin/opt/anaconda3/envs/python-airflow-venv/lib/python3.10/site-packages/airflow/settings.py:400 DeprecationWarning: The sql_engine_encoding option in [core] has been moved to the sql_engine_encoding option in [database] - the old setting has been used, but please update your config.
[2023-08-19T17:26:26.691-0400] {processor.py:153} INFO - Started process (PID=2401) to work on /Users/admin/opt/anaconda3/envs/python-airflow-venv/lib/python3.10/site-packages/airflow/example_dags/example_nested_branch_dag.py
[2023-08-19T17:26:26.691-0400] {processor.py:743} INFO - Processing file /Users/admin/opt/anaconda3/envs/python-airflow-venv/lib/python3.10/site-packages/airflow/example_dags/example_nested_branch_dag.py for tasks to queue
[2023-08-19T17:26:26.691-0400] {logging_mixin.py:137} INFO - [2023-08-19T17:26:26.691-0400] {dagbag.py:538} INFO - Filling up the DagBag from /Users/admin/opt/anaconda3/envs/python-airflow-venv/lib/python3.10/site-packages/airflow/example_dags/example_nested_branch_dag.py
[2023-08-19T17:26:26.761-0400] {processor.py:753} INFO - DAG(s) dict_keys(['example_nested_branch_dag']) retrieved from /Users/admin/opt/anaconda3/envs/python-airflow-venv/lib/python3.10/site-packages/airflow/example_dags/example_nested_branch_dag.py
[2023-08-19T17:26:26.808-0400] {logging_mixin.py:137} WARNING - /Users/admin/opt/anaconda3/envs/python-airflow-venv/lib/python3.10/site-packages/airflow/jobs/scheduler_job.py:124 DeprecationWarning: The processor_poll_interval option in [scheduler] has been renamed to scheduler_idle_sleep_time - the old setting has been used, but please update your config.
[2023-08-19T17:26:27.975-0400] {logging_mixin.py:137} INFO - [2023-08-19T17:26:27.975-0400] {dag.py:2690} INFO - Sync 1 DAGs
[2023-08-19T17:26:27.992-0400] {logging_mixin.py:137} INFO - [2023-08-19T17:26:27.991-0400] {dag.py:3437} INFO - Setting next_dagrun for example_nested_branch_dag to 2023-08-18T00:00:00+00:00, run_after=2023-08-19T00:00:00+00:00
[2023-08-19T17:26:28.013-0400] {processor.py:175} INFO - Processing /Users/admin/opt/anaconda3/envs/python-airflow-venv/lib/python3.10/site-packages/airflow/example_dags/example_nested_branch_dag.py took 1.329 seconds
[2023-08-19T17:29:18.367-0400] {logging_mixin.py:137} WARNING - /Users/admin/opt/anaconda3/envs/python-airflow-venv/lib/python3.10/site-packages/airflow/settings.py:337 DeprecationWarning: The sql_alchemy_pool_enabled option in [core] has been moved to the sql_alchemy_pool_enabled option in [database] - the old setting has been used, but please update your config.
[2023-08-19T17:29:18.371-0400] {logging_mixin.py:137} WARNING - /Users/admin/opt/anaconda3/envs/python-airflow-venv/lib/python3.10/site-packages/airflow/settings.py:400 DeprecationWarning: The sql_engine_encoding option in [core] has been moved to the sql_engine_encoding option in [database] - the old setting has been used, but please update your config.
[2023-08-19T17:29:18.372-0400] {processor.py:153} INFO - Started process (PID=2486) to work on /Users/admin/opt/anaconda3/envs/python-airflow-venv/lib/python3.10/site-packages/airflow/example_dags/example_nested_branch_dag.py
[2023-08-19T17:29:18.372-0400] {processor.py:743} INFO - Processing file /Users/admin/opt/anaconda3/envs/python-airflow-venv/lib/python3.10/site-packages/airflow/example_dags/example_nested_branch_dag.py for tasks to queue
[2023-08-19T17:29:18.373-0400] {logging_mixin.py:137} INFO - [2023-08-19T17:29:18.373-0400] {dagbag.py:538} INFO - Filling up the DagBag from /Users/admin/opt/anaconda3/envs/python-airflow-venv/lib/python3.10/site-packages/airflow/example_dags/example_nested_branch_dag.py
[2023-08-19T17:29:18.445-0400] {processor.py:753} INFO - DAG(s) dict_keys(['example_nested_branch_dag']) retrieved from /Users/admin/opt/anaconda3/envs/python-airflow-venv/lib/python3.10/site-packages/airflow/example_dags/example_nested_branch_dag.py
[2023-08-19T17:29:18.492-0400] {logging_mixin.py:137} WARNING - /Users/admin/opt/anaconda3/envs/python-airflow-venv/lib/python3.10/site-packages/airflow/jobs/scheduler_job.py:124 DeprecationWarning: The processor_poll_interval option in [scheduler] has been renamed to scheduler_idle_sleep_time - the old setting has been used, but please update your config.
[2023-08-19T17:29:19.176-0400] {logging_mixin.py:137} INFO - [2023-08-19T17:29:19.176-0400] {dag.py:2690} INFO - Sync 1 DAGs
[2023-08-19T17:29:19.196-0400] {logging_mixin.py:137} INFO - [2023-08-19T17:29:19.196-0400] {dag.py:3437} INFO - Setting next_dagrun for example_nested_branch_dag to 2023-08-18T00:00:00+00:00, run_after=2023-08-19T00:00:00+00:00
[2023-08-19T17:29:19.218-0400] {processor.py:175} INFO - Processing /Users/admin/opt/anaconda3/envs/python-airflow-venv/lib/python3.10/site-packages/airflow/example_dags/example_nested_branch_dag.py took 0.852 seconds
[2023-08-19T17:31:22.512-0400] {logging_mixin.py:137} WARNING - /Users/admin/opt/anaconda3/envs/python-airflow-venv/lib/python3.10/site-packages/airflow/settings.py:337 DeprecationWarning: The sql_alchemy_pool_enabled option in [core] has been moved to the sql_alchemy_pool_enabled option in [database] - the old setting has been used, but please update your config.
[2023-08-19T17:31:22.516-0400] {logging_mixin.py:137} WARNING - /Users/admin/opt/anaconda3/envs/python-airflow-venv/lib/python3.10/site-packages/airflow/settings.py:400 DeprecationWarning: The sql_engine_encoding option in [core] has been moved to the sql_engine_encoding option in [database] - the old setting has been used, but please update your config.
[2023-08-19T17:31:22.517-0400] {processor.py:153} INFO - Started process (PID=2561) to work on /Users/admin/opt/anaconda3/envs/python-airflow-venv/lib/python3.10/site-packages/airflow/example_dags/example_nested_branch_dag.py
[2023-08-19T17:31:22.517-0400] {processor.py:743} INFO - Processing file /Users/admin/opt/anaconda3/envs/python-airflow-venv/lib/python3.10/site-packages/airflow/example_dags/example_nested_branch_dag.py for tasks to queue
[2023-08-19T17:31:22.518-0400] {logging_mixin.py:137} INFO - [2023-08-19T17:31:22.518-0400] {dagbag.py:538} INFO - Filling up the DagBag from /Users/admin/opt/anaconda3/envs/python-airflow-venv/lib/python3.10/site-packages/airflow/example_dags/example_nested_branch_dag.py
[2023-08-19T17:31:22.585-0400] {processor.py:753} INFO - DAG(s) dict_keys(['example_nested_branch_dag']) retrieved from /Users/admin/opt/anaconda3/envs/python-airflow-venv/lib/python3.10/site-packages/airflow/example_dags/example_nested_branch_dag.py
[2023-08-19T17:31:22.630-0400] {logging_mixin.py:137} WARNING - /Users/admin/opt/anaconda3/envs/python-airflow-venv/lib/python3.10/site-packages/airflow/jobs/scheduler_job.py:124 DeprecationWarning: The processor_poll_interval option in [scheduler] has been renamed to scheduler_idle_sleep_time - the old setting has been used, but please update your config.
[2023-08-19T17:31:23.226-0400] {logging_mixin.py:137} INFO - [2023-08-19T17:31:23.226-0400] {dag.py:2690} INFO - Sync 1 DAGs
[2023-08-19T17:31:23.241-0400] {logging_mixin.py:137} INFO - [2023-08-19T17:31:23.241-0400] {dag.py:3437} INFO - Setting next_dagrun for example_nested_branch_dag to 2023-08-18T00:00:00+00:00, run_after=2023-08-19T00:00:00+00:00
[2023-08-19T17:31:23.259-0400] {processor.py:175} INFO - Processing /Users/admin/opt/anaconda3/envs/python-airflow-venv/lib/python3.10/site-packages/airflow/example_dags/example_nested_branch_dag.py took 0.747 seconds
[2023-08-19T17:33:33.871-0400] {logging_mixin.py:137} WARNING - /Users/admin/opt/anaconda3/envs/python-airflow-venv/lib/python3.10/site-packages/airflow/settings.py:337 DeprecationWarning: The sql_alchemy_pool_enabled option in [core] has been moved to the sql_alchemy_pool_enabled option in [database] - the old setting has been used, but please update your config.
[2023-08-19T17:33:33.875-0400] {logging_mixin.py:137} WARNING - /Users/admin/opt/anaconda3/envs/python-airflow-venv/lib/python3.10/site-packages/airflow/settings.py:400 DeprecationWarning: The sql_engine_encoding option in [core] has been moved to the sql_engine_encoding option in [database] - the old setting has been used, but please update your config.
[2023-08-19T17:33:33.876-0400] {processor.py:153} INFO - Started process (PID=2621) to work on /Users/admin/opt/anaconda3/envs/python-airflow-venv/lib/python3.10/site-packages/airflow/example_dags/example_nested_branch_dag.py
[2023-08-19T17:33:33.876-0400] {processor.py:743} INFO - Processing file /Users/admin/opt/anaconda3/envs/python-airflow-venv/lib/python3.10/site-packages/airflow/example_dags/example_nested_branch_dag.py for tasks to queue
[2023-08-19T17:33:33.877-0400] {logging_mixin.py:137} INFO - [2023-08-19T17:33:33.877-0400] {dagbag.py:538} INFO - Filling up the DagBag from /Users/admin/opt/anaconda3/envs/python-airflow-venv/lib/python3.10/site-packages/airflow/example_dags/example_nested_branch_dag.py
[2023-08-19T17:33:33.947-0400] {processor.py:753} INFO - DAG(s) dict_keys(['example_nested_branch_dag']) retrieved from /Users/admin/opt/anaconda3/envs/python-airflow-venv/lib/python3.10/site-packages/airflow/example_dags/example_nested_branch_dag.py
[2023-08-19T17:33:33.996-0400] {logging_mixin.py:137} WARNING - /Users/admin/opt/anaconda3/envs/python-airflow-venv/lib/python3.10/site-packages/airflow/jobs/scheduler_job.py:124 DeprecationWarning: The processor_poll_interval option in [scheduler] has been renamed to scheduler_idle_sleep_time - the old setting has been used, but please update your config.
[2023-08-19T17:33:34.723-0400] {logging_mixin.py:137} INFO - [2023-08-19T17:33:34.723-0400] {dag.py:2690} INFO - Sync 1 DAGs
[2023-08-19T17:33:34.743-0400] {logging_mixin.py:137} INFO - [2023-08-19T17:33:34.743-0400] {dag.py:3437} INFO - Setting next_dagrun for example_nested_branch_dag to 2023-08-18T00:00:00+00:00, run_after=2023-08-19T00:00:00+00:00
[2023-08-19T17:33:34.766-0400] {processor.py:175} INFO - Processing /Users/admin/opt/anaconda3/envs/python-airflow-venv/lib/python3.10/site-packages/airflow/example_dags/example_nested_branch_dag.py took 0.896 seconds
[2023-08-19T17:35:48.475-0400] {logging_mixin.py:137} WARNING - /Users/admin/opt/anaconda3/envs/python-airflow-venv/lib/python3.10/site-packages/airflow/settings.py:337 DeprecationWarning: The sql_alchemy_pool_enabled option in [core] has been moved to the sql_alchemy_pool_enabled option in [database] - the old setting has been used, but please update your config.
[2023-08-19T17:35:48.482-0400] {logging_mixin.py:137} WARNING - /Users/admin/opt/anaconda3/envs/python-airflow-venv/lib/python3.10/site-packages/airflow/settings.py:400 DeprecationWarning: The sql_engine_encoding option in [core] has been moved to the sql_engine_encoding option in [database] - the old setting has been used, but please update your config.
[2023-08-19T17:35:48.483-0400] {processor.py:153} INFO - Started process (PID=2715) to work on /Users/admin/opt/anaconda3/envs/python-airflow-venv/lib/python3.10/site-packages/airflow/example_dags/example_nested_branch_dag.py
[2023-08-19T17:35:48.483-0400] {processor.py:743} INFO - Processing file /Users/admin/opt/anaconda3/envs/python-airflow-venv/lib/python3.10/site-packages/airflow/example_dags/example_nested_branch_dag.py for tasks to queue
[2023-08-19T17:35:48.484-0400] {logging_mixin.py:137} INFO - [2023-08-19T17:35:48.484-0400] {dagbag.py:538} INFO - Filling up the DagBag from /Users/admin/opt/anaconda3/envs/python-airflow-venv/lib/python3.10/site-packages/airflow/example_dags/example_nested_branch_dag.py
[2023-08-19T17:35:48.556-0400] {processor.py:753} INFO - DAG(s) dict_keys(['example_nested_branch_dag']) retrieved from /Users/admin/opt/anaconda3/envs/python-airflow-venv/lib/python3.10/site-packages/airflow/example_dags/example_nested_branch_dag.py
[2023-08-19T17:35:48.607-0400] {logging_mixin.py:137} WARNING - /Users/admin/opt/anaconda3/envs/python-airflow-venv/lib/python3.10/site-packages/airflow/jobs/scheduler_job.py:124 DeprecationWarning: The processor_poll_interval option in [scheduler] has been renamed to scheduler_idle_sleep_time - the old setting has been used, but please update your config.
[2023-08-19T17:35:49.315-0400] {logging_mixin.py:137} INFO - [2023-08-19T17:35:49.315-0400] {dag.py:2690} INFO - Sync 1 DAGs
[2023-08-19T17:35:49.334-0400] {logging_mixin.py:137} INFO - [2023-08-19T17:35:49.334-0400] {dag.py:3437} INFO - Setting next_dagrun for example_nested_branch_dag to 2023-08-18T00:00:00+00:00, run_after=2023-08-19T00:00:00+00:00
[2023-08-19T17:35:49.354-0400] {processor.py:175} INFO - Processing /Users/admin/opt/anaconda3/envs/python-airflow-venv/lib/python3.10/site-packages/airflow/example_dags/example_nested_branch_dag.py took 0.880 seconds
[2023-08-19T17:38:01.669-0400] {logging_mixin.py:137} WARNING - /Users/admin/opt/anaconda3/envs/python-airflow-venv/lib/python3.10/site-packages/airflow/settings.py:337 DeprecationWarning: The sql_alchemy_pool_enabled option in [core] has been moved to the sql_alchemy_pool_enabled option in [database] - the old setting has been used, but please update your config.
[2023-08-19T17:38:01.674-0400] {logging_mixin.py:137} WARNING - /Users/admin/opt/anaconda3/envs/python-airflow-venv/lib/python3.10/site-packages/airflow/settings.py:400 DeprecationWarning: The sql_engine_encoding option in [core] has been moved to the sql_engine_encoding option in [database] - the old setting has been used, but please update your config.
[2023-08-19T17:38:01.675-0400] {processor.py:153} INFO - Started process (PID=2785) to work on /Users/admin/opt/anaconda3/envs/python-airflow-venv/lib/python3.10/site-packages/airflow/example_dags/example_nested_branch_dag.py
[2023-08-19T17:38:01.675-0400] {processor.py:743} INFO - Processing file /Users/admin/opt/anaconda3/envs/python-airflow-venv/lib/python3.10/site-packages/airflow/example_dags/example_nested_branch_dag.py for tasks to queue
[2023-08-19T17:38:01.675-0400] {logging_mixin.py:137} INFO - [2023-08-19T17:38:01.675-0400] {dagbag.py:538} INFO - Filling up the DagBag from /Users/admin/opt/anaconda3/envs/python-airflow-venv/lib/python3.10/site-packages/airflow/example_dags/example_nested_branch_dag.py
[2023-08-19T17:38:01.742-0400] {processor.py:753} INFO - DAG(s) dict_keys(['example_nested_branch_dag']) retrieved from /Users/admin/opt/anaconda3/envs/python-airflow-venv/lib/python3.10/site-packages/airflow/example_dags/example_nested_branch_dag.py
[2023-08-19T17:38:01.785-0400] {logging_mixin.py:137} WARNING - /Users/admin/opt/anaconda3/envs/python-airflow-venv/lib/python3.10/site-packages/airflow/jobs/scheduler_job.py:124 DeprecationWarning: The processor_poll_interval option in [scheduler] has been renamed to scheduler_idle_sleep_time - the old setting has been used, but please update your config.
[2023-08-19T17:38:02.384-0400] {logging_mixin.py:137} INFO - [2023-08-19T17:38:02.384-0400] {dag.py:2690} INFO - Sync 1 DAGs
[2023-08-19T17:38:02.402-0400] {logging_mixin.py:137} INFO - [2023-08-19T17:38:02.402-0400] {dag.py:3437} INFO - Setting next_dagrun for example_nested_branch_dag to 2023-08-18T00:00:00+00:00, run_after=2023-08-19T00:00:00+00:00
[2023-08-19T17:38:02.418-0400] {processor.py:175} INFO - Processing /Users/admin/opt/anaconda3/envs/python-airflow-venv/lib/python3.10/site-packages/airflow/example_dags/example_nested_branch_dag.py took 0.749 seconds
[2023-08-19T17:40:15.367-0400] {logging_mixin.py:137} WARNING - /Users/admin/opt/anaconda3/envs/python-airflow-venv/lib/python3.10/site-packages/airflow/settings.py:337 DeprecationWarning: The sql_alchemy_pool_enabled option in [core] has been moved to the sql_alchemy_pool_enabled option in [database] - the old setting has been used, but please update your config.
[2023-08-19T17:40:15.372-0400] {logging_mixin.py:137} WARNING - /Users/admin/opt/anaconda3/envs/python-airflow-venv/lib/python3.10/site-packages/airflow/settings.py:400 DeprecationWarning: The sql_engine_encoding option in [core] has been moved to the sql_engine_encoding option in [database] - the old setting has been used, but please update your config.
[2023-08-19T17:40:15.373-0400] {processor.py:153} INFO - Started process (PID=2848) to work on /Users/admin/opt/anaconda3/envs/python-airflow-venv/lib/python3.10/site-packages/airflow/example_dags/example_nested_branch_dag.py
[2023-08-19T17:40:15.373-0400] {processor.py:743} INFO - Processing file /Users/admin/opt/anaconda3/envs/python-airflow-venv/lib/python3.10/site-packages/airflow/example_dags/example_nested_branch_dag.py for tasks to queue
[2023-08-19T17:40:15.373-0400] {logging_mixin.py:137} INFO - [2023-08-19T17:40:15.373-0400] {dagbag.py:538} INFO - Filling up the DagBag from /Users/admin/opt/anaconda3/envs/python-airflow-venv/lib/python3.10/site-packages/airflow/example_dags/example_nested_branch_dag.py
[2023-08-19T17:40:15.447-0400] {processor.py:753} INFO - DAG(s) dict_keys(['example_nested_branch_dag']) retrieved from /Users/admin/opt/anaconda3/envs/python-airflow-venv/lib/python3.10/site-packages/airflow/example_dags/example_nested_branch_dag.py
[2023-08-19T17:40:15.499-0400] {logging_mixin.py:137} WARNING - /Users/admin/opt/anaconda3/envs/python-airflow-venv/lib/python3.10/site-packages/airflow/jobs/scheduler_job.py:124 DeprecationWarning: The processor_poll_interval option in [scheduler] has been renamed to scheduler_idle_sleep_time - the old setting has been used, but please update your config.
[2023-08-19T17:40:16.159-0400] {logging_mixin.py:137} INFO - [2023-08-19T17:40:16.159-0400] {dag.py:2690} INFO - Sync 1 DAGs
[2023-08-19T17:40:16.186-0400] {logging_mixin.py:137} INFO - [2023-08-19T17:40:16.185-0400] {dag.py:3437} INFO - Setting next_dagrun for example_nested_branch_dag to 2023-08-18T00:00:00+00:00, run_after=2023-08-19T00:00:00+00:00
[2023-08-19T17:40:16.216-0400] {processor.py:175} INFO - Processing /Users/admin/opt/anaconda3/envs/python-airflow-venv/lib/python3.10/site-packages/airflow/example_dags/example_nested_branch_dag.py took 0.850 seconds
[2023-08-19T17:42:23.881-0400] {logging_mixin.py:137} WARNING - /Users/admin/opt/anaconda3/envs/python-airflow-venv/lib/python3.10/site-packages/airflow/settings.py:337 DeprecationWarning: The sql_alchemy_pool_enabled option in [core] has been moved to the sql_alchemy_pool_enabled option in [database] - the old setting has been used, but please update your config.
[2023-08-19T17:42:23.886-0400] {logging_mixin.py:137} WARNING - /Users/admin/opt/anaconda3/envs/python-airflow-venv/lib/python3.10/site-packages/airflow/settings.py:400 DeprecationWarning: The sql_engine_encoding option in [core] has been moved to the sql_engine_encoding option in [database] - the old setting has been used, but please update your config.
[2023-08-19T17:42:23.887-0400] {processor.py:153} INFO - Started process (PID=2916) to work on /Users/admin/opt/anaconda3/envs/python-airflow-venv/lib/python3.10/site-packages/airflow/example_dags/example_nested_branch_dag.py
[2023-08-19T17:42:23.888-0400] {processor.py:743} INFO - Processing file /Users/admin/opt/anaconda3/envs/python-airflow-venv/lib/python3.10/site-packages/airflow/example_dags/example_nested_branch_dag.py for tasks to queue
[2023-08-19T17:42:23.888-0400] {logging_mixin.py:137} INFO - [2023-08-19T17:42:23.888-0400] {dagbag.py:538} INFO - Filling up the DagBag from /Users/admin/opt/anaconda3/envs/python-airflow-venv/lib/python3.10/site-packages/airflow/example_dags/example_nested_branch_dag.py
[2023-08-19T17:42:23.963-0400] {processor.py:753} INFO - DAG(s) dict_keys(['example_nested_branch_dag']) retrieved from /Users/admin/opt/anaconda3/envs/python-airflow-venv/lib/python3.10/site-packages/airflow/example_dags/example_nested_branch_dag.py
[2023-08-19T17:42:24.014-0400] {logging_mixin.py:137} WARNING - /Users/admin/opt/anaconda3/envs/python-airflow-venv/lib/python3.10/site-packages/airflow/jobs/scheduler_job.py:124 DeprecationWarning: The processor_poll_interval option in [scheduler] has been renamed to scheduler_idle_sleep_time - the old setting has been used, but please update your config.
[2023-08-19T17:42:24.605-0400] {logging_mixin.py:137} INFO - [2023-08-19T17:42:24.605-0400] {dag.py:2690} INFO - Sync 1 DAGs
[2023-08-19T17:42:24.621-0400] {logging_mixin.py:137} INFO - [2023-08-19T17:42:24.621-0400] {dag.py:3437} INFO - Setting next_dagrun for example_nested_branch_dag to 2023-08-18T00:00:00+00:00, run_after=2023-08-19T00:00:00+00:00
[2023-08-19T17:42:24.638-0400] {processor.py:175} INFO - Processing /Users/admin/opt/anaconda3/envs/python-airflow-venv/lib/python3.10/site-packages/airflow/example_dags/example_nested_branch_dag.py took 0.758 seconds
[2023-08-19T17:44:37.273-0400] {logging_mixin.py:137} WARNING - /Users/admin/opt/anaconda3/envs/python-airflow-venv/lib/python3.10/site-packages/airflow/settings.py:337 DeprecationWarning: The sql_alchemy_pool_enabled option in [core] has been moved to the sql_alchemy_pool_enabled option in [database] - the old setting has been used, but please update your config.
[2023-08-19T17:44:37.277-0400] {logging_mixin.py:137} WARNING - /Users/admin/opt/anaconda3/envs/python-airflow-venv/lib/python3.10/site-packages/airflow/settings.py:400 DeprecationWarning: The sql_engine_encoding option in [core] has been moved to the sql_engine_encoding option in [database] - the old setting has been used, but please update your config.
[2023-08-19T17:44:37.278-0400] {processor.py:153} INFO - Started process (PID=2982) to work on /Users/admin/opt/anaconda3/envs/python-airflow-venv/lib/python3.10/site-packages/airflow/example_dags/example_nested_branch_dag.py
[2023-08-19T17:44:37.278-0400] {processor.py:743} INFO - Processing file /Users/admin/opt/anaconda3/envs/python-airflow-venv/lib/python3.10/site-packages/airflow/example_dags/example_nested_branch_dag.py for tasks to queue
[2023-08-19T17:44:37.279-0400] {logging_mixin.py:137} INFO - [2023-08-19T17:44:37.278-0400] {dagbag.py:538} INFO - Filling up the DagBag from /Users/admin/opt/anaconda3/envs/python-airflow-venv/lib/python3.10/site-packages/airflow/example_dags/example_nested_branch_dag.py
[2023-08-19T17:44:37.359-0400] {processor.py:753} INFO - DAG(s) dict_keys(['example_nested_branch_dag']) retrieved from /Users/admin/opt/anaconda3/envs/python-airflow-venv/lib/python3.10/site-packages/airflow/example_dags/example_nested_branch_dag.py
[2023-08-19T17:44:37.427-0400] {logging_mixin.py:137} WARNING - /Users/admin/opt/anaconda3/envs/python-airflow-venv/lib/python3.10/site-packages/airflow/jobs/scheduler_job.py:124 DeprecationWarning: The processor_poll_interval option in [scheduler] has been renamed to scheduler_idle_sleep_time - the old setting has been used, but please update your config.
[2023-08-19T17:44:38.270-0400] {logging_mixin.py:137} INFO - [2023-08-19T17:44:38.270-0400] {dag.py:2690} INFO - Sync 1 DAGs
[2023-08-19T17:44:38.286-0400] {logging_mixin.py:137} INFO - [2023-08-19T17:44:38.285-0400] {dag.py:3437} INFO - Setting next_dagrun for example_nested_branch_dag to 2023-08-18T00:00:00+00:00, run_after=2023-08-19T00:00:00+00:00
[2023-08-19T17:44:38.305-0400] {processor.py:175} INFO - Processing /Users/admin/opt/anaconda3/envs/python-airflow-venv/lib/python3.10/site-packages/airflow/example_dags/example_nested_branch_dag.py took 1.033 seconds
[2023-08-19T17:46:50.633-0400] {logging_mixin.py:137} WARNING - /Users/admin/opt/anaconda3/envs/python-airflow-venv/lib/python3.10/site-packages/airflow/settings.py:337 DeprecationWarning: The sql_alchemy_pool_enabled option in [core] has been moved to the sql_alchemy_pool_enabled option in [database] - the old setting has been used, but please update your config.
[2023-08-19T17:46:50.638-0400] {logging_mixin.py:137} WARNING - /Users/admin/opt/anaconda3/envs/python-airflow-venv/lib/python3.10/site-packages/airflow/settings.py:400 DeprecationWarning: The sql_engine_encoding option in [core] has been moved to the sql_engine_encoding option in [database] - the old setting has been used, but please update your config.
[2023-08-19T17:46:50.639-0400] {processor.py:153} INFO - Started process (PID=3052) to work on /Users/admin/opt/anaconda3/envs/python-airflow-venv/lib/python3.10/site-packages/airflow/example_dags/example_nested_branch_dag.py
[2023-08-19T17:46:50.639-0400] {processor.py:743} INFO - Processing file /Users/admin/opt/anaconda3/envs/python-airflow-venv/lib/python3.10/site-packages/airflow/example_dags/example_nested_branch_dag.py for tasks to queue
[2023-08-19T17:46:50.641-0400] {logging_mixin.py:137} INFO - [2023-08-19T17:46:50.641-0400] {dagbag.py:538} INFO - Filling up the DagBag from /Users/admin/opt/anaconda3/envs/python-airflow-venv/lib/python3.10/site-packages/airflow/example_dags/example_nested_branch_dag.py
[2023-08-19T17:46:50.736-0400] {processor.py:753} INFO - DAG(s) dict_keys(['example_nested_branch_dag']) retrieved from /Users/admin/opt/anaconda3/envs/python-airflow-venv/lib/python3.10/site-packages/airflow/example_dags/example_nested_branch_dag.py
[2023-08-19T17:46:50.796-0400] {logging_mixin.py:137} WARNING - /Users/admin/opt/anaconda3/envs/python-airflow-venv/lib/python3.10/site-packages/airflow/jobs/scheduler_job.py:124 DeprecationWarning: The processor_poll_interval option in [scheduler] has been renamed to scheduler_idle_sleep_time - the old setting has been used, but please update your config.
[2023-08-19T17:46:51.581-0400] {logging_mixin.py:137} INFO - [2023-08-19T17:46:51.580-0400] {dag.py:2690} INFO - Sync 1 DAGs
[2023-08-19T17:46:51.600-0400] {logging_mixin.py:137} INFO - [2023-08-19T17:46:51.600-0400] {dag.py:3437} INFO - Setting next_dagrun for example_nested_branch_dag to 2023-08-18T00:00:00+00:00, run_after=2023-08-19T00:00:00+00:00
[2023-08-19T17:46:51.622-0400] {processor.py:175} INFO - Processing /Users/admin/opt/anaconda3/envs/python-airflow-venv/lib/python3.10/site-packages/airflow/example_dags/example_nested_branch_dag.py took 0.990 seconds
[2023-08-19T17:49:06.022-0400] {logging_mixin.py:137} WARNING - /Users/admin/opt/anaconda3/envs/python-airflow-venv/lib/python3.10/site-packages/airflow/settings.py:337 DeprecationWarning: The sql_alchemy_pool_enabled option in [core] has been moved to the sql_alchemy_pool_enabled option in [database] - the old setting has been used, but please update your config.
[2023-08-19T17:49:06.027-0400] {logging_mixin.py:137} WARNING - /Users/admin/opt/anaconda3/envs/python-airflow-venv/lib/python3.10/site-packages/airflow/settings.py:400 DeprecationWarning: The sql_engine_encoding option in [core] has been moved to the sql_engine_encoding option in [database] - the old setting has been used, but please update your config.
[2023-08-19T17:49:06.027-0400] {processor.py:153} INFO - Started process (PID=3116) to work on /Users/admin/opt/anaconda3/envs/python-airflow-venv/lib/python3.10/site-packages/airflow/example_dags/example_nested_branch_dag.py
[2023-08-19T17:49:06.027-0400] {processor.py:743} INFO - Processing file /Users/admin/opt/anaconda3/envs/python-airflow-venv/lib/python3.10/site-packages/airflow/example_dags/example_nested_branch_dag.py for tasks to queue
[2023-08-19T17:49:06.028-0400] {logging_mixin.py:137} INFO - [2023-08-19T17:49:06.028-0400] {dagbag.py:538} INFO - Filling up the DagBag from /Users/admin/opt/anaconda3/envs/python-airflow-venv/lib/python3.10/site-packages/airflow/example_dags/example_nested_branch_dag.py
[2023-08-19T17:49:06.118-0400] {processor.py:753} INFO - DAG(s) dict_keys(['example_nested_branch_dag']) retrieved from /Users/admin/opt/anaconda3/envs/python-airflow-venv/lib/python3.10/site-packages/airflow/example_dags/example_nested_branch_dag.py
[2023-08-19T17:49:06.177-0400] {logging_mixin.py:137} WARNING - /Users/admin/opt/anaconda3/envs/python-airflow-venv/lib/python3.10/site-packages/airflow/jobs/scheduler_job.py:124 DeprecationWarning: The processor_poll_interval option in [scheduler] has been renamed to scheduler_idle_sleep_time - the old setting has been used, but please update your config.
[2023-08-19T17:49:06.923-0400] {logging_mixin.py:137} INFO - [2023-08-19T17:49:06.923-0400] {dag.py:2690} INFO - Sync 1 DAGs
[2023-08-19T17:49:06.939-0400] {logging_mixin.py:137} INFO - [2023-08-19T17:49:06.939-0400] {dag.py:3437} INFO - Setting next_dagrun for example_nested_branch_dag to 2023-08-18T00:00:00+00:00, run_after=2023-08-19T00:00:00+00:00
[2023-08-19T17:49:06.958-0400] {processor.py:175} INFO - Processing /Users/admin/opt/anaconda3/envs/python-airflow-venv/lib/python3.10/site-packages/airflow/example_dags/example_nested_branch_dag.py took 0.938 seconds
[2023-08-19T17:51:17.525-0400] {logging_mixin.py:137} WARNING - /Users/admin/opt/anaconda3/envs/python-airflow-venv/lib/python3.10/site-packages/airflow/settings.py:337 DeprecationWarning: The sql_alchemy_pool_enabled option in [core] has been moved to the sql_alchemy_pool_enabled option in [database] - the old setting has been used, but please update your config.
[2023-08-19T17:51:17.529-0400] {logging_mixin.py:137} WARNING - /Users/admin/opt/anaconda3/envs/python-airflow-venv/lib/python3.10/site-packages/airflow/settings.py:400 DeprecationWarning: The sql_engine_encoding option in [core] has been moved to the sql_engine_encoding option in [database] - the old setting has been used, but please update your config.
[2023-08-19T17:51:17.530-0400] {processor.py:153} INFO - Started process (PID=3176) to work on /Users/admin/opt/anaconda3/envs/python-airflow-venv/lib/python3.10/site-packages/airflow/example_dags/example_nested_branch_dag.py
[2023-08-19T17:51:17.530-0400] {processor.py:743} INFO - Processing file /Users/admin/opt/anaconda3/envs/python-airflow-venv/lib/python3.10/site-packages/airflow/example_dags/example_nested_branch_dag.py for tasks to queue
[2023-08-19T17:51:17.530-0400] {logging_mixin.py:137} INFO - [2023-08-19T17:51:17.530-0400] {dagbag.py:538} INFO - Filling up the DagBag from /Users/admin/opt/anaconda3/envs/python-airflow-venv/lib/python3.10/site-packages/airflow/example_dags/example_nested_branch_dag.py
[2023-08-19T17:51:17.598-0400] {processor.py:753} INFO - DAG(s) dict_keys(['example_nested_branch_dag']) retrieved from /Users/admin/opt/anaconda3/envs/python-airflow-venv/lib/python3.10/site-packages/airflow/example_dags/example_nested_branch_dag.py
[2023-08-19T17:51:17.643-0400] {logging_mixin.py:137} WARNING - /Users/admin/opt/anaconda3/envs/python-airflow-venv/lib/python3.10/site-packages/airflow/jobs/scheduler_job.py:124 DeprecationWarning: The processor_poll_interval option in [scheduler] has been renamed to scheduler_idle_sleep_time - the old setting has been used, but please update your config.
[2023-08-19T17:51:18.243-0400] {logging_mixin.py:137} INFO - [2023-08-19T17:51:18.243-0400] {dag.py:2690} INFO - Sync 1 DAGs
[2023-08-19T17:51:18.259-0400] {logging_mixin.py:137} INFO - [2023-08-19T17:51:18.259-0400] {dag.py:3437} INFO - Setting next_dagrun for example_nested_branch_dag to 2023-08-18T00:00:00+00:00, run_after=2023-08-19T00:00:00+00:00
[2023-08-19T17:51:18.276-0400] {processor.py:175} INFO - Processing /Users/admin/opt/anaconda3/envs/python-airflow-venv/lib/python3.10/site-packages/airflow/example_dags/example_nested_branch_dag.py took 0.752 seconds
[2023-08-19T17:53:27.175-0400] {logging_mixin.py:137} WARNING - /Users/admin/opt/anaconda3/envs/python-airflow-venv/lib/python3.10/site-packages/airflow/settings.py:337 DeprecationWarning: The sql_alchemy_pool_enabled option in [core] has been moved to the sql_alchemy_pool_enabled option in [database] - the old setting has been used, but please update your config.
[2023-08-19T17:53:27.180-0400] {logging_mixin.py:137} WARNING - /Users/admin/opt/anaconda3/envs/python-airflow-venv/lib/python3.10/site-packages/airflow/settings.py:400 DeprecationWarning: The sql_engine_encoding option in [core] has been moved to the sql_engine_encoding option in [database] - the old setting has been used, but please update your config.
[2023-08-19T17:53:27.181-0400] {processor.py:153} INFO - Started process (PID=3237) to work on /Users/admin/opt/anaconda3/envs/python-airflow-venv/lib/python3.10/site-packages/airflow/example_dags/example_nested_branch_dag.py
[2023-08-19T17:53:27.181-0400] {processor.py:743} INFO - Processing file /Users/admin/opt/anaconda3/envs/python-airflow-venv/lib/python3.10/site-packages/airflow/example_dags/example_nested_branch_dag.py for tasks to queue
[2023-08-19T17:53:27.181-0400] {logging_mixin.py:137} INFO - [2023-08-19T17:53:27.181-0400] {dagbag.py:538} INFO - Filling up the DagBag from /Users/admin/opt/anaconda3/envs/python-airflow-venv/lib/python3.10/site-packages/airflow/example_dags/example_nested_branch_dag.py
[2023-08-19T17:53:27.249-0400] {processor.py:753} INFO - DAG(s) dict_keys(['example_nested_branch_dag']) retrieved from /Users/admin/opt/anaconda3/envs/python-airflow-venv/lib/python3.10/site-packages/airflow/example_dags/example_nested_branch_dag.py
[2023-08-19T17:53:27.298-0400] {logging_mixin.py:137} WARNING - /Users/admin/opt/anaconda3/envs/python-airflow-venv/lib/python3.10/site-packages/airflow/jobs/scheduler_job.py:124 DeprecationWarning: The processor_poll_interval option in [scheduler] has been renamed to scheduler_idle_sleep_time - the old setting has been used, but please update your config.
[2023-08-19T17:53:28.052-0400] {logging_mixin.py:137} INFO - [2023-08-19T17:53:28.052-0400] {dag.py:2690} INFO - Sync 1 DAGs
[2023-08-19T17:53:28.068-0400] {logging_mixin.py:137} INFO - [2023-08-19T17:53:28.068-0400] {dag.py:3437} INFO - Setting next_dagrun for example_nested_branch_dag to 2023-08-18T00:00:00+00:00, run_after=2023-08-19T00:00:00+00:00
[2023-08-19T17:53:28.086-0400] {processor.py:175} INFO - Processing /Users/admin/opt/anaconda3/envs/python-airflow-venv/lib/python3.10/site-packages/airflow/example_dags/example_nested_branch_dag.py took 0.911 seconds
[2023-08-19T17:55:36.932-0400] {logging_mixin.py:137} WARNING - /Users/admin/opt/anaconda3/envs/python-airflow-venv/lib/python3.10/site-packages/airflow/settings.py:337 DeprecationWarning: The sql_alchemy_pool_enabled option in [core] has been moved to the sql_alchemy_pool_enabled option in [database] - the old setting has been used, but please update your config.
[2023-08-19T17:55:36.936-0400] {logging_mixin.py:137} WARNING - /Users/admin/opt/anaconda3/envs/python-airflow-venv/lib/python3.10/site-packages/airflow/settings.py:400 DeprecationWarning: The sql_engine_encoding option in [core] has been moved to the sql_engine_encoding option in [database] - the old setting has been used, but please update your config.
[2023-08-19T17:55:36.937-0400] {processor.py:153} INFO - Started process (PID=3301) to work on /Users/admin/opt/anaconda3/envs/python-airflow-venv/lib/python3.10/site-packages/airflow/example_dags/example_nested_branch_dag.py
[2023-08-19T17:55:36.937-0400] {processor.py:743} INFO - Processing file /Users/admin/opt/anaconda3/envs/python-airflow-venv/lib/python3.10/site-packages/airflow/example_dags/example_nested_branch_dag.py for tasks to queue
[2023-08-19T17:55:36.938-0400] {logging_mixin.py:137} INFO - [2023-08-19T17:55:36.937-0400] {dagbag.py:538} INFO - Filling up the DagBag from /Users/admin/opt/anaconda3/envs/python-airflow-venv/lib/python3.10/site-packages/airflow/example_dags/example_nested_branch_dag.py
[2023-08-19T17:55:37.005-0400] {processor.py:753} INFO - DAG(s) dict_keys(['example_nested_branch_dag']) retrieved from /Users/admin/opt/anaconda3/envs/python-airflow-venv/lib/python3.10/site-packages/airflow/example_dags/example_nested_branch_dag.py
[2023-08-19T17:55:37.049-0400] {logging_mixin.py:137} WARNING - /Users/admin/opt/anaconda3/envs/python-airflow-venv/lib/python3.10/site-packages/airflow/jobs/scheduler_job.py:124 DeprecationWarning: The processor_poll_interval option in [scheduler] has been renamed to scheduler_idle_sleep_time - the old setting has been used, but please update your config.
[2023-08-19T17:55:37.663-0400] {logging_mixin.py:137} INFO - [2023-08-19T17:55:37.663-0400] {dag.py:2690} INFO - Sync 1 DAGs
[2023-08-19T17:55:37.679-0400] {logging_mixin.py:137} INFO - [2023-08-19T17:55:37.678-0400] {dag.py:3437} INFO - Setting next_dagrun for example_nested_branch_dag to 2023-08-18T00:00:00+00:00, run_after=2023-08-19T00:00:00+00:00
[2023-08-19T17:55:37.699-0400] {processor.py:175} INFO - Processing /Users/admin/opt/anaconda3/envs/python-airflow-venv/lib/python3.10/site-packages/airflow/example_dags/example_nested_branch_dag.py took 0.768 seconds
[2023-08-19T17:57:44.473-0400] {logging_mixin.py:137} WARNING - /Users/admin/opt/anaconda3/envs/python-airflow-venv/lib/python3.10/site-packages/airflow/settings.py:337 DeprecationWarning: The sql_alchemy_pool_enabled option in [core] has been moved to the sql_alchemy_pool_enabled option in [database] - the old setting has been used, but please update your config.
[2023-08-19T17:57:44.477-0400] {logging_mixin.py:137} WARNING - /Users/admin/opt/anaconda3/envs/python-airflow-venv/lib/python3.10/site-packages/airflow/settings.py:400 DeprecationWarning: The sql_engine_encoding option in [core] has been moved to the sql_engine_encoding option in [database] - the old setting has been used, but please update your config.
[2023-08-19T17:57:44.478-0400] {processor.py:153} INFO - Started process (PID=3362) to work on /Users/admin/opt/anaconda3/envs/python-airflow-venv/lib/python3.10/site-packages/airflow/example_dags/example_nested_branch_dag.py
[2023-08-19T17:57:44.478-0400] {processor.py:743} INFO - Processing file /Users/admin/opt/anaconda3/envs/python-airflow-venv/lib/python3.10/site-packages/airflow/example_dags/example_nested_branch_dag.py for tasks to queue
[2023-08-19T17:57:44.478-0400] {logging_mixin.py:137} INFO - [2023-08-19T17:57:44.478-0400] {dagbag.py:538} INFO - Filling up the DagBag from /Users/admin/opt/anaconda3/envs/python-airflow-venv/lib/python3.10/site-packages/airflow/example_dags/example_nested_branch_dag.py
[2023-08-19T17:57:44.547-0400] {processor.py:753} INFO - DAG(s) dict_keys(['example_nested_branch_dag']) retrieved from /Users/admin/opt/anaconda3/envs/python-airflow-venv/lib/python3.10/site-packages/airflow/example_dags/example_nested_branch_dag.py
[2023-08-19T17:57:44.591-0400] {logging_mixin.py:137} WARNING - /Users/admin/opt/anaconda3/envs/python-airflow-venv/lib/python3.10/site-packages/airflow/jobs/scheduler_job.py:124 DeprecationWarning: The processor_poll_interval option in [scheduler] has been renamed to scheduler_idle_sleep_time - the old setting has been used, but please update your config.
[2023-08-19T17:57:45.183-0400] {logging_mixin.py:137} INFO - [2023-08-19T17:57:45.183-0400] {dag.py:2690} INFO - Sync 1 DAGs
[2023-08-19T17:57:45.198-0400] {logging_mixin.py:137} INFO - [2023-08-19T17:57:45.198-0400] {dag.py:3437} INFO - Setting next_dagrun for example_nested_branch_dag to 2023-08-18T00:00:00+00:00, run_after=2023-08-19T00:00:00+00:00
[2023-08-19T17:57:45.215-0400] {processor.py:175} INFO - Processing /Users/admin/opt/anaconda3/envs/python-airflow-venv/lib/python3.10/site-packages/airflow/example_dags/example_nested_branch_dag.py took 0.743 seconds
[2023-08-19T17:59:55.564-0400] {logging_mixin.py:137} WARNING - /Users/admin/opt/anaconda3/envs/python-airflow-venv/lib/python3.10/site-packages/airflow/settings.py:337 DeprecationWarning: The sql_alchemy_pool_enabled option in [core] has been moved to the sql_alchemy_pool_enabled option in [database] - the old setting has been used, but please update your config.
[2023-08-19T17:59:55.569-0400] {logging_mixin.py:137} WARNING - /Users/admin/opt/anaconda3/envs/python-airflow-venv/lib/python3.10/site-packages/airflow/settings.py:400 DeprecationWarning: The sql_engine_encoding option in [core] has been moved to the sql_engine_encoding option in [database] - the old setting has been used, but please update your config.
[2023-08-19T17:59:55.569-0400] {processor.py:153} INFO - Started process (PID=3423) to work on /Users/admin/opt/anaconda3/envs/python-airflow-venv/lib/python3.10/site-packages/airflow/example_dags/example_nested_branch_dag.py
[2023-08-19T17:59:55.569-0400] {processor.py:743} INFO - Processing file /Users/admin/opt/anaconda3/envs/python-airflow-venv/lib/python3.10/site-packages/airflow/example_dags/example_nested_branch_dag.py for tasks to queue
[2023-08-19T17:59:55.570-0400] {logging_mixin.py:137} INFO - [2023-08-19T17:59:55.570-0400] {dagbag.py:538} INFO - Filling up the DagBag from /Users/admin/opt/anaconda3/envs/python-airflow-venv/lib/python3.10/site-packages/airflow/example_dags/example_nested_branch_dag.py
[2023-08-19T17:59:55.651-0400] {processor.py:753} INFO - DAG(s) dict_keys(['example_nested_branch_dag']) retrieved from /Users/admin/opt/anaconda3/envs/python-airflow-venv/lib/python3.10/site-packages/airflow/example_dags/example_nested_branch_dag.py
[2023-08-19T17:59:55.705-0400] {logging_mixin.py:137} WARNING - /Users/admin/opt/anaconda3/envs/python-airflow-venv/lib/python3.10/site-packages/airflow/jobs/scheduler_job.py:124 DeprecationWarning: The processor_poll_interval option in [scheduler] has been renamed to scheduler_idle_sleep_time - the old setting has been used, but please update your config.
[2023-08-19T17:59:56.373-0400] {logging_mixin.py:137} INFO - [2023-08-19T17:59:56.372-0400] {dag.py:2690} INFO - Sync 1 DAGs
[2023-08-19T17:59:56.393-0400] {logging_mixin.py:137} INFO - [2023-08-19T17:59:56.393-0400] {dag.py:3437} INFO - Setting next_dagrun for example_nested_branch_dag to 2023-08-18T00:00:00+00:00, run_after=2023-08-19T00:00:00+00:00
[2023-08-19T17:59:56.410-0400] {processor.py:175} INFO - Processing /Users/admin/opt/anaconda3/envs/python-airflow-venv/lib/python3.10/site-packages/airflow/example_dags/example_nested_branch_dag.py took 0.848 seconds
[2023-08-19T18:32:00.313-0400] {logging_mixin.py:137} WARNING - /Users/admin/opt/anaconda3/envs/python-airflow-venv/lib/python3.10/site-packages/airflow/settings.py:337 DeprecationWarning: The sql_alchemy_pool_enabled option in [core] has been moved to the sql_alchemy_pool_enabled option in [database] - the old setting has been used, but please update your config.
[2023-08-19T18:32:00.320-0400] {logging_mixin.py:137} WARNING - /Users/admin/opt/anaconda3/envs/python-airflow-venv/lib/python3.10/site-packages/airflow/settings.py:400 DeprecationWarning: The sql_engine_encoding option in [core] has been moved to the sql_engine_encoding option in [database] - the old setting has been used, but please update your config.
[2023-08-19T18:32:00.320-0400] {processor.py:153} INFO - Started process (PID=3813) to work on /Users/admin/opt/anaconda3/envs/python-airflow-venv/lib/python3.10/site-packages/airflow/example_dags/example_nested_branch_dag.py
[2023-08-19T18:32:00.320-0400] {processor.py:743} INFO - Processing file /Users/admin/opt/anaconda3/envs/python-airflow-venv/lib/python3.10/site-packages/airflow/example_dags/example_nested_branch_dag.py for tasks to queue
[2023-08-19T18:32:00.321-0400] {logging_mixin.py:137} INFO - [2023-08-19T18:32:00.321-0400] {dagbag.py:538} INFO - Filling up the DagBag from /Users/admin/opt/anaconda3/envs/python-airflow-venv/lib/python3.10/site-packages/airflow/example_dags/example_nested_branch_dag.py
[2023-08-19T18:32:00.401-0400] {processor.py:753} INFO - DAG(s) dict_keys(['example_nested_branch_dag']) retrieved from /Users/admin/opt/anaconda3/envs/python-airflow-venv/lib/python3.10/site-packages/airflow/example_dags/example_nested_branch_dag.py
[2023-08-19T18:32:00.451-0400] {logging_mixin.py:137} WARNING - /Users/admin/opt/anaconda3/envs/python-airflow-venv/lib/python3.10/site-packages/airflow/jobs/scheduler_job.py:124 DeprecationWarning: The processor_poll_interval option in [scheduler] has been renamed to scheduler_idle_sleep_time - the old setting has been used, but please update your config.
[2023-08-19T18:32:01.160-0400] {logging_mixin.py:137} INFO - [2023-08-19T18:32:01.160-0400] {dag.py:2690} INFO - Sync 1 DAGs
[2023-08-19T18:32:01.175-0400] {logging_mixin.py:137} INFO - [2023-08-19T18:32:01.175-0400] {dag.py:3437} INFO - Setting next_dagrun for example_nested_branch_dag to 2023-08-18T00:00:00+00:00, run_after=2023-08-19T00:00:00+00:00
[2023-08-19T18:32:01.193-0400] {processor.py:175} INFO - Processing /Users/admin/opt/anaconda3/envs/python-airflow-venv/lib/python3.10/site-packages/airflow/example_dags/example_nested_branch_dag.py took 0.882 seconds
[2023-08-19T18:34:28.220-0400] {logging_mixin.py:137} WARNING - /Users/admin/opt/anaconda3/envs/python-airflow-venv/lib/python3.10/site-packages/airflow/settings.py:337 DeprecationWarning: The sql_alchemy_pool_enabled option in [core] has been moved to the sql_alchemy_pool_enabled option in [database] - the old setting has been used, but please update your config.
[2023-08-19T18:34:28.227-0400] {logging_mixin.py:137} WARNING - /Users/admin/opt/anaconda3/envs/python-airflow-venv/lib/python3.10/site-packages/airflow/settings.py:400 DeprecationWarning: The sql_engine_encoding option in [core] has been moved to the sql_engine_encoding option in [database] - the old setting has been used, but please update your config.
[2023-08-19T18:34:28.228-0400] {processor.py:153} INFO - Started process (PID=3876) to work on /Users/admin/opt/anaconda3/envs/python-airflow-venv/lib/python3.10/site-packages/airflow/example_dags/example_nested_branch_dag.py
[2023-08-19T18:34:28.228-0400] {processor.py:743} INFO - Processing file /Users/admin/opt/anaconda3/envs/python-airflow-venv/lib/python3.10/site-packages/airflow/example_dags/example_nested_branch_dag.py for tasks to queue
[2023-08-19T18:34:28.228-0400] {logging_mixin.py:137} INFO - [2023-08-19T18:34:28.228-0400] {dagbag.py:538} INFO - Filling up the DagBag from /Users/admin/opt/anaconda3/envs/python-airflow-venv/lib/python3.10/site-packages/airflow/example_dags/example_nested_branch_dag.py
[2023-08-19T18:34:28.315-0400] {processor.py:753} INFO - DAG(s) dict_keys(['example_nested_branch_dag']) retrieved from /Users/admin/opt/anaconda3/envs/python-airflow-venv/lib/python3.10/site-packages/airflow/example_dags/example_nested_branch_dag.py
[2023-08-19T18:34:28.366-0400] {logging_mixin.py:137} WARNING - /Users/admin/opt/anaconda3/envs/python-airflow-venv/lib/python3.10/site-packages/airflow/jobs/scheduler_job.py:124 DeprecationWarning: The processor_poll_interval option in [scheduler] has been renamed to scheduler_idle_sleep_time - the old setting has been used, but please update your config.
[2023-08-19T18:34:29.079-0400] {logging_mixin.py:137} INFO - [2023-08-19T18:34:29.078-0400] {dag.py:2690} INFO - Sync 1 DAGs
[2023-08-19T18:34:29.095-0400] {logging_mixin.py:137} INFO - [2023-08-19T18:34:29.095-0400] {dag.py:3437} INFO - Setting next_dagrun for example_nested_branch_dag to 2023-08-18T00:00:00+00:00, run_after=2023-08-19T00:00:00+00:00
[2023-08-19T18:34:29.113-0400] {processor.py:175} INFO - Processing /Users/admin/opt/anaconda3/envs/python-airflow-venv/lib/python3.10/site-packages/airflow/example_dags/example_nested_branch_dag.py took 0.894 seconds
[2023-08-19T18:36:53.882-0400] {logging_mixin.py:137} WARNING - /Users/admin/opt/anaconda3/envs/python-airflow-venv/lib/python3.10/site-packages/airflow/settings.py:337 DeprecationWarning: The sql_alchemy_pool_enabled option in [core] has been moved to the sql_alchemy_pool_enabled option in [database] - the old setting has been used, but please update your config.
[2023-08-19T18:36:53.887-0400] {logging_mixin.py:137} WARNING - /Users/admin/opt/anaconda3/envs/python-airflow-venv/lib/python3.10/site-packages/airflow/settings.py:400 DeprecationWarning: The sql_engine_encoding option in [core] has been moved to the sql_engine_encoding option in [database] - the old setting has been used, but please update your config.
[2023-08-19T18:36:53.887-0400] {processor.py:153} INFO - Started process (PID=3947) to work on /Users/admin/opt/anaconda3/envs/python-airflow-venv/lib/python3.10/site-packages/airflow/example_dags/example_nested_branch_dag.py
[2023-08-19T18:36:53.887-0400] {processor.py:743} INFO - Processing file /Users/admin/opt/anaconda3/envs/python-airflow-venv/lib/python3.10/site-packages/airflow/example_dags/example_nested_branch_dag.py for tasks to queue
[2023-08-19T18:36:53.888-0400] {logging_mixin.py:137} INFO - [2023-08-19T18:36:53.888-0400] {dagbag.py:538} INFO - Filling up the DagBag from /Users/admin/opt/anaconda3/envs/python-airflow-venv/lib/python3.10/site-packages/airflow/example_dags/example_nested_branch_dag.py
[2023-08-19T18:36:53.957-0400] {processor.py:753} INFO - DAG(s) dict_keys(['example_nested_branch_dag']) retrieved from /Users/admin/opt/anaconda3/envs/python-airflow-venv/lib/python3.10/site-packages/airflow/example_dags/example_nested_branch_dag.py
[2023-08-19T18:36:54.001-0400] {logging_mixin.py:137} WARNING - /Users/admin/opt/anaconda3/envs/python-airflow-venv/lib/python3.10/site-packages/airflow/jobs/scheduler_job.py:124 DeprecationWarning: The processor_poll_interval option in [scheduler] has been renamed to scheduler_idle_sleep_time - the old setting has been used, but please update your config.
[2023-08-19T18:36:54.604-0400] {logging_mixin.py:137} INFO - [2023-08-19T18:36:54.604-0400] {dag.py:2690} INFO - Sync 1 DAGs
[2023-08-19T18:36:54.625-0400] {logging_mixin.py:137} INFO - [2023-08-19T18:36:54.625-0400] {dag.py:3437} INFO - Setting next_dagrun for example_nested_branch_dag to 2023-08-18T00:00:00+00:00, run_after=2023-08-19T00:00:00+00:00
[2023-08-19T18:36:54.645-0400] {processor.py:175} INFO - Processing /Users/admin/opt/anaconda3/envs/python-airflow-venv/lib/python3.10/site-packages/airflow/example_dags/example_nested_branch_dag.py took 0.764 seconds
[2023-08-19T18:38:58.754-0400] {logging_mixin.py:137} WARNING - /Users/admin/opt/anaconda3/envs/python-airflow-venv/lib/python3.10/site-packages/airflow/settings.py:337 DeprecationWarning: The sql_alchemy_pool_enabled option in [core] has been moved to the sql_alchemy_pool_enabled option in [database] - the old setting has been used, but please update your config.
[2023-08-19T18:38:58.759-0400] {logging_mixin.py:137} WARNING - /Users/admin/opt/anaconda3/envs/python-airflow-venv/lib/python3.10/site-packages/airflow/settings.py:400 DeprecationWarning: The sql_engine_encoding option in [core] has been moved to the sql_engine_encoding option in [database] - the old setting has been used, but please update your config.
[2023-08-19T18:38:58.760-0400] {processor.py:153} INFO - Started process (PID=4005) to work on /Users/admin/opt/anaconda3/envs/python-airflow-venv/lib/python3.10/site-packages/airflow/example_dags/example_nested_branch_dag.py
[2023-08-19T18:38:58.760-0400] {processor.py:743} INFO - Processing file /Users/admin/opt/anaconda3/envs/python-airflow-venv/lib/python3.10/site-packages/airflow/example_dags/example_nested_branch_dag.py for tasks to queue
[2023-08-19T18:38:58.760-0400] {logging_mixin.py:137} INFO - [2023-08-19T18:38:58.760-0400] {dagbag.py:538} INFO - Filling up the DagBag from /Users/admin/opt/anaconda3/envs/python-airflow-venv/lib/python3.10/site-packages/airflow/example_dags/example_nested_branch_dag.py
[2023-08-19T18:38:58.840-0400] {processor.py:753} INFO - DAG(s) dict_keys(['example_nested_branch_dag']) retrieved from /Users/admin/opt/anaconda3/envs/python-airflow-venv/lib/python3.10/site-packages/airflow/example_dags/example_nested_branch_dag.py
[2023-08-19T18:38:58.885-0400] {logging_mixin.py:137} WARNING - /Users/admin/opt/anaconda3/envs/python-airflow-venv/lib/python3.10/site-packages/airflow/jobs/scheduler_job.py:124 DeprecationWarning: The processor_poll_interval option in [scheduler] has been renamed to scheduler_idle_sleep_time - the old setting has been used, but please update your config.
[2023-08-19T18:38:59.500-0400] {logging_mixin.py:137} INFO - [2023-08-19T18:38:59.500-0400] {dag.py:2690} INFO - Sync 1 DAGs
[2023-08-19T18:38:59.516-0400] {logging_mixin.py:137} INFO - [2023-08-19T18:38:59.516-0400] {dag.py:3437} INFO - Setting next_dagrun for example_nested_branch_dag to 2023-08-18T00:00:00+00:00, run_after=2023-08-19T00:00:00+00:00
[2023-08-19T18:38:59.533-0400] {processor.py:175} INFO - Processing /Users/admin/opt/anaconda3/envs/python-airflow-venv/lib/python3.10/site-packages/airflow/example_dags/example_nested_branch_dag.py took 0.780 seconds
[2023-08-19T18:41:04.236-0400] {logging_mixin.py:137} WARNING - /Users/admin/opt/anaconda3/envs/python-airflow-venv/lib/python3.10/site-packages/airflow/settings.py:337 DeprecationWarning: The sql_alchemy_pool_enabled option in [core] has been moved to the sql_alchemy_pool_enabled option in [database] - the old setting has been used, but please update your config.
[2023-08-19T18:41:04.240-0400] {logging_mixin.py:137} WARNING - /Users/admin/opt/anaconda3/envs/python-airflow-venv/lib/python3.10/site-packages/airflow/settings.py:400 DeprecationWarning: The sql_engine_encoding option in [core] has been moved to the sql_engine_encoding option in [database] - the old setting has been used, but please update your config.
[2023-08-19T18:41:04.241-0400] {processor.py:153} INFO - Started process (PID=4103) to work on /Users/admin/opt/anaconda3/envs/python-airflow-venv/lib/python3.10/site-packages/airflow/example_dags/example_nested_branch_dag.py
[2023-08-19T18:41:04.241-0400] {processor.py:743} INFO - Processing file /Users/admin/opt/anaconda3/envs/python-airflow-venv/lib/python3.10/site-packages/airflow/example_dags/example_nested_branch_dag.py for tasks to queue
[2023-08-19T18:41:04.242-0400] {logging_mixin.py:137} INFO - [2023-08-19T18:41:04.242-0400] {dagbag.py:538} INFO - Filling up the DagBag from /Users/admin/opt/anaconda3/envs/python-airflow-venv/lib/python3.10/site-packages/airflow/example_dags/example_nested_branch_dag.py
[2023-08-19T18:41:04.318-0400] {processor.py:753} INFO - DAG(s) dict_keys(['example_nested_branch_dag']) retrieved from /Users/admin/opt/anaconda3/envs/python-airflow-venv/lib/python3.10/site-packages/airflow/example_dags/example_nested_branch_dag.py
[2023-08-19T18:41:04.365-0400] {logging_mixin.py:137} WARNING - /Users/admin/opt/anaconda3/envs/python-airflow-venv/lib/python3.10/site-packages/airflow/jobs/scheduler_job.py:124 DeprecationWarning: The processor_poll_interval option in [scheduler] has been renamed to scheduler_idle_sleep_time - the old setting has been used, but please update your config.
[2023-08-19T18:41:04.990-0400] {logging_mixin.py:137} INFO - [2023-08-19T18:41:04.989-0400] {dag.py:2690} INFO - Sync 1 DAGs
[2023-08-19T18:41:05.005-0400] {logging_mixin.py:137} INFO - [2023-08-19T18:41:05.005-0400] {dag.py:3437} INFO - Setting next_dagrun for example_nested_branch_dag to 2023-08-18T00:00:00+00:00, run_after=2023-08-19T00:00:00+00:00
[2023-08-19T18:41:05.022-0400] {processor.py:175} INFO - Processing /Users/admin/opt/anaconda3/envs/python-airflow-venv/lib/python3.10/site-packages/airflow/example_dags/example_nested_branch_dag.py took 0.788 seconds
